#----------------------------------------------------------------------------------
# Model fitting. Interating using:
#  - solver:            NLOpt:ln-neldermead
#  - differentiation:   Numerical differentiantion (forward)
#..........................................................................................................................................................................................
#  Minimum found with precision: |df|/f =  1.00000e-08 and |dx| =  1.00000e-05
#  Elapsed time: 00 days, 00:00:29.2194970
#  iteration            [001772]
#  function evaluations [001774]
#  gradient evaluations [000000]
#  degrees of freedom   [001692]
#  m2lnL     =     1491.18484408671 (     1464.7546   0.037110662      1.288587     1.9846347     2.8264548     1.5903224    0.98696215    0.81169872     1.1867913     15.717683 )
#  Fit parameters:
#     0.0118666530764628  -0.860334553512162   -0.915358250613949   -0.936433977891012   -1.0267846447682     -0.382348814158175   -1.83978046737482     0.137556217009555   -19.3438312003616    
#----------------------------------------------------------------------------------
# Restarting:              yes
#  - absolute improvement: 890.242071243213      
#  - relative improvement: 0.373827164509005     
#  - m2lnL_0  :            2381.42691532993      
#  - m2lnL_1  :            1491.18484408671      
#----------------------------------------------------------------------------------
# Model fitting. Interating using:
#  - solver:            NLOpt:ln-neldermead
#  - differentiation:   Numerical differentiantion (forward)
#..............................................................................................................................................................
#  Minimum found with precision: |df|/f =  1.00000e-08 and |dx| =  1.00000e-05
#  Elapsed time: 00 days, 00:00:30.3573740
#  iteration            [001490]
#  function evaluations [001492]
#  gradient evaluations [000000]
#  degrees of freedom   [001692]
#  m2lnL     =     1482.89328535864 (      1454.854  0.0077934775     1.2702739     1.4112733     3.3837781     1.0984209    0.92171424    0.46566183    0.92013528     18.560191 )
#  Fit parameters:
#    -0.0744445010170628   0.175625360318104   -0.991299525428883   -0.625153416607695   -0.781463321506832   -0.843955767072798   -0.794623111473029    0.0343498918604822  -19.3110548102193    
#----------------------------------------------------------------------------------
# Restarting:              yes
#  - absolute improvement: 8.29155872807451      
#  - relative improvement: 0.00556038291359696   
#  - m2lnL_1  :            1491.18484408671      
#  - m2lnL_2  :            1482.89328535864      
#----------------------------------------------------------------------------------
# Model fitting. Interating using:
#  - solver:            NLOpt:ln-neldermead
#  - differentiation:   Numerical differentiantion (forward)
#.........................
#  Minimum found with precision: |df|/f =  1.00000e-08 and |dx| =  1.00000e-05
#  Elapsed time: 00 days, 00:00:03.5337390
#  iteration            [000160]
#  function evaluations [000162]
#  gradient evaluations [000000]
#  degrees of freedom   [001692]
#  m2lnL     =     1482.89327715312 (     1454.8505  0.0079514714     1.2677316     1.4143081     3.3803518     1.0968031    0.92149761    0.46648528    0.92107155     18.566541 )
#  Fit parameters:
#    -0.074438091378487    0.176161481298603   -0.991327438386301   -0.624950485308571   -0.781140197522559   -0.844129898991195   -0.794271357152106    0.0343456109773026  -19.3110250091965    
#----------------------------------------------------------------------------------
# Restarting:              no
#  - absolute improvement: 8.20551872493525e-06  
#  - relative improvement: 5.53345193882292e-09  
#  - m2lnL_2  :            1482.89328535864      
#  - m2lnL_3  :            1482.89327715312      
#----------------------------------------------------------------------------------
# Data used:
#   - Pantheon+SH0ES Sample STAT+SYS (2022)
#   - 6dFGRS -- Beutler (2011), BAO Sample R-Dv
#   - SDSS-DR7-lowz -- Ross (2015), Empirical m2lnp
#   - SDSS DR12 (final consensus) -- Ross et al. (2016), arXiv:1607.03145; Alam
#        et al. (2016), arXiv:1607.03155; BAO Sample(D_t / r_sd, DH / r_sd) --
#        DR16 Compatible
#   - SDSS DR16 -- Alam et al., PRD 103, 083533 (2021); BAO LRG Sample(D_t /
#        r_sd, DH / r_sd)
#   - SDSS DR16 -- Alam et al., PRD 103, 083533 (2021); BAO QSO Sample(D_t /
#        r_sd, DH / r_sd)
#   - SDSS DR16 -- Alam et al., PRD 103, 083533 (2021) -- BAO ELG Sample,
#        Empirical m2lnp
#   - SDSS DR16 -- Alam et al., PRD 103, 083533 (2021) -- BAO Lyman alpha
#        autocorrelation Sample, Empirical m2lnp
#   - SDSS DR16 -- Alam et al., PRD 103, 083533 (2021) -- BAO Lyman alpha QSO
#        cross-correlation Sample, Empirical m2lnp
#   - Gomez-Valent 2018 -- arXiv:1802.01505
#----------------------------------------------------------------------------------
# Model[03000]:
#   - NcHICosmo : XCDM - Constant EOS
#----------------------------------------------------------------------------------
# Model parameters
#   -           H0[00]:  70                  [FIXED]
#   -       Omegac[01]:  0.25                [FIXED]
#   -       Omegak[02]: -0.074438091378487   [FREE]
#   -      Tgamma0[03]:  2.7245              [FIXED]
#   -           Yp[04]:  0.24                [FIXED]
#   -         ENnu[05]:  3.046               [FIXED]
#   -       Omegab[06]:  0.05                [FIXED]
#   -          w_0[07]:  0.176161481298603   [FREE]
#   -          w_1[08]: -0.991327438386301   [FREE]
#   -          w_2[09]: -0.624950485308571   [FREE]
#   -          w_3[10]: -0.781140197522559   [FREE]
#   -          w_4[11]: -0.844129898991195   [FREE]
#   -          w_5[12]: -0.794271357152106   [FREE]
#   -          w_6[13]:  0.0343456109773026  [FREE]
#----------------------------------------------------------------------------------
# Model[14000]:
#   - NcSNIADistCov : Supernovae Ia Distance Covariance
#----------------------------------------------------------------------------------
# Model parameters
#   -        alpha[00]:  0                   [FIXED]
#   -         beta[01]:  0                   [FIXED]
#   -           M1[02]: -19.3110250091965    [FREE]
#   -           M2[03]: -19.25               [FIXED]
#   - lnsigma_pecz[04]: -34.5387763949107    [FIXED]
#   - lnsigma_lens[05]: -34.5387763949107    [FIXED]
#----------------------------------------------------------------------------------
# NcmMSet parameters covariance matrix
#                                                  ----------------------------------------------------------------------------------------------------------------------------------------
# Omegak[03000:02] = -0.07444     +/-  0.09124     |  1           |  0.0597      | -0.6582      | -0.2265      | -0.2629      | -0.2956      | -0.5956      |  0.7888      | -0.1215      |
#    w_0[03000:07] =  0.1762      +/-  0.4218      |  0.0597      |  1           | -0.2594      |  0.6761      | -0.3267      |  0.01996     |  0.22        |  0.09852     |  0.8565      |
#    w_1[03000:08] = -0.9913      +/-  0.111       | -0.6582      | -0.2594      |  1           |  0.4034      | -0.2462      |  0.3151      |  0.4472      | -0.4485      | -0.122       |
#    w_2[03000:09] = -0.625       +/-  0.1779      | -0.2265      |  0.6761      |  0.4034      |  1           | -0.4523      |  0.07751     |  0.4149      | -0.1214      |  0.4951      |
#    w_3[03000:10] = -0.7811      +/-  0.2104      | -0.2629      | -0.3267      | -0.2462      | -0.4523      |  1           | -0.234       |  0.001233    | -0.3681      | -0.1367      |
#    w_4[03000:11] = -0.8441      +/-  0.3112      | -0.2956      |  0.01996     |  0.3151      |  0.07751     | -0.234       |  1           | -0.1659      |  0.1643      |  0.0539      |
#    w_5[03000:12] = -0.7943      +/-  0.2961      | -0.5956      |  0.22        |  0.4472      |  0.4149      |  0.001233    | -0.1659      |  1           | -0.8631      |  0.3173      |
#    w_6[03000:13] =  0.03435     +/-  0.0348      |  0.7888      |  0.09852     | -0.4485      | -0.1214      | -0.3681      |  0.1643      | -0.8631      |  1           | -0.06475     |
#     M1[14000:02] = -19.31       +/-  0.01553     | -0.1215      |  0.8565      | -0.122       |  0.4951      | -0.1367      |  0.0539      |  0.3173      | -0.06475     |  1           |
#                                                  ----------------------------------------------------------------------------------------------------------------------------------------
