#----------------------------------------------------------------------------------
# Model fitting. Interating using:
#  - solver:            NLOpt:ln-neldermead
#  - differentiation:   Numerical differentiantion (forward)
#..............................................................................................................................
#  Minimum found with precision: |df|/f =  1.00000e-08 and |dx| =  1.00000e-05
#  Elapsed time: 00 days, 00:00:22.5719050
#  iteration            [001178]
#  function evaluations [001180]
#  gradient evaluations [000000]
#  degrees of freedom   [001690]
#  m2lnL     =     1507.52089303906 (     1472.5637    0.34513276     3.9581772     3.4154791     7.1411496     3.4482122    0.99991237   0.041191873    0.11874976     15.489231 )
#  Fit parameters:
#    -0.121432173039801   -1.18884262905372    -1.03021239442854    -1.11020085683258    -0.825360907889438   -0.660327602204102   -1.256331486308      -0.361486466791842   -1.70675729602743    -1.48193885385288    -19.3660717557094    
#----------------------------------------------------------------------------------
# Restarting:              yes
#  - absolute improvement: 873.906022290863      
#  - relative improvement: 0.3669673911323       
#  - m2lnL_0  :            2381.42691532993      
#  - m2lnL_1  :            1507.52089303906      
#----------------------------------------------------------------------------------
# Model fitting. Interating using:
#  - solver:            NLOpt:ln-neldermead
#  - differentiation:   Numerical differentiantion (forward)
#.........................................................................................................................................................................................................................
#  Minimum found with precision: |df|/f =  1.00000e-08 and |dx| =  1.00000e-05
#  Elapsed time: 00 days, 00:00:50.7286460
#  iteration            [002080]
#  function evaluations [002082]
#  gradient evaluations [000000]
#  degrees of freedom   [001690]
#  m2lnL     =     1490.13009988651 (     1460.5745   0.075440769     2.6129792    0.32340673     4.8450977    0.88330541    0.61656435    0.67386637    0.56996555      18.95495 )
#  Fit parameters:
#    -0.102504578781237   -0.29857769255881    -1.14931171787113    -1.07661156515099    -0.682927288908924   -0.522228766538278   -1.9589766317296      0.287027728776398   -1.14806129089041     0.0703406049516173  -19.3266381890869    
#----------------------------------------------------------------------------------
# Restarting:              yes
#  - absolute improvement: 17.3907931525546      
#  - relative improvement: 0.0115360213134399    
#  - m2lnL_1  :            1507.52089303906      
#  - m2lnL_2  :            1490.13009988651      
#----------------------------------------------------------------------------------
# Model fitting. Interating using:
#  - solver:            NLOpt:ln-neldermead
#  - differentiation:   Numerical differentiantion (forward)
#....................................................................................................................................................................................................................
#  Minimum found with precision: |df|/f =  1.00000e-08 and |dx| =  1.00000e-05
#  Elapsed time: 00 days, 00:00:53.9284610
#  iteration            [002037]
#  function evaluations [002039]
#  gradient evaluations [000000]
#  degrees of freedom   [001690]
#  m2lnL     =     1482.59348584662 (     1452.6341   0.008858906     1.2327189     1.0305116     3.5762758    0.25860466    0.59995886    0.39833349    0.75162594     22.102536 )
#  Fit parameters:
#    -0.122869466113273    0.272164557626635   -0.885045684534216   -0.705435994536175   -0.75687570240942    -0.360758403130882   -2.03983856761127     0.0710085989140253  -0.531519418608399    0.0485930335309409  -19.3079756429332    
#----------------------------------------------------------------------------------
# Restarting:              yes
#  - absolute improvement: 7.53661403988758      
#  - relative improvement: 0.00505768861420998   
#  - m2lnL_2  :            1490.13009988651      
#  - m2lnL_3  :            1482.59348584662      
#----------------------------------------------------------------------------------
# Model fitting. Interating using:
#  - solver:            NLOpt:ln-neldermead
#  - differentiation:   Numerical differentiantion (forward)
#......................................................................................................................................................
#  Minimum found with precision: |df|/f =  1.00000e-08 and |dx| =  1.00000e-05
#  Elapsed time: 00 days, 00:00:35.4145580
#  iteration            [001414]
#  function evaluations [001416]
#  gradient evaluations [000000]
#  degrees of freedom   [001690]
#  m2lnL     =     1482.22878218111 (      1453.452  0.0083920619     1.2479682     1.1562236      3.626433    0.60760539    0.74834908    0.36359977    0.69675084      20.32142 )
#  Fit parameters:
#    -0.113658892725875    0.226329170736272   -0.919809324485596   -0.707519867593855   -0.684694713893596   -0.555985890912503   -1.52053220565752    -0.255381999229802   -0.628829505158269    0.041016665412796   -19.309142831063     
#----------------------------------------------------------------------------------
# Restarting:              yes
#  - absolute improvement: 0.364703665514753     
#  - relative improvement: 0.00024599033315359   
#  - m2lnL_3  :            1482.59348584662      
#  - m2lnL_4  :            1482.22878218111      
#----------------------------------------------------------------------------------
# Model fitting. Interating using:
#  - solver:            NLOpt:ln-neldermead
#  - differentiation:   Numerical differentiantion (forward)
#............................
#  Minimum found with precision: |df|/f =  1.00000e-08 and |dx| =  1.00000e-05
#  Elapsed time: 00 days, 00:00:04.7183310
#  iteration            [000191]
#  function evaluations [000193]
#  gradient evaluations [000000]
#  degrees of freedom   [001690]
#  m2lnL     =     1482.22878031471 (      1453.453  0.0084659024     1.2465079     1.1592368     3.6255399     0.6072541    0.74775539    0.36273323    0.69562659     20.322641 )
#  Fit parameters:
#    -0.11387665783835     0.226658258739682   -0.919741393800975   -0.707409163795576   -0.684610655811796   -0.555511935873091   -1.52065834999647    -0.254743388905525   -0.628282180194638    0.0409719818297929  -19.3091345567101    
#----------------------------------------------------------------------------------
# Restarting:              no
#  - absolute improvement: 1.86639340427064e-06  
#  - relative improvement: 1.25918038207586e-09  
#  - m2lnL_4  :            1482.22878218111      
#  - m2lnL_5  :            1482.22878031471      
#----------------------------------------------------------------------------------
# Data used:
#   - Pantheon+SH0ES Sample STAT+SYS (2022)
#   - 6dFGRS -- Beutler (2011), BAO Sample R-Dv
#   - SDSS-DR7-lowz -- Ross (2015), Empirical m2lnp
#   - SDSS DR12 (final consensus) -- Ross et al. (2016), arXiv:1607.03145; Alam
#        et al. (2016), arXiv:1607.03155; BAO Sample(D_t / r_sd, DH / r_sd) --
#        DR16 Compatible
#   - SDSS DR16 -- Alam et al., PRD 103, 083533 (2021); BAO LRG Sample(D_t /
#        r_sd, DH / r_sd)
#   - SDSS DR16 -- Alam et al., PRD 103, 083533 (2021); BAO QSO Sample(D_t /
#        r_sd, DH / r_sd)
#   - SDSS DR16 -- Alam et al., PRD 103, 083533 (2021) -- BAO ELG Sample,
#        Empirical m2lnp
#   - SDSS DR16 -- Alam et al., PRD 103, 083533 (2021) -- BAO Lyman alpha
#        autocorrelation Sample, Empirical m2lnp
#   - SDSS DR16 -- Alam et al., PRD 103, 083533 (2021) -- BAO Lyman alpha QSO
#        cross-correlation Sample, Empirical m2lnp
#   - Gomez-Valent 2018 -- arXiv:1802.01505
#----------------------------------------------------------------------------------
# Model[03000]:
#   - NcHICosmo : XCDM - Constant EOS
#----------------------------------------------------------------------------------
# Model parameters
#   -           H0[00]:  70                  [FIXED]
#   -       Omegac[01]:  0.25                [FIXED]
#   -       Omegak[02]: -0.11387665783835    [FREE]
#   -      Tgamma0[03]:  2.7245              [FIXED]
#   -           Yp[04]:  0.24                [FIXED]
#   -         ENnu[05]:  3.046               [FIXED]
#   -       Omegab[06]:  0.05                [FIXED]
#   -          w_0[07]:  0.226658258739682   [FREE]
#   -          w_1[08]: -0.919741393800975   [FREE]
#   -          w_2[09]: -0.707409163795576   [FREE]
#   -          w_3[10]: -0.684610655811796   [FREE]
#   -          w_4[11]: -0.555511935873091   [FREE]
#   -          w_5[12]: -1.52065834999647    [FREE]
#   -          w_6[13]: -0.254743388905525   [FREE]
#   -          w_7[14]: -0.628282180194638   [FREE]
#   -          w_8[15]:  0.0409719818297929  [FREE]
#----------------------------------------------------------------------------------
# Model[14000]:
#   - NcSNIADistCov : Supernovae Ia Distance Covariance
#----------------------------------------------------------------------------------
# Model parameters
#   -        alpha[00]:  0                   [FIXED]
#   -         beta[01]:  0                   [FIXED]
#   -           M1[02]: -19.3091345567101    [FREE]
#   -           M2[03]: -19.25               [FIXED]
#   - lnsigma_pecz[04]: -34.5387763949107    [FIXED]
#   - lnsigma_lens[05]: -34.5387763949107    [FIXED]
#----------------------------------------------------------------------------------
# NcmMSet parameters covariance matrix
#                                                  ----------------------------------------------------------------------------------------------------------------------------------------------------------------------
# Omegak[03000:02] = -0.1139      +/-  0.1036      |  1           | -0.02942     | -0.4969      | -0.2717      |  0.04934     | -0.3958      |  0.2454      | -0.443       | -0.4413      |  0.582       | -0.1769      |
#    w_0[03000:07] =  0.2267      +/-  0.5367      | -0.02942     |  1           |  0.4309      |  0.7453      | -0.4055      |  0.2189      | -0.1711      |  0.1391      |  0.2172      |  0.09882     |  0.8763      |
#    w_1[03000:08] = -0.9197      +/-  0.1931      | -0.4969      |  0.4309      |  1           |  0.7611      | -0.7383      |  0.5568      | -0.3908      |  0.415       |  0.3643      | -0.1265      |  0.336       |
#    w_2[03000:09] = -0.7074      +/-  0.2011      | -0.2717      |  0.7453      |  0.7611      |  1           | -0.3761      |  0.1267      | -0.1283      |  0.1787      |  0.2654      | -0.1058      |  0.5786      |
#    w_3[03000:10] = -0.6846      +/-  0.3125      |  0.04934     | -0.4055      | -0.7383      | -0.3761      |  1           | -0.6484      |  0.3709      | -0.2676      | -0.1486      | -0.1893      | -0.2484      |
#    w_4[03000:11] = -0.5555      +/-  0.4328      | -0.3958      |  0.2189      |  0.5568      |  0.1267      | -0.6484      |  1           | -0.7224      |  0.5808      |  0.3973      |  0.1053      |  0.1968      |
#    w_5[03000:12] = -1.521       +/-  0.9004      |  0.2454      | -0.1711      | -0.3908      | -0.1283      |  0.3709      | -0.7224      |  1           | -0.8289      | -0.4493      | -0.3294      | -0.1327      |
#    w_6[03000:13] = -0.2547      +/-  0.7022      | -0.443       |  0.1391      |  0.415       |  0.1787      | -0.2676      |  0.5808      | -0.8289      |  1           |  0.1768      |  0.316       |  0.1524      |
#    w_7[03000:14] = -0.6283      +/-  0.4361      | -0.4413      |  0.2172      |  0.3643      |  0.2654      | -0.1486      |  0.3973      | -0.4493      |  0.1768      |  1           | -0.5832      |  0.274       |
#    w_8[03000:15] =  0.04097     +/-  0.03202     |  0.582       |  0.09882     | -0.1265      | -0.1058      | -0.1893      |  0.1053      | -0.3294      |  0.316       | -0.5832      |  1           | -0.02375     |
#     M1[14000:02] = -19.31       +/-  0.01769     | -0.1769      |  0.8763      |  0.336       |  0.5786      | -0.2484      |  0.1968      | -0.1327      |  0.1524      |  0.274       | -0.02375     |  1           |
#                                                  ----------------------------------------------------------------------------------------------------------------------------------------------------------------------
