#----------------------------------------------------------------------------------
# Model fitting. Interating using:
#  - solver:            NLOpt:ln-neldermead
#  - differentiation:   Numerical differentiantion (forward)
#..............................................................................................
#  Minimum found with precision: |df|/f =  1.00000e-08 and |dx| =  1.00000e-05
#  Elapsed time: 00 days, 00:00:13.5810560
#  iteration            [000852]
#  function evaluations [000854]
#  gradient evaluations [000000]
#  degrees of freedom   [001693]
#  m2lnL     =     1511.17393429381 (     1473.1466    0.38025295     3.9551415     6.3919906     7.1288553     2.4168125    0.99966076    0.27372959     1.0835428     15.397329 )
#  Fit parameters:
#    -0.0665511677561868  -0.999220257126187   -0.955263213982291   -1.03365898001886    -0.969612133171945   -1.27538136719936    -0.710351625992607   -19.3616733679989    
#----------------------------------------------------------------------------------
# Restarting:              yes
#  - absolute improvement: 870.252981036113      
#  - relative improvement: 0.365433419532653     
#  - m2lnL_0  :            2381.42691532993      
#  - m2lnL_1  :            1511.17393429381      
#----------------------------------------------------------------------------------
# Model fitting. Interating using:
#  - solver:            NLOpt:ln-neldermead
#  - differentiation:   Numerical differentiantion (forward)
#.........................................................................................................................................
#  Minimum found with precision: |df|/f =  1.00000e-08 and |dx| =  1.00000e-05
#  Elapsed time: 00 days, 00:00:21.1551670
#  iteration            [001284]
#  function evaluations [001286]
#  gradient evaluations [000000]
#  degrees of freedom   [001693]
#  m2lnL     =     1509.41542321929 (      1473.898     0.3771317     3.9153694     5.3307964     6.7495268     3.5906938    0.95519118   0.034296122    0.37729445     14.187103 )
#  Fit parameters:
#    -0.0719325349137835  -0.990551643980859   -0.977302779716029   -1.02344048942994    -0.748720011033193   -1.26339744190548    -4.95034521775428    -19.3626597883486    
#----------------------------------------------------------------------------------
# Restarting:              yes
#  - absolute improvement: 1.75851107452399      
#  - relative improvement: 0.00116367218532377   
#  - m2lnL_1  :            1511.17393429381      
#  - m2lnL_2  :            1509.41542321929      
#----------------------------------------------------------------------------------
# Model fitting. Interating using:
#  - solver:            NLOpt:ln-neldermead
#  - differentiation:   Numerical differentiantion (forward)
#.............................................
#  Minimum found with precision: |df|/f =  1.00000e-08 and |dx| =  1.00000e-05
#  Elapsed time: 00 days, 00:00:05.8921110
#  iteration            [000364]
#  function evaluations [000366]
#  gradient evaluations [000000]
#  degrees of freedom   [001693]
#  m2lnL     =     1509.40632997664 (     1473.8499    0.37645558     3.9155925     5.3419445     6.7741688     3.6708075    0.95482367   0.031860654    0.32921563     14.161529 )
#  Fit parameters:
#    -0.0752709205424622  -0.989972595213737   -0.973209384606319   -1.02081897552864    -0.744018556469237   -1.24087046874772    -4.99379613116967    -19.36240713858      
#----------------------------------------------------------------------------------
# Restarting:              yes
#  - absolute improvement: 0.00909324265080613   
#  - relative improvement: 6.02434724789814e-06  
#  - m2lnL_2  :            1509.41542321929      
#  - m2lnL_3  :            1509.40632997664      
#----------------------------------------------------------------------------------
# Model fitting. Interating using:
#  - solver:            NLOpt:ln-neldermead
#  - differentiation:   Numerical differentiantion (forward)
#............................
#  Minimum found with precision: |df|/f =  1.00000e-08 and |dx| =  1.00000e-05
#  Elapsed time: 00 days, 00:00:03.1739560
#  iteration            [000197]
#  function evaluations [000199]
#  gradient evaluations [000000]
#  degrees of freedom   [001693]
#  m2lnL     =     1509.40571501528 (     1473.8799    0.37697003     3.9176226     5.3238399     6.7632225     3.6693261    0.95371252   0.033448322    0.33176405     14.155881 )
#  Fit parameters:
#    -0.0746059737682062  -0.990779319093655   -0.974540066713669   -1.02259407155549    -0.740827817154548   -1.25250419839919    -4.99934246642316    -19.3624006918895    
#----------------------------------------------------------------------------------
# Restarting:              no
#  - absolute improvement: 0.000614961358451183  
#  - relative improvement: 4.0741935835177e-07   
#  - m2lnL_3  :            1509.40632997664      
#  - m2lnL_4  :            1509.40571501528      
#----------------------------------------------------------------------------------
# Data used:
#   - Pantheon+SH0ES Sample STAT+SYS (2022)
#   - 6dFGRS -- Beutler (2011), BAO Sample R-Dv
#   - SDSS-DR7-lowz -- Ross (2015), Empirical m2lnp
#   - SDSS DR12 (final consensus) -- Ross et al. (2016), arXiv:1607.03145; Alam
#        et al. (2016), arXiv:1607.03155; BAO Sample(D_t / r_sd, DH / r_sd) --
#        DR16 Compatible
#   - SDSS DR16 -- Alam et al., PRD 103, 083533 (2021); BAO LRG Sample(D_t /
#        r_sd, DH / r_sd)
#   - SDSS DR16 -- Alam et al., PRD 103, 083533 (2021); BAO QSO Sample(D_t /
#        r_sd, DH / r_sd)
#   - SDSS DR16 -- Alam et al., PRD 103, 083533 (2021) -- BAO ELG Sample,
#        Empirical m2lnp
#   - SDSS DR16 -- Alam et al., PRD 103, 083533 (2021) -- BAO Lyman alpha
#        autocorrelation Sample, Empirical m2lnp
#   - SDSS DR16 -- Alam et al., PRD 103, 083533 (2021) -- BAO Lyman alpha QSO
#        cross-correlation Sample, Empirical m2lnp
#   - Gomez-Valent 2018 -- arXiv:1802.01505
#----------------------------------------------------------------------------------
# Model[03000]:
#   - NcHICosmo : XCDM - Constant EOS
#----------------------------------------------------------------------------------
# Model parameters
#   -           H0[00]:  70                  [FIXED]
#   -       Omegac[01]:  0.25                [FIXED]
#   -       Omegak[02]: -0.0746059737682062  [FREE]
#   -      Tgamma0[03]:  2.7245              [FIXED]
#   -           Yp[04]:  0.24                [FIXED]
#   -         ENnu[05]:  3.046               [FIXED]
#   -       Omegab[06]:  0.05                [FIXED]
#   -          w_0[07]: -0.990779319093655   [FREE]
#   -          w_1[08]: -0.974540066713669   [FREE]
#   -          w_2[09]: -1.02259407155549    [FREE]
#   -          w_3[10]: -0.740827817154548   [FREE]
#   -          w_4[11]: -1.25250419839919    [FREE]
#   -          w_5[12]: -4.99934246642316    [FREE]
#----------------------------------------------------------------------------------
# Model[14000]:
#   - NcSNIADistCov : Supernovae Ia Distance Covariance
#----------------------------------------------------------------------------------
# Model parameters
#   -        alpha[00]:  0                   [FIXED]
#   -         beta[01]:  0                   [FIXED]
#   -           M1[02]: -19.3624006918895    [FREE]
#   -           M2[03]: -19.25               [FIXED]
#   - lnsigma_pecz[04]: -34.5387763949107    [FIXED]
#   - lnsigma_lens[05]: -34.5387763949107    [FIXED]
#----------------------------------------------------------------------------------
# NcmMSet parameters covariance matrix
#                                                  -------------------------------------------------------------------------------------------------------------------------
# Omegak[03000:02] = -0.07461     +/-  0.06192     |  1           | -0.3226      | -0.5642      | -0.545       | -0.02593     | -0.5433      | -0.378       | -0.1599      |
#    w_0[03000:07] = -0.9908      +/-  0.329       | -0.3226      |  1           | -0.3492      |  0.633       | -0.4112      |  0.4201      | -0.1254      |  0.8019      |
#    w_1[03000:08] = -0.9745      +/-  0.09805     | -0.5642      | -0.3492      |  1           |  0.3106      | -0.184       |  0.4149      |  0.134       | -0.3329      |
#    w_2[03000:09] = -1.023       +/-  0.1743      | -0.545       |  0.633       |  0.3106      |  1           | -0.5722      |  0.5884      | -0.07739     |  0.2707      |
#    w_3[03000:10] = -0.7408      +/-  0.3132      | -0.02593     | -0.4112      | -0.184       | -0.5722      |  1           | -0.5152      |  0.423       | -0.2263      |
#    w_4[03000:11] = -1.253       +/-  0.7545      | -0.5433      |  0.4201      |  0.4149      |  0.5884      | -0.5152      |  1           | -0.3224      |  0.2245      |
#    w_5[03000:12] = -4.999       +/-  12.44       | -0.378       | -0.1254      |  0.134       | -0.07739     |  0.423       | -0.3224      |  1           | -0.09251     |
#     M1[14000:02] = -19.36       +/-  0.01144     | -0.1599      |  0.8019      | -0.3329      |  0.2707      | -0.2263      |  0.2245      | -0.09251     |  1           |
#                                                  -------------------------------------------------------------------------------------------------------------------------
