#----------------------------------------------------------------------------------
# Model fitting. Interating using:
#  - solver:            NLOpt:ln-neldermead
#  - differentiation:   Numerical differentiantion (forward)
#.......................................................................
#  Minimum found with precision: |df|/f =  1.00000e-08 and |dx| =  1.00000e-05
#  Elapsed time: 00 days, 00:00:09.1030730
#  iteration            [000626]
#  function evaluations [000628]
#  gradient evaluations [000000]
#  degrees of freedom   [001696]
#  m2lnL     =     1510.79088421494 (     1472.9829    0.32364051     3.6936472      6.180307     7.3536846     2.9224333    0.99791218    0.09521202    0.67506324     15.566098 )
#  Fit parameters:
#    -0.085723325452282   -0.97289431099572    -0.926502049890332   -1.89711802705576    -19.3641371427467    
#----------------------------------------------------------------------------------
# Restarting:              yes
#  - absolute improvement: 870.636031114987      
#  - relative improvement: 0.365594268507865     
#  - m2lnL_0  :            2381.42691532993      
#  - m2lnL_1  :            1510.79088421494      
#----------------------------------------------------------------------------------
# Model fitting. Interating using:
#  - solver:            NLOpt:ln-neldermead
#  - differentiation:   Numerical differentiantion (forward)
#..................
#  Minimum found with precision: |df|/f =  1.00000e-08 and |dx| =  1.00000e-05
#  Elapsed time: 00 days, 00:00:01.4064470
#  iteration            [000090]
#  function evaluations [000092]
#  gradient evaluations [000000]
#  degrees of freedom   [001696]
#  m2lnL     =     1510.79088421494 (     1472.9829    0.32364051     3.6936472      6.180307     7.3536846     2.9224333    0.99791218    0.09521202    0.67506324     15.566098 )
#  Fit parameters:
#    -0.085723325452282   -0.97289431099572    -0.926502049890332   -1.89711802705576    -19.3641371427467    
#----------------------------------------------------------------------------------
# Restarting:              no
#  - absolute improvement: 0                     
#  - relative improvement: 0                     
#  - m2lnL_1  :            1510.79088421494      
#  - m2lnL_2  :            1510.79088421494      
#----------------------------------------------------------------------------------
# Data used:
#   - Pantheon+SH0ES Sample STAT+SYS (2022)
#   - 6dFGRS -- Beutler (2011), BAO Sample R-Dv
#   - SDSS-DR7-lowz -- Ross (2015), Empirical m2lnp
#   - SDSS DR12 (final consensus) -- Ross et al. (2016), arXiv:1607.03145; Alam
#        et al. (2016), arXiv:1607.03155; BAO Sample(D_t / r_sd, DH / r_sd) --
#        DR16 Compatible
#   - SDSS DR16 -- Alam et al., PRD 103, 083533 (2021); BAO LRG Sample(D_t /
#        r_sd, DH / r_sd)
#   - SDSS DR16 -- Alam et al., PRD 103, 083533 (2021); BAO QSO Sample(D_t /
#        r_sd, DH / r_sd)
#   - SDSS DR16 -- Alam et al., PRD 103, 083533 (2021) -- BAO ELG Sample,
#        Empirical m2lnp
#   - SDSS DR16 -- Alam et al., PRD 103, 083533 (2021) -- BAO Lyman alpha
#        autocorrelation Sample, Empirical m2lnp
#   - SDSS DR16 -- Alam et al., PRD 103, 083533 (2021) -- BAO Lyman alpha QSO
#        cross-correlation Sample, Empirical m2lnp
#   - Gomez-Valent 2018 -- arXiv:1802.01505
#----------------------------------------------------------------------------------
# Model[03000]:
#   - NcHICosmo : XCDM - Constant EOS
#----------------------------------------------------------------------------------
# Model parameters
#   -           H0[00]:  70                  [FIXED]
#   -       Omegac[01]:  0.25                [FIXED]
#   -       Omegak[02]: -0.085723325452282   [FREE]
#   -      Tgamma0[03]:  2.7245              [FIXED]
#   -           Yp[04]:  0.24                [FIXED]
#   -         ENnu[05]:  3.046               [FIXED]
#   -       Omegab[06]:  0.05                [FIXED]
#   -          w_0[07]: -0.97289431099572    [FREE]
#   -          w_1[08]: -0.926502049890332   [FREE]
#   -          w_2[09]: -1.89711802705576    [FREE]
#----------------------------------------------------------------------------------
# Model[14000]:
#   - NcSNIADistCov : Supernovae Ia Distance Covariance
#----------------------------------------------------------------------------------
# Model parameters
#   -        alpha[00]:  0                   [FIXED]
#   -         beta[01]:  0                   [FIXED]
#   -           M1[02]: -19.3641371427467    [FREE]
#   -           M2[03]: -19.25               [FIXED]
#   - lnsigma_pecz[04]: -34.5387763949107    [FIXED]
#   - lnsigma_lens[05]: -34.5387763949107    [FIXED]
#----------------------------------------------------------------------------------
# NcmMSet parameters covariance matrix
#                                                  ----------------------------------------------------------------------------
# Omegak[03000:02] = -0.08572     +/-  0.06547     |  1           | -0.5906      | -0.8618      | -0.6782      | -0.1069      |
#    w_0[03000:07] = -0.9729      +/-  0.1094      | -0.5906      |  1           |  0.3739      |  0.7834      |  0.7244      |
#    w_1[03000:08] = -0.9265      +/-  0.05969     | -0.8618      |  0.3739      |  1           |  0.3419      |  0.1191      |
#    w_2[03000:09] = -1.897       +/-  1.288       | -0.6782      |  0.7834      |  0.3419      |  1           |  0.3481      |
#     M1[14000:02] = -19.36       +/-  0.008345    | -0.1069      |  0.7244      |  0.1191      |  0.3481      |  1           |
#                                                  ----------------------------------------------------------------------------
