#----------------------------------------------------------------------------------
# Model fitting. Interating using:
#  - solver:            NLOpt:ln-neldermead
#  - differentiation:   Numerical differentiantion (forward)
#...........................................................................................................................................................................................
#  Minimum found with precision: |df|/f =  1.00000e-08 and |dx| =  1.00000e-05
#  Elapsed time: 00 days, 00:00:41.7043430
#  iteration            [001787]
#  function evaluations [001789]
#  gradient evaluations [000000]
#  degrees of freedom   [001688]
#  m2lnL     =      1508.9589999721 (     1474.4175    0.24664608      3.769502     3.9397092     5.8744217      2.202488    0.99877386    0.29413687     1.1163139     16.099492 )
#  Fit parameters:
#    -0.0755013493428725  -1.75226324750839    -1.26224152481375    -1.21572220558581    -0.672383964055246   -1.0749572804423     -0.621612900592222   -1.30492767305772    -1.1729322003959     -1.2099857257059     -1.16112436901879    -0.893816072317949   -19.3762050879025    
#----------------------------------------------------------------------------------
# Restarting:              yes
#  - absolute improvement: 872.467915357827      
#  - relative improvement: 0.366363506577297     
#  - m2lnL_0  :            2381.42691532993      
#  - m2lnL_1  :            1508.9589999721       
#----------------------------------------------------------------------------------
# Model fitting. Interating using:
#  - solver:            NLOpt:ln-neldermead
#  - differentiation:   Numerical differentiantion (forward)
#...................................................................................................................................................................................................................................................................................
#  Minimum found with precision: |df|/f =  1.00000e-08 and |dx| =  1.00000e-05
#  Elapsed time: 00 days, 00:01:05.4996820
#  iteration            [002663]
#  function evaluations [002665]
#  gradient evaluations [000000]
#  degrees of freedom   [001688]
#  m2lnL     =     1488.14619852407 (     1459.2373  0.0042376406     1.7692441     1.0304067     3.5165932    0.52571525    0.45390221    0.52062392    0.66204569     20.426087 )
#  Fit parameters:
#    -0.1177275947265     -1.10266608065366    -1.25762871945799    -1.15568722052298    -0.540265198224225   -0.61292309161905    -0.178757229050386   -2.70819475984755    -0.195806162557014    0.159756322055499   -1.37501126405053     0.0402487753023459  -19.34267112259      
#----------------------------------------------------------------------------------
# Restarting:              yes
#  - absolute improvement: 20.8128014480274      
#  - relative improvement: 0.0137928210431246    
#  - m2lnL_1  :            1508.9589999721       
#  - m2lnL_2  :            1488.14619852407      
#----------------------------------------------------------------------------------
# Model fitting. Interating using:
#  - solver:            NLOpt:ln-neldermead
#  - differentiation:   Numerical differentiantion (forward)
#.............................................................................................................................................................................................................................................................................................................................................................................................................................................................................................................................................................................................................................................................................................................................................................................................................
#  Minimum found with precision: |df|/f =  1.00000e-08 and |dx| =  1.00000e-05
#  Elapsed time: 00 days, 00:03:27.5090350
#  iteration            [007726]
#  function evaluations [007728]
#  gradient evaluations [000000]
#  degrees of freedom   [001688]
#  m2lnL     =     1480.63255729702 (      1453.291  0.0090069114     1.2187693     1.0389243     4.0950957     1.0599169    0.41834066    0.47168744    0.88205991     18.147727 )
#  Fit parameters:
#    -0.122354553372286    0.330162826390615   -0.864269868517503   -0.712649817142439   -0.768805896204027   -0.677762841857589   -0.215202927906382   -2.56549655875843     0.999610422824678   -1.93441546640437     0.14072782498057    -0.0372376366225248  -19.3063636980449    
#----------------------------------------------------------------------------------
# Restarting:              yes
#  - absolute improvement: 7.51364122705354      
#  - relative improvement: 0.00504899399971958   
#  - m2lnL_2  :            1488.14619852407      
#  - m2lnL_3  :            1480.63255729702      
#----------------------------------------------------------------------------------
# Model fitting. Interating using:
#  - solver:            NLOpt:ln-neldermead
#  - differentiation:   Numerical differentiantion (forward)
#........................................
#  Minimum found with precision: |df|/f =  1.00000e-08 and |dx| =  1.00000e-05
#  Elapsed time: 00 days, 00:00:09.4871700
#  iteration            [000317]
#  function evaluations [000319]
#  gradient evaluations [000000]
#  degrees of freedom   [001688]
#  m2lnL     =      1480.6320153285 (     1453.3004  0.0093959395     1.2134039       1.04457     4.0961774     1.0540876      0.418351     0.4716956    0.88733449     18.136625 )
#  Fit parameters:
#    -0.121872535188129    0.328677259599195   -0.86400209645132    -0.712827790156279   -0.769511690451217   -0.67614634248868    -0.218811880931395   -2.56281775586427     0.999990768656395   -1.93414159184967     0.139965473604229   -0.0371508294068575  -19.3064416615345    
#----------------------------------------------------------------------------------
# Restarting:              no
#  - absolute improvement: 0.000541968513971369  
#  - relative improvement: 3.66038495709405e-07  
#  - m2lnL_3  :            1480.63255729702      
#  - m2lnL_4  :            1480.6320153285       
#----------------------------------------------------------------------------------
# Data used:
#   - Pantheon+SH0ES Sample STAT+SYS (2022)
#   - 6dFGRS -- Beutler (2011), BAO Sample R-Dv
#   - SDSS-DR7-lowz -- Ross (2015), Empirical m2lnp
#   - SDSS DR12 (final consensus) -- Ross et al. (2016), arXiv:1607.03145; Alam
#        et al. (2016), arXiv:1607.03155; BAO Sample(D_t / r_sd, DH / r_sd) --
#        DR16 Compatible
#   - SDSS DR16 -- Alam et al., PRD 103, 083533 (2021); BAO LRG Sample(D_t /
#        r_sd, DH / r_sd)
#   - SDSS DR16 -- Alam et al., PRD 103, 083533 (2021); BAO QSO Sample(D_t /
#        r_sd, DH / r_sd)
#   - SDSS DR16 -- Alam et al., PRD 103, 083533 (2021) -- BAO ELG Sample,
#        Empirical m2lnp
#   - SDSS DR16 -- Alam et al., PRD 103, 083533 (2021) -- BAO Lyman alpha
#        autocorrelation Sample, Empirical m2lnp
#   - SDSS DR16 -- Alam et al., PRD 103, 083533 (2021) -- BAO Lyman alpha QSO
#        cross-correlation Sample, Empirical m2lnp
#   - Gomez-Valent 2018 -- arXiv:1802.01505
#----------------------------------------------------------------------------------
# Model[03000]:
#   - NcHICosmo : XCDM - Constant EOS
#----------------------------------------------------------------------------------
# Model parameters
#   -           H0[00]:  70                  [FIXED]
#   -       Omegac[01]:  0.25                [FIXED]
#   -       Omegak[02]: -0.121872535188129   [FREE]
#   -      Tgamma0[03]:  2.7245              [FIXED]
#   -           Yp[04]:  0.24                [FIXED]
#   -         ENnu[05]:  3.046               [FIXED]
#   -       Omegab[06]:  0.05                [FIXED]
#   -          w_0[07]:  0.328677259599195   [FREE]
#   -          w_1[08]: -0.86400209645132    [FREE]
#   -          w_2[09]: -0.712827790156279   [FREE]
#   -          w_3[10]: -0.769511690451217   [FREE]
#   -          w_4[11]: -0.67614634248868    [FREE]
#   -          w_5[12]: -0.218811880931395   [FREE]
#   -          w_6[13]: -2.56281775586427    [FREE]
#   -          w_7[14]:  0.999990768656395   [FREE]
#   -          w_8[15]: -1.93414159184967    [FREE]
#   -          w_9[16]:  0.139965473604229   [FREE]
#   -         w_10[17]: -0.0371508294068575  [FREE]
#----------------------------------------------------------------------------------
# Model[14000]:
#   - NcSNIADistCov : Supernovae Ia Distance Covariance
#----------------------------------------------------------------------------------
# Model parameters
#   -        alpha[00]:  0                   [FIXED]
#   -         beta[01]:  0                   [FIXED]
#   -           M1[02]: -19.3064416615345    [FREE]
#   -           M2[03]: -19.25               [FIXED]
#   - lnsigma_pecz[04]: -34.5387763949107    [FIXED]
#   - lnsigma_lens[05]: -34.5387763949107    [FIXED]
#----------------------------------------------------------------------------------
# NcmMSet parameters covariance matrix
#                                                  ----------------------------------------------------------------------------------------------------------------------------------------------------------------------------------------------------
# Omegak[03000:02] = -0.1219      +/-  0.1082      |  1           |  0.02962     | -0.2619      | -0.2795      | -0.1085      | -0.06378     | -0.1716      | -0.04085     |  0.21        | -0.4214      |  0.2393      | -0.04506     | -0.1509      |
#    w_0[03000:07] =  0.3287      +/-  0.6525      |  0.02962     |  1           |  0.6652      |  0.6888      | -0.4957      |  0.1589      | -0.006024    |  0.009283    |  0.01043     | -0.01491     |  0.07357     | -0.001895    |  0.8806      |
#    w_1[03000:08] = -0.864       +/-  0.2785      | -0.2619      |  0.6652      |  1           |  0.7161      | -0.7556      |  0.2542      |  0.05472     |  0.01589     | -0.04015     |  0.08963     | -0.009478    | -0.007966    |  0.5032      |
#    w_2[03000:09] = -0.7128      +/-  0.2163      | -0.2795      |  0.6888      |  0.7161      |  1           | -0.1463      | -0.2628      |  0.1964      | -0.1066      |  0.03959     |  0.05505     |  0.05725     | -0.07309     |  0.5797      |
#    w_3[03000:10] = -0.7695      +/-  0.4535      | -0.1085      | -0.4957      | -0.7556      | -0.1463      |  1           | -0.5101      |  0.02228     | -0.02228     | -0.02876     |  0.07147     | -0.05311     |  0.0217      | -0.3021      |
#    w_4[03000:11] = -0.6761      +/-  0.3953      | -0.06378     |  0.1589      |  0.2542      | -0.2628      | -0.5101      |  1           | -0.5399      |  0.3494      | -0.2938      |  0.2242      | -0.2238      |  0.2584      |  0.116       |
#    w_5[03000:12] = -0.2188      +/-  0.6016      | -0.1716      | -0.006024    |  0.05472     |  0.1964      |  0.02228     | -0.5399      |  1           | -0.8001      |  0.5725      | -0.3448      |  0.423       | -0.5349      |  0.0278      |
#    w_6[03000:13] = -2.563       +/-  1.395       | -0.04085     |  0.009283    |  0.01589     | -0.1066      | -0.02228     |  0.3494      | -0.8001      |  1           | -0.7904      |  0.518       | -0.5702      |  0.6676      |  0.01906     |
#    w_7[03000:14] =  1           +/-  1.862       |  0.21        |  0.01043     | -0.04015     |  0.03959     | -0.02876     | -0.2938      |  0.5725      | -0.7904      |  1           | -0.8947      |  0.8351      | -0.9089      | -0.02844     |
#    w_8[03000:15] = -1.934       +/-  2.325       | -0.4214      | -0.01491     |  0.08963     |  0.05505     |  0.07147     |  0.2242      | -0.3448      |  0.518       | -0.8947      |  1           | -0.9191      |  0.8902      |  0.06426     |
#    w_9[03000:16] =  0.14        +/-  1.336       |  0.2393      |  0.07357     | -0.009478    |  0.05725     | -0.05311     | -0.2238      |  0.423       | -0.5702      |  0.8351      | -0.9191      |  1           | -0.9552      |  0.03568     |
#   w_10[03000:17] = -0.03715     +/-  0.08424     | -0.04506     | -0.001895    | -0.007966    | -0.07309     |  0.0217      |  0.2584      | -0.5349      |  0.6676      | -0.9089      |  0.8902      | -0.9552      |  1           |  0.0109      |
#     M1[14000:02] = -19.31       +/-  0.01931     | -0.1509      |  0.8806      |  0.5032      |  0.5797      | -0.3021      |  0.116       |  0.0278      |  0.01906     | -0.02844     |  0.06426     |  0.03568     |  0.0109      |  1           |
#                                                  ----------------------------------------------------------------------------------------------------------------------------------------------------------------------------------------------------
