#----------------------------------------------------------------------------------
# Model fitting. Interating using:
#  - solver:            NLOpt:ln-neldermead
#  - differentiation:   Numerical differentiantion (forward)
#..................................................................................................
#  Minimum found with precision: |df|/f =  1.00000e-08 and |dx| =  1.00000e-05
#  Elapsed time: 00 days, 00:00:16.5404340
#  iteration            [000895]
#  function evaluations [000897]
#  gradient evaluations [000000]
#  degrees of freedom   [001694]
#  m2lnL     =     1510.46524805779 (     1472.2912    0.44897677     4.0311901     6.3206815      7.279454     2.7976038    0.98488557    0.16644107     0.7729479     15.371892 )
#  Fit parameters:
#    -0.0600941947180455  -0.850105990097782   -0.999897513664595   -0.93707208139153    -1.17403857893136    -1.51750881483573    -19.3593167557715    
#----------------------------------------------------------------------------------
# Restarting:              yes
#  - absolute improvement: 870.961667272133      
#  - relative improvement: 0.365731008440991     
#  - m2lnL_0  :            2381.42691532993      
#  - m2lnL_1  :            1510.46524805779      
#----------------------------------------------------------------------------------
# Model fitting. Interating using:
#  - solver:            NLOpt:ln-neldermead
#  - differentiation:   Numerical differentiantion (forward)
#........................................................................................
#  Minimum found with precision: |df|/f =  1.00000e-08 and |dx| =  1.00000e-05
#  Elapsed time: 00 days, 00:00:14.9112890
#  iteration            [000792]
#  function evaluations [000794]
#  gradient evaluations [000000]
#  degrees of freedom   [001694]
#  m2lnL     =     1509.67099578981 (     1472.4633    0.43672073     4.0076867      5.949516     7.3042831     3.5511336    0.97571789    0.01565469    0.32653368     14.640409 )
#  Fit parameters:
#    -0.0870042766484518  -0.856585589900344   -0.974265834880606   -0.918542881377102   -0.881252744434611   -4.99962655404151    -19.359636856221     
#----------------------------------------------------------------------------------
# Restarting:              yes
#  - absolute improvement: 0.794252267979346     
#  - relative improvement: 0.000525832864410897  
#  - m2lnL_1  :            1510.46524805779      
#  - m2lnL_2  :            1509.67099578981      
#----------------------------------------------------------------------------------
# Model fitting. Interating using:
#  - solver:            NLOpt:ln-neldermead
#  - differentiation:   Numerical differentiantion (forward)
#....................
#  Minimum found with precision: |df|/f =  1.00000e-08 and |dx| =  1.00000e-05
#  Elapsed time: 00 days, 00:00:02.1335250
#  iteration            [000112]
#  function evaluations [000114]
#  gradient evaluations [000000]
#  degrees of freedom   [001694]
#  m2lnL     =     1509.67097299908 (     1472.4636    0.43646816     4.0070747     5.9503565     7.3042384      3.547432    0.97587201   0.016274894     0.3252458     14.644395 )
#  Fit parameters:
#    -0.087008282306827   -0.856842869392162   -0.974145002229405   -0.918631233636758   -0.882260305953274   -5                   -19.3596683484381    
#----------------------------------------------------------------------------------
# Restarting:              no
#  - absolute improvement: 2.27907355565549e-05  
#  - relative improvement: 1.50964916330206e-08  
#  - m2lnL_2  :            1509.67099578981      
#  - m2lnL_3  :            1509.67097299908      
#----------------------------------------------------------------------------------
# Data used:
#   - Pantheon+SH0ES Sample STAT+SYS (2022)
#   - 6dFGRS -- Beutler (2011), BAO Sample R-Dv
#   - SDSS-DR7-lowz -- Ross (2015), Empirical m2lnp
#   - SDSS DR12 (final consensus) -- Ross et al. (2016), arXiv:1607.03145; Alam
#        et al. (2016), arXiv:1607.03155; BAO Sample(D_t / r_sd, DH / r_sd) --
#        DR16 Compatible
#   - SDSS DR16 -- Alam et al., PRD 103, 083533 (2021); BAO LRG Sample(D_t /
#        r_sd, DH / r_sd)
#   - SDSS DR16 -- Alam et al., PRD 103, 083533 (2021); BAO QSO Sample(D_t /
#        r_sd, DH / r_sd)
#   - SDSS DR16 -- Alam et al., PRD 103, 083533 (2021) -- BAO ELG Sample,
#        Empirical m2lnp
#   - SDSS DR16 -- Alam et al., PRD 103, 083533 (2021) -- BAO Lyman alpha
#        autocorrelation Sample, Empirical m2lnp
#   - SDSS DR16 -- Alam et al., PRD 103, 083533 (2021) -- BAO Lyman alpha QSO
#        cross-correlation Sample, Empirical m2lnp
#   - Gomez-Valent 2018 -- arXiv:1802.01505
#----------------------------------------------------------------------------------
# Model[03000]:
#   - NcHICosmo : XCDM - Constant EOS
#----------------------------------------------------------------------------------
# Model parameters
#   -           H0[00]:  70                  [FIXED]
#   -       Omegac[01]:  0.25                [FIXED]
#   -       Omegak[02]: -0.087008282306827   [FREE]
#   -      Tgamma0[03]:  2.7245              [FIXED]
#   -           Yp[04]:  0.24                [FIXED]
#   -         ENnu[05]:  3.046               [FIXED]
#   -       Omegab[06]:  0.05                [FIXED]
#   -          w_0[07]: -0.856842869392162   [FREE]
#   -          w_1[08]: -0.974145002229405   [FREE]
#   -          w_2[09]: -0.918631233636758   [FREE]
#   -          w_3[10]: -0.882260305953274   [FREE]
#   -          w_4[11]: -5                   [FREE]
#----------------------------------------------------------------------------------
# Model[14000]:
#   - NcSNIADistCov : Supernovae Ia Distance Covariance
#----------------------------------------------------------------------------------
# Model parameters
#   -        alpha[00]:  0                   [FIXED]
#   -         beta[01]:  0                   [FIXED]
#   -           M1[02]: -19.3596683484381    [FREE]
#   -           M2[03]: -19.25               [FIXED]
#   - lnsigma_pecz[04]: -34.5387763949107    [FIXED]
#   - lnsigma_lens[05]: -34.5387763949107    [FIXED]
#----------------------------------------------------------------------------------
# NcmMSet parameters covariance matrix
#                                                  ----------------------------------------------------------------------------------------------------------
# Omegak[03000:02] = -0.08701     +/-  0.0638      |  1           | -0.2354      | -0.5954      | -0.5598      | -0.4026      | -0.3379      | -0.09309     |
#    w_0[03000:07] = -0.8568      +/-  0.2256      | -0.2354      |  1           | -0.5503      |  0.3989      | -0.07538     |  0.505       |  0.8019      |
#    w_1[03000:08] = -0.9741      +/-  0.09638     | -0.5954      | -0.5503      |  1           |  0.1163      |  0.2499      | -0.05294     | -0.3753      |
#    w_2[03000:09] = -0.9186      +/-  0.1134      | -0.5598      |  0.3989      |  0.1163      |  1           | -0.0489      |  0.589       |  0.0771      |
#    w_3[03000:10] = -0.8823      +/-  0.3557      | -0.4026      | -0.07538     |  0.2499      | -0.0489      |  1           | -0.565       | -0.01109     |
#    w_4[03000:11] = -5           +/-  9.817       | -0.3379      |  0.505       | -0.05294     |  0.589       | -0.565       |  1           |  0.234       |
#     M1[14000:02] = -19.36       +/-  0.01047     | -0.09309     |  0.8019      | -0.3753      |  0.0771      | -0.01109     |  0.234       |  1           |
#                                                  ----------------------------------------------------------------------------------------------------------
