#----------------------------------------------------------------------------------
# Model fitting. Interating using:
#  - solver:            NLOpt:ln-neldermead
#  - differentiation:   Numerical differentiantion (forward)
#..............................................................................
#  Minimum found with precision: |df|/f =  1.00000e-08 and |dx| =  1.00000e-05
#  Elapsed time: 00 days, 00:00:11.6308480
#  iteration            [000698]
#  function evaluations [000700]
#  gradient evaluations [000000]
#  degrees of freedom   [001695]
#  m2lnL     =     1510.34654692149 (     1471.8617    0.41193964     3.9575063     6.2057148     7.6830812     3.7252811    0.99326505 -0.0022586814    0.39942147     15.110944 )
#  Fit parameters:
#    -0.117063053474747   -0.868572887097123   -0.930210381171717   -0.876248476234427   -2.6047572383456     -19.3600399745595    
#----------------------------------------------------------------------------------
# Restarting:              yes
#  - absolute improvement: 871.080368408437      
#  - relative improvement: 0.365780852984        
#  - m2lnL_0  :            2381.42691532993      
#  - m2lnL_1  :            1510.34654692149      
#----------------------------------------------------------------------------------
# Model fitting. Interating using:
#  - solver:            NLOpt:ln-neldermead
#  - differentiation:   Numerical differentiantion (forward)
#..........................................................
#  Minimum found with precision: |df|/f =  1.00000e-08 and |dx| =  1.00000e-05
#  Elapsed time: 00 days, 00:00:08.6493030
#  iteration            [000492]
#  function evaluations [000494]
#  gradient evaluations [000000]
#  degrees of freedom   [001695]
#  m2lnL     =     1509.67147752231 (     1472.4669    0.43966668     4.0144775     5.9463752     7.3001466     3.5456514    0.97496228   0.017474942    0.32858803     14.637232 )
#  Fit parameters:
#    -0.0860987434032408  -0.853739155820781   -0.976389753392346   -0.848529914358429   -4.99962477649785    -19.3595629223444    
#----------------------------------------------------------------------------------
# Restarting:              yes
#  - absolute improvement: 0.675069399182348     
#  - relative improvement: 0.000446963248638751  
#  - m2lnL_1  :            1510.34654692149      
#  - m2lnL_2  :            1509.67147752231      
#----------------------------------------------------------------------------------
# Model fitting. Interating using:
#  - solver:            NLOpt:ln-neldermead
#  - differentiation:   Numerical differentiantion (forward)
#...................
#  Minimum found with precision: |df|/f =  1.00000e-08 and |dx| =  1.00000e-05
#  Elapsed time: 00 days, 00:00:01.8641100
#  iteration            [000102]
#  function evaluations [000104]
#  gradient evaluations [000000]
#  degrees of freedom   [001695]
#  m2lnL     =     1509.67144340347 (     1472.4598    0.43999267     4.0153582     5.9469711     7.3034245      3.553317    0.97487713    0.01727845    0.32481693     14.635586 )
#  Fit parameters:
#    -0.0863944290636458  -0.853265576519868   -0.97619693587787    -0.84791208581566    -4.99990242624825    -19.3595292102779    
#----------------------------------------------------------------------------------
# Restarting:              no
#  - absolute improvement: 3.4118837902497e-05   
#  - relative improvement: 2.26001738858399e-08  
#  - m2lnL_2  :            1509.67147752231      
#  - m2lnL_3  :            1509.67144340347      
#----------------------------------------------------------------------------------
# Data used:
#   - Pantheon+SH0ES Sample STAT+SYS (2022)
#   - 6dFGRS -- Beutler (2011), BAO Sample R-Dv
#   - SDSS-DR7-lowz -- Ross (2015), Empirical m2lnp
#   - SDSS DR12 (final consensus) -- Ross et al. (2016), arXiv:1607.03145; Alam
#        et al. (2016), arXiv:1607.03155; BAO Sample(D_t / r_sd, DH / r_sd) --
#        DR16 Compatible
#   - SDSS DR16 -- Alam et al., PRD 103, 083533 (2021); BAO LRG Sample(D_t /
#        r_sd, DH / r_sd)
#   - SDSS DR16 -- Alam et al., PRD 103, 083533 (2021); BAO QSO Sample(D_t /
#        r_sd, DH / r_sd)
#   - SDSS DR16 -- Alam et al., PRD 103, 083533 (2021) -- BAO ELG Sample,
#        Empirical m2lnp
#   - SDSS DR16 -- Alam et al., PRD 103, 083533 (2021) -- BAO Lyman alpha
#        autocorrelation Sample, Empirical m2lnp
#   - SDSS DR16 -- Alam et al., PRD 103, 083533 (2021) -- BAO Lyman alpha QSO
#        cross-correlation Sample, Empirical m2lnp
#   - Gomez-Valent 2018 -- arXiv:1802.01505
#----------------------------------------------------------------------------------
# Model[03000]:
#   - NcHICosmo : XCDM - Constant EOS
#----------------------------------------------------------------------------------
# Model parameters
#   -           H0[00]:  70                  [FIXED]
#   -       Omegac[01]:  0.25                [FIXED]
#   -       Omegak[02]: -0.0863944290636458  [FREE]
#   -      Tgamma0[03]:  2.7245              [FIXED]
#   -           Yp[04]:  0.24                [FIXED]
#   -         ENnu[05]:  3.046               [FIXED]
#   -       Omegab[06]:  0.05                [FIXED]
#   -          w_0[07]: -0.853265576519868   [FREE]
#   -          w_1[08]: -0.97619693587787    [FREE]
#   -          w_2[09]: -0.84791208581566    [FREE]
#   -          w_3[10]: -4.99990242624825    [FREE]
#----------------------------------------------------------------------------------
# Model[14000]:
#   - NcSNIADistCov : Supernovae Ia Distance Covariance
#----------------------------------------------------------------------------------
# Model parameters
#   -        alpha[00]:  0                   [FIXED]
#   -         beta[01]:  0                   [FIXED]
#   -           M1[02]: -19.3595292102779    [FREE]
#   -           M2[03]: -19.25               [FIXED]
#   - lnsigma_pecz[04]: -34.5387763949107    [FIXED]
#   - lnsigma_lens[05]: -34.5387763949107    [FIXED]
#----------------------------------------------------------------------------------
# NcmMSet parameters covariance matrix
#                                                  -------------------------------------------------------------------------------------------
# Omegak[03000:02] = -0.08639     +/-  0.06332     |  1           | -0.2193      | -0.7192      | -0.4031      | -0.5286      | -0.05281     |
#    w_0[03000:07] = -0.8533      +/-  0.1567      | -0.2193      |  1           | -0.3865      |  0.5037      | -0.427       |  0.8104      |
#    w_1[03000:08] = -0.9762      +/-  0.08734     | -0.7192      | -0.3865      |  1           | -0.1077      |  0.8019      | -0.2463      |
#    w_2[03000:09] = -0.8479      +/-  0.1621      | -0.4031      |  0.5037      | -0.1077      |  1           | -0.4137      |  0.1797      |
#    w_3[03000:10] = -5           +/-  4.544       | -0.5286      | -0.427       |  0.8019      | -0.4137      |  1           | -0.2839      |
#     M1[14000:02] = -19.36       +/-  0.009609    | -0.05281     |  0.8104      | -0.2463      |  0.1797      | -0.2839      |  1           |
#                                                  -------------------------------------------------------------------------------------------
