#----------------------------------------------------------------------------------
# Model fitting. Interating using:
#  - solver:            NLOpt:ln-neldermead
#  - differentiation:   Numerical differentiantion (forward)
#...................................................................................................................................................................
#  Minimum found with precision: |df|/f =  1.00000e-08 and |dx| =  1.00000e-05
#  Elapsed time: 00 days, 00:00:26.3142640
#  iteration            [001540]
#  function evaluations [001542]
#  gradient evaluations [000000]
#  degrees of freedom   [001691]
#  m2lnL     =     1499.09131186897 (     1457.4723   0.024312834     2.1764817      1.986215     3.8585724     2.2106756    0.97633857     5.2722195      7.145803     17.968437 )
#  Fit parameters:
#     70.9842565872796     0.294844953283412   -0.465846983567045   -1.1401972529922     -1.06240912547287    -1.36104042245908    -0.86465305609634    -1.86751374065931    -1.05196652953111    -19.3078845146851    
#----------------------------------------------------------------------------------
# Restarting:              yes
#  - absolute improvement: 882.335603460961      
#  - relative improvement: 0.37050710974211      
#  - m2lnL_0  :            2381.42691532993      
#  - m2lnL_1  :            1499.09131186897      
#----------------------------------------------------------------------------------
# Model fitting. Interating using:
#  - solver:            NLOpt:ln-neldermead
#  - differentiation:   Numerical differentiantion (forward)
#......................................................................................................................
#  Minimum found with precision: |df|/f =  1.00000e-08 and |dx| =  1.00000e-05
#  Elapsed time: 00 days, 00:00:19.9437270
#  iteration            [001092]
#  function evaluations [001094]
#  gradient evaluations [000000]
#  degrees of freedom   [001691]
#  m2lnL     =     1482.79410354674 (     1452.6541   0.019551832     1.2666567     1.3798575     2.3446526    0.72339689    0.97409797     1.0623142     1.8701784     20.499285 )
#  Fit parameters:
#     71.4487439026751     0.270995110622218   -0.440981852940074   -1.07062235098606    -0.883675129255184   -0.882086127402481   -1.04838080968835    -3.08987986203062     0.234696218743124   -19.2908364778441    
#----------------------------------------------------------------------------------
# Restarting:              yes
#  - absolute improvement: 16.2972083222289      
#  - relative improvement: 0.0108713913510116    
#  - m2lnL_1  :            1499.09131186897      
#  - m2lnL_2  :            1482.79410354674      
#----------------------------------------------------------------------------------
# Model fitting. Interating using:
#  - solver:            NLOpt:ln-neldermead
#  - differentiation:   Numerical differentiantion (forward)
#.................................................................................................................................................................................................................................................................................................................................................................................................................................................................................................................
#  Minimum found with precision: |df|/f =  1.00000e-08 and |dx| =  1.00000e-05
#  Elapsed time: 00 days, 00:01:31.8929100
#  iteration            [004884]
#  function evaluations [004886]
#  gradient evaluations [000000]
#  degrees of freedom   [001691]
#  m2lnL     =     1481.97571675441 (     1451.4215   0.010457857     1.3120748     1.3071021     2.7279483    0.52870925    0.93752926      1.056275     1.6919216     20.982188 )
#  Fit parameters:
#     71.2543557129572     0.0273071528489631  -0.150289046601684   -0.691397172228545   -0.437874571143562   -0.43625870271285    -0.377340577508914   -0.207940000633851    0.0123774926253704  -19.2888887241212    
#----------------------------------------------------------------------------------
# Restarting:              yes
#  - absolute improvement: 0.818386792323963     
#  - relative improvement: 0.000551922070883908  
#  - m2lnL_2  :            1482.79410354674      
#  - m2lnL_3  :            1481.97571675441      
#----------------------------------------------------------------------------------
# Model fitting. Interating using:
#  - solver:            NLOpt:ln-neldermead
#  - differentiation:   Numerical differentiantion (forward)
#............................................................................
#  Minimum found with precision: |df|/f =  1.00000e-08 and |dx| =  1.00000e-05
#  Elapsed time: 00 days, 00:00:12.4992200
#  iteration            [000672]
#  function evaluations [000674]
#  gradient evaluations [000000]
#  degrees of freedom   [001691]
#  m2lnL     =      1481.9698046553 (     1451.3427  0.0099396781      1.316092     1.3083906     2.7572571    0.51312916    0.93435273     1.0577382      1.716779     21.013412 )
#  Fit parameters:
#     71.2394718530681     0.0100153225356448  -0.134133575487411   -0.675287919041348   -0.421327133524917   -0.422897133220869   -0.362227508811686   -0.192811792277924    0.0113811232356581  -19.2885367553129    
#----------------------------------------------------------------------------------
# Restarting:              yes
#  - absolute improvement: 0.00591209911067381   
#  - relative improvement: 3.98933602206489e-06  
#  - m2lnL_3  :            1481.97571675441      
#  - m2lnL_4  :            1481.9698046553       
#----------------------------------------------------------------------------------
# Model fitting. Interating using:
#  - solver:            NLOpt:ln-neldermead
#  - differentiation:   Numerical differentiantion (forward)
#..............................
#  Minimum found with precision: |df|/f =  1.00000e-08 and |dx| =  1.00000e-05
#  Elapsed time: 00 days, 00:00:04.0599150
#  iteration            [000217]
#  function evaluations [000219]
#  gradient evaluations [000000]
#  degrees of freedom   [001691]
#  m2lnL     =     1481.96962942314 (     1451.3377  0.0099509523     1.3147933      1.310533     2.7580272    0.51385064    0.93424044     1.0594946     1.7119208     21.019093 )
#  Fit parameters:
#     71.2414968873062     0.0100462122354844  -0.133073000832974   -0.675346666519661   -0.420687534597548   -0.423242025984369   -0.361879416848515   -0.193045730354935    0.0114274950747108  -19.2884788188285    
#----------------------------------------------------------------------------------
# Restarting:              no
#  - absolute improvement: 0.000175232162064276  
#  - relative improvement: 1.18242734442915e-07  
#  - m2lnL_4  :            1481.9698046553       
#  - m2lnL_5  :            1481.96962942314      
#----------------------------------------------------------------------------------
# Data used:
#   - Pantheon+SH0ES Sample STAT+SYS (2022)
#   - 6dFGRS -- Beutler (2011), BAO Sample R-Dv
#   - SDSS-DR7-lowz -- Ross (2015), Empirical m2lnp
#   - SDSS DR12 (final consensus) -- Ross et al. (2016), arXiv:1607.03145; Alam
#        et al. (2016), arXiv:1607.03155; BAO Sample(D_t / r_sd, DH / r_sd) --
#        DR16 Compatible
#   - SDSS DR16 -- Alam et al., PRD 103, 083533 (2021); BAO LRG Sample(D_t /
#        r_sd, DH / r_sd)
#   - SDSS DR16 -- Alam et al., PRD 103, 083533 (2021); BAO QSO Sample(D_t /
#        r_sd, DH / r_sd)
#   - SDSS DR16 -- Alam et al., PRD 103, 083533 (2021) -- BAO ELG Sample,
#        Empirical m2lnp
#   - SDSS DR16 -- Alam et al., PRD 103, 083533 (2021) -- BAO Lyman alpha
#        autocorrelation Sample, Empirical m2lnp
#   - SDSS DR16 -- Alam et al., PRD 103, 083533 (2021) -- BAO Lyman alpha QSO
#        cross-correlation Sample, Empirical m2lnp
#   - Gomez-Valent 2018 -- arXiv:1802.01505
#----------------------------------------------------------------------------------
# Model[03000]:
#   - NcHICosmo : XCDM - Constant EOS
#----------------------------------------------------------------------------------
# Model parameters
#   -           H0[00]:  71.2414968873062    [FREE]
#   -       Omegac[01]:  0.0100462122354844  [FREE]
#   -       Omegak[02]:  0                   [FIXED]
#   -      Tgamma0[03]:  2.7245              [FIXED]
#   -           Yp[04]:  0.24                [FIXED]
#   -         ENnu[05]:  3.046               [FIXED]
#   -       Omegab[06]:  0.05                [FIXED]
#   -          w_0[07]: -0.133073000832974   [FREE]
#   -          w_1[08]: -0.675346666519661   [FREE]
#   -          w_2[09]: -0.420687534597548   [FREE]
#   -          w_3[10]: -0.423242025984369   [FREE]
#   -          w_4[11]: -0.361879416848515   [FREE]
#   -          w_5[12]: -0.193045730354935   [FREE]
#   -          w_6[13]:  0.0114274950747108  [FREE]
#----------------------------------------------------------------------------------
# Model[14000]:
#   - NcSNIADistCov : Supernovae Ia Distance Covariance
#----------------------------------------------------------------------------------
# Model parameters
#   -        alpha[00]:  0                   [FIXED]
#   -         beta[01]:  0                   [FIXED]
#   -           M1[02]: -19.2884788188285    [FREE]
#   -           M2[03]: -19.25               [FIXED]
#   - lnsigma_pecz[04]: -34.5387763949107    [FIXED]
#   - lnsigma_lens[05]: -34.5387763949107    [FIXED]
#----------------------------------------------------------------------------------
# NcmMSet parameters covariance matrix
#                                                  -------------------------------------------------------------------------------------------------------------------------------------------------------
#     H0[03000:00] =  71.24       +/-  1.033       |  1           | -0.175       | -0.5366      |  0.2345      |  0.0112      |  0.1763      |  0.1408      |  0.1616      | -0.2039      |  0.7933      |
# Omegac[03000:01] =  0.01005     +/-  0.292       | -0.175       |  1           |  0.2877      | -0.9775      | -0.8541      | -0.9255      | -0.951       | -0.9471      |  0.9649      |  0.02132     |
#    w_0[03000:07] = -0.1331      +/-  0.3865      | -0.5366      |  0.2877      |  1           | -0.4005      |  0.0916      | -0.3612      | -0.2857      | -0.1922      |  0.3451      |  0.02383     |
#    w_1[03000:08] = -0.6753      +/-  0.3027      |  0.2345      | -0.9775      | -0.4005      |  1           |  0.8441      |  0.8701      |  0.9303      |  0.9435      | -0.942       | -0.02291     |
#    w_2[03000:09] = -0.4207      +/-  0.2248      |  0.0112      | -0.8541      |  0.0916      |  0.8441      |  1           |  0.6793      |  0.7896      |  0.8902      | -0.7874      | -0.01176     |
#    w_3[03000:10] = -0.4232      +/-  0.2935      |  0.1763      | -0.9255      | -0.3612      |  0.8701      |  0.6793      |  1           |  0.8603      |  0.7927      | -0.9253      | -0.04349     |
#    w_4[03000:11] = -0.3619      +/-  0.2948      |  0.1408      | -0.951       | -0.2857      |  0.9303      |  0.7896      |  0.8603      |  1           |  0.8656      | -0.862       | -0.05737     |
#    w_5[03000:12] = -0.193       +/-  0.1943      |  0.1616      | -0.9471      | -0.1922      |  0.9435      |  0.8902      |  0.7927      |  0.8656      |  1           | -0.9457      |  0.01255     |
#    w_6[03000:13] =  0.01143     +/-  0.01798     | -0.2039      |  0.9649      |  0.3451      | -0.942       | -0.7874      | -0.9253      | -0.862       | -0.9457      |  1           |  0.02265     |
#     M1[14000:02] = -19.29       +/-  0.02529     |  0.7933      |  0.02132     |  0.02383     | -0.02291     | -0.01176     | -0.04349     | -0.05737     |  0.01255     |  0.02265     |  1           |
#                                                  -------------------------------------------------------------------------------------------------------------------------------------------------------
