#----------------------------------------------------------------------------------
# Model fitting. Interating using:
#  - solver:            NLOpt:ln-neldermead
#  - differentiation:   Numerical differentiantion (forward)
#.......................................................................................................................................................
#  Minimum found with precision: |df|/f =  1.00000e-08 and |dx| =  1.00000e-05
#  Elapsed time: 00 days, 00:00:30.5537890
#  iteration            [001420]
#  function evaluations [001422]
#  gradient evaluations [000000]
#  degrees of freedom   [001693]
#  m2lnL     =     1492.65730273518 (     1453.3973  0.0040075577     1.8471809     1.1169917     3.6443744    0.38160949     0.8916167     4.6693484     6.6113325     20.093507 )
#  Fit parameters:
#     71.2959875213589     0.299256191064897   -0.51428819100225    -1.18044903813712    -0.944994416294363   -4.7338043707605     -3.45041064766256    -19.3006382767189    
#----------------------------------------------------------------------------------
# Restarting:              yes
#  - absolute improvement: 888.769612594748      
#  - relative improvement: 0.373208855108458     
#  - m2lnL_0  :            2381.42691532993      
#  - m2lnL_1  :            1492.65730273518      
#----------------------------------------------------------------------------------
# Model fitting. Interating using:
#  - solver:            NLOpt:ln-neldermead
#  - differentiation:   Numerical differentiantion (forward)
#......................
#  Minimum found with precision: |df|/f =  1.00000e-08 and |dx| =  1.00000e-05
#  Elapsed time: 00 days, 00:00:03.4558330
#  iteration            [000135]
#  function evaluations [000137]
#  gradient evaluations [000000]
#  degrees of freedom   [001693]
#  m2lnL     =     1492.65727694773 (     1453.3911  0.0040110105     1.8475805     1.1169197     3.6436276    0.38231287    0.89186671     4.6708958     6.6128915     20.096045 )
#  Fit parameters:
#     71.29631122201       0.299270394536513   -0.514259010772375   -1.18046842410535    -0.945255399568599   -4.72935401961011    -3.45670202724267    -19.300599641754     
#----------------------------------------------------------------------------------
# Restarting:              no
#  - absolute improvement: 2.57874485214415e-05  
#  - relative improvement: 1.7276201626581e-08   
#  - m2lnL_1  :            1492.65730273518      
#  - m2lnL_2  :            1492.65727694773      
#----------------------------------------------------------------------------------
# Data used:
#   - Pantheon+SH0ES Sample STAT+SYS (2022)
#   - 6dFGRS -- Beutler (2011), BAO Sample R-Dv
#   - SDSS-DR7-lowz -- Ross (2015), Empirical m2lnp
#   - SDSS DR12 (final consensus) -- Ross et al. (2016), arXiv:1607.03145; Alam
#        et al. (2016), arXiv:1607.03155; BAO Sample(D_t / r_sd, DH / r_sd) --
#        DR16 Compatible
#   - SDSS DR16 -- Alam et al., PRD 103, 083533 (2021); BAO LRG Sample(D_t /
#        r_sd, DH / r_sd)
#   - SDSS DR16 -- Alam et al., PRD 103, 083533 (2021); BAO QSO Sample(D_t /
#        r_sd, DH / r_sd)
#   - SDSS DR16 -- Alam et al., PRD 103, 083533 (2021) -- BAO ELG Sample,
#        Empirical m2lnp
#   - SDSS DR16 -- Alam et al., PRD 103, 083533 (2021) -- BAO Lyman alpha
#        autocorrelation Sample, Empirical m2lnp
#   - SDSS DR16 -- Alam et al., PRD 103, 083533 (2021) -- BAO Lyman alpha QSO
#        cross-correlation Sample, Empirical m2lnp
#   - Gomez-Valent 2018 -- arXiv:1802.01505
#----------------------------------------------------------------------------------
# Model[03000]:
#   - NcHICosmo : XCDM - Constant EOS
#----------------------------------------------------------------------------------
# Model parameters
#   -           H0[00]:  71.29631122201      [FREE]
#   -       Omegac[01]:  0.299270394536513   [FREE]
#   -       Omegak[02]:  0                   [FIXED]
#   -      Tgamma0[03]:  2.7245              [FIXED]
#   -           Yp[04]:  0.24                [FIXED]
#   -         ENnu[05]:  3.046               [FIXED]
#   -       Omegab[06]:  0.05                [FIXED]
#   -          w_0[07]: -0.514259010772375   [FREE]
#   -          w_1[08]: -1.18046842410535    [FREE]
#   -          w_2[09]: -0.945255399568599   [FREE]
#   -          w_3[10]: -4.72935401961011    [FREE]
#   -          w_4[11]: -3.45670202724267    [FREE]
#----------------------------------------------------------------------------------
# Model[14000]:
#   - NcSNIADistCov : Supernovae Ia Distance Covariance
#----------------------------------------------------------------------------------
# Model parameters
#   -        alpha[00]:  0                   [FIXED]
#   -         beta[01]:  0                   [FIXED]
#   -           M1[02]: -19.300599641754     [FREE]
#   -           M2[03]: -19.25               [FIXED]
#   - lnsigma_pecz[04]: -34.5387763949107    [FIXED]
#   - lnsigma_lens[05]: -34.5387763949107    [FIXED]
#----------------------------------------------------------------------------------
# NcmMSet parameters covariance matrix
#                                                  -------------------------------------------------------------------------------------------------------------------------
#     H0[03000:00] =  71.3        +/-  1.074       |  1           | -0.3259      | -0.5894      |  0.09409     | -0.002238    | -0.2858      | -0.3674      |  0.8218      |
# Omegac[03000:01] =  0.2993      +/-  0.01395     | -0.3259      |  1           |  0.4773      | -0.4125      |  0.2817      | -0.1299      |  0.01914     |  0.03404     |
#    w_0[03000:07] = -0.5143      +/-  0.616       | -0.5894      |  0.4773      |  1           | -0.2024      |  0.002046    |  0.448       |  0.6395      | -0.1024      |
#    w_1[03000:08] = -1.18        +/-  0.1405      |  0.09409     | -0.4125      | -0.2024      |  1           | -0.6407      |  0.5724      |  0.5176      | -0.1078      |
#    w_2[03000:09] = -0.9453      +/-  0.2654      | -0.002238    |  0.2817      |  0.002046    | -0.6407      |  1           | -0.7655      | -0.639       |  0.04174     |
#    w_3[03000:10] = -4.729       +/-  12.77       | -0.2858      | -0.1299      |  0.448       |  0.5724      | -0.7655      |  1           |  0.9563      | -0.1772      |
#    w_4[03000:11] = -3.457       +/-  640.9       | -0.3674      |  0.01914     |  0.6395      |  0.5176      | -0.639       |  0.9563      |  1           | -0.1631      |
#     M1[14000:02] = -19.3        +/-  0.02521     |  0.8218      |  0.03404     | -0.1024      | -0.1078      |  0.04174     | -0.1772      | -0.1631      |  1           |
#                                                  -------------------------------------------------------------------------------------------------------------------------
