#----------------------------------------------------------------------------------
# Model fitting. Interating using:
#  - solver:            NLOpt:ln-neldermead
#  - differentiation:   Numerical differentiantion (forward)
#..........................................................................................................................................................................................................................................
#  Minimum found with precision: |df|/f =  1.00000e-08 and |dx| =  1.00000e-05
#  Elapsed time: 00 days, 00:00:45.4125090
#  iteration            [002251]
#  function evaluations [002253]
#  gradient evaluations [000000]
#  degrees of freedom   [001689]
#  m2lnL     =     1492.21166741284 (     1453.7186  0.0012415494     2.0272626    0.75038343     4.0231473    0.32856653    0.74461418     4.1167524     6.0314965     20.469594 )
#  Fit parameters:
#     72.0223628029383     0.288904784317317   -1.44133613706442    -1.34069877579532    -1.38859306795365    -0.704540449041712   -0.852154415067901   -3.78967374342953    -1.83264433476255    -2.23034314021122    -1.06125965458622    -19.3002316444983    
#----------------------------------------------------------------------------------
# Restarting:              yes
#  - absolute improvement: 889.21524791709       
#  - relative improvement: 0.373395984648094     
#  - m2lnL_0  :            2381.42691532993      
#  - m2lnL_1  :            1492.21166741284      
#----------------------------------------------------------------------------------
# Model fitting. Interating using:
#  - solver:            NLOpt:ln-neldermead
#  - differentiation:   Numerical differentiantion (forward)
#.....................................................................................................................................................................................................................................................................................................................................
#  Minimum found with precision: |df|/f =  1.00000e-08 and |dx| =  1.00000e-05
#  Elapsed time: 00 days, 00:01:06.8456030
#  iteration            [003160]
#  function evaluations [003162]
#  gradient evaluations [000000]
#  degrees of freedom   [001689]
#  m2lnL     =     1485.93819978792 (      1453.343  0.0061405434     1.6553125     1.4136613     2.3686412    0.33374709    0.86752433     1.5699053     3.0026278     21.377658 )
#  Fit parameters:
#     71.9722079670229     0.282559625167088   -1.00538983024077    -1.38957478589733    -1.39145113981601    -0.701492666787088   -0.813604221525929   -1.6388362317937     -1.54636712708959    -4.85096740682814     0.317783460908213   -19.281876265179     
#----------------------------------------------------------------------------------
# Restarting:              yes
#  - absolute improvement: 6.27346762491584      
#  - relative improvement: 0.00420414057999737   
#  - m2lnL_1  :            1492.21166741284      
#  - m2lnL_2  :            1485.93819978792      
#----------------------------------------------------------------------------------
# Model fitting. Interating using:
#  - solver:            NLOpt:ln-neldermead
#  - differentiation:   Numerical differentiantion (forward)
#.................................................................................................................................................................................................
#  Minimum found with precision: |df|/f =  1.00000e-08 and |dx| =  1.00000e-05
#  Elapsed time: 00 days, 00:00:34.9777260
#  iteration            [001845]
#  function evaluations [001847]
#  gradient evaluations [000000]
#  degrees of freedom   [001689]
#  m2lnL     =     1481.62441988925 (     1450.9995   0.011296033     1.4218636     1.1103746     3.0720439    0.55917843    0.90194873     1.0990524      1.723986     20.725146 )
#  Fit parameters:
#     71.6383271005672     0.266910247546081   -0.674466439668948   -1.20493937431181    -1.0413810146454     -0.547069777316417   -1.03353016471488    -1.26496153391388    -0.971121534673585   -4.40234756552971     0.287495922024145   -19.2887162114251    
#----------------------------------------------------------------------------------
# Restarting:              yes
#  - absolute improvement: 4.31377989867428      
#  - relative improvement: 0.00290306817557417   
#  - m2lnL_2  :            1485.93819978792      
#  - m2lnL_3  :            1481.62441988925      
#----------------------------------------------------------------------------------
# Model fitting. Interating using:
#  - solver:            NLOpt:ln-neldermead
#  - differentiation:   Numerical differentiantion (forward)
#............................................................................................................................................................................................................
#  Minimum found with precision: |df|/f =  1.00000e-08 and |dx| =  1.00000e-05
#  Elapsed time: 00 days, 00:00:39.8937400
#  iteration            [001954]
#  function evaluations [001956]
#  gradient evaluations [000000]
#  degrees of freedom   [001689]
#  m2lnL     =     1481.48655154561 (     1450.9366   0.010329349     1.3645559     1.1299554     2.9948892    0.48609186      0.879241     1.1414924     1.7925494     20.750867 )
#  Fit parameters:
#     71.3363241932495     0.270314042225015   -0.369878342235512   -1.1616235061254     -0.970404510436843   -0.636572456680603   -0.943532762731522   -1.48450204202681    -0.808999923394429   -4.8313666337697      0.32125248678378    -19.2897954369797    
#----------------------------------------------------------------------------------
# Restarting:              yes
#  - absolute improvement: 0.137868343632135     
#  - relative improvement: 9.30521539611511e-05  
#  - m2lnL_3  :            1481.62441988925      
#  - m2lnL_4  :            1481.48655154561      
#----------------------------------------------------------------------------------
# Model fitting. Interating using:
#  - solver:            NLOpt:ln-neldermead
#  - differentiation:   Numerical differentiantion (forward)
#........................................................................
#  Minimum found with precision: |df|/f =  1.00000e-08 and |dx| =  1.00000e-05
#  Elapsed time: 00 days, 00:00:13.0026600
#  iteration            [000634]
#  function evaluations [000636]
#  gradient evaluations [000000]
#  degrees of freedom   [001689]
#  m2lnL     =     1481.46149374277 (     1450.7815  0.0098997954     1.3814692     1.0889278     2.9839256    0.45554044    0.86742177     1.1664217     1.8210046      20.90541 )
#  Fit parameters:
#     71.4231735354892     0.269945933184972   -0.409220222592538   -1.16261735049438    -0.986951058991209   -0.649275251583313   -0.907340978038834   -1.57786360184625    -0.73757747460239    -4.9998197556721      0.333731494892829   -19.2884421353001    
#----------------------------------------------------------------------------------
# Restarting:              yes
#  - absolute improvement: 0.0250578028392283    
#  - relative improvement: 1.69139590319506e-05  
#  - m2lnL_4  :            1481.48655154561      
#  - m2lnL_5  :            1481.46149374277      
#----------------------------------------------------------------------------------
# Model fitting. Interating using:
#  - solver:            NLOpt:ln-neldermead
#  - differentiation:   Numerical differentiantion (forward)
#.....................................
#  Minimum found with precision: |df|/f =  1.00000e-08 and |dx| =  1.00000e-05
#  Elapsed time: 00 days, 00:00:05.9389280
#  iteration            [000289]
#  function evaluations [000291]
#  gradient evaluations [000000]
#  degrees of freedom   [001689]
#  m2lnL     =     1481.46101104217 (     1450.7621   0.010364583       1.37634     1.0934184     2.9780416     0.4526799    0.86802118      1.164613     1.8261018     20.929335 )
#  Fit parameters:
#     71.4226932147215     0.270127962162758   -0.411117442457082   -1.16240430008542    -0.98706078091508    -0.648821190533822   -0.907903031871022   -1.57785188383796    -0.750272140364926   -4.99996823361094     0.333822837492198   -19.2884079525145    
#----------------------------------------------------------------------------------
# Restarting:              no
#  - absolute improvement: 0.000482700603015473  
#  - relative improvement: 3.25827303007367e-07  
#  - m2lnL_5  :            1481.46149374277      
#  - m2lnL_6  :            1481.46101104217      
#----------------------------------------------------------------------------------
# Data used:
#   - Pantheon+SH0ES Sample STAT+SYS (2022)
#   - 6dFGRS -- Beutler (2011), BAO Sample R-Dv
#   - SDSS-DR7-lowz -- Ross (2015), Empirical m2lnp
#   - SDSS DR12 (final consensus) -- Ross et al. (2016), arXiv:1607.03145; Alam
#        et al. (2016), arXiv:1607.03155; BAO Sample(D_t / r_sd, DH / r_sd) --
#        DR16 Compatible
#   - SDSS DR16 -- Alam et al., PRD 103, 083533 (2021); BAO LRG Sample(D_t /
#        r_sd, DH / r_sd)
#   - SDSS DR16 -- Alam et al., PRD 103, 083533 (2021); BAO QSO Sample(D_t /
#        r_sd, DH / r_sd)
#   - SDSS DR16 -- Alam et al., PRD 103, 083533 (2021) -- BAO ELG Sample,
#        Empirical m2lnp
#   - SDSS DR16 -- Alam et al., PRD 103, 083533 (2021) -- BAO Lyman alpha
#        autocorrelation Sample, Empirical m2lnp
#   - SDSS DR16 -- Alam et al., PRD 103, 083533 (2021) -- BAO Lyman alpha QSO
#        cross-correlation Sample, Empirical m2lnp
#   - Gomez-Valent 2018 -- arXiv:1802.01505
#----------------------------------------------------------------------------------
# Model[03000]:
#   - NcHICosmo : XCDM - Constant EOS
#----------------------------------------------------------------------------------
# Model parameters
#   -           H0[00]:  71.4226932147215    [FREE]
#   -       Omegac[01]:  0.270127962162758   [FREE]
#   -       Omegak[02]:  0                   [FIXED]
#   -      Tgamma0[03]:  2.7245              [FIXED]
#   -           Yp[04]:  0.24                [FIXED]
#   -         ENnu[05]:  3.046               [FIXED]
#   -       Omegab[06]:  0.05                [FIXED]
#   -          w_0[07]: -0.411117442457082   [FREE]
#   -          w_1[08]: -1.16240430008542    [FREE]
#   -          w_2[09]: -0.98706078091508    [FREE]
#   -          w_3[10]: -0.648821190533822   [FREE]
#   -          w_4[11]: -0.907903031871022   [FREE]
#   -          w_5[12]: -1.57785188383796    [FREE]
#   -          w_6[13]: -0.750272140364926   [FREE]
#   -          w_7[14]: -4.99996823361094    [FREE]
#   -          w_8[15]:  0.333822837492198   [FREE]
#----------------------------------------------------------------------------------
# Model[14000]:
#   - NcSNIADistCov : Supernovae Ia Distance Covariance
#----------------------------------------------------------------------------------
# Model parameters
#   -        alpha[00]:  0                   [FIXED]
#   -         beta[01]:  0                   [FIXED]
#   -           M1[02]: -19.2884079525145    [FREE]
#   -           M2[03]: -19.25               [FIXED]
#   - lnsigma_pecz[04]: -34.5387763949107    [FIXED]
#   - lnsigma_lens[05]: -34.5387763949107    [FIXED]
#----------------------------------------------------------------------------------
# NcmMSet parameters covariance matrix
#                                                  -------------------------------------------------------------------------------------------------------------------------------------------------------------------------------------
#     H0[03000:00] =  71.42       +/-  1.575       |  1           | -0.3459      | -0.6038      | -0.2048      | -0.4119      |  0.1957      | -0.109       |  0.04355     | -0.03177     | -nan         | -nan         |  0.7035      |
# Omegac[03000:01] =  0.2701      +/-  0.02284     | -0.3459      |  1           |  0.4847      |  0.1165      |  0.241       | -0.2594      |  0.1719      | -0.3509      | -0.2613      | -nan         | -nan         |  0.03798     |
#    w_0[03000:07] = -0.4111      +/-  1.213       | -0.6038      |  0.4847      |  1           |  0.5178      |  0.7779      | -0.4962      |  0.2923      | -0.2361      |  0.06945     | -nan         | -nan         |  0.07984     |
#    w_1[03000:08] = -1.162       +/-  0.3354      | -0.2048      |  0.1165      |  0.5178      |  1           |  0.7239      | -0.8371      |  0.5051      | -0.3493      |  0.2535      | -nan         | -nan         |  0.07131     |
#    w_2[03000:09] = -0.9871      +/-  0.3841      | -0.4119      |  0.241       |  0.7779      |  0.7239      |  1           | -0.3888      |  0.03104     | -0.02981     |  0.01742     | -nan         | -nan         |  0.05155     |
#    w_3[03000:10] = -0.6488      +/-  0.6806      |  0.1957      | -0.2594      | -0.4962      | -0.8371      | -0.3888      |  1           | -0.7338      |  0.4929      | -0.2406      | -nan         | -nan         | -0.09213     |
#    w_4[03000:11] = -0.9079      +/-  0.9632      | -0.109       |  0.1719      |  0.2923      |  0.5051      |  0.03104     | -0.7338      |  1           | -0.7522      |  0.4624      | -nan         | -nan         |  0.06119     |
#    w_5[03000:12] = -1.578       +/-  2.198       |  0.04355     | -0.3509      | -0.2361      | -0.3493      | -0.02981     |  0.4929      | -0.7522      |  1           | -0.6282      | -nan         | -nan         | -0.1089      |
#    w_6[03000:13] = -0.7503      +/-  1.431       | -0.03177     | -0.2613      |  0.06945     |  0.2535      |  0.01742     | -0.2406      |  0.4624      | -0.6282      |  1           | -nan         | -nan         | -0.01445     |
#    w_7[03000:14] = -5           +/- -nan         | -nan         | -nan         | -nan         | -nan         | -nan         | -nan         | -nan         | -nan         | -nan         | -1           |  1.005       | -nan         |
#    w_8[03000:15] =  0.3338      +/- -nan         | -nan         | -nan         | -nan         | -nan         | -nan         | -nan         | -nan         | -nan         | -nan         |  1.005       | -1           | -nan         |
#     M1[14000:02] = -19.29       +/-  0.03589     |  0.7035      |  0.03798     |  0.07984     |  0.07131     |  0.05155     | -0.09213     |  0.06119     | -0.1089      | -0.01445     | -nan         | -nan         |  1           |
#                                                  -------------------------------------------------------------------------------------------------------------------------------------------------------------------------------------
