#----------------------------------------------------------------------------------
# Model fitting. Interating using:
#  - solver:            NLOpt:ln-neldermead
#  - differentiation:   Numerical differentiantion (forward)
#.................................................................................
#  Minimum found with precision: |df|/f =  1.00000e-08 and |dx| =  1.00000e-05
#  Elapsed time: 00 days, 00:00:12.4205990
#  iteration            [000729]
#  function evaluations [000731]
#  gradient evaluations [000000]
#  degrees of freedom   [001694]
#  m2lnL     =     1496.27751770333 (     1457.3559  8.948414e-05     1.7888039     1.9378656     4.3353505    0.72691464    0.90603106     4.1900703     6.0680788     18.968445 )
#  Fit parameters:
#     71.960960445425      0.287203071143131   -1.16981649392156    -1.01186440737096    -1.50423197909856    -0.824552026553319   -19.3005427485063    
#----------------------------------------------------------------------------------
# Restarting:              yes
#  - absolute improvement: 885.149397626594      
#  - relative improvement: 0.371688667801911     
#  - m2lnL_0  :            2381.42691532993      
#  - m2lnL_1  :            1496.27751770333      
#----------------------------------------------------------------------------------
# Model fitting. Interating using:
#  - solver:            NLOpt:ln-neldermead
#  - differentiation:   Numerical differentiantion (forward)
#............................................................................
#  Minimum found with precision: |df|/f =  1.00000e-08 and |dx| =  1.00000e-05
#  Elapsed time: 00 days, 00:00:11.2115210
#  iteration            [000676]
#  function evaluations [000678]
#  gradient evaluations [000000]
#  degrees of freedom   [001694]
#  m2lnL     =     1495.07838061208 (     1456.9615  0.00047851417     1.8698034     1.7246022       3.94999     0.8644517    0.93983084     4.0508919     5.9059644     18.810852 )
#  Fit parameters:
#     71.8212218821068     0.28803470748345    -1.07996100041949    -1.04757724239823    -1.38641270540188    -4.99989291655368    -19.3017405554493    
#----------------------------------------------------------------------------------
# Restarting:              yes
#  - absolute improvement: 1.19913709125376      
#  - relative improvement: 0.000801413559360526  
#  - m2lnL_1  :            1496.27751770333      
#  - m2lnL_2  :            1495.07838061208      
#----------------------------------------------------------------------------------
# Model fitting. Interating using:
#  - solver:            NLOpt:ln-neldermead
#  - differentiation:   Numerical differentiantion (forward)
#......................
#  Minimum found with precision: |df|/f =  1.00000e-08 and |dx| =  1.00000e-05
#  Elapsed time: 00 days, 00:00:02.2492600
#  iteration            [000135]
#  function evaluations [000137]
#  gradient evaluations [000000]
#  degrees of freedom   [001694]
#  m2lnL     =     1495.07835238355 (     1456.9618  0.00048226863     1.8699551     1.7244241      3.951187    0.86313229    0.93958916     4.0506841     5.9058517     18.811222 )
#  Fit parameters:
#     71.822961752698      0.288030961686873   -1.07999924921769    -1.04769959608149    -1.38681639403464    -5                   -19.3016795689443    
#----------------------------------------------------------------------------------
# Restarting:              no
#  - absolute improvement: 2.82285238881741e-05  
#  - relative improvement: 1.88809658772655e-08  
#  - m2lnL_2  :            1495.07838061208      
#  - m2lnL_3  :            1495.07835238355      
#----------------------------------------------------------------------------------
# Data used:
#   - Pantheon+SH0ES Sample STAT+SYS (2022)
#   - 6dFGRS -- Beutler (2011), BAO Sample R-Dv
#   - SDSS-DR7-lowz -- Ross (2015), Empirical m2lnp
#   - SDSS DR12 (final consensus) -- Ross et al. (2016), arXiv:1607.03145; Alam
#        et al. (2016), arXiv:1607.03155; BAO Sample(D_t / r_sd, DH / r_sd) --
#        DR16 Compatible
#   - SDSS DR16 -- Alam et al., PRD 103, 083533 (2021); BAO LRG Sample(D_t /
#        r_sd, DH / r_sd)
#   - SDSS DR16 -- Alam et al., PRD 103, 083533 (2021); BAO QSO Sample(D_t /
#        r_sd, DH / r_sd)
#   - SDSS DR16 -- Alam et al., PRD 103, 083533 (2021) -- BAO ELG Sample,
#        Empirical m2lnp
#   - SDSS DR16 -- Alam et al., PRD 103, 083533 (2021) -- BAO Lyman alpha
#        autocorrelation Sample, Empirical m2lnp
#   - SDSS DR16 -- Alam et al., PRD 103, 083533 (2021) -- BAO Lyman alpha QSO
#        cross-correlation Sample, Empirical m2lnp
#   - Gomez-Valent 2018 -- arXiv:1802.01505
#----------------------------------------------------------------------------------
# Model[03000]:
#   - NcHICosmo : XCDM - Constant EOS
#----------------------------------------------------------------------------------
# Model parameters
#   -           H0[00]:  71.822961752698     [FREE]
#   -       Omegac[01]:  0.288030961686873   [FREE]
#   -       Omegak[02]:  0                   [FIXED]
#   -      Tgamma0[03]:  2.7245              [FIXED]
#   -           Yp[04]:  0.24                [FIXED]
#   -         ENnu[05]:  3.046               [FIXED]
#   -       Omegab[06]:  0.05                [FIXED]
#   -          w_0[07]: -1.07999924921769    [FREE]
#   -          w_1[08]: -1.04769959608149    [FREE]
#   -          w_2[09]: -1.38681639403464    [FREE]
#   -          w_3[10]: -5                   [FREE]
#----------------------------------------------------------------------------------
# Model[14000]:
#   - NcSNIADistCov : Supernovae Ia Distance Covariance
#----------------------------------------------------------------------------------
# Model parameters
#   -        alpha[00]:  0                   [FIXED]
#   -         beta[01]:  0                   [FIXED]
#   -           M1[02]: -19.3016795689443    [FREE]
#   -           M2[03]: -19.25               [FIXED]
#   - lnsigma_pecz[04]: -34.5387763949107    [FIXED]
#   - lnsigma_lens[05]: -34.5387763949107    [FIXED]
#----------------------------------------------------------------------------------
# NcmMSet parameters covariance matrix
#                                                  ----------------------------------------------------------------------------------------------------------
#     H0[03000:00] =  71.82       +/-  0.9579      |  1           | -0.1708      | -0.4442      |  0.2375      | -0.3118      |  0.2412      |  0.8966      |
# Omegac[03000:01] =  0.288       +/-  0.01157     | -0.1708      |  1           |  0.2371      | -0.2355      | -0.02296     | -0.1549      |  0.04539     |
#    w_0[03000:07] = -1.08        +/-  0.2457      | -0.4442      |  0.2371      |  1           | -0.8444      |  0.6076      | -0.6352      | -0.08328     |
#    w_1[03000:08] = -1.048       +/-  0.09744     |  0.2375      | -0.2355      | -0.8444      |  1           | -0.6719      |  0.6359      |  0.003353    |
#    w_2[03000:09] = -1.387       +/-  0.3072      | -0.3118      | -0.02296     |  0.6076      | -0.6719      |  1           | -0.6186      | -0.1966      |
#    w_3[03000:10] = -5           +/-  8.305       |  0.2412      | -0.1549      | -0.6352      |  0.6359      | -0.6186      |  1           |  0.06814     |
#     M1[14000:02] = -19.3        +/-  0.02506     |  0.8966      |  0.04539     | -0.08328     |  0.003353    | -0.1966      |  0.06814     |  1           |
#                                                  ----------------------------------------------------------------------------------------------------------
