#----------------------------------------------------------------------------------
# Model fitting. Interating using:
#  - solver:            NLOpt:ln-neldermead
#  - differentiation:   Numerical differentiantion (forward)
#................................................................................................................................................................................................................................................
#  Minimum found with precision: |df|/f =  1.00000e-08 and |dx| =  1.00000e-05
#  Elapsed time: 00 days, 00:00:49.5197230
#  iteration            [002318]
#  function evaluations [002320]
#  gradient evaluations [000000]
#  degrees of freedom   [001688]
#  m2lnL     =     1495.80153252693 (     1453.1635   0.012958145     2.1509405     1.4395974     6.1413514     1.2423723    0.77958855     4.8228762     6.7316109     19.316774 )
#  Fit parameters:
#     71.5831339202944     0.291286537410404   -1.09623791811657    -1.39182950613135    -1.2882966086561     -0.63752540245593    -0.791795759010691   -2.68011074591642    -1.32910430850429    -0.748113813834189   -2.36041656972465    -1.32804915716128    -19.3039687166981    
#----------------------------------------------------------------------------------
# Restarting:              yes
#  - absolute improvement: 885.625382802992      
#  - relative improvement: 0.371888541740235     
#  - m2lnL_0  :            2381.42691532993      
#  - m2lnL_1  :            1495.80153252693      
#----------------------------------------------------------------------------------
# Model fitting. Interating using:
#  - solver:            NLOpt:ln-neldermead
#  - differentiation:   Numerical differentiantion (forward)
#.....................................................................................................................................................................................................................................................................................................................................................
#  Minimum found with precision: |df|/f =  1.00000e-08 and |dx| =  1.00000e-05
#  Elapsed time: 00 days, 00:01:15.4690480
#  iteration            [003327]
#  function evaluations [003329]
#  gradient evaluations [000000]
#  degrees of freedom   [001688]
#  m2lnL     =     1481.97844404452 (     1450.9313  0.0061853175     1.5616722     1.2251615     3.0470257    0.52502316    0.90170153     1.0861673     1.7573402     20.936894 )
#  Fit parameters:
#     71.7806804842199     0.266161923169606   -0.95654359582228    -1.36022036874907    -1.18681747876403    -0.442294054189206   -0.815606047264354   -1.27716137181372    -1.11807533415581    -1.3403364918912     -4.87824348721557     0.292098559074796   -19.2895431936481    
#----------------------------------------------------------------------------------
# Restarting:              yes
#  - absolute improvement: 13.8230884824181      
#  - relative improvement: 0.00924125840349026   
#  - m2lnL_1  :            1495.80153252693      
#  - m2lnL_2  :            1481.97844404452      
#----------------------------------------------------------------------------------
# Model fitting. Interating using:
#  - solver:            NLOpt:ln-neldermead
#  - differentiation:   Numerical differentiantion (forward)
#...............................................................................................................................................................................................................................................................................
#  Minimum found with precision: |df|/f =  1.00000e-08 and |dx| =  1.00000e-05
#  Elapsed time: 00 days, 00:00:55.1248720
#  iteration            [002629]
#  function evaluations [002631]
#  gradient evaluations [000000]
#  degrees of freedom   [001688]
#  m2lnL     =     1481.52092286597 (     1451.3332  0.0098026712      1.381623     1.0430656     3.2868068    0.64218427    0.89817441     1.0539302      1.683894     20.188212 )
#  Fit parameters:
#     71.3932984498916     0.269303261659736   -0.384556583788464   -1.14517777581692    -1.01997464157055    -0.756824076479406   -0.617254265534326   -1.46835008814895    -0.714954650116309   -1.74991280126259    -4.88578294187633     0.288568608759693   -19.2887939939563    
#----------------------------------------------------------------------------------
# Restarting:              yes
#  - absolute improvement: 0.457521178549769     
#  - relative improvement: 0.000308723234395456  
#  - m2lnL_2  :            1481.97844404452      
#  - m2lnL_3  :            1481.52092286597      
#----------------------------------------------------------------------------------
# Model fitting. Interating using:
#  - solver:            NLOpt:ln-neldermead
#  - differentiation:   Numerical differentiantion (forward)
#...........................................................................................
#  Minimum found with precision: |df|/f =  1.00000e-08 and |dx| =  1.00000e-05
#  Elapsed time: 00 days, 00:00:17.3734260
#  iteration            [000826]
#  function evaluations [000828]
#  gradient evaluations [000000]
#  degrees of freedom   [001688]
#  m2lnL     =     1481.51776720976 (     1451.3382  0.0093416927     1.3926704     1.0243539     3.2813061    0.63819138    0.89604595     1.0526292     1.6908796      20.19418 )
#  Fit parameters:
#     71.4066850269246     0.269416987191635   -0.391024057720011   -1.14773287860405    -1.03026430936597    -0.769151677267001   -0.595191667248334   -1.48390153994847    -0.716372649517431   -1.75041204187978    -4.99073303633539     0.294382919150764   -19.2885089646905    
#----------------------------------------------------------------------------------
# Restarting:              yes
#  - absolute improvement: 0.00315565620712732   
#  - relative improvement: 2.13001123266135e-06  
#  - m2lnL_3  :            1481.52092286597      
#  - m2lnL_4  :            1481.51776720976      
#----------------------------------------------------------------------------------
# Model fitting. Interating using:
#  - solver:            NLOpt:ln-neldermead
#  - differentiation:   Numerical differentiantion (forward)
#..............................................................
#  Minimum found with precision: |df|/f =  1.00000e-08 and |dx| =  1.00000e-05
#  Elapsed time: 00 days, 00:00:11.2179190
#  iteration            [000533]
#  function evaluations [000535]
#  gradient evaluations [000000]
#  degrees of freedom   [001688]
#  m2lnL     =      1481.5165763064 (     1451.3346  0.0096826792       1.38841     1.0313981     3.2750761    0.63852753    0.89727574     1.0574191     1.6874999     20.196717 )
#  Fit parameters:
#     71.4096678287189     0.269217939365631   -0.399703325056286   -1.14708521933174    -1.0272435236768     -0.762601529460143   -0.607089418243824   -1.47188545628745    -0.724472026166566   -1.7403676844788     -4.99925065945286     0.294986123596777   -19.2886857069388    
#----------------------------------------------------------------------------------
# Restarting:              yes
#  - absolute improvement: 0.0011909033567008    
#  - relative improvement: 8.03840077425267e-07  
#  - m2lnL_4  :            1481.51776720976      
#  - m2lnL_5  :            1481.5165763064       
#----------------------------------------------------------------------------------
# Model fitting. Interating using:
#  - solver:            NLOpt:ln-neldermead
#  - differentiation:   Numerical differentiantion (forward)
#................................
#  Minimum found with precision: |df|/f =  1.00000e-08 and |dx| =  1.00000e-05
#  Elapsed time: 00 days, 00:00:04.9395280
#  iteration            [000234]
#  function evaluations [000236]
#  gradient evaluations [000000]
#  degrees of freedom   [001688]
#  m2lnL     =     1481.51653405933 (     1451.3261  0.0097035313     1.3879358     1.0319643     3.2783654    0.63788199    0.89697237     1.0561753      1.688563     20.202904 )
#  Fit parameters:
#     71.4113978027917     0.26926204306625    -0.39923221135552    -1.14708491668903    -1.02707683687622    -0.762528295329092   -0.60764854944127    -1.47300201697938    -0.724270831357278   -1.73996949888002    -4.99912477310332     0.294966651057023   -19.288625448421     
#----------------------------------------------------------------------------------
# Restarting:              no
#  - absolute improvement: 4.22470704961597e-05  
#  - relative improvement: 2.85160970668899e-08  
#  - m2lnL_5  :            1481.5165763064       
#  - m2lnL_6  :            1481.51653405933      
#----------------------------------------------------------------------------------
# Data used:
#   - Pantheon+SH0ES Sample STAT+SYS (2022)
#   - 6dFGRS -- Beutler (2011), BAO Sample R-Dv
#   - SDSS-DR7-lowz -- Ross (2015), Empirical m2lnp
#   - SDSS DR12 (final consensus) -- Ross et al. (2016), arXiv:1607.03145; Alam
#        et al. (2016), arXiv:1607.03155; BAO Sample(D_t / r_sd, DH / r_sd) --
#        DR16 Compatible
#   - SDSS DR16 -- Alam et al., PRD 103, 083533 (2021); BAO LRG Sample(D_t /
#        r_sd, DH / r_sd)
#   - SDSS DR16 -- Alam et al., PRD 103, 083533 (2021); BAO QSO Sample(D_t /
#        r_sd, DH / r_sd)
#   - SDSS DR16 -- Alam et al., PRD 103, 083533 (2021) -- BAO ELG Sample,
#        Empirical m2lnp
#   - SDSS DR16 -- Alam et al., PRD 103, 083533 (2021) -- BAO Lyman alpha
#        autocorrelation Sample, Empirical m2lnp
#   - SDSS DR16 -- Alam et al., PRD 103, 083533 (2021) -- BAO Lyman alpha QSO
#        cross-correlation Sample, Empirical m2lnp
#   - Gomez-Valent 2018 -- arXiv:1802.01505
#----------------------------------------------------------------------------------
# Model[03000]:
#   - NcHICosmo : XCDM - Constant EOS
#----------------------------------------------------------------------------------
# Model parameters
#   -           H0[00]:  71.4113978027917    [FREE]
#   -       Omegac[01]:  0.26926204306625    [FREE]
#   -       Omegak[02]:  0                   [FIXED]
#   -      Tgamma0[03]:  2.7245              [FIXED]
#   -           Yp[04]:  0.24                [FIXED]
#   -         ENnu[05]:  3.046               [FIXED]
#   -       Omegab[06]:  0.05                [FIXED]
#   -          w_0[07]: -0.39923221135552    [FREE]
#   -          w_1[08]: -1.14708491668903    [FREE]
#   -          w_2[09]: -1.02707683687622    [FREE]
#   -          w_3[10]: -0.762528295329092   [FREE]
#   -          w_4[11]: -0.60764854944127    [FREE]
#   -          w_5[12]: -1.47300201697938    [FREE]
#   -          w_6[13]: -0.724270831357278   [FREE]
#   -          w_7[14]: -1.73996949888002    [FREE]
#   -          w_8[15]: -4.99912477310332    [FREE]
#   -          w_9[16]:  0.294966651057023   [FREE]
#----------------------------------------------------------------------------------
# Model[14000]:
#   - NcSNIADistCov : Supernovae Ia Distance Covariance
#----------------------------------------------------------------------------------
# Model parameters
#   -        alpha[00]:  0                   [FIXED]
#   -         beta[01]:  0                   [FIXED]
#   -           M1[02]: -19.288625448421     [FREE]
#   -           M2[03]: -19.25               [FIXED]
#   - lnsigma_pecz[04]: -34.5387763949107    [FIXED]
#   - lnsigma_lens[05]: -34.5387763949107    [FIXED]
#----------------------------------------------------------------------------------
# NcmMSet parameters covariance matrix
#                                                  ----------------------------------------------------------------------------------------------------------------------------------------------------------------------------------------------------
#     H0[03000:00] =  71.41       +/-  1.646       |  1           | -0.3759      | -0.6447      | -0.3484      | -0.4477      |  0.2895      | -0.1911      |  0.1057      | -0.09434     |  0.03054     | -nan         | -nan         |  0.6624      |
# Omegac[03000:01] =  0.2693      +/-  0.02185     | -0.3759      |  1           |  0.4678      |  0.1553      |  0.2781      | -0.1768      |  0.06818     | -0.1472      | -0.1718      | -0.1139      | -nan         | -nan         |  0.026       |
#    w_0[03000:07] = -0.3992      +/-  1.435       | -0.6447      |  0.4678      |  1           |  0.6927      |  0.7733      | -0.5885      |  0.3791      | -0.2625      |  0.1195      | -0.0761      | -nan         | -nan         |  0.08521     |
#    w_1[03000:08] = -1.147       +/-  0.4918      | -0.3484      |  0.1553      |  0.6927      |  1           |  0.7128      | -0.8747      |  0.5642      | -0.3555      |  0.2025      | -0.09851     | -nan         | -nan         |  0.07677     |
#    w_2[03000:09] = -1.027       +/-  0.404       | -0.4477      |  0.2781      |  0.7733      |  0.7128      |  1           | -0.3424      |  0.002658    | -0.03056     |  0.02156     |  0.01259     | -nan         | -nan         |  0.06264     |
#    w_3[03000:10] = -0.7625      +/-  0.9332      |  0.2895      | -0.1768      | -0.5885      | -0.8747      | -0.3424      |  1           | -0.7679      |  0.4301      | -0.2235      |  0.1472      | -nan         | -nan         | -0.07742     |
#    w_4[03000:11] = -0.6076      +/-  0.9984      | -0.1911      |  0.06818     |  0.3791      |  0.5642      |  0.002658    | -0.7679      |  1           | -0.7085      |  0.2916      | -0.1493      | -nan         | -nan         |  0.04213     |
#    w_5[03000:12] = -1.473       +/-  1.191       |  0.1057      | -0.1472      | -0.2625      | -0.3555      | -0.03056     |  0.4301      | -0.7085      |  1           | -0.4312      |  0.2286      | -nan         | -nan         | -0.06872     |
#    w_6[03000:13] = -0.7243      +/-  2.588       | -0.09434     | -0.1718      |  0.1195      |  0.2025      |  0.02156     | -0.2235      |  0.2916      | -0.4312      |  1           | -0.7294      | -nan         | -nan         | -0.03397     |
#    w_7[03000:14] = -1.74        +/-  2.938       |  0.03054     | -0.1139      | -0.0761      | -0.09851     |  0.01259     |  0.1472      | -0.1493      |  0.2286      | -0.7294      |  1           | -nan         | -nan         | -0.02452     |
#    w_8[03000:15] = -4.999       +/- -nan         | -nan         | -nan         | -nan         | -nan         | -nan         | -nan         | -nan         | -nan         | -nan         | -nan         | -1           |  1.004       | -nan         |
#    w_9[03000:16] =  0.295       +/- -nan         | -nan         | -nan         | -nan         | -nan         | -nan         | -nan         | -nan         | -nan         | -nan         | -nan         |  1.004       | -1           | -nan         |
#     M1[14000:02] = -19.29       +/-  0.03585     |  0.6624      |  0.026       |  0.08521     |  0.07677     |  0.06264     | -0.07742     |  0.04213     | -0.06872     | -0.03397     | -0.02452     | -nan         | -nan         |  1           |
#                                                  ----------------------------------------------------------------------------------------------------------------------------------------------------------------------------------------------------
