#----------------------------------------------------------------------------------
# Model fitting. Interating using:
#  - solver:            NLOpt:ln-neldermead
#  - differentiation:   Numerical differentiantion (forward)
#........................................................................................................................................................
#  Minimum found with precision: |df|/f =  1.00000e-08 and |dx| =  1.00000e-05
#  Elapsed time: 00 days, 00:00:23.3907080
#  iteration            [001434]
#  function evaluations [001436]
#  gradient evaluations [000000]
#  degrees of freedom   [001692]
#  m2lnL     =     1496.28964329484 (     1459.0887   0.014053003     2.1446222    0.84441933     2.9219175     1.9653347    0.98142804     4.0709344     5.8583388     18.399901 )
#  Fit parameters:
#     71.3851968637235     0.288212858174774   -0.915185941613516   -1.18831332072476    -1.1676526590544     -0.676241679883248   -2.6315810117998     -3.79792065629371    -19.3095294739541    
#----------------------------------------------------------------------------------
# Restarting:              yes
#  - absolute improvement: 885.137272035088      
#  - relative improvement: 0.371683576068283     
#  - m2lnL_0  :            2381.42691532993      
#  - m2lnL_1  :            1496.28964329484      
#----------------------------------------------------------------------------------
# Model fitting. Interating using:
#  - solver:            NLOpt:ln-neldermead
#  - differentiation:   Numerical differentiantion (forward)
#..........................................................................................................................................................................................
#  Minimum found with precision: |df|/f =  1.00000e-08 and |dx| =  1.00000e-05
#  Elapsed time: 00 days, 00:00:32.5976550
#  iteration            [001773]
#  function evaluations [001775]
#  gradient evaluations [000000]
#  degrees of freedom   [001692]
#  m2lnL     =     1483.60422285316 (     1450.0131   0.017920352     1.2617902     1.2082258     2.5997451    0.45668658    0.86414847     1.6306895     2.8037177     22.748241 )
#  Fit parameters:
#     71.6280208109016     0.281015814603022   -0.32969381589913    -1.14031070130898    -0.806748572825069   -1.22976573408189    -4.86024693952142     0.437753679101264   -19.2810200329068    
#----------------------------------------------------------------------------------
# Restarting:              yes
#  - absolute improvement: 12.6854204416832      
#  - relative improvement: 0.00847791769362902   
#  - m2lnL_1  :            1496.28964329484      
#  - m2lnL_2  :            1483.60422285316      
#----------------------------------------------------------------------------------
# Model fitting. Interating using:
#  - solver:            NLOpt:ln-neldermead
#  - differentiation:   Numerical differentiantion (forward)
#.........................................................................................................................................................................
#  Minimum found with precision: |df|/f =  1.00000e-08 and |dx| =  1.00000e-05
#  Elapsed time: 00 days, 00:00:30.6704040
#  iteration            [001608]
#  function evaluations [001610]
#  gradient evaluations [000000]
#  degrees of freedom   [001692]
#  m2lnL     =     1482.03665961619 (     1451.3736   0.012100555     1.3241229     1.1953419     2.5420023    0.48123607    0.93966798     1.1200041     1.8546127     21.193925 )
#  Fit parameters:
#     71.3475366960832     0.236333924135902   -0.273198432731605   -1.02815424716222    -0.696576862753725   -0.87638482516036    -0.953609202765222    0.0468494996339314  -19.287949171685     
#----------------------------------------------------------------------------------
# Restarting:              yes
#  - absolute improvement: 1.56756323696322      
#  - relative improvement: 0.00105659124773088   
#  - m2lnL_2  :            1483.60422285316      
#  - m2lnL_3  :            1482.03665961619      
#----------------------------------------------------------------------------------
# Model fitting. Interating using:
#  - solver:            NLOpt:ln-neldermead
#  - differentiation:   Numerical differentiantion (forward)
#.........................
#  Minimum found with precision: |df|/f =  1.00000e-08 and |dx| =  1.00000e-05
#  Elapsed time: 00 days, 00:00:03.0398370
#  iteration            [000163]
#  function evaluations [000165]
#  gradient evaluations [000000]
#  degrees of freedom   [001692]
#  m2lnL     =     1482.03663718689 (     1451.3772   0.011878146      1.326787     1.1922354     2.5445453    0.48223986    0.93986413     1.1198994     1.8536824     21.188292 )
#  Fit parameters:
#     71.3476086166474     0.23620971156764    -0.273031861303552   -1.02804522552824    -0.696364153113039   -0.876039312857886   -0.952693616398607    0.0467651145138006  -19.2879552513159    
#----------------------------------------------------------------------------------
# Restarting:              no
#  - absolute improvement: 2.24293060000491e-05  
#  - relative improvement: 1.51341101142921e-08  
#  - m2lnL_3  :            1482.03665961619      
#  - m2lnL_4  :            1482.03663718689      
#----------------------------------------------------------------------------------
# Data used:
#   - Pantheon+SH0ES Sample STAT+SYS (2022)
#   - 6dFGRS -- Beutler (2011), BAO Sample R-Dv
#   - SDSS-DR7-lowz -- Ross (2015), Empirical m2lnp
#   - SDSS DR12 (final consensus) -- Ross et al. (2016), arXiv:1607.03145; Alam
#        et al. (2016), arXiv:1607.03155; BAO Sample(D_t / r_sd, DH / r_sd) --
#        DR16 Compatible
#   - SDSS DR16 -- Alam et al., PRD 103, 083533 (2021); BAO LRG Sample(D_t /
#        r_sd, DH / r_sd)
#   - SDSS DR16 -- Alam et al., PRD 103, 083533 (2021); BAO QSO Sample(D_t /
#        r_sd, DH / r_sd)
#   - SDSS DR16 -- Alam et al., PRD 103, 083533 (2021) -- BAO ELG Sample,
#        Empirical m2lnp
#   - SDSS DR16 -- Alam et al., PRD 103, 083533 (2021) -- BAO Lyman alpha
#        autocorrelation Sample, Empirical m2lnp
#   - SDSS DR16 -- Alam et al., PRD 103, 083533 (2021) -- BAO Lyman alpha QSO
#        cross-correlation Sample, Empirical m2lnp
#   - Gomez-Valent 2018 -- arXiv:1802.01505
#----------------------------------------------------------------------------------
# Model[03000]:
#   - NcHICosmo : XCDM - Constant EOS
#----------------------------------------------------------------------------------
# Model parameters
#   -           H0[00]:  71.3476086166474    [FREE]
#   -       Omegac[01]:  0.23620971156764    [FREE]
#   -       Omegak[02]:  0                   [FIXED]
#   -      Tgamma0[03]:  2.7245              [FIXED]
#   -           Yp[04]:  0.24                [FIXED]
#   -         ENnu[05]:  3.046               [FIXED]
#   -       Omegab[06]:  0.05                [FIXED]
#   -          w_0[07]: -0.273031861303552   [FREE]
#   -          w_1[08]: -1.02804522552824    [FREE]
#   -          w_2[09]: -0.696364153113039   [FREE]
#   -          w_3[10]: -0.876039312857886   [FREE]
#   -          w_4[11]: -0.952693616398607   [FREE]
#   -          w_5[12]:  0.0467651145138006  [FREE]
#----------------------------------------------------------------------------------
# Model[14000]:
#   - NcSNIADistCov : Supernovae Ia Distance Covariance
#----------------------------------------------------------------------------------
# Model parameters
#   -        alpha[00]:  0                   [FIXED]
#   -         beta[01]:  0                   [FIXED]
#   -           M1[02]: -19.2879552513159    [FREE]
#   -           M2[03]: -19.25               [FIXED]
#   - lnsigma_pecz[04]: -34.5387763949107    [FIXED]
#   - lnsigma_lens[05]: -34.5387763949107    [FIXED]
#----------------------------------------------------------------------------------
# NcmMSet parameters covariance matrix
#                                                  ----------------------------------------------------------------------------------------------------------------------------------------
#     H0[03000:00] =  71.35       +/-  0.9908      |  1           | -0.09583     | -0.4759      |  0.169       | -0.03117     |  0.07052     |  0.0798      | -0.06606     |  0.8179      |
# Omegac[03000:01] =  0.2362      +/-  0.1549      | -0.09583     |  1           |  0.1917      | -0.9681      | -0.8778      | -0.9489      | -0.9951      |  0.9851      |  0.04082     |
#    w_0[03000:07] = -0.273       +/-  0.4275      | -0.4759      |  0.1917      |  1           | -0.3716      |  0.1401      | -0.2516      | -0.1739      |  0.1296      |  0.04999     |
#    w_1[03000:08] = -1.028       +/-  0.3627      |  0.169       | -0.9681      | -0.3716      |  1           |  0.8254      |  0.9034      |  0.9632      | -0.9529      | -0.04448     |
#    w_2[03000:09] = -0.6964      +/-  0.3332      | -0.03117     | -0.8778      |  0.1401      |  0.8254      |  1           |  0.7567      |  0.8766      | -0.9029      | -0.02154     |
#    w_3[03000:10] = -0.876       +/-  0.7844      |  0.07052     | -0.9489      | -0.2516      |  0.9034      |  0.7567      |  1           |  0.9408      | -0.903       | -0.08423     |
#    w_4[03000:11] = -0.9527      +/-  1.831       |  0.0798      | -0.9951      | -0.1739      |  0.9632      |  0.8766      |  0.9408      |  1           | -0.994       | -0.04306     |
#    w_5[03000:12] =  0.04677     +/-  0.1377      | -0.06606     |  0.9851      |  0.1296      | -0.9529      | -0.9029      | -0.903       | -0.994       |  1           |  0.04223     |
#     M1[14000:02] = -19.29       +/-  0.02527     |  0.8179      |  0.04082     |  0.04999     | -0.04448     | -0.02154     | -0.08423     | -0.04306     |  0.04223     |  1           |
#                                                  ----------------------------------------------------------------------------------------------------------------------------------------
