#----------------------------------------------------------------------------------
# Model fitting. Interating using:
#  - solver:            NLOpt:ln-neldermead
#  - differentiation:   Numerical differentiantion (forward)
#.................................................
#  Minimum found with precision: |df|/f =  1.00000e-08 and |dx| =  1.00000e-05
#  Elapsed time: 00 days, 00:00:06.2898720
#  iteration            [000407]
#  function evaluations [000409]
#  gradient evaluations [000000]
#  degrees of freedom   [001695]
#  m2lnL     =     1499.49214121194 (     1457.5859    0.01280229     2.1906313      1.894938     4.1908095     1.3186492    0.92613708     5.5079762     7.4341146     18.430148 )
#  Fit parameters:
#     71.5333571426041     0.289863088223434   -0.909797590358967   -1.11359225875297    -1.03988204761122    -19.3025164085298    
#----------------------------------------------------------------------------------
# Restarting:              yes
#  - absolute improvement: 881.934774117988      
#  - relative improvement: 0.370338794963944     
#  - m2lnL_0  :            2381.42691532993      
#  - m2lnL_1  :            1499.49214121194      
#----------------------------------------------------------------------------------
# Model fitting. Interating using:
#  - solver:            NLOpt:ln-neldermead
#  - differentiation:   Numerical differentiantion (forward)
#...........................................................................................
#  Minimum found with precision: |df|/f =  1.00000e-08 and |dx| =  1.00000e-05
#  Elapsed time: 00 days, 00:00:12.7455900
#  iteration            [000824]
#  function evaluations [000826]
#  gradient evaluations [000000]
#  degrees of freedom   [001695]
#  m2lnL     =     1495.07863061435 (     1456.9704  0.00039579288     1.8635974     1.7237047     3.9526404     0.8565301    0.93873624     4.0517885     5.9075609     18.813242 )
#  Fit parameters:
#     71.8234250162474     0.288078938789809   -1.08192708455376    -1.04702517278979    -4.9995966747953     -19.3017172285694    
#----------------------------------------------------------------------------------
# Restarting:              yes
#  - absolute improvement: 4.41351059759199      
#  - relative improvement: 0.00294333693141256   
#  - m2lnL_1  :            1499.49214121194      
#  - m2lnL_2  :            1495.07863061435      
#----------------------------------------------------------------------------------
# Model fitting. Interating using:
#  - solver:            NLOpt:ln-neldermead
#  - differentiation:   Numerical differentiantion (forward)
#.....................
#  Minimum found with precision: |df|/f =  1.00000e-08 and |dx| =  1.00000e-05
#  Elapsed time: 00 days, 00:00:01.9719320
#  iteration            [000125]
#  function evaluations [000127]
#  gradient evaluations [000000]
#  degrees of freedom   [001695]
#  m2lnL     =     1495.07849322653 (     1456.9627  0.0004648244     1.8688931     1.7289338     3.9585313    0.85733253    0.93912088     4.0457009     5.9008639      18.81595 )
#  Fit parameters:
#     71.8265515666154     0.287996829378013   -1.08177086814021    -1.04687827001936    -4.99989549068942    -19.301642093814     
#----------------------------------------------------------------------------------
# Restarting:              no
#  - absolute improvement: 0.000137387812401357  
#  - relative improvement: 9.18933690764498e-08  
#  - m2lnL_2  :            1495.07863061435      
#  - m2lnL_3  :            1495.07849322653      
#----------------------------------------------------------------------------------
# Data used:
#   - Pantheon+SH0ES Sample STAT+SYS (2022)
#   - 6dFGRS -- Beutler (2011), BAO Sample R-Dv
#   - SDSS-DR7-lowz -- Ross (2015), Empirical m2lnp
#   - SDSS DR12 (final consensus) -- Ross et al. (2016), arXiv:1607.03145; Alam
#        et al. (2016), arXiv:1607.03155; BAO Sample(D_t / r_sd, DH / r_sd) --
#        DR16 Compatible
#   - SDSS DR16 -- Alam et al., PRD 103, 083533 (2021); BAO LRG Sample(D_t /
#        r_sd, DH / r_sd)
#   - SDSS DR16 -- Alam et al., PRD 103, 083533 (2021); BAO QSO Sample(D_t /
#        r_sd, DH / r_sd)
#   - SDSS DR16 -- Alam et al., PRD 103, 083533 (2021) -- BAO ELG Sample,
#        Empirical m2lnp
#   - SDSS DR16 -- Alam et al., PRD 103, 083533 (2021) -- BAO Lyman alpha
#        autocorrelation Sample, Empirical m2lnp
#   - SDSS DR16 -- Alam et al., PRD 103, 083533 (2021) -- BAO Lyman alpha QSO
#        cross-correlation Sample, Empirical m2lnp
#   - Gomez-Valent 2018 -- arXiv:1802.01505
#----------------------------------------------------------------------------------
# Model[03000]:
#   - NcHICosmo : XCDM - Constant EOS
#----------------------------------------------------------------------------------
# Model parameters
#   -           H0[00]:  71.8265515666154    [FREE]
#   -       Omegac[01]:  0.287996829378013   [FREE]
#   -       Omegak[02]:  0                   [FIXED]
#   -      Tgamma0[03]:  2.7245              [FIXED]
#   -           Yp[04]:  0.24                [FIXED]
#   -         ENnu[05]:  3.046               [FIXED]
#   -       Omegab[06]:  0.05                [FIXED]
#   -          w_0[07]: -1.08177086814021    [FREE]
#   -          w_1[08]: -1.04687827001936    [FREE]
#   -          w_2[09]: -4.99989549068942    [FREE]
#----------------------------------------------------------------------------------
# Model[14000]:
#   - NcSNIADistCov : Supernovae Ia Distance Covariance
#----------------------------------------------------------------------------------
# Model parameters
#   -        alpha[00]:  0                   [FIXED]
#   -         beta[01]:  0                   [FIXED]
#   -           M1[02]: -19.301642093814     [FREE]
#   -           M2[03]: -19.25               [FIXED]
#   - lnsigma_pecz[04]: -34.5387763949107    [FIXED]
#   - lnsigma_lens[05]: -34.5387763949107    [FIXED]
#----------------------------------------------------------------------------------
# NcmMSet parameters covariance matrix
#                                                  -------------------------------------------------------------------------------------------
#     H0[03000:00] =  71.83       +/-  0.9049      |  1           | -0.1247      | -0.3232      | -0.06554     | -0.207       |  0.9197      |
# Omegac[03000:01] =  0.288       +/-  0.01141     | -0.1247      |  1           |  0.1796      | -0.1779      | -0.001744    |  0.06289     |
#    w_0[03000:07] = -1.082       +/-  0.1401      | -0.3232      |  0.1796      |  1           | -0.5138      |  0.6547      | -0.004887    |
#    w_1[03000:08] = -1.047       +/-  0.05468     | -0.06554     | -0.1779      | -0.5138      |  1           | -0.688       | -0.1391      |
#    w_2[03000:09] = -5           +/-  2.99        | -0.207       | -0.001744    |  0.6547      | -0.688       |  1           | -0.07626     |
#     M1[14000:02] = -19.3        +/-  0.02494     |  0.9197      |  0.06289     | -0.004887    | -0.1391      | -0.07626     |  1           |
#                                                  -------------------------------------------------------------------------------------------
