#----------------------------------------------------------------------------------
# Model fitting. Interating using:
#  - solver:            NLOpt:ln-neldermead
#  - differentiation:   Numerical differentiantion (forward)
#........................................................................................................................................................
#  Minimum found with precision: |df|/f =  1.00000e-08 and |dx| =  1.00000e-05
#  Elapsed time: 00 days, 00:00:26.1886800
#  iteration            [001436]
#  function evaluations [001438]
#  gradient evaluations [000000]
#  degrees of freedom   [001690]
#  m2lnL     =     1500.17802242643 (     1460.4617  0.0090753161     2.2478306     1.1603316      2.757649     1.6832351    0.99664839      5.266163     7.1513596      18.44406 )
#  Fit parameters:
#     71.8212085631124     0.283105005201577   -1.35866220620316    -1.17796322892529    -1.3686820865159     -1.10313976312118    -0.83321911897587    -1.48249676222392    -1.45786286135581    -1.00439301863198    -19.3067452752248    
#----------------------------------------------------------------------------------
# Restarting:              yes
#  - absolute improvement: 881.248892903499      
#  - relative improvement: 0.37005078225607      
#  - m2lnL_0  :            2381.42691532993      
#  - m2lnL_1  :            1500.17802242643      
#----------------------------------------------------------------------------------
# Model fitting. Interating using:
#  - solver:            NLOpt:ln-neldermead
#  - differentiation:   Numerical differentiantion (forward)
#......................................................................................................................................................................
#  Minimum found with precision: |df|/f =  1.00000e-08 and |dx| =  1.00000e-05
#  Elapsed time: 00 days, 00:00:33.2961580
#  iteration            [001576]
#  function evaluations [001578]
#  gradient evaluations [000000]
#  degrees of freedom   [001690]
#  m2lnL     =     1484.19857343014 (     1450.4698   0.030775791     1.3643408     1.1367357      3.459197    0.19140717    0.75977001     1.5439003     2.6331264     22.609511 )
#  Fit parameters:
#     72.4729044077892     0.264738851724715   -1.23388550133227    -1.18527984663765    -1.12855399841539    -0.398860968753266   -1.69494916637341    -1.90655900187445    -1.32234717030893     0.106520694816038   -19.2804882989313    
#----------------------------------------------------------------------------------
# Restarting:              yes
#  - absolute improvement: 15.9794489962896      
#  - relative improvement: 0.0106517018363221    
#  - m2lnL_1  :            1500.17802242643      
#  - m2lnL_2  :            1484.19857343014      
#----------------------------------------------------------------------------------
# Model fitting. Interating using:
#  - solver:            NLOpt:ln-neldermead
#  - differentiation:   Numerical differentiantion (forward)
#....................................................................................................................................................................................
#  Minimum found with precision: |df|/f =  1.00000e-08 and |dx| =  1.00000e-05
#  Elapsed time: 00 days, 00:00:33.9817010
#  iteration            [001712]
#  function evaluations [001714]
#  gradient evaluations [000000]
#  degrees of freedom   [001690]
#  m2lnL     =      1481.5696667963 (     1451.0318  0.0097479578     1.3769042     1.0915658     3.1309902    0.54473118    0.89873234     1.0883391     1.7235066     20.673354 )
#  Fit parameters:
#     71.4005146492205     0.268421214908673   -0.375405350556354   -1.14791731781542    -0.921835583068603   -0.614959187119378   -1.33355678414529    -0.859419960368293   -3.04222711537999     0.224325241070962   -19.2882624846839    
#----------------------------------------------------------------------------------
# Restarting:              yes
#  - absolute improvement: 2.62890663383382      
#  - relative improvement: 0.00177126341508208   
#  - m2lnL_2  :            1484.19857343014      
#  - m2lnL_3  :            1481.5696667963       
#----------------------------------------------------------------------------------
# Model fitting. Interating using:
#  - solver:            NLOpt:ln-neldermead
#  - differentiation:   Numerical differentiantion (forward)
#..................................................................
#  Minimum found with precision: |df|/f =  1.00000e-08 and |dx| =  1.00000e-05
#  Elapsed time: 00 days, 00:00:11.4170270
#  iteration            [000579]
#  function evaluations [000581]
#  gradient evaluations [000000]
#  degrees of freedom   [001690]
#  m2lnL     =     1481.55645398268 (     1451.0336  0.0095905821     1.3939068      1.075821     3.1463016    0.54863177     0.8940316     1.0817914     1.7204161       20.6524 )
#  Fit parameters:
#     71.4376676113923     0.268177611610623   -0.431459074287136   -1.16299674915239    -0.945017826294622   -0.579360932531291   -1.36820635451168    -0.820708869643524   -3.11227642307278     0.230388328855397   -19.2884805131942    
#----------------------------------------------------------------------------------
# Restarting:              yes
#  - absolute improvement: 0.013212813618793     
#  - relative improvement: 8.91811834091066e-06  
#  - m2lnL_3  :            1481.5696667963       
#  - m2lnL_4  :            1481.55645398268      
#----------------------------------------------------------------------------------
# Model fitting. Interating using:
#  - solver:            NLOpt:ln-neldermead
#  - differentiation:   Numerical differentiantion (forward)
#....................................................................................................................................................................................................................................................
#  Minimum found with precision: |df|/f =  1.00000e-08 and |dx| =  1.00000e-05
#  Elapsed time: 00 days, 00:00:48.7097060
#  iteration            [002359]
#  function evaluations [002361]
#  gradient evaluations [000000]
#  degrees of freedom   [001690]
#  m2lnL     =     1481.43604039192 (     1451.3003  0.0092756481     1.4010318     1.0882641     3.3254613    0.71240714    0.90059004     1.0396654     1.6652936     19.993709 )
#  Fit parameters:
#     71.4380460868435     0.269319811234416   -0.447567597378137   -1.17409753913962    -0.950117255620043   -0.563511866418873   -1.42657461780594    -0.49662787667899    -4.99965636594602     0.367113538985495   -19.2887794698454    
#----------------------------------------------------------------------------------
# Restarting:              yes
#  - absolute improvement: 0.120413590767839     
#  - relative improvement: 8.12750607269445e-05  
#  - m2lnL_4  :            1481.55645398268      
#  - m2lnL_5  :            1481.43604039192      
#----------------------------------------------------------------------------------
# Model fitting. Interating using:
#  - solver:            NLOpt:ln-neldermead
#  - differentiation:   Numerical differentiantion (forward)
#...........................
#  Minimum found with precision: |df|/f =  1.00000e-08 and |dx| =  1.00000e-05
#  Elapsed time: 00 days, 00:00:03.9739570
#  iteration            [000186]
#  function evaluations [000188]
#  gradient evaluations [000000]
#  degrees of freedom   [001690]
#  m2lnL     =     1481.43602497367 (     1451.2992  0.0092847657     1.4010159     1.0883267     3.3245957      0.714608    0.90083649     1.0394622     1.6629256     19.995725 )
#  Fit parameters:
#     71.4375765188855     0.269293355659613   -0.447239078350361   -1.17396833233542    -0.949968443841973   -0.563358962725341   -1.42603835609692    -0.494361170926836   -4.99944197320209     0.367098577220733   -19.2887708801046    
#----------------------------------------------------------------------------------
# Restarting:              no
#  - absolute improvement: 1.54182509959355e-05  
#  - relative improvement: 1.04076386530036e-08  
#  - m2lnL_5  :            1481.43604039192      
#  - m2lnL_6  :            1481.43602497367      
#----------------------------------------------------------------------------------
# Data used:
#   - Pantheon+SH0ES Sample STAT+SYS (2022)
#   - 6dFGRS -- Beutler (2011), BAO Sample R-Dv
#   - SDSS-DR7-lowz -- Ross (2015), Empirical m2lnp
#   - SDSS DR12 (final consensus) -- Ross et al. (2016), arXiv:1607.03145; Alam
#        et al. (2016), arXiv:1607.03155; BAO Sample(D_t / r_sd, DH / r_sd) --
#        DR16 Compatible
#   - SDSS DR16 -- Alam et al., PRD 103, 083533 (2021); BAO LRG Sample(D_t /
#        r_sd, DH / r_sd)
#   - SDSS DR16 -- Alam et al., PRD 103, 083533 (2021); BAO QSO Sample(D_t /
#        r_sd, DH / r_sd)
#   - SDSS DR16 -- Alam et al., PRD 103, 083533 (2021) -- BAO ELG Sample,
#        Empirical m2lnp
#   - SDSS DR16 -- Alam et al., PRD 103, 083533 (2021) -- BAO Lyman alpha
#        autocorrelation Sample, Empirical m2lnp
#   - SDSS DR16 -- Alam et al., PRD 103, 083533 (2021) -- BAO Lyman alpha QSO
#        cross-correlation Sample, Empirical m2lnp
#   - Gomez-Valent 2018 -- arXiv:1802.01505
#----------------------------------------------------------------------------------
# Model[03000]:
#   - NcHICosmo : XCDM - Constant EOS
#----------------------------------------------------------------------------------
# Model parameters
#   -           H0[00]:  71.4375765188855    [FREE]
#   -       Omegac[01]:  0.269293355659613   [FREE]
#   -       Omegak[02]:  0                   [FIXED]
#   -      Tgamma0[03]:  2.7245              [FIXED]
#   -           Yp[04]:  0.24                [FIXED]
#   -         ENnu[05]:  3.046               [FIXED]
#   -       Omegab[06]:  0.05                [FIXED]
#   -          w_0[07]: -0.447239078350361   [FREE]
#   -          w_1[08]: -1.17396833233542    [FREE]
#   -          w_2[09]: -0.949968443841973   [FREE]
#   -          w_3[10]: -0.563358962725341   [FREE]
#   -          w_4[11]: -1.42603835609692    [FREE]
#   -          w_5[12]: -0.494361170926836   [FREE]
#   -          w_6[13]: -4.99944197320209    [FREE]
#   -          w_7[14]:  0.367098577220733   [FREE]
#----------------------------------------------------------------------------------
# Model[14000]:
#   - NcSNIADistCov : Supernovae Ia Distance Covariance
#----------------------------------------------------------------------------------
# Model parameters
#   -        alpha[00]:  0                   [FIXED]
#   -         beta[01]:  0                   [FIXED]
#   -           M1[02]: -19.2887708801046    [FREE]
#   -           M2[03]: -19.25               [FIXED]
#   - lnsigma_pecz[04]: -34.5387763949107    [FIXED]
#   - lnsigma_lens[05]: -34.5387763949107    [FIXED]
#----------------------------------------------------------------------------------
# NcmMSet parameters covariance matrix
#                                                  ----------------------------------------------------------------------------------------------------------------------------------------------------------------------
#     H0[03000:00] =  71.44       +/-  1.102       |  1           | -0.3321      | -0.6007      | -0.1202      | -0.413       |  0.2367      | -0.1874      |  0.1499      | -0.1759      |  0.1776      |  0.7227      |
# Omegac[03000:01] =  0.2693      +/-  0.01555     | -0.3321      |  1           |  0.4355      | -0.07864     |  0.2448      | -0.1702      | -0.06555     | -0.2376      |  0.08284     | -0.08137     |  0.008775    |
#    w_0[03000:07] = -0.4472      +/-  0.7867      | -0.6007      |  0.4355      |  1           |  0.3361      |  0.8013      | -0.5251      |  0.3374      | -0.3716      |  0.3716      | -0.3718      |  0.05713     |
#    w_1[03000:08] = -1.174       +/-  0.1737      | -0.1202      | -0.07864     |  0.3361      |  1           |  0.691       | -0.8128      |  0.5442      | -0.3765      |  0.392       | -0.4012      |  0.02953     |
#    w_2[03000:09] = -0.95        +/-  0.2697      | -0.413       |  0.2448      |  0.8013      |  0.691       |  1           | -0.5668      |  0.2436      | -0.2819      |  0.3075      | -0.3065      |  0.04533     |
#    w_3[03000:10] = -0.5634      +/-  0.3953      |  0.2367      | -0.1702      | -0.5251      | -0.8128      | -0.5668      |  1           | -0.6947      |  0.4497      | -0.4102      |  0.4253      | -0.05551     |
#    w_4[03000:11] = -1.426       +/-  0.67        | -0.1874      | -0.06555     |  0.3374      |  0.5442      |  0.2436      | -0.6947      |  1           | -0.5507      |  0.4964      | -0.5176      | -0.009322    |
#    w_5[03000:12] = -0.4944      +/-  2.055       |  0.1499      | -0.2376      | -0.3716      | -0.3765      | -0.2819      |  0.4497      | -0.5507      |  1           | -0.9094      |  0.9114      | -0.08018     |
#    w_6[03000:13] = -4.999       +/-  10.08       | -0.1759      |  0.08284     |  0.3716      |  0.392       |  0.3075      | -0.4102      |  0.4964      | -0.9094      |  1           | -0.9996      |  0.04616     |
#    w_7[03000:14] =  0.3671      +/-  0.7068      |  0.1776      | -0.08137     | -0.3718      | -0.4012      | -0.3065      |  0.4253      | -0.5176      |  0.9114      | -0.9996      |  1           | -0.04215     |
#     M1[14000:02] = -19.29       +/-  0.02529     |  0.7227      |  0.008775    |  0.05713     |  0.02953     |  0.04533     | -0.05551     | -0.009322    | -0.08018     |  0.04616     | -0.04215     |  1           |
#                                                  ----------------------------------------------------------------------------------------------------------------------------------------------------------------------
