#----------------------------------------------------------------------------------
# Model fitting. Interating using:
#  - solver:            NLOpt:ln-neldermead
#  - differentiation:   Numerical differentiantion (forward)
#.................................................................................................................................................................................................................................................................................................................................................................
#  Minimum found with precision: |df|/f =  1.00000e-08 and |dx| =  1.00000e-05
#  Elapsed time: 00 days, 00:01:24.0798190
#  iteration            [003446]
#  function evaluations [003448]
#  gradient evaluations [000000]
#  degrees of freedom   [001688]
#  m2lnL     =      1484.5023579654 (     1450.6398   0.016553855     1.3308639    0.83943682     3.9551166    0.84453187    0.41631143    0.85452256     2.0344826     23.570712 )
#  Fit parameters:
#     71.8588760672589     0.311673956816364   -0.141738985792993   -0.423004959388522   -0.877501407091553   -0.981782738056739   -1.24399426571356    -0.0137142191169503  -4.09460690484469    -0.659659470466535   -0.633153676314326   -0.978571164828443   -19.2794741027435    
#----------------------------------------------------------------------------------
# Restarting:              yes
#  - absolute improvement: 896.92455736453       
#  - relative improvement: 0.376633249414782     
#  - m2lnL_0  :            2381.42691532993      
#  - m2lnL_1  :            1484.5023579654       
#----------------------------------------------------------------------------------
# Model fitting. Interating using:
#  - solver:            NLOpt:ln-neldermead
#  - differentiation:   Numerical differentiantion (forward)
#.......................................................................................................................................................................................................................................................................................................................................................................................................................................................................................................................................................................................
#  Minimum found with precision: |df|/f =  1.00000e-08 and |dx| =  1.00000e-05
#  Elapsed time: 00 days, 00:02:24.3998020
#  iteration            [005585]
#  function evaluations [005587]
#  gradient evaluations [000000]
#  degrees of freedom   [001688]
#  m2lnL     =     1480.02674117442 (     1449.7237   0.011489149     1.3478314    0.95708847     4.5142873     1.0315942    0.62013508    0.18500643    0.53611298     21.099475 )
#  Fit parameters:
#     71.5274928296264     0.313330110212039   -0.160557778669653   -0.372904449554595   -1.04418109284824    -0.961906567239653   -0.773883183949386   -0.570399139797258   -2.46720579824812    -0.0978500287267886  -4.99989318859311     0.230302027361858   -19.2831434846764    
#----------------------------------------------------------------------------------
# Restarting:              yes
#  - absolute improvement: 4.47561679097771      
#  - relative improvement: 0.00301489368943261   
#  - m2lnL_1  :            1484.5023579654       
#  - m2lnL_2  :            1480.02674117442      
#----------------------------------------------------------------------------------
# Model fitting. Interating using:
#  - solver:            NLOpt:ln-neldermead
#  - differentiation:   Numerical differentiantion (forward)
#................................................................................................................................
#  Minimum found with precision: |df|/f =  1.00000e-08 and |dx| =  1.00000e-05
#  Elapsed time: 00 days, 00:00:27.8865120
#  iteration            [001191]
#  function evaluations [001193]
#  gradient evaluations [000000]
#  degrees of freedom   [001688]
#  m2lnL     =     1479.86005078343 (     1449.6238  0.0098070587     1.3579083    0.90511042     4.2491085    0.86015637    0.66804744    0.35151397    0.66005385     21.174507 )
#  Fit parameters:
#     71.5413105265491     0.303739865840276   -0.130663889096398   -0.336238314186354   -1.04799279785843    -0.943923795408159   -0.761520831061729   -0.615707167454375   -2.33389693579409    -0.108808723155707   -4.99972005958781     0.285979522461015   -19.2825228376584    
#----------------------------------------------------------------------------------
# Restarting:              yes
#  - absolute improvement: 0.166690390986332     
#  - relative improvement: 0.000112626607580118  
#  - m2lnL_2  :            1480.02674117442      
#  - m2lnL_3  :            1479.86005078343      
#----------------------------------------------------------------------------------
# Model fitting. Interating using:
#  - solver:            NLOpt:ln-neldermead
#  - differentiation:   Numerical differentiantion (forward)
#................................................................................................
#  Minimum found with precision: |df|/f =  1.00000e-08 and |dx| =  1.00000e-05
#  Elapsed time: 00 days, 00:00:20.5367380
#  iteration            [000877]
#  function evaluations [000879]
#  gradient evaluations [000000]
#  degrees of freedom   [001688]
#  m2lnL     =     1479.85447516734 (     1449.6061   0.009324511     1.3531588    0.90071712     4.2150391    0.82787659     0.6622199    0.35762243    0.68174748     21.240637 )
#  Fit parameters:
#     71.5107662990139     0.30413480858778    -0.12990068134479    -0.290695749159121   -1.0401628620844     -0.934444548585506   -0.782415290978251   -0.597024597026446   -2.37679329157496    -0.0962006734778807  -4.99964073511021     0.288320590218756   -19.2821615542385    
#----------------------------------------------------------------------------------
# Restarting:              yes
#  - absolute improvement: 0.00557561609343793   
#  - relative improvement: 3.76766444265201e-06  
#  - m2lnL_3  :            1479.86005078343      
#  - m2lnL_4  :            1479.85447516734      
#----------------------------------------------------------------------------------
# Model fitting. Interating using:
#  - solver:            NLOpt:ln-neldermead
#  - differentiation:   Numerical differentiantion (forward)
#..............................................
#  Minimum found with precision: |df|/f =  1.00000e-08 and |dx| =  1.00000e-05
#  Elapsed time: 00 days, 00:00:08.8328770
#  iteration            [000373]
#  function evaluations [000375]
#  gradient evaluations [000000]
#  degrees of freedom   [001688]
#  m2lnL     =     1479.85427589454 (     1449.6143  0.0092136454     1.3543464    0.89766537      4.217099     0.8301231    0.66114117    0.35273562    0.67912305     21.238549 )
#  Fit parameters:
#     71.5073165906344     0.304342362267865   -0.130528147155305   -0.289814452969407   -1.03958494124162    -0.934407883279631   -0.783777845097415   -0.593736117818192   -2.38487127769397    -0.0932172142809482  -4.9999353760263      0.28769370765415    -19.2822609906995    
#----------------------------------------------------------------------------------
# Restarting:              no
#  - absolute improvement: 0.00019927279595322   
#  - relative improvement: 1.3465702154983e-07   
#  - m2lnL_4  :            1479.85447516734      
#  - m2lnL_5  :            1479.85427589454      
#----------------------------------------------------------------------------------
# Data used:
#   - Pantheon+SH0ES Sample STAT+SYS (2022)
#   - 6dFGRS -- Beutler (2011), BAO Sample R-Dv
#   - SDSS-DR7-lowz -- Ross (2015), Empirical m2lnp
#   - SDSS DR12 (final consensus) -- Ross et al. (2016), arXiv:1607.03145; Alam
#        et al. (2016), arXiv:1607.03155; BAO Sample(D_t / r_sd, DH / r_sd) --
#        DR16 Compatible
#   - SDSS DR16 -- Alam et al., PRD 103, 083533 (2021); BAO LRG Sample(D_t /
#        r_sd, DH / r_sd)
#   - SDSS DR16 -- Alam et al., PRD 103, 083533 (2021); BAO QSO Sample(D_t /
#        r_sd, DH / r_sd)
#   - SDSS DR16 -- Alam et al., PRD 103, 083533 (2021) -- BAO ELG Sample,
#        Empirical m2lnp
#   - SDSS DR16 -- Alam et al., PRD 103, 083533 (2021) -- BAO Lyman alpha
#        autocorrelation Sample, Empirical m2lnp
#   - SDSS DR16 -- Alam et al., PRD 103, 083533 (2021) -- BAO Lyman alpha QSO
#        cross-correlation Sample, Empirical m2lnp
#   - Gomez-Valent 2018 -- arXiv:1802.01505
#----------------------------------------------------------------------------------
# Model[03000]:
#   - NcHICosmo : XCDM - Constant EOS
#----------------------------------------------------------------------------------
# Model parameters
#   -           H0[00]:  71.5073165906344    [FREE]
#   -       Omegac[01]:  0.304342362267865   [FREE]
#   -       Omegak[02]: -0.130528147155305   [FREE]
#   -      Tgamma0[03]:  2.7245              [FIXED]
#   -           Yp[04]:  0.24                [FIXED]
#   -         ENnu[05]:  3.046               [FIXED]
#   -       Omegab[06]:  0.05                [FIXED]
#   -          w_0[07]: -0.289814452969407   [FREE]
#   -          w_1[08]: -1.03958494124162    [FREE]
#   -          w_2[09]: -0.934407883279631   [FREE]
#   -          w_3[10]: -0.783777845097415   [FREE]
#   -          w_4[11]: -0.593736117818192   [FREE]
#   -          w_5[12]: -2.38487127769397    [FREE]
#   -          w_6[13]: -0.0932172142809482  [FREE]
#   -          w_7[14]: -4.9999353760263     [FREE]
#   -          w_8[15]:  0.28769370765415    [FREE]
#----------------------------------------------------------------------------------
# Model[14000]:
#   - NcSNIADistCov : Supernovae Ia Distance Covariance
#----------------------------------------------------------------------------------
# Model parameters
#   -        alpha[00]:  0                   [FIXED]
#   -         beta[01]:  0                   [FIXED]
#   -           M1[02]: -19.2822609906995    [FREE]
#   -           M2[03]: -19.25               [FIXED]
#   - lnsigma_pecz[04]: -34.5387763949107    [FIXED]
#   - lnsigma_lens[05]: -34.5387763949107    [FIXED]
#----------------------------------------------------------------------------------
# NcmMSet parameters covariance matrix
#                                                  ----------------------------------------------------------------------------------------------------------------------------------------------------------------------------------------------------
#     H0[03000:00] =  71.51       +/-  1.576       |  1           | -0.1454      | -0.04024     | -0.5918      | -0.1592      | -0.4026      |  0.176       | -0.07358     |  0.01515     | -nan         | -nan         | -nan         |  0.7091      |
# Omegac[03000:01] =  0.3043      +/-  0.04113     | -0.1454      |  1           | -0.8841      |  0.3467      |  0.3672      |  0.3153      | -0.2407      |  0.3038      | -0.3864      | -nan         | -nan         | -nan         |  0.1659      |
# Omegak[03000:02] = -0.1305      +/-  0.142       | -0.04024     | -0.8841      |  1           | -0.1255      | -0.3861      | -0.168       |  0.2267      | -0.3768      |  0.3695      | -nan         | -nan         | -nan         | -0.18        |
#    w_0[03000:07] = -0.2898      +/-  1.044       | -0.5918      |  0.3467      | -0.1255      |  1           |  0.4985      |  0.8061      | -0.4908      |  0.2778      | -0.2352      | -nan         | -nan         | -nan         |  0.08783     |
#    w_1[03000:08] = -1.04        +/-  0.2974      | -0.1592      |  0.3672      | -0.3861      |  0.4985      |  1           |  0.7474      | -0.8504      |  0.5597      | -0.4192      | -nan         | -nan         | -nan         |  0.1238      |
#    w_2[03000:09] = -0.9344      +/-  0.3288      | -0.4026      |  0.3153      | -0.168       |  0.8061      |  0.7474      |  1           | -0.4871      |  0.1396      | -0.1609      | -nan         | -nan         | -nan         |  0.08035     |
#    w_3[03000:10] = -0.7838      +/-  0.5298      |  0.176       | -0.2407      |  0.2267      | -0.4908      | -0.8504      | -0.4871      |  1           | -0.6954      |  0.42        | -nan         | -nan         | -nan         | -0.1127      |
#    w_4[03000:11] = -0.5937      +/-  0.7389      | -0.07358     |  0.3038      | -0.3768      |  0.2778      |  0.5597      |  0.1396      | -0.6954      |  1           | -0.7195      | -nan         | -nan         | -nan         |  0.1022      |
#    w_5[03000:12] = -2.385       +/-  1.86        |  0.01515     | -0.3864      |  0.3695      | -0.2352      | -0.4192      | -0.1609      |  0.42        | -0.7195      |  1           | -nan         | -nan         | -nan         | -0.1519      |
#    w_6[03000:13] = -0.09322     +/- -nan         | -nan         | -nan         | -nan         | -nan         | -nan         | -nan         | -nan         | -nan         | -nan         | -1           |  1.248       | -1.258       | -nan         |
#    w_7[03000:14] = -5           +/- -nan         | -nan         | -nan         | -nan         | -nan         | -nan         | -nan         | -nan         | -nan         | -nan         |  1.248       | -1           |  1.004       | -nan         |
#    w_8[03000:15] =  0.2877      +/- -nan         | -nan         | -nan         | -nan         | -nan         | -nan         | -nan         | -nan         | -nan         | -nan         | -1.258       |  1.004       | -1           | -nan         |
#     M1[14000:02] = -19.28       +/-  0.03649     |  0.7091      |  0.1659      | -0.18        |  0.08783     |  0.1238      |  0.08035     | -0.1127      |  0.1022      | -0.1519      | -nan         | -nan         | -nan         |  1           |
#                                                  ----------------------------------------------------------------------------------------------------------------------------------------------------------------------------------------------------
