#----------------------------------------------------------------------------------
# Model fitting. Interating using:
#  - solver:            NLOpt:ln-neldermead
#  - differentiation:   Numerical differentiantion (forward)
#..........................................................................................................................................................................................................................................................................
#  Minimum found with precision: |df|/f =  1.00000e-08 and |dx| =  1.00000e-05
#  Elapsed time: 00 days, 00:00:54.4189790
#  iteration            [002570]
#  function evaluations [002572]
#  gradient evaluations [000000]
#  degrees of freedom   [001685]
#  m2lnL     =      1485.2262614092 (     1452.5664  0.0099068386     1.5192587     1.5876575     4.8336554     3.2643284    0.95805867     0.1831633    0.93059209     19.373286 )
#  Fit parameters:
#     72.2136883920549     0.300671932972284   -0.165583552557569   -1.02160274036163    -1.06861592144162    -1.07503893049797    -0.824081933642432   -0.415881290077081   -1.4615585257943     -0.603941869711583   -1.08763057600039    -1.40067928112247    -2.31551912064855    -0.494476978295431   -0.78850739134851    -19.2857601148635    
#----------------------------------------------------------------------------------
# Restarting:              yes
#  - absolute improvement: 896.200653920724      
#  - relative improvement: 0.376329270552719     
#  - m2lnL_0  :            2381.42691532993      
#  - m2lnL_1  :            1485.2262614092       
#----------------------------------------------------------------------------------
# Model fitting. Interating using:
#  - solver:            NLOpt:ln-neldermead
#  - differentiation:   Numerical differentiantion (forward)
#...............................................................................................................................................................................................................................................................................................................................................................................................................................................................................
#  Minimum found with precision: |df|/f =  1.00000e-08 and |dx| =  1.00000e-05
#  Elapsed time: 00 days, 00:01:51.2825280
#  iteration            [004549]
#  function evaluations [004551]
#  gradient evaluations [000000]
#  degrees of freedom   [001685]
#  m2lnL     =     1478.87348771502 (     1448.4305  0.0089838253     1.3644565     1.2089208     3.8831547    0.75146228    0.53553781    0.33220457    0.61304965      21.74519 )
#  Fit parameters:
#     71.5845302170578     0.288465430863365   -0.154542743769854   -0.413423341704045   -1.06558068515849    -0.93677368627786    -0.692933345416222   -0.682563709132638   -0.639876444726599   -1.08608430898392    -2.82851411930489     0.957581460674174   -2.27356832040625    -0.261248839127534   -0.0292802558690753  -19.2824026349938    
#----------------------------------------------------------------------------------
# Restarting:              yes
#  - absolute improvement: 6.35277369418418      
#  - relative improvement: 0.00427731037300444   
#  - m2lnL_1  :            1485.2262614092       
#  - m2lnL_2  :            1478.87348771502      
#----------------------------------------------------------------------------------
# Model fitting. Interating using:
#  - solver:            NLOpt:ln-neldermead
#  - differentiation:   Numerical differentiantion (forward)
#......................................................................................................................................................................................................................................................................................................................................................................................
#  Minimum found with precision: |df|/f =  1.00000e-08 and |dx| =  1.00000e-05
#  Elapsed time: 00 days, 00:01:35.4031770
#  iteration            [003657]
#  function evaluations [003659]
#  gradient evaluations [000000]
#  degrees of freedom   [001685]
#  m2lnL     =     1478.58470860412 (     1448.9247  0.0078614103     1.4206584     1.1510556     3.9523311     1.0904346     0.5773603    0.40137261    0.77072232      20.28819 )
#  Fit parameters:
#     71.7644891617055     0.272930344322505   -0.137161842632016   -0.585059691961719   -1.10118648828271    -0.94802075854012    -0.626413484029392   -0.741525674063943   -0.486139705908474   -1.19680516696113    -2.23905309359481     0.999357021437475   -3.12841148654032     0.998545202334486   -0.0721851228969335  -19.2819855983153    
#----------------------------------------------------------------------------------
# Restarting:              yes
#  - absolute improvement: 0.288779110899441     
#  - relative improvement: 0.000195269651730405  
#  - m2lnL_2  :            1478.87348771502      
#  - m2lnL_3  :            1478.58470860412      
#----------------------------------------------------------------------------------
# Model fitting. Interating using:
#  - solver:            NLOpt:ln-neldermead
#  - differentiation:   Numerical differentiantion (forward)
#.................................................................................................................................
#  Minimum found with precision: |df|/f =  1.00000e-08 and |dx| =  1.00000e-05
#  Elapsed time: 00 days, 00:00:31.3865710
#  iteration            [001200]
#  function evaluations [001202]
#  gradient evaluations [000000]
#  degrees of freedom   [001685]
#  m2lnL     =     1478.58083109161 (     1448.8399   0.008059113     1.4207641     1.1610591     3.9956997     1.0722325    0.56452418    0.39084784    0.74796115     20.379767 )
#  Fit parameters:
#     71.7844424752643     0.269828423931404   -0.141840205066832   -0.603719576264856   -1.09477701081425    -0.939533704576094   -0.610782083463499   -0.738476877242399   -0.475473603274652   -1.18011008060774    -2.22559883990136     0.996934584353097   -2.94737727899413     0.957609755084381   -0.0711659750515697  -19.2820572967241    
#----------------------------------------------------------------------------------
# Restarting:              yes
#  - absolute improvement: 0.0038775125126449    
#  - relative improvement: 2.62244867681983e-06  
#  - m2lnL_3  :            1478.58470860412      
#  - m2lnL_4  :            1478.58083109161      
#----------------------------------------------------------------------------------
# Model fitting. Interating using:
#  - solver:            NLOpt:ln-neldermead
#  - differentiation:   Numerical differentiantion (forward)
#.....................................................................
#  Minimum found with precision: |df|/f =  1.00000e-08 and |dx| =  1.00000e-05
#  Elapsed time: 00 days, 00:00:15.8557530
#  iteration            [000605]
#  function evaluations [000607]
#  gradient evaluations [000000]
#  degrees of freedom   [001685]
#  m2lnL     =     1478.57719282053 (      1448.824  0.0079086849     1.4242982     1.1598292     3.9963275     1.0795378    0.56419096    0.39357059    0.75854381     20.368969 )
#  Fit parameters:
#     71.7889327911868     0.268847570414011   -0.141486071191239   -0.60454703082875    -1.0959613456977     -0.939966645853074   -0.607724335418329   -0.735692140789564   -0.471837836613348   -1.17930170970993    -2.2080827415096      0.999982594518206   -2.95626136366306     0.999177397721181   -0.0725064916130797  -19.2818514589778    
#----------------------------------------------------------------------------------
# Restarting:              yes
#  - absolute improvement: 0.00363827107889847   
#  - relative improvement: 2.46065078242115e-06  
#  - m2lnL_4  :            1478.58083109161      
#  - m2lnL_5  :            1478.57719282053      
#----------------------------------------------------------------------------------
# Model fitting. Interating using:
#  - solver:            NLOpt:ln-neldermead
#  - differentiation:   Numerical differentiantion (forward)
#..........................................................................................................................................................................................................
#  Minimum found with precision: |df|/f =  1.00000e-08 and |dx| =  1.00000e-05
#  Elapsed time: 00 days, 00:00:50.4995610
#  iteration            [001930]
#  function evaluations [001932]
#  gradient evaluations [000000]
#  degrees of freedom   [001685]
#  m2lnL     =     1478.57317335454 (     1448.8012  0.0081808105     1.4131386     1.1501772     4.0345273     1.0602287    0.55580324    0.38715641    0.73729769     20.425414 )
#  Fit parameters:
#     71.7860060293738     0.269870904733309   -0.143034160271692   -0.58990938466375    -1.08801146518478    -0.927054815049805   -0.60572355547939    -0.770076957317793   -0.43356080745034    -1.21284742523261    -2.2225278513082      0.99989588156915    -2.9045776612545      0.920720529374108   -0.0697773743101201  -19.2816393293587    
#----------------------------------------------------------------------------------
# Restarting:              yes
#  - absolute improvement: 0.00401946598913128   
#  - relative improvement: 2.71846881491778e-06  
#  - m2lnL_5  :            1478.57719282053      
#  - m2lnL_6  :            1478.57317335454      
#----------------------------------------------------------------------------------
# Model fitting. Interating using:
#  - solver:            NLOpt:ln-neldermead
#  - differentiation:   Numerical differentiantion (forward)
#.............................................................................
#  Minimum found with precision: |df|/f =  1.00000e-08 and |dx| =  1.00000e-05
#  Elapsed time: 00 days, 00:00:17.6994070
#  iteration            [000681]
#  function evaluations [000683]
#  gradient evaluations [000000]
#  degrees of freedom   [001685]
#  m2lnL     =      1478.5691143962 (     1448.8409   0.008223523     1.4098359     1.1573246     4.0063079     1.0688163    0.56264744    0.40561482    0.77071552     20.338715 )
#  Fit parameters:
#     71.7738493124433     0.268732462806212   -0.139499398697342   -0.579856145988232   -1.0886116122084     -0.925607796133      -0.603146106042745   -0.768413543079013   -0.437338356479472   -1.21029932057717    -2.18858772964977     0.99831211788436    -2.96764262345733     0.999826244545548   -0.071624362028505   -19.2816526447198    
#----------------------------------------------------------------------------------
# Restarting:              yes
#  - absolute improvement: 0.00405895834273906   
#  - relative improvement: 2.74518597786421e-06  
#  - m2lnL_6  :            1478.57317335454      
#  - m2lnL_7  :            1478.5691143962       
#----------------------------------------------------------------------------------
# Model fitting. Interating using:
#  - solver:            NLOpt:ln-neldermead
#  - differentiation:   Numerical differentiantion (forward)
#..............................................
#  Minimum found with precision: |df|/f =  1.00000e-08 and |dx| =  1.00000e-05
#  Elapsed time: 00 days, 00:00:09.8632020
#  iteration            [000379]
#  function evaluations [000381]
#  gradient evaluations [000000]
#  degrees of freedom   [001685]
#  m2lnL     =     1478.56762394698 (     1448.8436  0.0079073862     1.4143213     1.1552152     4.0153136     1.0704756    0.56101754    0.40267705    0.76734827     20.329726 )
#  Fit parameters:
#     71.7739225778239     0.268530983104176   -0.140128475438854   -0.578783556830653   -1.08855817638572    -0.925450784661489   -0.602787058672325   -0.768475801123791   -0.435494686508209   -1.20962590618091    -2.18716166822058     0.999968472737441   -2.95784368823844     0.999940516836819   -0.0718134736609681  -19.2816446717563    
#----------------------------------------------------------------------------------
# Restarting:              yes
#  - absolute improvement: 0.00149044921204222   
#  - relative improvement: 1.00803486122519e-06  
#  - m2lnL_7  :            1478.5691143962       
#  - m2lnL_8  :            1478.56762394698      
#----------------------------------------------------------------------------------
# Model fitting. Interating using:
#  - solver:            NLOpt:ln-neldermead
#  - differentiation:   Numerical differentiantion (forward)
#...........................................
#  Minimum found with precision: |df|/f =  1.00000e-08 and |dx| =  1.00000e-05
#  Elapsed time: 00 days, 00:00:08.9873040
#  iteration            [000346]
#  function evaluations [000348]
#  gradient evaluations [000000]
#  degrees of freedom   [001685]
#  m2lnL     =     1478.56751547063 (     1448.8442  0.0080797225     1.4117619     1.1558627     4.0126372     1.0725422    0.56083695    0.40243319    0.76529149     20.333831 )
#  Fit parameters:
#     71.7722304778118     0.268570688356961   -0.140327550492636   -0.578896463986623   -1.08848670336289    -0.925490727801303   -0.602785502318644   -0.767677756540443   -0.433891104249312   -1.21055522609569    -2.18681560940261     0.999998754271346   -2.95783038156614     0.99970441954879    -0.0718139559057489  -19.281672840176     
#----------------------------------------------------------------------------------
# Restarting:              no
#  - absolute improvement: 0.000108476355535458  
#  - relative improvement: 7.33658398699984e-08  
#  - m2lnL_8  :            1478.56762394698      
#  - m2lnL_9  :            1478.56751547063      
#----------------------------------------------------------------------------------
# Data used:
#   - Pantheon+SH0ES Sample STAT+SYS (2022)
#   - 6dFGRS -- Beutler (2011), BAO Sample R-Dv
#   - SDSS-DR7-lowz -- Ross (2015), Empirical m2lnp
#   - SDSS DR12 (final consensus) -- Ross et al. (2016), arXiv:1607.03145; Alam
#        et al. (2016), arXiv:1607.03155; BAO Sample(D_t / r_sd, DH / r_sd) --
#        DR16 Compatible
#   - SDSS DR16 -- Alam et al., PRD 103, 083533 (2021); BAO LRG Sample(D_t /
#        r_sd, DH / r_sd)
#   - SDSS DR16 -- Alam et al., PRD 103, 083533 (2021); BAO QSO Sample(D_t /
#        r_sd, DH / r_sd)
#   - SDSS DR16 -- Alam et al., PRD 103, 083533 (2021) -- BAO ELG Sample,
#        Empirical m2lnp
#   - SDSS DR16 -- Alam et al., PRD 103, 083533 (2021) -- BAO Lyman alpha
#        autocorrelation Sample, Empirical m2lnp
#   - SDSS DR16 -- Alam et al., PRD 103, 083533 (2021) -- BAO Lyman alpha QSO
#        cross-correlation Sample, Empirical m2lnp
#   - Gomez-Valent 2018 -- arXiv:1802.01505
#----------------------------------------------------------------------------------
# Model[03000]:
#   - NcHICosmo : XCDM - Constant EOS
#----------------------------------------------------------------------------------
# Model parameters
#   -           H0[00]:  71.7722304778118    [FREE]
#   -       Omegac[01]:  0.268570688356961   [FREE]
#   -       Omegak[02]: -0.140327550492636   [FREE]
#   -      Tgamma0[03]:  2.7245              [FIXED]
#   -           Yp[04]:  0.24                [FIXED]
#   -         ENnu[05]:  3.046               [FIXED]
#   -       Omegab[06]:  0.05                [FIXED]
#   -          w_0[07]: -0.578896463986623   [FREE]
#   -          w_1[08]: -1.08848670336289    [FREE]
#   -          w_2[09]: -0.925490727801303   [FREE]
#   -          w_3[10]: -0.602785502318644   [FREE]
#   -          w_4[11]: -0.767677756540443   [FREE]
#   -          w_5[12]: -0.433891104249312   [FREE]
#   -          w_6[13]: -1.21055522609569    [FREE]
#   -          w_7[14]: -2.18681560940261    [FREE]
#   -          w_8[15]:  0.999998754271346   [FREE]
#   -          w_9[16]: -2.95783038156614    [FREE]
#   -         w_10[17]:  0.99970441954879    [FREE]
#   -         w_11[18]: -0.0718139559057489  [FREE]
#----------------------------------------------------------------------------------
# Model[14000]:
#   - NcSNIADistCov : Supernovae Ia Distance Covariance
#----------------------------------------------------------------------------------
# Model parameters
#   -        alpha[00]:  0                   [FIXED]
#   -         beta[01]:  0                   [FIXED]
#   -           M1[02]: -19.281672840176     [FREE]
#   -           M2[03]: -19.25               [FIXED]
#   - lnsigma_pecz[04]: -34.5387763949107    [FIXED]
#   - lnsigma_lens[05]: -34.5387763949107    [FIXED]
#----------------------------------------------------------------------------------
# NcmMSet parameters covariance matrix
#                                                  -------------------------------------------------------------------------------------------------------------------------------------------------------------------------------------------------------------------------------------------------
#     H0[03000:00] =  71.77       +/-  1.735       |  1           | -0.3148      | -0.06111     | -0.6755      | -0.2294      | -nan         |  0.393       | -0.1216      |  0.2093      | -0.06255     |  0.1687      | -0.08867     |  0.194       | -nan         |  0.0251      |  0.6741      |
# Omegac[03000:01] =  0.2686      +/-  0.132       | -0.3148      |  1           |  0.02641     |  0.484       | -0.1517      | -nan         | -0.05492     | -0.6534      |  0.4471      | -0.6371      | -0.514       |  0.7228      | -1.036       | -nan         | -0.9879      |  0.09462     |
# Omegak[03000:02] = -0.1403      +/-  0.1804      | -0.06111     |  0.02641     |  1           | -0.1136      | -0.489       | -nan         |  0.3267      | -0.5512      |  0.5343      | -0.5537      |  0.468       | -0.4292      | -0.1561      | -nan         |  0.6156      | -0.1448      |
#    w_0[03000:07] = -0.5789      +/-  1.236       | -0.6755      |  0.484       | -0.1136      |  1           |  0.5084      | -nan         | -0.7739      |  0.3329      | -0.4714      |  0.2226      | -0.3796      |  0.1208      | -0.1847      | -nan         |  0.01811     |  0.02376     |
#    w_1[03000:08] = -1.088       +/-  0.4646      | -0.2294      | -0.1517      | -0.489       |  0.5084      |  1           | -nan         | -1.025       |  0.8848      | -0.8783      |  0.7751      | -0.25        | -0.08449     |  0.43        | -nan         |  0.2369      |  0.01233     |
#    w_2[03000:09] = -0.9255      +/- -nan         | -nan         | -nan         | -nan         | -nan         | -nan         | -1           | -nan         | -nan         | -nan         | -nan         | -nan         | -nan         | -nan         | -7.093       | -nan         | -nan         |
#    w_3[03000:10] = -0.6028      +/-  0.8393      |  0.393       | -0.05492     |  0.3267      | -0.7739      | -1.025       | -nan         |  1           | -0.4869      |  0.4391      | -0.3709      |  0.35        | -0.5345      |  0.279       | -nan         |  0.8451      | -0.05871     |
#    w_4[03000:11] = -0.7677      +/-  1.791       | -0.1216      | -0.6534      | -0.5512      |  0.3329      |  0.8848      | -nan         | -0.4869      |  1           | -0.9061      |  0.9117      | -0.1789      |  0.4169      |  0.2407      | -nan         | -0.7956      |  0.01747     |
#    w_5[03000:12] = -0.4339      +/-  1.962       |  0.2093      |  0.4471      |  0.5343      | -0.4714      | -0.8783      | -nan         |  0.4391      | -0.9061      |  1           | -0.9183      |  0.3672      | -0.7092      |  0.09224     | -nan         |  1.251       | -0.03475     |
#    w_6[03000:13] = -1.211       +/-  2.451       | -0.06255     | -0.6371      | -0.5537      |  0.2226      |  0.7751      | -nan         | -0.3709      |  0.9117      | -0.9183      |  1           | -0.2229      |  0.3701      |  0.2735      | -nan         | -0.7157      |  0.009246    |
#    w_7[03000:14] = -2.187       +/-  3.133       |  0.1687      | -0.514       |  0.468       | -0.3796      | -0.25        | -nan         |  0.35        | -0.1789      |  0.3672      | -0.2229      |  1           | -1.07        |  0.6196      | -nan         |  1.261       | -0.1046      |
#    w_8[03000:15] =  1           +/-  2.712       | -0.08867     |  0.7228      | -0.4292      |  0.1208      | -0.08449     | -nan         | -0.5345      |  0.4169      | -0.7092      |  0.3701      | -1.07        |  1           | -0.6274      | -nan         | -0.9034      | -0.01008     |
#    w_9[03000:16] = -2.958       +/-  6.084       |  0.194       | -1.036       | -0.1561      | -0.1847      |  0.43        | -nan         |  0.279       |  0.2407      |  0.09224     |  0.2735      |  0.6196      | -0.6274      |  1           | -nan         |  0.7082      |  0.03623     |
#   w_10[03000:17] =  0.9997      +/- -nan         | -nan         | -nan         | -nan         | -nan         | -nan         | -7.093       | -nan         | -nan         | -nan         | -nan         | -nan         | -nan         | -nan         | -1           | -nan         | -nan         |
#   w_11[03000:18] = -0.07181     +/-  0.1248      |  0.0251      | -0.9879      |  0.6156      |  0.01811     |  0.2369      | -nan         |  0.8451      | -0.7956      |  1.251       | -0.7157      |  1.261       | -0.9034      |  0.7082      | -nan         |  1           |  0.06332     |
#     M1[14000:02] = -19.28       +/-  0.03625     |  0.6741      |  0.09462     | -0.1448      |  0.02376     |  0.01233     | -nan         | -0.05871     |  0.01747     | -0.03475     |  0.009246    | -0.1046      | -0.01008     |  0.03623     | -nan         |  0.06332     |  1           |
#                                                  -------------------------------------------------------------------------------------------------------------------------------------------------------------------------------------------------------------------------------------------------
