#----------------------------------------------------------------------------------
# Model fitting. Interating using:
#  - solver:            NLOpt:ln-neldermead
#  - differentiation:   Numerical differentiantion (forward)
#.......................................................................................................................................
#  Minimum found with precision: |df|/f =  1.00000e-08 and |dx| =  1.00000e-05
#  Elapsed time: 00 days, 00:00:21.1370470
#  iteration            [001266]
#  function evaluations [001268]
#  gradient evaluations [000000]
#  degrees of freedom   [001690]
#  m2lnL     =     1490.13866660261 (     1456.5197  0.0019901941     1.6531947     2.3350196     6.0262935      3.203058    0.93161217     0.4496128     1.2813951     17.736781 )
#  Fit parameters:
#     72.2221809574066     0.292059865623224   -0.196121821153623   -0.934970101214612   -0.865889986430795   -0.900802227165569   -0.935168319721374   -0.772066524140769   -1.05545431671346    -1.15551237022115    -19.2888500926649    
#----------------------------------------------------------------------------------
# Restarting:              yes
#  - absolute improvement: 891.28824872732       
#  - relative improvement: 0.374266471496497     
#  - m2lnL_0  :            2381.42691532993      
#  - m2lnL_1  :            1490.13866660261      
#----------------------------------------------------------------------------------
# Model fitting. Interating using:
#  - solver:            NLOpt:ln-neldermead
#  - differentiation:   Numerical differentiantion (forward)
#...................................................................................................................................................................................................................................................................................
#  Minimum found with precision: |df|/f =  1.00000e-08 and |dx| =  1.00000e-05
#  Elapsed time: 00 days, 00:00:53.8992710
#  iteration            [002663]
#  function evaluations [002665]
#  gradient evaluations [000000]
#  degrees of freedom   [001690]
#  m2lnL     =     1482.36311736324 (     1449.7332   0.018787243     1.2277131     1.2724416     3.4745166     1.6423012    0.85611278    0.63254288     1.5230102     21.982498 )
#  Fit parameters:
#     71.6670771692234     0.304555263708161   -0.095596855407588   -0.275189135458619   -1.07531002711576    -0.830424594872474   -0.824699202043462   -1.82514090872636    -3.17848794020714     0.184974993935913   -19.2776520136944    
#----------------------------------------------------------------------------------
# Restarting:              yes
#  - absolute improvement: 7.77554923936668      
#  - relative improvement: 0.00521800380973557   
#  - m2lnL_1  :            1490.13866660261      
#  - m2lnL_2  :            1482.36311736324      
#----------------------------------------------------------------------------------
# Model fitting. Interating using:
#  - solver:            NLOpt:ln-neldermead
#  - differentiation:   Numerical differentiantion (forward)
#....................................................................................................................................................................................................................................................................................................................................................
#  Minimum found with precision: |df|/f =  1.00000e-08 and |dx| =  1.00000e-05
#  Elapsed time: 00 days, 00:01:09.0493970
#  iteration            [003315]
#  function evaluations [003317]
#  gradient evaluations [000000]
#  degrees of freedom   [001690]
#  m2lnL     =      1481.1976119048 (     1451.2715   0.009510135     1.3085774     1.3336946     3.4352572     1.2666387     0.9231704    0.42472398    0.87266718     20.351876 )
#  Fit parameters:
#     71.3356198620627     0.243678816708435   -0.0851800952823001  -0.174323867907003   -0.951409080699023   -0.688747008529204   -0.739682442668331   -0.866644553266258   -0.76324104290874     0.0272868428181303  -19.2850389692919    
#----------------------------------------------------------------------------------
# Restarting:              yes
#  - absolute improvement: 1.16550545844393      
#  - relative improvement: 0.000786248284777268  
#  - m2lnL_2  :            1482.36311736324      
#  - m2lnL_3  :            1481.1976119048       
#----------------------------------------------------------------------------------
# Model fitting. Interating using:
#  - solver:            NLOpt:ln-neldermead
#  - differentiation:   Numerical differentiantion (forward)
#............................................
#  Minimum found with precision: |df|/f =  1.00000e-08 and |dx| =  1.00000e-05
#  Elapsed time: 00 days, 00:00:07.2042480
#  iteration            [000354]
#  function evaluations [000356]
#  gradient evaluations [000000]
#  degrees of freedom   [001690]
#  m2lnL     =     1481.19529775552 (     1451.2143  0.0091173211     1.3154732     1.3224237     3.4126555     1.2442616    0.92475939    0.43920024    0.88775426      20.42536 )
#  Fit parameters:
#     71.3435582232512     0.242255664664971   -0.0828011290520061  -0.17010863121153    -0.951093427743156   -0.687670436167587   -0.737185737230913   -0.8611590497987     -0.755596325856091    0.027480172704882   -19.2844888849666    
#----------------------------------------------------------------------------------
# Restarting:              yes
#  - absolute improvement: 0.00231414927384321   
#  - relative improvement: 1.56235012482045e-06  
#  - m2lnL_3  :            1481.1976119048       
#  - m2lnL_4  :            1481.19529775552      
#----------------------------------------------------------------------------------
# Model fitting. Interating using:
#  - solver:            NLOpt:ln-neldermead
#  - differentiation:   Numerical differentiantion (forward)
#.............................................................................................................................................................
#  Minimum found with precision: |df|/f =  1.00000e-08 and |dx| =  1.00000e-05
#  Elapsed time: 00 days, 00:00:31.6548470
#  iteration            [001484]
#  function evaluations [001486]
#  gradient evaluations [000000]
#  degrees of freedom   [001690]
#  m2lnL     =     1481.18366710371 (     1451.1743  0.0084832411     1.3224468      1.323236     3.4573742     1.2667606    0.92327731     0.4211665    0.86360014     20.422975 )
#  Fit parameters:
#     71.3501514663303     0.209841000389993   -0.085274069584439   -0.158874738512254   -0.894675225514319   -0.631988232016239   -0.667288793968535   -0.726146583491673   -0.545307374334684    0.0179284693799939  -19.2840801756376    
#----------------------------------------------------------------------------------
# Restarting:              yes
#  - absolute improvement: 0.0116306518114015    
#  - relative improvement: 7.85220681501329e-06  
#  - m2lnL_4  :            1481.19529775552      
#  - m2lnL_5  :            1481.18366710371      
#----------------------------------------------------------------------------------
# Model fitting. Interating using:
#  - solver:            NLOpt:ln-neldermead
#  - differentiation:   Numerical differentiantion (forward)
#..................................................
#  Minimum found with precision: |df|/f =  1.00000e-08 and |dx| =  1.00000e-05
#  Elapsed time: 00 days, 00:00:09.1027270
#  iteration            [000416]
#  function evaluations [000418]
#  gradient evaluations [000000]
#  degrees of freedom   [001690]
#  m2lnL     =     1481.18046415133 (     1451.2426  0.0088916157     1.3181452     1.3261343     3.4351055     1.2295017    0.92458106    0.43759015    0.87562523     20.382333 )
#  Fit parameters:
#     71.3297913343868     0.208614409421905   -0.0821588589905922  -0.16294363402338    -0.892801989666258   -0.630779504290261   -0.668486544277097   -0.718365214858598   -0.543777073495649    0.0184876735245114  -19.2848646123615    
#----------------------------------------------------------------------------------
# Restarting:              yes
#  - absolute improvement: 0.00320295238248036   
#  - relative improvement: 2.16242755953647e-06  
#  - m2lnL_5  :            1481.18366710371      
#  - m2lnL_6  :            1481.18046415133      
#----------------------------------------------------------------------------------
# Model fitting. Interating using:
#  - solver:            NLOpt:ln-neldermead
#  - differentiation:   Numerical differentiantion (forward)
#.................................
#  Minimum found with precision: |df|/f =  1.00000e-08 and |dx| =  1.00000e-05
#  Elapsed time: 00 days, 00:00:05.0133400
#  iteration            [000243]
#  function evaluations [000245]
#  gradient evaluations [000000]
#  degrees of freedom   [001690]
#  m2lnL     =     1481.18038566931 (     1451.2506  0.0088596433     1.3184894     1.3268872     3.4387357     1.2312163    0.92443609    0.43754849    0.87267093     20.370898 )
#  Fit parameters:
#     71.3293673428927     0.208540237856864   -0.0823426747518349  -0.163450852441218   -0.892548914886077   -0.63069443199817    -0.668511234821181   -0.717759014640757   -0.543668121570439    0.0184771190935129  -19.2849059261964    
#----------------------------------------------------------------------------------
# Restarting:              no
#  - absolute improvement: 7.84820199442038e-05  
#  - relative improvement: 5.29861295390306e-08  
#  - m2lnL_6  :            1481.18046415133      
#  - m2lnL_7  :            1481.18038566931      
#----------------------------------------------------------------------------------
# Data used:
#   - Pantheon+SH0ES Sample STAT+SYS (2022)
#   - 6dFGRS -- Beutler (2011), BAO Sample R-Dv
#   - SDSS-DR7-lowz -- Ross (2015), Empirical m2lnp
#   - SDSS DR12 (final consensus) -- Ross et al. (2016), arXiv:1607.03145; Alam
#        et al. (2016), arXiv:1607.03155; BAO Sample(D_t / r_sd, DH / r_sd) --
#        DR16 Compatible
#   - SDSS DR16 -- Alam et al., PRD 103, 083533 (2021); BAO LRG Sample(D_t /
#        r_sd, DH / r_sd)
#   - SDSS DR16 -- Alam et al., PRD 103, 083533 (2021); BAO QSO Sample(D_t /
#        r_sd, DH / r_sd)
#   - SDSS DR16 -- Alam et al., PRD 103, 083533 (2021) -- BAO ELG Sample,
#        Empirical m2lnp
#   - SDSS DR16 -- Alam et al., PRD 103, 083533 (2021) -- BAO Lyman alpha
#        autocorrelation Sample, Empirical m2lnp
#   - SDSS DR16 -- Alam et al., PRD 103, 083533 (2021) -- BAO Lyman alpha QSO
#        cross-correlation Sample, Empirical m2lnp
#   - Gomez-Valent 2018 -- arXiv:1802.01505
#----------------------------------------------------------------------------------
# Model[03000]:
#   - NcHICosmo : XCDM - Constant EOS
#----------------------------------------------------------------------------------
# Model parameters
#   -           H0[00]:  71.3293673428927    [FREE]
#   -       Omegac[01]:  0.208540237856864   [FREE]
#   -       Omegak[02]: -0.0823426747518349  [FREE]
#   -      Tgamma0[03]:  2.7245              [FIXED]
#   -           Yp[04]:  0.24                [FIXED]
#   -         ENnu[05]:  3.046               [FIXED]
#   -       Omegab[06]:  0.05                [FIXED]
#   -          w_0[07]: -0.163450852441218   [FREE]
#   -          w_1[08]: -0.892548914886077   [FREE]
#   -          w_2[09]: -0.63069443199817    [FREE]
#   -          w_3[10]: -0.668511234821181   [FREE]
#   -          w_4[11]: -0.717759014640757   [FREE]
#   -          w_5[12]: -0.543668121570439   [FREE]
#   -          w_6[13]:  0.0184771190935129  [FREE]
#----------------------------------------------------------------------------------
# Model[14000]:
#   - NcSNIADistCov : Supernovae Ia Distance Covariance
#----------------------------------------------------------------------------------
# Model parameters
#   -        alpha[00]:  0                   [FIXED]
#   -         beta[01]:  0                   [FIXED]
#   -           M1[02]: -19.2849059261964    [FREE]
#   -           M2[03]: -19.25               [FIXED]
#   - lnsigma_pecz[04]: -34.5387763949107    [FIXED]
#   - lnsigma_lens[05]: -34.5387763949107    [FIXED]
#----------------------------------------------------------------------------------
# NcmMSet parameters covariance matrix
#                                                  ----------------------------------------------------------------------------------------------------------------------------------------------------------------------
#     H0[03000:00] =  71.33       +/-  1.33        |  1           |  0.6268      |  0.2037      | -0.717       | -0.6254      | -0.6303      | -0.6258      | -0.6276      | -0.6271      |  0.6254      |  0.8409      |
# Omegac[03000:01] =  0.2085      +/-  7.124       |  0.6268      |  1           |  0.4048      | -0.961       | -1           | -0.9999      | -0.9999      | -1           | -1           |  0.9999      |  0.4699      |
# Omegak[03000:02] = -0.08234     +/-  0.09657     |  0.2037      |  0.4048      |  1           | -0.3925      | -0.4091      | -0.4075      | -0.4067      | -0.4067      | -0.4063      |  0.4149      |  0.07827     |
#    w_0[03000:07] = -0.1635      +/-  1.678       | -0.717       | -0.961       | -0.3925      |  1           |  0.9603      |  0.9639      |  0.9598      |  0.9612      |  0.9615      | -0.9604      | -0.4453      |
#    w_1[03000:08] = -0.8925      +/-  11.72       | -0.6254      | -1           | -0.4091      |  0.9603      |  1           |  0.9999      |  0.9998      |  0.9999      |  1           | -0.9999      | -0.4694      |
#    w_2[03000:09] = -0.6307      +/-  11.34       | -0.6303      | -0.9999      | -0.4075      |  0.9639      |  0.9999      |  1           |  0.9997      |  0.9999      |  0.9999      | -0.9998      | -0.4693      |
#    w_3[03000:10] = -0.6685      +/-  13.07       | -0.6258      | -0.9999      | -0.4067      |  0.9598      |  0.9998      |  0.9997      |  1           |  0.9998      |  0.9999      | -0.9999      | -0.4702      |
#    w_4[03000:11] = -0.7178      +/-  25.44       | -0.6276      | -1           | -0.4067      |  0.9612      |  0.9999      |  0.9999      |  0.9998      |  1           |  0.9999      | -0.9998      | -0.4704      |
#    w_5[03000:12] = -0.5437      +/-  32.01       | -0.6271      | -1           | -0.4063      |  0.9615      |  1           |  0.9999      |  0.9999      |  0.9999      |  1           | -0.9999      | -0.4694      |
#    w_6[03000:13] =  0.01848     +/-  1.214       |  0.6254      |  0.9999      |  0.4149      | -0.9604      | -0.9999      | -0.9998      | -0.9999      | -0.9998      | -0.9999      |  1           |  0.4686      |
#     M1[14000:02] = -19.28       +/-  0.02893     |  0.8409      |  0.4699      |  0.07827     | -0.4453      | -0.4694      | -0.4693      | -0.4702      | -0.4704      | -0.4694      |  0.4686      |  1           |
#                                                  ----------------------------------------------------------------------------------------------------------------------------------------------------------------------
