#----------------------------------------------------------------------------------
# Model fitting. Interating using:
#  - solver:            NLOpt:ln-neldermead
#  - differentiation:   Numerical differentiantion (forward)
#.....................................................................................................................................................................................................................................................................................................................................
#  Minimum found with precision: |df|/f =  1.00000e-08 and |dx| =  1.00000e-05
#  Elapsed time: 00 days, 00:01:09.9142750
#  iteration            [003162]
#  function evaluations [003164]
#  gradient evaluations [000000]
#  degrees of freedom   [001687]
#  m2lnL     =     1483.33742492305 (     1450.2305  0.0007169314     1.6643331     0.8041606     6.5723857     2.1739385    0.72164531    0.20678826    0.97026738     19.992712 )
#  Fit parameters:
#     71.9058295350109     0.306709812019524   -0.193256663474302   -0.726977990408678   -1.11922022196805    -1.0454844650147     -0.643065711440486   -0.556366966083214   -1.51070290823903    -1.25640321208549    -0.942539460583352   -1.22681021944591    -1.05000503264154    -19.2835174464773    
#----------------------------------------------------------------------------------
# Restarting:              yes
#  - absolute improvement: 898.089490406873      
#  - relative improvement: 0.37712242379794      
#  - m2lnL_0  :            2381.42691532993      
#  - m2lnL_1  :            1483.33742492305      
#----------------------------------------------------------------------------------
# Model fitting. Interating using:
#  - solver:            NLOpt:ln-neldermead
#  - differentiation:   Numerical differentiantion (forward)
#..............................................................................................................................................................................................................................
#  Minimum found with precision: |df|/f =  1.00000e-08 and |dx| =  1.00000e-05
#  Elapsed time: 00 days, 00:00:44.6461810
#  iteration            [002139]
#  function evaluations [002141]
#  gradient evaluations [000000]
#  degrees of freedom   [001687]
#  m2lnL     =     1480.62733234835 (     1449.4733   0.013642774      1.393381    0.99250944     4.4651993     1.0492238    0.77854525     0.2616151    0.54553799     21.654348 )
#  Fit parameters:
#     72.0138992843519     0.293670495747244   -0.132644775559181   -0.699916516051135   -1.09686630210267    -1.0079535832594     -0.668261159257955   -0.642550213304925   -1.29301116370599    -1.61792175387954    -0.485462539490239   -2.5312943414202      0.106003634466574   -19.2791579321478    
#----------------------------------------------------------------------------------
# Restarting:              yes
#  - absolute improvement: 2.71009257469996      
#  - relative improvement: 0.00182702366242835   
#  - m2lnL_1  :            1483.33742492305      
#  - m2lnL_2  :            1480.62733234835      
#----------------------------------------------------------------------------------
# Model fitting. Interating using:
#  - solver:            NLOpt:ln-neldermead
#  - differentiation:   Numerical differentiantion (forward)
#..................................................................................................................................................................................
#  Minimum found with precision: |df|/f =  1.00000e-08 and |dx| =  1.00000e-05
#  Elapsed time: 00 days, 00:00:35.9966330
#  iteration            [001696]
#  function evaluations [001698]
#  gradient evaluations [000000]
#  degrees of freedom   [001687]
#  m2lnL     =      1480.3458693783 (     1449.5641  0.0081805361     1.4096488      1.033109      3.979856    0.77055461    0.77316801    0.33580612    0.68060316     21.790889 )
#  Fit parameters:
#     71.5968236899206     0.295535219318546   -0.12093781256367    -0.468337225488327   -1.11223791962336    -0.987817328031157   -0.67593091752446    -0.662593890551864   -1.23788662983071    -1.95814396248552    -0.189351053817379   -2.92603778092659     0.14286933879777    -19.2838679613227    
#----------------------------------------------------------------------------------
# Restarting:              yes
#  - absolute improvement: 0.281462970057419     
#  - relative improvement: 0.000190097105401265  
#  - m2lnL_2  :            1480.62733234835      
#  - m2lnL_3  :            1480.3458693783       
#----------------------------------------------------------------------------------
# Model fitting. Interating using:
#  - solver:            NLOpt:ln-neldermead
#  - differentiation:   Numerical differentiantion (forward)
#......................................................................................................................................................................................................................................................................................................................................................................................................................................................
#  Minimum found with precision: |df|/f =  1.00000e-08 and |dx| =  1.00000e-05
#  Elapsed time: 00 days, 00:01:41.2833040
#  iteration            [004290]
#  function evaluations [004292]
#  gradient evaluations [000000]
#  degrees of freedom   [001687]
#  m2lnL     =      1480.2362811649 (     1449.6034  0.0095070117     1.3699241    0.97921224     4.0643478    0.81379387    0.75580648    0.35326518    0.69530001     21.591716 )
#  Fit parameters:
#     71.5662631663326     0.301851351072725   -0.125757654034908   -0.390805352702101   -1.07558493759669    -0.967738929214611   -0.753364914356365   -0.634267316505468   -1.29878316254852    -2.06632439446321    -0.191337156496067   -4.93027427310621     0.249405537673703   -19.2831580540853    
#----------------------------------------------------------------------------------
# Restarting:              yes
#  - absolute improvement: 0.109588213393636     
#  - relative improvement: 7.40287899338414e-05  
#  - m2lnL_3  :            1480.3458693783       
#  - m2lnL_4  :            1480.2362811649       
#----------------------------------------------------------------------------------
# Model fitting. Interating using:
#  - solver:            NLOpt:ln-neldermead
#  - differentiation:   Numerical differentiantion (forward)
#............................................................................
#  Minimum found with precision: |df|/f =  1.00000e-08 and |dx| =  1.00000e-05
#  Elapsed time: 00 days, 00:00:16.2637730
#  iteration            [000674]
#  function evaluations [000676]
#  gradient evaluations [000000]
#  degrees of freedom   [001687]
#  m2lnL     =     1480.23128881278 (     1449.5223  0.0095358587     1.3678908    0.98926203     4.0620337    0.79745332    0.75140985      0.352122    0.70005098     21.679221 )
#  Fit parameters:
#     71.5736222704178     0.302281538613438   -0.126253387503368   -0.384497000195868   -1.07803157476736    -0.968041565382299   -0.750337628927677   -0.636313828329363   -1.29906608130227    -2.09531651951225    -0.159397352623217   -4.99892376579224     0.253449342950177   -19.2826416198497    
#----------------------------------------------------------------------------------
# Restarting:              yes
#  - absolute improvement: 0.00499235212487292   
#  - relative improvement: 3.37267244993082e-06  
#  - m2lnL_4  :            1480.2362811649       
#  - m2lnL_5  :            1480.23128881278      
#----------------------------------------------------------------------------------
# Model fitting. Interating using:
#  - solver:            NLOpt:ln-neldermead
#  - differentiation:   Numerical differentiantion (forward)
#....................................
#  Minimum found with precision: |df|/f =  1.00000e-08 and |dx| =  1.00000e-05
#  Elapsed time: 00 days, 00:00:07.2619430
#  iteration            [000275]
#  function evaluations [000277]
#  gradient evaluations [000000]
#  degrees of freedom   [001687]
#  m2lnL     =     1480.23113770117 (     1449.5361  0.0094233736     1.3696598    0.98663853     4.0575643    0.79665133    0.75184532    0.35046884    0.70160248      21.67114 )
#  Fit parameters:
#     71.569840724957      0.30227361434682    -0.126146709915861   -0.385129005593537   -1.07814711018941    -0.968349607143035   -0.750787052952785   -0.636165594906164   -1.29850578161044    -2.09888932177468    -0.156153017559441   -5                    0.253400384231133   -19.2827975241003    
#----------------------------------------------------------------------------------
# Restarting:              no
#  - absolute improvement: 0.000151111606555787  
#  - relative improvement: 1.0208648317182e-07   
#  - m2lnL_5  :            1480.23128881278      
#  - m2lnL_6  :            1480.23113770117      
#----------------------------------------------------------------------------------
# Data used:
#   - Pantheon+SH0ES Sample STAT+SYS (2022)
#   - 6dFGRS -- Beutler (2011), BAO Sample R-Dv
#   - SDSS-DR7-lowz -- Ross (2015), Empirical m2lnp
#   - SDSS DR12 (final consensus) -- Ross et al. (2016), arXiv:1607.03145; Alam
#        et al. (2016), arXiv:1607.03155; BAO Sample(D_t / r_sd, DH / r_sd) --
#        DR16 Compatible
#   - SDSS DR16 -- Alam et al., PRD 103, 083533 (2021); BAO LRG Sample(D_t /
#        r_sd, DH / r_sd)
#   - SDSS DR16 -- Alam et al., PRD 103, 083533 (2021); BAO QSO Sample(D_t /
#        r_sd, DH / r_sd)
#   - SDSS DR16 -- Alam et al., PRD 103, 083533 (2021) -- BAO ELG Sample,
#        Empirical m2lnp
#   - SDSS DR16 -- Alam et al., PRD 103, 083533 (2021) -- BAO Lyman alpha
#        autocorrelation Sample, Empirical m2lnp
#   - SDSS DR16 -- Alam et al., PRD 103, 083533 (2021) -- BAO Lyman alpha QSO
#        cross-correlation Sample, Empirical m2lnp
#   - Gomez-Valent 2018 -- arXiv:1802.01505
#----------------------------------------------------------------------------------
# Model[03000]:
#   - NcHICosmo : XCDM - Constant EOS
#----------------------------------------------------------------------------------
# Model parameters
#   -           H0[00]:  71.569840724957     [FREE]
#   -       Omegac[01]:  0.30227361434682    [FREE]
#   -       Omegak[02]: -0.126146709915861   [FREE]
#   -      Tgamma0[03]:  2.7245              [FIXED]
#   -           Yp[04]:  0.24                [FIXED]
#   -         ENnu[05]:  3.046               [FIXED]
#   -       Omegab[06]:  0.05                [FIXED]
#   -          w_0[07]: -0.385129005593537   [FREE]
#   -          w_1[08]: -1.07814711018941    [FREE]
#   -          w_2[09]: -0.968349607143035   [FREE]
#   -          w_3[10]: -0.750787052952785   [FREE]
#   -          w_4[11]: -0.636165594906164   [FREE]
#   -          w_5[12]: -1.29850578161044    [FREE]
#   -          w_6[13]: -2.09888932177468    [FREE]
#   -          w_7[14]: -0.156153017559441   [FREE]
#   -          w_8[15]: -5                   [FREE]
#   -          w_9[16]:  0.253400384231133   [FREE]
#----------------------------------------------------------------------------------
# Model[14000]:
#   - NcSNIADistCov : Supernovae Ia Distance Covariance
#----------------------------------------------------------------------------------
# Model parameters
#   -        alpha[00]:  0                   [FIXED]
#   -         beta[01]:  0                   [FIXED]
#   -           M1[02]: -19.2827975241003    [FREE]
#   -           M2[03]: -19.25               [FIXED]
#   - lnsigma_pecz[04]: -34.5387763949107    [FIXED]
#   - lnsigma_lens[05]: -34.5387763949107    [FIXED]
#----------------------------------------------------------------------------------
# NcmMSet parameters covariance matrix
#                                                  -------------------------------------------------------------------------------------------------------------------------------------------------------------------------------------------------------------------
#     H0[03000:00] =  71.57       +/-  1.663       |  1           | -0.6386      | -0.05324     | -0.6391      | -0.3237      | -0.4304      |  0.2989      | -0.1818      |  0.1192      | -0.06104     |  0.0165      | -nan         | -nan         |  0.6589      |
# Omegac[03000:01] =  0.3023      +/-  0.0119      | -0.6386      |  1           | -2.383       |  1.201       |  1.515       |  2.085       |  0.02685     |  0.3285      |  1.064       | -1.637       |  1.733       | -nan         | -nan         |  0.4547      |
# Omegak[03000:02] = -0.1261      +/-  0.1459      | -0.05324     | -2.383       |  1           | -0.09644     | -0.2926      | -0.3076      |  0.0149      | -0.04152     | -0.2046      |  0.4666      | -0.5409      | -nan         | -nan         | -0.1829      |
#    w_0[03000:07] = -0.3851      +/-  1.276       | -0.6391      |  1.201       | -0.09644     |  1           |  0.6957      |  0.8001      | -0.5975      |  0.3614      | -0.2381      | -0.05678     |  0.1061      | -nan         | -nan         |  0.09942     |
#    w_1[03000:08] = -1.078       +/-  0.4284      | -0.3237      |  1.515       | -0.2926      |  0.6957      |  1           |  0.7466      | -0.887       |  0.5343      | -0.3243      | -0.1051      |  0.198       | -nan         | -nan         |  0.1288      |
#    w_2[03000:09] = -0.9683      +/-  0.3596      | -0.4304      |  2.085       | -0.3076      |  0.8001      |  0.7466      |  1           | -0.4124      |  0.008355    | -0.04129     | -0.2353      |  0.272       | -nan         | -nan         |  0.1241      |
#    w_3[03000:10] = -0.7508      +/-  0.767       |  0.2989      |  0.02685     |  0.0149      | -0.5975      | -0.887       | -0.4124      |  1           | -0.7713      |  0.3865      | -0.05962     | -0.02443     | -nan         | -nan         | -0.07641     |
#    w_4[03000:11] = -0.6362      +/-  0.8206      | -0.1818      |  0.3285      | -0.04152     |  0.3614      |  0.5343      |  0.008355    | -0.7713      |  1           | -0.737       |  0.1575      | -0.05065     | -nan         | -nan         |  0.04405     |
#    w_5[03000:12] = -1.299       +/-  0.9449      |  0.1192      |  1.064       | -0.2046      | -0.2381      | -0.3243      | -0.04129     |  0.3865      | -0.737       |  1           | -0.3315      |  0.1825      | -nan         | -nan         | -0.02402     |
#    w_6[03000:13] = -2.099       +/-  3.168       | -0.06104     | -1.637       |  0.4666      | -0.05678     | -0.1051      | -0.2353      | -0.05962     |  0.1575      | -0.3315      |  1           | -0.8827      | -nan         | -nan         | -0.1431      |
#    w_7[03000:14] = -0.1562      +/-  3.369       |  0.0165      |  1.733       | -0.5409      |  0.1061      |  0.198       |  0.272       | -0.02443     | -0.05065     |  0.1825      | -0.8827      |  1           | -nan         | -nan         |  0.1222      |
#    w_8[03000:15] = -5           +/- -nan         | -nan         | -nan         | -nan         | -nan         | -nan         | -nan         | -nan         | -nan         | -nan         | -nan         | -nan         | -1           |  1.002       | -nan         |
#    w_9[03000:16] =  0.2534      +/- -nan         | -nan         | -nan         | -nan         | -nan         | -nan         | -nan         | -nan         | -nan         | -nan         | -nan         | -nan         |  1.002       | -1           | -nan         |
#     M1[14000:02] = -19.28       +/-  0.03656     |  0.6589      |  0.4547      | -0.1829      |  0.09942     |  0.1288      |  0.1241      | -0.07641     |  0.04405     | -0.02402     | -0.1431      |  0.1222      | -nan         | -nan         |  1           |
#                                                  -------------------------------------------------------------------------------------------------------------------------------------------------------------------------------------------------------------------
