#----------------------------------------------------------------------------------
# Model fitting. Interating using:
#  - solver:            NLOpt:ln-neldermead
#  - differentiation:   Numerical differentiantion (forward)
#...................................................................................................................................................................................................................................
#  Minimum found with precision: |df|/f =  1.00000e-08 and |dx| =  1.00000e-05
#  Elapsed time: 00 days, 00:00:35.9530370
#  iteration            [002183]
#  function evaluations [002185]
#  gradient evaluations [000000]
#  degrees of freedom   [001691]
#  m2lnL     =     1485.45577157396 (     1450.3049  0.0007691699     1.4834397     1.2272906     6.6287404     2.6948439    0.76229307    0.67542114     1.7271099     19.950968 )
#  Fit parameters:
#     71.4957431921313     0.313958160399654   -0.200986508072599   -0.237768485832431   -0.990566569495294   -0.701846940696745   -1.24702126885931    -1.187020030054      -0.881655735480525   -19.2821176075583    
#----------------------------------------------------------------------------------
# Restarting:              yes
#  - absolute improvement: 895.971143755965      
#  - relative improvement: 0.376232895491498     
#  - m2lnL_0  :            2381.42691532993      
#  - m2lnL_1  :            1485.45577157396      
#----------------------------------------------------------------------------------
# Model fitting. Interating using:
#  - solver:            NLOpt:ln-neldermead
#  - differentiation:   Numerical differentiantion (forward)
#............................................................................................................................................................................................
#  Minimum found with precision: |df|/f =  1.00000e-08 and |dx| =  1.00000e-05
#  Elapsed time: 00 days, 00:00:35.1878610
#  iteration            [001790]
#  function evaluations [001792]
#  gradient evaluations [000000]
#  degrees of freedom   [001691]
#  m2lnL     =     1481.31408576591 (     1451.9229  0.0096594373     1.3273735     1.2410925     3.1187837     1.3903071     0.9320183    0.41027487    0.91100563     20.050659 )
#  Fit parameters:
#     71.1011794627588     0.260347047812072   -0.089324695384829   -0.196914925187213   -1.01274092496567    -0.68156741247128    -0.866825423937823   -1.01256168905646     0.0317828462928904  -19.2912673766698    
#----------------------------------------------------------------------------------
# Restarting:              yes
#  - absolute improvement: 4.14168580805062      
#  - relative improvement: 0.00278815827930183   
#  - m2lnL_1  :            1485.45577157396      
#  - m2lnL_2  :            1481.31408576591      
#----------------------------------------------------------------------------------
# Model fitting. Interating using:
#  - solver:            NLOpt:ln-neldermead
#  - differentiation:   Numerical differentiantion (forward)
#.......................................................................................
#  Minimum found with precision: |df|/f =  1.00000e-08 and |dx| =  1.00000e-05
#  Elapsed time: 00 days, 00:00:14.8166660
#  iteration            [000789]
#  function evaluations [000791]
#  gradient evaluations [000000]
#  degrees of freedom   [001691]
#  m2lnL     =     1481.16865490823 (     1451.0639   0.010558594     1.3291248     1.2167884     3.2576447     1.2736217    0.92068358    0.47097516    0.99973713     20.625578 )
#  Fit parameters:
#     71.437924854596      0.256770808175924   -0.0827303552221127  -0.270353381609434   -0.995344274517841   -0.691325293960913   -0.886091564046505   -0.993334425094554    0.0317616315168226  -19.2843304668903    
#----------------------------------------------------------------------------------
# Restarting:              yes
#  - absolute improvement: 0.145430857676956     
#  - relative improvement: 9.81769221493371e-05  
#  - m2lnL_2  :            1481.31408576591      
#  - m2lnL_3  :            1481.16865490823      
#----------------------------------------------------------------------------------
# Model fitting. Interating using:
#  - solver:            NLOpt:ln-neldermead
#  - differentiation:   Numerical differentiantion (forward)
#.................................
#  Minimum found with precision: |df|/f =  1.00000e-08 and |dx| =  1.00000e-05
#  Elapsed time: 00 days, 00:00:04.4812030
#  iteration            [000244]
#  function evaluations [000246]
#  gradient evaluations [000000]
#  degrees of freedom   [001691]
#  m2lnL     =     1481.16844479007 (     1451.0766    0.01031782     1.3318831     1.2160703     3.2602255     1.2828612    0.92088125    0.46594386    0.99271152     20.610999 )
#  Fit parameters:
#     71.4326150087257     0.256522995979768   -0.0833948666295424  -0.267495536213944   -0.995104446404492   -0.690464883887484   -0.883687163591274   -0.988577495193358    0.0313483798981876  -19.2843725439217    
#----------------------------------------------------------------------------------
# Restarting:              no
#  - absolute improvement: 0.000210118162385697  
#  - relative improvement: 1.41859714414977e-07  
#  - m2lnL_3  :            1481.16865490823      
#  - m2lnL_4  :            1481.16844479007      
#----------------------------------------------------------------------------------
# Data used:
#   - Pantheon+SH0ES Sample STAT+SYS (2022)
#   - 6dFGRS -- Beutler (2011), BAO Sample R-Dv
#   - SDSS-DR7-lowz -- Ross (2015), Empirical m2lnp
#   - SDSS DR12 (final consensus) -- Ross et al. (2016), arXiv:1607.03145; Alam
#        et al. (2016), arXiv:1607.03155; BAO Sample(D_t / r_sd, DH / r_sd) --
#        DR16 Compatible
#   - SDSS DR16 -- Alam et al., PRD 103, 083533 (2021); BAO LRG Sample(D_t /
#        r_sd, DH / r_sd)
#   - SDSS DR16 -- Alam et al., PRD 103, 083533 (2021); BAO QSO Sample(D_t /
#        r_sd, DH / r_sd)
#   - SDSS DR16 -- Alam et al., PRD 103, 083533 (2021) -- BAO ELG Sample,
#        Empirical m2lnp
#   - SDSS DR16 -- Alam et al., PRD 103, 083533 (2021) -- BAO Lyman alpha
#        autocorrelation Sample, Empirical m2lnp
#   - SDSS DR16 -- Alam et al., PRD 103, 083533 (2021) -- BAO Lyman alpha QSO
#        cross-correlation Sample, Empirical m2lnp
#   - Gomez-Valent 2018 -- arXiv:1802.01505
#----------------------------------------------------------------------------------
# Model[03000]:
#   - NcHICosmo : XCDM - Constant EOS
#----------------------------------------------------------------------------------
# Model parameters
#   -           H0[00]:  71.4326150087257    [FREE]
#   -       Omegac[01]:  0.256522995979768   [FREE]
#   -       Omegak[02]: -0.0833948666295424  [FREE]
#   -      Tgamma0[03]:  2.7245              [FIXED]
#   -           Yp[04]:  0.24                [FIXED]
#   -         ENnu[05]:  3.046               [FIXED]
#   -       Omegab[06]:  0.05                [FIXED]
#   -          w_0[07]: -0.267495536213944   [FREE]
#   -          w_1[08]: -0.995104446404492   [FREE]
#   -          w_2[09]: -0.690464883887484   [FREE]
#   -          w_3[10]: -0.883687163591274   [FREE]
#   -          w_4[11]: -0.988577495193358   [FREE]
#   -          w_5[12]:  0.0313483798981876  [FREE]
#----------------------------------------------------------------------------------
# Model[14000]:
#   - NcSNIADistCov : Supernovae Ia Distance Covariance
#----------------------------------------------------------------------------------
# Model parameters
#   -        alpha[00]:  0                   [FIXED]
#   -         beta[01]:  0                   [FIXED]
#   -           M1[02]: -19.2843725439217    [FREE]
#   -           M2[03]: -19.25               [FIXED]
#   - lnsigma_pecz[04]: -34.5387763949107    [FIXED]
#   - lnsigma_lens[05]: -34.5387763949107    [FIXED]
#----------------------------------------------------------------------------------
# NcmMSet parameters covariance matrix
#                                                  -------------------------------------------------------------------------------------------------------------------------------------------------------
#     H0[03000:00] =  71.43       +/-  0.9952      |  1           | -0.07481     | -0.08619     | -0.4712      |  0.1794      | -0.05039     |  0.0616      |  0.06764     | -0.06949     |  0.8218      |
# Omegac[03000:01] =  0.2565      +/-  0.1389      | -0.07481     |  1           | -0.08655     |  0.1875      | -0.9256      | -0.8334      | -0.9302      | -0.9855      |  0.9112      |  0.0607      |
# Omegak[03000:02] = -0.08339     +/-  0.08771     | -0.08619     | -0.08655     |  1           | -0.006796    | -0.1705      | -0.07913     | -0.0567      | -0.04602     |  0.2624      | -0.1402      |
#    w_0[03000:07] = -0.2675      +/-  0.3885      | -0.4712      |  0.1875      | -0.006796    |  1           | -0.389       |  0.1833      | -0.2512      | -0.1655      |  0.1149      |  0.048       |
#    w_1[03000:08] = -0.9951      +/-  0.2924      |  0.1794      | -0.9256      | -0.1705      | -0.389       |  1           |  0.7773      |  0.8784      |  0.9447      | -0.9298      | -0.02761     |
#    w_2[03000:09] = -0.6905      +/-  0.2687      | -0.05039     | -0.8334      | -0.07913     |  0.1833      |  0.7773      |  1           |  0.7043      |  0.8464      | -0.8583      | -0.01597     |
#    w_3[03000:10] = -0.8837      +/-  0.6468      |  0.0616      | -0.9302      | -0.0567      | -0.2512      |  0.8784      |  0.7043      |  1           |  0.9309      | -0.8499      | -0.08466     |
#    w_4[03000:11] = -0.9886      +/-  1.589       |  0.06764     | -0.9855      | -0.04602     | -0.1655      |  0.9447      |  0.8464      |  0.9309      |  1           | -0.9623      | -0.04504     |
#    w_5[03000:12] =  0.03135     +/-  0.09313     | -0.06949     |  0.9112      |  0.2624      |  0.1149      | -0.9298      | -0.8583      | -0.8499      | -0.9623      |  1           |  0.01843     |
#     M1[14000:02] = -19.28       +/-  0.02556     |  0.8218      |  0.0607      | -0.1402      |  0.048       | -0.02761     | -0.01597     | -0.08466     | -0.04504     |  0.01843     |  1           |
#                                                  -------------------------------------------------------------------------------------------------------------------------------------------------------
