#----------------------------------------------------------------------------------
# Model fitting. Interating using:
#  - solver:            NLOpt:ln-neldermead
#  - differentiation:   Numerical differentiantion (forward)
#.....................................................................................................................................................................................................................
#  Minimum found with precision: |df|/f =  1.00000e-08 and |dx| =  1.00000e-05
#  Elapsed time: 00 days, 00:00:43.1294200
#  iteration            [002044]
#  function evaluations [002046]
#  gradient evaluations [000000]
#  degrees of freedom   [001686]
#  m2lnL     =     1485.80674689688 (     1452.4762  0.00067840529      1.836008     0.6535879     6.6570055     2.5026124    0.81389877    0.43539209     1.3476545     19.083675 )
#  Fit parameters:
#     72.3068191962903     0.296071121535266   -0.186589590252632   -1.15634623755486    -1.11293092816154    -1.17205350797015    -0.870417659541043   -0.366912565948116   -1.17410910536784    -1.2065513159895     -0.992985619332747   -1.12231199005615    -0.908319915686383   -0.983880073902027   -19.2864680504091    
#----------------------------------------------------------------------------------
# Restarting:              yes
#  - absolute improvement: 895.620168433049      
#  - relative improvement: 0.376085515229414     
#  - m2lnL_0  :            2381.42691532993      
#  - m2lnL_1  :            1485.80674689688      
#----------------------------------------------------------------------------------
# Model fitting. Interating using:
#  - solver:            NLOpt:ln-neldermead
#  - differentiation:   Numerical differentiantion (forward)
#.........................................................................................................................................................................................................................................................................................................................................................................................................................................................................................................................................................................................................
#  Minimum found with precision: |df|/f =  1.00000e-08 and |dx| =  1.00000e-05
#  Elapsed time: 00 days, 00:02:37.5662800
#  iteration            [005766]
#  function evaluations [005768]
#  gradient evaluations [000000]
#  degrees of freedom   [001686]
#  m2lnL     =     1479.01419885818 (     1449.5968  0.0045528418     1.4964692     1.1355893     4.0598446    0.89957561      0.494761    0.47123945    0.82513174     20.030276 )
#  Fit parameters:
#     71.5681487742804     0.295317793336661   -0.104503849087034   -0.60780193743821    -1.23565685332758    -1.05316190444946    -0.623133591010473   -0.82909769063966    -0.306541438301485   -3.34528397804029     0.963866255318907   -2.94640039874631    -5                    0.215413178109778   -19.2864390964973    
#----------------------------------------------------------------------------------
# Restarting:              yes
#  - absolute improvement: 6.79254803869799      
#  - relative improvement: 0.00457162282570347   
#  - m2lnL_1  :            1485.80674689688      
#  - m2lnL_2  :            1479.01419885818      
#----------------------------------------------------------------------------------
# Model fitting. Interating using:
#  - solver:            NLOpt:ln-neldermead
#  - differentiation:   Numerical differentiantion (forward)
#........................................................................................................................................................................................................................................................
#  Minimum found with precision: |df|/f =  1.00000e-08 and |dx| =  1.00000e-05
#  Elapsed time: 00 days, 00:01:06.2237610
#  iteration            [002393]
#  function evaluations [002395]
#  gradient evaluations [000000]
#  degrees of freedom   [001686]
#  m2lnL     =     1478.86074781941 (     1449.0289  0.0073779897     1.4507591     1.2231029     4.1847154    0.98336538     0.4753793    0.42237068    0.77851696     20.306307 )
#  Fit parameters:
#     71.8211335238842     0.297519246243357   -0.114847133758052   -0.696317167277313   -1.21818860613262    -1.02794578789325    -0.594360264372923   -0.898151827316724   -0.270175678002199   -3.41186370052498     0.976048739744709   -3.1463066865586     -4.9991539267077      0.208610752725657   -19.2823553306679    
#----------------------------------------------------------------------------------
# Restarting:              yes
#  - absolute improvement: 0.153451038768253     
#  - relative improvement: 0.000103752241788294  
#  - m2lnL_2  :            1479.01419885818      
#  - m2lnL_3  :            1478.86074781941      
#----------------------------------------------------------------------------------
# Model fitting. Interating using:
#  - solver:            NLOpt:ln-neldermead
#  - differentiation:   Numerical differentiantion (forward)
#.............................................................................................................................................................................................................................................................................................................................................................................................................
#  Minimum found with precision: |df|/f =  1.00000e-08 and |dx| =  1.00000e-05
#  Elapsed time: 00 days, 00:01:48.4349960
#  iteration            [003884]
#  function evaluations [003886]
#  gradient evaluations [000000]
#  degrees of freedom   [001686]
#  m2lnL     =      1478.8062093714 (     1449.1855  0.0087373589     1.3954348     1.1628142     4.2346847     1.0259456    0.46893691    0.40165055    0.72912793      20.19335 )
#  Fit parameters:
#     71.6896693778595     0.299560751103444   -0.119845921066743   -0.541367335045841   -1.15149287276365    -0.981106246196698   -0.671531372735723   -0.888766577533409   -0.251475334992066   -3.4300029095251      0.998645225160788   -3.11884816089308    -4.92761571172722     0.202558189515479   -19.2826734194665    
#----------------------------------------------------------------------------------
# Restarting:              yes
#  - absolute improvement: 0.0545384480121811    
#  - relative improvement: 3.68786906357467e-05  
#  - m2lnL_3  :            1478.86074781941      
#  - m2lnL_4  :            1478.8062093714       
#----------------------------------------------------------------------------------
# Model fitting. Interating using:
#  - solver:            NLOpt:ln-neldermead
#  - differentiation:   Numerical differentiantion (forward)
#...................................................................................
#  Minimum found with precision: |df|/f =  1.00000e-08 and |dx| =  1.00000e-05
#  Elapsed time: 00 days, 00:00:21.7675300
#  iteration            [000749]
#  function evaluations [000751]
#  gradient evaluations [000000]
#  degrees of freedom   [001686]
#  m2lnL     =     1478.80467515472 (     1449.1569  0.0085338011     1.3992332     1.1553008     4.2487546      1.025555    0.46509903    0.39772854    0.72003595     20.227511 )
#  Fit parameters:
#     71.6962047347952     0.299847090514264   -0.121114067721651   -0.542950662222998   -1.1514143633055     -0.981803920024187   -0.672534852561694   -0.887877786921865   -0.245638937329415   -3.44749359717924     0.999906240800647   -3.09862282459861    -4.99867117657907     0.20500021850555    -19.2825032884565    
#----------------------------------------------------------------------------------
# Restarting:              yes
#  - absolute improvement: 0.00153421667369003   
#  - relative improvement: 1.03746972657234e-06  
#  - m2lnL_4  :            1478.8062093714       
#  - m2lnL_5  :            1478.80467515472      
#----------------------------------------------------------------------------------
# Model fitting. Interating using:
#  - solver:            NLOpt:ln-neldermead
#  - differentiation:   Numerical differentiantion (forward)
#.......................................
#  Minimum found with precision: |df|/f =  1.00000e-08 and |dx| =  1.00000e-05
#  Elapsed time: 00 days, 00:00:07.7956740
#  iteration            [000306]
#  function evaluations [000308]
#  gradient evaluations [000000]
#  degrees of freedom   [001686]
#  m2lnL     =      1478.8045486753 (     1449.1759  0.0084861041     1.3998654     1.1565973     4.2468542     1.0337682     0.4664018     0.3956631    0.71633724     20.204719 )
#  Fit parameters:
#     71.6953206203378     0.299854822539596   -0.121292720574674   -0.54356432497276    -1.15131718146718    -0.981789281347161   -0.672538492367663   -0.888141216899975   -0.246720285368807   -3.4394286408735      0.999998306946716   -3.10523839204316    -4.99982092389784     0.204870295753258   -19.2825717101844    
#----------------------------------------------------------------------------------
# Restarting:              no
#  - absolute improvement: 0.000126479425034631  
#  - relative improvement: 8.55281479424576e-08  
#  - m2lnL_5  :            1478.80467515472      
#  - m2lnL_6  :            1478.8045486753       
#----------------------------------------------------------------------------------
# Data used:
#   - Pantheon+SH0ES Sample STAT+SYS (2022)
#   - 6dFGRS -- Beutler (2011), BAO Sample R-Dv
#   - SDSS-DR7-lowz -- Ross (2015), Empirical m2lnp
#   - SDSS DR12 (final consensus) -- Ross et al. (2016), arXiv:1607.03145; Alam
#        et al. (2016), arXiv:1607.03155; BAO Sample(D_t / r_sd, DH / r_sd) --
#        DR16 Compatible
#   - SDSS DR16 -- Alam et al., PRD 103, 083533 (2021); BAO LRG Sample(D_t /
#        r_sd, DH / r_sd)
#   - SDSS DR16 -- Alam et al., PRD 103, 083533 (2021); BAO QSO Sample(D_t /
#        r_sd, DH / r_sd)
#   - SDSS DR16 -- Alam et al., PRD 103, 083533 (2021) -- BAO ELG Sample,
#        Empirical m2lnp
#   - SDSS DR16 -- Alam et al., PRD 103, 083533 (2021) -- BAO Lyman alpha
#        autocorrelation Sample, Empirical m2lnp
#   - SDSS DR16 -- Alam et al., PRD 103, 083533 (2021) -- BAO Lyman alpha QSO
#        cross-correlation Sample, Empirical m2lnp
#   - Gomez-Valent 2018 -- arXiv:1802.01505
#----------------------------------------------------------------------------------
# Model[03000]:
#   - NcHICosmo : XCDM - Constant EOS
#----------------------------------------------------------------------------------
# Model parameters
#   -           H0[00]:  71.6953206203378    [FREE]
#   -       Omegac[01]:  0.299854822539596   [FREE]
#   -       Omegak[02]: -0.121292720574674   [FREE]
#   -      Tgamma0[03]:  2.7245              [FIXED]
#   -           Yp[04]:  0.24                [FIXED]
#   -         ENnu[05]:  3.046               [FIXED]
#   -       Omegab[06]:  0.05                [FIXED]
#   -          w_0[07]: -0.54356432497276    [FREE]
#   -          w_1[08]: -1.15131718146718    [FREE]
#   -          w_2[09]: -0.981789281347161   [FREE]
#   -          w_3[10]: -0.672538492367663   [FREE]
#   -          w_4[11]: -0.888141216899975   [FREE]
#   -          w_5[12]: -0.246720285368807   [FREE]
#   -          w_6[13]: -3.4394286408735     [FREE]
#   -          w_7[14]:  0.999998306946716   [FREE]
#   -          w_8[15]: -3.10523839204316    [FREE]
#   -          w_9[16]: -4.99982092389784    [FREE]
#   -         w_10[17]:  0.204870295753258   [FREE]
#----------------------------------------------------------------------------------
# Model[14000]:
#   - NcSNIADistCov : Supernovae Ia Distance Covariance
#----------------------------------------------------------------------------------
# Model parameters
#   -        alpha[00]:  0                   [FIXED]
#   -         beta[01]:  0                   [FIXED]
#   -           M1[02]: -19.2825717101844    [FREE]
#   -           M2[03]: -19.25               [FIXED]
#   - lnsigma_pecz[04]: -34.5387763949107    [FIXED]
#   - lnsigma_lens[05]: -34.5387763949107    [FIXED]
#----------------------------------------------------------------------------------
# NcmMSet parameters covariance matrix
#                                                  ----------------------------------------------------------------------------------------------------------------------------------------------------------------------------------------------------------------------------------
#     H0[03000:00] =  71.7        +/-  1.407       |  1           |  0.5251      | -0.8463      | -nan         | -nan         | -nan         | -nan         |  0.8851      | -nan         | -nan         | -nan         | -nan         | -nan         | -nan         |  0.9813      |
# Omegac[03000:01] =  0.2999      +/-  0.02666     |  0.5251      |  1           | -0.736       | -nan         | -nan         | -nan         | -nan         | -2.598       | -nan         | -nan         | -nan         | -nan         | -nan         | -nan         | -0.04527     |
# Omegak[03000:02] = -0.1213      +/-  0.09677     | -0.8463      | -0.736       |  1           | -nan         | -nan         | -nan         | -nan         |  2.085       | -nan         | -nan         | -nan         | -nan         | -nan         | -nan         |  0.01067     |
#    w_0[03000:07] = -0.5436      +/- -nan         | -nan         | -nan         | -nan         | -1           | -1.416       | -1.604       |  1.69        | -nan         |  7.3         | -2.462       |  1.759       | -1.839       | -0.59        |  0.6305      | -nan         |
#    w_1[03000:08] = -1.151       +/- -nan         | -nan         | -nan         | -nan         | -1.416       | -1           | -1.535       |  1.157       | -nan         |  5.201       | -1.718       |  1.22        | -1.261       | -0.43        |  0.4386      | -nan         |
#    w_2[03000:09] = -0.9818      +/- -nan         | -nan         | -nan         | -nan         | -1.604       | -1.535       | -1           |  2.362       | -nan         |  8.998       | -2.922       |  1.966       | -2.034       | -0.8816      |  0.8991      | -nan         |
#    w_3[03000:10] = -0.6725      +/- -nan         | -nan         | -nan         | -nan         |  1.69        |  1.157       |  2.362       | -1           | -nan         | -6.171       |  1.998       | -1.443       |  1.502       |  0.4208      | -0.4385      | -nan         |
#    w_4[03000:11] = -0.8881      +/-  0.3087      |  0.8851      | -2.598       |  2.085       | -nan         | -nan         | -nan         | -nan         |  1           | -nan         | -nan         | -nan         | -nan         | -nan         | -nan         | -0.4957      |
#    w_5[03000:12] = -0.2467      +/- -nan         | -nan         | -nan         | -nan         |  7.3         |  5.201       |  8.998       | -6.171       | -nan         | -1           |  2.939       | -4.354       |  4.515       | -1.388       |  1.175       | -nan         |
#    w_6[03000:13] = -3.439       +/- -nan         | -nan         | -nan         | -nan         | -2.462       | -1.718       | -2.922       |  1.998       | -nan         |  2.939       | -1           |  1.421       | -1.612       | -0.21        |  0.2667      | -nan         |
#    w_7[03000:14] =  1           +/- -nan         | -nan         | -nan         | -nan         |  1.759       |  1.22        |  1.966       | -1.443       | -nan         | -4.354       |  1.421       | -1           |  1.032       |  0.29        | -0.2995      | -nan         |
#    w_8[03000:15] = -3.105       +/- -nan         | -nan         | -nan         | -nan         | -1.839       | -1.261       | -2.034       |  1.502       | -nan         |  4.515       | -1.612       |  1.032       | -1           | -0.5235      |  0.5149      | -nan         |
#    w_9[03000:16] = -5           +/- -nan         | -nan         | -nan         | -nan         | -0.59        | -0.43        | -0.8816      |  0.4208      | -nan         | -1.388       | -0.21        |  0.29        | -0.5235      | -1           |  1.006       | -nan         |
#   w_10[03000:17] =  0.2049      +/- -nan         | -nan         | -nan         | -nan         |  0.6305      |  0.4386      |  0.8991      | -0.4385      | -nan         |  1.175       |  0.2667      | -0.2995      |  0.5149      |  1.006       | -1           | -nan         |
#     M1[14000:02] = -19.28       +/-  0.03531     |  0.9813      | -0.04527     |  0.01067     | -nan         | -nan         | -nan         | -nan         | -0.4957      | -nan         | -nan         | -nan         | -nan         | -nan         | -nan         |  1           |
#                                                  ----------------------------------------------------------------------------------------------------------------------------------------------------------------------------------------------------------------------------------
