#----------------------------------------------------------------------------------
# Model fitting. Interating using:
#  - solver:            NLOpt:ln-neldermead
#  - differentiation:   Numerical differentiantion (forward)
#..........................................................................................................................................
#  Minimum found with precision: |df|/f =  1.00000e-08 and |dx| =  1.00000e-05
#  Elapsed time: 00 days, 00:00:26.5822450
#  iteration            [001291]
#  function evaluations [001293]
#  gradient evaluations [000000]
#  degrees of freedom   [001692]
#  m2lnL     =     1484.49239269306 (      1454.272  0.0024428066     1.5746565     1.5838318     3.7075349      3.354236    0.98698989  0.0099931379    0.45779099     18.542872 )
#  Fit parameters:
#     71.7393438639951     0.305709533951558   -0.173993063400196   -0.612948435815288   -0.993219590187605   -0.837266304176227   -1.06850835869646    -0.922571908913039   -19.287193911754     
#----------------------------------------------------------------------------------
# Restarting:              yes
#  - absolute improvement: 896.934522636868      
#  - relative improvement: 0.376637433995158     
#  - m2lnL_0  :            2381.42691532993      
#  - m2lnL_1  :            1484.49239269306      
#----------------------------------------------------------------------------------
# Model fitting. Interating using:
#  - solver:            NLOpt:ln-neldermead
#  - differentiation:   Numerical differentiantion (forward)
#............................................................
#  Minimum found with precision: |df|/f =  1.00000e-08 and |dx| =  1.00000e-05
#  Elapsed time: 00 days, 00:00:12.0564050
#  iteration            [000510]
#  function evaluations [000512]
#  gradient evaluations [000000]
#  degrees of freedom   [001692]
#  m2lnL     =     1483.56792188098 (     1452.7293    0.00614278     1.4895992     1.4156786     3.5986765     2.7840691    0.96152838    0.17687943    0.88841198     19.517666 )
#  Fit parameters:
#     71.7795057716179     0.308589396726753   -0.141600879992294   -0.594564912933419   -1.02064955993557    -0.85578599828313    -1.56393100301922    -0.679457884229806   -19.2845517357271    
#----------------------------------------------------------------------------------
# Restarting:              yes
#  - absolute improvement: 0.924470812077288     
#  - relative improvement: 0.000622752138460057  
#  - m2lnL_1  :            1484.49239269306      
#  - m2lnL_2  :            1483.56792188098      
#----------------------------------------------------------------------------------
# Model fitting. Interating using:
#  - solver:            NLOpt:ln-neldermead
#  - differentiation:   Numerical differentiantion (forward)
#............................................................................................................................................................................
#  Minimum found with precision: |df|/f =  1.00000e-08 and |dx| =  1.00000e-05
#  Elapsed time: 00 days, 00:00:38.5600000
#  iteration            [001630]
#  function evaluations [001632]
#  gradient evaluations [000000]
#  degrees of freedom   [001692]
#  m2lnL     =     1482.77898408644 (     1453.8389   0.014788448     1.3785014     1.5189209     2.8362988     2.1202453    0.98092183    0.24751361    0.70667234     19.136268 )
#  Fit parameters:
#     71.3358760818863     0.29408828267377    -0.103332135018992   -0.538470646572335   -1.03557909813176    -0.825812982209636   -1.33020394541424     0.146809267452409   -19.2935806953916    
#----------------------------------------------------------------------------------
# Restarting:              yes
#  - absolute improvement: 0.788937794543699     
#  - relative improvement: 0.000531784074667389  
#  - m2lnL_2  :            1483.56792188098      
#  - m2lnL_3  :            1482.77898408644      
#----------------------------------------------------------------------------------
# Model fitting. Interating using:
#  - solver:            NLOpt:ln-neldermead
#  - differentiation:   Numerical differentiantion (forward)
#...................................................
#  Minimum found with precision: |df|/f =  1.00000e-08 and |dx| =  1.00000e-05
#  Elapsed time: 00 days, 00:00:10.4435610
#  iteration            [000424]
#  function evaluations [000426]
#  gradient evaluations [000000]
#  degrees of freedom   [001692]
#  m2lnL     =     1482.40277323642 (     1452.9418   0.012877124     1.4078109     1.3769977     2.7256778     1.5189259    0.97887347     0.4624019    0.95904696     20.018347 )
#  Fit parameters:
#     71.6874107481675     0.282100921827709   -0.0677656278404205  -0.596195563404228   -1.03594303161252    -0.840381290113811   -1.29599097939026     0.155438915481503   -19.2865398648671    
#----------------------------------------------------------------------------------
# Restarting:              yes
#  - absolute improvement: 0.376210850017969     
#  - relative improvement: 0.000253720112070349  
#  - m2lnL_3  :            1482.77898408644      
#  - m2lnL_4  :            1482.40277323642      
#----------------------------------------------------------------------------------
# Model fitting. Interating using:
#  - solver:            NLOpt:ln-neldermead
#  - differentiation:   Numerical differentiantion (forward)
#....................................
#  Minimum found with precision: |df|/f =  1.00000e-08 and |dx| =  1.00000e-05
#  Elapsed time: 00 days, 00:00:06.5653340
#  iteration            [000272]
#  function evaluations [000274]
#  gradient evaluations [000000]
#  degrees of freedom   [001692]
#  m2lnL     =     1482.40177607665 (     1452.9206   0.012873724     1.4076116     1.3839502     2.7518689     1.5411522    0.97801923    0.44914839    0.94438147     20.012126 )
#  Fit parameters:
#     71.7019731336656     0.282616158133357   -0.0698971974132059  -0.599082682756098   -1.03428050997909    -0.841180629197065   -1.29738294996775     0.153694625783061   -19.2862771414117    
#----------------------------------------------------------------------------------
# Restarting:              no
#  - absolute improvement: 0.000997159766257028  
#  - relative improvement: 6.72664531030256e-07  
#  - m2lnL_4  :            1482.40277323642      
#  - m2lnL_5  :            1482.40177607665      
#----------------------------------------------------------------------------------
# Data used:
#   - Pantheon+SH0ES Sample STAT+SYS (2022)
#   - 6dFGRS -- Beutler (2011), BAO Sample R-Dv
#   - SDSS-DR7-lowz -- Ross (2015), Empirical m2lnp
#   - SDSS DR12 (final consensus) -- Ross et al. (2016), arXiv:1607.03145; Alam
#        et al. (2016), arXiv:1607.03155; BAO Sample(D_t / r_sd, DH / r_sd) --
#        DR16 Compatible
#   - SDSS DR16 -- Alam et al., PRD 103, 083533 (2021); BAO LRG Sample(D_t /
#        r_sd, DH / r_sd)
#   - SDSS DR16 -- Alam et al., PRD 103, 083533 (2021); BAO QSO Sample(D_t /
#        r_sd, DH / r_sd)
#   - SDSS DR16 -- Alam et al., PRD 103, 083533 (2021) -- BAO ELG Sample,
#        Empirical m2lnp
#   - SDSS DR16 -- Alam et al., PRD 103, 083533 (2021) -- BAO Lyman alpha
#        autocorrelation Sample, Empirical m2lnp
#   - SDSS DR16 -- Alam et al., PRD 103, 083533 (2021) -- BAO Lyman alpha QSO
#        cross-correlation Sample, Empirical m2lnp
#   - Gomez-Valent 2018 -- arXiv:1802.01505
#----------------------------------------------------------------------------------
# Model[03000]:
#   - NcHICosmo : XCDM - Constant EOS
#----------------------------------------------------------------------------------
# Model parameters
#   -           H0[00]:  71.7019731336656    [FREE]
#   -       Omegac[01]:  0.282616158133357   [FREE]
#   -       Omegak[02]: -0.0698971974132059  [FREE]
#   -      Tgamma0[03]:  2.7245              [FIXED]
#   -           Yp[04]:  0.24                [FIXED]
#   -         ENnu[05]:  3.046               [FIXED]
#   -       Omegab[06]:  0.05                [FIXED]
#   -          w_0[07]: -0.599082682756098   [FREE]
#   -          w_1[08]: -1.03428050997909    [FREE]
#   -          w_2[09]: -0.841180629197065   [FREE]
#   -          w_3[10]: -1.29738294996775    [FREE]
#   -          w_4[11]:  0.153694625783061   [FREE]
#----------------------------------------------------------------------------------
# Model[14000]:
#   - NcSNIADistCov : Supernovae Ia Distance Covariance
#----------------------------------------------------------------------------------
# Model parameters
#   -        alpha[00]:  0                   [FIXED]
#   -         beta[01]:  0                   [FIXED]
#   -           M1[02]: -19.2862771414117    [FREE]
#   -           M2[03]: -19.25               [FIXED]
#   - lnsigma_pecz[04]: -34.5387763949107    [FIXED]
#   - lnsigma_lens[05]: -34.5387763949107    [FIXED]
#----------------------------------------------------------------------------------
# NcmMSet parameters covariance matrix
#                                                  ----------------------------------------------------------------------------------------------------------------------------------------
#     H0[03000:00] =  71.7        +/-  0.9676      |  1           | -0.03433     | -0.1238      | -0.4212      |  0.2856      | -0.131       | -0.004464    | -0.139       |  0.871       |
# Omegac[03000:01] =  0.2826      +/-  0.02952     | -0.03433     |  1           | -0.6662      |  0.3098      | -0.1305      |  0.004814    | -0.525       |  0.2649      |  0.1255      |
# Omegak[03000:02] = -0.0699      +/-  0.08767     | -0.1238      | -0.6662      |  1           |  0.0101      | -0.4287      | -0.07382     | -0.1164      |  0.41        | -0.1338      |
#    w_0[03000:07] = -0.5991      +/-  0.2766      | -0.4212      |  0.3098      |  0.0101      |  1           | -0.7721      |  0.2893      | -0.2537      |  0.504       |  0.009551    |
#    w_1[03000:08] = -1.034       +/-  0.1187      |  0.2856      | -0.1305      | -0.4287      | -0.7721      |  1           | -0.1312      |  0.4454      | -0.7147      |  0.02488     |
#    w_2[03000:09] = -0.8412      +/-  0.1036      | -0.131       |  0.004814    | -0.07382     |  0.2893      | -0.1312      |  1           |  0.0282      |  0.2146      | -0.06978     |
#    w_3[03000:10] = -1.297       +/-  0.7539      | -0.004464    | -0.525       | -0.1164      | -0.2537      |  0.4454      |  0.0282      |  1           | -0.8811      | -0.1053      |
#    w_4[03000:11] =  0.1537      +/-  0.1697      | -0.139       |  0.2649      |  0.41        |  0.504       | -0.7147      |  0.2146      | -0.8811      |  1           |  0.05231     |
#     M1[14000:02] = -19.29       +/-  0.02554     |  0.871       |  0.1255      | -0.1338      |  0.009551    |  0.02488     | -0.06978     | -0.1053      |  0.05231     |  1           |
#                                                  ----------------------------------------------------------------------------------------------------------------------------------------
