#----------------------------------------------------------------------------------
# Model[03000]:
#   - NcHICosmo : XCDM - Constant EOS
#----------------------------------------------------------------------------------
# Model parameters
#   -           H0[00]:  70                  [FIXED]
#   -       Omegac[01]:  0.25                [FIXED]
#   -       Omegak[02]:  0                   [FIXED]
#   -      Tgamma0[03]:  2.7245              [FIXED]
#   -           Yp[04]:  0.24                [FIXED]
#   -         ENnu[05]:  3.046               [FIXED]
#   -       Omegab[06]:  0.05                [FIXED]
#   -          w_0[07]: -1                   [FIXED]
#   -          w_1[08]: -1                   [FIXED]
#   -          w_2[09]: -1                   [FIXED]
#----------------------------------------------------------------------------------
# Model[14000]:
#   - NcSNIADistCov : Supernovae Ia Distance Covariance
#----------------------------------------------------------------------------------
# Model parameters
#   -        alpha[00]:  0                   [FIXED]
#   -         beta[01]:  0                   [FIXED]
#   -           M1[02]: -19.25               [FIXED]
#   -           M2[03]: -19.25               [FIXED]
#   - lnsigma_pecz[04]: -34.5387763949107    [FIXED]
#   - lnsigma_lens[05]: -34.5387763949107    [FIXED]
#----------------------------------------------------------------------------------
# Model fitting. Interating using:
#  - solver:            NLOpt:ln-neldermead
#  - differentiation:   Numerical differentiantion (forward)
#....................................................................................................................................
#  Minimum found with precision: |df|/f =  1.00000e-08 and |dx| =  1.00000e-05
#  Elapsed time: 00 days, 00:00:20.2950500
#  iteration            [001238]
#  function evaluations [001240]
#  gradient evaluations [000000]
#  degrees of freedom   [001694]
#  m2lnL     =     1485.93285714856 (     1454.3297   0.024024066     1.3357138     1.7557403     5.1387049     2.1068847    0.88758098    0.15540164    0.84817941     19.350927 )
#  Fit parameters:
#     72.3044217294088     0.299531427288754   -0.145216144015158   -0.957456663330469   -0.896975833391465   -3.18505513776385    -19.2842745389553    
#----------------------------------------------------------------------------------
# Restarting:              yes
#  - absolute improvement: 895.494058181363      
#  - relative improvement: 0.376032559478022     
#  - m2lnL_0  :            2381.42691532993      
#  - m2lnL_1  :            1485.93285714856      
#----------------------------------------------------------------------------------
# Model fitting. Interating using:
#  - solver:            NLOpt:ln-neldermead
#  - differentiation:   Numerical differentiantion (forward)
#......................
#  Minimum found with precision: |df|/f =  1.00000e-08 and |dx| =  1.00000e-05
#  Elapsed time: 00 days, 00:00:02.5671490
#  iteration            [000130]
#  function evaluations [000132]
#  gradient evaluations [000000]
#  degrees of freedom   [001694]
#  m2lnL     =     1485.93285714856 (     1454.3297   0.024024066     1.3357138     1.7557403     5.1387049     2.1068847    0.88758098    0.15540164    0.84817941     19.350927 )
#  Fit parameters:
#     72.3044217294088     0.299531427288754   -0.145216144015158   -0.957456663330469   -0.896975833391465   -3.18505513776385    -19.2842745389553    
#----------------------------------------------------------------------------------
# Restarting:              no
#  - absolute improvement: 0                     
#  - relative improvement: 0                     
#  - m2lnL_1  :            1485.93285714856      
#  - m2lnL_2  :            1485.93285714856      
#----------------------------------------------------------------------------------
# Data used:
#   - Pantheon+SH0ES Sample STAT+SYS (2022)
#   - 6dFGRS -- Beutler (2011), BAO Sample R-Dv
#   - SDSS-DR7-lowz -- Ross (2015), Empirical m2lnp
#   - SDSS DR12 (final consensus) -- Ross et al. (2016), arXiv:1607.03145; Alam
#        et al. (2016), arXiv:1607.03155; BAO Sample(D_t / r_sd, DH / r_sd) --
#        DR16 Compatible
#   - SDSS DR16 -- Alam et al., PRD 103, 083533 (2021); BAO LRG Sample(D_t /
#        r_sd, DH / r_sd)
#   - SDSS DR16 -- Alam et al., PRD 103, 083533 (2021); BAO QSO Sample(D_t /
#        r_sd, DH / r_sd)
#   - SDSS DR16 -- Alam et al., PRD 103, 083533 (2021) -- BAO ELG Sample,
#        Empirical m2lnp
#   - SDSS DR16 -- Alam et al., PRD 103, 083533 (2021) -- BAO Lyman alpha
#        autocorrelation Sample, Empirical m2lnp
#   - SDSS DR16 -- Alam et al., PRD 103, 083533 (2021) -- BAO Lyman alpha QSO
#        cross-correlation Sample, Empirical m2lnp
#   - Gomez-Valent 2018 -- arXiv:1802.01505
#----------------------------------------------------------------------------------
# Model[03000]:
#   - NcHICosmo : XCDM - Constant EOS
#----------------------------------------------------------------------------------
# Model parameters
#   -           H0[00]:  72.3044217294088    [FREE]
#   -       Omegac[01]:  0.299531427288754   [FREE]
#   -       Omegak[02]: -0.145216144015158   [FREE]
#   -      Tgamma0[03]:  2.7245              [FIXED]
#   -           Yp[04]:  0.24                [FIXED]
#   -         ENnu[05]:  3.046               [FIXED]
#   -       Omegab[06]:  0.05                [FIXED]
#   -          w_0[07]: -0.957456663330469   [FREE]
#   -          w_1[08]: -0.896975833391465   [FREE]
#   -          w_2[09]: -3.18505513776385    [FREE]
#----------------------------------------------------------------------------------
# Model[14000]:
#   - NcSNIADistCov : Supernovae Ia Distance Covariance
#----------------------------------------------------------------------------------
# Model parameters
#   -        alpha[00]:  0                   [FIXED]
#   -         beta[01]:  0                   [FIXED]
#   -           M1[02]: -19.2842745389553    [FREE]
#   -           M2[03]: -19.25               [FIXED]
#   - lnsigma_pecz[04]: -34.5387763949107    [FIXED]
#   - lnsigma_lens[05]: -34.5387763949107    [FIXED]
#----------------------------------------------------------------------------------
# NcmMSet parameters covariance matrix
#                                                  ----------------------------------------------------------------------------------------------------------
#     H0[03000:00] =  72.3        +/-  0.9102      |  1           | -0.04403     | -0.07518     | -0.2303      | -0.02854     | -0.1383      |  0.9275      |
# Omegac[03000:01] =  0.2995      +/-  0.01216     | -0.04403     |  1           | -0.2661      |  0.1923      |  0.2128      | -0.07341     |  0.134       |
# Omegak[03000:02] = -0.1452      +/-  0.05392     | -0.07518     | -0.2661      |  1           | -0.5176      | -0.7148      | -0.5568      | -0.1578      |
#    w_0[03000:07] = -0.9575      +/-  0.1145      | -0.2303      |  0.1923      | -0.5176      |  1           |  0.1422      |  0.7319      |  0.05749     |
#    w_1[03000:08] = -0.897       +/-  0.04858     | -0.02854     |  0.2128      | -0.7148      |  0.1422      |  1           |  0.02357     |  0.02993     |
#    w_2[03000:09] = -3.185       +/-  1.951       | -0.1383      | -0.07341     | -0.5568      |  0.7319      |  0.02357     |  1           | -0.02475     |
#     M1[14000:02] = -19.28       +/-  0.02547     |  0.9275      |  0.134       | -0.1578      |  0.05749     |  0.02993     | -0.02475     |  1           |
#                                                  ----------------------------------------------------------------------------------------------------------
