#----------------------------------------------------------------------------------
# Model fitting. Interating using:
#  - solver:            NLOpt:ln-neldermead
#  - differentiation:   Numerical differentiantion (forward)
#..........................................................................................................
#  Minimum found with precision: |df|/f =  1.00000e-08 and |dx| =  1.00000e-05
#  Elapsed time: 00 days, 00:00:16.3651560
#  iteration            [000973]
#  function evaluations [000975]
#  gradient evaluations [000000]
#  degrees of freedom   [001693]
#  m2lnL     =     1487.03719074211 (     1454.4701   0.020668858     1.3736078     1.8829998      5.733178     2.1706899    0.86172427    0.23095427     1.0266969     19.266522 )
#  Fit parameters:
#     72.3467434334961     0.298129377088025   -0.15672565256981    -0.97001950425936    -0.878754396809595   -1.06624833904724    -1.05358572876812    -19.2839391647311    
#----------------------------------------------------------------------------------
# Restarting:              yes
#  - absolute improvement: 894.389724587812      
#  - relative improvement: 0.375568831791717     
#  - m2lnL_0  :            2381.42691532993      
#  - m2lnL_1  :            1487.03719074211      
#----------------------------------------------------------------------------------
# Model fitting. Interating using:
#  - solver:            NLOpt:ln-neldermead
#  - differentiation:   Numerical differentiantion (forward)
#.......................................................................................................
#  Minimum found with precision: |df|/f =  1.00000e-08 and |dx| =  1.00000e-05
#  Elapsed time: 00 days, 00:00:15.9021900
#  iteration            [000940]
#  function evaluations [000942]
#  gradient evaluations [000000]
#  degrees of freedom   [001693]
#  m2lnL     =     1485.02585438907 (     1454.0807   0.011598679     1.4654242     1.7635094     4.8294745     2.3856097    0.92490564   0.053871181    0.60539016     18.905389 )
#  Fit parameters:
#     72.1246996953853     0.30077498031736    -0.15487377805783    -0.857715506124238   -0.925078085480958   -0.951898824383342   -4.99965562509609    -19.2850872067103    
#----------------------------------------------------------------------------------
# Restarting:              yes
#  - absolute improvement: 2.01133635304518      
#  - relative improvement: 0.00135257972400906   
#  - m2lnL_1  :            1487.03719074211      
#  - m2lnL_2  :            1485.02585438907      
#----------------------------------------------------------------------------------
# Model fitting. Interating using:
#  - solver:            NLOpt:ln-neldermead
#  - differentiation:   Numerical differentiantion (forward)
#.........................
#  Minimum found with precision: |df|/f =  1.00000e-08 and |dx| =  1.00000e-05
#  Elapsed time: 00 days, 00:00:02.7837420
#  iteration            [000164]
#  function evaluations [000166]
#  gradient evaluations [000000]
#  degrees of freedom   [001693]
#  m2lnL     =     1485.02576852434 (     1454.0841   0.011338542     1.4685779      1.761182     4.8268484     2.3837964    0.92527462   0.054632471    0.60807981      18.90194 )
#  Fit parameters:
#     72.1264491045155     0.300694510368807   -0.15466003318955    -0.857859983412687   -0.925397281321361   -0.951652635941816   -4.99995418994365    -19.2850705609016    
#----------------------------------------------------------------------------------
# Restarting:              no
#  - absolute improvement: 8.58647263157764e-05  
#  - relative improvement: 5.78203578489888e-08  
#  - m2lnL_2  :            1485.02585438907      
#  - m2lnL_3  :            1485.02576852434      
#----------------------------------------------------------------------------------
# Data used:
#   - Pantheon+SH0ES Sample STAT+SYS (2022)
#   - 6dFGRS -- Beutler (2011), BAO Sample R-Dv
#   - SDSS-DR7-lowz -- Ross (2015), Empirical m2lnp
#   - SDSS DR12 (final consensus) -- Ross et al. (2016), arXiv:1607.03145; Alam
#        et al. (2016), arXiv:1607.03155; BAO Sample(D_t / r_sd, DH / r_sd) --
#        DR16 Compatible
#   - SDSS DR16 -- Alam et al., PRD 103, 083533 (2021); BAO LRG Sample(D_t /
#        r_sd, DH / r_sd)
#   - SDSS DR16 -- Alam et al., PRD 103, 083533 (2021); BAO QSO Sample(D_t /
#        r_sd, DH / r_sd)
#   - SDSS DR16 -- Alam et al., PRD 103, 083533 (2021) -- BAO ELG Sample,
#        Empirical m2lnp
#   - SDSS DR16 -- Alam et al., PRD 103, 083533 (2021) -- BAO Lyman alpha
#        autocorrelation Sample, Empirical m2lnp
#   - SDSS DR16 -- Alam et al., PRD 103, 083533 (2021) -- BAO Lyman alpha QSO
#        cross-correlation Sample, Empirical m2lnp
#   - Gomez-Valent 2018 -- arXiv:1802.01505
#----------------------------------------------------------------------------------
# Model[03000]:
#   - NcHICosmo : XCDM - Constant EOS
#----------------------------------------------------------------------------------
# Model parameters
#   -           H0[00]:  72.1264491045155    [FREE]
#   -       Omegac[01]:  0.300694510368807   [FREE]
#   -       Omegak[02]: -0.15466003318955    [FREE]
#   -      Tgamma0[03]:  2.7245              [FIXED]
#   -           Yp[04]:  0.24                [FIXED]
#   -         ENnu[05]:  3.046               [FIXED]
#   -       Omegab[06]:  0.05                [FIXED]
#   -          w_0[07]: -0.857859983412687   [FREE]
#   -          w_1[08]: -0.925397281321361   [FREE]
#   -          w_2[09]: -0.951652635941816   [FREE]
#   -          w_3[10]: -4.99995418994365    [FREE]
#----------------------------------------------------------------------------------
# Model[14000]:
#   - NcSNIADistCov : Supernovae Ia Distance Covariance
#----------------------------------------------------------------------------------
# Model parameters
#   -        alpha[00]:  0                   [FIXED]
#   -         beta[01]:  0                   [FIXED]
#   -           M1[02]: -19.2850705609016    [FREE]
#   -           M2[03]: -19.25               [FIXED]
#   - lnsigma_pecz[04]: -34.5387763949107    [FIXED]
#   - lnsigma_lens[05]: -34.5387763949107    [FIXED]
#----------------------------------------------------------------------------------
# NcmMSet parameters covariance matrix
#                                                  -------------------------------------------------------------------------------------------------------------------------
#     H0[03000:00] =  72.13       +/-  0.9495      |  1           | -0.1054      | -0.06962     | -0.3753      |  0.2021      | -0.2114      |  0.2199      |  0.9014      |
# Omegac[03000:01] =  0.3007      +/-  0.01257     | -0.1054      |  1           | -0.2657      |  0.2972      | -0.04074     |  0.08002     | -0.244       |  0.1197      |
# Omegak[03000:02] = -0.1547      +/-  0.05243     | -0.06962     | -0.2657      |  1           | -0.2712      | -0.486       | -0.4542      | -0.2149      | -0.1566      |
#    w_0[03000:07] = -0.8579      +/-  0.1807      | -0.3753      |  0.2972      | -0.2712      |  1           | -0.5606      |  0.5893      | -0.5816      | -0.01292     |
#    w_1[03000:08] = -0.9254      +/-  0.07477     |  0.2021      | -0.04074     | -0.486       | -0.5606      |  1           | -0.2916      |  0.7168      |  0.05974     |
#    w_2[03000:09] = -0.9517      +/-  0.1877      | -0.2114      |  0.08002     | -0.4542      |  0.5893      | -0.2916      |  1           | -0.5109      | -0.09314     |
#    w_3[03000:10] = -5           +/-  5.159       |  0.2199      | -0.244       | -0.2149      | -0.5816      |  0.7168      | -0.5109      |  1           |  0.03857     |
#     M1[14000:02] = -19.29       +/-  0.02551     |  0.9014      |  0.1197      | -0.1566      | -0.01292     |  0.05974     | -0.09314     |  0.03857     |  1           |
#                                                  -------------------------------------------------------------------------------------------------------------------------
