#----------------------------------------------------------------------------------
# Model fitting. Interating using:
#  - solver:            NLOpt:ln-neldermead
#  - differentiation:   Numerical differentiantion (forward)
#...................................................................................................................................................................
#  Minimum found with precision: |df|/f =  1.00000e-08 and |dx| =  1.00000e-05
#  Elapsed time: 00 days, 00:00:29.4879530
#  iteration            [001545]
#  function evaluations [001547]
#  gradient evaluations [000000]
#  degrees of freedom   [001690]
#  m2lnL     =     1500.90851148234 (     1461.3986    0.47772331     4.2716648     3.9692834     8.2896107      2.986528    0.96640924   0.015657022    0.44914699     18.083879 )
#  Fit parameters:
#     72.4838713923869    -0.133841825533689   -1.26589384232976    -1.11552474167519    -1.12204575577139    -0.445832063752118   -1.35285898714469    -0.967071142308909   -0.955759528370439   -0.957462589270228   -19.298851661862     
#----------------------------------------------------------------------------------
# Restarting:              yes
#  - absolute improvement: 880.518403847585      
#  - relative improvement: 0.36974403798808      
#  - m2lnL_0  :            2381.42691532993      
#  - m2lnL_1  :            1500.90851148234      
#----------------------------------------------------------------------------------
# Model fitting. Interating using:
#  - solver:            NLOpt:ln-neldermead
#  - differentiation:   Numerical differentiantion (forward)
#...................................................................................................................................................................................................................
#  Minimum found with precision: |df|/f =  1.00000e-08 and |dx| =  1.00000e-05
#  Elapsed time: 00 days, 00:00:49.0237830
#  iteration            [002029]
#  function evaluations [002031]
#  gradient evaluations [000000]
#  degrees of freedom   [001690]
#  m2lnL     =     1496.38573072251 (     1464.0319    0.13717888     3.4719715     1.7821117     6.3693743     2.5707569    0.96769337    0.21895952    0.48449575      16.35126 )
#  Fit parameters:
#     73.2830761883584    -0.0703078595331795  -2.22084571408576    -1.18642488249988    -1.39365375949292    -0.337405190342046   -1.59140705201348    -0.113645712236955   -4.99900363411188    -0.173300289163952   -19.2989310674236    
#----------------------------------------------------------------------------------
# Restarting:              yes
#  - absolute improvement: 4.5227807598269       
#  - relative improvement: 0.00301336205719832   
#  - m2lnL_1  :            1500.90851148234      
#  - m2lnL_2  :            1496.38573072251      
#----------------------------------------------------------------------------------
# Model fitting. Interating using:
#  - solver:            NLOpt:ln-neldermead
#  - differentiation:   Numerical differentiantion (forward)
#.....................................................................................................................................................................................
#  Minimum found with precision: |df|/f =  1.00000e-08 and |dx| =  1.00000e-05
#  Elapsed time: 00 days, 00:00:43.0143270
#  iteration            [001725]
#  function evaluations [001727]
#  gradient evaluations [000000]
#  degrees of freedom   [001690]
#  m2lnL     =     1486.13649440537 (     1453.2597   0.003804273     1.7960757    0.69488137     3.8520459    0.15043188    0.79821346     1.7415286     2.7326337     21.107227 )
#  Fit parameters:
#     72.8888249404509     0.0424925737276832  -1.61358611391118    -1.27173190258449    -1.3094308488934     -0.400757251381308   -1.86306656493516    -0.760347773627071   -4.99759055918978     0.38984972111385    -19.2784983627032    
#----------------------------------------------------------------------------------
# Restarting:              yes
#  - absolute improvement: 10.2492363171414      
#  - relative improvement: 0.00684932775467768   
#  - m2lnL_2  :            1496.38573072251      
#  - m2lnL_3  :            1486.13649440537      
#----------------------------------------------------------------------------------
# Model fitting. Interating using:
#  - solver:            NLOpt:ln-neldermead
#  - differentiation:   Numerical differentiantion (forward)
#...................................................................................................................................................................................................................................
#  Minimum found with precision: |df|/f =  1.00000e-08 and |dx| =  1.00000e-05
#  Elapsed time: 00 days, 00:00:45.5082740
#  iteration            [002188]
#  function evaluations [002190]
#  gradient evaluations [000000]
#  degrees of freedom   [001690]
#  m2lnL     =     1482.70164092038 (     1452.0955  0.0020817159     1.6018878    0.94039223     3.0922605    0.76465668    0.93566506     1.6540067     1.8832894     19.731899 )
#  Fit parameters:
#     71.6436973215597     0.0310083951435415  -0.668897282889643   -1.17192200444259    -0.997117153336761   -0.536602538968577   -1.35868840978734    -0.296410491322566   -4.89770026383529     0.368130503406035   -19.2902490597647    
#----------------------------------------------------------------------------------
# Restarting:              yes
#  - absolute improvement: 3.43485348499439      
#  - relative improvement: 0.00231126380243339   
#  - m2lnL_3  :            1486.13649440537      
#  - m2lnL_4  :            1482.70164092038      
#----------------------------------------------------------------------------------
# Model fitting. Interating using:
#  - solver:            NLOpt:ln-neldermead
#  - differentiation:   Numerical differentiantion (forward)
#...............................................................................
#  Minimum found with precision: |df|/f =  1.00000e-08 and |dx| =  1.00000e-05
#  Elapsed time: 00 days, 00:00:14.2669300
#  iteration            [000700]
#  function evaluations [000702]
#  gradient evaluations [000000]
#  degrees of freedom   [001690]
#  m2lnL     =     1482.69436687153 (     1452.1927  0.0024206388     1.5967624    0.93744212     3.1063008    0.79094887    0.93683453     1.6427391     1.8588861     19.629306 )
#  Fit parameters:
#     71.6509049684783     0.0297221635747532  -0.693206374389108   -1.16806420055926    -0.998999673107053   -0.536550204560407   -1.35675855648096    -0.273816767185583   -4.99998110599261     0.374715946181679   -19.2907527861802    
#----------------------------------------------------------------------------------
# Restarting:              yes
#  - absolute improvement: 0.00727404884446514   
#  - relative improvement: 4.90594239846515e-06  
#  - m2lnL_4  :            1482.70164092038      
#  - m2lnL_5  :            1482.69436687153      
#----------------------------------------------------------------------------------
# Model fitting. Interating using:
#  - solver:            NLOpt:ln-neldermead
#  - differentiation:   Numerical differentiantion (forward)
#....................................................
#  Minimum found with precision: |df|/f =  1.00000e-08 and |dx| =  1.00000e-05
#  Elapsed time: 00 days, 00:00:08.8412680
#  iteration            [000432]
#  function evaluations [000434]
#  gradient evaluations [000000]
#  degrees of freedom   [001690]
#  m2lnL     =     1482.69205898331 (     1452.0611  0.0021766995     1.6004621    0.94515196     3.1279009     0.7751862    0.93428551     1.6564843     1.8753707     19.713952 )
#  Fit parameters:
#     71.6633423085238     0.030297247764621   -0.678218576500136   -1.17060087633309    -0.996458346862248   -0.533710861984355   -1.36869412914681    -0.271517816502547   -4.9999683226097      0.375373654565478   -19.2899340168572    
#----------------------------------------------------------------------------------
# Restarting:              yes
#  - absolute improvement: 0.00230788822091199   
#  - relative improvement: 1.55655020513877e-06  
#  - m2lnL_5  :            1482.69436687153      
#  - m2lnL_6  :            1482.69205898331      
#----------------------------------------------------------------------------------
# Model fitting. Interating using:
#  - solver:            NLOpt:ln-neldermead
#  - differentiation:   Numerical differentiantion (forward)
#................................
#  Minimum found with precision: |df|/f =  1.00000e-08 and |dx| =  1.00000e-05
#  Elapsed time: 00 days, 00:00:04.8901070
#  iteration            [000237]
#  function evaluations [000239]
#  gradient evaluations [000000]
#  degrees of freedom   [001690]
#  m2lnL     =     1482.69189279321 (     1452.0846  0.0021475169     1.6014536    0.94256013     3.1294698    0.77757731    0.93410421     1.6510049     1.8734519     19.695487 )
#  Fit parameters:
#     71.6603747326283     0.0304050163754769  -0.67852127267706    -1.17068749468317    -0.996945601752367   -0.535159800171125   -1.36859336933757    -0.268092928090213   -4.99991267294891     0.375348023877181   -19.2900424385764    
#----------------------------------------------------------------------------------
# Restarting:              no
#  - absolute improvement: 0.000166190101481334  
#  - relative improvement: 1.12086727971883e-07  
#  - m2lnL_6  :            1482.69205898331      
#  - m2lnL_7  :            1482.69189279321      
#----------------------------------------------------------------------------------
# Data used:
#   - Pantheon+SH0ES Sample STAT+SYS (2022)
#   - 6dFGRS -- Beutler (2011), BAO Sample R-Dv
#   - SDSS-DR7-lowz -- Ross (2015), Empirical m2lnp
#   - SDSS DR12 (final consensus) -- Ross et al. (2016), arXiv:1607.03145; Alam
#        et al. (2016), arXiv:1607.03155; BAO Sample(D_t / r_sd, DH / r_sd) --
#        DR16 Compatible
#   - SDSS DR16 -- Alam et al., PRD 103, 083533 (2021); BAO LRG Sample(D_t /
#        r_sd, DH / r_sd)
#   - SDSS DR16 -- Alam et al., PRD 103, 083533 (2021); BAO QSO Sample(D_t /
#        r_sd, DH / r_sd)
#   - SDSS DR16 -- Alam et al., PRD 103, 083533 (2021) -- BAO ELG Sample,
#        Empirical m2lnp
#   - SDSS DR16 -- Alam et al., PRD 103, 083533 (2021) -- BAO Lyman alpha
#        autocorrelation Sample, Empirical m2lnp
#   - SDSS DR16 -- Alam et al., PRD 103, 083533 (2021) -- BAO Lyman alpha QSO
#        cross-correlation Sample, Empirical m2lnp
#   - Gomez-Valent 2018 -- arXiv:1802.01505
#----------------------------------------------------------------------------------
# Model[03000]:
#   - NcHICosmo : XCDM - Constant EOS
#----------------------------------------------------------------------------------
# Model parameters
#   -           H0[00]:  71.6603747326283    [FREE]
#   -       Omegac[01]:  0.25                [FIXED]
#   -       Omegak[02]:  0.0304050163754769  [FREE]
#   -      Tgamma0[03]:  2.7245              [FIXED]
#   -           Yp[04]:  0.24                [FIXED]
#   -         ENnu[05]:  3.046               [FIXED]
#   -       Omegab[06]:  0.05                [FIXED]
#   -          w_0[07]: -0.67852127267706    [FREE]
#   -          w_1[08]: -1.17068749468317    [FREE]
#   -          w_2[09]: -0.996945601752367   [FREE]
#   -          w_3[10]: -0.535159800171125   [FREE]
#   -          w_4[11]: -1.36859336933757    [FREE]
#   -          w_5[12]: -0.268092928090213   [FREE]
#   -          w_6[13]: -4.99991267294891    [FREE]
#   -          w_7[14]:  0.375348023877181   [FREE]
#----------------------------------------------------------------------------------
# Model[14000]:
#   - NcSNIADistCov : Supernovae Ia Distance Covariance
#----------------------------------------------------------------------------------
# Model parameters
#   -        alpha[00]:  0                   [FIXED]
#   -         beta[01]:  0                   [FIXED]
#   -           M1[02]: -19.2900424385764    [FREE]
#   -           M2[03]: -19.25               [FIXED]
#   - lnsigma_pecz[04]: -34.5387763949107    [FIXED]
#   - lnsigma_lens[05]: -34.5387763949107    [FIXED]
