#----------------------------------------------------------------------------------
# Model fitting. Interating using:
#  - solver:            NLOpt:ln-neldermead
#  - differentiation:   Numerical differentiantion (forward)
#......................................................................
#  Minimum found with precision: |df|/f =  1.00000e-08 and |dx| =  1.00000e-05
#  Elapsed time: 00 days, 00:00:10.5651300
#  iteration            [000612]
#  function evaluations [000614]
#  gradient evaluations [000000]
#  degrees of freedom   [001694]
#  m2lnL     =     1504.47210791928 (     1464.4989     0.3613987     3.7532375     6.4524883     7.5639307     2.7808152    0.99987596    0.15174621    0.78788737     17.121838 )
#  Fit parameters:
#     72.4521654454996    -0.0865774496362402  -1.08232532909255    -0.92423285295188    -1.05224813171282    -0.962225805094842   -19.2998136490206    
#----------------------------------------------------------------------------------
# Restarting:              yes
#  - absolute improvement: 876.954807410648      
#  - relative improvement: 0.368247625726173     
#  - m2lnL_0  :            2381.42691532993      
#  - m2lnL_1  :            1504.47210791928      
#----------------------------------------------------------------------------------
# Model fitting. Interating using:
#  - solver:            NLOpt:ln-neldermead
#  - differentiation:   Numerical differentiantion (forward)
#..............................................................
#  Minimum found with precision: |df|/f =  1.00000e-08 and |dx| =  1.00000e-05
#  Elapsed time: 00 days, 00:00:09.0223640
#  iteration            [000533]
#  function evaluations [000535]
#  gradient evaluations [000000]
#  degrees of freedom   [001694]
#  m2lnL     =     1503.93457031192 (     1464.9565    0.42534005     3.9124094     6.0182665     7.4510904     3.3858171    0.99071872   0.034289758    0.37543016     16.384663 )
#  Fit parameters:
#     72.2825266736999    -0.0954592455483206  -0.991357987117554   -0.952092887519759   -0.919883861273268   -3.47593646520638    -19.3017338156171    
#----------------------------------------------------------------------------------
# Restarting:              yes
#  - absolute improvement: 0.537537607355489     
#  - relative improvement: 0.000357293169162781  
#  - m2lnL_1  :            1504.47210791928      
#  - m2lnL_2  :            1503.93457031192      
#----------------------------------------------------------------------------------
# Model fitting. Interating using:
#  - solver:            NLOpt:ln-neldermead
#  - differentiation:   Numerical differentiantion (forward)
#.....................
#  Minimum found with precision: |df|/f =  1.00000e-08 and |dx| =  1.00000e-05
#  Elapsed time: 00 days, 00:00:01.9472550
#  iteration            [000121]
#  function evaluations [000123]
#  gradient evaluations [000000]
#  degrees of freedom   [001694]
#  m2lnL     =     1503.93456545498 (     1464.9375    0.42559582     3.9134175     6.0271876     7.4551186     3.3855231    0.99074436   0.034455814    0.37566375     16.389339 )
#  Fit parameters:
#     72.283599496859     -0.095447777362172   -0.991353640724649   -0.951986981196087   -0.920289915138424   -3.47159640746017    -19.3016935131819    
#----------------------------------------------------------------------------------
# Restarting:              no
#  - absolute improvement: 4.85694044982665e-06  
#  - relative improvement: 3.22948919833614e-09  
#  - m2lnL_2  :            1503.93457031192      
#  - m2lnL_3  :            1503.93456545498      
#----------------------------------------------------------------------------------
# Data used:
#   - Pantheon+SH0ES Sample STAT+SYS (2022)
#   - 6dFGRS -- Beutler (2011), BAO Sample R-Dv
#   - SDSS-DR7-lowz -- Ross (2015), Empirical m2lnp
#   - SDSS DR12 (final consensus) -- Ross et al. (2016), arXiv:1607.03145; Alam
#        et al. (2016), arXiv:1607.03155; BAO Sample(D_t / r_sd, DH / r_sd) --
#        DR16 Compatible
#   - SDSS DR16 -- Alam et al., PRD 103, 083533 (2021); BAO LRG Sample(D_t /
#        r_sd, DH / r_sd)
#   - SDSS DR16 -- Alam et al., PRD 103, 083533 (2021); BAO QSO Sample(D_t /
#        r_sd, DH / r_sd)
#   - SDSS DR16 -- Alam et al., PRD 103, 083533 (2021) -- BAO ELG Sample,
#        Empirical m2lnp
#   - SDSS DR16 -- Alam et al., PRD 103, 083533 (2021) -- BAO Lyman alpha
#        autocorrelation Sample, Empirical m2lnp
#   - SDSS DR16 -- Alam et al., PRD 103, 083533 (2021) -- BAO Lyman alpha QSO
#        cross-correlation Sample, Empirical m2lnp
#   - Gomez-Valent 2018 -- arXiv:1802.01505
#----------------------------------------------------------------------------------
# Model[03000]:
#   - NcHICosmo : XCDM - Constant EOS
#----------------------------------------------------------------------------------
# Model parameters
#   -           H0[00]:  72.283599496859     [FREE]
#   -       Omegac[01]:  0.25                [FIXED]
#   -       Omegak[02]: -0.095447777362172   [FREE]
#   -      Tgamma0[03]:  2.7245              [FIXED]
#   -           Yp[04]:  0.24                [FIXED]
#   -         ENnu[05]:  3.046               [FIXED]
#   -       Omegab[06]:  0.05                [FIXED]
#   -          w_0[07]: -0.991353640724649   [FREE]
#   -          w_1[08]: -0.951986981196087   [FREE]
#   -          w_2[09]: -0.920289915138424   [FREE]
#   -          w_3[10]: -3.47159640746017    [FREE]
#----------------------------------------------------------------------------------
# Model[14000]:
#   - NcSNIADistCov : Supernovae Ia Distance Covariance
#----------------------------------------------------------------------------------
# Model parameters
#   -        alpha[00]:  0                   [FIXED]
#   -         beta[01]:  0                   [FIXED]
#   -           M1[02]: -19.3016935131819    [FREE]
#   -           M2[03]: -19.25               [FIXED]
#   - lnsigma_pecz[04]: -34.5387763949107    [FIXED]
#   - lnsigma_lens[05]: -34.5387763949107    [FIXED]
#----------------------------------------------------------------------------------
# NcmMSet parameters covariance matrix
#                                                  ----------------------------------------------------------------------------------------------------------
#     H0[03000:00] =  72.28       +/-  0.9707      |  1           | -0.08199     | -0.3589      |  0.1791      | -0.2051      |  0.2166      |  0.9268      |
# Omegak[03000:02] = -0.09545     +/-  0.06536     | -0.08199     |  1           | -0.3129      | -0.6738      | -0.4965      | -0.4818      | -0.115       |
#    w_0[03000:07] = -0.9914      +/-  0.1784      | -0.3589      | -0.3129      |  1           | -0.3506      |  0.6102      | -0.4136      | -0.05322     |
#    w_1[03000:08] = -0.952       +/-  0.0849      |  0.1791      | -0.6738      | -0.3506      |  1           | -0.09096     |  0.798       |  0.07688     |
#    w_2[03000:09] = -0.9203      +/-  0.1881      | -0.2051      | -0.4965      |  0.6102      | -0.09096     |  1           | -0.3785      | -0.1076      |
#    w_3[03000:10] = -3.472       +/-  4.571       |  0.2166      | -0.4818      | -0.4136      |  0.798       | -0.3785      |  1           |  0.09766     |
#     M1[14000:02] = -19.3        +/-  0.02584     |  0.9268      | -0.115       | -0.05322     |  0.07688     | -0.1076      |  0.09766     |  1           |
#                                                  ----------------------------------------------------------------------------------------------------------
