#----------------------------------------------------------------------------------
# Model fitting. Interating using:
#  - solver:            NLOpt:ln-neldermead
#  - differentiation:   Numerical differentiantion (forward)
#..................................................................................................
#  Minimum found with precision: |df|/f =  1.00000e-08 and |dx| =  1.00000e-05
#  Elapsed time: 00 days, 00:00:13.7073030
#  iteration            [000895]
#  function evaluations [000897]
#  gradient evaluations [000000]
#  degrees of freedom   [001695]
#  m2lnL     =     1504.02475347216 (     1464.7822    0.38797984     3.8114712        6.1015     7.5020309     3.2561727    0.99711874   0.045214344    0.47075897     16.670279 )
#  Fit parameters:
#     72.3720467871214    -0.0973430795497366  -1.03175533194981    -0.934158497990524   -2.32780870741906    -19.300863512772     
#----------------------------------------------------------------------------------
# Restarting:              yes
#  - absolute improvement: 877.402161857769      
#  - relative improvement: 0.36843547715434      
#  - m2lnL_0  :            2381.42691532993      
#  - m2lnL_1  :            1504.02475347216      
#----------------------------------------------------------------------------------
# Model fitting. Interating using:
#  - solver:            NLOpt:ln-neldermead
#  - differentiation:   Numerical differentiantion (forward)
#....................
#  Minimum found with precision: |df|/f =  1.00000e-08 and |dx| =  1.00000e-05
#  Elapsed time: 00 days, 00:00:01.8729630
#  iteration            [000112]
#  function evaluations [000114]
#  gradient evaluations [000000]
#  degrees of freedom   [001695]
#  m2lnL     =     1504.02475281195 (     1464.7871     0.3879516     3.8112921     6.0981474     7.5016226     3.2578804     0.9971255   0.044877385    0.47030453     16.668431 )
#  Fit parameters:
#     72.3718541572406    -0.0974534658484862  -1.03163397398572    -0.93411473636928    -2.32461001297107    -19.3008814094161    
#----------------------------------------------------------------------------------
# Restarting:              no
#  - absolute improvement: 6.60202431390644e-07  
#  - relative improvement: 4.38957158029824e-10  
#  - m2lnL_1  :            1504.02475347216      
#  - m2lnL_2  :            1504.02475281195      
#----------------------------------------------------------------------------------
# Data used:
#   - Pantheon+SH0ES Sample STAT+SYS (2022)
#   - 6dFGRS -- Beutler (2011), BAO Sample R-Dv
#   - SDSS-DR7-lowz -- Ross (2015), Empirical m2lnp
#   - SDSS DR12 (final consensus) -- Ross et al. (2016), arXiv:1607.03145; Alam
#        et al. (2016), arXiv:1607.03155; BAO Sample(D_t / r_sd, DH / r_sd) --
#        DR16 Compatible
#   - SDSS DR16 -- Alam et al., PRD 103, 083533 (2021); BAO LRG Sample(D_t /
#        r_sd, DH / r_sd)
#   - SDSS DR16 -- Alam et al., PRD 103, 083533 (2021); BAO QSO Sample(D_t /
#        r_sd, DH / r_sd)
#   - SDSS DR16 -- Alam et al., PRD 103, 083533 (2021) -- BAO ELG Sample,
#        Empirical m2lnp
#   - SDSS DR16 -- Alam et al., PRD 103, 083533 (2021) -- BAO Lyman alpha
#        autocorrelation Sample, Empirical m2lnp
#   - SDSS DR16 -- Alam et al., PRD 103, 083533 (2021) -- BAO Lyman alpha QSO
#        cross-correlation Sample, Empirical m2lnp
#   - Gomez-Valent 2018 -- arXiv:1802.01505
#----------------------------------------------------------------------------------
# Model[03000]:
#   - NcHICosmo : XCDM - Constant EOS
#----------------------------------------------------------------------------------
# Model parameters
#   -           H0[00]:  72.3718541572406    [FREE]
#   -       Omegac[01]:  0.25                [FIXED]
#   -       Omegak[02]: -0.0974534658484862  [FREE]
#   -      Tgamma0[03]:  2.7245              [FIXED]
#   -           Yp[04]:  0.24                [FIXED]
#   -         ENnu[05]:  3.046               [FIXED]
#   -       Omegab[06]:  0.05                [FIXED]
#   -          w_0[07]: -1.03163397398572    [FREE]
#   -          w_1[08]: -0.93411473636928    [FREE]
#   -          w_2[09]: -2.32461001297107    [FREE]
#----------------------------------------------------------------------------------
# Model[14000]:
#   - NcSNIADistCov : Supernovae Ia Distance Covariance
#----------------------------------------------------------------------------------
# Model parameters
#   -        alpha[00]:  0                   [FIXED]
#   -         beta[01]:  0                   [FIXED]
#   -           M1[02]: -19.3008814094161    [FREE]
#   -           M2[03]: -19.25               [FIXED]
#   - lnsigma_pecz[04]: -34.5387763949107    [FIXED]
#   - lnsigma_lens[05]: -34.5387763949107    [FIXED]
#----------------------------------------------------------------------------------
# NcmMSet parameters covariance matrix
#                                                  -------------------------------------------------------------------------------------------
#     H0[03000:00] =  72.37       +/-  0.9255      |  1           | -0.05054     | -0.1963      | -0.05929     | -0.1222      |  0.9438      |
# Omegak[03000:02] = -0.09745     +/-  0.06559     | -0.05054     |  1           | -0.649       | -0.8374      | -0.7369      | -0.1058      |
#    w_0[03000:07] = -1.032       +/-  0.1223      | -0.1963      | -0.649       |  1           |  0.4297      |  0.8222      |  0.048       |
#    w_1[03000:08] = -0.9341      +/-  0.05671     | -0.05929     | -0.8374      |  0.4297      |  1           |  0.3976      | -0.001271    |
#    w_2[03000:09] = -2.325       +/-  1.617       | -0.1222      | -0.7369      |  0.8222      |  0.3976      |  1           |  0.008193    |
#     M1[14000:02] = -19.3        +/-  0.0257      |  0.9438      | -0.1058      |  0.048       | -0.001271    |  0.008193    |  1           |
#                                                  -------------------------------------------------------------------------------------------
