#----------------------------------------------------------------------------------
# Model fitting. Interating using:
#  - solver:            NLOpt:ln-neldermead
#  - differentiation:   Numerical differentiantion (forward)
#....................................................................................................
#  Minimum found with precision: |df|/f =  1.00000e-08 and |dx| =  1.00000e-05
#  Elapsed time: 00 days, 00:00:16.4567390
#  iteration            [000913]
#  function evaluations [000915]
#  gradient evaluations [000000]
#  degrees of freedom   [001693]
#  m2lnL     =     1504.52663447366 (     1465.0109    0.43613214     3.9245087     5.7895264     7.6655431     4.0248645    0.98931098 -0.00041733085    0.41122793     16.274989 )
#  Fit parameters:
#     72.2463984153791    -0.123969592743697   -0.947197782311534   -0.935084872451289   -0.876654091005329   -0.97809189389787    -1.03576400116693    -19.3021069229651    
#----------------------------------------------------------------------------------
# Restarting:              yes
#  - absolute improvement: 876.900280856269      
#  - relative improvement: 0.368224729136725     
#  - m2lnL_0  :            2381.42691532993      
#  - m2lnL_1  :            1504.52663447366      
#----------------------------------------------------------------------------------
# Model fitting. Interating using:
#  - solver:            NLOpt:ln-neldermead
#  - differentiation:   Numerical differentiantion (forward)
#.......................................................................................................................................................................
#  Minimum found with precision: |df|/f =  1.00000e-08 and |dx| =  1.00000e-05
#  Elapsed time: 00 days, 00:00:28.3705540
#  iteration            [001580]
#  function evaluations [001582]
#  gradient evaluations [000000]
#  degrees of freedom   [001693]
#  m2lnL     =     1503.53996065073 (     1464.7092     0.3657978     3.7691386     6.0828129      7.520749     3.2631249    0.99862006   0.015278503    0.35199444     16.463257 )
#  Fit parameters:
#     72.4088661042777    -0.1044570761089     -1.06655239834436    -0.917430614746198   -0.932455222829922   -0.979340624785815   -5                   -19.3006939965572    
#----------------------------------------------------------------------------------
# Restarting:              yes
#  - absolute improvement: 0.986673822925695     
#  - relative improvement: 0.000655803493482768  
#  - m2lnL_1  :            1504.52663447366      
#  - m2lnL_2  :            1503.53996065073      
#----------------------------------------------------------------------------------
# Model fitting. Interating using:
#  - solver:            NLOpt:ln-neldermead
#  - differentiation:   Numerical differentiantion (forward)
#.......................
#  Minimum found with precision: |df|/f =  1.00000e-08 and |dx| =  1.00000e-05
#  Elapsed time: 00 days, 00:00:02.5914320
#  iteration            [000142]
#  function evaluations [000144]
#  gradient evaluations [000000]
#  degrees of freedom   [001693]
#  m2lnL     =     1503.53992910684 (     1464.6974    0.36605625     3.7701509     6.0897552     7.5234016     3.2617223    0.99862663   0.015780002    0.35101241     16.466049 )
#  Fit parameters:
#     72.408283070223     -0.104388510488055   -1.06642869857383    -0.917436201248366   -0.932599217299236   -0.980386819693546   -4.99991045226737    -19.3007072877347    
#----------------------------------------------------------------------------------
# Restarting:              no
#  - absolute improvement: 3.15438915095001e-05  
#  - relative improvement: 2.09797493482301e-08  
#  - m2lnL_2  :            1503.53996065073      
#  - m2lnL_3  :            1503.53992910684      
#----------------------------------------------------------------------------------
# Data used:
#   - Pantheon+SH0ES Sample STAT+SYS (2022)
#   - 6dFGRS -- Beutler (2011), BAO Sample R-Dv
#   - SDSS-DR7-lowz -- Ross (2015), Empirical m2lnp
#   - SDSS DR12 (final consensus) -- Ross et al. (2016), arXiv:1607.03145; Alam
#        et al. (2016), arXiv:1607.03155; BAO Sample(D_t / r_sd, DH / r_sd) --
#        DR16 Compatible
#   - SDSS DR16 -- Alam et al., PRD 103, 083533 (2021); BAO LRG Sample(D_t /
#        r_sd, DH / r_sd)
#   - SDSS DR16 -- Alam et al., PRD 103, 083533 (2021); BAO QSO Sample(D_t /
#        r_sd, DH / r_sd)
#   - SDSS DR16 -- Alam et al., PRD 103, 083533 (2021) -- BAO ELG Sample,
#        Empirical m2lnp
#   - SDSS DR16 -- Alam et al., PRD 103, 083533 (2021) -- BAO Lyman alpha
#        autocorrelation Sample, Empirical m2lnp
#   - SDSS DR16 -- Alam et al., PRD 103, 083533 (2021) -- BAO Lyman alpha QSO
#        cross-correlation Sample, Empirical m2lnp
#   - Gomez-Valent 2018 -- arXiv:1802.01505
#----------------------------------------------------------------------------------
# Model[03000]:
#   - NcHICosmo : XCDM - Constant EOS
#----------------------------------------------------------------------------------
# Model parameters
#   -           H0[00]:  72.408283070223     [FREE]
#   -       Omegac[01]:  0.25                [FIXED]
#   -       Omegak[02]: -0.104388510488055   [FREE]
#   -      Tgamma0[03]:  2.7245              [FIXED]
#   -           Yp[04]:  0.24                [FIXED]
#   -         ENnu[05]:  3.046               [FIXED]
#   -       Omegab[06]:  0.05                [FIXED]
#   -          w_0[07]: -1.06642869857383    [FREE]
#   -          w_1[08]: -0.917436201248366   [FREE]
#   -          w_2[09]: -0.932599217299236   [FREE]
#   -          w_3[10]: -0.980386819693546   [FREE]
#   -          w_4[11]: -4.99991045226737    [FREE]
#----------------------------------------------------------------------------------
# Model[14000]:
#   - NcSNIADistCov : Supernovae Ia Distance Covariance
#----------------------------------------------------------------------------------
# Model parameters
#   -        alpha[00]:  0                   [FIXED]
#   -         beta[01]:  0                   [FIXED]
#   -           M1[02]: -19.3007072877347    [FREE]
#   -           M2[03]: -19.25               [FIXED]
#   - lnsigma_pecz[04]: -34.5387763949107    [FIXED]
#   - lnsigma_lens[05]: -34.5387763949107    [FIXED]
#----------------------------------------------------------------------------------
# NcmMSet parameters covariance matrix
#                                                  -------------------------------------------------------------------------------------------------------------------------
#     H0[03000:00] =  72.41       +/-  0.9887      |  1           | -0.08678     | -0.3822      |  0.2513      | -0.1007      | -0.05674     | -0.08461     |  0.9137      |
# Omegak[03000:02] = -0.1044      +/-  0.06243     | -0.08678     |  1           | -0.2275      | -0.5534      | -0.521       | -0.5033      | -0.1519      | -0.1174      |
#    w_0[03000:07] = -1.066       +/-  0.2433      | -0.3822      | -0.2275      |  1           | -0.5902      |  0.4249      |  0.007615    |  0.4919      | -0.04942     |
#    w_1[03000:08] = -0.9174      +/-  0.09391     |  0.2513      | -0.5534      | -0.5902      |  1           |  0.03557     |  0.2686      | -0.2135      |  0.0725      |
#    w_2[03000:09] = -0.9326      +/-  0.1088      | -0.1007      | -0.521       |  0.4249      |  0.03557     |  1           |  0.02462     |  0.5253      | -0.06088     |
#    w_3[03000:10] = -0.9804      +/-  0.3864      | -0.05674     | -0.5033      |  0.007615    |  0.2686      |  0.02462     |  1           | -0.6175      | -0.05189     |
#    w_4[03000:11] = -5           +/-  8.934       | -0.08461     | -0.1519      |  0.4919      | -0.2135      |  0.5253      | -0.6175      |  1           |  0.01922     |
#     M1[14000:02] = -19.3        +/-  0.02583     |  0.9137      | -0.1174      | -0.04942     |  0.0725      | -0.06088     | -0.05189     |  0.01922     |  1           |
#                                                  -------------------------------------------------------------------------------------------------------------------------
