#----------------------------------------------------------------------------------
# Model fitting. Interating using:
#  - solver:            NLOpt:ln-neldermead
#  - differentiation:   Numerical differentiantion (forward)
#......................................................................................................................................................................................................................................................................
#  Minimum found with precision: |df|/f =  1.00000e-08 and |dx| =  1.00000e-05
#  Elapsed time: 00 days, 00:00:54.4759540
#  iteration            [002533]
#  function evaluations [002535]
#  gradient evaluations [000000]
#  degrees of freedom   [001686]
#  m2lnL     =     1501.24098083836 (     1460.9279    0.40600831      4.023946     4.7936545     8.7273663     4.3660372    0.92560105    0.13696609     0.2488339     16.684669 )
#  Fit parameters:
#     72.4574597682195    -0.200839368326633   -1.18413446612482    -0.968387924456148   -0.968435828136412   -0.834804681385076   -0.828392495105281   -0.731635761305671   -0.992245701018      -1.37136121893338     0.292747660317924   -1.39411807262918    -0.973743567550216   -1.06890605792157    -19.2998242383485    
#----------------------------------------------------------------------------------
# Restarting:              yes
#  - absolute improvement: 880.185934491566      
#  - relative improvement: 0.369604428683306     
#  - m2lnL_0  :            2381.42691532993      
#  - m2lnL_1  :            1501.24098083836      
#----------------------------------------------------------------------------------
# Model fitting. Interating using:
#  - solver:            NLOpt:ln-neldermead
#  - differentiation:   Numerical differentiantion (forward)
#..........................................................................................................................................................................................................................................................................................................................................................................................................................................................................................................................................................................................................................................................................................................................................................................................................................................................................................................
#  Minimum found with precision: |df|/f =  1.00000e-08 and |dx| =  1.00000e-05
#  Elapsed time: 00 days, 00:04:31.1687260
#  iteration            [008659]
#  function evaluations [008661]
#  gradient evaluations [000000]
#  degrees of freedom   [001686]
#  m2lnL     =     1480.06377956866 (     1450.0453  0.0043359925     1.5024419     1.9897104     4.2651522     1.1777457    0.47534698    0.45784729    0.79364737     19.352295 )
#  Fit parameters:
#     72.2423230297146    -0.126044437755197   -1.22864269842222    -1.34972126728636    -0.811871596392828    0.0840617736491789  -1.71442680924086     0.637302472207269   -2.00123376702701    -1.5042624721707      0.906712414575395   -2.814211676537       0.999998431216953   -0.0659038400592251  -19.2837981429323    
#----------------------------------------------------------------------------------
# Restarting:              yes
#  - absolute improvement: 21.1772012696963      
#  - relative improvement: 0.0141064636124375    
#  - m2lnL_1  :            1501.24098083836      
#  - m2lnL_2  :            1480.06377956866      
#----------------------------------------------------------------------------------
# Model fitting. Interating using:
#  - solver:            NLOpt:ln-neldermead
#  - differentiation:   Numerical differentiantion (forward)
#.......................................................................................................................................................................................................................................................................................................................................................................................................................
#  Minimum found with precision: |df|/f =  1.00000e-08 and |dx| =  1.00000e-05
#  Elapsed time: 00 days, 00:02:19.4525250
#  iteration            [003982]
#  function evaluations [003984]
#  gradient evaluations [000000]
#  degrees of freedom   [001686]
#  m2lnL     =     1479.56207554281 (     1449.4798  0.0032370897     1.5548338     1.5630225     4.1081157    0.80471373     0.5230898    0.70260925     1.1235198     19.699146 )
#  Fit parameters:
#     72.0831680600998    -0.0914982002749506  -1.17631303458058    -1.38232386009966    -0.928660804330473   -0.0499336824593412  -1.32245190162376     0.206970319730159   -1.82952075818889    -1.708334305636       0.999908226870138   -2.96344611420792     0.99866714640217    -0.0590184131432034  -19.2860472718392    
#----------------------------------------------------------------------------------
# Restarting:              yes
#  - absolute improvement: 0.501704025851723     
#  - relative improvement: 0.000338974598782449  
#  - m2lnL_2  :            1480.06377956866      
#  - m2lnL_3  :            1479.56207554281      
#----------------------------------------------------------------------------------
# Model fitting. Interating using:
#  - solver:            NLOpt:ln-neldermead
#  - differentiation:   Numerical differentiantion (forward)
#..................................................................................................................................................................................................................................................................................................................................................
#  Minimum found with precision: |df|/f =  1.00000e-08 and |dx| =  1.00000e-05
#  Elapsed time: 00 days, 00:01:45.2800530
#  iteration            [003292]
#  function evaluations [003294]
#  gradient evaluations [000000]
#  degrees of freedom   [001686]
#  m2lnL     =     1479.11834214722 (     1448.9013  0.0034986936     1.6134386     1.3028408     3.9451402    0.91494005    0.55533554    0.51057443    0.90052149     20.470715 )
#  Fit parameters:
#     72.2035413914876    -0.123825980765239   -1.10445951846551    -1.27665521269505    -1.03130109111838    -0.359263675640132   -0.764576825135784   -0.386799469174819   -1.23315129257529    -2.00689459747901     0.999715609996425   -2.6890811759943      0.978210071331878   -0.0672036271353632  -19.2826035402226    
#----------------------------------------------------------------------------------
# Restarting:              yes
#  - absolute improvement: 0.443733395597292     
#  - relative improvement: 0.000299908603317301  
#  - m2lnL_3  :            1479.56207554281      
#  - m2lnL_4  :            1479.11834214722      
#----------------------------------------------------------------------------------
# Model fitting. Interating using:
#  - solver:            NLOpt:ln-neldermead
#  - differentiation:   Numerical differentiantion (forward)
#.............................................................................................................................................................................................................................................
#  Minimum found with precision: |df|/f =  1.00000e-08 and |dx| =  1.00000e-05
#  Elapsed time: 00 days, 00:01:07.5197770
#  iteration            [002289]
#  function evaluations [002291]
#  gradient evaluations [000000]
#  degrees of freedom   [001686]
#  m2lnL     =     1478.97481939194 (     1448.8199  0.0063775141     1.4854714     1.3778065      3.965353    0.97065652    0.57134751    0.50752663    0.92519861     20.345219 )
#  Fit parameters:
#     72.0190809821297    -0.125236740509325   -0.896667065072415   -1.21152024145744    -0.944623855857317   -0.352566053003751   -0.85984663228666    -0.302872499241431   -1.27838008188975    -1.85548909871499     0.772211353158752   -2.49422869018897     0.928529205067149   -0.0603654364052279  -19.2823378319543    
#----------------------------------------------------------------------------------
# Restarting:              yes
#  - absolute improvement: 0.143522755273352     
#  - relative improvement: 9.70326384195887e-05  
#  - m2lnL_4  :            1479.11834214722      
#  - m2lnL_5  :            1478.97481939194      
#----------------------------------------------------------------------------------
# Model fitting. Interating using:
#  - solver:            NLOpt:ln-neldermead
#  - differentiation:   Numerical differentiantion (forward)
#..........................................................................................................................................................................................................................................................................................................................................................................................................................................
#  Minimum found with precision: |df|/f =  1.00000e-08 and |dx| =  1.00000e-05
#  Elapsed time: 00 days, 00:01:57.7286310
#  iteration            [004170]
#  function evaluations [004172]
#  gradient evaluations [000000]
#  degrees of freedom   [001686]
#  m2lnL     =     1478.62314139373 (     1448.8859   0.005912648     1.4228618     1.1622052     4.1142634    0.92841704    0.50708493    0.45352438     0.8215641     20.321362 )
#  Fit parameters:
#     71.664799903623     -0.139860133366186   -0.540095016627751   -1.07391941579268    -0.853637167502427   -0.491669311769273   -0.899610251488599   -0.188533789922511   -1.31024069287388    -1.97780059374037     0.999694271196291   -2.45160700710354     0.907591653775178   -0.0637419349170982  -19.2834290595042    
#----------------------------------------------------------------------------------
# Restarting:              yes
#  - absolute improvement: 0.351677998213518     
#  - relative improvement: 0.00023778498024605   
#  - m2lnL_5  :            1478.97481939194      
#  - m2lnL_6  :            1478.62314139373      
#----------------------------------------------------------------------------------
# Model fitting. Interating using:
#  - solver:            NLOpt:ln-neldermead
#  - differentiation:   Numerical differentiantion (forward)
#....................................................................................................................................
#  Minimum found with precision: |df|/f =  1.00000e-08 and |dx| =  1.00000e-05
#  Elapsed time: 00 days, 00:00:36.4821530
#  iteration            [001234]
#  function evaluations [001236]
#  gradient evaluations [000000]
#  degrees of freedom   [001686]
#  m2lnL     =     1478.58250031209 (     1448.6229  0.0077397267     1.3995552     1.2087248      4.147284    0.98665488    0.50708003     0.4399601    0.81487634      20.44774 )
#  Fit parameters:
#     71.7971406037159    -0.143936508876054   -0.58138700309254    -1.06739715893115    -0.849104338358864   -0.483603973921569   -0.897044014941129   -0.21501570100484    -1.28420524723748    -1.97487010065285     0.98757710595066    -2.51045624693997     0.999854176044084   -0.0680365823338134  -19.2809618963661    
#----------------------------------------------------------------------------------
# Restarting:              yes
#  - absolute improvement: 0.0406410816410698    
#  - relative improvement: 2.74857605723404e-05  
#  - m2lnL_6  :            1478.62314139373      
#  - m2lnL_7  :            1478.58250031209      
#----------------------------------------------------------------------------------
# Model fitting. Interating using:
#  - solver:            NLOpt:ln-neldermead
#  - differentiation:   Numerical differentiantion (forward)
#.......................................................................................................
#  Minimum found with precision: |df|/f =  1.00000e-08 and |dx| =  1.00000e-05
#  Elapsed time: 00 days, 00:00:27.6006660
#  iteration            [000945]
#  function evaluations [000947]
#  gradient evaluations [000000]
#  degrees of freedom   [001686]
#  m2lnL     =     1478.56821799666 (     1448.6286  0.0080575578     1.4036421     1.1938735     4.1820511     1.0103121    0.50422581     0.4143683     0.7695424     20.453508 )
#  Fit parameters:
#     71.8127130078427    -0.148737634826125   -0.602537203898596   -1.05908860986539    -0.854101899214439   -0.499412404805812   -0.870523893316308   -0.244850497474079   -1.25302598508533    -1.99629264935374     0.999986737872558   -2.48361928381424     0.975446392589244   -0.068492274183008   -19.2814101752773    
#----------------------------------------------------------------------------------
# Restarting:              yes
#  - absolute improvement: 0.0142823154251346    
#  - relative improvement: 9.65946467114279e-06  
#  - m2lnL_7  :            1478.58250031209      
#  - m2lnL_8  :            1478.56821799666      
#----------------------------------------------------------------------------------
# Model fitting. Interating using:
#  - solver:            NLOpt:ln-neldermead
#  - differentiation:   Numerical differentiantion (forward)
#............................................................................................................................................................................................................
#  Minimum found with precision: |df|/f =  1.00000e-08 and |dx| =  1.00000e-05
#  Elapsed time: 00 days, 00:00:56.2808850
#  iteration            [001952]
#  function evaluations [001954]
#  gradient evaluations [000000]
#  degrees of freedom   [001686]
#  m2lnL     =     1478.55600469048 (     1448.5919  0.0082270267     1.3994843      1.203859     4.1228099     1.0176083    0.51501758    0.40875241    0.77031012     20.518059 )
#  Fit parameters:
#     71.7680504126847    -0.150700827359006   -0.568622155166816   -1.05099722961319    -0.865286615574732   -0.526564524904696   -0.788745447198612   -0.343429278585815   -1.16621685754925    -2.03201328230315     0.996618849031782   -2.47689867899207     0.996590180842316   -0.069554492228859   -19.2817453069221    
#----------------------------------------------------------------------------------
# Restarting:              yes
#  - absolute improvement: 0.0122133061856857    
#  - relative improvement: 8.26022501838552e-06  
#  - m2lnL_8  :            1478.56821799666      
#  - m2lnL_9  :            1478.55600469048      
#----------------------------------------------------------------------------------
# Model fitting. Interating using:
#  - solver:            NLOpt:ln-neldermead
#  - differentiation:   Numerical differentiantion (forward)
#.....................................................................................
#  Minimum found with precision: |df|/f =  1.00000e-08 and |dx| =  1.00000e-05
#  Elapsed time: 00 days, 00:00:21.3797810
#  iteration            [000761]
#  function evaluations [000763]
#  gradient evaluations [000000]
#  degrees of freedom   [001686]
#  m2lnL     =     1478.55209157591 (     1448.5925  0.0078496103     1.4073182     1.1777784     4.1384544     1.0161497    0.51237346    0.41167142    0.77346962     20.514543 )
#  Fit parameters:
#     71.7859051418075    -0.150019209515651   -0.571323661776209   -1.05090319701677    -0.866217903030566   -0.531889748866389   -0.800411448503752   -0.319587667417824   -1.1877022503899     -2.02444982626081     0.999842808694764   -2.48698303270224     0.999890530575326   -0.0696214155008412  -19.2813074911081    
#----------------------------------------------------------------------------------
# Restarting:              yes
#  - absolute improvement: 0.00391311456814947   
#  - relative improvement: 2.64657852373245e-06  
#  - m2lnL_9  :            1478.55600469048      
#  - m2lnL_10 :            1478.55209157591      
#----------------------------------------------------------------------------------
# Model fitting. Interating using:
#  - solver:            NLOpt:ln-neldermead
#  - differentiation:   Numerical differentiantion (forward)
#......................................
#  Minimum found with precision: |df|/f =  1.00000e-08 and |dx| =  1.00000e-05
#  Elapsed time: 00 days, 00:00:08.9080730
#  iteration            [000292]
#  function evaluations [000294]
#  gradient evaluations [000000]
#  degrees of freedom   [001686]
#  m2lnL     =     1478.55195888267 (     1448.6069  0.0079058884     1.4064785     1.1799076     4.1302005     1.0157899    0.51296884    0.41233264    0.77398672     20.505525 )
#  Fit parameters:
#     71.7839734682499    -0.149868545274061   -0.571999389568834   -1.0508082859533     -0.866254211231579   -0.532282195283908   -0.80106773100578    -0.319357200781344   -1.18656809509569    -2.02495913528108     1                   -2.48830442161192     0.999992716729878   -0.0696179859480662  -19.281403652798     
#----------------------------------------------------------------------------------
# Restarting:              no
#  - absolute improvement: 0.000132693239265791  
#  - relative improvement: 8.97453934980136e-08  
#  - m2lnL_10 :            1478.55209157591      
#  - m2lnL_11 :            1478.55195888267      
#----------------------------------------------------------------------------------
# Data used:
#   - Pantheon+SH0ES Sample STAT+SYS (2022)
#   - 6dFGRS -- Beutler (2011), BAO Sample R-Dv
#   - SDSS-DR7-lowz -- Ross (2015), Empirical m2lnp
#   - SDSS DR12 (final consensus) -- Ross et al. (2016), arXiv:1607.03145; Alam
#        et al. (2016), arXiv:1607.03155; BAO Sample(D_t / r_sd, DH / r_sd) --
#        DR16 Compatible
#   - SDSS DR16 -- Alam et al., PRD 103, 083533 (2021); BAO LRG Sample(D_t /
#        r_sd, DH / r_sd)
#   - SDSS DR16 -- Alam et al., PRD 103, 083533 (2021); BAO QSO Sample(D_t /
#        r_sd, DH / r_sd)
#   - SDSS DR16 -- Alam et al., PRD 103, 083533 (2021) -- BAO ELG Sample,
#        Empirical m2lnp
#   - SDSS DR16 -- Alam et al., PRD 103, 083533 (2021) -- BAO Lyman alpha
#        autocorrelation Sample, Empirical m2lnp
#   - SDSS DR16 -- Alam et al., PRD 103, 083533 (2021) -- BAO Lyman alpha QSO
#        cross-correlation Sample, Empirical m2lnp
#   - Gomez-Valent 2018 -- arXiv:1802.01505
#----------------------------------------------------------------------------------
# Model[03000]:
#   - NcHICosmo : XCDM - Constant EOS
#----------------------------------------------------------------------------------
# Model parameters
#   -           H0[00]:  71.7839734682499    [FREE]
#   -       Omegac[01]:  0.25                [FIXED]
#   -       Omegak[02]: -0.149868545274061   [FREE]
#   -      Tgamma0[03]:  2.7245              [FIXED]
#   -           Yp[04]:  0.24                [FIXED]
#   -         ENnu[05]:  3.046               [FIXED]
#   -       Omegab[06]:  0.05                [FIXED]
#   -          w_0[07]: -0.571999389568834   [FREE]
#   -          w_1[08]: -1.0508082859533     [FREE]
#   -          w_2[09]: -0.866254211231579   [FREE]
#   -          w_3[10]: -0.532282195283908   [FREE]
#   -          w_4[11]: -0.80106773100578    [FREE]
#   -          w_5[12]: -0.319357200781344   [FREE]
#   -          w_6[13]: -1.18656809509569    [FREE]
#   -          w_7[14]: -2.02495913528108    [FREE]
#   -          w_8[15]:  1                   [FREE]
#   -          w_9[16]: -2.48830442161192    [FREE]
#   -         w_10[17]:  0.999992716729878   [FREE]
#   -         w_11[18]: -0.0696179859480662  [FREE]
#----------------------------------------------------------------------------------
# Model[14000]:
#   - NcSNIADistCov : Supernovae Ia Distance Covariance
#----------------------------------------------------------------------------------
# Model parameters
#   -        alpha[00]:  0                   [FIXED]
#   -         beta[01]:  0                   [FIXED]
#   -           M1[02]: -19.281403652798     [FREE]
#   -           M2[03]: -19.25               [FIXED]
#   - lnsigma_pecz[04]: -34.5387763949107    [FIXED]
#   - lnsigma_lens[05]: -34.5387763949107    [FIXED]
#----------------------------------------------------------------------------------
# NcmMSet parameters covariance matrix
#                                                  ----------------------------------------------------------------------------------------------------------------------------------------------------------------------------------------------------------------------------------
#     H0[03000:00] =  71.78       +/-  1.232       |  1           | -0.0327      | -0.6719      | -0.4124      | -0.2813      |  0.2924      | -0.1154      |  0.08403     | -0.09512     | -0.03089     |  0.01934     | -0.02768     |  0.01101     | -0.03462     |  0.6437      |
# Omegak[03000:02] = -0.1499      +/-  0.1259      | -0.0327      |  1           | -0.1552      | -0.4194      |  0.007559    |  0.241       | -0.4343      |  0.3701      | -0.4884      |  0.5525      | -0.4368      |  0.1177      | -0.2417      |  0.4001      | -0.1668      |
#    w_0[03000:07] = -0.572       +/-  0.9225      | -0.6719      | -0.1552      |  1           |  0.772       |  0.492       | -0.5198      |  0.2008      | -0.1441      |  0.1752      | -0.08575     |  0.07043     |  8.207e-05   |  0.05568     | -0.0437      |  0.0755      |
#    w_1[03000:08] = -1.051       +/-  0.3507      | -0.4124      | -0.4194      |  0.772       |  1           |  0.3801      | -0.7565      |  0.3537      | -0.279       |  0.34        | -0.2775      |  0.2141      | -0.06473     |  0.1389      | -0.1849      |  0.09824     |
#    w_2[03000:09] = -0.8663      +/-  0.304       | -0.2813      |  0.007559    |  0.492       |  0.3801      |  1           |  0.2581      | -0.6282      |  0.5992      | -0.5303      |  0.327       | -0.1784      |  0.1746      | -0.1617      |  0.192       |  0.1159      |
#    w_3[03000:10] = -0.5323      +/-  0.5917      |  0.2924      |  0.241       | -0.5198      | -0.7565      |  0.2581      |  1           | -0.6731      |  0.553       | -0.5639      |  0.3619      | -0.2364      |  0.147       | -0.1889      |  0.2242      | -0.004054    |
#    w_4[03000:11] = -0.8011      +/-  1.206       | -0.1154      | -0.4343      |  0.2008      |  0.3537      | -0.6282      | -0.6731      |  1           | -0.9511      |  0.9032      | -0.632       |  0.4037      | -0.2393      |  0.3089      | -0.3827      | -0.03054     |
#    w_5[03000:12] = -0.3194      +/-  1.579       |  0.08403     |  0.3701      | -0.1441      | -0.279       |  0.5992      |  0.553       | -0.9511      |  1           | -0.9505      |  0.6242      | -0.3858      |  0.2445      | -0.3045      |  0.3713      |  0.03978     |
#    w_6[03000:13] = -1.187       +/-  1.532       | -0.09512     | -0.4884      |  0.1752      |  0.34        | -0.5303      | -0.5639      |  0.9032      | -0.9505      |  1           | -0.6985      |  0.4202      | -0.2372      |  0.3146      | -0.399       | -0.02133     |
#    w_7[03000:14] = -2.025       +/-  1.863       | -0.03089     |  0.5525      | -0.08575     | -0.2775      |  0.327       |  0.3619      | -0.632       |  0.6242      | -0.6985      |  1           | -0.8009      |  0.4797      | -0.5759      |  0.6718      | -0.06734     |
#    w_8[03000:15] =  1           +/-  2.398       |  0.01934     | -0.4368      |  0.07043     |  0.2141      | -0.1784      | -0.2364      |  0.4037      | -0.3858      |  0.4202      | -0.8009      |  1           | -0.866       |  0.8915      | -0.942       |  0.05658     |
#    w_9[03000:16] = -2.488       +/-  3.642       | -0.02768     |  0.1177      |  8.207e-05   | -0.06473     |  0.1746      |  0.147       | -0.2393      |  0.2445      | -0.2372      |  0.4797      | -0.866       |  1           | -0.9749      |  0.943       | -0.01001     |
#   w_10[03000:17] =  1           +/-  3.293       |  0.01101     | -0.2417      |  0.05568     |  0.1389      | -0.1617      | -0.1889      |  0.3089      | -0.3045      |  0.3146      | -0.5759      |  0.8915      | -0.9749      |  1           | -0.9809      |  0.04394     |
#   w_11[03000:18] = -0.06962     +/-  0.1702      | -0.03462     |  0.4001      | -0.0437      | -0.1849      |  0.192       |  0.2242      | -0.3827      |  0.3713      | -0.399       |  0.6718      | -0.942       |  0.943       | -0.9809      |  1           | -0.05107     |
#     M1[14000:02] = -19.28       +/-  0.0259      |  0.6437      | -0.1668      |  0.0755      |  0.09824     |  0.1159      | -0.004054    | -0.03054     |  0.03978     | -0.02133     | -0.06734     |  0.05658     | -0.01001     |  0.04394     | -0.05107     |  1           |
#                                                  ----------------------------------------------------------------------------------------------------------------------------------------------------------------------------------------------------------------------------------
