#----------------------------------------------------------------------------------
# Model fitting. Interating using:
#  - solver:            NLOpt:ln-neldermead
#  - differentiation:   Numerical differentiantion (forward)
#.................................................................................................
#  Minimum found with precision: |df|/f =  1.00000e-08 and |dx| =  1.00000e-05
#  Elapsed time: 00 days, 00:00:13.0556850
#  iteration            [000884]
#  function evaluations [000886]
#  gradient evaluations [000000]
#  degrees of freedom   [001692]
#  m2lnL     =     1504.37705999732 (     1463.5492    0.42955832     3.9870027     6.5808886     7.9907707     3.5142282    0.99996278   0.031144188    0.54456925     16.749687 )
#  Fit parameters:
#     72.3871587088652    -0.121869349347943   -1.01324583996668    -0.911816847185142   -0.938888777983367   -0.95106967100344    -1.09576117815551    -0.94440767328598    -19.2981010102784    
#----------------------------------------------------------------------------------
# Restarting:              yes
#  - absolute improvement: 877.049855332602      
#  - relative improvement: 0.36828753789872      
#  - m2lnL_0  :            2381.42691532993      
#  - m2lnL_1  :            1504.37705999732      
#----------------------------------------------------------------------------------
# Model fitting. Interating using:
#  - solver:            NLOpt:ln-neldermead
#  - differentiation:   Numerical differentiantion (forward)
#.....................................................................
#  Minimum found with precision: |df|/f =  1.00000e-08 and |dx| =  1.00000e-05
#  Elapsed time: 00 days, 00:00:10.5235870
#  iteration            [000600]
#  function evaluations [000602]
#  gradient evaluations [000000]
#  degrees of freedom   [001692]
#  m2lnL     =     1502.46555703978 (     1466.7237    0.24328761     3.5475501      4.713613     6.1784743     3.5344802    0.97062204   0.045828635    0.43105665     16.076966 )
#  Fit parameters:
#     72.6735946646116    -0.0840152418184034  -1.39991197678028    -0.907957670557619   -1.0956704023461     -0.692084057547672   -1.57014743211772    -0.523474814757095   -19.3005991692622    
#----------------------------------------------------------------------------------
# Restarting:              yes
#  - absolute improvement: 1.91150295754096      
#  - relative improvement: 0.00127062756297571   
#  - m2lnL_1  :            1504.37705999732      
#  - m2lnL_2  :            1502.46555703978      
#----------------------------------------------------------------------------------
# Model fitting. Interating using:
#  - solver:            NLOpt:ln-neldermead
#  - differentiation:   Numerical differentiantion (forward)
#.........................................................................................................
#  Minimum found with precision: |df|/f =  1.00000e-08 and |dx| =  1.00000e-05
#  Elapsed time: 00 days, 00:00:17.4638490
#  iteration            [000963]
#  function evaluations [000965]
#  gradient evaluations [000000]
#  degrees of freedom   [001692]
#  m2lnL     =     1502.34038721083 (     1466.6964    0.24769783     3.5519489     4.8813399     6.2152342     3.4094057    0.97421671   0.066570739    0.37013709     15.927386 )
#  Fit parameters:
#     72.6424950690606    -0.0777819242350602  -1.38798559653504    -0.911103576845175   -1.0916885861371     -0.728724036660541   -1.49833740071254    -4.99219426901458    -19.3010859246961    
#----------------------------------------------------------------------------------
# Restarting:              yes
#  - absolute improvement: 0.12516982895886      
#  - relative improvement: 8.33096162320518e-05  
#  - m2lnL_2  :            1502.46555703978      
#  - m2lnL_3  :            1502.34038721083      
#----------------------------------------------------------------------------------
# Model fitting. Interating using:
#  - solver:            NLOpt:ln-neldermead
#  - differentiation:   Numerical differentiantion (forward)
#...........................
#  Minimum found with precision: |df|/f =  1.00000e-08 and |dx| =  1.00000e-05
#  Elapsed time: 00 days, 00:00:03.4295120
#  iteration            [000189]
#  function evaluations [000191]
#  gradient evaluations [000000]
#  degrees of freedom   [001692]
#  m2lnL     =     1502.34018483407 (     1466.6735    0.24838525     3.5541402     4.8851446     6.2197811     3.4188612    0.97381227    0.06530319      0.368507     15.932725 )
#  Fit parameters:
#     72.6468084488912    -0.0778767333538241  -1.38709052340874    -0.911233941062385   -1.09136905935388    -0.727912836598065   -1.49588964725774    -5                   -19.3009093544688    
#----------------------------------------------------------------------------------
# Restarting:              no
#  - absolute improvement: 0.000202376759489198  
#  - relative improvement: 1.34707660934897e-07  
#  - m2lnL_3  :            1502.34038721083      
#  - m2lnL_4  :            1502.34018483407      
#----------------------------------------------------------------------------------
# Data used:
#   - Pantheon+SH0ES Sample STAT+SYS (2022)
#   - 6dFGRS -- Beutler (2011), BAO Sample R-Dv
#   - SDSS-DR7-lowz -- Ross (2015), Empirical m2lnp
#   - SDSS DR12 (final consensus) -- Ross et al. (2016), arXiv:1607.03145; Alam
#        et al. (2016), arXiv:1607.03155; BAO Sample(D_t / r_sd, DH / r_sd) --
#        DR16 Compatible
#   - SDSS DR16 -- Alam et al., PRD 103, 083533 (2021); BAO LRG Sample(D_t /
#        r_sd, DH / r_sd)
#   - SDSS DR16 -- Alam et al., PRD 103, 083533 (2021); BAO QSO Sample(D_t /
#        r_sd, DH / r_sd)
#   - SDSS DR16 -- Alam et al., PRD 103, 083533 (2021) -- BAO ELG Sample,
#        Empirical m2lnp
#   - SDSS DR16 -- Alam et al., PRD 103, 083533 (2021) -- BAO Lyman alpha
#        autocorrelation Sample, Empirical m2lnp
#   - SDSS DR16 -- Alam et al., PRD 103, 083533 (2021) -- BAO Lyman alpha QSO
#        cross-correlation Sample, Empirical m2lnp
#   - Gomez-Valent 2018 -- arXiv:1802.01505
#----------------------------------------------------------------------------------
# Model[03000]:
#   - NcHICosmo : XCDM - Constant EOS
#----------------------------------------------------------------------------------
# Model parameters
#   -           H0[00]:  72.6468084488912    [FREE]
#   -       Omegac[01]:  0.25                [FIXED]
#   -       Omegak[02]: -0.0778767333538241  [FREE]
#   -      Tgamma0[03]:  2.7245              [FIXED]
#   -           Yp[04]:  0.24                [FIXED]
#   -         ENnu[05]:  3.046               [FIXED]
#   -       Omegab[06]:  0.05                [FIXED]
#   -          w_0[07]: -1.38709052340874    [FREE]
#   -          w_1[08]: -0.911233941062385   [FREE]
#   -          w_2[09]: -1.09136905935388    [FREE]
#   -          w_3[10]: -0.727912836598065   [FREE]
#   -          w_4[11]: -1.49588964725774    [FREE]
#   -          w_5[12]: -5                   [FREE]
#----------------------------------------------------------------------------------
# Model[14000]:
#   - NcSNIADistCov : Supernovae Ia Distance Covariance
#----------------------------------------------------------------------------------
# Model parameters
#   -        alpha[00]:  0                   [FIXED]
#   -         beta[01]:  0                   [FIXED]
#   -           M1[02]: -19.3009093544688    [FREE]
#   -           M2[03]: -19.25               [FIXED]
#   - lnsigma_pecz[04]: -34.5387763949107    [FIXED]
#   - lnsigma_lens[05]: -34.5387763949107    [FIXED]
#----------------------------------------------------------------------------------
# NcmMSet parameters covariance matrix
#                                                  ----------------------------------------------------------------------------------------------------------------------------------------
#     H0[03000:00] =  72.65       +/-  1.012       |  1           | -0.05878     | -0.3997      |  0.2564      | -0.1405      |  0.04279     | -0.1251      |  0.07828     |  0.8955      |
# Omegak[03000:02] = -0.07788     +/-  0.05772     | -0.05878     |  1           | -0.3414      | -0.4911      | -0.543       | -0.03003     | -0.5897      | -0.4904      | -0.1257      |
#    w_0[03000:07] = -1.387       +/-  0.3722      | -0.3997      | -0.3414      |  1           | -0.4044      |  0.657       | -0.3753      |  0.4648      | -0.02769     | -0.03473     |
#    w_1[03000:08] = -0.9112      +/-  0.09682     |  0.2564      | -0.4911      | -0.4044      |  1           |  0.2341      | -0.1843      |  0.3578      |  0.1837      |  0.07305     |
#    w_2[03000:09] = -1.091       +/-  0.179       | -0.1405      | -0.543       |  0.657       |  0.2341      |  1           | -0.5594      |  0.6036      |  0.05092     | -0.004781    |
#    w_3[03000:10] = -0.7279      +/-  0.3213      |  0.04279     | -0.03003     | -0.3753      | -0.1843      | -0.5594      |  1           | -0.4639      |  0.303       | -0.05833     |
#    w_4[03000:11] = -1.496       +/-  0.8843      | -0.1251      | -0.5897      |  0.4648      |  0.3578      |  0.6036      | -0.4639      |  1           | -0.04918     | -0.01404     |
#    w_5[03000:12] = -5           +/-  18.13       |  0.07828     | -0.4904      | -0.02769     |  0.1837      |  0.05092     |  0.303       | -0.04918     |  1           |  0.04999     |
#     M1[14000:02] = -19.3        +/-  0.02574     |  0.8955      | -0.1257      | -0.03473     |  0.07305     | -0.004781    | -0.05833     | -0.01404     |  0.04999     |  1           |
#                                                  ----------------------------------------------------------------------------------------------------------------------------------------
