#----------------------------------------------------------------------------------
# Model fitting. Interating using:
#  - solver:            NLOpt:ln-neldermead
#  - differentiation:   Numerical differentiantion (forward)
#............................................................................................................................................................................................................................................................................
#  Minimum found with precision: |df|/f =  1.00000e-08 and |dx| =  1.00000e-05
#  Elapsed time: 00 days, 00:00:57.0025740
#  iteration            [002599]
#  function evaluations [002601]
#  gradient evaluations [000000]
#  degrees of freedom   [001687]
#  m2lnL     =     1500.28822849946 (     1463.1299    0.40276905       4.20781     3.5384855     8.2033418     4.1141903    0.99165681  0.0028634973    0.41309527     15.284106 )
#  Fit parameters:
#     72.5218945506427    -0.109798919696688   -1.59620680193995    -1.22798552976501    -1.3048458461101     -0.846259996213699   -0.394164602921695   -1.55092549437221    -0.282118890614418   -0.744238283016728   -1.30506655409247    -1.924183196567      -1.00448120134097    -19.3031965508237    
#----------------------------------------------------------------------------------
# Restarting:              yes
#  - absolute improvement: 881.13868683047       
#  - relative improvement: 0.370004504928674     
#  - m2lnL_0  :            2381.42691532993      
#  - m2lnL_1  :            1500.28822849946      
#----------------------------------------------------------------------------------
# Model fitting. Interating using:
#  - solver:            NLOpt:ln-neldermead
#  - differentiation:   Numerical differentiantion (forward)
#......................................................................................................................................................................................................................................................................
#  Minimum found with precision: |df|/f =  1.00000e-08 and |dx| =  1.00000e-05
#  Elapsed time: 00 days, 00:01:03.1010770
#  iteration            [002535]
#  function evaluations [002537]
#  gradient evaluations [000000]
#  degrees of freedom   [001687]
#  m2lnL     =     1481.71943091034 (     1449.8486  0.0024300196     1.7705395     1.1037631     3.7558281    0.56844262    0.57037717    0.20709719    0.47429008     23.418059 )
#  Fit parameters:
#     72.5639160422277    -0.15187591589787    -1.25924467890894    -1.19813398649005    -1.12198019057251    -0.563972589298588   -0.59441468909368    -0.381364142745379   -2.05933665914525    -0.748304190555617    0.204213728602069   -1.1500715077607      0.0315158634805106  -19.2808352036853    
#----------------------------------------------------------------------------------
# Restarting:              yes
#  - absolute improvement: 18.5687975891151      
#  - relative improvement: 0.0123768201578753    
#  - m2lnL_1  :            1500.28822849946      
#  - m2lnL_2  :            1481.71943091034      
#----------------------------------------------------------------------------------
# Model fitting. Interating using:
#  - solver:            NLOpt:ln-neldermead
#  - differentiation:   Numerical differentiantion (forward)
#......................................................................................................................................................................................................................................................................................................................................................................................................................................................................................................................................................................................................................................................................................................................................................................................................................................................................................................................................
#  Minimum found with precision: |df|/f =  1.00000e-08 and |dx| =  1.00000e-05
#  Elapsed time: 00 days, 00:04:14.3821290
#  iteration            [008939]
#  function evaluations [008941]
#  gradient evaluations [000000]
#  degrees of freedom   [001687]
#  m2lnL     =     1478.58355195656 (     1448.8023   0.007876256     1.4065897      1.174072     4.3019808     1.0057223    0.37895852    0.42750147    0.80702914     20.271572 )
#  Fit parameters:
#     71.6584407377169    -0.132827542974598   -0.497420640808246   -1.03464195203272    -0.866483032733115   -0.568204920490657   -0.760232133935359   -0.191208672908022   -2.73663570546336     0.962334513200448   -1.86984700268975     0.0669208131005401  -0.0390437726633274  -19.2832686574881    
#----------------------------------------------------------------------------------
# Restarting:              yes
#  - absolute improvement: 3.135878953781        
#  - relative improvement: 0.00211637836986073   
#  - m2lnL_2  :            1481.71943091034      
#  - m2lnL_3  :            1478.58355195656      
#----------------------------------------------------------------------------------
# Model fitting. Interating using:
#  - solver:            NLOpt:ln-neldermead
#  - differentiation:   Numerical differentiantion (forward)
#.........................................................................................
#  Minimum found with precision: |df|/f =  1.00000e-08 and |dx| =  1.00000e-05
#  Elapsed time: 00 days, 00:00:23.4377940
#  iteration            [000805]
#  function evaluations [000807]
#  gradient evaluations [000000]
#  degrees of freedom   [001687]
#  m2lnL     =     1478.56282861179 (     1448.6989  0.0084727048     1.3954285     1.1944584     4.3214011     1.0343143    0.36636422    0.40480539     0.7858319     20.352811 )
#  Fit parameters:
#     71.6939873425927    -0.136700489818485   -0.489700465704444   -1.03222014422638    -0.865207311818894   -0.569765245451103   -0.755435755574914   -0.180467287804395   -2.74985834528204     0.999963578357239   -1.89173010422538     0.0912704865689759  -0.0412226967174274  -19.281881637697     
#----------------------------------------------------------------------------------
# Restarting:              yes
#  - absolute improvement: 0.0207233447713406    
#  - relative improvement: 1.40156738142516e-05  
#  - m2lnL_3  :            1478.58355195656      
#  - m2lnL_4  :            1478.56282861179      
#----------------------------------------------------------------------------------
# Model fitting. Interating using:
#  - solver:            NLOpt:ln-neldermead
#  - differentiation:   Numerical differentiantion (forward)
#.....................................................
#  Minimum found with precision: |df|/f =  1.00000e-08 and |dx| =  1.00000e-05
#  Elapsed time: 00 days, 00:00:12.6124710
#  iteration            [000446]
#  function evaluations [000448]
#  gradient evaluations [000000]
#  degrees of freedom   [001687]
#  m2lnL     =     1478.56169883896 (     1448.7333  0.0090035113     1.3873592     1.2007147     4.3042273     1.0396028     0.3729544    0.41683565    0.79955792      20.29818 )
#  Fit parameters:
#     71.6915099021929    -0.134508554339615   -0.490799674811972   -1.03240427526518    -0.864990118088937   -0.569588517118988   -0.755815186357101   -0.188735015988081   -2.73540279203761     0.999912688128863   -1.91845484866537     0.101341726285789   -0.0412430624233814  -19.2820061059231    
#----------------------------------------------------------------------------------
# Restarting:              yes
#  - absolute improvement: 0.00112977283333748   
#  - relative improvement: 7.64102012762094e-07  
#  - m2lnL_4  :            1478.56282861179      
#  - m2lnL_5  :            1478.56169883896      
#----------------------------------------------------------------------------------
# Model fitting. Interating using:
#  - solver:            NLOpt:ln-neldermead
#  - differentiation:   Numerical differentiantion (forward)
#.....................................
#  Minimum found with precision: |df|/f =  1.00000e-08 and |dx| =  1.00000e-05
#  Elapsed time: 00 days, 00:00:07.9755850
#  iteration            [000280]
#  function evaluations [000282]
#  gradient evaluations [000000]
#  degrees of freedom   [001687]
#  m2lnL     =     1478.56163332677 (       1448.74  0.0089149678     1.3888163     1.1990609      4.303172     1.0431935    0.37370539    0.41553781    0.79769435     20.291557 )
#  Fit parameters:
#     71.6907806969887    -0.134540611829227   -0.490981102444185   -1.032353219506      -0.865003587466396   -0.569718651250046   -0.756160470969852   -0.188557906489161   -2.73390591872666     0.999988512878672   -1.91936745063007     0.100848634614826   -0.0412552823097785  -19.2820323134284    
#----------------------------------------------------------------------------------
# Restarting:              no
#  - absolute improvement: 6.55121871204756e-05  
#  - relative improvement: 4.43080509740778e-08  
#  - m2lnL_5  :            1478.56169883896      
#  - m2lnL_6  :            1478.56163332677      
#----------------------------------------------------------------------------------
# Data used:
#   - Pantheon+SH0ES Sample STAT+SYS (2022)
#   - 6dFGRS -- Beutler (2011), BAO Sample R-Dv
#   - SDSS-DR7-lowz -- Ross (2015), Empirical m2lnp
#   - SDSS DR12 (final consensus) -- Ross et al. (2016), arXiv:1607.03145; Alam
#        et al. (2016), arXiv:1607.03155; BAO Sample(D_t / r_sd, DH / r_sd) --
#        DR16 Compatible
#   - SDSS DR16 -- Alam et al., PRD 103, 083533 (2021); BAO LRG Sample(D_t /
#        r_sd, DH / r_sd)
#   - SDSS DR16 -- Alam et al., PRD 103, 083533 (2021); BAO QSO Sample(D_t /
#        r_sd, DH / r_sd)
#   - SDSS DR16 -- Alam et al., PRD 103, 083533 (2021) -- BAO ELG Sample,
#        Empirical m2lnp
#   - SDSS DR16 -- Alam et al., PRD 103, 083533 (2021) -- BAO Lyman alpha
#        autocorrelation Sample, Empirical m2lnp
#   - SDSS DR16 -- Alam et al., PRD 103, 083533 (2021) -- BAO Lyman alpha QSO
#        cross-correlation Sample, Empirical m2lnp
#   - Gomez-Valent 2018 -- arXiv:1802.01505
#----------------------------------------------------------------------------------
# Model[03000]:
#   - NcHICosmo : XCDM - Constant EOS
#----------------------------------------------------------------------------------
# Model parameters
#   -           H0[00]:  71.6907806969887    [FREE]
#   -       Omegac[01]:  0.25                [FIXED]
#   -       Omegak[02]: -0.134540611829227   [FREE]
#   -      Tgamma0[03]:  2.7245              [FIXED]
#   -           Yp[04]:  0.24                [FIXED]
#   -         ENnu[05]:  3.046               [FIXED]
#   -       Omegab[06]:  0.05                [FIXED]
#   -          w_0[07]: -0.490981102444185   [FREE]
#   -          w_1[08]: -1.032353219506      [FREE]
#   -          w_2[09]: -0.865003587466396   [FREE]
#   -          w_3[10]: -0.569718651250046   [FREE]
#   -          w_4[11]: -0.756160470969852   [FREE]
#   -          w_5[12]: -0.188557906489161   [FREE]
#   -          w_6[13]: -2.73390591872666    [FREE]
#   -          w_7[14]:  0.999988512878672   [FREE]
#   -          w_8[15]: -1.91936745063007    [FREE]
#   -          w_9[16]:  0.100848634614826   [FREE]
#   -         w_10[17]: -0.0412552823097785  [FREE]
#----------------------------------------------------------------------------------
# Model[14000]:
#   - NcSNIADistCov : Supernovae Ia Distance Covariance
#----------------------------------------------------------------------------------
# Model parameters
#   -        alpha[00]:  0                   [FIXED]
#   -         beta[01]:  0                   [FIXED]
#   -           M1[02]: -19.2820323134284    [FREE]
#   -           M2[03]: -19.25               [FIXED]
#   - lnsigma_pecz[04]: -34.5387763949107    [FIXED]
#   - lnsigma_lens[05]: -34.5387763949107    [FIXED]
#----------------------------------------------------------------------------------
# NcmMSet parameters covariance matrix
#                                                  -------------------------------------------------------------------------------------------------------------------------------------------------------------------------------------------------------------------
#     H0[03000:00] =  71.69       +/-  1.548       |  1           | -0.2776      | -0.6046      | -nan         | -0.1993      | -0.1438      |  0.05977     | -0.0597      |  0.1391      | -nan         | -nan         | -nan         | -nan         |  0.7756      |
# Omegak[03000:02] = -0.1345      +/-  0.13        | -0.2776      |  1           |  0.4593      | -nan         |  0.05707     | -0.8373      |  0.1653      | -0.4505      |  0.4417      | -nan         | -nan         | -nan         | -nan         | -0.1374      |
#    w_0[03000:07] = -0.491       +/-  0.7361      | -0.6046      |  0.4593      |  1           | -nan         |  0.3445      |  0.5043      | -0.2758      |  0.3135      | -0.7303      | -nan         | -nan         | -nan         | -nan         | -0.02005     |
#    w_1[03000:08] = -1.032       +/- -nan         | -nan         | -nan         | -nan         | -1           | -nan         | -nan         | -nan         | -nan         | -nan         |  2.722       | -2.567       |  2.39        | -2.335       | -nan         |
#    w_2[03000:09] = -0.865       +/-  0.1935      | -0.1993      |  0.05707     |  0.3445      | -nan         |  1           |  1.606       | -1.086       |  0.6881      | -1.123       | -nan         | -nan         | -nan         | -nan         |  0.01849     |
#    w_3[03000:10] = -0.5697      +/-  0.3291      | -0.1438      | -0.8373      |  0.5043      | -nan         |  1.606       |  1           | -0.3035      | -0.4478      |  1.171       | -nan         | -nan         | -nan         | -nan         |  0.1095      |
#    w_4[03000:11] = -0.7562      +/-  0.474       |  0.05977     |  0.1653      | -0.2758      | -nan         | -1.086       | -0.3035      |  1           | -0.4087      | -0.07845     | -nan         | -nan         | -nan         | -nan         | -0.05166     |
#    w_5[03000:12] = -0.1886      +/-  0.6784      | -0.0597      | -0.4505      |  0.3135      | -nan         |  0.6881      | -0.4478      | -0.4087      |  1           | -0.6927      | -nan         | -nan         | -nan         | -nan         |  0.07221     |
#    w_6[03000:13] = -2.734       +/-  1.074       |  0.1391      |  0.4417      | -0.7303      | -nan         | -1.123       |  1.171       | -0.07845     | -0.6927      |  1           | -nan         | -nan         | -nan         | -nan         | -0.1353      |
#    w_7[03000:14] =  1           +/- -nan         | -nan         | -nan         | -nan         |  2.722       | -nan         | -nan         | -nan         | -nan         | -nan         | -1           |  1.647       | -1.984       |  1.546       | -nan         |
#    w_8[03000:15] = -1.919       +/- -nan         | -nan         | -nan         | -nan         | -2.567       | -nan         | -nan         | -nan         | -nan         | -nan         |  1.647       | -1           |  1.451       | -1.573       | -nan         |
#    w_9[03000:16] =  0.1008      +/- -nan         | -nan         | -nan         | -nan         |  2.39        | -nan         | -nan         | -nan         | -nan         | -nan         | -1.984       |  1.451       | -1           |  1.229       | -nan         |
#   w_10[03000:17] = -0.04126     +/- -nan         | -nan         | -nan         | -nan         | -2.335       | -nan         | -nan         | -nan         | -nan         | -nan         |  1.546       | -1.573       |  1.229       | -1           | -nan         |
#     M1[14000:02] = -19.28       +/-  0.03616     |  0.7756      | -0.1374      | -0.02005     | -nan         |  0.01849     |  0.1095      | -0.05166     |  0.07221     | -0.1353      | -nan         | -nan         | -nan         | -nan         |  1           |
#                                                  -------------------------------------------------------------------------------------------------------------------------------------------------------------------------------------------------------------------
