#----------------------------------------------------------------------------------
# Model[03000]:
#   - NcHICosmo : XCDM - Constant EOS
#----------------------------------------------------------------------------------
# Model parameters
#   -            H0[00]:  70                  [FIXED]
#   -        Omegac[01]:  0.25                [FIXED]
#   -        Omegak[02]:  0                   [FIXED]
#   -       Tgamma0[03]:  2.7245              [FIXED]
#   -            Yp[04]:  0.24                [FIXED]
#   -          ENnu[05]:  3.046               [FIXED]
#   -        Omegab[06]:  0.05                [FIXED]
#   -           w_0[07]: -1                   [FIXED]
#   -           w_1[08]: -1                   [FIXED]
#   -           w_2[09]: -1                   [FIXED]
#   -           w_3[10]: -1                   [FIXED]
#----------------------------------------------------------------------------------
# Model[14000]:
#   - NcSNIADistCov : Supernovae Ia Distance Covariance
#----------------------------------------------------------------------------------
# Model parameters
#   -         alpha[00]:  0.145               [FIXED]
#   -          beta[01]:  3.16                [FIXED]
#   -            M1[02]: -19                  [FIXED]
#   -            M2[03]: -19.2                [FIXED]
#   -  lnsigma_pecz[04]: -7.60021041          [FIXED]
#   -  lnsigma_lens[05]: -2.90042209374967    [FIXED]
#   - lnsigma_int_0[06]: -2.52572864430826    [FIXED]
#   - lnsigma_int_1[07]: -2.22562405185792    [FIXED]
#   - lnsigma_int_2[08]: -2.00991547903123    [FIXED]
#   - lnsigma_int_3[09]: -2.30258509299405    [FIXED]
#----------------------------------------------------------------------------------
# Model fitting. Interating using:
#  - solver:            NLOpt:ln-neldermead
#  - differentiation:   Numerical differentiantion (forward)
#...........................................................................................................................................
#  Minimum found with precision: |df|/f =  1.00000e-08 and |dx| =  1.00000e-05
#  Elapsed time: 00 days, 00:05:50.8065110
#  iteration            [001304]
#  function evaluations [001306]
#  gradient evaluations [000000]
#  degrees of freedom   [000761]
#  m2lnL     =     706.101502001894 (     684.21321   0.012878211    0.58470636    0.65385328     1.4744848     2.5069444     8.0210906     4.4730208     4.1613129 )
#  Fit parameters:
#    -1.02148298264827    -1.01085896408103    -0.776484927592526   -0.856735692250321    0.146549121126674    3.03137227155725    -19.0434383772088    -19.1252197812317    
#----------------------------------------------------------------------------------
# Restarting:              yes
#  - absolute improvement: 48.3518936788524      
#  - relative improvement: 0.0640886421290799    
#  - m2lnL_0  :            754.453395680746      
#  - m2lnL_1  :            706.101502001894      
#----------------------------------------------------------------------------------
# Model fitting. Interating using:
#  - solver:            NLOpt:ln-neldermead
#  - differentiation:   Numerical differentiantion (forward)
#.................................................................................................
#  Minimum found with precision: |df|/f =  1.00000e-08 and |dx| =  1.00000e-05
#  Elapsed time: 00 days, 00:03:47.2513880
#  iteration            [000884]
#  function evaluations [000886]
#  gradient evaluations [000000]
#  degrees of freedom   [000761]
#  m2lnL     =     702.485423010086 (      682.8762  0.0069281191     0.2762329    0.15116425     1.3727443     2.5069444     7.9315215     4.9726366     2.3910489 )
#  Fit parameters:
#    -0.953613599195314   -0.948814361482875   -0.74874700764132    -0.719436382771278    0.140932985029419    3.0954561453536     -19.036417082064     -19.1070439349178    
#----------------------------------------------------------------------------------
# Restarting:              yes
#  - absolute improvement: 3.6160789918074       
#  - relative improvement: 0.00512118864151305   
#  - m2lnL_1  :            706.101502001894      
#  - m2lnL_2  :            702.485423010086      
#----------------------------------------------------------------------------------
# Model fitting. Interating using:
#  - solver:            NLOpt:ln-neldermead
#  - differentiation:   Numerical differentiantion (forward)
#................................
#  Minimum found with precision: |df|/f =  1.00000e-08 and |dx| =  1.00000e-05
#  Elapsed time: 00 days, 00:00:48.5933170
#  iteration            [000239]
#  function evaluations [000241]
#  gradient evaluations [000000]
#  degrees of freedom   [000761]
#  m2lnL     =     702.485390491411 (     682.87614   0.006928884    0.27623733    0.15119147     1.3727445     2.5069444     7.9314916     4.9726269     2.3910868 )
#  Fit parameters:
#    -0.953608692256178   -0.948817627982472   -0.748770976944498   -0.719484945761312    0.140917517045924    3.09516991659287    -19.0364506185514    -19.1070082676733    
#----------------------------------------------------------------------------------
# Restarting:              no
#  - absolute improvement: 3.25186753116213e-05  
#  - relative improvement: 4.62908898127477e-08  
#  - m2lnL_2  :            702.485423010086      
#  - m2lnL_3  :            702.485390491411      
#----------------------------------------------------------------------------------
# Data used:
#   - JLA SNLS3+SDSS Betoule 2014 sys and stat (complete cov)
#   - 6dFGRS -- Beutler (2011), BAO Sample R-Dv
#   - SDSS-DR7-rec -- Padmanabhan (2012), BAO Sample R-Dv
#   - SDSS-DR9-rec -- Anderson (2012), BAO Sample R-Dv
#   - WiggleZ -- Blake (2012), BAO Sample R-Dv
#   - Riess 2008 HST Project sample
#   - Stern 2009 H(z) sample
#   - Moresco 2012 H(z) BC03 sample
#   - WMAP9 distance priors
#----------------------------------------------------------------------------------
# Model[03000]:
#   - NcHICosmo : XCDM - Constant EOS
#----------------------------------------------------------------------------------
# Model parameters
#   -            H0[00]:  70                  [FIXED]
#   -        Omegac[01]:  0.25                [FIXED]
#   -        Omegak[02]:  0                   [FIXED]
#   -       Tgamma0[03]:  2.7245              [FIXED]
#   -            Yp[04]:  0.24                [FIXED]
#   -          ENnu[05]:  3.046               [FIXED]
#   -        Omegab[06]:  0.05                [FIXED]
#   -           w_0[07]: -0.953608692256178   [FREE]
#   -           w_1[08]: -0.948817627982472   [FREE]
#   -           w_2[09]: -0.748770976944498   [FREE]
#   -           w_3[10]: -0.719484945761312   [FREE]
#----------------------------------------------------------------------------------
# Model[14000]:
#   - NcSNIADistCov : Supernovae Ia Distance Covariance
#----------------------------------------------------------------------------------
# Model parameters
#   -         alpha[00]:  0.140917517045924   [FREE]
#   -          beta[01]:  3.09516991659287    [FREE]
#   -            M1[02]: -19.0364506185514    [FREE]
#   -            M2[03]: -19.1070082676733    [FREE]
#   -  lnsigma_pecz[04]: -7.60021041          [FIXED]
#   -  lnsigma_lens[05]: -2.90042209374967    [FIXED]
#   - lnsigma_int_0[06]: -2.52572864430826    [FIXED]
#   - lnsigma_int_1[07]: -2.22562405185792    [FIXED]
#   - lnsigma_int_2[08]: -2.00991547903123    [FIXED]
#   - lnsigma_int_3[09]: -2.30258509299405    [FIXED]
#----------------------------------------------------------------------------------
# NcmMSet parameters covariance matrix
#                                                 -------------------------------------------------------------------------------------------------------------------------
#   w_0[03000:07] = -0.9536      +/-  0.1495      |  1           |  0.3495      | -0.9199      | -0.8736      | -0.05988     | -0.05668     |  0.6298      |  0.5463      |
#   w_1[03000:08] = -0.9488      +/-  0.04753     |  0.3495      |  1           |  0.04493     |  0.1404      | -0.04747     | -0.06372     |  0.4538      |  0.3896      |
#   w_2[03000:09] = -0.7488      +/-  0.3442      | -0.9199      |  0.04493     |  1           |  0.9868      |  0.04401     |  0.03381     | -0.4818      | -0.4196      |
#   w_3[03000:10] = -0.7195      +/-  1.146       | -0.8736      |  0.1404      |  0.9868      |  1           |  0.03885     |  0.02724     | -0.4316      | -0.3764      |
# alpha[14000:00] =  0.1409      +/-  0.006585    | -0.05988     | -0.04747     |  0.04401     |  0.03885     |  1           | -0.05285     |  0.06003     | -0.1653      |
#  beta[14000:01] =  3.095       +/-  0.08033     | -0.05668     | -0.06372     |  0.03381     |  0.02724     | -0.05285     |  1           |  0.02975     |  0.005592    |
#    M1[14000:02] = -19.04       +/-  0.02362     |  0.6298      |  0.4538      | -0.4818      | -0.4316      |  0.06003     |  0.02975     |  1           |  0.5706      |
#    M2[14000:03] = -19.11       +/-  0.02601     |  0.5463      |  0.3896      | -0.4196      | -0.3764      | -0.1653      |  0.005592    |  0.5706      |  1           |
#                                                 -------------------------------------------------------------------------------------------------------------------------
