#----------------------------------------------------------------------------------
# Model[03000]:
#   - NcHICosmo : XCDM - Constant EOS
#----------------------------------------------------------------------------------
# Model parameters
#   -            H0[00]:  70                  [FIXED]
#   -        Omegac[01]:  0.25                [FIXED]
#   -        Omegak[02]:  0                   [FIXED]
#   -       Tgamma0[03]:  2.7245              [FIXED]
#   -            Yp[04]:  0.24                [FIXED]
#   -          ENnu[05]:  3.046               [FIXED]
#   -        Omegab[06]:  0.05                [FIXED]
#   -           w_0[07]: -1                   [FIXED]
#   -           w_1[08]: -1                   [FIXED]
#   -           w_2[09]: -1                   [FIXED]
#   -           w_3[10]: -1                   [FIXED]
#   -           w_4[11]: -1                   [FIXED]
#   -           w_5[12]: -1                   [FIXED]
#   -           w_6[13]: -1                   [FIXED]
#----------------------------------------------------------------------------------
# Model[14000]:
#   - NcSNIADistCov : Supernovae Ia Distance Covariance
#----------------------------------------------------------------------------------
# Model parameters
#   -         alpha[00]:  0.145               [FIXED]
#   -          beta[01]:  3.16                [FIXED]
#   -            M1[02]: -19                  [FIXED]
#   -            M2[03]: -19.2                [FIXED]
#   -  lnsigma_pecz[04]: -7.60021041          [FIXED]
#   -  lnsigma_lens[05]: -2.90042209374967    [FIXED]
#   - lnsigma_int_0[06]: -2.52572864430826    [FIXED]
#   - lnsigma_int_1[07]: -2.22562405185792    [FIXED]
#   - lnsigma_int_2[08]: -2.00991547903123    [FIXED]
#   - lnsigma_int_3[09]: -2.30258509299405    [FIXED]
#----------------------------------------------------------------------------------
# Model fitting. Interating using:
#  - solver:            NLOpt:ln-neldermead
#  - differentiation:   Numerical differentiantion (forward)
#...................................................................................................................................................................
#  Minimum found with precision: |df|/f =  1.00000e-08 and |dx| =  1.00000e-05
#  Elapsed time: 00 days, 00:05:21.6767510
#  iteration            [001545]
#  function evaluations [001547]
#  gradient evaluations [000000]
#  degrees of freedom   [000758]
#  m2lnL     =     719.950253249493 (     680.86493   0.096251169   0.075329355   0.017561568     1.2301616     2.5069444     8.2653335     4.5874844     22.306253 )
#  Fit parameters:
#    -1.5494678104451     -0.840658334867548   -1.2996830165022     -0.657307134810659   -0.726954529824913   -0.944373833484357   -0.844076921645447    0.141577901612816    3.10300162834533    -19.0671564151857    -19.137241578601     
#----------------------------------------------------------------------------------
# Restarting:              yes
#  - absolute improvement: 34.5031424312529      
#  - relative improvement: 0.0457326358775555    
#  - m2lnL_0  :            754.453395680746      
#  - m2lnL_1  :            719.950253249493      
#----------------------------------------------------------------------------------
# Model fitting. Interating using:
#  - solver:            NLOpt:ln-neldermead
#  - differentiation:   Numerical differentiantion (forward)
#.............................................................................................................................................................................................................................................................................................................................................................................................................................
#  Minimum found with precision: |df|/f =  1.00000e-08 and |dx| =  1.00000e-05
#  Elapsed time: 00 days, 00:15:39.4566790
#  iteration            [004048]
#  function evaluations [004050]
#  gradient evaluations [000000]
#  degrees of freedom   [000758]
#  m2lnL     =     702.136670095896 (     681.78506  0.0070742675   0.078872063    0.75107361     1.3994798     2.5069444      8.054269      5.075166     2.4787278 )
#  Fit parameters:
#    -1.4565909890266     -0.767861962627338   -1.31091279814934    -0.736620291313905   -0.0594324165071172  -0.0411726457487109   0                    0.140015436080407    3.11318231252204    -19.0541673677353    -19.1286791777514    
#----------------------------------------------------------------------------------
# Restarting:              yes
#  - absolute improvement: 17.8135831535972      
#  - relative improvement: 0.0247427972602213    
#  - m2lnL_1  :            719.950253249493      
#  - m2lnL_2  :            702.136670095896      
#----------------------------------------------------------------------------------
# Model fitting. Interating using:
#  - solver:            NLOpt:ln-neldermead
#  - differentiation:   Numerical differentiantion (forward)
#............................................................................................................................................................................
#  Minimum found with precision: |df|/f =  1.00000e-08 and |dx| =  1.00000e-05
#  Elapsed time: 00 days, 00:05:21.6573480
#  iteration            [001638]
#  function evaluations [001640]
#  gradient evaluations [000000]
#  degrees of freedom   [000758]
#  m2lnL     =     701.343700275504 (     681.76826  0.00019191444   0.098556236     0.3538856     1.3409476     2.5069444     7.9833281     4.9086361     2.3829474 )
#  Fit parameters:
#    -1.23459563451421    -0.843980564911329   -1.15155768734891    -0.723663558640091   -0.18183849822322    -0.0117713100184033  -0.00888837791521846  0.140989673702247    3.09487356052568    -19.0432260785425    -19.1141449167923    
#----------------------------------------------------------------------------------
# Restarting:              yes
#  - absolute improvement: 0.792969820391704     
#  - relative improvement: 0.00112936676599358   
#  - m2lnL_2  :            702.136670095896      
#  - m2lnL_3  :            701.343700275504      
#----------------------------------------------------------------------------------
# Model fitting. Interating using:
#  - solver:            NLOpt:ln-neldermead
#  - differentiation:   Numerical differentiantion (forward)
#..............................................................
#  Minimum found with precision: |df|/f =  1.00000e-08 and |dx| =  1.00000e-05
#  Elapsed time: 00 days, 00:01:42.6324560
#  iteration            [000533]
#  function evaluations [000535]
#  gradient evaluations [000000]
#  degrees of freedom   [000758]
#  m2lnL     =     701.340532851861 (       681.751  0.00014060956     0.1087584    0.37126831     1.3462345     2.5069444     7.9866648      4.894397     2.3751276 )
#  Fit parameters:
#    -1.23344119636746    -0.846509291027459   -1.14953078964341    -0.723499835804028   -0.179786182625699   -0.0111712192286372  -3.79908721408061e-05  0.141055756065754    3.09510493701365    -19.0436076318492    -19.1146065652512    
#----------------------------------------------------------------------------------
# Restarting:              yes
#  - absolute improvement: 0.00316742364327638   
#  - relative improvement: 4.51622170703485e-06  
#  - m2lnL_3  :            701.343700275504      
#  - m2lnL_4  :            701.340532851861      
#----------------------------------------------------------------------------------
# Model fitting. Interating using:
#  - solver:            NLOpt:ln-neldermead
#  - differentiation:   Numerical differentiantion (forward)
#.................................................................................................................
#  Minimum found with precision: |df|/f =  1.00000e-08 and |dx| =  1.00000e-05
#  Elapsed time: 00 days, 00:03:22.6722590
#  iteration            [001047]
#  function evaluations [001049]
#  gradient evaluations [000000]
#  degrees of freedom   [000758]
#  m2lnL     =      701.33499183192 (     681.77802  0.00014951377    0.10026957    0.34397518     1.3385976     2.5069444     7.9780514     4.9081055     2.3808749 )
#  Fit parameters:
#    -1.23502904309362    -0.843783803371259   -1.14717186537814    -0.733450925786501   -0.180762973038265   -5.99544685579296e-06 -0.00285330543538794  0.14098444393997     3.0952286982569     -19.043437806454     -19.1143087646794    
#----------------------------------------------------------------------------------
# Restarting:              yes
#  - absolute improvement: 0.00554101994146095   
#  - relative improvement: 7.90061272935345e-06  
#  - m2lnL_4  :            701.340532851861      
#  - m2lnL_5  :            701.33499183192       
#----------------------------------------------------------------------------------
# Model fitting. Interating using:
#  - solver:            NLOpt:ln-neldermead
#  - differentiation:   Numerical differentiantion (forward)
#........................................................
#  Minimum found with precision: |df|/f =  1.00000e-08 and |dx| =  1.00000e-05
#  Elapsed time: 00 days, 00:01:31.4849710
#  iteration            [000470]
#  function evaluations [000472]
#  gradient evaluations [000000]
#  degrees of freedom   [000758]
#  m2lnL     =     701.333421532223 (     681.77608  0.0001620525   0.099543275     0.3420822     1.3380813     2.5069444     7.9778993     4.9074058     2.3852217 )
#  Fit parameters:
#    -1.23551413524019    -0.843753655931438   -1.14715551954559    -0.734198117800301   -0.180392858333333   -2.58610978666656e-06 -5.76806241308143e-06  0.140989216270348    3.09494563981277    -19.0433253773718    -19.1142388972234    
#----------------------------------------------------------------------------------
# Restarting:              yes
#  - absolute improvement: 0.00157029969625455   
#  - relative improvement: 2.23901518467353e-06  
#  - m2lnL_5  :            701.33499183192       
#  - m2lnL_6  :            701.333421532223      
#----------------------------------------------------------------------------------
# Model fitting. Interating using:
#  - solver:            NLOpt:ln-neldermead
#  - differentiation:   Numerical differentiantion (forward)
#......................................
#  Minimum found with precision: |df|/f =  1.00000e-08 and |dx| =  1.00000e-05
#  Elapsed time: 00 days, 00:00:58.0020630
#  iteration            [000298]
#  function evaluations [000300]
#  gradient evaluations [000000]
#  degrees of freedom   [000758]
#  m2lnL     =     701.333404267225 (     681.77556  0.0001591151   0.099693286    0.34249632     1.3381719     2.5069444     7.9779637     4.9072011      2.385217 )
#  Fit parameters:
#    -1.23566404645413    -0.843734532137998   -1.14720615968273    -0.734202336490876   -0.180336620702094    0                    0                    0.140992086610268    3.09498003390372    -19.0433707266794    -19.1142452828493    
#----------------------------------------------------------------------------------
# Restarting:              no
#  - absolute improvement: 1.72649987462137e-05  
#  - relative improvement: 2.46173905536889e-08  
#  - m2lnL_6  :            701.333421532223      
#  - m2lnL_7  :            701.333404267225      
#----------------------------------------------------------------------------------
# Data used:
#   - JLA SNLS3+SDSS Betoule 2014 sys and stat (complete cov)
#   - 6dFGRS -- Beutler (2011), BAO Sample R-Dv
#   - SDSS-DR7-rec -- Padmanabhan (2012), BAO Sample R-Dv
#   - SDSS-DR9-rec -- Anderson (2012), BAO Sample R-Dv
#   - WiggleZ -- Blake (2012), BAO Sample R-Dv
#   - Riess 2008 HST Project sample
#   - Stern 2009 H(z) sample
#   - Moresco 2012 H(z) BC03 sample
#   - WMAP9 distance priors
#----------------------------------------------------------------------------------
# Model[03000]:
#   - NcHICosmo : XCDM - Constant EOS
#----------------------------------------------------------------------------------
# Model parameters
#   -            H0[00]:  70                  [FIXED]
#   -        Omegac[01]:  0.25                [FIXED]
#   -        Omegak[02]:  0                   [FIXED]
#   -       Tgamma0[03]:  2.7245              [FIXED]
#   -            Yp[04]:  0.24                [FIXED]
#   -          ENnu[05]:  3.046               [FIXED]
#   -        Omegab[06]:  0.05                [FIXED]
#   -           w_0[07]: -1.23566404645413    [FREE]
#   -           w_1[08]: -0.843734532137998   [FREE]
#   -           w_2[09]: -1.14720615968273    [FREE]
#   -           w_3[10]: -0.734202336490876   [FREE]
#   -           w_4[11]: -0.180336620702094   [FREE]
#   -           w_5[12]:  0                   [FREE]
#   -           w_6[13]:  0                   [FREE]
#----------------------------------------------------------------------------------
# Model[14000]:
#   - NcSNIADistCov : Supernovae Ia Distance Covariance
#----------------------------------------------------------------------------------
# Model parameters
#   -         alpha[00]:  0.140992086610268   [FREE]
#   -          beta[01]:  3.09498003390372    [FREE]
#   -            M1[02]: -19.0433707266794    [FREE]
#   -            M2[03]: -19.1142452828493    [FREE]
#   -  lnsigma_pecz[04]: -7.60021041          [FIXED]
#   -  lnsigma_lens[05]: -2.90042209374967    [FIXED]
#   - lnsigma_int_0[06]: -2.52572864430826    [FIXED]
#   - lnsigma_int_1[07]: -2.22562405185792    [FIXED]
#   - lnsigma_int_2[08]: -2.00991547903123    [FIXED]
#   - lnsigma_int_3[09]: -2.30258509299405    [FIXED]
#----------------------------------------------------------------------------------
# NcmMSet parameters covariance matrix
#                                                 ----------------------------------------------------------------------------------------------------------------------------------------------------------------------
#   w_0[03000:07] = -1.236       +/-  0.5271      |  1           | -0.8145      |  0.5785      | -0.472       | -0.5271      |  0.5856      | -0.5144      | -0.06687     | -0.03991     |  0.7296      |  0.6842      |
#   w_1[03000:08] = -0.8437      +/-  0.1621      | -0.8145      |  1           | -0.4051      |  0.2074      |  0.1474      | -0.2189      |  0.1126      |  0.02432     | -0.009455    | -0.3787      | -0.3667      |
#   w_2[03000:09] = -1.147       +/-  0.3105      |  0.5785      | -0.4051      |  1           | -0.6255      | -0.5558      |  0.6779      | -0.5145      | -0.02528     | -0.026       |  0.3679      |  0.3491      |
#   w_3[03000:10] = -0.7342      +/-  1.027       | -0.472       |  0.2074      | -0.6255      |  1           |  0.3848      | -0.8929      |  0.5009      |  0.0247      |  0.01903     | -0.3453      | -0.3241      |
#   w_4[03000:11] = -0.1803      +/-  1.211       | -0.5271      |  0.1474      | -0.5558      |  0.3848      |  1           | -0.7536      |  0.9811      |  0.05834     |  0.05996     | -0.5543      | -0.5111      |
#   w_5[03000:12] =  0           +/-  2.092       |  0.5856      | -0.2189      |  0.6779      | -0.8929      | -0.7536      |  1           | -0.8354      | -0.04566     | -0.04155     |  0.5103      |  0.4744      |
#   w_6[03000:13] =  0           +/-  5.824       | -0.5144      |  0.1126      | -0.5145      |  0.5009      |  0.9811      | -0.8354      |  1           |  0.05762     |  0.05817     | -0.5507      | -0.5073      |
# alpha[14000:00] =  0.141       +/-  0.006599    | -0.06687     |  0.02432     | -0.02528     |  0.0247      |  0.05834     | -0.04566     |  0.05762     |  1           | -0.04976     |  0.006079    | -0.1665      |
#  beta[14000:01] =  3.095       +/-  0.08037     | -0.03991     | -0.009455    | -0.026       |  0.01903     |  0.05996     | -0.04155     |  0.05817     | -0.04976     |  1           | -0.002526    | -0.01865     |
#    M1[14000:02] = -19.04       +/-  0.03133     |  0.7296      | -0.3787      |  0.3679      | -0.3453      | -0.5543      |  0.5103      | -0.5507      |  0.006079    | -0.002526    |  1           |  0.7437      |
#    M2[14000:03] = -19.11       +/-  0.03305     |  0.6842      | -0.3667      |  0.3491      | -0.3241      | -0.5111      |  0.4744      | -0.5073      | -0.1665      | -0.01865     |  0.7437      |  1           |
#                                                 ----------------------------------------------------------------------------------------------------------------------------------------------------------------------
