#----------------------------------------------------------------------------------
# Model[03000]:
#   - NcHICosmo : XCDM - Constant EOS
#----------------------------------------------------------------------------------
# Model parameters
#   -            H0[00]:  70                  [FIXED]
#   -        Omegac[01]:  0.25                [FIXED]
#   -        Omegak[02]:  0                   [FIXED]
#   -       Tgamma0[03]:  2.7245              [FIXED]
#   -            Yp[04]:  0.24                [FIXED]
#   -          ENnu[05]:  3.046               [FIXED]
#   -        Omegab[06]:  0.05                [FIXED]
#   -           w_0[07]: -1                   [FIXED]
#   -           w_1[08]: -1                   [FIXED]
#   -           w_2[09]: -1                   [FIXED]
#   -           w_3[10]: -1                   [FIXED]
#   -           w_4[11]: -1                   [FIXED]
#   -           w_5[12]: -1                   [FIXED]
#   -           w_6[13]: -1                   [FIXED]
#   -           w_7[14]: -1                   [FIXED]
#   -           w_8[15]: -1                   [FIXED]
#   -           w_9[16]: -1                   [FIXED]
#----------------------------------------------------------------------------------
# Model[14000]:
#   - NcSNIADistCov : Supernovae Ia Distance Covariance
#----------------------------------------------------------------------------------
# Model parameters
#   -         alpha[00]:  0.145               [FIXED]
#   -          beta[01]:  3.16                [FIXED]
#   -            M1[02]: -19                  [FIXED]
#   -            M2[03]: -19.2                [FIXED]
#   -  lnsigma_pecz[04]: -7.60021041          [FIXED]
#   -  lnsigma_lens[05]: -2.90042209374967    [FIXED]
#   - lnsigma_int_0[06]: -2.52572864430826    [FIXED]
#   - lnsigma_int_1[07]: -2.22562405185792    [FIXED]
#   - lnsigma_int_2[08]: -2.00991547903123    [FIXED]
#   - lnsigma_int_3[09]: -2.30258509299405    [FIXED]
#----------------------------------------------------------------------------------
# Model fitting. Interating using:
#  - solver:            NLOpt:ln-neldermead
#  - differentiation:   Numerical differentiantion (forward)
#.............................................................................................................................................................................................................................................................................................................
#  Minimum found with precision: |df|/f =  1.00000e-08 and |dx| =  1.00000e-05
#  Elapsed time: 00 days, 00:12:00.3451690
#  iteration            [002920]
#  function evaluations [002922]
#  gradient evaluations [000000]
#  degrees of freedom   [000755]
#  m2lnL     =     719.625551251257 (     680.26969   0.087783963   0.018381313   0.058840159     1.3287976     2.5069444     8.2477851     4.7997048     22.307626 )
#  Fit parameters:
#    -1.77542448352105    -0.883485023467957   -1.26230376515343    -1.05944127661262    -1.28065686835776    -0.204812256167897   -0.308175156689498   -0.68196006734659    -0.846282413206168   -0.741530873032529    0.141427243110207    3.09729160485613    -19.0691760949143    -19.1394924678335    
#----------------------------------------------------------------------------------
# Restarting:              yes
#  - absolute improvement: 34.8278444294887      
#  - relative improvement: 0.0461630163359042    
#  - m2lnL_0  :            754.453395680746      
#  - m2lnL_1  :            719.625551251257      
#----------------------------------------------------------------------------------
# Model fitting. Interating using:
#  - solver:            NLOpt:ln-neldermead
#  - differentiation:   Numerical differentiantion (forward)
#......................................................................................................................................................................................................................................................................................................................................................................................................................
#  Minimum found with precision: |df|/f =  1.00000e-08 and |dx| =  1.00000e-05
#  Elapsed time: 00 days, 00:14:18.5820360
#  iteration            [003979]
#  function evaluations [003981]
#  gradient evaluations [000000]
#  degrees of freedom   [000755]
#  m2lnL     =      701.88431923731 (     681.96147  3.2046771e-05   0.051145209    0.46968491     1.2969904     2.5069444     8.2738306     4.8288787     2.4953433 )
#  Fit parameters:
#    -1.09904619919127    -0.804401115500783   -0.884714806124209   -1.54480792085391    -0.58064051698774    -0.0725044314756954  -0.113073679372786   -1.60865851651817    -0.106427844696008   -0.276176980051779    0.141590517392987    3.10161439447216    -19.0447593767996    -19.1131724778879    
#----------------------------------------------------------------------------------
# Restarting:              yes
#  - absolute improvement: 17.7412320139473      
#  - relative improvement: 0.0246534214677335    
#  - m2lnL_1  :            719.625551251257      
#  - m2lnL_2  :            701.88431923731       
#----------------------------------------------------------------------------------
# Model fitting. Interating using:
#  - solver:            NLOpt:ln-neldermead
#  - differentiation:   Numerical differentiantion (forward)
#....................................................................................................................................................
#  Minimum found with precision: |df|/f =  1.00000e-08 and |dx| =  1.00000e-05
#  Elapsed time: 00 days, 00:04:38.3047570
#  iteration            [001395]
#  function evaluations [001397]
#  gradient evaluations [000000]
#  degrees of freedom   [000755]
#  m2lnL     =      701.44312339634 (     681.87164  0.00013638489   0.099147137    0.28234802     1.2910035     2.5069444      8.026448     4.9753749     2.3900815 )
#  Fit parameters:
#    -1.16596412212634    -0.843982720371306   -0.953702826046619   -1.23552489157304    -0.894691661561368   -4.34592579917556e-05 -0.0730415555631067  -1.80945575369525    -0.0923850553551183  -0.272470743764831    0.141003794054835    3.09565316251561    -19.0416272917371    -19.1125061950941    
#----------------------------------------------------------------------------------
# Restarting:              yes
#  - absolute improvement: 0.441195840970522     
#  - relative improvement: 0.000628587687284337  
#  - m2lnL_2  :            701.88431923731       
#  - m2lnL_3  :            701.44312339634       
#----------------------------------------------------------------------------------
# Model fitting. Interating using:
#  - solver:            NLOpt:ln-neldermead
#  - differentiation:   Numerical differentiantion (forward)
#........................................................................................................................................................................................................................................................................................................
#  Minimum found with precision: |df|/f =  1.00000e-08 and |dx| =  1.00000e-05
#  Elapsed time: 00 days, 00:07:14.3264540
#  iteration            [002871]
#  function evaluations [002873]
#  gradient evaluations [000000]
#  degrees of freedom   [000755]
#  m2lnL     =     701.321474872559 (      681.7797  1.9187113e-05   0.098846771    0.28093966     1.3004453     2.5069444     8.0140931     4.9612893     2.3791961 )
#  Fit parameters:
#    -1.22808765511584    -0.839310999147372   -0.973052931699927   -1.21010813630412    -0.916967180584858   -0.0201813670807377  -0.0247128402370964  -1.41451449570437    -0.179273056927193   -3.03324327712833e-05  0.141002407402972    3.09470114026772    -19.043533394298     -19.1144553912515    
#----------------------------------------------------------------------------------
# Restarting:              yes
#  - absolute improvement: 0.121648523780209     
#  - relative improvement: 0.000173426069374228  
#  - m2lnL_3  :            701.44312339634       
#  - m2lnL_4  :            701.321474872559      
#----------------------------------------------------------------------------------
# Model fitting. Interating using:
#  - solver:            NLOpt:ln-neldermead
#  - differentiation:   Numerical differentiantion (forward)
#...................................................................................................
#  Minimum found with precision: |df|/f =  1.00000e-08 and |dx| =  1.00000e-05
#  Elapsed time: 00 days, 00:01:35.5484250
#  iteration            [000907]
#  function evaluations [000909]
#  gradient evaluations [000000]
#  degrees of freedom   [000755]
#  m2lnL     =     701.317312705061 (     681.78041  0.00027532644   0.093749515     0.2854025     1.2951898     2.5069444     8.0202546      4.969696       2.36539 )
#  Fit parameters:
#    -1.19461474148484    -0.844120173483988   -0.966940869029684   -1.22920331814597    -0.914342106758889   -0.00869298427018364 -0.0241112931061613  -1.40351886564735    -0.177674663843397   -0.000494792662132847  0.141012361672954    3.09593212028745    -19.0428105207931    -19.1136400656257    
#----------------------------------------------------------------------------------
# Restarting:              yes
#  - absolute improvement: 0.00416216749829346   
#  - relative improvement: 5.93474982218359e-06  
#  - m2lnL_4  :            701.321474872559      
#  - m2lnL_5  :            701.317312705061      
#----------------------------------------------------------------------------------
# Model fitting. Interating using:
#  - solver:            NLOpt:ln-neldermead
#  - differentiation:   Numerical differentiantion (forward)
#......................................................................................................
#  Minimum found with precision: |df|/f =  1.00000e-08 and |dx| =  1.00000e-05
#  Elapsed time: 00 days, 00:01:36.4938940
#  iteration            [000932]
#  function evaluations [000934]
#  gradient evaluations [000000]
#  degrees of freedom   [000755]
#  m2lnL     =     701.315635429879 (     681.76172  0.00034589454   0.098819675    0.28588991     1.2982208     2.5069444     8.0099682     4.9881828     2.3655391 )
#  Fit parameters:
#    -1.19697142894596    -0.847967343690664   -0.972805613970558   -1.21390854769028    -0.941319735857823   -0.00147749928617879 -0.0144780400581229  -1.36448260773322    -0.172550297218367   -0.000313967274502835  0.14100500768429     3.09571937343202    -19.0428002026955    -19.1136218717991    
#----------------------------------------------------------------------------------
# Restarting:              yes
#  - absolute improvement: 0.00167727518191896   
#  - relative improvement: 2.39160669718749e-06  
#  - m2lnL_5  :            701.317312705061      
#  - m2lnL_6  :            701.315635429879      
#----------------------------------------------------------------------------------
# Model fitting. Interating using:
#  - solver:            NLOpt:ln-neldermead
#  - differentiation:   Numerical differentiantion (forward)
#...........................................................................................
#  Minimum found with precision: |df|/f =  1.00000e-08 and |dx| =  1.00000e-05
#  Elapsed time: 00 days, 00:01:24.8734880
#  iteration            [000821]
#  function evaluations [000823]
#  gradient evaluations [000000]
#  degrees of freedom   [000755]
#  m2lnL     =     701.314937893352 (      681.7632  0.00021083293   0.095764871    0.28798449     1.2956414     2.5069444     8.0138317     4.9871935     2.3641699 )
#  Fit parameters:
#    -1.20108092350176    -0.843928772071182   -0.969648842006041   -1.22552232994318    -0.936713333865409   -0.000408925215182453 -0.0130010328286024  -1.34653010299493    -0.171871425186907   -0.000332994681645707  0.141008524917254    3.09569550727188    -19.0429289365947    -19.1137667286643    
#----------------------------------------------------------------------------------
# Restarting:              no
#  - absolute improvement: 0.000697536527013654  
#  - relative improvement: 9.9461140144992e-07   
#  - m2lnL_6  :            701.315635429879      
#  - m2lnL_7  :            701.314937893352      
#----------------------------------------------------------------------------------
# Data used:
#   - JLA SNLS3+SDSS Betoule 2014 sys and stat (complete cov)
#   - 6dFGRS -- Beutler (2011), BAO Sample R-Dv
#   - SDSS-DR7-rec -- Padmanabhan (2012), BAO Sample R-Dv
#   - SDSS-DR9-rec -- Anderson (2012), BAO Sample R-Dv
#   - WiggleZ -- Blake (2012), BAO Sample R-Dv
#   - Riess 2008 HST Project sample
#   - Stern 2009 H(z) sample
#   - Moresco 2012 H(z) BC03 sample
#   - WMAP9 distance priors
#----------------------------------------------------------------------------------
# Model[03000]:
#   - NcHICosmo : XCDM - Constant EOS
#----------------------------------------------------------------------------------
# Model parameters
#   -            H0[00]:  70                  [FIXED]
#   -        Omegac[01]:  0.25                [FIXED]
#   -        Omegak[02]:  0                   [FIXED]
#   -       Tgamma0[03]:  2.7245              [FIXED]
#   -            Yp[04]:  0.24                [FIXED]
#   -          ENnu[05]:  3.046               [FIXED]
#   -        Omegab[06]:  0.05                [FIXED]
#   -           w_0[07]: -1.20108092350176    [FREE]
#   -           w_1[08]: -0.843928772071182   [FREE]
#   -           w_2[09]: -0.969648842006041   [FREE]
#   -           w_3[10]: -1.22552232994318    [FREE]
#   -           w_4[11]: -0.936713333865409   [FREE]
#   -           w_5[12]: -0.000408925215182453 [FREE]
#   -           w_6[13]: -0.0130010328286024  [FREE]
#   -           w_7[14]: -1.34653010299493    [FREE]
#   -           w_8[15]: -0.171871425186907   [FREE]
#   -           w_9[16]: -0.000332994681645707 [FREE]
#----------------------------------------------------------------------------------
# Model[14000]:
#   - NcSNIADistCov : Supernovae Ia Distance Covariance
#----------------------------------------------------------------------------------
# Model parameters
#   -         alpha[00]:  0.141008524917254   [FREE]
#   -          beta[01]:  3.09569550727188    [FREE]
#   -            M1[02]: -19.0429289365947    [FREE]
#   -            M2[03]: -19.1137667286643    [FREE]
#   -  lnsigma_pecz[04]: -7.60021041          [FIXED]
#   -  lnsigma_lens[05]: -2.90042209374967    [FIXED]
#   - lnsigma_int_0[06]: -2.52572864430826    [FIXED]
#   - lnsigma_int_1[07]: -2.22562405185792    [FIXED]
#   - lnsigma_int_2[08]: -2.00991547903123    [FIXED]
#   - lnsigma_int_3[09]: -2.30258509299405    [FIXED]
#----------------------------------------------------------------------------------
# NcmMSet parameters covariance matrix
#                                                 -------------------------------------------------------------------------------------------------------------------------------------------------------------------------------------------------------------------
#   w_0[03000:07] = -1.201       +/-  0.9045      |  1           | -0.4782      |  0.571       | -0.4135      |  0.5027      | -nan         | -nan         | -nan         | -nan         | -nan         | -0.01282     |  0.0681      |  0.6125      |  0.5726      |
#   w_1[03000:08] = -0.8439      +/-  0.2275      | -0.4782      |  1           |  0.2908      | -0.4399      |  0.1716      | -nan         | -nan         | -nan         | -nan         | -nan         |  0.02255     |  0.005068    | -0.3084      | -0.2916      |
#   w_2[03000:09] = -0.9696      +/-  0.479       |  0.571       |  0.2908      |  1           | -0.6256      |  0.5368      | -nan         | -nan         | -nan         | -nan         | -nan         |  0.03293     |  0.09655     |  0.1559      |  0.1571      |
#   w_3[03000:10] = -1.226       +/-  0.7751      | -0.4135      | -0.4399      | -0.6256      |  1           | -0.6217      | -nan         | -nan         | -nan         | -nan         | -nan         | -0.02274     | -0.09117     | -0.1379      | -0.1325      |
#   w_4[03000:11] = -0.9367      +/-  0.09728     |  0.5027      |  0.1716      |  0.5368      | -0.6217      |  1           | -nan         | -nan         | -nan         | -nan         | -nan         |  0.004795    |  0.06111     |  0.2744      |  0.256       |
#   w_5[03000:12] = -0.0004089   +/- -nan         | -nan         | -nan         | -nan         | -nan         | -nan         | -1           |  1.911       |  2.268       |  2.811       | -2.048       | -nan         | -nan         | -nan         | -nan         |
#   w_6[03000:13] = -0.013       +/- -nan         | -nan         | -nan         | -nan         | -nan         | -nan         |  1.911       | -1           | -0.4895      | -1.008       |  11.48       | -nan         | -nan         | -nan         | -nan         |
#   w_7[03000:14] = -1.347       +/- -nan         | -nan         | -nan         | -nan         | -nan         | -nan         |  2.268       | -0.4895      | -1           | -1.142       | -2.189       | -nan         | -nan         | -nan         | -nan         |
#   w_8[03000:15] = -0.1719      +/- -nan         | -nan         | -nan         | -nan         | -nan         | -nan         |  2.811       | -1.008       | -1.142       | -1           | -5.768       | -nan         | -nan         | -nan         | -nan         |
#   w_9[03000:16] = -0.000333    +/- -nan         | -nan         | -nan         | -nan         | -nan         | -nan         | -2.048       |  11.48       | -2.189       | -5.768       | -1           | -nan         | -nan         | -nan         | -nan         |
# alpha[14000:00] =  0.141       +/-  0.009321    | -0.01282     |  0.02255     |  0.03293     | -0.02274     |  0.004795    | -nan         | -nan         | -nan         | -nan         | -nan         |  1           | -0.05021     |  0.0504      | -0.1477      |
#  beta[14000:01] =  3.096       +/-  0.1141      |  0.0681      |  0.005068    |  0.09655     | -0.09117     |  0.06111     | -nan         | -nan         | -nan         | -nan         | -nan         | -0.05021     |  1           |  0.06238     |  0.03965     |
#    M1[14000:02] = -19.04       +/-  0.03837     |  0.6125      | -0.3084      |  0.1559      | -0.1379      |  0.2744      | -nan         | -nan         | -nan         | -nan         | -nan         |  0.0504      |  0.06238     |  1           |  0.6697      |
#    M2[14000:03] = -19.11       +/-  0.04167     |  0.5726      | -0.2916      |  0.1571      | -0.1325      |  0.256       | -nan         | -nan         | -nan         | -nan         | -nan         | -0.1477      |  0.03965     |  0.6697      |  1           |
#                                                 -------------------------------------------------------------------------------------------------------------------------------------------------------------------------------------------------------------------
