#----------------------------------------------------------------------------------
# Model[03000]:
#   - NcHICosmo : XCDM - Constant EOS
#----------------------------------------------------------------------------------
# Model parameters
#   -            H0[00]:  70                  [FIXED]
#   -        Omegac[01]:  0.25                [FIXED]
#   -        Omegak[02]:  0                   [FIXED]
#   -       Tgamma0[03]:  2.7245              [FIXED]
#   -            Yp[04]:  0.24                [FIXED]
#   -          ENnu[05]:  3.046               [FIXED]
#   -        Omegab[06]:  0.05                [FIXED]
#   -           w_0[07]: -1                   [FIXED]
#   -           w_1[08]: -1                   [FIXED]
#   -           w_2[09]: -1                   [FIXED]
#   -           w_3[10]: -1                   [FIXED]
#   -           w_4[11]: -1                   [FIXED]
#   -           w_5[12]: -1                   [FIXED]
#   -           w_6[13]: -1                   [FIXED]
#   -           w_7[14]: -1                   [FIXED]
#----------------------------------------------------------------------------------
# Model[14000]:
#   - NcSNIADistCov : Supernovae Ia Distance Covariance
#----------------------------------------------------------------------------------
# Model parameters
#   -         alpha[00]:  0.145               [FIXED]
#   -          beta[01]:  3.16                [FIXED]
#   -            M1[02]: -19                  [FIXED]
#   -            M2[03]: -19.2                [FIXED]
#   -  lnsigma_pecz[04]: -7.60021041          [FIXED]
#   -  lnsigma_lens[05]: -2.90042209374967    [FIXED]
#   - lnsigma_int_0[06]: -2.52572864430826    [FIXED]
#   - lnsigma_int_1[07]: -2.22562405185792    [FIXED]
#   - lnsigma_int_2[08]: -2.00991547903123    [FIXED]
#   - lnsigma_int_3[09]: -2.30258509299405    [FIXED]
#----------------------------------------------------------------------------------
# Model fitting. Interating using:
#  - solver:            NLOpt:ln-neldermead
#  - differentiation:   Numerical differentiantion (forward)
#............................................................................................................................................
#  Minimum found with precision: |df|/f =  1.00000e-08 and |dx| =  1.00000e-05
#  Elapsed time: 00 days, 00:05:04.7183980
#  iteration            [001313]
#  function evaluations [001315]
#  gradient evaluations [000000]
#  degrees of freedom   [000757]
#  m2lnL     =     719.639957035992 (      680.8251    0.08278603   0.058083204   0.062967814     1.3307869     2.5069444     8.1717819     4.2937543     22.307757 )
#  Fit parameters:
#    -1.66532146496879    -0.835614596845367   -1.28627737937425    -0.79963361750083    -0.745560458254092   -0.886641728848993   -0.831736404973954   -0.897337614987373    0.141502179961778    3.10043290957576    -19.0685313622194    -19.1387634811036    
#----------------------------------------------------------------------------------
# Restarting:              yes
#  - absolute improvement: 34.8134386447538      
#  - relative improvement: 0.0461439220024207    
#  - m2lnL_0  :            754.453395680746      
#  - m2lnL_1  :            719.639957035992      
#----------------------------------------------------------------------------------
# Model fitting. Interating using:
#  - solver:            NLOpt:ln-neldermead
#  - differentiation:   Numerical differentiantion (forward)
#.........................................................................................................................................................................................................................................................................................................................................
#  Minimum found with precision: |df|/f =  1.00000e-08 and |dx| =  1.00000e-05
#  Elapsed time: 00 days, 00:13:10.3425030
#  iteration            [003204]
#  function evaluations [003206]
#  gradient evaluations [000000]
#  degrees of freedom   [000757]
#  m2lnL     =      719.43100683031 (      680.9783    0.08196996   0.051483932   0.089200376      1.411797     2.5069444     7.9683013     4.0341619     22.308849 )
#  Fit parameters:
#    -1.71216966067942    -0.838739342504757   -1.32923246509893    -0.551940321548361   -1.85075317838627    -0.0105352379854089  -0.00773681526919871 -0.0789035938970495   0.141438273952188    3.09890705197509    -19.0686087375095    -19.1388836486947    
#----------------------------------------------------------------------------------
# Restarting:              yes
#  - absolute improvement: 0.208950205682527     
#  - relative improvement: 0.000290353813236188  
#  - m2lnL_1  :            719.639957035992      
#  - m2lnL_2  :            719.43100683031       
#----------------------------------------------------------------------------------
# Model fitting. Interating using:
#  - solver:            NLOpt:ln-neldermead
#  - differentiation:   Numerical differentiantion (forward)
#.......................................
#  Minimum found with precision: |df|/f =  1.00000e-08 and |dx| =  1.00000e-05
#  Elapsed time: 00 days, 00:01:00.6840830
#  iteration            [000307]
#  function evaluations [000309]
#  gradient evaluations [000000]
#  degrees of freedom   [000757]
#  m2lnL     =     719.422568925903 (     680.97608    0.08035074    0.05043191   0.090922331     1.4116586     2.5069444     7.9608063     4.0365556     22.308819 )
#  Fit parameters:
#    -1.71645092386225    -0.837509745905847   -1.32948219087123    -0.554962007252207   -1.86647888825416    -5.64376975841768e-05 -0.00026526955733247 -0.0678789814110813   0.141466983975349    3.09889326715877    -19.0687000597796    -19.1389438544137    
#----------------------------------------------------------------------------------
# Restarting:              yes
#  - absolute improvement: 0.0084379044067191    
#  - relative improvement: 1.1728580401191e-05   
#  - m2lnL_2  :            719.43100683031       
#  - m2lnL_3  :            719.422568925903      
#----------------------------------------------------------------------------------
# Model fitting. Interating using:
#  - solver:            NLOpt:ln-neldermead
#  - differentiation:   Numerical differentiantion (forward)
#............................................................................................................................................................................................................................................................................
#  Minimum found with precision: |df|/f =  1.00000e-08 and |dx| =  1.00000e-05
#  Elapsed time: 00 days, 00:08:41.0974810
#  iteration            [002596]
#  function evaluations [002598]
#  gradient evaluations [000000]
#  degrees of freedom   [000757]
#  m2lnL     =      719.40402730674 (     681.02018   0.080968673   0.050382739   0.093448706     1.4274181     2.5069444     7.9306063     3.9852708     22.308806 )
#  Fit parameters:
#    -1.72325385477861    -0.838377940040876   -1.33676556920414    -0.505429275000483   -2.07362395266462    -0.000818174501046663  0                   -4.97848696991788     0.141491504176182    3.09869064532694    -19.0685217420944    -19.13925662378      
#----------------------------------------------------------------------------------
# Restarting:              yes
#  - absolute improvement: 0.0185416191634431    
#  - relative improvement: 2.57729183991624e-05  
#  - m2lnL_3  :            719.422568925903      
#  - m2lnL_4  :            719.40402730674       
#----------------------------------------------------------------------------------
# Model fitting. Interating using:
#  - solver:            NLOpt:ln-neldermead
#  - differentiation:   Numerical differentiantion (forward)
#...............................................
#  Minimum found with precision: |df|/f =  1.00000e-08 and |dx| =  1.00000e-05
#  Elapsed time: 00 days, 00:01:17.0268850
#  iteration            [000384]
#  function evaluations [000386]
#  gradient evaluations [000000]
#  degrees of freedom   [000757]
#  m2lnL     =     719.403024677611 (     681.02057   0.080179895   0.047657522   0.096837956      1.428835     2.5069444     7.9324411     3.9803741     22.309187 )
#  Fit parameters:
#    -1.72411772900289    -0.839004607608181   -1.3364086937365     -0.504336508988531   -2.07656374780881     0                   -9.44713090087348e-06 -4.97147817128243     0.141461440978371    3.09877260788815    -19.0687847441139    -19.1391222617041    
#----------------------------------------------------------------------------------
# Restarting:              yes
#  - absolute improvement: 0.00100262912860671   
#  - relative improvement: 1.39369407252319e-06  
#  - m2lnL_4  :            719.40402730674       
#  - m2lnL_5  :            719.403024677611      
#----------------------------------------------------------------------------------
# Model fitting. Interating using:
#  - solver:            NLOpt:ln-neldermead
#  - differentiation:   Numerical differentiantion (forward)
#.......................................
#  Minimum found with precision: |df|/f =  1.00000e-08 and |dx| =  1.00000e-05
#  Elapsed time: 00 days, 00:01:01.4790330
#  iteration            [000308]
#  function evaluations [000310]
#  gradient evaluations [000000]
#  degrees of freedom   [000757]
#  m2lnL     =     719.402912638421 (     681.02021   0.080236905   0.048194457    0.09673161     1.4289096     2.5069444     7.9318279     3.9806849     22.309173 )
#  Fit parameters:
#    -1.72457221093047    -0.838757616315129   -1.336973707429      -0.503630070676661   -2.07893866823781    -4.96586335298914e-06  0                   -4.99702909111785     0.141446655273174    3.09872726603504    -19.0687726175146    -19.1390929661872    
#----------------------------------------------------------------------------------
# Restarting:              no
#  - absolute improvement: 0.000112039189957613  
#  - relative improvement: 1.55739114396721e-07  
#  - m2lnL_5  :            719.403024677611      
#  - m2lnL_6  :            719.402912638421      
#----------------------------------------------------------------------------------
# Data used:
#   - JLA SNLS3+SDSS Betoule 2014 sys and stat (complete cov)
#   - 6dFGRS -- Beutler (2011), BAO Sample R-Dv
#   - SDSS-DR7-rec -- Padmanabhan (2012), BAO Sample R-Dv
#   - SDSS-DR9-rec -- Anderson (2012), BAO Sample R-Dv
#   - WiggleZ -- Blake (2012), BAO Sample R-Dv
#   - Riess 2008 HST Project sample
#   - Stern 2009 H(z) sample
#   - Moresco 2012 H(z) BC03 sample
#   - WMAP9 distance priors
#----------------------------------------------------------------------------------
# Model[03000]:
#   - NcHICosmo : XCDM - Constant EOS
#----------------------------------------------------------------------------------
# Model parameters
#   -            H0[00]:  70                  [FIXED]
#   -        Omegac[01]:  0.25                [FIXED]
#   -        Omegak[02]:  0                   [FIXED]
#   -       Tgamma0[03]:  2.7245              [FIXED]
#   -            Yp[04]:  0.24                [FIXED]
#   -          ENnu[05]:  3.046               [FIXED]
#   -        Omegab[06]:  0.05                [FIXED]
#   -           w_0[07]: -1.72457221093047    [FREE]
#   -           w_1[08]: -0.838757616315129   [FREE]
#   -           w_2[09]: -1.336973707429      [FREE]
#   -           w_3[10]: -0.503630070676661   [FREE]
#   -           w_4[11]: -2.07893866823781    [FREE]
#   -           w_5[12]: -4.96586335298914e-06 [FREE]
#   -           w_6[13]:  0                   [FREE]
#   -           w_7[14]: -4.99702909111785    [FREE]
#----------------------------------------------------------------------------------
# Model[14000]:
#   - NcSNIADistCov : Supernovae Ia Distance Covariance
#----------------------------------------------------------------------------------
# Model parameters
#   -         alpha[00]:  0.141446655273174   [FREE]
#   -          beta[01]:  3.09872726603504    [FREE]
#   -            M1[02]: -19.0687726175146    [FREE]
#   -            M2[03]: -19.1390929661872    [FREE]
#   -  lnsigma_pecz[04]: -7.60021041          [FIXED]
#   -  lnsigma_lens[05]: -2.90042209374967    [FIXED]
#   - lnsigma_int_0[06]: -2.52572864430826    [FIXED]
#   - lnsigma_int_1[07]: -2.22562405185792    [FIXED]
#   - lnsigma_int_2[08]: -2.00991547903123    [FIXED]
#   - lnsigma_int_3[09]: -2.30258509299405    [FIXED]
#----------------------------------------------------------------------------------
# NcmMSet parameters covariance matrix
#                                                 -------------------------------------------------------------------------------------------------------------------------------------------------------------------------------------
#   w_0[03000:07] = -1.725       +/-  0.677       |  1           | -0.8953      |  0.3256      | -0.1202      | -nan         |  0.01009     | -nan         | -nan         | -0.03336     |  0.003084    |  0.5918      |  0.5456      |
#   w_1[03000:08] = -0.8388      +/-  0.2287      | -0.8953      |  1           | -0.2184      | -0.08478     | -nan         | -0.005246    | -nan         | -nan         |  0.01534     | -0.02469     | -0.4001      | -0.3778      |
#   w_2[03000:09] = -1.337       +/-  0.3495      |  0.3256      | -0.2184      |  1           | -0.3196      | -nan         |  0.01232     | -nan         | -nan         |  0.02022     |  0.02481     |  0.008901    |  0.02177     |
#   w_3[03000:10] = -0.5036      +/-  0.9898      | -0.1202      | -0.08478     | -0.3196      |  1           | -nan         |  0.008373    | -nan         | -nan         | -0.02346     | -0.04242     |  0.06629     |  0.05283     |
#   w_4[03000:11] = -2.079       +/- -nan         | -nan         | -nan         | -nan         | -nan         | -1           | -nan         |  0.543       | -0.7254      | -nan         | -nan         | -nan         | -nan         |
#   w_5[03000:12] = -4.966e-06   +/-  0.02902     |  0.01009     | -0.005246    |  0.01232     |  0.008373    | -nan         |  1           | -nan         | -nan         | -0.0005399   | -0.0004093   |  0.007674    |  0.00697     |
#   w_6[03000:13] =  0           +/- -nan         | -nan         | -nan         | -nan         | -nan         |  0.543       | -nan         | -1           | -0.6939      | -nan         | -nan         | -nan         | -nan         |
#   w_7[03000:14] = -4.997       +/- -nan         | -nan         | -nan         | -nan         | -nan         | -0.7254      | -nan         | -0.6939      | -1           | -nan         | -nan         | -nan         | -nan         |
# alpha[14000:00] =  0.1414      +/-  0.009324    | -0.03336     |  0.01534     |  0.02022     | -0.02346     | -nan         | -0.0005399   | -nan         | -nan         |  1           | -0.05244     |  0.04914     | -0.1584      |
#  beta[14000:01] =  3.099       +/-  0.1136      |  0.003084    | -0.02469     |  0.02481     | -0.04242     | -nan         | -0.0004093   | -nan         | -nan         | -0.05244     |  1           |  0.03915     |  0.01616     |
#    M1[14000:02] = -19.07       +/-  0.03646     |  0.5918      | -0.4001      |  0.008901    |  0.06629     | -nan         |  0.007674    | -nan         | -nan         |  0.04914     |  0.03915     |  1           |  0.6363      |
#    M2[14000:03] = -19.14       +/-  0.03985     |  0.5456      | -0.3778      |  0.02177     |  0.05283     | -nan         |  0.00697     | -nan         | -nan         | -0.1584      |  0.01616     |  0.6363      |  1           |
#                                                 -------------------------------------------------------------------------------------------------------------------------------------------------------------------------------------
