#----------------------------------------------------------------------------------
# Model[03000]:
#   - NcHICosmo : XCDM - Constant EOS
#----------------------------------------------------------------------------------
# Model parameters
#   -            H0[00]:  70                  [FIXED]
#   -        Omegac[01]:  0.25                [FIXED]
#   -        Omegak[02]:  0                   [FIXED]
#   -       Tgamma0[03]:  2.7245              [FIXED]
#   -            Yp[04]:  0.24                [FIXED]
#   -          ENnu[05]:  3.046               [FIXED]
#   -        Omegab[06]:  0.05                [FIXED]
#   -           w_0[07]: -1                   [FIXED]
#   -           w_1[08]: -1                   [FIXED]
#   -           w_2[09]: -1                   [FIXED]
#   -           w_3[10]: -1                   [FIXED]
#   -           w_4[11]: -1                   [FIXED]
#   -           w_5[12]: -1                   [FIXED]
#----------------------------------------------------------------------------------
# Model[14000]:
#   - NcSNIADistCov : Supernovae Ia Distance Covariance
#----------------------------------------------------------------------------------
# Model parameters
#   -         alpha[00]:  0.145               [FIXED]
#   -          beta[01]:  3.16                [FIXED]
#   -            M1[02]: -19                  [FIXED]
#   -            M2[03]: -19.2                [FIXED]
#   -  lnsigma_pecz[04]: -7.60021041          [FIXED]
#   -  lnsigma_lens[05]: -2.90042209374967    [FIXED]
#   - lnsigma_int_0[06]: -2.52572864430826    [FIXED]
#   - lnsigma_int_1[07]: -2.22562405185792    [FIXED]
#   - lnsigma_int_2[08]: -2.00991547903123    [FIXED]
#   - lnsigma_int_3[09]: -2.30258509299405    [FIXED]
#----------------------------------------------------------------------------------
# Model fitting. Interating using:
#  - solver:            NLOpt:ln-neldermead
#  - differentiation:   Numerical differentiantion (forward)
#...................................................................................................................................................................................................
#  Minimum found with precision: |df|/f =  1.00000e-08 and |dx| =  1.00000e-05
#  Elapsed time: 00 days, 00:06:10.3132780
#  iteration            [001868]
#  function evaluations [001870]
#  gradient evaluations [000000]
#  degrees of freedom   [000759]
#  m2lnL     =     720.553098088655 (     681.13588    0.13498211   0.065309594  0.0068102125     1.1527946     2.5069444     8.4148253      4.827988     22.307564 )
#  Fit parameters:
#    -1.38586677532693    -0.884741805121679   -1.31698841906244    -0.451040282027201   -0.832537837952425   -0.562982610593646    0.141605457467066    3.10453808548414    -19.0642460687158    -19.1340926843442    
#----------------------------------------------------------------------------------
# Restarting:              yes
#  - absolute improvement: 33.9002975920911      
#  - relative improvement: 0.0449335873974067    
#  - m2lnL_0  :            754.453395680746      
#  - m2lnL_1  :            720.553098088655      
#----------------------------------------------------------------------------------
# Model fitting. Interating using:
#  - solver:            NLOpt:ln-neldermead
#  - differentiation:   Numerical differentiantion (forward)
#..................................................................................................................................................................................
#  Minimum found with precision: |df|/f =  1.00000e-08 and |dx| =  1.00000e-05
#  Elapsed time: 00 days, 00:06:47.5815610
#  iteration            [001698]
#  function evaluations [001700]
#  gradient evaluations [000000]
#  degrees of freedom   [000759]
#  m2lnL     =      720.41193652784 (     681.07425    0.13008859   0.070927329  0.0024748218     1.1591519     2.5069444     8.3716556     4.7888477     22.307599 )
#  Fit parameters:
#    -1.40652891699473    -0.877146214053281   -1.33615862378452    -0.130247094677417   -4.99833835071371    -0.0884482240357981   0.141597716218916    3.10454969890771    -19.064604154848     -19.1343449044441    
#----------------------------------------------------------------------------------
# Restarting:              yes
#  - absolute improvement: 0.141161560814567     
#  - relative improvement: 0.000195907229028663  
#  - m2lnL_1  :            720.553098088655      
#  - m2lnL_2  :            720.41193652784       
#----------------------------------------------------------------------------------
# Model fitting. Interating using:
#  - solver:            NLOpt:ln-neldermead
#  - differentiation:   Numerical differentiantion (forward)
#...............................
#  Minimum found with precision: |df|/f =  1.00000e-08 and |dx| =  1.00000e-05
#  Elapsed time: 00 days, 00:00:54.8794720
#  iteration            [000224]
#  function evaluations [000226]
#  gradient evaluations [000000]
#  degrees of freedom   [000759]
#  m2lnL     =     720.411774723094 (       681.078    0.12924671   0.068968864  0.0021772291      1.159778     2.5069444     8.3726383     4.7864418     22.307579 )
#  Fit parameters:
#    -1.40754229008286    -0.877322306343629   -1.33564291484729    -0.130170884568981   -4.99987509692749    -0.0737942707738593   0.141598324769085    3.10454565975237    -19.0646204506527    -19.1345300357186    
#----------------------------------------------------------------------------------
# Restarting:              no
#  - absolute improvement: 0.000161804746198868  
#  - relative improvement: 2.24600312674879e-07  
#  - m2lnL_2  :            720.41193652784       
#  - m2lnL_3  :            720.411774723094      
#----------------------------------------------------------------------------------
# Data used:
#   - JLA SNLS3+SDSS Betoule 2014 sys and stat (complete cov)
#   - 6dFGRS -- Beutler (2011), BAO Sample R-Dv
#   - SDSS-DR7-rec -- Padmanabhan (2012), BAO Sample R-Dv
#   - SDSS-DR9-rec -- Anderson (2012), BAO Sample R-Dv
#   - WiggleZ -- Blake (2012), BAO Sample R-Dv
#   - Riess 2008 HST Project sample
#   - Stern 2009 H(z) sample
#   - Moresco 2012 H(z) BC03 sample
#   - WMAP9 distance priors
#----------------------------------------------------------------------------------
# Model[03000]:
#   - NcHICosmo : XCDM - Constant EOS
#----------------------------------------------------------------------------------
# Model parameters
#   -            H0[00]:  70                  [FIXED]
#   -        Omegac[01]:  0.25                [FIXED]
#   -        Omegak[02]:  0                   [FIXED]
#   -       Tgamma0[03]:  2.7245              [FIXED]
#   -            Yp[04]:  0.24                [FIXED]
#   -          ENnu[05]:  3.046               [FIXED]
#   -        Omegab[06]:  0.05                [FIXED]
#   -           w_0[07]: -1.40754229008286    [FREE]
#   -           w_1[08]: -0.877322306343629   [FREE]
#   -           w_2[09]: -1.33564291484729    [FREE]
#   -           w_3[10]: -0.130170884568981   [FREE]
#   -           w_4[11]: -4.99987509692749    [FREE]
#   -           w_5[12]: -0.0737942707738593  [FREE]
#----------------------------------------------------------------------------------
# Model[14000]:
#   - NcSNIADistCov : Supernovae Ia Distance Covariance
#----------------------------------------------------------------------------------
# Model parameters
#   -         alpha[00]:  0.141598324769085   [FREE]
#   -          beta[01]:  3.10454565975237    [FREE]
#   -            M1[02]: -19.0646204506527    [FREE]
#   -            M2[03]: -19.1345300357186    [FREE]
#   -  lnsigma_pecz[04]: -7.60021041          [FIXED]
#   -  lnsigma_lens[05]: -2.90042209374967    [FIXED]
#   - lnsigma_int_0[06]: -2.52572864430826    [FIXED]
#   - lnsigma_int_1[07]: -2.22562405185792    [FIXED]
#   - lnsigma_int_2[08]: -2.00991547903123    [FIXED]
#   - lnsigma_int_3[09]: -2.30258509299405    [FIXED]
#----------------------------------------------------------------------------------
# NcmMSet parameters covariance matrix
#                                                 -------------------------------------------------------------------------------------------------------------------------------------------------------
#   w_0[03000:07] = -1.408       +/-  0.5722      |  1           | -0.8805      |  0.4811      | -0.4516      |  0.3227      | -nan         | -0.04722     | -0.02453     |  0.6202      |  0.564       |
#   w_1[03000:08] = -0.8773      +/-  0.2236      | -0.8805      |  1           | -0.5627      |  0.4215      | -0.3019      | -nan         |  0.01936     | -0.009249    | -0.3659      | -0.343       |
#   w_2[03000:09] = -1.336       +/-  0.4936      |  0.4811      | -0.5627      |  1           | -0.646       |  0.2365      | -nan         | -0.003816    | -0.004135    |  0.1561      |  0.1516      |
#   w_3[03000:10] = -0.1302      +/-  1.119       | -0.4516      |  0.4215      | -0.646       |  1           | -0.9539      | -nan         |  0.009929    |  0.007615    | -0.208       | -0.1942      |
#   w_4[03000:11] = -5           +/-  14.1        |  0.3227      | -0.3019      |  0.2365      | -0.9539      |  1           | -nan         | -0.004357    |  0.003683    |  0.1329      |  0.1249      |
#   w_5[03000:12] = -0.07379     +/- -nan         | -nan         | -nan         | -nan         | -nan         | -nan         | -1           | -nan         | -nan         | -nan         | -nan         |
# alpha[14000:00] =  0.1416      +/-  0.009328    | -0.04722     |  0.01936     | -0.003816    |  0.009929    | -0.004357    | -nan         |  1           | -0.05379     |  0.0497      | -0.1606      |
#  beta[14000:01] =  3.105       +/-  0.1136      | -0.02453     | -0.009249    | -0.004135    |  0.007615    |  0.003683    | -nan         | -0.05379     |  1           |  0.03617     |  0.01246     |
#    M1[14000:02] = -19.06       +/-  0.036       |  0.6202      | -0.3659      |  0.1561      | -0.208       |  0.1329      | -nan         |  0.0497      |  0.03617     |  1           |  0.6268      |
#    M2[14000:03] = -19.13       +/-  0.03938     |  0.564       | -0.343       |  0.1516      | -0.1942      |  0.1249      | -nan         | -0.1606      |  0.01246     |  0.6268      |  1           |
#                                                 -------------------------------------------------------------------------------------------------------------------------------------------------------
