#----------------------------------------------------------------------------------
# Model[03000]:
#   - NcHICosmo : XCDM - Constant EOS
#----------------------------------------------------------------------------------
# Model parameters
#   -            H0[00]:  70                  [FIXED]
#   -        Omegac[01]:  0.25                [FIXED]
#   -        Omegak[02]:  0                   [FIXED]
#   -       Tgamma0[03]:  2.7245              [FIXED]
#   -            Yp[04]:  0.24                [FIXED]
#   -          ENnu[05]:  3.046               [FIXED]
#   -        Omegab[06]:  0.05                [FIXED]
#   -           w_0[07]: -1                   [FIXED]
#   -           w_1[08]: -1                   [FIXED]
#   -           w_2[09]: -1                   [FIXED]
#   -           w_3[10]: -1                   [FIXED]
#   -           w_4[11]: -1                   [FIXED]
#----------------------------------------------------------------------------------
# Model[14000]:
#   - NcSNIADistCov : Supernovae Ia Distance Covariance
#----------------------------------------------------------------------------------
# Model parameters
#   -         alpha[00]:  0.145               [FIXED]
#   -          beta[01]:  3.16                [FIXED]
#   -            M1[02]: -19                  [FIXED]
#   -            M2[03]: -19.2                [FIXED]
#   -  lnsigma_pecz[04]: -7.60021041          [FIXED]
#   -  lnsigma_lens[05]: -2.90042209374967    [FIXED]
#   - lnsigma_int_0[06]: -2.52572864430826    [FIXED]
#   - lnsigma_int_1[07]: -2.22562405185792    [FIXED]
#   - lnsigma_int_2[08]: -2.00991547903123    [FIXED]
#   - lnsigma_int_3[09]: -2.30258509299405    [FIXED]
#----------------------------------------------------------------------------------
# Model fitting. Interating using:
#  - solver:            NLOpt:ln-neldermead
#  - differentiation:   Numerical differentiantion (forward)
#...........................................................................
#  Minimum found with precision: |df|/f =  1.00000e-08 and |dx| =  1.00000e-05
#  Elapsed time: 00 days, 00:03:32.4513300
#  iteration            [000664]
#  function evaluations [000666]
#  gradient evaluations [000000]
#  degrees of freedom   [000760]
#  m2lnL     =     721.856014098623 (     682.77857    0.34583049   0.054064623   0.096225059     1.2979245     2.5069444     8.0565602      4.410641      22.30925 )
#  Fit parameters:
#    -1.02251373680076    -1.03211381895837    -0.95721039637411    -0.955946601869468   -0.973237441508422    0.141434030603986    3.1043620279362     -19.0529636840975    -19.1226950725858    
#----------------------------------------------------------------------------------
# Restarting:              yes
#  - absolute improvement: 32.5973815821227      
#  - relative improvement: 0.043206620539775     
#  - m2lnL_0  :            754.453395680746      
#  - m2lnL_1  :            721.856014098623      
#----------------------------------------------------------------------------------
# Model fitting. Interating using:
#  - solver:            NLOpt:ln-neldermead
#  - differentiation:   Numerical differentiantion (forward)
#.........................................................................................................................................
#  Minimum found with precision: |df|/f =  1.00000e-08 and |dx| =  1.00000e-05
#  Elapsed time: 00 days, 00:06:05.6103460
#  iteration            [001282]
#  function evaluations [001284]
#  gradient evaluations [000000]
#  degrees of freedom   [000760]
#  m2lnL     =     703.630785217725 (     682.46962   0.023692179    0.37678031    0.96630728     1.4750726     2.5069444     7.9509462     5.0676918      2.793732 )
#  Fit parameters:
#    -0.865668843671849   -1.00464537186459    -1.15892254500952    -0.500534687289232   -1.4189335940112      0.139071571440462    3.10761053473521    -19.0394140113044    -19.0996499016468    
#----------------------------------------------------------------------------------
# Restarting:              yes
#  - absolute improvement: 18.225228880898       
#  - relative improvement: 0.0252477343472102    
#  - m2lnL_1  :            721.856014098623      
#  - m2lnL_2  :            703.630785217725      
#----------------------------------------------------------------------------------
# Model fitting. Interating using:
#  - solver:            NLOpt:ln-neldermead
#  - differentiation:   Numerical differentiantion (forward)
#.......................................................................................................
#  Minimum found with precision: |df|/f =  1.00000e-08 and |dx| =  1.00000e-05
#  Elapsed time: 00 days, 00:03:16.1938180
#  iteration            [000947]
#  function evaluations [000949]
#  gradient evaluations [000000]
#  degrees of freedom   [000760]
#  m2lnL     =     702.484640878216 (      682.6649   0.042060923    0.07639349    0.26025472     1.3161858     2.5069444       7.78982     5.4582478     2.3698323 )
#  Fit parameters:
#    -0.808050341441773   -0.962082462427212   -1.12810719503299    -0.431616753667535   -1.05777978104711     0.140676672451496    3.09395394753698    -19.0255970688093    -19.0966655004195    
#----------------------------------------------------------------------------------
# Restarting:              yes
#  - absolute improvement: 1.14614433950931      
#  - relative improvement: 0.00162890021810892   
#  - m2lnL_2  :            703.630785217725      
#  - m2lnL_3  :            702.484640878216      
#----------------------------------------------------------------------------------
# Model fitting. Interating using:
#  - solver:            NLOpt:ln-neldermead
#  - differentiation:   Numerical differentiantion (forward)
#..................................................................................................................................
#  Minimum found with precision: |df|/f =  1.00000e-08 and |dx| =  1.00000e-05
#  Elapsed time: 00 days, 00:03:16.2484610
#  iteration            [001219]
#  function evaluations [001221]
#  gradient evaluations [000000]
#  degrees of freedom   [000760]
#  m2lnL     =     702.281201024445 (     682.57078   0.019789559    0.18309341    0.26317488     1.3489898     2.5069444     7.7897273     5.1689584     2.4297458 )
#  Fit parameters:
#    -0.877648481496049   -0.959448178768711   -1.02765909044664    -0.422285186197586   -1.05103564405733     0.140721731428381    3.09475252434248    -19.0313468836016    -19.1020382502918    
#----------------------------------------------------------------------------------
# Restarting:              yes
#  - absolute improvement: 0.203439853770988     
#  - relative improvement: 0.00028960042957901   
#  - m2lnL_3  :            702.484640878216      
#  - m2lnL_4  :            702.281201024445      
#----------------------------------------------------------------------------------
# Model fitting. Interating using:
#  - solver:            NLOpt:ln-neldermead
#  - differentiation:   Numerical differentiantion (forward)
#....................................
#  Minimum found with precision: |df|/f =  1.00000e-08 and |dx| =  1.00000e-05
#  Elapsed time: 00 days, 00:00:29.9508870
#  iteration            [000275]
#  function evaluations [000277]
#  gradient evaluations [000000]
#  degrees of freedom   [000760]
#  m2lnL     =      702.28112360334 (     682.57117   0.019865619    0.18247683    0.26244242     1.3487792     2.5069444     7.7896457     5.1694041     2.4303926 )
#  Fit parameters:
#    -0.877552665151171   -0.95943384195589    -1.02773780521894    -0.422195758429642   -1.05060392197075     0.140708553472321    3.09486841412837    -19.0314319696512    -19.1019485745282    
#----------------------------------------------------------------------------------
# Restarting:              no
#  - absolute improvement: 7.74211046064011e-05  
#  - relative improvement: 1.10242313895721e-07  
#  - m2lnL_4  :            702.281201024445      
#  - m2lnL_5  :            702.28112360334       
#----------------------------------------------------------------------------------
# Data used:
#   - JLA SNLS3+SDSS Betoule 2014 sys and stat (complete cov)
#   - 6dFGRS -- Beutler (2011), BAO Sample R-Dv
#   - SDSS-DR7-rec -- Padmanabhan (2012), BAO Sample R-Dv
#   - SDSS-DR9-rec -- Anderson (2012), BAO Sample R-Dv
#   - WiggleZ -- Blake (2012), BAO Sample R-Dv
#   - Riess 2008 HST Project sample
#   - Stern 2009 H(z) sample
#   - Moresco 2012 H(z) BC03 sample
#   - WMAP9 distance priors
#----------------------------------------------------------------------------------
# Model[03000]:
#   - NcHICosmo : XCDM - Constant EOS
#----------------------------------------------------------------------------------
# Model parameters
#   -            H0[00]:  70                  [FIXED]
#   -        Omegac[01]:  0.25                [FIXED]
#   -        Omegak[02]:  0                   [FIXED]
#   -       Tgamma0[03]:  2.7245              [FIXED]
#   -            Yp[04]:  0.24                [FIXED]
#   -          ENnu[05]:  3.046               [FIXED]
#   -        Omegab[06]:  0.05                [FIXED]
#   -           w_0[07]: -0.877552665151171   [FREE]
#   -           w_1[08]: -0.95943384195589    [FREE]
#   -           w_2[09]: -1.02773780521894    [FREE]
#   -           w_3[10]: -0.422195758429642   [FREE]
#   -           w_4[11]: -1.05060392197075    [FREE]
#----------------------------------------------------------------------------------
# Model[14000]:
#   - NcSNIADistCov : Supernovae Ia Distance Covariance
#----------------------------------------------------------------------------------
# Model parameters
#   -         alpha[00]:  0.140708553472321   [FREE]
#   -          beta[01]:  3.09486841412837    [FREE]
#   -            M1[02]: -19.0314319696512    [FREE]
#   -            M2[03]: -19.1019485745282    [FREE]
#   -  lnsigma_pecz[04]: -7.60021041          [FIXED]
#   -  lnsigma_lens[05]: -2.90042209374967    [FIXED]
#   - lnsigma_int_0[06]: -2.52572864430826    [FIXED]
#   - lnsigma_int_1[07]: -2.22562405185792    [FIXED]
#   - lnsigma_int_2[08]: -2.00991547903123    [FIXED]
#   - lnsigma_int_3[09]: -2.30258509299405    [FIXED]
#----------------------------------------------------------------------------------
# NcmMSet parameters covariance matrix
#                                                 ----------------------------------------------------------------------------------------------------------------------------------------
#   w_0[03000:07] = -0.8776      +/-  0.2131      |  1           | -nan         | -1.055       | -nan         | -nan         | -0.03803     | -0.01412     |  0.5637      |  0.4513      |
#   w_1[03000:08] = -0.9594      +/- -nan         | -nan         | -1           | -nan         |  1.239       |  1.262       | -nan         | -nan         | -nan         | -nan         |
#   w_2[03000:09] = -1.028       +/-  0.2372      | -1.055       | -nan         |  1           | -nan         | -nan         | -0.02368     | -0.08717     |  0.1629      |  0.1117      |
#   w_3[03000:10] = -0.4222      +/- -nan         | -nan         |  1.239       | -nan         | -1           | -1.001       | -nan         | -nan         | -nan         | -nan         |
#   w_4[03000:11] = -1.051       +/- -nan         | -nan         |  1.262       | -nan         | -1.001       | -1           | -nan         | -nan         | -nan         | -nan         |
# alpha[14000:00] =  0.1407      +/-  0.009289    | -0.03803     | -nan         | -0.02368     | -nan         | -nan         |  1           | -0.06011     |  0.1369      | -0.1539      |
#  beta[14000:01] =  3.095       +/-  0.1131      | -0.01412     | -nan         | -0.08717     | -nan         | -nan         | -0.06011     |  1           |  0.1229      |  0.07261     |
#    M1[14000:02] = -19.03       +/-  0.02542     |  0.5637      | -nan         |  0.1629      | -nan         | -nan         |  0.1369      |  0.1229      |  1           |  0.3337      |
#    M2[14000:03] = -19.1        +/-  0.03063     |  0.4513      | -nan         |  0.1117      | -nan         | -nan         | -0.1539      |  0.07261     |  0.3337      |  1           |
#                                                 ----------------------------------------------------------------------------------------------------------------------------------------
