#----------------------------------------------------------------------------------
# Model[03000]:
#   - NcHICosmo : XCDM - Constant EOS
#----------------------------------------------------------------------------------
# Model parameters
#   -            H0[00]:  70                  [FIXED]
#   -        Omegac[01]:  0.25                [FIXED]
#   -        Omegak[02]:  0                   [FIXED]
#   -       Tgamma0[03]:  2.7245              [FIXED]
#   -            Yp[04]:  0.24                [FIXED]
#   -          ENnu[05]:  3.046               [FIXED]
#   -        Omegab[06]:  0.05                [FIXED]
#   -           w_0[07]: -1                   [FIXED]
#   -           w_1[08]: -1                   [FIXED]
#   -           w_2[09]: -1                   [FIXED]
#----------------------------------------------------------------------------------
# Model[14000]:
#   - NcSNIADistCov : Supernovae Ia Distance Covariance
#----------------------------------------------------------------------------------
# Model parameters
#   -         alpha[00]:  0.145               [FIXED]
#   -          beta[01]:  3.16                [FIXED]
#   -            M1[02]: -19                  [FIXED]
#   -            M2[03]: -19.2                [FIXED]
#   -  lnsigma_pecz[04]: -7.60021041          [FIXED]
#   -  lnsigma_lens[05]: -2.90042209374967    [FIXED]
#   - lnsigma_int_0[06]: -2.52572864430826    [FIXED]
#   - lnsigma_int_1[07]: -2.22562405185792    [FIXED]
#   - lnsigma_int_2[08]: -2.00991547903123    [FIXED]
#   - lnsigma_int_3[09]: -2.30258509299405    [FIXED]
#----------------------------------------------------------------------------------
# Model fitting. Interating using:
#  - solver:            NLOpt:ln-neldermead
#  - differentiation:   Numerical differentiantion (forward)
#..................................................
#  Minimum found with precision: |df|/f =  1.00000e-08 and |dx| =  1.00000e-05
#  Elapsed time: 00 days, 00:01:51.5491450
#  iteration            [000416]
#  function evaluations [000418]
#  gradient evaluations [000000]
#  degrees of freedom   [000762]
#  m2lnL     =       721.8562728106 (     682.81004    0.31312258   0.042091839    0.11613307       1.30554     2.5069444     8.0557511     4.3965379     22.310109 )
#  Fit parameters:
#    -1.05382343135618    -1.02230527874612    -0.95079951880097     0.141465007678622    3.10441368200006    -19.0544660542341    -19.1241779770147    
#----------------------------------------------------------------------------------
# Restarting:              yes
#  - absolute improvement: 32.5971228701464      
#  - relative improvement: 0.0432062776266438    
#  - m2lnL_0  :            754.453395680746      
#  - m2lnL_1  :            721.8562728106        
#----------------------------------------------------------------------------------
# Model fitting. Interating using:
#  - solver:            NLOpt:ln-neldermead
#  - differentiation:   Numerical differentiantion (forward)
#................................................
#  Minimum found with precision: |df|/f =  1.00000e-08 and |dx| =  1.00000e-05
#  Elapsed time: 00 days, 00:01:59.4396540
#  iteration            [000395]
#  function evaluations [000397]
#  gradient evaluations [000000]
#  degrees of freedom   [000762]
#  m2lnL     =     721.827015312493 (      682.8331    0.31012762   0.034971086   0.097772079     1.3047413     2.5069444     8.0642127     4.3862882     22.288863 )
#  Fit parameters:
#    -1.05498832626553    -1.02491592788777    -0.00454479165285623  0.141480511550741    3.10492545118938    -19.0548612758066    -19.124533097715     
#----------------------------------------------------------------------------------
# Restarting:              yes
#  - absolute improvement: 0.0292574981062899    
#  - relative improvement: 4.05309189769505e-05  
#  - m2lnL_1  :            721.8562728106        
#  - m2lnL_2  :            721.827015312493      
#----------------------------------------------------------------------------------
# Model fitting. Interating using:
#  - solver:            NLOpt:ln-neldermead
#  - differentiation:   Numerical differentiantion (forward)
#..........................
#  Minimum found with precision: |df|/f =  1.00000e-08 and |dx| =  1.00000e-05
#  Elapsed time: 00 days, 00:00:46.1895160
#  iteration            [000178]
#  function evaluations [000180]
#  gradient evaluations [000000]
#  degrees of freedom   [000762]
#  m2lnL     =     721.826056292046 (     682.84021    0.30899459   0.033411717    0.09475388     1.3049232     2.5069444     8.0659904     4.3835969     22.287228 )
#  Fit parameters:
#    -1.05573805030827    -1.02530643463858     0                    0.141482089636271    3.10474441232478    -19.0549771580084    -19.1246583172623    
#----------------------------------------------------------------------------------
# Restarting:              no
#  - absolute improvement: 0.00095902044711238   
#  - relative improvement: 1.32860148867828e-06  
#  - m2lnL_2  :            721.827015312493      
#  - m2lnL_3  :            721.826056292046      
#----------------------------------------------------------------------------------
# Data used:
#   - JLA SNLS3+SDSS Betoule 2014 sys and stat (complete cov)
#   - 6dFGRS -- Beutler (2011), BAO Sample R-Dv
#   - SDSS-DR7-rec -- Padmanabhan (2012), BAO Sample R-Dv
#   - SDSS-DR9-rec -- Anderson (2012), BAO Sample R-Dv
#   - WiggleZ -- Blake (2012), BAO Sample R-Dv
#   - Riess 2008 HST Project sample
#   - Stern 2009 H(z) sample
#   - Moresco 2012 H(z) BC03 sample
#   - WMAP9 distance priors
#----------------------------------------------------------------------------------
# Model[03000]:
#   - NcHICosmo : XCDM - Constant EOS
#----------------------------------------------------------------------------------
# Model parameters
#   -            H0[00]:  70                  [FIXED]
#   -        Omegac[01]:  0.25                [FIXED]
#   -        Omegak[02]:  0                   [FIXED]
#   -       Tgamma0[03]:  2.7245              [FIXED]
#   -            Yp[04]:  0.24                [FIXED]
#   -          ENnu[05]:  3.046               [FIXED]
#   -        Omegab[06]:  0.05                [FIXED]
#   -           w_0[07]: -1.05573805030827    [FREE]
#   -           w_1[08]: -1.02530643463858    [FREE]
#   -           w_2[09]:  0                   [FREE]
#----------------------------------------------------------------------------------
# Model[14000]:
#   - NcSNIADistCov : Supernovae Ia Distance Covariance
#----------------------------------------------------------------------------------
# Model parameters
#   -         alpha[00]:  0.141482089636271   [FREE]
#   -          beta[01]:  3.10474441232478    [FREE]
#   -            M1[02]: -19.0549771580084    [FREE]
#   -            M2[03]: -19.1246583172623    [FREE]
#   -  lnsigma_pecz[04]: -7.60021041          [FIXED]
#   -  lnsigma_lens[05]: -2.90042209374967    [FIXED]
#   - lnsigma_int_0[06]: -2.52572864430826    [FIXED]
#   - lnsigma_int_1[07]: -2.22562405185792    [FIXED]
#   - lnsigma_int_2[08]: -2.00991547903123    [FIXED]
#   - lnsigma_int_3[09]: -2.30258509299405    [FIXED]
#----------------------------------------------------------------------------------
# NcmMSet parameters covariance matrix
#                                                 ----------------------------------------------------------------------------------------------------------
#   w_0[03000:07] = -1.056       +/-  0.1401      |  1           |  0.9843      | -nan         | -0.06367     | -0.08718     |  0.6358      |  0.543       |
#   w_1[03000:08] = -1.025       +/-  0.06931     |  0.9843      |  1           | -nan         | -0.06367     | -0.08769     |  0.6345      |  0.5418      |
#   w_2[03000:09] =  0           +/- -nan         | -nan         | -nan         | -1           | -nan         | -nan         | -nan         | -nan         |
# alpha[14000:00] =  0.1415      +/-  0.009322    | -0.06367     | -0.06367     | -nan         |  1           | -0.05318     |  0.06923     | -0.1653      |
#  beta[14000:01] =  3.105       +/-  0.1139      | -0.08718     | -0.08769     | -nan         | -0.05318     |  1           |  0.03272     |  0.007367    |
#    M1[14000:02] = -19.05       +/-  0.03197     |  0.6358      |  0.6345      | -nan         |  0.06923     |  0.03272     |  1           |  0.5358      |
#    M2[14000:03] = -19.12       +/-  0.03559     |  0.543       |  0.5418      | -nan         | -0.1653      |  0.007367    |  0.5358      |  1           |
#                                                 ----------------------------------------------------------------------------------------------------------
