#----------------------------------------------------------------------------------
# Model fitting. Interating using:
#  - solver:            NLOpt:ln-neldermead
#  - differentiation:   Numerical differentiantion (forward)
#.........................................................................................................
#  Minimum found with precision: |df|/f =  1.00000e-08 and |dx| =  1.00000e-05
#  Elapsed time: 00 days, 00:00:14.5769150
#  iteration            [000963]
#  function evaluations [000965]
#  gradient evaluations [000000]
#  degrees of freedom   [001693]
#  m2lnL     =     1492.46329410797 (      1462.679    0.10443581    0.89328726     1.7793226     4.0624077    0.17615953    0.78216218     1.5105693     2.7181336     17.757808 )
#  Fit parameters:
#     0.274516101683711   -0.844006788238567   -0.919916214283369   -0.825605274159694   -1.47159610477474    -1.9405913456874      0.117085629809614   -19.3441481301464    
#----------------------------------------------------------------------------------
# Restarting:              yes
#  - absolute improvement: 888.963621221959      
#  - relative improvement: 0.373290322495075     
#  - m2lnL_0  :            2381.42691532993      
#  - m2lnL_1  :            1492.46329410797      
#----------------------------------------------------------------------------------
# Model fitting. Interating using:
#  - solver:            NLOpt:ln-neldermead
#  - differentiation:   Numerical differentiantion (forward)
#.........................................................................................................................
#  Minimum found with precision: |df|/f =  1.00000e-08 and |dx| =  1.00000e-05
#  Elapsed time: 00 days, 00:00:21.3404180
#  iteration            [001121]
#  function evaluations [001123]
#  gradient evaluations [000000]
#  degrees of freedom   [001693]
#  m2lnL     =     1483.92132566086 (     1455.3479   0.011263486     1.3036314     1.2597142     2.3862015    0.46721616    0.94003894     1.1302622     1.9261629     19.148955 )
#  Fit parameters:
#     0.251958588931287    0.0156108910353663  -1.10301531523101    -0.668634310548746   -0.939380238860148   -1.11829208828778     0.0566038869799808  -19.316333324493     
#----------------------------------------------------------------------------------
# Restarting:              yes
#  - absolute improvement: 8.54196844710918      
#  - relative improvement: 0.0057234026999737    
#  - m2lnL_1  :            1492.46329410797      
#  - m2lnL_2  :            1483.92132566086      
#----------------------------------------------------------------------------------
# Model fitting. Interating using:
#  - solver:            NLOpt:ln-neldermead
#  - differentiation:   Numerical differentiantion (forward)
#.......................
#  Minimum found with precision: |df|/f =  1.00000e-08 and |dx| =  1.00000e-05
#  Elapsed time: 00 days, 00:00:02.7627610
#  iteration            [000145]
#  function evaluations [000147]
#  gradient evaluations [000000]
#  degrees of freedom   [001693]
#  m2lnL     =     1483.92132503206 (     1455.3464   0.011245498     1.3039921     1.2592047     2.3865373    0.46730868    0.94007267     1.1295814     1.9264015     19.150573 )
#  Fit parameters:
#     0.251952140926808    0.0158252528384082  -1.10300586141312    -0.668694299720287   -0.939271884333326   -1.1177657066306      0.0565567934351435  -19.3163218089524    
#----------------------------------------------------------------------------------
# Restarting:              no
#  - absolute improvement: 6.2879485085432e-07   
#  - relative improvement: 4.23738671303405e-10  
#  - m2lnL_2  :            1483.92132566086      
#  - m2lnL_3  :            1483.92132503206      
#----------------------------------------------------------------------------------
# Data used:
#   - Pantheon+SH0ES Sample STAT+SYS (2022)
#   - 6dFGRS -- Beutler (2011), BAO Sample R-Dv
#   - SDSS-DR7-lowz -- Ross (2015), Empirical m2lnp
#   - SDSS DR12 (final consensus) -- Ross et al. (2016), arXiv:1607.03145; Alam
#        et al. (2016), arXiv:1607.03155; BAO Sample(D_t / r_sd, DH / r_sd) --
#        DR16 Compatible
#   - SDSS DR16 -- Alam et al., PRD 103, 083533 (2021); BAO LRG Sample(D_t /
#        r_sd, DH / r_sd)
#   - SDSS DR16 -- Alam et al., PRD 103, 083533 (2021); BAO QSO Sample(D_t /
#        r_sd, DH / r_sd)
#   - SDSS DR16 -- Alam et al., PRD 103, 083533 (2021) -- BAO ELG Sample,
#        Empirical m2lnp
#   - SDSS DR16 -- Alam et al., PRD 103, 083533 (2021) -- BAO Lyman alpha
#        autocorrelation Sample, Empirical m2lnp
#   - SDSS DR16 -- Alam et al., PRD 103, 083533 (2021) -- BAO Lyman alpha QSO
#        cross-correlation Sample, Empirical m2lnp
#   - Gomez-Valent 2018 -- arXiv:1802.01505
#----------------------------------------------------------------------------------
# Model[03000]:
#   - NcHICosmo : XCDM - Constant EOS
#----------------------------------------------------------------------------------
# Model parameters
#   -           H0[00]:  70                  [FIXED]
#   -       Omegac[01]:  0.251952140926808   [FREE]
#   -       Omegak[02]:  0                   [FIXED]
#   -      Tgamma0[03]:  2.7245              [FIXED]
#   -           Yp[04]:  0.24                [FIXED]
#   -         ENnu[05]:  3.046               [FIXED]
#   -       Omegab[06]:  0.05                [FIXED]
#   -          w_0[07]:  0.0158252528384082  [FREE]
#   -          w_1[08]: -1.10300586141312    [FREE]
#   -          w_2[09]: -0.668694299720287   [FREE]
#   -          w_3[10]: -0.939271884333326   [FREE]
#   -          w_4[11]: -1.1177657066306     [FREE]
#   -          w_5[12]:  0.0565567934351435  [FREE]
#----------------------------------------------------------------------------------
# Model[14000]:
#   - NcSNIADistCov : Supernovae Ia Distance Covariance
#----------------------------------------------------------------------------------
# Model parameters
#   -        alpha[00]:  0                   [FIXED]
#   -         beta[01]:  0                   [FIXED]
#   -           M1[02]: -19.3163218089524    [FREE]
#   -           M2[03]: -19.25               [FIXED]
#   - lnsigma_pecz[04]: -34.5387763949107    [FIXED]
#   - lnsigma_lens[05]: -34.5387763949107    [FIXED]
#----------------------------------------------------------------------------------
# NcmMSet parameters covariance matrix
#                                                  -------------------------------------------------------------------------------------------------------------------------
# Omegac[03000:01] =  0.252       +/- -nan         | -1           | -1.008       |  1.001       |  1.085       |  1.002       |  1           | -1.001       | -1.012       |
#    w_0[03000:07] =  0.01583     +/- -nan         | -1.008       | -1           |  1.005       |  1.127       |  1.007       |  1.008       | -1.01        | -1.003       |
#    w_1[03000:08] = -1.103       +/- -nan         |  1.001       |  1.005       | -1           | -1.088       | -1.004       | -1.001       |  1.002       |  1.01        |
#    w_2[03000:09] = -0.6687      +/- -nan         |  1.085       |  1.127       | -1.088       | -1           | -1.102       | -1.085       |  1.079       |  1.125       |
#    w_3[03000:10] = -0.9393      +/- -nan         |  1.002       |  1.007       | -1.004       | -1.102       | -1           | -1.002       |  1.004       |  1.013       |
#    w_4[03000:11] = -1.118       +/- -nan         |  1           |  1.008       | -1.001       | -1.085       | -1.002       | -1           |  1           |  1.013       |
#    w_5[03000:12] =  0.05656     +/- -nan         | -1.001       | -1.01        |  1.002       |  1.079       |  1.004       |  1           | -1           | -1.014       |
#     M1[14000:02] = -19.32       +/- -nan         | -1.012       | -1.003       |  1.01        |  1.125       |  1.013       |  1.013       | -1.014       | -1           |
#                                                  -------------------------------------------------------------------------------------------------------------------------
