#----------------------------------------------------------------------------------
# Model fitting. Interating using:
#  - solver:            NLOpt:ln-neldermead
#  - differentiation:   Numerical differentiantion (forward)
#.............................................................................................................................................
#  Minimum found with precision: |df|/f =  1.00000e-08 and |dx| =  1.00000e-05
#  Elapsed time: 00 days, 00:00:23.6486510
#  iteration            [001327]
#  function evaluations [001329]
#  gradient evaluations [000000]
#  degrees of freedom   [001692]
#  m2lnL     =     1485.69554717559 (     1456.5938   0.032465379     1.1544237     1.5128675     3.2758871    0.30433019    0.86552638     1.3085931     2.3453179     18.302364 )
#  Fit parameters:
#     0.277337914684809   -0.246474952470366   -1.04465889635349    -0.800676643040948   -1.01809817402998    -1.49679223263518    -2.16679784929539     0.153273309450926   -19.3253592257524    
#----------------------------------------------------------------------------------
# Restarting:              yes
#  - absolute improvement: 895.73136815434       
#  - relative improvement: 0.37613220980592      
#  - m2lnL_0  :            2381.42691532993      
#  - m2lnL_1  :            1485.69554717559      
#----------------------------------------------------------------------------------
# Model fitting. Interating using:
#  - solver:            NLOpt:ln-neldermead
#  - differentiation:   Numerical differentiantion (forward)
#.............................................................................................................................................................................................................................................................................
#  Minimum found with precision: |df|/f =  1.00000e-08 and |dx| =  1.00000e-05
#  Elapsed time: 00 days, 00:00:52.9919720
#  iteration            [002602]
#  function evaluations [002604]
#  gradient evaluations [000000]
#  degrees of freedom   [001692]
#  m2lnL     =     1483.52849594393 (     1454.8343  0.0091066191     1.2697624      1.415146     2.7226158      0.550286    0.93417675     1.0143667     1.6501558     19.128599 )
#  Fit parameters:
#     0.177155338187164    0.160867034044788   -0.914464925089899   -0.540474228637241   -0.65126075246305    -0.622210598718022   -0.437146353850797    0.0255819319000643  -19.3129399980859    
#----------------------------------------------------------------------------------
# Restarting:              yes
#  - absolute improvement: 2.16705123165821      
#  - relative improvement: 0.00145861057184827   
#  - m2lnL_1  :            1485.69554717559      
#  - m2lnL_2  :            1483.52849594393      
#----------------------------------------------------------------------------------
# Model fitting. Interating using:
#  - solver:            NLOpt:ln-neldermead
#  - differentiation:   Numerical differentiantion (forward)
#..........................
#  Minimum found with precision: |df|/f =  1.00000e-08 and |dx| =  1.00000e-05
#  Elapsed time: 00 days, 00:00:03.6501010
#  iteration            [000175]
#  function evaluations [000177]
#  gradient evaluations [000000]
#  degrees of freedom   [001692]
#  m2lnL     =     1483.52841901593 (     1454.8273  0.0090580871     1.2708657      1.414232      2.726474     0.5497931    0.93403465     1.0159983     1.6495689      19.13111 )
#  Fit parameters:
#     0.176967907636031    0.16118205699747    -0.914045222355838   -0.540313220318302   -0.651289223755281   -0.621657744391224   -0.43659210393567     0.0255732454795504  -19.3129216965058    
#----------------------------------------------------------------------------------
# Restarting:              no
#  - absolute improvement: 7.69280020449514e-05  
#  - relative improvement: 5.18547518671047e-08  
#  - m2lnL_2  :            1483.52849594393      
#  - m2lnL_3  :            1483.52841901593      
#----------------------------------------------------------------------------------
# Data used:
#   - Pantheon+SH0ES Sample STAT+SYS (2022)
#   - 6dFGRS -- Beutler (2011), BAO Sample R-Dv
#   - SDSS-DR7-lowz -- Ross (2015), Empirical m2lnp
#   - SDSS DR12 (final consensus) -- Ross et al. (2016), arXiv:1607.03145; Alam
#        et al. (2016), arXiv:1607.03155; BAO Sample(D_t / r_sd, DH / r_sd) --
#        DR16 Compatible
#   - SDSS DR16 -- Alam et al., PRD 103, 083533 (2021); BAO LRG Sample(D_t /
#        r_sd, DH / r_sd)
#   - SDSS DR16 -- Alam et al., PRD 103, 083533 (2021); BAO QSO Sample(D_t /
#        r_sd, DH / r_sd)
#   - SDSS DR16 -- Alam et al., PRD 103, 083533 (2021) -- BAO ELG Sample,
#        Empirical m2lnp
#   - SDSS DR16 -- Alam et al., PRD 103, 083533 (2021) -- BAO Lyman alpha
#        autocorrelation Sample, Empirical m2lnp
#   - SDSS DR16 -- Alam et al., PRD 103, 083533 (2021) -- BAO Lyman alpha QSO
#        cross-correlation Sample, Empirical m2lnp
#   - Gomez-Valent 2018 -- arXiv:1802.01505
#----------------------------------------------------------------------------------
# Model[03000]:
#   - NcHICosmo : XCDM - Constant EOS
#----------------------------------------------------------------------------------
# Model parameters
#   -           H0[00]:  70                  [FIXED]
#   -       Omegac[01]:  0.176967907636031   [FREE]
#   -       Omegak[02]:  0                   [FIXED]
#   -      Tgamma0[03]:  2.7245              [FIXED]
#   -           Yp[04]:  0.24                [FIXED]
#   -         ENnu[05]:  3.046               [FIXED]
#   -       Omegab[06]:  0.05                [FIXED]
#   -          w_0[07]:  0.16118205699747    [FREE]
#   -          w_1[08]: -0.914045222355838   [FREE]
#   -          w_2[09]: -0.540313220318302   [FREE]
#   -          w_3[10]: -0.651289223755281   [FREE]
#   -          w_4[11]: -0.621657744391224   [FREE]
#   -          w_5[12]: -0.43659210393567    [FREE]
#   -          w_6[13]:  0.0255732454795504  [FREE]
#----------------------------------------------------------------------------------
# Model[14000]:
#   - NcSNIADistCov : Supernovae Ia Distance Covariance
#----------------------------------------------------------------------------------
# Model parameters
#   -        alpha[00]:  0                   [FIXED]
#   -         beta[01]:  0                   [FIXED]
#   -           M1[02]: -19.3129216965058    [FREE]
#   -           M2[03]: -19.25               [FIXED]
#   - lnsigma_pecz[04]: -34.5387763949107    [FIXED]
#   - lnsigma_lens[05]: -34.5387763949107    [FIXED]
#----------------------------------------------------------------------------------
# NcmMSet parameters covariance matrix
#                                                  ----------------------------------------------------------------------------------------------------------------------------------------
# Omegac[03000:01] =  0.177       +/- -nan         | -1           | -1.002       |  1           |  1           |  1           |  1           |  1           | -1           | -1.004       |
#    w_0[03000:07] =  0.1612      +/- -nan         | -1.002       | -1           |  1.002       |  1.003       |  1.002       |  1.002       |  1.002       | -1.002       | -1.001       |
#    w_1[03000:08] = -0.914       +/- -nan         |  1           |  1.002       | -1           | -1           | -1           | -1           | -1           |  1           |  1.004       |
#    w_2[03000:09] = -0.5403      +/- -nan         |  1           |  1.003       | -1           | -1           | -1.001       | -1           | -1           |  1.001       |  1.006       |
#    w_3[03000:10] = -0.6513      +/- -nan         |  1           |  1.002       | -1           | -1.001       | -1           | -1           | -1           |  1           |  1.004       |
#    w_4[03000:11] = -0.6217      +/- -nan         |  1           |  1.002       | -1           | -1           | -1           | -1           | -1           |  1           |  1.004       |
#    w_5[03000:12] = -0.4366      +/- -nan         |  1           |  1.002       | -1           | -1           | -1           | -1           | -1           |  1           |  1.004       |
#    w_6[03000:13] =  0.02557     +/- -nan         | -1           | -1.002       |  1           |  1.001       |  1           |  1           |  1           | -1           | -1.004       |
#     M1[14000:02] = -19.31       +/- -nan         | -1.004       | -1.001       |  1.004       |  1.006       |  1.004       |  1.004       |  1.004       | -1.004       | -1           |
#                                                  ----------------------------------------------------------------------------------------------------------------------------------------
