#----------------------------------------------------------------------------------
# Model fitting. Interating using:
#  - solver:            NLOpt:ln-neldermead
#  - differentiation:   Numerical differentiantion (forward)
#....................................................................................................................
#  Minimum found with precision: |df|/f =  1.00000e-08 and |dx| =  1.00000e-05
#  Elapsed time: 00 days, 00:00:23.2766770
#  iteration            [001079]
#  function evaluations [001081]
#  gradient evaluations [000000]
#  degrees of freedom   [001694]
#  m2lnL     =     1494.43726636814 (     1457.3501  0.0037649607     1.8376545    0.94205216     3.3407192    0.37765935    0.90359842      4.631573     6.5712951     18.478874 )
#  Fit parameters:
#     0.30393089276872    -0.283865466985788   -1.22966847280315    -0.889124749692952   -4.99983246297524    -4.99900540619189    -19.329500657685     
#----------------------------------------------------------------------------------
# Restarting:              yes
#  - absolute improvement: 886.989648961784      
#  - relative improvement: 0.372461419349877     
#  - m2lnL_0  :            2381.42691532993      
#  - m2lnL_1  :            1494.43726636814      
#----------------------------------------------------------------------------------
# Model fitting. Interating using:
#  - solver:            NLOpt:ln-neldermead
#  - differentiation:   Numerical differentiantion (forward)
#...................................................................................................................
#  Minimum found with precision: |df|/f =  1.00000e-08 and |dx| =  1.00000e-05
#  Elapsed time: 00 days, 00:00:30.6653760
#  iteration            [001063]
#  function evaluations [001065]
#  gradient evaluations [000000]
#  degrees of freedom   [001694]
#  m2lnL     =     1489.44570566996 (     1457.0355  0.0015570793     1.4806026     1.5368066     2.6900226   0.041236788    0.76556843      2.526381     4.2362888     19.131751 )
#  Fit parameters:
#     0.299088605684815    0.0432524069809326  -1.3046233141801     -0.809390381139919   -4.99661398552525     0.853462390300761   -19.3199095420593    
#----------------------------------------------------------------------------------
# Restarting:              yes
#  - absolute improvement: 4.99156069817855      
#  - relative improvement: 0.00334009383365372   
#  - m2lnL_1  :            1494.43726636814      
#  - m2lnL_2  :            1489.44570566996      
#----------------------------------------------------------------------------------
# Model fitting. Interating using:
#  - solver:            NLOpt:ln-neldermead
#  - differentiation:   Numerical differentiantion (forward)
#.................................................
#  Minimum found with precision: |df|/f =  1.00000e-08 and |dx| =  1.00000e-05
#  Elapsed time: 00 days, 00:00:12.1689700
#  iteration            [000407]
#  function evaluations [000409]
#  gradient evaluations [000000]
#  degrees of freedom   [001694]
#  m2lnL     =     1486.29803059704 (     1454.5355   0.020589475     1.2263335     1.3077511     2.3567568    0.33798567    0.83252035     1.8112277     3.1084757     20.760932 )
#  Fit parameters:
#     0.289651286060729   -0.0295693773828973  -1.19873998384552    -0.678738763203787   -4.913835230481       0.870273688560756   -19.3173265548481    
#----------------------------------------------------------------------------------
# Restarting:              yes
#  - absolute improvement: 3.14767507292208      
#  - relative improvement: 0.00211331978127141   
#  - m2lnL_2  :            1489.44570566996      
#  - m2lnL_3  :            1486.29803059704      
#----------------------------------------------------------------------------------
# Model fitting. Interating using:
#  - solver:            NLOpt:ln-neldermead
#  - differentiation:   Numerical differentiantion (forward)
#............................................
#  Minimum found with precision: |df|/f =  1.00000e-08 and |dx| =  1.00000e-05
#  Elapsed time: 00 days, 00:00:10.7401930
#  iteration            [000357]
#  function evaluations [000359]
#  gradient evaluations [000000]
#  degrees of freedom   [001694]
#  m2lnL     =     1486.29191873968 (     1454.4612   0.020358135     1.2255979     1.3105824      2.369865    0.33144179    0.82715724      1.821236     3.1198571     20.804631 )
#  Fit parameters:
#     0.289773878886771   -0.019869907300345   -1.2001746376297     -0.674377570203682   -4.99954225565817     0.884473376802817   -19.3170882407166    
#----------------------------------------------------------------------------------
# Restarting:              yes
#  - absolute improvement: 0.00611185736602238   
#  - relative improvement: 4.1121344711513e-06   
#  - m2lnL_3  :            1486.29803059704      
#  - m2lnL_4  :            1486.29191873968      
#----------------------------------------------------------------------------------
# Model fitting. Interating using:
#  - solver:            NLOpt:ln-neldermead
#  - differentiation:   Numerical differentiantion (forward)
#.......................
#  Minimum found with precision: |df|/f =  1.00000e-08 and |dx| =  1.00000e-05
#  Elapsed time: 00 days, 00:00:04.2188570
#  iteration            [000142]
#  function evaluations [000144]
#  gradient evaluations [000000]
#  degrees of freedom   [001694]
#  m2lnL     =     1486.29185620044 (     1454.4607   0.020607782     1.2233969     1.3138793     2.3688736    0.32942111    0.82673958     1.8224054     3.1229202     20.802946 )
#  Fit parameters:
#     0.289834056907946   -0.0204828260805131  -1.20007330169628    -0.674739202548281   -5                    0.884369457461713   -19.3170977764334    
#----------------------------------------------------------------------------------
# Restarting:              no
#  - absolute improvement: 6.2539232430936e-05   
#  - relative improvement: 4.20773548200189e-08  
#  - m2lnL_4  :            1486.29191873968      
#  - m2lnL_5  :            1486.29185620044      
#----------------------------------------------------------------------------------
# Data used:
#   - Pantheon+SH0ES Sample STAT+SYS (2022)
#   - 6dFGRS -- Beutler (2011), BAO Sample R-Dv
#   - SDSS-DR7-lowz -- Ross (2015), Empirical m2lnp
#   - SDSS DR12 (final consensus) -- Ross et al. (2016), arXiv:1607.03145; Alam
#        et al. (2016), arXiv:1607.03155; BAO Sample(D_t / r_sd, DH / r_sd) --
#        DR16 Compatible
#   - SDSS DR16 -- Alam et al., PRD 103, 083533 (2021); BAO LRG Sample(D_t /
#        r_sd, DH / r_sd)
#   - SDSS DR16 -- Alam et al., PRD 103, 083533 (2021); BAO QSO Sample(D_t /
#        r_sd, DH / r_sd)
#   - SDSS DR16 -- Alam et al., PRD 103, 083533 (2021) -- BAO ELG Sample,
#        Empirical m2lnp
#   - SDSS DR16 -- Alam et al., PRD 103, 083533 (2021) -- BAO Lyman alpha
#        autocorrelation Sample, Empirical m2lnp
#   - SDSS DR16 -- Alam et al., PRD 103, 083533 (2021) -- BAO Lyman alpha QSO
#        cross-correlation Sample, Empirical m2lnp
#   - Gomez-Valent 2018 -- arXiv:1802.01505
#----------------------------------------------------------------------------------
# Model[03000]:
#   - NcHICosmo : XCDM - Constant EOS
#----------------------------------------------------------------------------------
# Model parameters
#   -           H0[00]:  70                  [FIXED]
#   -       Omegac[01]:  0.289834056907946   [FREE]
#   -       Omegak[02]:  0                   [FIXED]
#   -      Tgamma0[03]:  2.7245              [FIXED]
#   -           Yp[04]:  0.24                [FIXED]
#   -         ENnu[05]:  3.046               [FIXED]
#   -       Omegab[06]:  0.05                [FIXED]
#   -          w_0[07]: -0.0204828260805131  [FREE]
#   -          w_1[08]: -1.20007330169628    [FREE]
#   -          w_2[09]: -0.674739202548281   [FREE]
#   -          w_3[10]: -5                   [FREE]
#   -          w_4[11]:  0.884369457461713   [FREE]
#----------------------------------------------------------------------------------
# Model[14000]:
#   - NcSNIADistCov : Supernovae Ia Distance Covariance
#----------------------------------------------------------------------------------
# Model parameters
#   -        alpha[00]:  0                   [FIXED]
#   -         beta[01]:  0                   [FIXED]
#   -           M1[02]: -19.3170977764334    [FREE]
#   -           M2[03]: -19.25               [FIXED]
#   - lnsigma_pecz[04]: -34.5387763949107    [FIXED]
#   - lnsigma_lens[05]: -34.5387763949107    [FIXED]
#----------------------------------------------------------------------------------
# NcmMSet parameters covariance matrix
#                                                  ----------------------------------------------------------------------------------------------------------
# Omegac[03000:01] =  0.2898      +/-  0.01221     |  1           |  0.1605      | -0.08666     |  0.009208    | -0.2469      |  0.2382      |  0.1975      |
#    w_0[03000:07] = -0.02048     +/-  0.2624      |  0.1605      |  1           | -0.6295      |  0.3015      |  0.02402     |  0.06032     |  0.8032      |
#    w_1[03000:08] = -1.2         +/-  0.1266      | -0.08666     | -0.6295      |  1           |  0.2192      | -0.6515      |  0.6004      | -0.5143      |
#    w_2[03000:09] = -0.6747      +/-  0.1642      |  0.009208    |  0.3015      |  0.2192      |  1           | -0.5576      |  0.6261      | -0.0106      |
#    w_3[03000:10] = -5           +/-  3.646       | -0.2469      |  0.02402     | -0.6515      | -0.5576      |  1           | -0.9943      |  0.266       |
#    w_4[03000:11] =  0.8844      +/-  0.5311      |  0.2382      |  0.06032     |  0.6004      |  0.6261      | -0.9943      |  1           | -0.2073      |
#     M1[14000:02] = -19.32       +/-  0.01236     |  0.1975      |  0.8032      | -0.5143      | -0.0106      |  0.266       | -0.2073      |  1           |
#                                                  ----------------------------------------------------------------------------------------------------------
