#----------------------------------------------------------------------------------
# Model fitting. Interating using:
#  - solver:            NLOpt:ln-neldermead
#  - differentiation:   Numerical differentiantion (forward)
#....................................................................................................................................................................
#  Minimum found with precision: |df|/f =  1.00000e-08 and |dx| =  1.00000e-05
#  Elapsed time: 00 days, 00:00:27.9840820
#  iteration            [001556]
#  function evaluations [001558]
#  gradient evaluations [000000]
#  degrees of freedom   [001689]
#  m2lnL     =     1489.53163038156 (      1462.893   0.011751784     1.6494915     1.2703876     2.1041983    0.63502524    0.97320542      1.053817     2.1345167     16.806279 )
#  Fit parameters:
#     0.261903775671662   -1.11601778521811    -1.30386545811373    -1.29867782365629    -0.747704046636098   -0.769359016665299   -0.783265536712372   -1.10009832047522    -1.86648507367237    -0.928646067869789    0.0599105341926819  -19.3421545647338    
#----------------------------------------------------------------------------------
# Restarting:              yes
#  - absolute improvement: 891.895284948367      
#  - relative improvement: 0.374521375905757     
#  - m2lnL_0  :            2381.42691532993      
#  - m2lnL_1  :            1489.53163038156      
#----------------------------------------------------------------------------------
# Model fitting. Interating using:
#  - solver:            NLOpt:ln-neldermead
#  - differentiation:   Numerical differentiantion (forward)
#...........................................................................................................................................................................................................................................................................................................
#  Minimum found with precision: |df|/f =  1.00000e-08 and |dx| =  1.00000e-05
#  Elapsed time: 00 days, 00:01:05.0808010
#  iteration            [002901]
#  function evaluations [002903]
#  gradient evaluations [000000]
#  degrees of freedom   [001689]
#  m2lnL     =     1483.05377848567 (     1455.1112  0.0097097571     1.2429961    0.95782264     3.2691894    0.70216335    0.89259169    0.98731922     1.5929112     18.287849 )
#  Fit parameters:
#     0.262562677057509    0.405581897451973   -0.962090656086717   -0.831258578400518   -0.959363065809349   -0.409171222051342   -1.47778384641312    -0.456555576256392   -1.47800106647777    -1.44664630525188     0.0838661705626949  -19.3089998789123    
#----------------------------------------------------------------------------------
# Restarting:              yes
#  - absolute improvement: 6.47785189589354      
#  - relative improvement: 0.00434891865588256   
#  - m2lnL_1  :            1489.53163038156      
#  - m2lnL_2  :            1483.05377848567      
#----------------------------------------------------------------------------------
# Model fitting. Interating using:
#  - solver:            NLOpt:ln-neldermead
#  - differentiation:   Numerical differentiantion (forward)
#............................
#  Minimum found with precision: |df|/f =  1.00000e-08 and |dx| =  1.00000e-05
#  Elapsed time: 00 days, 00:00:04.6064960
#  iteration            [000195]
#  function evaluations [000197]
#  gradient evaluations [000000]
#  degrees of freedom   [001689]
#  m2lnL     =     1483.05373797447 (     1455.1098  0.0096628809     1.2434927    0.95731106     3.2723804     0.7012373    0.89223558    0.98682669     1.5937125     18.287076 )
#  Fit parameters:
#     0.262564707424888    0.406078389621296   -0.962169169037131   -0.831222468227587   -0.959348959547836   -0.409686895310712   -1.47824269281505    -0.456834960935839   -1.47601055445905    -1.44596619915634     0.0838189934168619  -19.3090134855678    
#----------------------------------------------------------------------------------
# Restarting:              no
#  - absolute improvement: 4.05111943564407e-05  
#  - relative improvement: 2.73160656370845e-08  
#  - m2lnL_2  :            1483.05377848567      
#  - m2lnL_3  :            1483.05373797447      
#----------------------------------------------------------------------------------
# Data used:
#   - Pantheon+SH0ES Sample STAT+SYS (2022)
#   - 6dFGRS -- Beutler (2011), BAO Sample R-Dv
#   - SDSS-DR7-lowz -- Ross (2015), Empirical m2lnp
#   - SDSS DR12 (final consensus) -- Ross et al. (2016), arXiv:1607.03145; Alam
#        et al. (2016), arXiv:1607.03155; BAO Sample(D_t / r_sd, DH / r_sd) --
#        DR16 Compatible
#   - SDSS DR16 -- Alam et al., PRD 103, 083533 (2021); BAO LRG Sample(D_t /
#        r_sd, DH / r_sd)
#   - SDSS DR16 -- Alam et al., PRD 103, 083533 (2021); BAO QSO Sample(D_t /
#        r_sd, DH / r_sd)
#   - SDSS DR16 -- Alam et al., PRD 103, 083533 (2021) -- BAO ELG Sample,
#        Empirical m2lnp
#   - SDSS DR16 -- Alam et al., PRD 103, 083533 (2021) -- BAO Lyman alpha
#        autocorrelation Sample, Empirical m2lnp
#   - SDSS DR16 -- Alam et al., PRD 103, 083533 (2021) -- BAO Lyman alpha QSO
#        cross-correlation Sample, Empirical m2lnp
#   - Gomez-Valent 2018 -- arXiv:1802.01505
#----------------------------------------------------------------------------------
# Model[03000]:
#   - NcHICosmo : XCDM - Constant EOS
#----------------------------------------------------------------------------------
# Model parameters
#   -           H0[00]:  70                  [FIXED]
#   -       Omegac[01]:  0.262564707424888   [FREE]
#   -       Omegak[02]:  0                   [FIXED]
#   -      Tgamma0[03]:  2.7245              [FIXED]
#   -           Yp[04]:  0.24                [FIXED]
#   -         ENnu[05]:  3.046               [FIXED]
#   -       Omegab[06]:  0.05                [FIXED]
#   -          w_0[07]:  0.406078389621296   [FREE]
#   -          w_1[08]: -0.962169169037131   [FREE]
#   -          w_2[09]: -0.831222468227587   [FREE]
#   -          w_3[10]: -0.959348959547836   [FREE]
#   -          w_4[11]: -0.409686895310712   [FREE]
#   -          w_5[12]: -1.47824269281505    [FREE]
#   -          w_6[13]: -0.456834960935839   [FREE]
#   -          w_7[14]: -1.47601055445905    [FREE]
#   -          w_8[15]: -1.44596619915634    [FREE]
#   -          w_9[16]:  0.0838189934168619  [FREE]
#----------------------------------------------------------------------------------
# Model[14000]:
#   - NcSNIADistCov : Supernovae Ia Distance Covariance
#----------------------------------------------------------------------------------
# Model parameters
#   -        alpha[00]:  0                   [FIXED]
#   -         beta[01]:  0                   [FIXED]
#   -           M1[02]: -19.3090134855678    [FREE]
#   -           M2[03]: -19.25               [FIXED]
#   - lnsigma_pecz[04]: -34.5387763949107    [FIXED]
#   - lnsigma_lens[05]: -34.5387763949107    [FIXED]
#----------------------------------------------------------------------------------
# NcmMSet parameters covariance matrix
#                                                  -------------------------------------------------------------------------------------------------------------------------------------------------------------------------------------
# Omegac[03000:01] =  0.2626      +/- -nan         | -1           | -nan         | -nan         |  1.619       | -nan         | -nan         |  2.419       | -nan         |  1.472       |  1.018       | -1.017       | -nan         |
#    w_0[03000:07] =  0.4061      +/-  1.077       | -nan         |  1           |  4.115       | -nan         | -0.615       |  0.4209      | -nan         |  0.1084      | -nan         | -nan         | -nan         |  0.9011      |
#    w_1[03000:08] = -0.9622      +/-  0.07848     | -nan         |  4.115       |  1           | -nan         | -9.601       |  0.639       | -nan         | -1.924       | -nan         | -nan         | -nan         |  2.342       |
#    w_2[03000:09] = -0.8312      +/- -nan         |  1.619       | -nan         | -nan         | -1           | -nan         | -nan         | -3.836       | -nan         | -2.269       | -1.6         |  1.613       | -nan         |
#    w_3[03000:10] = -0.9593      +/-  0.7174      | -nan         | -0.615       | -9.601       | -nan         |  1           | -1.362       | -nan         | -0.6136      | -nan         | -nan         | -nan         | -0.4756      |
#    w_4[03000:11] = -0.4097      +/-  0.8327      | -nan         |  0.4209      |  0.639       | -nan         | -1.362       |  1           | -nan         |  0.08979     | -nan         | -nan         | -nan         |  0.2466      |
#    w_5[03000:12] = -1.478       +/- -nan         |  2.419       | -nan         | -nan         | -3.836       | -nan         | -nan         | -1           | -nan         | -3.026       | -2.485       |  2.544       | -nan         |
#    w_6[03000:13] = -0.4568      +/-  1.933       | -nan         |  0.1084      | -1.924       | -nan         | -0.6136      |  0.08979     | -nan         |  1           | -nan         | -nan         | -nan         |  0.0249      |
#    w_7[03000:14] = -1.476       +/- -nan         |  1.472       | -nan         | -nan         | -2.269       | -nan         | -nan         | -3.026       | -nan         | -1           | -1.555       |  1.597       | -nan         |
#    w_8[03000:15] = -1.446       +/- -nan         |  1.018       | -nan         | -nan         | -1.6         | -nan         | -nan         | -2.485       | -nan         | -1.555       | -1           |  1.002       | -nan         |
#    w_9[03000:16] =  0.08382     +/- -nan         | -1.017       | -nan         | -nan         |  1.613       | -nan         | -nan         |  2.544       | -nan         |  1.597       |  1.002       | -1           | -nan         |
#     M1[14000:02] = -19.31       +/-  0.02679     | -nan         |  0.9011      |  2.342       | -nan         | -0.4756      |  0.2466      | -nan         |  0.0249      | -nan         | -nan         | -nan         |  1           |
#                                                  -------------------------------------------------------------------------------------------------------------------------------------------------------------------------------------
