#----------------------------------------------------------------------------------
# Model fitting. Interating using:
#  - solver:            NLOpt:ln-neldermead
#  - differentiation:   Numerical differentiantion (forward)
#.................................................................................................................................................................................................................................................................................................................
#  Minimum found with precision: |df|/f =  1.00000e-08 and |dx| =  1.00000e-05
#  Elapsed time: 00 days, 00:00:55.0266600
#  iteration            [002968]
#  function evaluations [002970]
#  gradient evaluations [000000]
#  degrees of freedom   [001691]
#  m2lnL     =      1486.4937846316 (     1460.1262   0.032950227     1.2126107     1.3700125     1.9514431     1.2984626    0.99931505    0.85780369     1.2421305     17.402872 )
#  Fit parameters:
#     0.263567880503758   -0.491149441161648   -1.05752316742639    -0.948164461324752   -0.796407312274678   -0.619389352807851   -0.984836988639587   -2.83402896408879     0.182117610143082   -19.3322322342699    
#----------------------------------------------------------------------------------
# Restarting:              yes
#  - absolute improvement: 894.933130698326      
#  - relative improvement: 0.375797016879832     
#  - m2lnL_0  :            2381.42691532993      
#  - m2lnL_1  :            1486.4937846316       
#----------------------------------------------------------------------------------
# Model fitting. Interating using:
#  - solver:            NLOpt:ln-neldermead
#  - differentiation:   Numerical differentiantion (forward)
#.......................................................................................................................
#  Minimum found with precision: |df|/f =  1.00000e-08 and |dx| =  1.00000e-05
#  Elapsed time: 00 days, 00:00:22.0503520
#  iteration            [001101]
#  function evaluations [001103]
#  gradient evaluations [000000]
#  degrees of freedom   [001691]
#  m2lnL     =     1483.35002016151 (     1454.8205  0.0085860307     1.2934133     1.2951683     2.9572063    0.59563425     0.9120917     1.0268282     1.6492905     18.791291 )
#  Fit parameters:
#     0.272237073754153    0.144441314770024   -1.13888365040405    -0.804545606749177   -0.671143796220085   -1.23607082432725    -0.876548780896108   -2.38047339186746     0.172948466823463   -19.3137232912107    
#----------------------------------------------------------------------------------
# Restarting:              yes
#  - absolute improvement: 3.14376447008999      
#  - relative improvement: 0.00211488571468808   
#  - m2lnL_1  :            1486.4937846316       
#  - m2lnL_2  :            1483.35002016151      
#----------------------------------------------------------------------------------
# Model fitting. Interating using:
#  - solver:            NLOpt:ln-neldermead
#  - differentiation:   Numerical differentiantion (forward)
#....................................................................................................................................................................
#  Minimum found with precision: |df|/f =  1.00000e-08 and |dx| =  1.00000e-05
#  Elapsed time: 00 days, 00:00:33.7913330
#  iteration            [001551]
#  function evaluations [001553]
#  gradient evaluations [000000]
#  degrees of freedom   [001691]
#  m2lnL     =     1483.24327369191 (     1455.0644  0.0081386711     1.2877049     1.3417179     3.2549534    0.80680229     0.9187455    0.98102217     1.6028117     17.976932 )
#  Fit parameters:
#     0.276610800485694    0.184866040091448   -1.14676147867744    -0.792172928743395   -0.689306250444601   -1.32065910157573    -0.480994900201244   -4.99816353813272     0.364842169793517   -19.3127075134028    
#----------------------------------------------------------------------------------
# Restarting:              yes
#  - absolute improvement: 0.106746469595919     
#  - relative improvement: 7.19631025348259e-05  
#  - m2lnL_2  :            1483.35002016151      
#  - m2lnL_3  :            1483.24327369191      
#----------------------------------------------------------------------------------
# Model fitting. Interating using:
#  - solver:            NLOpt:ln-neldermead
#  - differentiation:   Numerical differentiantion (forward)
#.............................................................
#  Minimum found with precision: |df|/f =  1.00000e-08 and |dx| =  1.00000e-05
#  Elapsed time: 00 days, 00:00:11.7514090
#  iteration            [000520]
#  function evaluations [000522]
#  gradient evaluations [000000]
#  degrees of freedom   [001691]
#  m2lnL     =     1483.22371081333 (     1455.2255  0.0081719235     1.3045272     1.2997299     3.1880727    0.81628134    0.91970516    0.97918262     1.5929303     17.889602 )
#  Fit parameters:
#     0.276020626827707    0.121695966288844   -1.16223019337954    -0.819479861253646   -0.650709849398447   -1.332943478522      -0.469597649866726   -4.99913153354545     0.365126008462531   -19.3141175466071    
#----------------------------------------------------------------------------------
# Restarting:              yes
#  - absolute improvement: 0.0195628785836561    
#  - relative improvement: 1.31892582495672e-05  
#  - m2lnL_3  :            1483.24327369191      
#  - m2lnL_4  :            1483.22371081333      
#----------------------------------------------------------------------------------
# Model fitting. Interating using:
#  - solver:            NLOpt:ln-neldermead
#  - differentiation:   Numerical differentiantion (forward)
#...........................
#  Minimum found with precision: |df|/f =  1.00000e-08 and |dx| =  1.00000e-05
#  Elapsed time: 00 days, 00:00:04.1985200
#  iteration            [000188]
#  function evaluations [000190]
#  gradient evaluations [000000]
#  degrees of freedom   [001691]
#  m2lnL     =       1483.223633954 (     1455.2287  0.0081076168     1.3056049     1.2983904     3.1879723    0.81735083    0.91978734    0.97778515     1.5925221     17.887432 )
#  Fit parameters:
#     0.276039448354063    0.122261592798538   -1.16239525013211    -0.819872070399147   -0.651397285005841   -1.33217755476117    -0.46874704208867    -4.99993761117326     0.365145768875834   -19.3140857549702    
#----------------------------------------------------------------------------------
# Restarting:              no
#  - absolute improvement: 7.68593356497149e-05  
#  - relative improvement: 5.18191120391197e-08  
#  - m2lnL_4  :            1483.22371081333      
#  - m2lnL_5  :            1483.223633954        
#----------------------------------------------------------------------------------
# Data used:
#   - Pantheon+SH0ES Sample STAT+SYS (2022)
#   - 6dFGRS -- Beutler (2011), BAO Sample R-Dv
#   - SDSS-DR7-lowz -- Ross (2015), Empirical m2lnp
#   - SDSS DR12 (final consensus) -- Ross et al. (2016), arXiv:1607.03145; Alam
#        et al. (2016), arXiv:1607.03155; BAO Sample(D_t / r_sd, DH / r_sd) --
#        DR16 Compatible
#   - SDSS DR16 -- Alam et al., PRD 103, 083533 (2021); BAO LRG Sample(D_t /
#        r_sd, DH / r_sd)
#   - SDSS DR16 -- Alam et al., PRD 103, 083533 (2021); BAO QSO Sample(D_t /
#        r_sd, DH / r_sd)
#   - SDSS DR16 -- Alam et al., PRD 103, 083533 (2021) -- BAO ELG Sample,
#        Empirical m2lnp
#   - SDSS DR16 -- Alam et al., PRD 103, 083533 (2021) -- BAO Lyman alpha
#        autocorrelation Sample, Empirical m2lnp
#   - SDSS DR16 -- Alam et al., PRD 103, 083533 (2021) -- BAO Lyman alpha QSO
#        cross-correlation Sample, Empirical m2lnp
#   - Gomez-Valent 2018 -- arXiv:1802.01505
#----------------------------------------------------------------------------------
# Model[03000]:
#   - NcHICosmo : XCDM - Constant EOS
#----------------------------------------------------------------------------------
# Model parameters
#   -           H0[00]:  70                  [FIXED]
#   -       Omegac[01]:  0.276039448354063   [FREE]
#   -       Omegak[02]:  0                   [FIXED]
#   -      Tgamma0[03]:  2.7245              [FIXED]
#   -           Yp[04]:  0.24                [FIXED]
#   -         ENnu[05]:  3.046               [FIXED]
#   -       Omegab[06]:  0.05                [FIXED]
#   -          w_0[07]:  0.122261592798538   [FREE]
#   -          w_1[08]: -1.16239525013211    [FREE]
#   -          w_2[09]: -0.819872070399147   [FREE]
#   -          w_3[10]: -0.651397285005841   [FREE]
#   -          w_4[11]: -1.33217755476117    [FREE]
#   -          w_5[12]: -0.46874704208867    [FREE]
#   -          w_6[13]: -4.99993761117326    [FREE]
#   -          w_7[14]:  0.365145768875834   [FREE]
#----------------------------------------------------------------------------------
# Model[14000]:
#   - NcSNIADistCov : Supernovae Ia Distance Covariance
#----------------------------------------------------------------------------------
# Model parameters
#   -        alpha[00]:  0                   [FIXED]
#   -         beta[01]:  0                   [FIXED]
#   -           M1[02]: -19.3140857549702    [FREE]
#   -           M2[03]: -19.25               [FIXED]
#   - lnsigma_pecz[04]: -34.5387763949107    [FIXED]
#   - lnsigma_lens[05]: -34.5387763949107    [FIXED]
#----------------------------------------------------------------------------------
# NcmMSet parameters covariance matrix
#                                                  -------------------------------------------------------------------------------------------------------------------------------------------------------
# Omegac[03000:01] =  0.276       +/-  0.02109     |  1           |  0.3566      | -0.1273      |  0.1449      | -0.1355      | -0.126       | -0.9557      | -nan         | -nan         |  0.3961      |
#    w_0[03000:07] =  0.1223      +/-  0.8317      |  0.3566      |  1           |  0.2026      |  0.7316      | -0.4033      |  0.1264      | -0.05381     | -nan         | -nan         |  0.882       |
#    w_1[03000:08] = -1.162       +/-  0.2182      | -0.1273      |  0.2026      |  1           |  0.6758      | -0.7649      |  0.3892      |  0.2799      | -nan         | -nan         |  0.05929     |
#    w_2[03000:09] = -0.8199      +/-  0.331       |  0.1449      |  0.7316      |  0.6758      |  1           | -0.47        |  0.04204     |  0.156       | -nan         | -nan         |  0.5058      |
#    w_3[03000:10] = -0.6514      +/-  0.4884      | -0.1355      | -0.4033      | -0.7649      | -0.47        |  1           | -0.5913      |  0.07224     | -nan         | -nan         | -0.2583      |
#    w_4[03000:11] = -1.332       +/-  0.7517      | -0.126       |  0.1264      |  0.3892      |  0.04204     | -0.5913      |  1           | -0.1096      | -nan         | -nan         |  0.06609     |
#    w_5[03000:12] = -0.4687      +/-  0.5454      | -0.9557      | -0.05381     |  0.2799      |  0.156       |  0.07224     | -0.1096      |  1           | -nan         | -nan         | -0.08442     |
#    w_6[03000:13] = -5           +/- -nan         | -nan         | -nan         | -nan         | -nan         | -nan         | -nan         | -nan         | -1           |  1.002       | -nan         |
#    w_7[03000:14] =  0.3651      +/- -nan         | -nan         | -nan         | -nan         | -nan         | -nan         | -nan         | -nan         |  1.002       | -1           | -nan         |
#     M1[14000:02] = -19.31       +/-  0.02367     |  0.3961      |  0.882       |  0.05929     |  0.5058      | -0.2583      |  0.06609     | -0.08442     | -nan         | -nan         |  1           |
#                                                  -------------------------------------------------------------------------------------------------------------------------------------------------------
