#----------------------------------------------------------------------------------
# Model fitting. Interating using:
#  - solver:            NLOpt:ln-neldermead
#  - differentiation:   Numerical differentiantion (forward)
#.......................................................................................................................................................................
#  Minimum found with precision: |df|/f =  1.00000e-08 and |dx| =  1.00000e-05
#  Elapsed time: 00 days, 00:00:33.7500190
#  iteration            [001581]
#  function evaluations [001583]
#  gradient evaluations [000000]
#  degrees of freedom   [001690]
#  m2lnL     =     1496.52790061176 (     1459.2827    0.01062587     1.9266739    0.66605525     3.2327022     1.0512372    0.95099902     4.5831962     6.4688625     18.354834 )
#  Fit parameters:
#     0.301671871808144   -0.0446221688526325  -1.05879697835075    -1.06986502589837    -1.4179388070595     -0.266252838483903   -2.86741274463028    -1.17111795244798    -4.57632749528521    -0.972073207617731   -19.3269909374552    
#----------------------------------------------------------------------------------
# Restarting:              yes
#  - absolute improvement: 884.899014718163      
#  - relative improvement: 0.371583527935212     
#  - m2lnL_0  :            2381.42691532993      
#  - m2lnL_1  :            1496.52790061176      
#----------------------------------------------------------------------------------
# Model fitting. Interating using:
#  - solver:            NLOpt:ln-neldermead
#  - differentiation:   Numerical differentiantion (forward)
#.....................................................................................................................................................................................................................................
#  Minimum found with precision: |df|/f =  1.00000e-08 and |dx| =  1.00000e-05
#  Elapsed time: 00 days, 00:00:50.8044690
#  iteration            [002202]
#  function evaluations [002204]
#  gradient evaluations [000000]
#  degrees of freedom   [001690]
#  m2lnL     =      1494.1540169383 (     1456.8798   0.002918316     1.8236688    0.74862342     3.6368059    0.30095536    0.77651778     4.6715633     6.6284301     18.684731 )
#  Fit parameters:
#     0.30459342762191    -0.279128681643505   -1.22276592612479    -1.12036679974591    -0.954696317218305   -0.767654185533625   -3.90640144819645    -4.28300862322306    -4.98550424674603    -0.652699089983045   -19.3291723686777    
#----------------------------------------------------------------------------------
# Restarting:              yes
#  - absolute improvement: 2.37388367346693      
#  - relative improvement: 0.00158626088594574   
#  - m2lnL_1  :            1496.52790061176      
#  - m2lnL_2  :            1494.1540169383       
#----------------------------------------------------------------------------------
# Model fitting. Interating using:
#  - solver:            NLOpt:ln-neldermead
#  - differentiation:   Numerical differentiantion (forward)
#...........................
#  Minimum found with precision: |df|/f =  1.00000e-08 and |dx| =  1.00000e-05
#  Elapsed time: 00 days, 00:00:04.1119760
#  iteration            [000183]
#  function evaluations [000185]
#  gradient evaluations [000000]
#  degrees of freedom   [001690]
#  m2lnL     =     1494.15385823017 (     1456.8904  0.0029483745     1.8243058    0.74808372     3.6379085     0.2997455    0.77597188     4.6670085       6.62372     18.683742 )
#  Fit parameters:
#     0.304544561151692   -0.27964574770745    -1.22261670517158    -1.12045056509483    -0.954895615545979   -0.765603857178414   -3.91358256001337    -4.29038037641594    -4.99982749637468    -0.634232259395813   -19.3291941959077    
#----------------------------------------------------------------------------------
# Restarting:              no
#  - absolute improvement: 0.000158708125354678  
#  - relative improvement: 1.06219388065422e-07  
#  - m2lnL_2  :            1494.1540169383       
#  - m2lnL_3  :            1494.15385823017      
#----------------------------------------------------------------------------------
# Data used:
#   - Pantheon+SH0ES Sample STAT+SYS (2022)
#   - 6dFGRS -- Beutler (2011), BAO Sample R-Dv
#   - SDSS-DR7-lowz -- Ross (2015), Empirical m2lnp
#   - SDSS DR12 (final consensus) -- Ross et al. (2016), arXiv:1607.03145; Alam
#        et al. (2016), arXiv:1607.03155; BAO Sample(D_t / r_sd, DH / r_sd) --
#        DR16 Compatible
#   - SDSS DR16 -- Alam et al., PRD 103, 083533 (2021); BAO LRG Sample(D_t /
#        r_sd, DH / r_sd)
#   - SDSS DR16 -- Alam et al., PRD 103, 083533 (2021); BAO QSO Sample(D_t /
#        r_sd, DH / r_sd)
#   - SDSS DR16 -- Alam et al., PRD 103, 083533 (2021) -- BAO ELG Sample,
#        Empirical m2lnp
#   - SDSS DR16 -- Alam et al., PRD 103, 083533 (2021) -- BAO Lyman alpha
#        autocorrelation Sample, Empirical m2lnp
#   - SDSS DR16 -- Alam et al., PRD 103, 083533 (2021) -- BAO Lyman alpha QSO
#        cross-correlation Sample, Empirical m2lnp
#   - Gomez-Valent 2018 -- arXiv:1802.01505
#----------------------------------------------------------------------------------
# Model[03000]:
#   - NcHICosmo : XCDM - Constant EOS
#----------------------------------------------------------------------------------
# Model parameters
#   -           H0[00]:  70                  [FIXED]
#   -       Omegac[01]:  0.304544561151692   [FREE]
#   -       Omegak[02]:  0                   [FIXED]
#   -      Tgamma0[03]:  2.7245              [FIXED]
#   -           Yp[04]:  0.24                [FIXED]
#   -         ENnu[05]:  3.046               [FIXED]
#   -       Omegab[06]:  0.05                [FIXED]
#   -          w_0[07]: -0.27964574770745    [FREE]
#   -          w_1[08]: -1.22261670517158    [FREE]
#   -          w_2[09]: -1.12045056509483    [FREE]
#   -          w_3[10]: -0.954895615545979   [FREE]
#   -          w_4[11]: -0.765603857178414   [FREE]
#   -          w_5[12]: -3.91358256001337    [FREE]
#   -          w_6[13]: -4.29038037641594    [FREE]
#   -          w_7[14]: -4.99982749637468    [FREE]
#   -          w_8[15]: -0.634232259395813   [FREE]
#----------------------------------------------------------------------------------
# Model[14000]:
#   - NcSNIADistCov : Supernovae Ia Distance Covariance
#----------------------------------------------------------------------------------
# Model parameters
#   -        alpha[00]:  0                   [FIXED]
#   -         beta[01]:  0                   [FIXED]
#   -           M1[02]: -19.3291941959077    [FREE]
#   -           M2[03]: -19.25               [FIXED]
#   - lnsigma_pecz[04]: -34.5387763949107    [FIXED]
#   - lnsigma_lens[05]: -34.5387763949107    [FIXED]
#----------------------------------------------------------------------------------
# NcmMSet parameters covariance matrix
#                                                  ----------------------------------------------------------------------------------------------------------------------------------------------------------------------
# Omegac[03000:01] =  0.3045      +/-  0.01908     |  1           |  0.565       |  0.1954      |  0.2631      | -0.2723      |  0.1974      | -0.2051      | -nan         | -nan         |  0.5896      |  0.6587      |
#    w_0[03000:07] = -0.2796      +/-  1.02        |  0.565       |  1           |  0.5576      |  0.6603      | -0.5893      |  0.3885      | -0.4476      | -nan         | -nan         |  0.2578      |  0.8817      |
#    w_1[03000:08] = -1.223       +/-  0.3943      |  0.1954      |  0.5576      |  1           |  0.6604      | -0.8755      |  0.6002      | -0.6409      | -nan         | -nan         | -0.001236    |  0.3424      |
#    w_2[03000:09] = -1.12        +/-  0.36        |  0.2631      |  0.6603      |  0.6604      |  1           | -0.3349      | -0.03296     | -0.02502     | -nan         | -nan         |  0.2211      |  0.4371      |
#    w_3[03000:10] = -0.9549      +/-  0.8568      | -0.2723      | -0.5893      | -0.8755      | -0.3349      |  1           | -0.7883      |  0.7445      | -nan         | -nan         |  0.01456     | -0.4329      |
#    w_4[03000:11] = -0.7656      +/-  1.402       |  0.1974      |  0.3885      |  0.6002      | -0.03296     | -0.7883      |  1           | -0.9669      | -nan         | -nan         |  0.01575     |  0.2733      |
#    w_5[03000:12] = -3.914       +/-  4.25        | -0.2051      | -0.4476      | -0.6409      | -0.02502     |  0.7445      | -0.9669      |  1           | -nan         | -nan         | -0.9088      | -0.3303      |
#    w_6[03000:13] = -4.29        +/- -nan         | -nan         | -nan         | -nan         | -nan         | -nan         | -nan         | -nan         | -1           |  3.654       | -nan         | -nan         |
#    w_7[03000:14] = -5           +/- -nan         | -nan         | -nan         | -nan         | -nan         | -nan         | -nan         | -nan         |  3.654       | -1           | -nan         | -nan         |
#    w_8[03000:15] = -0.6342      +/-  412.4       |  0.5896      |  0.2578      | -0.001236    |  0.2211      |  0.01456     |  0.01575     | -0.9088      | -nan         | -nan         |  1           |  0.3131      |
#     M1[14000:02] = -19.33       +/-  0.02415     |  0.6587      |  0.8817      |  0.3424      |  0.4371      | -0.4329      |  0.2733      | -0.3303      | -nan         | -nan         |  0.3131      |  1           |
#                                                  ----------------------------------------------------------------------------------------------------------------------------------------------------------------------
