#----------------------------------------------------------------------------------
# Model fitting. Interating using:
#  - solver:            NLOpt:ln-neldermead
#  - differentiation:   Numerical differentiantion (forward)
#.................................................................................................................................................................................................................................................................................................
#  Minimum found with precision: |df|/f =  1.00000e-08 and |dx| =  1.00000e-05
#  Elapsed time: 00 days, 00:01:00.6666450
#  iteration            [002802]
#  function evaluations [002804]
#  gradient evaluations [000000]
#  degrees of freedom   [001687]
#  m2lnL     =     1492.86178888054 (     1463.5907   0.040356186     1.2099777     2.7641489     3.3663157    0.26820865    0.81161701      1.284998     2.5065318     17.018934 )
#  Fit parameters:
#     0.267191316329681   -0.446526938313652   -0.758584933027475   -0.760509392584651   -1.1003163385109     -1.53289373774009    -0.669510682451736   -1.12853175599217    -1.60126331617863    -0.883210604937727   -1.26080009757884    -1.15841071002361     0.0749079774081867  -19.3335799124218    
#----------------------------------------------------------------------------------
# Restarting:              yes
#  - absolute improvement: 888.565126449383      
#  - relative improvement: 0.373122988041092     
#  - m2lnL_0  :            2381.42691532993      
#  - m2lnL_1  :            1492.86178888054      
#----------------------------------------------------------------------------------
# Model fitting. Interating using:
#  - solver:            NLOpt:ln-neldermead
#  - differentiation:   Numerical differentiantion (forward)
#.......................................................................................................................................................................................................................................................................................................................................................................................................................................................................................................................
#  Minimum found with precision: |df|/f =  1.00000e-08 and |dx| =  1.00000e-05
#  Elapsed time: 00 days, 00:02:01.6097200
#  iteration            [004944]
#  function evaluations [004946]
#  gradient evaluations [000000]
#  degrees of freedom   [001687]
#  m2lnL     =     1481.94702701017 (     1454.2559   0.009794466     1.2622749     1.0530523     2.8718513    0.64395577    0.78688684     1.1511781     1.7505462     18.161624 )
#  Fit parameters:
#     0.27327257107897     0.357270144724439   -1.01746880578125    -0.923136964367877   -0.958333105240897   -0.647906409912384   -0.716700141556121   -1.3073564009591     -1.9437666180082      0.998829444747255   -4.99842565410939    -0.649949837660187    0.0662387247575301  -19.3102947614505    
#----------------------------------------------------------------------------------
# Restarting:              yes
#  - absolute improvement: 10.9147618703746      
#  - relative improvement: 0.00731130098691808   
#  - m2lnL_1  :            1492.86178888054      
#  - m2lnL_2  :            1481.94702701017      
#----------------------------------------------------------------------------------
# Model fitting. Interating using:
#  - solver:            NLOpt:ln-neldermead
#  - differentiation:   Numerical differentiantion (forward)
#.........................................................................................................................................................................................
#  Minimum found with precision: |df|/f =  1.00000e-08 and |dx| =  1.00000e-05
#  Elapsed time: 00 days, 00:00:45.6502780
#  iteration            [001760]
#  function evaluations [001762]
#  gradient evaluations [000000]
#  degrees of freedom   [001687]
#  m2lnL     =     1481.89174286593 (      1454.535    0.01111226     1.2216121    0.98064227     3.0510644    0.71187331     0.7778872     1.1237458     1.7245452     17.754237 )
#  Fit parameters:
#     0.271087464316093    0.427530933392354   -0.974743287816326   -0.84755892987485    -0.93757344035827    -0.864331760244778   -0.390702581089703   -1.57744377533623    -1.60144398133939     0.900618271801566   -4.99653690418346     0.301913761424918    0.0200698324502393  -19.3087578539313    
#----------------------------------------------------------------------------------
# Restarting:              yes
#  - absolute improvement: 0.0552841442354293    
#  - relative improvement: 3.73050744917416e-05  
#  - m2lnL_2  :            1481.94702701017      
#  - m2lnL_3  :            1481.89174286593      
#----------------------------------------------------------------------------------
# Model fitting. Interating using:
#  - solver:            NLOpt:ln-neldermead
#  - differentiation:   Numerical differentiantion (forward)
#.....................................................................
#  Minimum found with precision: |df|/f =  1.00000e-08 and |dx| =  1.00000e-05
#  Elapsed time: 00 days, 00:00:16.0975950
#  iteration            [000604]
#  function evaluations [000606]
#  gradient evaluations [000000]
#  degrees of freedom   [001687]
#  m2lnL     =     1481.86691435106 (     1454.4336   0.011090639      1.222125    0.98678333     3.0408673    0.69059239    0.76756744     1.1386995     1.7412998     17.834309 )
#  Fit parameters:
#     0.271002634840322    0.420494579306299   -0.975598472961963   -0.846017137709842   -0.929770983305069   -0.862155963619814   -0.405573331367407   -1.56233488802403    -1.70571175654126     0.999959366604431   -4.99981584289063     0.304690781484936    0.018490701347427   -19.3089733630186    
#----------------------------------------------------------------------------------
# Restarting:              yes
#  - absolute improvement: 0.0248285148709328    
#  - relative improvement: 1.67546077440956e-05  
#  - m2lnL_3  :            1481.89174286593      
#  - m2lnL_4  :            1481.86691435106      
#----------------------------------------------------------------------------------
# Model fitting. Interating using:
#  - solver:            NLOpt:ln-neldermead
#  - differentiation:   Numerical differentiantion (forward)
#............................................................................................................................................
#  Minimum found with precision: |df|/f =  1.00000e-08 and |dx| =  1.00000e-05
#  Elapsed time: 00 days, 00:00:35.6456580
#  iteration            [001313]
#  function evaluations [001315]
#  gradient evaluations [000000]
#  degrees of freedom   [001687]
#  m2lnL     =     1481.84268729258 (     1454.4545   0.011605446     1.1958858     1.0286855      3.132314     0.7118315    0.75290865     1.1614751     1.7622679     17.631263 )
#  Fit parameters:
#     0.267683699071046    0.428516560937222   -0.979419047745312   -0.792360501369615   -0.831973459104819   -1.00693759944905    -0.231233447926666   -1.68990969200472    -1.54330659955969     0.994323675733913   -4.93742742196378     0.998793515785344   -0.0166684282290458  -19.308347192456     
#----------------------------------------------------------------------------------
# Restarting:              yes
#  - absolute improvement: 0.024227058482893     
#  - relative improvement: 1.63490109997513e-05  
#  - m2lnL_4  :            1481.86691435106      
#  - m2lnL_5  :            1481.84268729258      
#----------------------------------------------------------------------------------
# Model fitting. Interating using:
#  - solver:            NLOpt:ln-neldermead
#  - differentiation:   Numerical differentiantion (forward)
#.................................................................................................................................................................................................
#  Minimum found with precision: |df|/f =  1.00000e-08 and |dx| =  1.00000e-05
#  Elapsed time: 00 days, 00:00:51.9407290
#  iteration            [001842]
#  function evaluations [001844]
#  gradient evaluations [000000]
#  degrees of freedom   [001687]
#  m2lnL     =     1481.80915518517 (      1454.423   0.010723051     1.2258189     1.0414582     3.0689563    0.71024688    0.76462801     1.1485368     1.7643624     17.651395 )
#  Fit parameters:
#     0.26809278739606     0.379213150594557   -1.0027129659659     -0.840734170576808   -0.856949439210279   -0.885633261704425   -0.374654747189123   -1.57777970777365    -1.59999949233692     0.999485372782419   -4.99964166486202     0.991362515063672   -0.0161386025234922  -19.309305871745     
#----------------------------------------------------------------------------------
# Restarting:              yes
#  - absolute improvement: 0.0335321074057902    
#  - relative improvement: 2.26286553176947e-05  
#  - m2lnL_5  :            1481.84268729258      
#  - m2lnL_6  :            1481.80915518517      
#----------------------------------------------------------------------------------
# Model fitting. Interating using:
#  - solver:            NLOpt:ln-neldermead
#  - differentiation:   Numerical differentiantion (forward)
#.....................................................................................
#  Minimum found with precision: |df|/f =  1.00000e-08 and |dx| =  1.00000e-05
#  Elapsed time: 00 days, 00:00:20.9159020
#  iteration            [000761]
#  function evaluations [000763]
#  gradient evaluations [000000]
#  degrees of freedom   [001687]
#  m2lnL     =     1481.80768900529 (     1454.4758   0.010638891     1.2276812     1.0388534     3.0614993    0.71611833    0.76445364     1.1470196     1.7606871     17.604951 )
#  Fit parameters:
#     0.267879274727881    0.36845752032123    -1.00510511240805    -0.839530739057082   -0.85152782273046    -0.902712006585218   -0.351794724510994   -1.58904809550648    -1.58937998356259     0.999498313611374   -4.99943850788756     0.999925969006793   -0.0167063064137358  -19.309598662791     
#----------------------------------------------------------------------------------
# Restarting:              yes
#  - absolute improvement: 0.00146617988662001   
#  - relative improvement: 9.89452576594987e-07  
#  - m2lnL_6  :            1481.80915518517      
#  - m2lnL_7  :            1481.80768900529      
#----------------------------------------------------------------------------------
# Model fitting. Interating using:
#  - solver:            NLOpt:ln-neldermead
#  - differentiation:   Numerical differentiantion (forward)
#...............................
#  Minimum found with precision: |df|/f =  1.00000e-08 and |dx| =  1.00000e-05
#  Elapsed time: 00 days, 00:00:06.1672660
#  iteration            [000224]
#  function evaluations [000226]
#  gradient evaluations [000000]
#  degrees of freedom   [001687]
#  m2lnL     =      1481.8075284456 (     1454.4807    0.01071274     1.2270512     1.0392735     3.0606713    0.71847426    0.76449392     1.1484268     1.7583693     17.599317 )
#  Fit parameters:
#     0.267812056924033    0.367917173732087   -1.00506276854215    -0.839688646830877   -0.851784371291222   -0.902896971828846   -0.350492539389813   -1.58920961976417    -1.58465220191468     0.999941066831912   -4.99993191567815     0.999528496624653   -0.0167107561696714  -19.309587897904     
#----------------------------------------------------------------------------------
# Restarting:              no
#  - absolute improvement: 0.000160559691721573  
#  - relative improvement: 1.08353933450942e-07  
#  - m2lnL_7  :            1481.80768900529      
#  - m2lnL_8  :            1481.8075284456       
#----------------------------------------------------------------------------------
# Data used:
#   - Pantheon+SH0ES Sample STAT+SYS (2022)
#   - 6dFGRS -- Beutler (2011), BAO Sample R-Dv
#   - SDSS-DR7-lowz -- Ross (2015), Empirical m2lnp
#   - SDSS DR12 (final consensus) -- Ross et al. (2016), arXiv:1607.03145; Alam
#        et al. (2016), arXiv:1607.03155; BAO Sample(D_t / r_sd, DH / r_sd) --
#        DR16 Compatible
#   - SDSS DR16 -- Alam et al., PRD 103, 083533 (2021); BAO LRG Sample(D_t /
#        r_sd, DH / r_sd)
#   - SDSS DR16 -- Alam et al., PRD 103, 083533 (2021); BAO QSO Sample(D_t /
#        r_sd, DH / r_sd)
#   - SDSS DR16 -- Alam et al., PRD 103, 083533 (2021) -- BAO ELG Sample,
#        Empirical m2lnp
#   - SDSS DR16 -- Alam et al., PRD 103, 083533 (2021) -- BAO Lyman alpha
#        autocorrelation Sample, Empirical m2lnp
#   - SDSS DR16 -- Alam et al., PRD 103, 083533 (2021) -- BAO Lyman alpha QSO
#        cross-correlation Sample, Empirical m2lnp
#   - Gomez-Valent 2018 -- arXiv:1802.01505
#----------------------------------------------------------------------------------
# Model[03000]:
#   - NcHICosmo : XCDM - Constant EOS
#----------------------------------------------------------------------------------
# Model parameters
#   -           H0[00]:  70                  [FIXED]
#   -       Omegac[01]:  0.267812056924033   [FREE]
#   -       Omegak[02]:  0                   [FIXED]
#   -      Tgamma0[03]:  2.7245              [FIXED]
#   -           Yp[04]:  0.24                [FIXED]
#   -         ENnu[05]:  3.046               [FIXED]
#   -       Omegab[06]:  0.05                [FIXED]
#   -          w_0[07]:  0.367917173732087   [FREE]
#   -          w_1[08]: -1.00506276854215    [FREE]
#   -          w_2[09]: -0.839688646830877   [FREE]
#   -          w_3[10]: -0.851784371291222   [FREE]
#   -          w_4[11]: -0.902896971828846   [FREE]
#   -          w_5[12]: -0.350492539389813   [FREE]
#   -          w_6[13]: -1.58920961976417    [FREE]
#   -          w_7[14]: -1.58465220191468    [FREE]
#   -          w_8[15]:  0.999941066831912   [FREE]
#   -          w_9[16]: -4.99993191567815    [FREE]
#   -         w_10[17]:  0.999528496624653   [FREE]
#   -         w_11[18]: -0.0167107561696714  [FREE]
#----------------------------------------------------------------------------------
# Model[14000]:
#   - NcSNIADistCov : Supernovae Ia Distance Covariance
#----------------------------------------------------------------------------------
# Model parameters
#   -        alpha[00]:  0                   [FIXED]
#   -         beta[01]:  0                   [FIXED]
#   -           M1[02]: -19.309587897904     [FREE]
#   -           M2[03]: -19.25               [FIXED]
#   - lnsigma_pecz[04]: -34.5387763949107    [FIXED]
#   - lnsigma_lens[05]: -34.5387763949107    [FIXED]
#----------------------------------------------------------------------------------
# NcmMSet parameters covariance matrix
#                                                  -------------------------------------------------------------------------------------------------------------------------------------------------------------------------------------------------------------------
# Omegac[03000:01] =  0.2678      +/- -nan         | -1           | -nan         | -nan         | -nan         | -nan         | -nan         | -nan         | -nan         | -nan         | -nan         | -nan         |  1.754       | -1.453       | -nan         |
#    w_0[03000:07] =  0.3679      +/-  1.184       | -nan         |  1           |  0.8451      |  0.2644      | -0.5251      |  0.1815      | -0.2008      |  0.1271      | -0.2911      |  0.2189      | -0.319       | -nan         | -nan         |  0.8853      |
#    w_1[03000:08] = -1.005       +/-  0.3857      | -nan         |  0.8451      |  1           | -0.2214      | -1.093       |  0.2127      | -0.362       |  0.04509     | -0.5878      |  0.3326      | -0.7721      | -nan         | -nan         |  0.521       |
#    w_2[03000:09] = -0.8397      +/-  0.4217      | -nan         |  0.2644      | -0.2214      |  1           |  0.4626      | -1.038       |  0.7577      | -0.9765      |  0.2337      | -0.2369      | -0.04928     | -nan         | -nan         |  0.2663      |
#    w_3[03000:10] = -0.8518      +/-  1.084       | -nan         | -0.5251      | -1.093       |  0.4626      |  1           | -0.6873      |  0.5328      | -0.5644      |  0.4132      | -0.3507      |  0.3541      | -nan         | -nan         | -0.3111      |
#    w_4[03000:11] = -0.9029      +/-  1.977       | -nan         |  0.1815      |  0.2127      | -1.038       | -0.6873      |  1           | -0.956       |  0.8412      | -0.5646      |  0.3333      | -0.4148      | -nan         | -nan         |  0.04635     |
#    w_5[03000:12] = -0.3505      +/-  2.773       | -nan         | -0.2008      | -0.362       |  0.7577      |  0.5328      | -0.956       |  1           | -0.9875      |  0.541       | -0.3565      |  0.3493      | -nan         | -nan         | -0.07573     |
#    w_6[03000:13] = -1.589       +/-  2.403       | -nan         |  0.1271      |  0.04509     | -0.9765      | -0.5644      |  0.8412      | -0.9875      |  1           | -0.6632      |  0.3145      | -0.4513      | -nan         | -nan         |  0.004142    |
#    w_7[03000:14] = -1.585       +/-  3.953       | -nan         | -0.2911      | -0.5878      |  0.2337      |  0.4132      | -0.5646      |  0.541       | -0.6632      |  1           | -0.8646      |  0.6877      | -nan         | -nan         | -0.1726      |
#    w_8[03000:15] =  0.9999      +/-  6.794       | -nan         |  0.2189      |  0.3326      | -0.2369      | -0.3507      |  0.3333      | -0.3565      |  0.3145      | -0.8646      |  1           | -1.035       | -nan         | -nan         |  0.1149      |
#    w_9[03000:16] = -5           +/-  11.6        | -nan         | -0.319       | -0.7721      | -0.04928     |  0.3541      | -0.4148      |  0.3493      | -0.4513      |  0.6877      | -1.035       |  1           | -nan         | -nan         | -0.206       |
#   w_10[03000:17] =  0.9995      +/- -nan         |  1.754       | -nan         | -nan         | -nan         | -nan         | -nan         | -nan         | -nan         | -nan         | -nan         | -nan         | -1           |  1.034       | -nan         |
#   w_11[03000:18] = -0.01671     +/- -nan         | -1.453       | -nan         | -nan         | -nan         | -nan         | -nan         | -nan         | -nan         | -nan         | -nan         | -nan         |  1.034       | -1           | -nan         |
#     M1[14000:02] = -19.31       +/-  0.02721     | -nan         |  0.8853      |  0.521       |  0.2663      | -0.3111      |  0.04635     | -0.07573     |  0.004142    | -0.1726      |  0.1149      | -0.206       | -nan         | -nan         |  1           |
#                                                  -------------------------------------------------------------------------------------------------------------------------------------------------------------------------------------------------------------------
