#----------------------------------------------------------------------------------
# Model fitting. Interating using:
#  - solver:            NLOpt:ln-neldermead
#  - differentiation:   Numerical differentiantion (forward)
#............................................
#  Minimum found with precision: |df|/f =  1.00000e-08 and |dx| =  1.00000e-05
#  Elapsed time: 00 days, 00:00:05.8597730
#  iteration            [000358]
#  function evaluations [000360]
#  gradient evaluations [000000]
#  degrees of freedom   [001695]
#  m2lnL     =     1501.13691364842 (     1464.8337  0.00017317287     1.8437827     1.9590836      4.346623     0.8240853    0.90375911      4.213366     6.0877864     16.124506 )
#  Fit parameters:
#     0.290880858982581   -0.97970468859461    -1.03486085248985    -1.43655251118422    -0.741090531509849   -19.3469952844459    
#----------------------------------------------------------------------------------
# Restarting:              yes
#  - absolute improvement: 880.290001681503      
#  - relative improvement: 0.369648128193573     
#  - m2lnL_0  :            2381.42691532993      
#  - m2lnL_1  :            1501.13691364842      
#----------------------------------------------------------------------------------
# Model fitting. Interating using:
#  - solver:            NLOpt:ln-neldermead
#  - differentiation:   Numerical differentiantion (forward)
#...................................................................................
#  Minimum found with precision: |df|/f =  1.00000e-08 and |dx| =  1.00000e-05
#  Elapsed time: 00 days, 00:00:13.9077910
#  iteration            [000748]
#  function evaluations [000750]
#  gradient evaluations [000000]
#  degrees of freedom   [001695]
#  m2lnL     =     1499.02837349036 (     1464.3073  4.4174649e-05     1.8282236      1.641895     3.7456734     1.0107507    0.94820208      3.835854     5.6638107     16.046628 )
#  Fit parameters:
#     0.290882846503132   -0.941165311189389   -1.06030540804133    -1.29670726338526    -5                   -19.3471144937425    
#----------------------------------------------------------------------------------
# Restarting:              yes
#  - absolute improvement: 2.10854015806103      
#  - relative improvement: 0.00140462881092994   
#  - m2lnL_1  :            1501.13691364842      
#  - m2lnL_2  :            1499.02837349036      
#----------------------------------------------------------------------------------
# Model fitting. Interating using:
#  - solver:            NLOpt:ln-neldermead
#  - differentiation:   Numerical differentiantion (forward)
#...................
#  Minimum found with precision: |df|/f =  1.00000e-08 and |dx| =  1.00000e-05
#  Elapsed time: 00 days, 00:00:01.7972820
#  iteration            [000106]
#  function evaluations [000108]
#  gradient evaluations [000000]
#  degrees of freedom   [001695]
#  m2lnL     =     1499.02835334761 (     1464.3091  4.976352e-05     1.8269548     1.6416891     3.7459763     1.0087856    0.94792427     3.8365178     5.6646841      16.04663 )
#  Fit parameters:
#     0.290902025726079   -0.941313572365908   -1.06031709152008    -1.29726434098682    -5                   -19.3471345768968    
#----------------------------------------------------------------------------------
# Restarting:              no
#  - absolute improvement: 2.01427549200162e-05  
#  - relative improvement: 1.3437207244527e-08   
#  - m2lnL_2  :            1499.02837349036      
#  - m2lnL_3  :            1499.02835334761      
#----------------------------------------------------------------------------------
# Data used:
#   - Pantheon+SH0ES Sample STAT+SYS (2022)
#   - 6dFGRS -- Beutler (2011), BAO Sample R-Dv
#   - SDSS-DR7-lowz -- Ross (2015), Empirical m2lnp
#   - SDSS DR12 (final consensus) -- Ross et al. (2016), arXiv:1607.03145; Alam
#        et al. (2016), arXiv:1607.03155; BAO Sample(D_t / r_sd, DH / r_sd) --
#        DR16 Compatible
#   - SDSS DR16 -- Alam et al., PRD 103, 083533 (2021); BAO LRG Sample(D_t /
#        r_sd, DH / r_sd)
#   - SDSS DR16 -- Alam et al., PRD 103, 083533 (2021); BAO QSO Sample(D_t /
#        r_sd, DH / r_sd)
#   - SDSS DR16 -- Alam et al., PRD 103, 083533 (2021) -- BAO ELG Sample,
#        Empirical m2lnp
#   - SDSS DR16 -- Alam et al., PRD 103, 083533 (2021) -- BAO Lyman alpha
#        autocorrelation Sample, Empirical m2lnp
#   - SDSS DR16 -- Alam et al., PRD 103, 083533 (2021) -- BAO Lyman alpha QSO
#        cross-correlation Sample, Empirical m2lnp
#   - Gomez-Valent 2018 -- arXiv:1802.01505
#----------------------------------------------------------------------------------
# Model[03000]:
#   - NcHICosmo : XCDM - Constant EOS
#----------------------------------------------------------------------------------
# Model parameters
#   -           H0[00]:  70                  [FIXED]
#   -       Omegac[01]:  0.290902025726079   [FREE]
#   -       Omegak[02]:  0                   [FIXED]
#   -      Tgamma0[03]:  2.7245              [FIXED]
#   -           Yp[04]:  0.24                [FIXED]
#   -         ENnu[05]:  3.046               [FIXED]
#   -       Omegab[06]:  0.05                [FIXED]
#   -          w_0[07]: -0.941313572365908   [FREE]
#   -          w_1[08]: -1.06031709152008    [FREE]
#   -          w_2[09]: -1.29726434098682    [FREE]
#   -          w_3[10]: -5                   [FREE]
#----------------------------------------------------------------------------------
# Model[14000]:
#   - NcSNIADistCov : Supernovae Ia Distance Covariance
#----------------------------------------------------------------------------------
# Model parameters
#   -        alpha[00]:  0                   [FIXED]
#   -         beta[01]:  0                   [FIXED]
#   -           M1[02]: -19.3471345768968    [FREE]
#   -           M2[03]: -19.25               [FIXED]
#   - lnsigma_pecz[04]: -34.5387763949107    [FIXED]
#   - lnsigma_lens[05]: -34.5387763949107    [FIXED]
#----------------------------------------------------------------------------------
# NcmMSet parameters covariance matrix
#                                                  -------------------------------------------------------------------------------------------
# Omegac[03000:01] =  0.2909      +/-  0.0117      |  1           |  0.1647      | -0.1807      | -0.1173      | -0.08156     |  0.4445      |
#    w_0[03000:07] = -0.9413      +/-  0.2149      |  0.1647      |  1           | -0.8428      |  0.5355      | -0.6358      |  0.7922      |
#    w_1[03000:08] = -1.06        +/-  0.09206     | -0.1807      | -0.8428      |  1           | -0.6325      |  0.6568      | -0.4739      |
#    w_2[03000:09] = -1.297       +/-  0.2801      | -0.1173      |  0.5355      | -0.6325      |  1           | -0.6848      |  0.1759      |
#    w_3[03000:10] = -5           +/-  6.71        | -0.08156     | -0.6358      |  0.6568      | -0.6848      |  1           | -0.3511      |
#     M1[14000:02] = -19.35       +/-  0.011       |  0.4445      |  0.7922      | -0.4739      |  0.1759      | -0.3511      |  1           |
#                                                  -------------------------------------------------------------------------------------------
