#----------------------------------------------------------------------------------
# Model[03000]:
#   - NcHICosmo : XCDM - Constant EOS
#----------------------------------------------------------------------------------
# Model parameters
#   -            H0[00]:  70                  [FIXED]
#   -        Omegac[01]:  0.25                [FIXED]
#   -        Omegak[02]:  0                   [FIXED]
#   -       Tgamma0[03]:  2.7245              [FIXED]
#   -            Yp[04]:  0.24                [FIXED]
#   -          ENnu[05]:  3.046               [FIXED]
#   -        Omegab[06]:  0.05                [FIXED]
#   -           w_0[07]: -1                   [FIXED]
#   -           w_1[08]: -1                   [FIXED]
#   -           w_2[09]: -1                   [FIXED]
#   -           w_3[10]: -1                   [FIXED]
#   -           w_4[11]: -1                   [FIXED]
#   -           w_5[12]: -1                   [FIXED]
#   -           w_6[13]: -1                   [FIXED]
#----------------------------------------------------------------------------------
# Model[14000]:
#   - NcSNIADistCov : Supernovae Ia Distance Covariance
#----------------------------------------------------------------------------------
# Model parameters
#   -         alpha[00]:  0.145               [FIXED]
#   -          beta[01]:  3.16                [FIXED]
#   -            M1[02]: -19                  [FIXED]
#   -            M2[03]: -19.2                [FIXED]
#   -  lnsigma_pecz[04]: -7.60021041          [FIXED]
#   -  lnsigma_lens[05]: -2.90042209374967    [FIXED]
#   - lnsigma_int_0[06]: -2.52572864430826    [FIXED]
#   - lnsigma_int_1[07]: -2.22562405185792    [FIXED]
#   - lnsigma_int_2[08]: -2.00991547903123    [FIXED]
#   - lnsigma_int_3[09]: -2.30258509299405    [FIXED]
#----------------------------------------------------------------------------------
# Model fitting. Interating using:
#  - solver:            NLOpt:ln-neldermead
#  - differentiation:   Numerical differentiantion (forward)
#.....................................................................................................................................................................................................................................................................
#  Minimum found with precision: |df|/f =  1.00000e-08 and |dx| =  1.00000e-05
#  Elapsed time: 00 days, 00:20:39.4977280
#  iteration            [002525]
#  function evaluations [002527]
#  gradient evaluations [000000]
#  degrees of freedom   [000757]
#  m2lnL     =     702.412180447867 (     681.15372  0.0018362599  0.00015413007    0.54319775     1.3634102     2.5069444     8.2979619     4.9636743     3.5812849 )
#  Fit parameters:
#     0.240745549751298   -1.57074655460846    -0.740344271294342   -1.36696491670473    -0.341682899347829   -0.527959408726132   -0.609198300627992   -0.917785473396041    0.141224878855484    3.09778138391001    -19.0578064967176    -19.1286120719226    
#----------------------------------------------------------------------------------
# Restarting:              yes
#  - absolute improvement: 52.041215232879       
#  - relative improvement: 0.068978701044777     
#  - m2lnL_0  :            754.453395680746      
#  - m2lnL_1  :            702.412180447867      
#----------------------------------------------------------------------------------
# Model fitting. Interating using:
#  - solver:            NLOpt:ln-neldermead
#  - differentiation:   Numerical differentiantion (forward)
#.............................................................................................................................................................................
#  Minimum found with precision: |df|/f =  1.00000e-08 and |dx| =  1.00000e-05
#  Elapsed time: 00 days, 00:13:34.4490940
#  iteration            [001643]
#  function evaluations [001645]
#  gradient evaluations [000000]
#  degrees of freedom   [000757]
#  m2lnL     =     701.476522658427 (     681.50702   0.012007664   0.017225711    0.16446932      1.311528     2.5069444     8.2715297      4.592465      3.093328 )
#  Fit parameters:
#     0.243984343216632   -1.31625785816867    -0.834093336091793   -1.14594538605719    -0.457137450950499   -0.434559656649236   -0.454243740441603   -0.123049032722804    0.141161955682094    3.09715206371741    -19.0503433453457    -19.1210153837438    
#----------------------------------------------------------------------------------
# Restarting:              yes
#  - absolute improvement: 0.935657789440484     
#  - relative improvement: 0.00133206373050635   
#  - m2lnL_1  :            702.412180447867      
#  - m2lnL_2  :            701.476522658427      
#----------------------------------------------------------------------------------
# Model fitting. Interating using:
#  - solver:            NLOpt:ln-neldermead
#  - differentiation:   Numerical differentiantion (forward)
#.......................................................................................................................................................................................................................................................................................................................................
#  Minimum found with precision: |df|/f =  1.00000e-08 and |dx| =  1.00000e-05
#  Elapsed time: 00 days, 00:25:58.3739320
#  iteration            [003185]
#  function evaluations [003187]
#  gradient evaluations [000000]
#  degrees of freedom   [000757]
#  m2lnL     =      701.34955099055 (      681.4215  0.0094917461   0.017084045    0.22468006     1.3143184     2.5069444     8.1821942     4.6873407     2.9859944 )
#  Fit parameters:
#     0.244628213741427   -1.32374558341649    -0.828004888449502   -1.17728392870381    -0.501678061782179   -0.309851053960041   -0.3686140031669     -0.0183019316311373   0.141055889405312    3.09692486933598    -19.0506288737637    -19.1203738938093    
#----------------------------------------------------------------------------------
# Restarting:              yes
#  - absolute improvement: 0.126971667876433     
#  - relative improvement: 0.000181006297110615  
#  - m2lnL_2  :            701.476522658427      
#  - m2lnL_3  :            701.34955099055       
#----------------------------------------------------------------------------------
# Model fitting. Interating using:
#  - solver:            NLOpt:ln-neldermead
#  - differentiation:   Numerical differentiantion (forward)
#..........................................................................................................
#  Minimum found with precision: |df|/f =  1.00000e-08 and |dx| =  1.00000e-05
#  Elapsed time: 00 days, 00:07:01.3407290
#  iteration            [000975]
#  function evaluations [000977]
#  gradient evaluations [000000]
#  degrees of freedom   [000757]
#  m2lnL     =     701.336869417307 (     681.39324  0.0093639313   0.019196667    0.22480665     1.3147803     2.5069444      8.184096     4.6648741     3.0195655 )
#  Fit parameters:
#     0.244330617295035   -1.33216409711579    -0.828137737907434   -1.17361123741882    -0.504927811459043   -0.302404460037307   -0.364096106921515    0                    0.141177785464913    3.096908707169      -19.0507594128928    -19.1213889969677    
#----------------------------------------------------------------------------------
# Restarting:              yes
#  - absolute improvement: 0.0126815732429577    
#  - relative improvement: 1.80816730046336e-05  
#  - m2lnL_3  :            701.34955099055       
#  - m2lnL_4  :            701.336869417307      
#----------------------------------------------------------------------------------
# Model fitting. Interating using:
#  - solver:            NLOpt:ln-neldermead
#  - differentiation:   Numerical differentiantion (forward)
#..............................................................................................................................................................
#  Minimum found with precision: |df|/f =  1.00000e-08 and |dx| =  1.00000e-05
#  Elapsed time: 00 days, 00:09:10.6714980
#  iteration            [001491]
#  function evaluations [001493]
#  gradient evaluations [000000]
#  degrees of freedom   [000757]
#  m2lnL     =     701.324239539556 (     681.32047  0.0088447552    0.01752567    0.26667653     1.3188908     2.5069444     8.1583812     4.7103183     3.0161836 )
#  Fit parameters:
#     0.244354893843293   -1.34211162190318    -0.824283143109973   -1.19470187998531    -0.519026842697133   -0.263967757833217   -0.334207204027183   -0.00289958631293665  0.14120680080931     3.09772606598095    -19.0509121805735    -19.1217431620069    
#----------------------------------------------------------------------------------
# Restarting:              yes
#  - absolute improvement: 0.0126298777514648    
#  - relative improvement: 1.80082900275272e-05  
#  - m2lnL_4  :            701.336869417307      
#  - m2lnL_5  :            701.324239539556      
#----------------------------------------------------------------------------------
# Model fitting. Interating using:
#  - solver:            NLOpt:ln-neldermead
#  - differentiation:   Numerical differentiantion (forward)
#.....................................................................................................................................................................................................................................................................
#  Minimum found with precision: |df|/f =  1.00000e-08 and |dx| =  1.00000e-05
#  Elapsed time: 00 days, 00:13:51.3597800
#  iteration            [002528]
#  function evaluations [002530]
#  gradient evaluations [000000]
#  degrees of freedom   [000757]
#  m2lnL     =     701.233760709849 (     681.59417   0.008855759   0.038154418    0.16905999     1.2965272     2.5069444     7.9971311     4.7903625     2.8325536 )
#  Fit parameters:
#     0.245762683028964   -1.24704211665187    -0.848891642623381   -1.11757542360409    -0.719444133692379   -0.208564820573831   -0.000294055230498682 -0.0648078137742251   0.141180286691112    3.09669123792438    -19.0470496710866    -19.1178624788134    
#----------------------------------------------------------------------------------
# Restarting:              yes
#  - absolute improvement: 0.0904788297071946    
#  - relative improvement: 0.000129011410993861  
#  - m2lnL_5  :            701.324239539556      
#  - m2lnL_6  :            701.233760709849      
#----------------------------------------------------------------------------------
# Model fitting. Interating using:
#  - solver:            NLOpt:ln-neldermead
#  - differentiation:   Numerical differentiantion (forward)
#...........................................................................................................................................................................
#  Minimum found with precision: |df|/f =  1.00000e-08 and |dx| =  1.00000e-05
#  Elapsed time: 00 days, 00:07:32.8252470
#  iteration            [001625]
#  function evaluations [001627]
#  gradient evaluations [000000]
#  degrees of freedom   [000757]
#  m2lnL     =     701.209178018251 (     681.57165  0.0070055817   0.041905922    0.17356903     1.2960998     2.5069444     8.0010343     4.7768466     2.8341263 )
#  Fit parameters:
#     0.245712721950261   -1.26666029265225    -0.844151847866219   -1.11832191903609    -0.727853938194138   -0.1904345604293     -0.001387347149263   -0.00180927672931466  0.141152961831397    3.09656041140287    -19.0482286030067    -19.1189060042507    
#----------------------------------------------------------------------------------
# Restarting:              yes
#  - absolute improvement: 0.0245826915976295    
#  - relative improvement: 3.50563435119621e-05  
#  - m2lnL_6  :            701.233760709849      
#  - m2lnL_7  :            701.209178018251      
#----------------------------------------------------------------------------------
# Model fitting. Interating using:
#  - solver:            NLOpt:ln-neldermead
#  - differentiation:   Numerical differentiantion (forward)
#.................................................................................................................................................................................................................................................
#  Minimum found with precision: |df|/f =  1.00000e-08 and |dx| =  1.00000e-05
#  Elapsed time: 00 days, 00:10:15.2467030
#  iteration            [002320]
#  function evaluations [002322]
#  gradient evaluations [000000]
#  degrees of freedom   [000757]
#  m2lnL     =     701.192016664254 (     681.46938  0.0066225613   0.034871187    0.21313862     1.2980408     2.5069444     8.0047975     4.8164631     2.8417567 )
#  Fit parameters:
#     0.245648091297147   -1.28383774441301    -0.837122953763066   -1.14652805501572    -0.73180939409261    -0.167846179597618   -0.000899594641248014 -0.00111323927618179  0.141123830130935    3.09674695076857    -19.0484397552378    -19.119108722836     
#----------------------------------------------------------------------------------
# Restarting:              yes
#  - absolute improvement: 0.0171613539965847    
#  - relative improvement: 2.44739437739334e-05  
#  - m2lnL_7  :            701.209178018251      
#  - m2lnL_8  :            701.192016664254      
#----------------------------------------------------------------------------------
# Model fitting. Interating using:
#  - solver:            NLOpt:ln-neldermead
#  - differentiation:   Numerical differentiantion (forward)
#................................................
#  Minimum found with precision: |df|/f =  1.00000e-08 and |dx| =  1.00000e-05
#  Elapsed time: 00 days, 00:01:37.7631790
#  iteration            [000391]
#  function evaluations [000393]
#  gradient evaluations [000000]
#  degrees of freedom   [000757]
#  m2lnL     =     701.191710625582 (     681.47017  0.0064570756   0.035356611     0.2135636     1.2981735     2.5069444      8.005046     4.8153688     2.8406269 )
#  Fit parameters:
#     0.245651470625825   -1.28487640355927    -0.836828370227682   -1.14629367310429    -0.731917262889423   -0.167562737701266   -0.000911301392727243  0                    0.141122917925867    3.09671559510151    -19.0484942442359    -19.1191100873904    
#----------------------------------------------------------------------------------
# Restarting:              no
#  - absolute improvement: 0.000306038672647446  
#  - relative improvement: 4.36454873093605e-07  
#  - m2lnL_8  :            701.192016664254      
#  - m2lnL_9  :            701.191710625582      
#----------------------------------------------------------------------------------
# Data used:
#   - JLA SNLS3+SDSS Betoule 2014 sys and stat (complete cov)
#   - 6dFGRS -- Beutler (2011), BAO Sample R-Dv
#   - SDSS-DR7-rec -- Padmanabhan (2012), BAO Sample R-Dv
#   - SDSS-DR9-rec -- Anderson (2012), BAO Sample R-Dv
#   - WiggleZ -- Blake (2012), BAO Sample R-Dv
#   - Riess 2008 HST Project sample
#   - Stern 2009 H(z) sample
#   - Moresco 2012 H(z) BC03 sample
#   - WMAP9 distance priors
#----------------------------------------------------------------------------------
# Model[03000]:
#   - NcHICosmo : XCDM - Constant EOS
#----------------------------------------------------------------------------------
# Model parameters
#   -            H0[00]:  70                  [FIXED]
#   -        Omegac[01]:  0.245651470625825   [FREE]
#   -        Omegak[02]:  0                   [FIXED]
#   -       Tgamma0[03]:  2.7245              [FIXED]
#   -            Yp[04]:  0.24                [FIXED]
#   -          ENnu[05]:  3.046               [FIXED]
#   -        Omegab[06]:  0.05                [FIXED]
#   -           w_0[07]: -1.28487640355927    [FREE]
#   -           w_1[08]: -0.836828370227682   [FREE]
#   -           w_2[09]: -1.14629367310429    [FREE]
#   -           w_3[10]: -0.731917262889423   [FREE]
#   -           w_4[11]: -0.167562737701266   [FREE]
#   -           w_5[12]: -0.000911301392727243 [FREE]
#   -           w_6[13]:  0                   [FREE]
#----------------------------------------------------------------------------------
# Model[14000]:
#   - NcSNIADistCov : Supernovae Ia Distance Covariance
#----------------------------------------------------------------------------------
# Model parameters
#   -         alpha[00]:  0.141122917925867   [FREE]
#   -          beta[01]:  3.09671559510151    [FREE]
#   -            M1[02]: -19.0484942442359    [FREE]
#   -            M2[03]: -19.1191100873904    [FREE]
#   -  lnsigma_pecz[04]: -7.60021041          [FIXED]
#   -  lnsigma_lens[05]: -2.90042209374967    [FIXED]
#   - lnsigma_int_0[06]: -2.52572864430826    [FIXED]
#   - lnsigma_int_1[07]: -2.22562405185792    [FIXED]
#   - lnsigma_int_2[08]: -2.00991547903123    [FIXED]
#   - lnsigma_int_3[09]: -2.30258509299405    [FIXED]
#----------------------------------------------------------------------------------
# NcmMSet parameters covariance matrix
#                                                  -------------------------------------------------------------------------------------------------------------------------------------------------------------------------------------
# Omegac[03000:01] =  0.2457      +/- -nan         | -1           | -nan         | -nan         | -nan         |  1.171       | -1.163       | -nan         | -1.15        | -nan         | -nan         | -nan         | -nan         |
#    w_0[03000:07] = -1.285       +/-  0.5605      | -nan         |  1           | -0.8359      |  0.2074      | -nan         | -nan         |  0.3385      | -nan         | -0.05604     | -0.02992     |  0.6043      |  0.5569      |
#    w_1[03000:08] = -0.8368      +/-  0.1865      | -nan         | -0.8359      |  1           | -0.2364      | -nan         | -nan         | -0.3263      | -nan         |  0.01405     | -0.0197      | -0.2316      | -0.2267      |
#    w_2[03000:09] = -1.146       +/-  0.311       | -nan         |  0.2074      | -0.2364      |  1           | -nan         | -nan         |  0.3483      | -nan         |  0.01152     |  0.004175    | -0.04581     | -0.03263     |
#    w_3[03000:10] = -0.7319      +/- -nan         |  1.171       | -nan         | -nan         | -nan         | -1           |  1.035       | -nan         |  1.038       | -nan         | -nan         | -nan         | -nan         |
#    w_4[03000:11] = -0.1676      +/- -nan         | -1.163       | -nan         | -nan         | -nan         |  1.035       | -1           | -nan         | -1.005       | -nan         | -nan         | -nan         | -nan         |
#    w_5[03000:12] = -0.0009113   +/-  0.4967      | -nan         |  0.3385      | -0.3263      |  0.3483      | -nan         | -nan         |  1           | -nan         | -0.01358     | -0.01048     |  0.2337      |  0.2164      |
#    w_6[03000:13] =  0           +/- -nan         | -1.15        | -nan         | -nan         | -nan         |  1.038       | -1.005       | -nan         | -1           | -nan         | -nan         | -nan         | -nan         |
#  alpha[14000:00] =  0.1411      +/-  0.00933     | -nan         | -0.05604     |  0.01405     |  0.01152     | -nan         | -nan         | -0.01358     | -nan         |  1           | -0.05027     |  0.02483     | -0.1703      |
#   beta[14000:01] =  3.097       +/-  0.1137      | -nan         | -0.02992     | -0.0197      |  0.004175    | -nan         | -nan         | -0.01048     | -nan         | -0.05027     |  1           |  0.008111    | -0.01059     |
#     M1[14000:02] = -19.05       +/-  0.03884     | -nan         |  0.6043      | -0.2316      | -0.04581     | -nan         | -nan         |  0.2337      | -nan         |  0.02483     |  0.008111    |  1           |  0.6724      |
#     M2[14000:03] = -19.12       +/-  0.04165     | -nan         |  0.5569      | -0.2267      | -0.03263     | -nan         | -nan         |  0.2164      | -nan         | -0.1703      | -0.01059     |  0.6724      |  1           |
#                                                  -------------------------------------------------------------------------------------------------------------------------------------------------------------------------------------
