#----------------------------------------------------------------------------------
# Model[03000]:
#   - NcHICosmo : XCDM - Constant EOS
#----------------------------------------------------------------------------------
# Model parameters
#   -            H0[00]:  70                  [FIXED]
#   -        Omegac[01]:  0.25                [FIXED]
#   -        Omegak[02]:  0                   [FIXED]
#   -       Tgamma0[03]:  2.7245              [FIXED]
#   -            Yp[04]:  0.24                [FIXED]
#   -          ENnu[05]:  3.046               [FIXED]
#   -        Omegab[06]:  0.05                [FIXED]
#   -           w_0[07]: -1                   [FIXED]
#   -           w_1[08]: -1                   [FIXED]
#   -           w_2[09]: -1                   [FIXED]
#   -           w_3[10]: -1                   [FIXED]
#----------------------------------------------------------------------------------
# Model[14000]:
#   - NcSNIADistCov : Supernovae Ia Distance Covariance
#----------------------------------------------------------------------------------
# Model parameters
#   -         alpha[00]:  0.145               [FIXED]
#   -          beta[01]:  3.16                [FIXED]
#   -            M1[02]: -19                  [FIXED]
#   -            M2[03]: -19.2                [FIXED]
#   -  lnsigma_pecz[04]: -7.60021041          [FIXED]
#   -  lnsigma_lens[05]: -2.90042209374967    [FIXED]
#   - lnsigma_int_0[06]: -2.52572864430826    [FIXED]
#   - lnsigma_int_1[07]: -2.22562405185792    [FIXED]
#   - lnsigma_int_2[08]: -2.00991547903123    [FIXED]
#   - lnsigma_int_3[09]: -2.30258509299405    [FIXED]
#----------------------------------------------------------------------------------
# Model fitting. Interating using:
#  - solver:            NLOpt:ln-neldermead
#  - differentiation:   Numerical differentiantion (forward)
#................................................................................................................................................................................................................................................................
#  Minimum found with precision: |df|/f =  1.00000e-08 and |dx| =  1.00000e-05
#  Elapsed time: 00 days, 00:11:42.8765770
#  iteration            [002478]
#  function evaluations [002480]
#  gradient evaluations [000000]
#  degrees of freedom   [000760]
#  m2lnL     =     706.051960606005 (     684.34098    0.15479011    0.17175134    0.17130178     1.3867089     2.5069444     8.2644687     4.2064086     4.8486069 )
#  Fit parameters:
#     0.23490613540054    -1.11705653110079    -1.03103277565204    -0.597883556777199   -0.46199708416754     0.141622108832018    3.08801875432717    -19.0601495152157    -19.1376275723652    
#----------------------------------------------------------------------------------
# Restarting:              yes
#  - absolute improvement: 48.4014350747414      
#  - relative improvement: 0.0641543074122803    
#  - m2lnL_0  :            754.453395680746      
#  - m2lnL_1  :            706.051960606005      
#----------------------------------------------------------------------------------
# Model fitting. Interating using:
#  - solver:            NLOpt:ln-neldermead
#  - differentiation:   Numerical differentiantion (forward)
#............................................................................................................................................................................................................................................................................................
#  Minimum found with precision: |df|/f =  1.00000e-08 and |dx| =  1.00000e-05
#  Elapsed time: 00 days, 00:10:05.7427520
#  iteration            [002754]
#  function evaluations [002756]
#  gradient evaluations [000000]
#  degrees of freedom   [000760]
#  m2lnL     =     702.843052585742 (     683.10316    0.02739099    0.14380234   0.008566148     1.3689588     2.5069444     8.1452404     4.7552302      2.783759 )
#  Fit parameters:
#     0.246230090140653   -1.01265954675531    -0.947038905439207   -0.607328894682611   -0.137880607947611    0.14107221589061     3.09749548800008    -19.0427798291252    -19.1131033282311    
#----------------------------------------------------------------------------------
# Restarting:              yes
#  - absolute improvement: 3.20890802026304      
#  - relative improvement: 0.00454486100075245   
#  - m2lnL_1  :            706.051960606005      
#  - m2lnL_2  :            702.843052585742      
#----------------------------------------------------------------------------------
# Model fitting. Interating using:
#  - solver:            NLOpt:ln-neldermead
#  - differentiation:   Numerical differentiantion (forward)
#..............................................................................................................
#  Minimum found with precision: |df|/f =  1.00000e-08 and |dx| =  1.00000e-05
#  Elapsed time: 00 days, 00:02:52.2340940
#  iteration            [001016]
#  function evaluations [001018]
#  gradient evaluations [000000]
#  degrees of freedom   [000760]
#  m2lnL     =     702.688593484789 (     683.05388   0.025370827    0.10410135  0.0051331729     1.3453716     2.5069444      8.008845     4.9682027     2.6707478 )
#  Fit parameters:
#     0.246469508513557   -0.968974990135431   -0.934797248413423   -0.668987948159283   -0.434261925698199    0.14095313886232     3.09544087363474    -19.037307441742     -19.1079493895912    
#----------------------------------------------------------------------------------
# Restarting:              yes
#  - absolute improvement: 0.154459100952749     
#  - relative improvement: 0.000219763289093487  
#  - m2lnL_2  :            702.843052585742      
#  - m2lnL_3  :            702.688593484789      
#----------------------------------------------------------------------------------
# Model fitting. Interating using:
#  - solver:            NLOpt:ln-neldermead
#  - differentiation:   Numerical differentiantion (forward)
#......................................
#  Minimum found with precision: |df|/f =  1.00000e-08 and |dx| =  1.00000e-05
#  Elapsed time: 00 days, 00:00:49.5299040
#  iteration            [000297]
#  function evaluations [000299]
#  gradient evaluations [000000]
#  degrees of freedom   [000760]
#  m2lnL     =      702.68856244035 (     683.05079   0.025670976    0.10330174  0.0050099146     1.3451856     2.5069444     8.0080786     4.9661976     2.6773818 )
#  Fit parameters:
#     0.246410619257604   -0.969073089668118   -0.934850109614899   -0.668841827709791   -0.43511907619294     0.140947104382805    3.0953336084454     -19.0373448390428    -19.1080018561037    
#----------------------------------------------------------------------------------
# Restarting:              no
#  - absolute improvement: 3.10444388560427e-05  
#  - relative improvement: 4.4179511584337e-08   
#  - m2lnL_3  :            702.688593484789      
#  - m2lnL_4  :            702.68856244035       
#----------------------------------------------------------------------------------
# Data used:
#   - JLA SNLS3+SDSS Betoule 2014 sys and stat (complete cov)
#   - 6dFGRS -- Beutler (2011), BAO Sample R-Dv
#   - SDSS-DR7-rec -- Padmanabhan (2012), BAO Sample R-Dv
#   - SDSS-DR9-rec -- Anderson (2012), BAO Sample R-Dv
#   - WiggleZ -- Blake (2012), BAO Sample R-Dv
#   - Riess 2008 HST Project sample
#   - Stern 2009 H(z) sample
#   - Moresco 2012 H(z) BC03 sample
#   - WMAP9 distance priors
#----------------------------------------------------------------------------------
# Model[03000]:
#   - NcHICosmo : XCDM - Constant EOS
#----------------------------------------------------------------------------------
# Model parameters
#   -            H0[00]:  70                  [FIXED]
#   -        Omegac[01]:  0.246410619257604   [FREE]
#   -        Omegak[02]:  0                   [FIXED]
#   -       Tgamma0[03]:  2.7245              [FIXED]
#   -            Yp[04]:  0.24                [FIXED]
#   -          ENnu[05]:  3.046               [FIXED]
#   -        Omegab[06]:  0.05                [FIXED]
#   -           w_0[07]: -0.969073089668118   [FREE]
#   -           w_1[08]: -0.934850109614899   [FREE]
#   -           w_2[09]: -0.668841827709791   [FREE]
#   -           w_3[10]: -0.43511907619294    [FREE]
#----------------------------------------------------------------------------------
# Model[14000]:
#   - NcSNIADistCov : Supernovae Ia Distance Covariance
#----------------------------------------------------------------------------------
# Model parameters
#   -         alpha[00]:  0.140947104382805   [FREE]
#   -          beta[01]:  3.0953336084454     [FREE]
#   -            M1[02]: -19.0373448390428    [FREE]
#   -            M2[03]: -19.1080018561037    [FREE]
#   -  lnsigma_pecz[04]: -7.60021041          [FIXED]
#   -  lnsigma_lens[05]: -2.90042209374967    [FIXED]
#   - lnsigma_int_0[06]: -2.52572864430826    [FIXED]
#   - lnsigma_int_1[07]: -2.22562405185792    [FIXED]
#   - lnsigma_int_2[08]: -2.00991547903123    [FIXED]
#   - lnsigma_int_3[09]: -2.30258509299405    [FIXED]
#----------------------------------------------------------------------------------
# NcmMSet parameters covariance matrix
#                                                  ----------------------------------------------------------------------------------------------------------------------------------------
# Omegac[03000:01] =  0.2464      +/-  0.01108     |  1           |  0.203       |  0.311       | -0.09401     |  0.05966     | -0.04021     | -0.05466     |  0.3653      |  0.3172      |
#    w_0[03000:07] = -0.9691      +/-  0.1315      |  0.203       |  1           |  0.5214      | -0.8965      | -0.8027      | -0.06419     | -0.0695      |  0.6308      |  0.5522      |
#    w_1[03000:08] = -0.9349      +/-  0.04846     |  0.311       |  0.5214      |  1           | -0.09197     |  0.07187     | -0.06066     | -0.07962     |  0.56        |  0.4869      |
#    w_2[03000:09] = -0.6688      +/-  0.261       | -0.09401     | -0.8965      | -0.09197     |  1           |  0.9647      |  0.04391     |  0.04049     | -0.4498      | -0.3954      |
#    w_3[03000:10] = -0.4351      +/-  1.104       |  0.05966     | -0.8027      |  0.07187     |  0.9647      |  1           |  0.03139     |  0.02393     | -0.3346      | -0.2953      |
#  alpha[14000:00] =  0.1409      +/-  0.006589    | -0.04021     | -0.06419     | -0.06066     |  0.04391     |  0.03139     |  1           | -0.05064     |  0.04747     | -0.1686      |
#   beta[14000:01] =  3.095       +/-  0.08046     | -0.05466     | -0.0695      | -0.07962     |  0.04049     |  0.02393     | -0.05064     |  1           |  0.01051     | -0.01027     |
#     M1[14000:02] = -19.04       +/-  0.02468     |  0.3653      |  0.6308      |  0.56        | -0.4498      | -0.3346      |  0.04747     |  0.01051     |  1           |  0.601       |
#     M2[14000:03] = -19.11       +/-  0.02686     |  0.3172      |  0.5522      |  0.4869      | -0.3954      | -0.2953      | -0.1686      | -0.01027     |  0.601       |  1           |
#                                                  ----------------------------------------------------------------------------------------------------------------------------------------
