#----------------------------------------------------------------------------------
# Model[03000]:
#   - NcHICosmo : XCDM - Constant EOS
#----------------------------------------------------------------------------------
# Model parameters
#   -            H0[00]:  70                  [FIXED]
#   -        Omegac[01]:  0.25                [FIXED]
#   -        Omegak[02]:  0                   [FIXED]
#   -       Tgamma0[03]:  2.7245              [FIXED]
#   -            Yp[04]:  0.24                [FIXED]
#   -          ENnu[05]:  3.046               [FIXED]
#   -        Omegab[06]:  0.05                [FIXED]
#   -           w_0[07]: -1                   [FIXED]
#   -           w_1[08]: -1                   [FIXED]
#   -           w_2[09]: -1                   [FIXED]
#   -           w_3[10]: -1                   [FIXED]
#   -           w_4[11]: -1                   [FIXED]
#   -           w_5[12]: -1                   [FIXED]
#   -           w_6[13]: -1                   [FIXED]
#   -           w_7[14]: -1                   [FIXED]
#----------------------------------------------------------------------------------
# Model[14000]:
#   - NcSNIADistCov : Supernovae Ia Distance Covariance
#----------------------------------------------------------------------------------
# Model parameters
#   -         alpha[00]:  0.145               [FIXED]
#   -          beta[01]:  3.16                [FIXED]
#   -            M1[02]: -19                  [FIXED]
#   -            M2[03]: -19.2                [FIXED]
#   -  lnsigma_pecz[04]: -7.60021041          [FIXED]
#   -  lnsigma_lens[05]: -2.90042209374967    [FIXED]
#   - lnsigma_int_0[06]: -2.52572864430826    [FIXED]
#   - lnsigma_int_1[07]: -2.22562405185792    [FIXED]
#   - lnsigma_int_2[08]: -2.00991547903123    [FIXED]
#   - lnsigma_int_3[09]: -2.30258509299405    [FIXED]
#----------------------------------------------------------------------------------
# Model fitting. Interating using:
#  - solver:            NLOpt:ln-neldermead
#  - differentiation:   Numerical differentiantion (forward)
#................................................................................................................................................................................................................................................................................................................................................................................................................................................................................
#  Minimum found with precision: |df|/f =  1.00000e-08 and |dx| =  1.00000e-05
#  Elapsed time: 00 days, 00:37:12.0963300
#  iteration            [004559]
#  function evaluations [004561]
#  gradient evaluations [000000]
#  degrees of freedom   [000756]
#  m2lnL     =     701.401902734954 (     681.31132  0.0049763181   0.029614868    0.25375523     1.3154225     2.5069444     8.0653022     4.7752183     3.1393439 )
#  Fit parameters:
#     0.243521888297866   -1.3686472960104     -0.81987093300067    -1.1101005019669     -0.998373426683872   -0.0515752850153169  -0.577509191000524   -0.310580489405904   -0.50892559799534     0.141122751580642    3.09713669240901    -19.0517094902567    -19.1221162447228    
#----------------------------------------------------------------------------------
# Restarting:              yes
#  - absolute improvement: 53.0514929457917      
#  - relative improvement: 0.0703177866910164    
#  - m2lnL_0  :            754.453395680746      
#  - m2lnL_1  :            701.401902734954      
#----------------------------------------------------------------------------------
# Model fitting. Interating using:
#  - solver:            NLOpt:ln-neldermead
#  - differentiation:   Numerical differentiantion (forward)
#...........................................................................................................................................................................................................................................................................
#  Minimum found with precision: |df|/f =  1.00000e-08 and |dx| =  1.00000e-05
#  Elapsed time: 00 days, 00:21:05.4027160
#  iteration            [002587]
#  function evaluations [002589]
#  gradient evaluations [000000]
#  degrees of freedom   [000756]
#  m2lnL     =     701.216124888729 (     681.40208  0.0069119022   0.035120202    0.22087881     1.3038705     2.5069444     8.0351894     4.8281819     2.8769518 )
#  Fit parameters:
#     0.24540174348702    -1.30678212491115    -0.837700516949506   -1.09298635472397    -1.03658586077191    -0.07477642532788    -0.369770090657138   -0.385660288581475   -1.88725448611639e-06  0.141121010233803    3.09653853198983    -19.0491522897212    -19.1197932834017    
#----------------------------------------------------------------------------------
# Restarting:              yes
#  - absolute improvement: 0.185777846225506     
#  - relative improvement: 0.000264866470280602  
#  - m2lnL_1  :            701.401902734954      
#  - m2lnL_2  :            701.216124888729      
#----------------------------------------------------------------------------------
# Model fitting. Interating using:
#  - solver:            NLOpt:ln-neldermead
#  - differentiation:   Numerical differentiantion (forward)
#...........................................
#  Minimum found with precision: |df|/f =  1.00000e-08 and |dx| =  1.00000e-05
#  Elapsed time: 00 days, 00:02:35.1003650
#  iteration            [000342]
#  function evaluations [000344]
#  gradient evaluations [000000]
#  degrees of freedom   [000756]
#  m2lnL     =      701.21606705776 (     681.40245  0.0067090368   0.035598109    0.22151364     1.3040512     2.5069444     8.0355093     4.8269759       2.87632 )
#  Fit parameters:
#     0.245392977894411   -1.30826938687078    -0.837242038061238   -1.09276361222085    -1.03648246677538    -0.0747616036171275  -0.369703097718021   -0.385574071006223    0                    0.141130279638443    3.09658263300076    -19.0491748631893    -19.1198441597921    
#----------------------------------------------------------------------------------
# Restarting:              no
#  - absolute improvement: 5.78309684442502e-05  
#  - relative improvement: 8.24723881719448e-08  
#  - m2lnL_2  :            701.216124888729      
#  - m2lnL_3  :            701.21606705776       
#----------------------------------------------------------------------------------
# Data used:
#   - JLA SNLS3+SDSS Betoule 2014 sys and stat (complete cov)
#   - 6dFGRS -- Beutler (2011), BAO Sample R-Dv
#   - SDSS-DR7-rec -- Padmanabhan (2012), BAO Sample R-Dv
#   - SDSS-DR9-rec -- Anderson (2012), BAO Sample R-Dv
#   - WiggleZ -- Blake (2012), BAO Sample R-Dv
#   - Riess 2008 HST Project sample
#   - Stern 2009 H(z) sample
#   - Moresco 2012 H(z) BC03 sample
#   - WMAP9 distance priors
#----------------------------------------------------------------------------------
# Model[03000]:
#   - NcHICosmo : XCDM - Constant EOS
#----------------------------------------------------------------------------------
# Model parameters
#   -            H0[00]:  70                  [FIXED]
#   -        Omegac[01]:  0.245392977894411   [FREE]
#   -        Omegak[02]:  0                   [FIXED]
#   -       Tgamma0[03]:  2.7245              [FIXED]
#   -            Yp[04]:  0.24                [FIXED]
#   -          ENnu[05]:  3.046               [FIXED]
#   -        Omegab[06]:  0.05                [FIXED]
#   -           w_0[07]: -1.30826938687078    [FREE]
#   -           w_1[08]: -0.837242038061238   [FREE]
#   -           w_2[09]: -1.09276361222085    [FREE]
#   -           w_3[10]: -1.03648246677538    [FREE]
#   -           w_4[11]: -0.0747616036171275  [FREE]
#   -           w_5[12]: -0.369703097718021   [FREE]
#   -           w_6[13]: -0.385574071006223   [FREE]
#   -           w_7[14]:  0                   [FREE]
#----------------------------------------------------------------------------------
# Model[14000]:
#   - NcSNIADistCov : Supernovae Ia Distance Covariance
#----------------------------------------------------------------------------------
# Model parameters
#   -         alpha[00]:  0.141130279638443   [FREE]
#   -          beta[01]:  3.09658263300076    [FREE]
#   -            M1[02]: -19.0491748631893    [FREE]
#   -            M2[03]: -19.1198441597921    [FREE]
#   -  lnsigma_pecz[04]: -7.60021041          [FIXED]
#   -  lnsigma_lens[05]: -2.90042209374967    [FIXED]
#   - lnsigma_int_0[06]: -2.52572864430826    [FIXED]
#   - lnsigma_int_1[07]: -2.22562405185792    [FIXED]
#   - lnsigma_int_2[08]: -2.00991547903123    [FIXED]
#   - lnsigma_int_3[09]: -2.30258509299405    [FIXED]
#----------------------------------------------------------------------------------
# NcmMSet parameters covariance matrix
#                                                  ----------------------------------------------------------------------------------------------------------------------------------------------------------------------------------------------------
# Omegac[03000:01] =  0.2454      +/-  0.02172     |  1           |  0.3644      | -0.2502      |  0.1478      | -0.4995      | -nan         | -nan         | -nan         |  0.5392      | -0.04923     | -0.04929     |  0.462       |  0.425       |
#    w_0[03000:07] = -1.308       +/-  0.7498      |  0.3644      |  1           | -0.8844      |  0.3991      | -0.2245      | -nan         | -nan         | -nan         | -0.02714     | -0.06269     | -0.03234     |  0.7145      |  0.6716      |
#    w_1[03000:08] = -0.8372      +/-  0.2302      | -0.2502      | -0.8844      |  1           | -0.2852      |  0.1011      | -nan         | -nan         | -nan         | -0.1035      |  0.02829     | -0.01182     | -0.4471      | -0.4302      |
#    w_2[03000:09] = -1.093       +/-  0.3399      |  0.1478      |  0.3991      | -0.2852      |  1           | -0.2726      | -nan         | -nan         | -nan         | -0.1387      | -0.004914    | -0.007609    |  0.1945      |  0.1891      |
#    w_3[03000:10] = -1.036       +/-  0.6049      | -0.4995      | -0.2245      |  0.1011      | -0.2726      |  1           | -nan         | -nan         | -nan         | -0.1841      |  0.02561     |  0.03087     | -0.2722      | -0.2509      |
#    w_4[03000:11] = -0.07476     +/- -nan         | -nan         | -nan         | -nan         | -nan         | -nan         | -1           |  1.03        |  1.03        | -nan         | -nan         | -nan         | -nan         | -nan         |
#    w_5[03000:12] = -0.3697      +/- -nan         | -nan         | -nan         | -nan         | -nan         | -nan         |  1.03        | -1           | -1.088       | -nan         | -nan         | -nan         | -nan         | -nan         |
#    w_6[03000:13] = -0.3856      +/- -nan         | -nan         | -nan         | -nan         | -nan         | -nan         |  1.03        | -1.088       | -1           | -nan         | -nan         | -nan         | -nan         | -nan         |
#    w_7[03000:14] =  0           +/-  5.447       |  0.5392      | -0.02714     | -0.1035      | -0.1387      | -0.1841      | -nan         | -nan         | -nan         |  1           | -0.001176    | -0.001756    |  0.007438    |  0.006704    |
#  alpha[14000:00] =  0.1411      +/-  0.009334    | -0.04923     | -0.06269     |  0.02829     | -0.004914    |  0.02561     | -nan         | -nan         | -nan         | -0.001176    |  1           | -0.05012     |  0.006651    | -0.1656      |
#   beta[14000:01] =  3.097       +/-  0.1136      | -0.04929     | -0.03234     | -0.01182     | -0.007609    |  0.03087     | -nan         | -nan         | -nan         | -0.001756    | -0.05012     |  1           |  0.0005487   | -0.01565     |
#     M1[14000:02] = -19.05       +/-  0.04442     |  0.462       |  0.7145      | -0.4471      |  0.1945      | -0.2722      | -nan         | -nan         | -nan         |  0.007438    |  0.006651    |  0.0005487   |  1           |  0.7448      |
#     M2[14000:03] = -19.12       +/-  0.04684     |  0.425       |  0.6716      | -0.4302      |  0.1891      | -0.2509      | -nan         | -nan         | -nan         |  0.006704    | -0.1656      | -0.01565     |  0.7448      |  1           |
#                                                  ----------------------------------------------------------------------------------------------------------------------------------------------------------------------------------------------------
