#----------------------------------------------------------------------------------
# Model[03000]:
#   - NcHICosmo : XCDM - Constant EOS
#----------------------------------------------------------------------------------
# Model parameters
#   -            H0[00]:  70                  [FIXED]
#   -        Omegac[01]:  0.25                [FIXED]
#   -        Omegak[02]:  0                   [FIXED]
#   -       Tgamma0[03]:  2.7245              [FIXED]
#   -            Yp[04]:  0.24                [FIXED]
#   -          ENnu[05]:  3.046               [FIXED]
#   -        Omegab[06]:  0.05                [FIXED]
#   -           w_0[07]: -1                   [FIXED]
#   -           w_1[08]: -1                   [FIXED]
#   -           w_2[09]: -1                   [FIXED]
#----------------------------------------------------------------------------------
# Model[14000]:
#   - NcSNIADistCov : Supernovae Ia Distance Covariance
#----------------------------------------------------------------------------------
# Model parameters
#   -         alpha[00]:  0.145               [FIXED]
#   -          beta[01]:  3.16                [FIXED]
#   -            M1[02]: -19                  [FIXED]
#   -            M2[03]: -19.2                [FIXED]
#   -  lnsigma_pecz[04]: -7.60021041          [FIXED]
#   -  lnsigma_lens[05]: -2.90042209374967    [FIXED]
#   - lnsigma_int_0[06]: -2.52572864430826    [FIXED]
#   - lnsigma_int_1[07]: -2.22562405185792    [FIXED]
#   - lnsigma_int_2[08]: -2.00991547903123    [FIXED]
#   - lnsigma_int_3[09]: -2.30258509299405    [FIXED]
#----------------------------------------------------------------------------------
# Model fitting. Interating using:
#  - solver:            NLOpt:ln-neldermead
#  - differentiation:   Numerical differentiantion (forward)
#........................................................................
#  Minimum found with precision: |df|/f =  1.00000e-08 and |dx| =  1.00000e-05
#  Elapsed time: 00 days, 00:02:38.5567640
#  iteration            [000638]
#  function evaluations [000640]
#  gradient evaluations [000000]
#  degrees of freedom   [000761]
#  m2lnL     =     713.671660122539 (     684.47257    0.89081752    0.52317025    0.75298876     1.3676156     2.5069444      8.377346     4.2825151     10.497689 )
#  Fit parameters:
#     0.224231202818799   -1.12391270132117    -1.02409056814871    -1.03312083916227     0.142010907395337    3.11501189023752    -19.072785996413     -19.1416030299135    
#----------------------------------------------------------------------------------
# Restarting:              yes
#  - absolute improvement: 40.7817355582075      
#  - relative improvement: 0.0540546782500859    
#  - m2lnL_0  :            754.453395680746      
#  - m2lnL_1  :            713.671660122539      
#----------------------------------------------------------------------------------
# Model fitting. Interating using:
#  - solver:            NLOpt:ln-neldermead
#  - differentiation:   Numerical differentiantion (forward)
#..........................................................................................................................................................................................................................................................
#  Minimum found with precision: |df|/f =  1.00000e-08 and |dx| =  1.00000e-05
#  Elapsed time: 00 days, 00:10:59.8613480
#  iteration            [002419]
#  function evaluations [002421]
#  gradient evaluations [000000]
#  degrees of freedom   [000761]
#  m2lnL     =      702.98715617701 (     683.15467   0.028242683    0.17984902   0.017150109     1.3823225     2.5069444     8.2106448     4.6294972     2.8778394 )
#  Fit parameters:
#     0.245304299758639   -1.03678285011974    -0.954332495768065   -4.32735753864008e-05  0.141167403373229    3.09818270187462    -19.0462612809087    -19.1163397795408    
#----------------------------------------------------------------------------------
# Restarting:              yes
#  - absolute improvement: 10.6845039455286      
#  - relative improvement: 0.014971175881769     
#  - m2lnL_1  :            713.671660122539      
#  - m2lnL_2  :            702.98715617701       
#----------------------------------------------------------------------------------
# Model fitting. Interating using:
#  - solver:            NLOpt:ln-neldermead
#  - differentiation:   Numerical differentiantion (forward)
#................................
#  Minimum found with precision: |df|/f =  1.00000e-08 and |dx| =  1.00000e-05
#  Elapsed time: 00 days, 00:01:02.4691020
#  iteration            [000237]
#  function evaluations [000239]
#  gradient evaluations [000000]
#  degrees of freedom   [000761]
#  m2lnL     =     702.986958742357 (     683.15305   0.028674127    0.17786077   0.016566787     1.3819794     2.5069444      8.209651     4.6284652     2.8837677 )
#  Fit parameters:
#     0.245261044771929   -1.03679834415415    -0.954357605563136   -1.32890607074911e-05  0.141195687532088    3.09882041976478    -19.04625202289      -19.1164200137975    
#----------------------------------------------------------------------------------
# Restarting:              no
#  - absolute improvement: 0.000197434652932316  
#  - relative improvement: 2.80851010146482e-07  
#  - m2lnL_2  :            702.98715617701       
#  - m2lnL_3  :            702.986958742357      
#----------------------------------------------------------------------------------
# Data used:
#   - JLA SNLS3+SDSS Betoule 2014 sys and stat (complete cov)
#   - 6dFGRS -- Beutler (2011), BAO Sample R-Dv
#   - SDSS-DR7-rec -- Padmanabhan (2012), BAO Sample R-Dv
#   - SDSS-DR9-rec -- Anderson (2012), BAO Sample R-Dv
#   - WiggleZ -- Blake (2012), BAO Sample R-Dv
#   - Riess 2008 HST Project sample
#   - Stern 2009 H(z) sample
#   - Moresco 2012 H(z) BC03 sample
#   - WMAP9 distance priors
#----------------------------------------------------------------------------------
# Model[03000]:
#   - NcHICosmo : XCDM - Constant EOS
#----------------------------------------------------------------------------------
# Model parameters
#   -            H0[00]:  70                  [FIXED]
#   -        Omegac[01]:  0.245261044771929   [FREE]
#   -        Omegak[02]:  0                   [FIXED]
#   -       Tgamma0[03]:  2.7245              [FIXED]
#   -            Yp[04]:  0.24                [FIXED]
#   -          ENnu[05]:  3.046               [FIXED]
#   -        Omegab[06]:  0.05                [FIXED]
#   -           w_0[07]: -1.03679834415415    [FREE]
#   -           w_1[08]: -0.954357605563136   [FREE]
#   -           w_2[09]: -1.32890607074911e-05 [FREE]
#----------------------------------------------------------------------------------
# Model[14000]:
#   - NcSNIADistCov : Supernovae Ia Distance Covariance
#----------------------------------------------------------------------------------
# Model parameters
#   -         alpha[00]:  0.141195687532088   [FREE]
#   -          beta[01]:  3.09882041976478    [FREE]
#   -            M1[02]: -19.04625202289      [FREE]
#   -            M2[03]: -19.1164200137975    [FREE]
#   -  lnsigma_pecz[04]: -7.60021041          [FIXED]
#   -  lnsigma_lens[05]: -2.90042209374967    [FIXED]
#   - lnsigma_int_0[06]: -2.52572864430826    [FIXED]
#   - lnsigma_int_1[07]: -2.22562405185792    [FIXED]
#   - lnsigma_int_2[08]: -2.00991547903123    [FIXED]
#   - lnsigma_int_3[09]: -2.30258509299405    [FIXED]
#----------------------------------------------------------------------------------
# NcmMSet parameters covariance matrix
#                                                  -------------------------------------------------------------------------------------------------------------------------
# Omegac[03000:01] =  0.2453      +/-  0.01285     |  1           | -0.9034      |  1.14        | -nan         | -0.01831     | -0.02785     |  0.2177      |  0.1709      |
#    w_0[03000:07] = -1.037       +/-  0.002989    | -0.9034      |  1           | -1.029       | -nan         |  0.01641     |  0.02504     | -0.1949      | -0.1529      |
#    w_1[03000:08] = -0.9544      +/-  0.0002438   |  1.14        | -1.029       |  1           | -nan         | -0.02083     | -0.03169     |  0.2478      |  0.1945      |
#    w_2[03000:09] = -1.329e-05   +/- -nan         | -nan         | -nan         | -nan         | -1           | -nan         | -nan         | -nan         | -nan         |
#  alpha[14000:00] =  0.1412      +/-  0.009298    | -0.01831     |  0.01641     | -0.02083     | -nan         |  1           | -0.0576      |  0.1356      | -0.157       |
#   beta[14000:01] =  3.099       +/-  0.1134      | -0.02785     |  0.02504     | -0.03169     | -nan         | -0.0576      |  1           |  0.09975     |  0.05437     |
#     M1[14000:02] = -19.05       +/-  0.0252      |  0.2177      | -0.1949      |  0.2478      | -nan         |  0.1356      |  0.09975     |  1           |  0.3175      |
#     M2[14000:03] = -19.12       +/-  0.03027     |  0.1709      | -0.1529      |  0.1945      | -nan         | -0.157       |  0.05437     |  0.3175      |  1           |
#                                                  -------------------------------------------------------------------------------------------------------------------------
