#----------------------------------------------------------------------------------
# Model[03000]:
#   - NcHICosmo : XCDM - Constant EOS
#----------------------------------------------------------------------------------
# Model parameters
#   -            H0[00]:  70                  [FIXED]
#   -        Omegac[01]:  0.25                [FIXED]
#   -        Omegak[02]:  0                   [FIXED]
#   -       Tgamma0[03]:  2.7245              [FIXED]
#   -            Yp[04]:  0.24                [FIXED]
#   -          ENnu[05]:  3.046               [FIXED]
#   -        Omegab[06]:  0.05                [FIXED]
#   -           w_0[07]: -1                   [FIXED]
#   -           w_1[08]: -1                   [FIXED]
#   -           w_2[09]: -1                   [FIXED]
#   -           w_3[10]: -1                   [FIXED]
#   -           w_4[11]: -1                   [FIXED]
#   -           w_5[12]: -1                   [FIXED]
#----------------------------------------------------------------------------------
# Model[14000]:
#   - NcSNIADistCov : Supernovae Ia Distance Covariance
#----------------------------------------------------------------------------------
# Model parameters
#   -         alpha[00]:  0.145               [FIXED]
#   -          beta[01]:  3.16                [FIXED]
#   -            M1[02]: -19                  [FIXED]
#   -            M2[03]: -19.2                [FIXED]
#   -  lnsigma_pecz[04]: -7.60021041          [FIXED]
#   -  lnsigma_lens[05]: -2.90042209374967    [FIXED]
#   - lnsigma_int_0[06]: -2.52572864430826    [FIXED]
#   - lnsigma_int_1[07]: -2.22562405185792    [FIXED]
#   - lnsigma_int_2[08]: -2.00991547903123    [FIXED]
#   - lnsigma_int_3[09]: -2.30258509299405    [FIXED]
#----------------------------------------------------------------------------------
# Model fitting. Interating using:
#  - solver:            NLOpt:ln-neldermead
#  - differentiation:   Numerical differentiantion (forward)
#.......................................................................................................................................................................................................................................
#  Minimum found with precision: |df|/f =  1.00000e-08 and |dx| =  1.00000e-05
#  Elapsed time: 00 days, 00:17:22.5521690
#  iteration            [002228]
#  function evaluations [002230]
#  gradient evaluations [000000]
#  degrees of freedom   [000758]
#  m2lnL     =     712.313784148594 (     682.26723    0.52843415    0.59325875    0.51806981     1.1456317     2.5069444     9.1632491     5.0232579      10.56771 )
#  Fit parameters:
#     0.224503178747639   -1.45503118205816    -0.884002218135226   -1.16213054605346    -0.384190333221064   -0.450002211111006   -0.331751098474346    0.142165130983175    3.11421786254345    -19.0828152352526    -19.1517504817773    
#----------------------------------------------------------------------------------
# Restarting:              yes
#  - absolute improvement: 42.1396115321521      
#  - relative improvement: 0.0558544925019913    
#  - m2lnL_0  :            754.453395680746      
#  - m2lnL_1  :            712.313784148594      
#----------------------------------------------------------------------------------
# Model fitting. Interating using:
#  - solver:            NLOpt:ln-neldermead
#  - differentiation:   Numerical differentiantion (forward)
#.........................................................................................................................................................................................................................................................................................................................................................................................
#  Minimum found with precision: |df|/f =  1.00000e-08 and |dx| =  1.00000e-05
#  Elapsed time: 00 days, 00:30:02.5891400
#  iteration            [003687]
#  function evaluations [003689]
#  gradient evaluations [000000]
#  degrees of freedom   [000758]
#  m2lnL     =     711.879241959327 (     682.23185    0.52329657    0.61534533    0.50915025     1.1567116     2.5069444     8.9396249     4.9102436      10.48607 )
#  Fit parameters:
#     0.224122558547241   -1.47716399765945    -0.876833274847385   -1.1630391065199     -2.16811296607123e-05 -4.99932335737729    -2.67958457615862     0.14213702069975     3.11423071682517    -19.0833402092388    -19.1524193208303    
#----------------------------------------------------------------------------------
# Restarting:              yes
#  - absolute improvement: 0.434542189266836     
#  - relative improvement: 0.000610043212607812  
#  - m2lnL_1  :            712.313784148594      
#  - m2lnL_2  :            711.879241959327      
#----------------------------------------------------------------------------------
# Model fitting. Interating using:
#  - solver:            NLOpt:ln-neldermead
#  - differentiation:   Numerical differentiantion (forward)
#..........................................
#  Minimum found with precision: |df|/f =  1.00000e-08 and |dx| =  1.00000e-05
#  Elapsed time: 00 days, 00:02:42.6829450
#  iteration            [000338]
#  function evaluations [000340]
#  gradient evaluations [000000]
#  degrees of freedom   [000758]
#  m2lnL     =     711.879053232503 (     682.21856    0.52223549     0.6172912    0.51094544     1.1564179     2.5069444     8.9380629     4.9104031     10.498197 )
#  Fit parameters:
#     0.224180190932607   -1.47726714910995    -0.876341010941496   -1.16382265559015    -1.42709963033544e-07 -4.99982724035802    -2.66106433076171     0.142159344857767    3.11396296146059    -19.0833531149935    -19.1522986578134    
#----------------------------------------------------------------------------------
# Restarting:              no
#  - absolute improvement: 0.000188726823694196  
#  - relative improvement: 2.65110727452535e-07  
#  - m2lnL_2  :            711.879241959327      
#  - m2lnL_3  :            711.879053232503      
#----------------------------------------------------------------------------------
# Data used:
#   - JLA SNLS3+SDSS Betoule 2014 sys and stat (complete cov)
#   - 6dFGRS -- Beutler (2011), BAO Sample R-Dv
#   - SDSS-DR7-rec -- Padmanabhan (2012), BAO Sample R-Dv
#   - SDSS-DR9-rec -- Anderson (2012), BAO Sample R-Dv
#   - WiggleZ -- Blake (2012), BAO Sample R-Dv
#   - Riess 2008 HST Project sample
#   - Stern 2009 H(z) sample
#   - Moresco 2012 H(z) BC03 sample
#   - WMAP9 distance priors
#----------------------------------------------------------------------------------
# Model[03000]:
#   - NcHICosmo : XCDM - Constant EOS
#----------------------------------------------------------------------------------
# Model parameters
#   -            H0[00]:  70                  [FIXED]
#   -        Omegac[01]:  0.224180190932607   [FREE]
#   -        Omegak[02]:  0                   [FIXED]
#   -       Tgamma0[03]:  2.7245              [FIXED]
#   -            Yp[04]:  0.24                [FIXED]
#   -          ENnu[05]:  3.046               [FIXED]
#   -        Omegab[06]:  0.05                [FIXED]
#   -           w_0[07]: -1.47726714910995    [FREE]
#   -           w_1[08]: -0.876341010941496   [FREE]
#   -           w_2[09]: -1.16382265559015    [FREE]
#   -           w_3[10]: -1.42709963033544e-07 [FREE]
#   -           w_4[11]: -4.99982724035802    [FREE]
#   -           w_5[12]: -2.66106433076171    [FREE]
#----------------------------------------------------------------------------------
# Model[14000]:
#   - NcSNIADistCov : Supernovae Ia Distance Covariance
#----------------------------------------------------------------------------------
# Model parameters
#   -         alpha[00]:  0.142159344857767   [FREE]
#   -          beta[01]:  3.11396296146059    [FREE]
#   -            M1[02]: -19.0833531149935    [FREE]
#   -            M2[03]: -19.1522986578134    [FREE]
#   -  lnsigma_pecz[04]: -7.60021041          [FIXED]
#   -  lnsigma_lens[05]: -2.90042209374967    [FIXED]
#   - lnsigma_int_0[06]: -2.52572864430826    [FIXED]
#   - lnsigma_int_1[07]: -2.22562405185792    [FIXED]
#   - lnsigma_int_2[08]: -2.00991547903123    [FIXED]
#   - lnsigma_int_3[09]: -2.30258509299405    [FIXED]
#----------------------------------------------------------------------------------
# NcmMSet parameters covariance matrix
#                                                  ----------------------------------------------------------------------------------------------------------------------------------------------------------------------
# Omegac[03000:01] =  0.2242      +/-  0.01188     |  1           |  0.06371     | -0.0005736   | -0.1726      | -nan         | -0.06879     | -0.0592      | -0.02882     | -0.04292     |  0.2406      |  0.2108      |
#    w_0[03000:07] = -1.477       +/-  0.5239      |  0.06371     |  1           | -0.8666      |  0.396       | -nan         | -0.2359      | -0.1929      | -0.0508      | -0.03238     |  0.6184      |  0.5639      |
#    w_1[03000:08] = -0.8763      +/-  0.2028      | -0.0005736   | -0.8666      |  1           | -0.515       | -nan         |  0.2165      |  0.174       |  0.01891     | -0.01234     | -0.3441      | -0.3234      |
#    w_2[03000:09] = -1.164       +/-  0.417       | -0.1726      |  0.396       | -0.515       |  1           | -nan         | -0.3062      | -0.2108      |  0.0005501   |  0.00537     |  0.08118     |  0.08349     |
#    w_3[03000:10] = -1.427e-07   +/- -nan         | -nan         | -nan         | -nan         | -nan         | -1           | -nan         | -nan         | -nan         | -nan         | -nan         | -nan         |
#    w_4[03000:11] = -5           +/-  80.76       | -0.06879     | -0.2359      |  0.2165      | -0.3062      | -nan         |  1           |  0.9943      |  0.005956    |  0.004287    | -0.1114      | -0.104       |
#    w_5[03000:12] = -2.661       +/-  4590        | -0.0592      | -0.1929      |  0.174       | -0.2108      | -nan         |  0.9943      |  1           |  0.00395     |  0.001608    | -0.08711     | -0.08151     |
#  alpha[14000:00] =  0.1422      +/-  0.009345    | -0.02882     | -0.0508      |  0.01891     |  0.0005501   | -nan         |  0.005956    |  0.00395     |  1           | -0.05246     |  0.04077     | -0.1637      |
#   beta[14000:01] =  3.114       +/-  0.114       | -0.04292     | -0.03238     | -0.01234     |  0.00537     | -nan         |  0.004287    |  0.001608    | -0.05246     |  1           |  0.02324     |  0.001859    |
#     M1[14000:02] = -19.08       +/-  0.03705     |  0.2406      |  0.6184      | -0.3441      |  0.08118     | -nan         | -0.1114      | -0.08711     |  0.04077     |  0.02324     |  1           |  0.6436      |
#     M2[14000:03] = -19.15       +/-  0.04021     |  0.2108      |  0.5639      | -0.3234      |  0.08349     | -nan         | -0.104       | -0.08151     | -0.1637      |  0.001859    |  0.6436      |  1           |
#                                                  ----------------------------------------------------------------------------------------------------------------------------------------------------------------------
