#----------------------------------------------------------------------------------
# Model[03000]:
#   - NcHICosmo : XCDM - Constant EOS
#----------------------------------------------------------------------------------
# Model parameters
#   -            H0[00]:  70                  [FIXED]
#   -        Omegac[01]:  0.25                [FIXED]
#   -        Omegak[02]:  0                   [FIXED]
#   -       Tgamma0[03]:  2.7245              [FIXED]
#   -            Yp[04]:  0.24                [FIXED]
#   -          ENnu[05]:  3.046               [FIXED]
#   -        Omegab[06]:  0.05                [FIXED]
#   -           w_0[07]: -1                   [FIXED]
#   -           w_1[08]: -1                   [FIXED]
#   -           w_2[09]: -1                   [FIXED]
#   -           w_3[10]: -1                   [FIXED]
#   -           w_4[11]: -1                   [FIXED]
#   -           w_5[12]: -1                   [FIXED]
#   -           w_6[13]: -1                   [FIXED]
#   -           w_7[14]: -1                   [FIXED]
#   -           w_8[15]: -1                   [FIXED]
#   -           w_9[16]: -1                   [FIXED]
#----------------------------------------------------------------------------------
# Model[14000]:
#   - NcSNIADistCov : Supernovae Ia Distance Covariance
#----------------------------------------------------------------------------------
# Model parameters
#   -         alpha[00]:  0.145               [FIXED]
#   -          beta[01]:  3.16                [FIXED]
#   -            M1[02]: -19                  [FIXED]
#   -            M2[03]: -19.2                [FIXED]
#   -  lnsigma_pecz[04]: -7.60021041          [FIXED]
#   -  lnsigma_lens[05]: -2.90042209374967    [FIXED]
#   - lnsigma_int_0[06]: -2.52572864430826    [FIXED]
#   - lnsigma_int_1[07]: -2.22562405185792    [FIXED]
#   - lnsigma_int_2[08]: -2.00991547903123    [FIXED]
#   - lnsigma_int_3[09]: -2.30258509299405    [FIXED]
#----------------------------------------------------------------------------------
# Model fitting. Interating using:
#  - solver:            NLOpt:ln-neldermead
#  - differentiation:   Numerical differentiantion (forward)
#...............................................................................................................................................................................................................................................................................................................................................................................
#  Minimum found with precision: |df|/f =  1.00000e-08 and |dx| =  1.00000e-05
#  Elapsed time: 00 days, 00:30:26.0482770
#  iteration            [003582]
#  function evaluations [003584]
#  gradient evaluations [000000]
#  degrees of freedom   [000754]
#  m2lnL     =      707.33344733042 (     680.72995    0.27906146    0.35636136  0.0080245574     1.6171546     2.5069444      8.279119     3.9399419     9.6168903 )
#  Fit parameters:
#     0.217977493145601   -2.54977632741625    -0.809047149380491   -1.51608254446372    -0.626384911559502   -0.485783935878208   -0.568069193211026   -0.564500724175587   -0.55438986788693    -0.864135131618094   -0.3197487666675      0.141943099885262    3.0996842157901     -19.1058240007415    -19.1756218033246    
#----------------------------------------------------------------------------------
# Restarting:              yes
#  - absolute improvement: 47.1199483503262      
#  - relative improvement: 0.0624557442780276    
#  - m2lnL_0  :            754.453395680746      
#  - m2lnL_1  :            707.33344733042       
#----------------------------------------------------------------------------------
# Model fitting. Interating using:
#  - solver:            NLOpt:ln-neldermead
#  - differentiation:   Numerical differentiantion (forward)
#......................................................................................................................................................................................................................................................................................................................................................................................................................................................................................................................................................................................
#  Minimum found with precision: |df|/f =  1.00000e-08 and |dx| =  1.00000e-05
#  Elapsed time: 00 days, 00:44:30.4297660
#  iteration            [005574]
#  function evaluations [005576]
#  gradient evaluations [000000]
#  degrees of freedom   [000754]
#  m2lnL     =     702.561042617745 (     681.00831   0.031813433   0.021453243    0.30521503     1.6734964     2.5069444     7.8901707     4.2847786     4.8388574 )
#  Fit parameters:
#     0.232970599526998   -2.13574031136096    -0.8564166420216     -1.41741266792246    -0.554811046369801   -0.787553042673473   -0.690301244694726   -8.171743430674e-06  -0.193317710903396   -0.111681634818622   -0.00261331337467138  0.142297067581688    3.08884393768952    -19.0763438958412    -19.1473001766315    
#----------------------------------------------------------------------------------
# Restarting:              yes
#  - absolute improvement: 4.77240471267442      
#  - relative improvement: 0.0067470366779433    
#  - m2lnL_1  :            707.33344733042       
#  - m2lnL_2  :            702.561042617745      
#----------------------------------------------------------------------------------
# Model fitting. Interating using:
#  - solver:            NLOpt:ln-neldermead
#  - differentiation:   Numerical differentiantion (forward)
#...................................................................................................................................................................................................................................................................................................................................................................................................
#  Minimum found with precision: |df|/f =  1.00000e-08 and |dx| =  1.00000e-05
#  Elapsed time: 00 days, 00:21:05.9924430
#  iteration            [003782]
#  function evaluations [003784]
#  gradient evaluations [000000]
#  degrees of freedom   [000754]
#  m2lnL     =     701.106953825521 (       681.308  0.0081033307   0.032210626    0.22890386      1.328932     2.5069444     7.9574573     4.7306401     3.0057638 )
#  Fit parameters:
#     0.244427625348764   -1.37416918425842    -0.838666354220044   -1.04211496905941    -1.13356736322249    -0.795464784941562   -0.538359815785346   -0.0164192392743686  -4.56300014699856e-05 -0.04165040732332    -0.00954427132618347  0.141115893424809    3.09613979379697    -19.0511423809794    -19.1217438079897    
#----------------------------------------------------------------------------------
# Restarting:              yes
#  - absolute improvement: 1.45408879222452      
#  - relative improvement: 0.00206969744124522   
#  - m2lnL_2  :            702.561042617745      
#  - m2lnL_3  :            701.106953825521      
#----------------------------------------------------------------------------------
# Model fitting. Interating using:
#  - solver:            NLOpt:ln-neldermead
#  - differentiation:   Numerical differentiantion (forward)
#........................................................................................................................................................
#  Minimum found with precision: |df|/f =  1.00000e-08 and |dx| =  1.00000e-05
#  Elapsed time: 00 days, 00:06:55.1706320
#  iteration            [001439]
#  function evaluations [001441]
#  gradient evaluations [000000]
#  degrees of freedom   [000754]
#  m2lnL     =      701.10449700804 (     681.29747  0.0072058956   0.034880533    0.23239387     1.3309639     2.5069444      7.953517     4.7418155     2.9993013 )
#  Fit parameters:
#     0.244469936972433   -1.38486987590975    -0.83778540932097    -1.044873067779      -1.12745913546754    -0.813351811464318   -0.527564066716071   -0.0097074024532754  -0.0015591975600718  -0.0461524898087404  -4.95377221761659e-05  0.141128910965112    3.09582875998851    -19.0514429042588    -19.1219987605588    
#----------------------------------------------------------------------------------
# Restarting:              yes
#  - absolute improvement: 0.00245681748117477   
#  - relative improvement: 3.5041978513683e-06   
#  - m2lnL_3  :            701.106953825521      
#  - m2lnL_4  :            701.10449700804       
#----------------------------------------------------------------------------------
# Model fitting. Interating using:
#  - solver:            NLOpt:ln-neldermead
#  - differentiation:   Numerical differentiantion (forward)
#.......................................................................................................................................
#  Minimum found with precision: |df|/f =  1.00000e-08 and |dx| =  1.00000e-05
#  Elapsed time: 00 days, 00:05:13.0348950
#  iteration            [001263]
#  function evaluations [001265]
#  gradient evaluations [000000]
#  degrees of freedom   [000754]
#  m2lnL     =     701.103364480941 (     681.31365  0.0077699083   0.031519825    0.22674304     1.3258118     2.5069444     7.9591092     4.7322157     2.9996019 )
#  Fit parameters:
#     0.244468491697841   -1.37296160023975    -0.836985208046303   -1.03852964137857    -1.13999542826102    -0.795842321892674   -0.538622919123354   -0.00929500741554042 -5.17349512615671e-06 -0.0502856571292202  -2.30587249881531e-05  0.141141893519406    3.09595656215593    -19.0510723329656    -19.1217847804684    
#----------------------------------------------------------------------------------
# Restarting:              yes
#  - absolute improvement: 0.00113252709832068   
#  - relative improvement: 1.61534707472814e-06  
#  - m2lnL_4  :            701.10449700804       
#  - m2lnL_5  :            701.103364480941      
#----------------------------------------------------------------------------------
# Model fitting. Interating using:
#  - solver:            NLOpt:ln-neldermead
#  - differentiation:   Numerical differentiantion (forward)
#......................................................
#  Minimum found with precision: |df|/f =  1.00000e-08 and |dx| =  1.00000e-05
#  Elapsed time: 00 days, 00:01:50.0780340
#  iteration            [000454]
#  function evaluations [000456]
#  gradient evaluations [000000]
#  degrees of freedom   [000754]
#  m2lnL     =     701.103299930161 (     681.31531    0.00757026   0.031895586    0.22831068     1.3263884     2.5069444     7.9583588     4.7339318     2.9945933 )
#  Fit parameters:
#     0.244505109467123   -1.37391470108279    -0.836729748524983   -1.0390495413791     -1.13978125547906    -0.796325328471515   -0.53857082672573    -0.00890693884934505 -6.69485181030664e-05 -0.0503214922111057  -6.58670600668255e-06  0.141132985534998    3.09585122422573    -19.0510686589217    -19.1217596761183    
#----------------------------------------------------------------------------------
# Restarting:              no
#  - absolute improvement: 6.4550780166428e-05   
#  - relative improvement: 9.20702758490082e-08  
#  - m2lnL_5  :            701.103364480941      
#  - m2lnL_6  :            701.103299930161      
#----------------------------------------------------------------------------------
# Data used:
#   - JLA SNLS3+SDSS Betoule 2014 sys and stat (complete cov)
#   - 6dFGRS -- Beutler (2011), BAO Sample R-Dv
#   - SDSS-DR7-rec -- Padmanabhan (2012), BAO Sample R-Dv
#   - SDSS-DR9-rec -- Anderson (2012), BAO Sample R-Dv
#   - WiggleZ -- Blake (2012), BAO Sample R-Dv
#   - Riess 2008 HST Project sample
#   - Stern 2009 H(z) sample
#   - Moresco 2012 H(z) BC03 sample
#   - WMAP9 distance priors
#----------------------------------------------------------------------------------
# Model[03000]:
#   - NcHICosmo : XCDM - Constant EOS
#----------------------------------------------------------------------------------
# Model parameters
#   -            H0[00]:  70                  [FIXED]
#   -        Omegac[01]:  0.244505109467123   [FREE]
#   -        Omegak[02]:  0                   [FIXED]
#   -       Tgamma0[03]:  2.7245              [FIXED]
#   -            Yp[04]:  0.24                [FIXED]
#   -          ENnu[05]:  3.046               [FIXED]
#   -        Omegab[06]:  0.05                [FIXED]
#   -           w_0[07]: -1.37391470108279    [FREE]
#   -           w_1[08]: -0.836729748524983   [FREE]
#   -           w_2[09]: -1.0390495413791     [FREE]
#   -           w_3[10]: -1.13978125547906    [FREE]
#   -           w_4[11]: -0.796325328471515   [FREE]
#   -           w_5[12]: -0.53857082672573    [FREE]
#   -           w_6[13]: -0.00890693884934505 [FREE]
#   -           w_7[14]: -6.69485181030664e-05 [FREE]
#   -           w_8[15]: -0.0503214922111057  [FREE]
#   -           w_9[16]: -6.58670600668255e-06 [FREE]
#----------------------------------------------------------------------------------
# Model[14000]:
#   - NcSNIADistCov : Supernovae Ia Distance Covariance
#----------------------------------------------------------------------------------
# Model parameters
#   -         alpha[00]:  0.141132985534998   [FREE]
#   -          beta[01]:  3.09585122422573    [FREE]
#   -            M1[02]: -19.0510686589217    [FREE]
#   -            M2[03]: -19.1217596761183    [FREE]
#   -  lnsigma_pecz[04]: -7.60021041          [FIXED]
#   -  lnsigma_lens[05]: -2.90042209374967    [FIXED]
#   - lnsigma_int_0[06]: -2.52572864430826    [FIXED]
#   - lnsigma_int_1[07]: -2.22562405185792    [FIXED]
#   - lnsigma_int_2[08]: -2.00991547903123    [FIXED]
#   - lnsigma_int_3[09]: -2.30258509299405    [FIXED]
#----------------------------------------------------------------------------------
# NcmMSet parameters covariance matrix
#                                                  ----------------------------------------------------------------------------------------------------------------------------------------------------------------------------------------------------------------------------------
# Omegac[03000:01] =  0.2445      +/-  0.02056     |  1           |  0.5998      | -0.1074      |  0.4902      | -0.3867      | -0.2323      |  0.1513      |  0.02923     | -0.1221      |  0.0755      | -0.08237     | -0.05102     | -0.009419    |  0.6365      |  0.5983      |
#    w_0[03000:07] = -1.374       +/-  1.136       |  0.5998      |  1           | -0.424       |  0.6961      | -0.5489      |  0.01578     | -0.04629     |  0.1814      |  0.04507     | -0.1395      |  0.0318      | -0.04097     |  0.04923     |  0.7616      |  0.7278      |
#    w_1[03000:08] = -0.8367      +/-  0.2295      | -0.1074      | -0.424       |  1           |  0.2041      | -0.3779      |  0.2107      | -0.1091      |  0.1115      |  0.1155      | -0.1581      |  0.07834     |  0.0273      |  0.008202    | -0.2965      | -0.2885      |
#    w_2[03000:09] = -1.039       +/-  0.5469      |  0.4902      |  0.6961      |  0.2041      |  1           | -0.6879      |  0.03721     | -0.03914     |  0.18        |  0.05179     | -0.1545      |  0.04216     |  0.00293     |  0.07875     |  0.4222      |  0.4081      |
#    w_3[03000:10] = -1.14        +/-  0.8544      | -0.3867      | -0.5489      | -0.3779      | -0.6879      |  1           | -0.2924      |  0.1605      | -0.3438      | -0.1575      |  0.3571      | -0.1237      |  7.099e-05   | -0.08143     | -0.3523      | -0.3368      |
#    w_4[03000:11] = -0.7963      +/-  1.327       | -0.2323      |  0.01578     |  0.2107      |  0.03721     | -0.2924      |  1           | -0.7577      |  0.3766      |  0.5342      | -0.6175      |  0.307       |  0.01563     |  0.03986     | -0.08937     | -0.08203     |
#    w_5[03000:12] = -0.5386      +/-  1.943       |  0.1513      | -0.04629     | -0.1091      | -0.03914     |  0.1605      | -0.7577      |  1           | -0.841       | -1.658       |  0.9477      | -0.824       | -0.007356    | -0.02458     |  0.02992     |  0.02643     |
#    w_6[03000:13] = -0.008907    +/-  1.412       |  0.02923     |  0.1814      |  0.1115      |  0.18        | -0.3438      |  0.3766      | -0.841       |  1           |  2.182       | -0.9595      |  1.032       |  0.003364    |  0.03473     |  0.08369     |  0.08148     |
#    w_7[03000:14] = -6.695e-05   +/-  0.09653     | -0.1221      |  0.04507     |  0.1155      |  0.05179     | -0.1575      |  0.5342      | -1.658       |  2.182       |  1           | -2.041       |  1.026       |  0.007155    |  0.0226      | -0.02483     | -0.02182     |
#    w_8[03000:15] = -0.05032     +/-  1.041       |  0.0755      | -0.1395      | -0.1581      | -0.1545      |  0.3571      | -0.6175      |  0.9477      | -0.9595      | -2.041       |  1           | -0.9851      | -0.009552    | -0.04164     | -0.0221      | -0.02388     |
#    w_9[03000:16] = -6.587e-06   +/-  0.03809     | -0.08237     |  0.0318      |  0.07834     |  0.04216     | -0.1237      |  0.307       | -0.824       |  1.032       |  1.026       | -0.9851      |  1           |  0.005872    |  0.01716     | -0.01895     | -0.0166      |
#  alpha[14000:00] =  0.1411      +/-  0.009333    | -0.05102     | -0.04097     |  0.0273      |  0.00293     |  7.099e-05   |  0.01563     | -0.007356    |  0.003364    |  0.007155    | -0.009552    |  0.005872    |  1           | -0.04973     |  0.00611     | -0.1485      |
#   beta[14000:01] =  3.096       +/-  0.1142      | -0.009419    |  0.04923     |  0.008202    |  0.07875     | -0.08143     |  0.03986     | -0.02458     |  0.03473     |  0.0226      | -0.04164     |  0.01716     | -0.04973     |  1           |  0.04262     |  0.02668     |
#     M1[14000:02] = -19.05       +/-  0.04991     |  0.6365      |  0.7616      | -0.2965      |  0.4222      | -0.3523      | -0.08937     |  0.02992     |  0.08369     | -0.02483     | -0.0221      | -0.01895     |  0.00611     |  0.04262     |  1           |  0.7959      |
#     M2[14000:03] = -19.12       +/-  0.05215     |  0.5983      |  0.7278      | -0.2885      |  0.4081      | -0.3368      | -0.08203     |  0.02643     |  0.08148     | -0.02182     | -0.02388     | -0.0166      | -0.1485      |  0.02668     |  0.7959      |  1           |
#                                                  ----------------------------------------------------------------------------------------------------------------------------------------------------------------------------------------------------------------------------------
