#----------------------------------------------------------------------------------
# Model[03000]:
#   - NcHICosmo : XCDM - Constant EOS
#----------------------------------------------------------------------------------
# Model parameters
#   -            H0[00]:  70                  [FIXED]
#   -        Omegac[01]:  0.25                [FIXED]
#   -        Omegak[02]:  0                   [FIXED]
#   -       Tgamma0[03]:  2.7245              [FIXED]
#   -            Yp[04]:  0.24                [FIXED]
#   -          ENnu[05]:  3.046               [FIXED]
#   -        Omegab[06]:  0.05                [FIXED]
#   -           w_0[07]: -1                   [FIXED]
#   -           w_1[08]: -1                   [FIXED]
#   -           w_2[09]: -1                   [FIXED]
#   -           w_3[10]: -1                   [FIXED]
#   -           w_4[11]: -1                   [FIXED]
#   -           w_5[12]: -1                   [FIXED]
#   -           w_6[13]: -1                   [FIXED]
#   -           w_7[14]: -1                   [FIXED]
#   -           w_8[15]: -1                   [FIXED]
#----------------------------------------------------------------------------------
# Model[14000]:
#   - NcSNIADistCov : Supernovae Ia Distance Covariance
#----------------------------------------------------------------------------------
# Model parameters
#   -         alpha[00]:  0.145               [FIXED]
#   -          beta[01]:  3.16                [FIXED]
#   -            M1[02]: -19                  [FIXED]
#   -            M2[03]: -19.2                [FIXED]
#   -  lnsigma_pecz[04]: -7.60021041          [FIXED]
#   -  lnsigma_lens[05]: -2.90042209374967    [FIXED]
#   - lnsigma_int_0[06]: -2.52572864430826    [FIXED]
#   - lnsigma_int_1[07]: -2.22562405185792    [FIXED]
#   - lnsigma_int_2[08]: -2.00991547903123    [FIXED]
#   - lnsigma_int_3[09]: -2.30258509299405    [FIXED]
#----------------------------------------------------------------------------------
# Model fitting. Interating using:
#  - solver:            NLOpt:ln-neldermead
#  - differentiation:   Numerical differentiantion (forward)
#......................................................................................................................................................................................................................................................................................................................................................................................................................................
#  Minimum found with precision: |df|/f =  1.00000e-08 and |dx| =  1.00000e-05
#  Elapsed time: 00 days, 00:34:39.9726180
#  iteration            [004137]
#  function evaluations [004139]
#  gradient evaluations [000000]
#  degrees of freedom   [000755]
#  m2lnL     =      708.68682367025 (     680.72881    0.32093398    0.69401121  0.0049137969     1.3778621     2.5069444     8.9574799     4.3943535     9.7015124 )
#  Fit parameters:
#     0.219005686262112   -2.20715265012431    -0.750732822673374   -1.37523022282616    -0.807751920759678   -0.0139697027547991  -1.22366958696155    -0.807717622626212   -0.398564723548151   -1.22756071638604     0.142138698522593    3.10713252541498    -19.1006915137557    -19.1702903886471    
#----------------------------------------------------------------------------------
# Restarting:              yes
#  - absolute improvement: 45.7665720104964      
#  - relative improvement: 0.0606618941242898    
#  - m2lnL_0  :            754.453395680746      
#  - m2lnL_1  :            708.68682367025       
#----------------------------------------------------------------------------------
# Model fitting. Interating using:
#  - solver:            NLOpt:ln-neldermead
#  - differentiation:   Numerical differentiantion (forward)
#..........................................................................................................................................................................................................................................................
#  Minimum found with precision: |df|/f =  1.00000e-08 and |dx| =  1.00000e-05
#  Elapsed time: 00 days, 00:20:29.0958140
#  iteration            [002418]
#  function evaluations [002420]
#  gradient evaluations [000000]
#  degrees of freedom   [000755]
#  m2lnL     =     707.313346285309 (     681.35523    0.30999475    0.48216355   0.030660584     1.7278832     2.5069444     7.7538487     3.5288492      9.617774 )
#  Fit parameters:
#     0.217994686842699   -2.42664833796977    -0.783439793158113   -1.54709100743091    -0.187621508296483   -1.29637583284522    -0.0132793013236194  -0.326012242651248   -1.4101812523088     -1.59527640892997     0.141972445522336    3.10092433283512    -19.1034348046428    -19.1732112850246    
#----------------------------------------------------------------------------------
# Restarting:              yes
#  - absolute improvement: 1.37347738494111      
#  - relative improvement: 0.00193805971702415   
#  - m2lnL_1  :            708.68682367025       
#  - m2lnL_2  :            707.313346285309      
#----------------------------------------------------------------------------------
# Model fitting. Interating using:
#  - solver:            NLOpt:ln-neldermead
#  - differentiation:   Numerical differentiantion (forward)
#.......................................................................................................................
#  Minimum found with precision: |df|/f =  1.00000e-08 and |dx| =  1.00000e-05
#  Elapsed time: 00 days, 00:08:45.5375930
#  iteration            [001105]
#  function evaluations [001107]
#  gradient evaluations [000000]
#  degrees of freedom   [000755]
#  m2lnL     =     707.305613239469 (       681.324    0.30968979    0.48964445   0.025777558     1.7146041     2.5069444      7.765094     3.5440743     9.6257828 )
#  Fit parameters:
#     0.218104460792067   -2.41639352050627    -0.782236390961814   -1.53779783553055    -0.207310337451676   -1.27095267363442    -0.135205002281308   -0.10445662586913    -4.99758819026925    -0.0212679238226101   0.14196058803036     3.10077167100891    -19.1031126062335    -19.1730209870562    
#----------------------------------------------------------------------------------
# Restarting:              yes
#  - absolute improvement: 0.00773304583958634   
#  - relative improvement: 1.09329844830428e-05  
#  - m2lnL_2  :            707.313346285309      
#  - m2lnL_3  :            707.305613239469      
#----------------------------------------------------------------------------------
# Model fitting. Interating using:
#  - solver:            NLOpt:ln-neldermead
#  - differentiation:   Numerical differentiantion (forward)
#........................................................................................................................
#  Minimum found with precision: |df|/f =  1.00000e-08 and |dx| =  1.00000e-05
#  Elapsed time: 00 days, 00:07:42.9503890
#  iteration            [001112]
#  function evaluations [001114]
#  gradient evaluations [000000]
#  degrees of freedom   [000755]
#  m2lnL     =     707.302513901225 (     681.37127    0.31170541    0.48152963   0.030119628     1.7311524     2.5069444     7.7409891     3.5125506     9.6162535 )
#  Fit parameters:
#     0.217973092585511   -2.42460249561789    -0.784406859692923   -1.54693410801982    -0.182718090423685   -1.30458916150345    -0.166648162212251    0                   -4.93174916761489    -0.0251277472432462   0.141951263905264    3.10075041524197    -19.1033787676082    -19.173240350453     
#----------------------------------------------------------------------------------
# Restarting:              yes
#  - absolute improvement: 0.00309933824382824   
#  - relative improvement: 4.38189402970129e-06  
#  - m2lnL_3  :            707.305613239469      
#  - m2lnL_4  :            707.302513901225      
#----------------------------------------------------------------------------------
# Model fitting. Interating using:
#  - solver:            NLOpt:ln-neldermead
#  - differentiation:   Numerical differentiantion (forward)
#...................................
#  Minimum found with precision: |df|/f =  1.00000e-08 and |dx| =  1.00000e-05
#  Elapsed time: 00 days, 00:01:32.2998370
#  iteration            [000262]
#  function evaluations [000264]
#  gradient evaluations [000000]
#  degrees of freedom   [000755]
#  m2lnL     =     707.302467469555 (     681.36941    0.31164767     0.4832484   0.029739942      1.731004     2.5069444      7.740178     3.5129647     9.6173342 )
#  Fit parameters:
#     0.217988474808459   -2.42471134467316    -0.784151553691082   -1.54705467101153    -0.182895524169391   -1.3043764052475     -0.166946038102436   -0.00019280264981149 -4.93209144130538    -0.0176938963319908   0.141966885641705    3.10096716975247    -19.1033713138848    -19.1731341679486    
#----------------------------------------------------------------------------------
# Restarting:              no
#  - absolute improvement: 4.64316705119927e-05  
#  - relative improvement: 6.56461267978427e-08  
#  - m2lnL_4  :            707.302513901225      
#  - m2lnL_5  :            707.302467469555      
#----------------------------------------------------------------------------------
# Data used:
#   - JLA SNLS3+SDSS Betoule 2014 sys and stat (complete cov)
#   - 6dFGRS -- Beutler (2011), BAO Sample R-Dv
#   - SDSS-DR7-rec -- Padmanabhan (2012), BAO Sample R-Dv
#   - SDSS-DR9-rec -- Anderson (2012), BAO Sample R-Dv
#   - WiggleZ -- Blake (2012), BAO Sample R-Dv
#   - Riess 2008 HST Project sample
#   - Stern 2009 H(z) sample
#   - Moresco 2012 H(z) BC03 sample
#   - WMAP9 distance priors
#----------------------------------------------------------------------------------
# Model[03000]:
#   - NcHICosmo : XCDM - Constant EOS
#----------------------------------------------------------------------------------
# Model parameters
#   -            H0[00]:  70                  [FIXED]
#   -        Omegac[01]:  0.217988474808459   [FREE]
#   -        Omegak[02]:  0                   [FIXED]
#   -       Tgamma0[03]:  2.7245              [FIXED]
#   -            Yp[04]:  0.24                [FIXED]
#   -          ENnu[05]:  3.046               [FIXED]
#   -        Omegab[06]:  0.05                [FIXED]
#   -           w_0[07]: -2.42471134467316    [FREE]
#   -           w_1[08]: -0.784151553691082   [FREE]
#   -           w_2[09]: -1.54705467101153    [FREE]
#   -           w_3[10]: -0.182895524169391   [FREE]
#   -           w_4[11]: -1.3043764052475     [FREE]
#   -           w_5[12]: -0.166946038102436   [FREE]
#   -           w_6[13]: -0.00019280264981149 [FREE]
#   -           w_7[14]: -4.93209144130538    [FREE]
#   -           w_8[15]: -0.0176938963319908  [FREE]
#----------------------------------------------------------------------------------
# Model[14000]:
#   - NcSNIADistCov : Supernovae Ia Distance Covariance
#----------------------------------------------------------------------------------
# Model parameters
#   -         alpha[00]:  0.141966885641705   [FREE]
#   -          beta[01]:  3.10096716975247    [FREE]
#   -            M1[02]: -19.1033713138848    [FREE]
#   -            M2[03]: -19.1731341679486    [FREE]
#   -  lnsigma_pecz[04]: -7.60021041          [FIXED]
#   -  lnsigma_lens[05]: -2.90042209374967    [FIXED]
#   - lnsigma_int_0[06]: -2.52572864430826    [FIXED]
#   - lnsigma_int_1[07]: -2.22562405185792    [FIXED]
#   - lnsigma_int_2[08]: -2.00991547903123    [FIXED]
#   - lnsigma_int_3[09]: -2.30258509299405    [FIXED]
#----------------------------------------------------------------------------------
# NcmMSet parameters covariance matrix
#                                                  -------------------------------------------------------------------------------------------------------------------------------------------------------------------------------------------------------------------
# Omegac[03000:01] =  0.218       +/-  0.01206     |  1           |  0.2673      | -0.1298      |  0.1662      | -0.239       |  0.04343     | -0.03942     | -nan         | -0.009444    |  0.01875     | -0.02319     | -0.01972     |  0.3231      |  0.2934      |
#    w_0[03000:07] = -2.425       +/-  0.7968      |  0.2673      |  1           | -0.7334      |  0.5097      | -0.4057      |  0.2635      | -0.2573      | -nan         | -0.2407      |  0.04471     | -0.02403     |  0.02697     |  0.6263      |  0.5856      |
#    w_1[03000:08] = -0.7842      +/-  0.2161      | -0.1298      | -0.7334      |  1           |  0.005192    | -0.1824      |  0.1267      | -0.133       | -nan         | -0.1653      |  0.02311     |  0.01822     | -0.02119     | -0.4032      | -0.3821      |
#    w_2[03000:09] = -1.547       +/-  0.4234      |  0.1662      |  0.5097      |  0.005192    |  1           | -0.6474      |  0.375       | -0.3813      | -nan         | -0.3922      |  0.06819     |  0.02537     |  0.05587     |  0.1351      |  0.1389      |
#    w_3[03000:10] = -0.1829      +/-  0.7831      | -0.239       | -0.4057      | -0.1824      | -0.6474      |  1           | -0.6524      |  0.5827      | -nan         |  0.6813      | -0.1173      | -0.01584     | -0.05456     | -0.1603      | -0.1548      |
#    w_4[03000:11] = -1.304       +/-  1.256       |  0.04343     |  0.2635      |  0.1267      |  0.375       | -0.6524      |  1           | -1.045       | -nan         | -0.8947      |  0.1785      |  0.01362     |  0.04843     |  0.06997     |  0.07009     |
#    w_5[03000:12] = -0.1669      +/-  2.04        | -0.03942     | -0.2573      | -0.133       | -0.3813      |  0.5827      | -1.045       |  1           | -nan         |  0.9055      | -0.0208      | -0.0105      | -0.04198     | -0.08538     | -0.08327     |
#    w_6[03000:13] = -0.0001928   +/- -nan         | -nan         | -nan         | -nan         | -nan         | -nan         | -nan         | -nan         | -1           | -nan         | -nan         | -nan         | -nan         | -nan         | -nan         |
#    w_7[03000:14] = -4.932       +/-  221.3       | -0.009444    | -0.2407      | -0.1653      | -0.3922      |  0.6813      | -0.8947      |  0.9055      | -nan         |  1           |  0.03263     | -0.01569     | -0.04902     | -0.04944     | -0.05126     |
#    w_8[03000:15] = -0.01769     +/-  79.55       |  0.01875     |  0.04471     |  0.02311     |  0.06819     | -0.1173      |  0.1785      | -0.0208      | -nan         |  0.03263     |  1           |  0.002203    |  0.007612    |  0.01395     |  0.01375     |
#  alpha[14000:00] =  0.142       +/-  0.009332    | -0.02319     | -0.02403     |  0.01822     |  0.02537     | -0.01584     |  0.01362     | -0.0105      | -nan         | -0.01569     |  0.002203    |  1           | -0.05112     |  0.04287     | -0.152       |
#   beta[14000:01] =  3.101       +/-  0.1139      | -0.01972     |  0.02697     | -0.02119     |  0.05587     | -0.05456     |  0.04843     | -0.04198     | -nan         | -0.04902     |  0.007612    | -0.05112     |  1           |  0.04381     |  0.0226      |
#     M1[14000:02] = -19.1        +/-  0.03904     |  0.3231      |  0.6263      | -0.4032      |  0.1351      | -0.1603      |  0.06997     | -0.08538     | -nan         | -0.04944     |  0.01395     |  0.04287     |  0.04381     |  1           |  0.6788      |
#     M2[14000:03] = -19.17       +/-  0.04223     |  0.2934      |  0.5856      | -0.3821      |  0.1389      | -0.1548      |  0.07009     | -0.08327     | -nan         | -0.05126     |  0.01375     | -0.152       |  0.0226      |  0.6788      |  1           |
#                                                  -------------------------------------------------------------------------------------------------------------------------------------------------------------------------------------------------------------------
