#----------------------------------------------------------------------------------
# Model[03000]:
#   - NcHICosmo : XCDM - Constant EOS
#----------------------------------------------------------------------------------
# Model parameters
#   -            H0[00]:  70                  [FIXED]
#   -        Omegac[01]:  0.25                [FIXED]
#   -        Omegak[02]:  0                   [FIXED]
#   -       Tgamma0[03]:  2.7245              [FIXED]
#   -            Yp[04]:  0.24                [FIXED]
#   -          ENnu[05]:  3.046               [FIXED]
#   -        Omegab[06]:  0.05                [FIXED]
#   -           w_0[07]: -1                   [FIXED]
#   -           w_1[08]: -1                   [FIXED]
#   -           w_2[09]: -1                   [FIXED]
#   -           w_3[10]: -1                   [FIXED]
#   -           w_4[11]: -1                   [FIXED]
#----------------------------------------------------------------------------------
# Model[14000]:
#   - NcSNIADistCov : Supernovae Ia Distance Covariance
#----------------------------------------------------------------------------------
# Model parameters
#   -         alpha[00]:  0.145               [FIXED]
#   -          beta[01]:  3.16                [FIXED]
#   -            M1[02]: -19                  [FIXED]
#   -            M2[03]: -19.2                [FIXED]
#   -  lnsigma_pecz[04]: -7.60021041          [FIXED]
#   -  lnsigma_lens[05]: -2.90042209374967    [FIXED]
#   - lnsigma_int_0[06]: -2.52572864430826    [FIXED]
#   - lnsigma_int_1[07]: -2.22562405185792    [FIXED]
#   - lnsigma_int_2[08]: -2.00991547903123    [FIXED]
#   - lnsigma_int_3[09]: -2.30258509299405    [FIXED]
#----------------------------------------------------------------------------------
# Model fitting. Interating using:
#  - solver:            NLOpt:ln-neldermead
#  - differentiation:   Numerical differentiantion (forward)
#...................................................................................................................
#  Minimum found with precision: |df|/f =  1.00000e-08 and |dx| =  1.00000e-05
#  Elapsed time: 00 days, 00:04:58.6729980
#  iteration            [001061]
#  function evaluations [001063]
#  gradient evaluations [000000]
#  degrees of freedom   [000759]
#  m2lnL     =     713.811814625387 (     684.48419    0.96854597    0.58411115    0.73677515     1.3721521     2.5069444     8.3512249     4.2349835      10.57289 )
#  Fit parameters:
#     0.224525446177174   -1.07497071127155    -1.03818747108856    -0.772265221861108   -0.950557494576842   -0.951326957506893    0.141950797104081    3.11428366187323    -19.0700539962452    -19.138870772215     
#----------------------------------------------------------------------------------
# Restarting:              yes
#  - absolute improvement: 40.6415810553589      
#  - relative improvement: 0.0538689086536456    
#  - m2lnL_0  :            754.453395680746      
#  - m2lnL_1  :            713.811814625387      
#----------------------------------------------------------------------------------
# Model fitting. Interating using:
#  - solver:            NLOpt:ln-neldermead
#  - differentiation:   Numerical differentiantion (forward)
#.....................................................................................................................
#  Minimum found with precision: |df|/f =  1.00000e-08 and |dx| =  1.00000e-05
#  Elapsed time: 00 days, 00:05:21.6286490
#  iteration            [001080]
#  function evaluations [001082]
#  gradient evaluations [000000]
#  degrees of freedom   [000759]
#  m2lnL     =      707.66706515394 (     685.23316    0.26591844   0.038788937   0.021788984     1.3476365     2.5069444     8.3377673     4.2050158      5.710043 )
#  Fit parameters:
#     0.227409413870903   -1.14346747125447    -1.02303081379788    -0.789172382562128   -0.280233466672109   -0.841416144063987    0.139348152829117    3.07344943169286    -19.0704915603268    -19.1302826543704    
#----------------------------------------------------------------------------------
# Restarting:              yes
#  - absolute improvement: 6.14474947144674      
#  - relative improvement: 0.00860836055882816   
#  - m2lnL_1  :            713.811814625387      
#  - m2lnL_2  :            707.66706515394       
#----------------------------------------------------------------------------------
# Model fitting. Interating using:
#  - solver:            NLOpt:ln-neldermead
#  - differentiation:   Numerical differentiantion (forward)
#....................................................................................................................................................................
#  Minimum found with precision: |df|/f =  1.00000e-08 and |dx| =  1.00000e-05
#  Elapsed time: 00 days, 00:07:03.1346910
#  iteration            [001557]
#  function evaluations [001559]
#  gradient evaluations [000000]
#  degrees of freedom   [000759]
#  m2lnL     =     704.194414628043 (     683.43444   0.040692191      0.481367    0.40475136     1.4544606     2.5069444     8.2063421     4.2121651     3.4532562 )
#  Fit parameters:
#     0.241931050029005   -1.09516813170349    -1.01602333644514    -0.811680222194187   -0.153229886874037   -7.92649410067369e-06  0.141327096469051    3.10835354229663    -19.0608206315663    -19.1302346513767    
#----------------------------------------------------------------------------------
# Restarting:              yes
#  - absolute improvement: 3.47265052589796      
#  - relative improvement: 0.00490718121118516   
#  - m2lnL_2  :            707.66706515394       
#  - m2lnL_3  :            704.194414628043      
#----------------------------------------------------------------------------------
# Model fitting. Interating using:
#  - solver:            NLOpt:ln-neldermead
#  - differentiation:   Numerical differentiantion (forward)
#................................................................................................................................................................................................................................
#  Minimum found with precision: |df|/f =  1.00000e-08 and |dx| =  1.00000e-05
#  Elapsed time: 00 days, 00:05:44.7446170
#  iteration            [002159]
#  function evaluations [002161]
#  gradient evaluations [000000]
#  degrees of freedom   [000759]
#  m2lnL     =     702.696181489763 (     682.99789   0.030221214    0.16506654   0.027192387     1.3702062     2.5069444     8.1191748     4.6809695     2.7985146 )
#  Fit parameters:
#     0.245623618020764   -1.01199646974763    -0.955306370682204   -0.799624261167926   -0.230793132211254   -2.24478139247438e-05  0.141133644343495    3.09852939578266    -19.0439435854091    -19.1142608305942    
#----------------------------------------------------------------------------------
# Restarting:              yes
#  - absolute improvement: 1.49823313827994      
#  - relative improvement: 0.0021275845237587    
#  - m2lnL_3  :            704.194414628043      
#  - m2lnL_4  :            702.696181489763      
#----------------------------------------------------------------------------------
# Model fitting. Interating using:
#  - solver:            NLOpt:ln-neldermead
#  - differentiation:   Numerical differentiantion (forward)
#......................................
#  Minimum found with precision: |df|/f =  1.00000e-08 and |dx| =  1.00000e-05
#  Elapsed time: 00 days, 00:00:29.2369330
#  iteration            [000292]
#  function evaluations [000294]
#  gradient evaluations [000000]
#  degrees of freedom   [000759]
#  m2lnL     =     702.696060057675 (     682.99725   0.030435509    0.16407916   0.026783239     1.3700192     2.5069444     8.1188542     4.6806332      2.801058 )
#  Fit parameters:
#     0.245606114079898   -1.01199596685523    -0.955309037915508   -0.799632951812365   -0.230815911965747   -2.87396361943076e-05  0.141121550942927    3.09848063933328    -19.0440755030889    -19.1143160090091    
#----------------------------------------------------------------------------------
# Restarting:              no
#  - absolute improvement: 0.000121432087098583  
#  - relative improvement: 1.72808804569194e-07  
#  - m2lnL_4  :            702.696181489763      
#  - m2lnL_5  :            702.696060057675      
#----------------------------------------------------------------------------------
# Data used:
#   - JLA SNLS3+SDSS Betoule 2014 sys and stat (complete cov)
#   - 6dFGRS -- Beutler (2011), BAO Sample R-Dv
#   - SDSS-DR7-rec -- Padmanabhan (2012), BAO Sample R-Dv
#   - SDSS-DR9-rec -- Anderson (2012), BAO Sample R-Dv
#   - WiggleZ -- Blake (2012), BAO Sample R-Dv
#   - Riess 2008 HST Project sample
#   - Stern 2009 H(z) sample
#   - Moresco 2012 H(z) BC03 sample
#   - WMAP9 distance priors
#----------------------------------------------------------------------------------
# Model[03000]:
#   - NcHICosmo : XCDM - Constant EOS
#----------------------------------------------------------------------------------
# Model parameters
#   -            H0[00]:  70                  [FIXED]
#   -        Omegac[01]:  0.245606114079898   [FREE]
#   -        Omegak[02]:  0                   [FIXED]
#   -       Tgamma0[03]:  2.7245              [FIXED]
#   -            Yp[04]:  0.24                [FIXED]
#   -          ENnu[05]:  3.046               [FIXED]
#   -        Omegab[06]:  0.05                [FIXED]
#   -           w_0[07]: -1.01199596685523    [FREE]
#   -           w_1[08]: -0.955309037915508   [FREE]
#   -           w_2[09]: -0.799632951812365   [FREE]
#   -           w_3[10]: -0.230815911965747   [FREE]
#   -           w_4[11]: -2.87396361943076e-05 [FREE]
#----------------------------------------------------------------------------------
# Model[14000]:
#   - NcSNIADistCov : Supernovae Ia Distance Covariance
#----------------------------------------------------------------------------------
# Model parameters
#   -         alpha[00]:  0.141121550942927   [FREE]
#   -          beta[01]:  3.09848063933328    [FREE]
#   -            M1[02]: -19.0440755030889    [FREE]
#   -            M2[03]: -19.1143160090091    [FREE]
#   -  lnsigma_pecz[04]: -7.60021041          [FIXED]
#   -  lnsigma_lens[05]: -2.90042209374967    [FIXED]
#   - lnsigma_int_0[06]: -2.52572864430826    [FIXED]
#   - lnsigma_int_1[07]: -2.22562405185792    [FIXED]
#   - lnsigma_int_2[08]: -2.00991547903123    [FIXED]
#   - lnsigma_int_3[09]: -2.30258509299405    [FIXED]
#----------------------------------------------------------------------------------
# NcmMSet parameters covariance matrix
#                                                  -------------------------------------------------------------------------------------------------------------------------------------------------------
# Omegac[03000:01] =  0.2456      +/-  0.0158      |  1           |  0.3552      | -0.2029      | -0.3742      |  0.2151      | -nan         | -0.04097     | -0.05154     |  0.4088      |  0.3512      |
#    w_0[03000:07] = -1.012       +/-  0.2137      |  0.3552      |  1           | -0.9203      | -0.9982      |  0.9206      | -nan         | -0.05927     | -0.06082     |  0.6336      |  0.5479      |
#    w_1[03000:08] = -0.9553      +/-  5.46e-08    | -0.2029      | -0.9203      |  1           |  0.895       | -0.9999      | -nan         |  0.05179     |  0.05187     | -0.5575      | -0.4824      |
#    w_2[03000:09] = -0.7996      +/-  0.2501      | -0.3742      | -0.9982      |  0.895       |  1           | -0.8954      | -nan         |  0.0596      |  0.06136     | -0.6366      | -0.5504      |
#    w_3[03000:10] = -0.2308      +/-  0.2696      |  0.2151      |  0.9206      | -0.9999      | -0.8954      |  1           | -nan         | -0.05209     | -0.05231     |  0.5602      |  0.4847      |
#    w_4[03000:11] = -2.874e-05   +/- -nan         | -nan         | -nan         | -nan         | -nan         | -nan         | -1           | -nan         | -nan         | -nan         | -nan         |
#  alpha[14000:00] =  0.1411      +/-  0.009314    | -0.04097     | -0.05927     |  0.05179     |  0.0596      | -0.05209     | -nan         |  1           | -0.05361     |  0.06503     | -0.1639      |
#   beta[14000:01] =  3.098       +/-  0.1136      | -0.05154     | -0.06082     |  0.05187     |  0.06136     | -0.05231     | -nan         | -0.05361     |  1           |  0.03583     |  0.01018     |
#     M1[14000:02] = -19.04       +/-  0.03286     |  0.4088      |  0.6336      | -0.5575      | -0.6366      |  0.5602      | -nan         |  0.06503     |  0.03583     |  1           |  0.5588      |
#     M2[14000:03] = -19.11       +/-  0.03638     |  0.3512      |  0.5479      | -0.4824      | -0.5504      |  0.4847      | -nan         | -0.1639      |  0.01018     |  0.5588      |  1           |
#                                                  -------------------------------------------------------------------------------------------------------------------------------------------------------
