#----------------------------------------------------------------------------------
# Model[03000]:
#   - NcHICosmo : XCDM - Constant EOS
#----------------------------------------------------------------------------------
# Model parameters
#   -            H0[00]:  70                  [FIXED]
#   -        Omegac[01]:  0.25                [FIXED]
#   -        Omegak[02]:  0                   [FIXED]
#   -       Tgamma0[03]:  2.7245              [FIXED]
#   -            Yp[04]:  0.24                [FIXED]
#   -          ENnu[05]:  3.046               [FIXED]
#   -        Omegab[06]:  0.05                [FIXED]
#   -           w_0[07]: -1                   [FIXED]
#   -           w_1[08]: -1                   [FIXED]
#   -           w_2[09]: -1                   [FIXED]
#   -           w_3[10]: -1                   [FIXED]
#   -           w_4[11]: -1                   [FIXED]
#   -           w_5[12]: -1                   [FIXED]
#   -           w_6[13]: -1                   [FIXED]
#   -           w_7[14]: -1                   [FIXED]
#   -           w_8[15]: -1                   [FIXED]
#----------------------------------------------------------------------------------
# Model[14000]:
#   - NcSNIADistCov : Supernovae Ia Distance Covariance
#----------------------------------------------------------------------------------
# Model parameters
#   -         alpha[00]:  0.145               [FIXED]
#   -          beta[01]:  3.16                [FIXED]
#   -            M1[02]: -19                  [FIXED]
#   -            M2[03]: -19.2                [FIXED]
#   -  lnsigma_pecz[04]: -7.60021041          [FIXED]
#   -  lnsigma_lens[05]: -2.90042209374967    [FIXED]
#   - lnsigma_int_0[06]: -2.52572864430826    [FIXED]
#   - lnsigma_int_1[07]: -2.22562405185792    [FIXED]
#   - lnsigma_int_2[08]: -2.00991547903123    [FIXED]
#   - lnsigma_int_3[09]: -2.30258509299405    [FIXED]
#----------------------------------------------------------------------------------
# Model fitting. Interating using:
#  - solver:            NLOpt:ln-neldermead
#  - differentiation:   Numerical differentiantion (forward)
#...........................................................................................................................................................................................................................................................................................................................................................................................................................................................................................................
#  Minimum found with precision: |df|/f =  1.00000e-08 and |dx| =  1.00000e-05
#  Elapsed time: 00 days, 00:37:56.6838570
#  iteration            [004823]
#  function evaluations [004825]
#  gradient evaluations [000000]
#  degrees of freedom   [000754]
#  m2lnL     =     707.330553326675 (     681.38056    0.30777278    0.48894497    0.02954943     1.7255932     2.5069444     7.7540747     3.5212626     9.6158467 )
#  Fit parameters:
#     0.218015671728794   -0.00377518536800309 -2.41322131809715    -0.777719236035109   -1.53321101912715    -0.195287561058319   -1.25865137622654    -0.237586423741892   -0.628409208477767   -0.79069612526939    -0.819730038963642    0.14194992967198     3.10089554694407    -19.103318687065     -19.1731232540206    
#----------------------------------------------------------------------------------
# Restarting:              yes
#  - absolute improvement: 47.1228423540711      
#  - relative improvement: 0.0624595801726784    
#  - m2lnL_0  :            754.453395680746      
#  - m2lnL_1  :            707.330553326675      
#----------------------------------------------------------------------------------
# Model fitting. Interating using:
#  - solver:            NLOpt:ln-neldermead
#  - differentiation:   Numerical differentiantion (forward)
#.................................................................................................................................................................................................................................................
#  Minimum found with precision: |df|/f =  1.00000e-08 and |dx| =  1.00000e-05
#  Elapsed time: 00 days, 00:19:55.1997710
#  iteration            [002322]
#  function evaluations [002324]
#  gradient evaluations [000000]
#  degrees of freedom   [000754]
#  m2lnL     =     703.055332579017 (     681.77437   0.015193256   0.002906436    0.59401417     1.7565708     2.5069444     7.7867147     3.8054748     4.8131464 )
#  Fit parameters:
#     0.232536683457151   -0.00404534662092958 -2.20185485287917    -0.750618874691767   -1.48318653787809    -0.284904116233362   -1.07159086742849    -0.09159434083233    -1.19329578686568    -0.648358658165007   -6.89567716342525e-05  0.141129372185113    3.094659941082      -19.0792614822764    -19.1476545751627    
#----------------------------------------------------------------------------------
# Restarting:              yes
#  - absolute improvement: 4.27522074765784      
#  - relative improvement: 0.00604416241819454   
#  - m2lnL_1  :            707.330553326675      
#  - m2lnL_2  :            703.055332579017      
#----------------------------------------------------------------------------------
# Model fitting. Interating using:
#  - solver:            NLOpt:ln-neldermead
#  - differentiation:   Numerical differentiantion (forward)
#..................................................................................................................................................................................................................................................................................................................................................................................................................................................................................................................................................................................................................................................................................................
#  Minimum found with precision: |df|/f =  1.00000e-08 and |dx| =  1.00000e-05
#  Elapsed time: 00 days, 00:41:23.1828030
#  iteration            [006651]
#  function evaluations [006653]
#  gradient evaluations [000000]
#  degrees of freedom   [000754]
#  m2lnL     =     701.156068654339 (     681.33984  0.0068681157   0.039476816    0.24146502     1.3540394     2.5069444     7.9002283     4.7737338     2.9934733 )
#  Fit parameters:
#     0.244503107883884   -0.00163007698958913 -1.39242039037196    -0.837410204025701   -1.09008853111356    -1.01605027657938    -0.833741839581129   -0.137758106645035   -0.0128001129224405  -0.0579853760688444  -0.00567177656183585  0.141061540738923    3.09526389187889    -19.0513863869922    -19.1220186047772    
#----------------------------------------------------------------------------------
# Restarting:              yes
#  - absolute improvement: 1.89926392467839      
#  - relative improvement: 0.00270144302541782   
#  - m2lnL_2  :            703.055332579017      
#  - m2lnL_3  :            701.156068654339      
#----------------------------------------------------------------------------------
# Model fitting. Interating using:
#  - solver:            NLOpt:ln-neldermead
#  - differentiation:   Numerical differentiantion (forward)
#...............................................................................................................................................................................
#  Minimum found with precision: |df|/f =  1.00000e-08 and |dx| =  1.00000e-05
#  Elapsed time: 00 days, 00:07:59.4588300
#  iteration            [001663]
#  function evaluations [001665]
#  gradient evaluations [000000]
#  degrees of freedom   [000754]
#  m2lnL     =     701.150859718758 (     681.34234  0.0083596746   0.037714449    0.23179308     1.3534649     2.5069444     7.9010613     4.7625761     3.0066104 )
#  Fit parameters:
#     0.244427458742837   -0.000983181896815766 -1.38308527783488    -0.841831078905462   -1.08994928707372    -1.01164571048006    -0.821414902410982   -0.140099406840136   -5.63717535750146e-05 -0.0545725781744894  -2.25577315948659e-06  0.141143120345186    3.09522351107498    -19.0511385351233    -19.121884962419     
#----------------------------------------------------------------------------------
# Restarting:              yes
#  - absolute improvement: 0.00520893558052649   
#  - relative improvement: 7.42906724108299e-06  
#  - m2lnL_3  :            701.156068654339      
#  - m2lnL_4  :            701.150859718758      
#----------------------------------------------------------------------------------
# Model fitting. Interating using:
#  - solver:            NLOpt:ln-neldermead
#  - differentiation:   Numerical differentiantion (forward)
#...............................................................................................................................................................................................
#  Minimum found with precision: |df|/f =  1.00000e-08 and |dx| =  1.00000e-05
#  Elapsed time: 00 days, 00:07:31.0730120
#  iteration            [001821]
#  function evaluations [001823]
#  gradient evaluations [000000]
#  degrees of freedom   [000754]
#  m2lnL     =     701.145035471759 (     681.33199  0.0073130597   0.036981686    0.22972602     1.3348336     2.5069444     7.9489066     4.7765969     2.9717466 )
#  Fit parameters:
#     0.244686855185714    0.00100582599444729 -1.36983389600633    -0.840080350299623   -1.07861165910651    -1.06477751407597    -0.715819981020861   -0.138628284928303   -0.000322913533187221 -0.0263524108045037  -0.00134904700487308  0.141114714120519    3.09575330272439    -19.0508086557869    -19.1215161426338    
#----------------------------------------------------------------------------------
# Restarting:              yes
#  - absolute improvement: 0.00582424699882722   
#  - relative improvement: 8.30669593867917e-06  
#  - m2lnL_4  :            701.150859718758      
#  - m2lnL_5  :            701.145035471759      
#----------------------------------------------------------------------------------
# Model fitting. Interating using:
#  - solver:            NLOpt:ln-neldermead
#  - differentiation:   Numerical differentiantion (forward)
#...................................................................
#  Minimum found with precision: |df|/f =  1.00000e-08 and |dx| =  1.00000e-05
#  Elapsed time: 00 days, 00:02:08.7770120
#  iteration            [000584]
#  function evaluations [000586]
#  gradient evaluations [000000]
#  degrees of freedom   [000754]
#  m2lnL     =     701.144735108402 (     681.33307  0.0076240275   0.036435197    0.22761538     1.3343925     2.5069444     7.9484805     4.7770393     2.9731336 )
#  Fit parameters:
#     0.24466300227557     0.000998218033262152 -1.36733797085205    -0.84077365635203    -1.07833920727234    -1.06415308962066    -0.715938187738014   -0.139175847719706   -0.000199050744177177 -0.0266319711932968  -2.65990318739128e-05  0.141126433986813    3.09572779799083    -19.0507142513678    -19.1214167019264    
#----------------------------------------------------------------------------------
# Restarting:              no
#  - absolute improvement: 0.000300363357268907  
#  - relative improvement: 4.28389765416808e-07  
#  - m2lnL_5  :            701.145035471759      
#  - m2lnL_6  :            701.144735108402      
#----------------------------------------------------------------------------------
# Data used:
#   - JLA SNLS3+SDSS Betoule 2014 sys and stat (complete cov)
#   - 6dFGRS -- Beutler (2011), BAO Sample R-Dv
#   - SDSS-DR7-rec -- Padmanabhan (2012), BAO Sample R-Dv
#   - SDSS-DR9-rec -- Anderson (2012), BAO Sample R-Dv
#   - WiggleZ -- Blake (2012), BAO Sample R-Dv
#   - Riess 2008 HST Project sample
#   - Stern 2009 H(z) sample
#   - Moresco 2012 H(z) BC03 sample
#   - WMAP9 distance priors
#----------------------------------------------------------------------------------
# Model[03000]:
#   - NcHICosmo : XCDM - Constant EOS
#----------------------------------------------------------------------------------
# Model parameters
#   -            H0[00]:  70                  [FIXED]
#   -        Omegac[01]:  0.24466300227557    [FREE]
#   -        Omegak[02]:  0.000998218033262152 [FREE]
#   -       Tgamma0[03]:  2.7245              [FIXED]
#   -            Yp[04]:  0.24                [FIXED]
#   -          ENnu[05]:  3.046               [FIXED]
#   -        Omegab[06]:  0.05                [FIXED]
#   -           w_0[07]: -1.36733797085205    [FREE]
#   -           w_1[08]: -0.84077365635203    [FREE]
#   -           w_2[09]: -1.07833920727234    [FREE]
#   -           w_3[10]: -1.06415308962066    [FREE]
#   -           w_4[11]: -0.715938187738014   [FREE]
#   -           w_5[12]: -0.139175847719706   [FREE]
#   -           w_6[13]: -0.000199050744177177 [FREE]
#   -           w_7[14]: -0.0266319711932968  [FREE]
#   -           w_8[15]: -2.65990318739128e-05 [FREE]
#----------------------------------------------------------------------------------
# Model[14000]:
#   - NcSNIADistCov : Supernovae Ia Distance Covariance
#----------------------------------------------------------------------------------
# Model parameters
#   -         alpha[00]:  0.141126433986813   [FREE]
#   -          beta[01]:  3.09572779799083    [FREE]
#   -            M1[02]: -19.0507142513678    [FREE]
#   -            M2[03]: -19.1214167019264    [FREE]
#   -  lnsigma_pecz[04]: -7.60021041          [FIXED]
#   -  lnsigma_lens[05]: -2.90042209374967    [FIXED]
#   - lnsigma_int_0[06]: -2.52572864430826    [FIXED]
#   - lnsigma_int_1[07]: -2.22562405185792    [FIXED]
#   - lnsigma_int_2[08]: -2.00991547903123    [FIXED]
#   - lnsigma_int_3[09]: -2.30258509299405    [FIXED]
#----------------------------------------------------------------------------------
# NcmMSet parameters covariance matrix
#                                                  ----------------------------------------------------------------------------------------------------------------------------------------------------------------------------------------------------------------------------------
# Omegac[03000:01] =  0.2447      +/-  0.02009     |  1           |  0.1309      |  0.6107      | -0.1688      |  0.5158      | -0.5201      |  0.4058      | -0.4982      | -nan         |  0.5333      | -nan         | -0.04774     | -0.00442     |  0.6216      |  0.5829      |
# Omegak[03000:02] =  0.0009982   +/-  0.01889     |  0.1309      |  1           |  0.165       | -0.01139     |  0.2125      | -0.2851      |  0.5652      | -0.1206      | -nan         |  0.2477      | -nan         | -0.001343    |  0.02234     |  0.1255      |  0.1199      |
#    w_0[03000:07] = -1.367       +/-  1.042       |  0.6107      |  0.165       |  1           | -0.6216      |  0.681       | -0.6082      |  0.5143      | -0.6106      | -nan         |  0.6353      | -nan         | -0.04297     |  0.03875     |  0.754       |  0.7183      |
#    w_1[03000:08] = -0.8408      +/-  0.2251      | -0.1688      | -0.01139     | -0.6216      |  1           | -0.03622     | -0.1252      |  0.1106      | -0.1165      | -nan         |  0.1018      | -nan         |  0.02704     | -0.01225     | -0.39        | -0.378       |
#    w_2[03000:09] = -1.078       +/-  0.5322      |  0.5158      |  0.2125      |  0.681       | -0.03622     |  1           | -0.7619      |  0.6374      | -0.7561      | -nan         |  0.7771      | -nan         |  0.002361    |  0.06938     |  0.4046      |  0.3914      |
#    w_3[03000:10] = -1.064       +/-  1.247       | -0.5201      | -0.2851      | -0.6082      | -0.1252      | -0.7619      |  1           | -0.9151      |  0.9692      | -nan         | -0.9983      | -nan         |  0.002154    | -0.07538     | -0.4011      | -0.3836      |
#    w_4[03000:11] = -0.7159      +/-  1.609       |  0.4058      |  0.5652      |  0.5143      |  0.1106      |  0.6374      | -0.9151      |  1           | -0.8925      | -nan         |  0.9346      | -nan         |  0.002034    |  0.07386     |  0.3237      |  0.3106      |
#    w_5[03000:12] = -0.1392      +/-  0.8478      | -0.4982      | -0.1206      | -0.6106      | -0.1165      | -0.7561      |  0.9692      | -0.8925      |  1           | -nan         | -0.9846      | -nan         |  0.00243     | -0.07402     | -0.3982      | -0.381       |
#    w_6[03000:13] = -0.0001991   +/- -nan         | -nan         | -nan         | -nan         | -nan         | -nan         | -nan         | -nan         | -nan         | -1           | -nan         |  1.451       | -nan         | -nan         | -nan         | -nan         |
#    w_7[03000:14] = -0.02663     +/-  1.072       |  0.5333      |  0.2477      |  0.6353      |  0.1018      |  0.7771      | -0.9983      |  0.9346      | -0.9846      | -nan         |  1           | -nan         | -0.003747    |  0.07523     |  0.4217      |  0.4032      |
#    w_8[03000:15] = -2.66e-05    +/- -nan         | -nan         | -nan         | -nan         | -nan         | -nan         | -nan         | -nan         | -nan         |  1.451       | -nan         | -1           | -nan         | -nan         | -nan         | -nan         |
#  alpha[14000:00] =  0.1411      +/-  0.009332    | -0.04774     | -0.001343    | -0.04297     |  0.02704     |  0.002361    |  0.002154    |  0.002034    |  0.00243     | -nan         | -0.003747    | -nan         |  1           | -0.05017     |  0.008967    | -0.1504      |
#   beta[14000:01] =  3.096       +/-  0.114       | -0.00442     |  0.02234     |  0.03875     | -0.01225     |  0.06938     | -0.07538     |  0.07386     | -0.07402     | -nan         |  0.07523     | -nan         | -0.05017     |  1           |  0.03987     |  0.02339     |
#     M1[14000:02] = -19.05       +/-  0.04833     |  0.6216      |  0.1255      |  0.754       | -0.39        |  0.4046      | -0.4011      |  0.3237      | -0.3982      | -nan         |  0.4217      | -nan         |  0.008967    |  0.03987     |  1           |  0.7832      |
#     M2[14000:03] = -19.12       +/-  0.05068     |  0.5829      |  0.1199      |  0.7183      | -0.378       |  0.3914      | -0.3836      |  0.3106      | -0.381       | -nan         |  0.4032      | -nan         | -0.1504      |  0.02339     |  0.7832      |  1           |
#                                                  ----------------------------------------------------------------------------------------------------------------------------------------------------------------------------------------------------------------------------------
