#----------------------------------------------------------------------------------
# Model[03000]:
#   - NcHICosmo : XCDM - Constant EOS
#----------------------------------------------------------------------------------
# Model parameters
#   -            H0[00]:  70                  [FIXED]
#   -        Omegac[01]:  0.25                [FIXED]
#   -        Omegak[02]:  0                   [FIXED]
#   -       Tgamma0[03]:  2.7245              [FIXED]
#   -            Yp[04]:  0.24                [FIXED]
#   -          ENnu[05]:  3.046               [FIXED]
#   -        Omegab[06]:  0.05                [FIXED]
#   -           w_0[07]: -1                   [FIXED]
#   -           w_1[08]: -1                   [FIXED]
#   -           w_2[09]: -1                   [FIXED]
#   -           w_3[10]: -1                   [FIXED]
#   -           w_4[11]: -1                   [FIXED]
#   -           w_5[12]: -1                   [FIXED]
#----------------------------------------------------------------------------------
# Model[14000]:
#   - NcSNIADistCov : Supernovae Ia Distance Covariance
#----------------------------------------------------------------------------------
# Model parameters
#   -         alpha[00]:  0.145               [FIXED]
#   -          beta[01]:  3.16                [FIXED]
#   -            M1[02]: -19                  [FIXED]
#   -            M2[03]: -19.2                [FIXED]
#   -  lnsigma_pecz[04]: -7.60021041          [FIXED]
#   -  lnsigma_lens[05]: -2.90042209374967    [FIXED]
#   - lnsigma_int_0[06]: -2.52572864430826    [FIXED]
#   - lnsigma_int_1[07]: -2.22562405185792    [FIXED]
#   - lnsigma_int_2[08]: -2.00991547903123    [FIXED]
#   - lnsigma_int_3[09]: -2.30258509299405    [FIXED]
#----------------------------------------------------------------------------------
# Model fitting. Interating using:
#  - solver:            NLOpt:ln-neldermead
#  - differentiation:   Numerical differentiantion (forward)
#...............................................................................................................................................................................................................................................................................................................................................................................................................................................................................
#  Minimum found with precision: |df|/f =  1.00000e-08 and |dx| =  1.00000e-05
#  Elapsed time: 00 days, 00:28:16.1233730
#  iteration            [004540]
#  function evaluations [004542]
#  gradient evaluations [000000]
#  degrees of freedom   [000757]
#  m2lnL     =     711.712198613144 (     681.96639    0.46105632    0.62644471    0.47326266     1.1248922     2.5069444     9.0290451     4.9908252      10.53334 )
#  Fit parameters:
#     0.224365114279008    0.0258309085562084  -1.58798894300894    -0.87601942766793    -1.28429325862241    -0.00508493771074311 -0.884480222043987   -0.275002895214027    0.14216134053045     3.11366401190705    -19.0858998857685    -19.1547054615791    
#----------------------------------------------------------------------------------
# Restarting:              yes
#  - absolute improvement: 42.7411970676026      
#  - relative improvement: 0.0566518718217671    
#  - m2lnL_0  :            754.453395680746      
#  - m2lnL_1  :            711.712198613144      
#----------------------------------------------------------------------------------
# Model fitting. Interating using:
#  - solver:            NLOpt:ln-neldermead
#  - differentiation:   Numerical differentiantion (forward)
#................................................................................................................................................................................................................................................................................................................................................................................................................................................................................................................................................................................................................................................................................................
#  Minimum found with precision: |df|/f =  1.00000e-08 and |dx| =  1.00000e-05
#  Elapsed time: 00 days, 00:51:21.7243200
#  iteration            [006631]
#  function evaluations [006633]
#  gradient evaluations [000000]
#  degrees of freedom   [000757]
#  m2lnL     =     711.002623425848 (     681.41203     0.3467184    0.71280837    0.25578609       1.07031     2.5069444     9.0569793     5.1471986     10.493849 )
#  Fit parameters:
#     0.224222412542528    0.0799920755795723  -1.90177182387079    -0.85850135641057    -1.73080003746794    -0.017980439605133   -9.3593762153828e-06 -4.93759784283152     0.142493389058396    3.11455573779162    -19.0917208024483    -19.1607842072259    
#----------------------------------------------------------------------------------
# Restarting:              yes
#  - absolute improvement: 0.709575187295172     
#  - relative improvement: 0.000996997365898554  
#  - m2lnL_1  :            711.712198613144      
#  - m2lnL_2  :            711.002623425848      
#----------------------------------------------------------------------------------
# Model fitting. Interating using:
#  - solver:            NLOpt:ln-neldermead
#  - differentiation:   Numerical differentiantion (forward)
#..........................................................................................................................................................................................................................................................................................................................................................................................................
#  Minimum found with precision: |df|/f =  1.00000e-08 and |dx| =  1.00000e-05
#  Elapsed time: 00 days, 00:21:29.8000630
#  iteration            [003857]
#  function evaluations [003859]
#  gradient evaluations [000000]
#  degrees of freedom   [000757]
#  m2lnL     =      710.88346567117 (     681.29234    0.29870038    0.76644413    0.21099021     1.0615917     2.5069444     9.0327427     5.1876767     10.526031 )
#  Fit parameters:
#     0.224381133322794    0.0907645964618523  -2.02050992784106    -0.830824114538788   -1.89492416158994    -2.05571538918399e-05 -9.83894677376763e-06 -4.35428805520643     0.142271337445611    3.11562017101319    -19.0934776622151    -19.1625828139567    
#----------------------------------------------------------------------------------
# Restarting:              yes
#  - absolute improvement: 0.119157754677872     
#  - relative improvement: 0.000167591160358495  
#  - m2lnL_2  :            711.002623425848      
#  - m2lnL_3  :            710.88346567117       
#----------------------------------------------------------------------------------
# Model fitting. Interating using:
#  - solver:            NLOpt:ln-neldermead
#  - differentiation:   Numerical differentiantion (forward)
#.........................................................................................................
#  Minimum found with precision: |df|/f =  1.00000e-08 and |dx| =  1.00000e-05
#  Elapsed time: 00 days, 00:04:43.8084090
#  iteration            [000962]
#  function evaluations [000964]
#  gradient evaluations [000000]
#  degrees of freedom   [000757]
#  m2lnL     =     710.876748621512 (     681.27469    0.30423314     0.7775025    0.20024021     1.0614701     2.5069444     9.0417101     5.2069516     10.503005 )
#  Fit parameters:
#     0.224274412555049    0.0911446048771322  -2.01922077059417    -0.832138860183073   -1.90939491607222    -0.000186922558594787 -0.000152202279866597 -4.99691255045331     0.142287407237996    3.11602925000038    -19.0934404177497    -19.1624543664653    
#----------------------------------------------------------------------------------
# Restarting:              yes
#  - absolute improvement: 0.00671704965827757   
#  - relative improvement: 9.44887591658327e-06  
#  - m2lnL_3  :            710.88346567117       
#  - m2lnL_4  :            710.876748621512      
#----------------------------------------------------------------------------------
# Model fitting. Interating using:
#  - solver:            NLOpt:ln-neldermead
#  - differentiation:   Numerical differentiantion (forward)
#......................................................................................................
#  Minimum found with precision: |df|/f =  1.00000e-08 and |dx| =  1.00000e-05
#  Elapsed time: 00 days, 00:04:18.0901280
#  iteration            [000935]
#  function evaluations [000937]
#  gradient evaluations [000000]
#  degrees of freedom   [000757]
#  m2lnL     =     710.874904058137 (     681.28316    0.30245534     0.7736401    0.20891617     1.0617636     2.5069444     9.0332615     5.1923673     10.512393 )
#  Fit parameters:
#     0.224317067442308    0.0910918012118607  -2.01884338045111    -0.832041414172382   -1.90018755830084    -3.62783417567152e-06 -4.57633935930355e-06 -4.99933543149201     0.14232297836365     3.11574944146362    -19.093424999939     -19.1626185203917    
#----------------------------------------------------------------------------------
# Restarting:              yes
#  - absolute improvement: 0.00184456337558458   
#  - relative improvement: 2.59477241190044e-06  
#  - m2lnL_4  :            710.876748621512      
#  - m2lnL_5  :            710.874904058137      
#----------------------------------------------------------------------------------
# Model fitting. Interating using:
#  - solver:            NLOpt:ln-neldermead
#  - differentiation:   Numerical differentiantion (forward)
#..........................................
#  Minimum found with precision: |df|/f =  1.00000e-08 and |dx| =  1.00000e-05
#  Elapsed time: 00 days, 00:01:22.3861850
#  iteration            [000334]
#  function evaluations [000336]
#  gradient evaluations [000000]
#  degrees of freedom   [000757]
#  m2lnL     =     710.874777865977 (     681.28189    0.30244027    0.77119105    0.20532996     1.0619212     2.5069444     9.0341786     5.1943876     10.516498 )
#  Fit parameters:
#     0.224337182289637    0.0910747178808399  -2.01836466707214    -0.832436172369798   -1.90173912918465    -7.04698678625864e-07  0                   -5                    0.142308065636408    3.11561712706644    -19.0934217742274    -19.1625690294192    
#----------------------------------------------------------------------------------
# Restarting:              no
#  - absolute improvement: 0.0001261921592004    
#  - relative improvement: 1.77516688913919e-07  
#  - m2lnL_5  :            710.874904058137      
#  - m2lnL_6  :            710.874777865977      
#----------------------------------------------------------------------------------
# Data used:
#   - JLA SNLS3+SDSS Betoule 2014 sys and stat (complete cov)
#   - 6dFGRS -- Beutler (2011), BAO Sample R-Dv
#   - SDSS-DR7-rec -- Padmanabhan (2012), BAO Sample R-Dv
#   - SDSS-DR9-rec -- Anderson (2012), BAO Sample R-Dv
#   - WiggleZ -- Blake (2012), BAO Sample R-Dv
#   - Riess 2008 HST Project sample
#   - Stern 2009 H(z) sample
#   - Moresco 2012 H(z) BC03 sample
#   - WMAP9 distance priors
#----------------------------------------------------------------------------------
# Model[03000]:
#   - NcHICosmo : XCDM - Constant EOS
#----------------------------------------------------------------------------------
# Model parameters
#   -            H0[00]:  70                  [FIXED]
#   -        Omegac[01]:  0.224337182289637   [FREE]
#   -        Omegak[02]:  0.0910747178808399  [FREE]
#   -       Tgamma0[03]:  2.7245              [FIXED]
#   -            Yp[04]:  0.24                [FIXED]
#   -          ENnu[05]:  3.046               [FIXED]
#   -        Omegab[06]:  0.05                [FIXED]
#   -           w_0[07]: -2.01836466707214    [FREE]
#   -           w_1[08]: -0.832436172369798   [FREE]
#   -           w_2[09]: -1.90173912918465    [FREE]
#   -           w_3[10]: -7.04698678625864e-07 [FREE]
#   -           w_4[11]:  0                   [FREE]
#   -           w_5[12]: -5                   [FREE]
#----------------------------------------------------------------------------------
# Model[14000]:
#   - NcSNIADistCov : Supernovae Ia Distance Covariance
#----------------------------------------------------------------------------------
# Model parameters
#   -         alpha[00]:  0.142308065636408   [FREE]
#   -          beta[01]:  3.11561712706644    [FREE]
#   -            M1[02]: -19.0934217742274    [FREE]
#   -            M2[03]: -19.1625690294192    [FREE]
#   -  lnsigma_pecz[04]: -7.60021041          [FIXED]
#   -  lnsigma_lens[05]: -2.90042209374967    [FIXED]
#   - lnsigma_int_0[06]: -2.52572864430826    [FIXED]
#   - lnsigma_int_1[07]: -2.22562405185792    [FIXED]
#   - lnsigma_int_2[08]: -2.00991547903123    [FIXED]
#   - lnsigma_int_3[09]: -2.30258509299405    [FIXED]
#----------------------------------------------------------------------------------
# NcmMSet parameters covariance matrix
#                                                  -------------------------------------------------------------------------------------------------------------------------------------------------------------------------------------
# Omegac[03000:01] =  0.2243      +/-  0.01168     |  1           | -nan         | -nan         | -0.001483    | -nan         |  0.009987    | -nan         | -nan         | -0.02845     | -0.04217     |  0.2273      |  0.1949      |
# Omegak[03000:02] =  0.09107     +/- -nan         | -nan         | -1           |  1.459       | -nan         |  1.198       | -nan         | -0.3207      |  0.4633      | -nan         | -nan         | -nan         | -nan         |
#    w_0[03000:07] = -2.018       +/- -nan         | -nan         |  1.459       | -1           | -nan         | -1.354       | -nan         |  0.575       | -0.8799      | -nan         | -nan         | -nan         | -nan         |
#    w_1[03000:08] = -0.8324      +/-  0.2764      | -0.001483    | -nan         | -nan         |  1           | -nan         |  0.002704    | -nan         | -nan         |  0.01397     | -0.004285    | -0.3113      | -0.2933      |
#    w_2[03000:09] = -1.902       +/- -nan         | -nan         |  1.198       | -1.354       | -nan         | -1           | -nan         |  0.4328      | -0.7051      | -nan         | -nan         | -nan         | -nan         |
#    w_3[03000:10] = -7.047e-07   +/-  0.001482    |  0.009987    | -nan         | -nan         |  0.002704    | -nan         |  1           | -nan         | -nan         | -0.0006432   | -0.001078    |  0.01441     |  0.01327     |
#    w_4[03000:11] =  0           +/- -nan         | -nan         | -0.3207      |  0.575       | -nan         |  0.4328      | -nan         | -1           | -0.7579      | -nan         | -nan         | -nan         | -nan         |
#    w_5[03000:12] = -5           +/- -nan         | -nan         |  0.4633      | -0.8799      | -nan         | -0.7051      | -nan         | -0.7579      | -1           | -nan         | -nan         | -nan         | -nan         |
#  alpha[14000:00] =  0.1423      +/-  0.009349    | -0.02845     | -nan         | -nan         |  0.01397     | -nan         | -0.0006432   | -nan         | -nan         |  1           | -0.05245     |  0.05022     | -0.169       |
#   beta[14000:01] =  3.116       +/-  0.1138      | -0.04217     | -nan         | -nan         | -0.004285    | -nan         | -0.001078    | -nan         | -nan         | -0.05245     |  1           |  0.03103     |  0.007411    |
#     M1[14000:02] = -19.09       +/-  0.03439     |  0.2273      | -nan         | -nan         | -0.3113      | -nan         |  0.01441     | -nan         | -nan         |  0.05022     |  0.03103     |  1           |  0.5904      |
#     M2[14000:03] = -19.16       +/-  0.0377      |  0.1949      | -nan         | -nan         | -0.2933      | -nan         |  0.01327     | -nan         | -nan         | -0.169       |  0.007411    |  0.5904      |  1           |
#                                                  -------------------------------------------------------------------------------------------------------------------------------------------------------------------------------------
