#----------------------------------------------------------------------------------
# Model[03000]:
#   - NcHICosmo : XCDM - Constant EOS
#----------------------------------------------------------------------------------
# Model parameters
#   -            H0[00]:  70                  [FIXED]
#   -        Omegac[01]:  0.25                [FIXED]
#   -        Omegak[02]:  0                   [FIXED]
#   -       Tgamma0[03]:  2.7245              [FIXED]
#   -            Yp[04]:  0.24                [FIXED]
#   -          ENnu[05]:  3.046               [FIXED]
#   -        Omegab[06]:  0.05                [FIXED]
#   -           w_0[07]: -1                   [FIXED]
#   -           w_1[08]: -1                   [FIXED]
#   -           w_2[09]: -1                   [FIXED]
#----------------------------------------------------------------------------------
# Model[14000]:
#   - NcSNIADistCov : Supernovae Ia Distance Covariance
#----------------------------------------------------------------------------------
# Model parameters
#   -         alpha[00]:  0.145               [FIXED]
#   -          beta[01]:  3.16                [FIXED]
#   -            M1[02]: -19                  [FIXED]
#   -            M2[03]: -19.2                [FIXED]
#   -  lnsigma_pecz[04]: -7.60021041          [FIXED]
#   -  lnsigma_lens[05]: -2.90042209374967    [FIXED]
#   - lnsigma_int_0[06]: -2.52572864430826    [FIXED]
#   - lnsigma_int_1[07]: -2.22562405185792    [FIXED]
#   - lnsigma_int_2[08]: -2.00991547903123    [FIXED]
#   - lnsigma_int_3[09]: -2.30258509299405    [FIXED]
#----------------------------------------------------------------------------------
# Model fitting. Interating using:
#  - solver:            NLOpt:ln-neldermead
#  - differentiation:   Numerical differentiantion (forward)
#.....................................................................................................................................................................................................................................................................
#  Minimum found with precision: |df|/f =  1.00000e-08 and |dx| =  1.00000e-05
#  Elapsed time: 00 days, 00:10:02.4292780
#  iteration            [002527]
#  function evaluations [002529]
#  gradient evaluations [000000]
#  degrees of freedom   [000760]
#  m2lnL     =     704.965429593244 (      683.8922   0.019946274    0.55726987    0.25998502      1.465367     2.5069444      8.509716     4.1837852     3.5702128 )
#  Fit parameters:
#     0.241695837359787    0.0236171786062644  -1.16123041842638    -1.02732463528009    -0.640880869399989    0.143263846912896    3.11839206977968    -19.0580201640288    -19.1278358624403    
#----------------------------------------------------------------------------------
# Restarting:              yes
#  - absolute improvement: 49.4879660875018      
#  - relative improvement: 0.0655944639799105    
#  - m2lnL_0  :            754.453395680746      
#  - m2lnL_1  :            704.965429593244      
#----------------------------------------------------------------------------------
# Model fitting. Interating using:
#  - solver:            NLOpt:ln-neldermead
#  - differentiation:   Numerical differentiantion (forward)
#.................................................................................
#  Minimum found with precision: |df|/f =  1.00000e-08 and |dx| =  1.00000e-05
#  Elapsed time: 00 days, 00:03:11.6735880
#  iteration            [000724]
#  function evaluations [000726]
#  gradient evaluations [000000]
#  degrees of freedom   [000760]
#  m2lnL     =     704.400481984888 (     683.51486   0.024452217    0.30490715   0.032888798     1.4282144     2.5069444     8.7143596     4.4031589     3.4707011 )
#  Fit parameters:
#     0.241047883499887    0.0392909458321636  -1.15382478977772    -1.01288122009675    -0.765388605745761    0.141452274596529    3.1035791235298     -19.0561760601404    -19.1258080225194    
#----------------------------------------------------------------------------------
# Restarting:              yes
#  - absolute improvement: 0.564947608356192     
#  - relative improvement: 0.000801383421995827  
#  - m2lnL_1  :            704.965429593244      
#  - m2lnL_2  :            704.400481984888      
#----------------------------------------------------------------------------------
# Model fitting. Interating using:
#  - solver:            NLOpt:ln-neldermead
#  - differentiation:   Numerical differentiantion (forward)
#..............................................................................................................................................................................................................
#  Minimum found with precision: |df|/f =  1.00000e-08 and |dx| =  1.00000e-05
#  Elapsed time: 00 days, 00:07:40.6204970
#  iteration            [001976]
#  function evaluations [001978]
#  gradient evaluations [000000]
#  degrees of freedom   [000760]
#  m2lnL     =      703.29110170511 (     683.14718   0.034076591    0.32295988    0.15797069     1.4092374     2.5069444     8.1625903     4.3568446      3.193294 )
#  Fit parameters:
#     0.243758039096376   -0.00233668893474231 -1.0691417472948     -0.984057325258219   -5.35356583113524e-05  0.141437904239162    3.10631968305297    -19.0537502596255    -19.1243698257905    
#----------------------------------------------------------------------------------
# Restarting:              yes
#  - absolute improvement: 1.10938027977761      
#  - relative improvement: 0.00157492833714644   
#  - m2lnL_2  :            704.400481984888      
#  - m2lnL_3  :            703.29110170511       
#----------------------------------------------------------------------------------
# Model fitting. Interating using:
#  - solver:            NLOpt:ln-neldermead
#  - differentiation:   Numerical differentiantion (forward)
#...............................................................................
#  Minimum found with precision: |df|/f =  1.00000e-08 and |dx| =  1.00000e-05
#  Elapsed time: 00 days, 00:02:03.3779620
#  iteration            [000702]
#  function evaluations [000704]
#  gradient evaluations [000000]
#  degrees of freedom   [000760]
#  m2lnL     =     703.020891553191 (     683.12743   0.031004972    0.20447827    0.03404169     1.3864154     2.5069444     8.1998184     4.5447712     2.9859858 )
#  Fit parameters:
#     0.244391332607395   -4.45829283202498e-05 -1.04652234549137    -0.96133493428154    -0.0276964971577665   0.141261988448871    3.09982013482187    -19.0483090669151    -19.1183983041957    
#----------------------------------------------------------------------------------
# Restarting:              yes
#  - absolute improvement: 0.270210151919855     
#  - relative improvement: 0.000384208119887679  
#  - m2lnL_3  :            703.29110170511       
#  - m2lnL_4  :            703.020891553191      
#----------------------------------------------------------------------------------
# Model fitting. Interating using:
#  - solver:            NLOpt:ln-neldermead
#  - differentiation:   Numerical differentiantion (forward)
#...........................................................................
#  Minimum found with precision: |df|/f =  1.00000e-08 and |dx| =  1.00000e-05
#  Elapsed time: 00 days, 00:01:50.5405810
#  iteration            [000660]
#  function evaluations [000662]
#  gradient evaluations [000000]
#  degrees of freedom   [000760]
#  m2lnL     =     702.978390190775 (       683.107   0.031118491    0.20992112    0.04041054     1.3861173     2.5069444     8.1823337     4.5374479     2.9770989 )
#  Fit parameters:
#     0.244503428256119   -0.000806557448544856 -1.04527660435712    -0.962103311328772   -4.54503479947921e-05  0.141248823769737    3.09949262582647    -19.0485612878943    -19.1186866827734    
#----------------------------------------------------------------------------------
# Restarting:              yes
#  - absolute improvement: 0.0425013624153507    
#  - relative improvement: 6.04553334417304e-05  
#  - m2lnL_4  :            703.020891553191      
#  - m2lnL_5  :            702.978390190775      
#----------------------------------------------------------------------------------
# Model fitting. Interating using:
#  - solver:            NLOpt:ln-neldermead
#  - differentiation:   Numerical differentiantion (forward)
#...................................
#  Minimum found with precision: |df|/f =  1.00000e-08 and |dx| =  1.00000e-05
#  Elapsed time: 00 days, 00:00:43.6759890
#  iteration            [000269]
#  function evaluations [000271]
#  gradient evaluations [000000]
#  degrees of freedom   [000760]
#  m2lnL     =     702.978314111748 (     683.10498   0.031916278    0.20604762    0.03876509      1.385413     2.5069444     8.1808554      4.536095     2.9872937 )
#  Fit parameters:
#     0.244425250149638   -0.000809371071792334 -1.04527007952187    -0.962114306454723   -2.05295479454973e-05  0.141244914755279    3.10004681220673    -19.0485946311316    -19.1186832520254    
#----------------------------------------------------------------------------------
# Restarting:              no
#  - absolute improvement: 7.60790275080581e-05  
#  - relative improvement: 1.08223849508961e-07  
#  - m2lnL_5  :            702.978390190775      
#  - m2lnL_6  :            702.978314111748      
#----------------------------------------------------------------------------------
# Data used:
#   - JLA SNLS3+SDSS Betoule 2014 sys and stat (complete cov)
#   - 6dFGRS -- Beutler (2011), BAO Sample R-Dv
#   - SDSS-DR7-rec -- Padmanabhan (2012), BAO Sample R-Dv
#   - SDSS-DR9-rec -- Anderson (2012), BAO Sample R-Dv
#   - WiggleZ -- Blake (2012), BAO Sample R-Dv
#   - Riess 2008 HST Project sample
#   - Stern 2009 H(z) sample
#   - Moresco 2012 H(z) BC03 sample
#   - WMAP9 distance priors
#----------------------------------------------------------------------------------
# Model[03000]:
#   - NcHICosmo : XCDM - Constant EOS
#----------------------------------------------------------------------------------
# Model parameters
#   -            H0[00]:  70                  [FIXED]
#   -        Omegac[01]:  0.244425250149638   [FREE]
#   -        Omegak[02]: -0.000809371071792334 [FREE]
#   -       Tgamma0[03]:  2.7245              [FIXED]
#   -            Yp[04]:  0.24                [FIXED]
#   -          ENnu[05]:  3.046               [FIXED]
#   -        Omegab[06]:  0.05                [FIXED]
#   -           w_0[07]: -1.04527007952187    [FREE]
#   -           w_1[08]: -0.962114306454723   [FREE]
#   -           w_2[09]: -2.05295479454973e-05 [FREE]
#----------------------------------------------------------------------------------
# Model[14000]:
#   - NcSNIADistCov : Supernovae Ia Distance Covariance
#----------------------------------------------------------------------------------
# Model parameters
#   -         alpha[00]:  0.141244914755279   [FREE]
#   -          beta[01]:  3.10004681220673    [FREE]
#   -            M1[02]: -19.0485946311316    [FREE]
#   -            M2[03]: -19.1186832520254    [FREE]
#   -  lnsigma_pecz[04]: -7.60021041          [FIXED]
#   -  lnsigma_lens[05]: -2.90042209374967    [FIXED]
#   - lnsigma_int_0[06]: -2.52572864430826    [FIXED]
#   - lnsigma_int_1[07]: -2.22562405185792    [FIXED]
#   - lnsigma_int_2[08]: -2.00991547903123    [FIXED]
#   - lnsigma_int_3[09]: -2.30258509299405    [FIXED]
#----------------------------------------------------------------------------------
# NcmMSet parameters covariance matrix
#                                                  ----------------------------------------------------------------------------------------------------------------------------------------
# Omegac[03000:01] =  0.2444      +/-  0.01478     |  1           |  0.49        | -0.6148      | -0.7447      | -nan         | -0.02287     | -0.03514     |  0.268       |  0.2116      |
# Omegak[03000:02] = -0.0008094   +/-  0.004155    |  0.49        |  1           |  0.2877      | -1.923       | -nan         | -0.01385     | -0.02082     |  0.1648      |  0.1303      |
#    w_0[03000:07] = -1.045       +/-  0.003522    | -0.6148      |  0.2877      |  1           |  5.947       | -nan         |  0.01186     |  0.01864     | -0.1366      | -0.1077      |
#    w_1[03000:08] = -0.9621      +/-  7.828e-06   | -0.7447      | -1.923       |  5.947       |  1           | -nan         |  0.01709     |  0.02845     | -0.1911      | -0.1502      |
#    w_2[03000:09] = -2.053e-05   +/- -nan         | -nan         | -nan         | -nan         | -nan         | -1           | -nan         | -nan         | -nan         | -nan         |
#  alpha[14000:00] =  0.1412      +/-  0.0093      | -0.02287     | -0.01385     |  0.01186     |  0.01709     | -nan         |  1           | -0.05751     |  0.1314      | -0.1574      |
#   beta[14000:01] =  3.1         +/-  0.1135      | -0.03514     | -0.02082     |  0.01864     |  0.02845     | -nan         | -0.05751     |  1           |  0.09611     |  0.05215     |
#     M1[14000:02] = -19.05       +/-  0.02555     |  0.268       |  0.1648      | -0.1366      | -0.1911      | -nan         |  0.1314      |  0.09611     |  1           |  0.332       |
#     M2[14000:03] = -19.12       +/-  0.03053     |  0.2116      |  0.1303      | -0.1077      | -0.1502      | -nan         | -0.1574      |  0.05215     |  0.332       |  1           |
#                                                  ----------------------------------------------------------------------------------------------------------------------------------------
