#----------------------------------------------------------------------------------
# Model[03000]:
#   - NcHICosmo : XCDM - Constant EOS
#----------------------------------------------------------------------------------
# Model parameters
#   -            H0[00]:  70                  [FIXED]
#   -        Omegac[01]:  0.25                [FIXED]
#   -        Omegak[02]:  0                   [FIXED]
#   -       Tgamma0[03]:  2.7245              [FIXED]
#   -            Yp[04]:  0.24                [FIXED]
#   -          ENnu[05]:  3.046               [FIXED]
#   -        Omegab[06]:  0.05                [FIXED]
#   -           w_0[07]: -1                   [FIXED]
#   -           w_1[08]: -1                   [FIXED]
#   -           w_2[09]: -1                   [FIXED]
#   -           w_3[10]: -1                   [FIXED]
#   -           w_4[11]: -1                   [FIXED]
#   -           w_5[12]: -1                   [FIXED]
#   -           w_6[13]: -1                   [FIXED]
#   -           w_7[14]: -1                   [FIXED]
#   -           w_8[15]: -1                   [FIXED]
#   -           w_9[16]: -1                   [FIXED]
#----------------------------------------------------------------------------------
# Model[14000]:
#   - NcSNIADistCov : Supernovae Ia Distance Covariance
#----------------------------------------------------------------------------------
# Model parameters
#   -         alpha[00]:  0.145               [FIXED]
#   -          beta[01]:  3.16                [FIXED]
#   -            M1[02]: -19                  [FIXED]
#   -            M2[03]: -19.2                [FIXED]
#   -  lnsigma_pecz[04]: -7.60021041          [FIXED]
#   -  lnsigma_lens[05]: -2.90042209374967    [FIXED]
#   - lnsigma_int_0[06]: -2.52572864430826    [FIXED]
#   - lnsigma_int_1[07]: -2.22562405185792    [FIXED]
#   - lnsigma_int_2[08]: -2.00991547903123    [FIXED]
#   - lnsigma_int_3[09]: -2.30258509299405    [FIXED]
#----------------------------------------------------------------------------------
# Model fitting. Interating using:
#  - solver:            NLOpt:ln-neldermead
#  - differentiation:   Numerical differentiantion (forward)
#.......................................................................................................................................................................................................................................................................................................................................................................................................
#  Minimum found with precision: |df|/f =  1.00000e-08 and |dx| =  1.00000e-05
#  Elapsed time: 00 days, 00:30:08.2793110
#  iteration            [003823]
#  function evaluations [003825]
#  gradient evaluations [000000]
#  degrees of freedom   [000753]
#  m2lnL     =     707.007211453131 (     680.93166    0.28543475    0.38113878   0.017244319       1.63678     2.5069444     7.8867946     3.7547972     9.6064159 )
#  Fit parameters:
#     0.21781419778361    -0.00870880423936359 -2.50040944692542    -0.796037379137127   -1.48914124371277    -0.649207177509514   -0.368819264604146   -2.19383289209149    -1.71739747146685    -0.966246479795349   -1.03016321900563    -1.07068071204186     0.141953789172663    3.0998506590661     -19.1054476475551    -19.1752482588643    
#----------------------------------------------------------------------------------
# Restarting:              yes
#  - absolute improvement: 47.4461842276148      
#  - relative improvement: 0.0628881578361828    
#  - m2lnL_0  :            754.453395680746      
#  - m2lnL_1  :            707.007211453131      
#----------------------------------------------------------------------------------
# Model fitting. Interating using:
#  - solver:            NLOpt:ln-neldermead
#  - differentiation:   Numerical differentiantion (forward)
#...................................................................................................................................................................................................................................................................................................................................................................................................................................................................................................................................................................................................................................................................................................................................................................................................................................................................................................................
#  Minimum found with precision: |df|/f =  1.00000e-08 and |dx| =  1.00000e-05
#  Elapsed time: 00 days, 01:04:46.5057050
#  iteration            [008745]
#  function evaluations [008747]
#  gradient evaluations [000000]
#  degrees of freedom   [000753]
#  m2lnL     =     702.358292708385 (     681.20735   0.096646975   0.095945673    0.15499281     1.4607432     2.5069444     7.2323906     3.6481662     5.9551078 )
#  Fit parameters:
#     0.226000355715073   -0.0149260645222691  -1.90005272886084    -0.761265948330754   -1.17534109291595    -1.0342698058485     -0.130043836924525   -4.97157453270409    -0.274174657899667    0                   -0.269333450561072   -1.72820559746726e-06  0.14032565206236     3.08482230378434    -19.083551717895     -19.1454200373465    
#----------------------------------------------------------------------------------
# Restarting:              yes
#  - absolute improvement: 4.64891874474654      
#  - relative improvement: 0.00657548985277178   
#  - m2lnL_1  :            707.007211453131      
#  - m2lnL_2  :            702.358292708385      
#----------------------------------------------------------------------------------
# Model fitting. Interating using:
#  - solver:            NLOpt:ln-neldermead
#  - differentiation:   Numerical differentiantion (forward)
#.........................................................................................................................................................................................................................................................................
#  Minimum found with precision: |df|/f =  1.00000e-08 and |dx| =  1.00000e-05
#  Elapsed time: 00 days, 00:13:18.3394340
#  iteration            [002560]
#  function evaluations [002562]
#  gradient evaluations [000000]
#  degrees of freedom   [000753]
#  m2lnL     =     700.385610866949 (     681.88588   0.014307659  0.0062972629    0.29195027     1.4062611     2.5069444      7.137106     4.0086945     3.1281691 )
#  Fit parameters:
#     0.243442225047797   -0.0145077702734422  -1.30536431221227    -0.807888555512956   -1.00617384489793    -1.17826615521196    -0.237133740136865   -4.93888068448822    -0.10428712805493    -0.0357158836662332  -0.290784006569955   -0.0387609189108217   0.141126203341948    3.09691997610982    -19.0504366138604    -19.1211209457577    
#----------------------------------------------------------------------------------
# Restarting:              yes
#  - absolute improvement: 1.97268184143536      
#  - relative improvement: 0.00280865458828491   
#  - m2lnL_2  :            702.358292708385      
#  - m2lnL_3  :            700.385610866949      
#----------------------------------------------------------------------------------
# Model fitting. Interating using:
#  - solver:            NLOpt:ln-neldermead
#  - differentiation:   Numerical differentiantion (forward)
#...............................................................................................................................................................
#  Minimum found with precision: |df|/f =  1.00000e-08 and |dx| =  1.00000e-05
#  Elapsed time: 00 days, 00:06:32.8219480
#  iteration            [001503]
#  function evaluations [001505]
#  gradient evaluations [000000]
#  degrees of freedom   [000753]
#  m2lnL     =     700.373371765826 (     681.88407   0.015065794  0.0068854891    0.29069575     1.4116883     2.5069444     7.1187695     4.0109268     3.1283232 )
#  Fit parameters:
#     0.243439274874588   -0.0145279560313674  -1.30840538033848    -0.811056446657282   -1.01272434880476    -1.16325278728677    -0.250296897942244   -4.99995755845878    -0.108457578937355   -0.000542362383535099 -0.289835915817522   -0.024963340593782    0.14112145332662     3.09686863776119    -19.0503467060053    -19.1211782249911    
#----------------------------------------------------------------------------------
# Restarting:              yes
#  - absolute improvement: 0.0122391011237823    
#  - relative improvement: 1.74748037850643e-05  
#  - m2lnL_3  :            700.385610866949      
#  - m2lnL_4  :            700.373371765826      
#----------------------------------------------------------------------------------
# Model fitting. Interating using:
#  - solver:            NLOpt:ln-neldermead
#  - differentiation:   Numerical differentiantion (forward)
#..........................................................................................................................................................................
#  Minimum found with precision: |df|/f =  1.00000e-08 and |dx| =  1.00000e-05
#  Elapsed time: 00 days, 00:04:45.5425070
#  iteration            [001611]
#  function evaluations [001613]
#  gradient evaluations [000000]
#  degrees of freedom   [000753]
#  m2lnL     =     700.364691717361 (     681.91159   0.014453444  0.0061603278    0.28958956     1.4031478     2.5069444     7.1293814     4.0058898     3.0975392 )
#  Fit parameters:
#     0.243669415394317   -0.014560539055843   -1.29212054993549    -0.808356783648827   -1.00062113160989    -1.18666815800884    -0.231106062978482   -4.99954810345958    -0.118349635889429   -0.00507007745270996 -0.299655473768057   -3.83228743105826e-06  0.141123230362359    3.09711548774707    -19.0500910707259    -19.1207258650838    
#----------------------------------------------------------------------------------
# Restarting:              yes
#  - absolute improvement: 0.00868004846495296   
#  - relative improvement: 1.23934587105564e-05  
#  - m2lnL_4  :            700.373371765826      
#  - m2lnL_5  :            700.364691717361      
#----------------------------------------------------------------------------------
# Model fitting. Interating using:
#  - solver:            NLOpt:ln-neldermead
#  - differentiation:   Numerical differentiantion (forward)
#...................................................
#  Minimum found with precision: |df|/f =  1.00000e-08 and |dx| =  1.00000e-05
#  Elapsed time: 00 days, 00:00:53.7154700
#  iteration            [000424]
#  function evaluations [000426]
#  gradient evaluations [000000]
#  degrees of freedom   [000753]
#  m2lnL     =     700.364597095464 (     681.91303   0.014383904  0.0062810388    0.29138557     1.4035108     2.5069444     7.1291979     4.0069563     3.0929111 )
#  Fit parameters:
#     0.24369757192844    -0.0145624128753009  -1.29115201311442    -0.808475153515883   -1.00075701024577    -1.18709773603214    -0.230551702661782   -4.99999766767606    -0.11832846928892    -0.00464585938529727 -0.299613687470918   -1.21062547137471e-05  0.141128242412815    3.09715729738174    -19.0499839594862    -19.1206699989565    
#----------------------------------------------------------------------------------
# Restarting:              no
#  - absolute improvement: 9.46218971193957e-05  
#  - relative improvement: 1.35103751286168e-07  
#  - m2lnL_5  :            700.364691717361      
#  - m2lnL_6  :            700.364597095464      
#----------------------------------------------------------------------------------
# Data used:
#   - JLA SNLS3+SDSS Betoule 2014 sys and stat (complete cov)
#   - 6dFGRS -- Beutler (2011), BAO Sample R-Dv
#   - SDSS-DR7-rec -- Padmanabhan (2012), BAO Sample R-Dv
#   - SDSS-DR9-rec -- Anderson (2012), BAO Sample R-Dv
#   - WiggleZ -- Blake (2012), BAO Sample R-Dv
#   - Riess 2008 HST Project sample
#   - Stern 2009 H(z) sample
#   - Moresco 2012 H(z) BC03 sample
#   - WMAP9 distance priors
#----------------------------------------------------------------------------------
# Model[03000]:
#   - NcHICosmo : XCDM - Constant EOS
#----------------------------------------------------------------------------------
# Model parameters
#   -            H0[00]:  70                  [FIXED]
#   -        Omegac[01]:  0.24369757192844    [FREE]
#   -        Omegak[02]: -0.0145624128753009  [FREE]
#   -       Tgamma0[03]:  2.7245              [FIXED]
#   -            Yp[04]:  0.24                [FIXED]
#   -          ENnu[05]:  3.046               [FIXED]
#   -        Omegab[06]:  0.05                [FIXED]
#   -           w_0[07]: -1.29115201311442    [FREE]
#   -           w_1[08]: -0.808475153515883   [FREE]
#   -           w_2[09]: -1.00075701024577    [FREE]
#   -           w_3[10]: -1.18709773603214    [FREE]
#   -           w_4[11]: -0.230551702661782   [FREE]
#   -           w_5[12]: -4.99999766767606    [FREE]
#   -           w_6[13]: -0.11832846928892    [FREE]
#   -           w_7[14]: -0.00464585938529727 [FREE]
#   -           w_8[15]: -0.299613687470918   [FREE]
#   -           w_9[16]: -1.21062547137471e-05 [FREE]
#----------------------------------------------------------------------------------
# Model[14000]:
#   - NcSNIADistCov : Supernovae Ia Distance Covariance
#----------------------------------------------------------------------------------
# Model parameters
#   -         alpha[00]:  0.141128242412815   [FREE]
#   -          beta[01]:  3.09715729738174    [FREE]
#   -            M1[02]: -19.0499839594862    [FREE]
#   -            M2[03]: -19.1206699989565    [FREE]
#   -  lnsigma_pecz[04]: -7.60021041          [FIXED]
#   -  lnsigma_lens[05]: -2.90042209374967    [FIXED]
#   - lnsigma_int_0[06]: -2.52572864430826    [FIXED]
#   - lnsigma_int_1[07]: -2.22562405185792    [FIXED]
#   - lnsigma_int_2[08]: -2.00991547903123    [FIXED]
#   - lnsigma_int_3[09]: -2.30258509299405    [FIXED]
#----------------------------------------------------------------------------------
# NcmMSet parameters covariance matrix
#                                                  -------------------------------------------------------------------------------------------------------------------------------------------------------------------------------------------------------------------------------------------------
# Omegac[03000:01] =  0.2437      +/-  0.02068     |  1           | -0.1139      |  0.514       | -0.1898      |  0.4179      | -0.2035      | -0.2634      |  0.2203      |  0.2822      | -nan         | -0.2461      | -nan         | -0.05103     | -0.02712     |  0.6055      |  0.5681      |
# Omegak[03000:02] = -0.01456     +/-  0.007098    | -0.1139      |  1           | -0.08981     | -0.04366     | -0.145       |  0.1887      |  0.2853      | -0.1466      | -0.2672      | -nan         |  0.1987      | -nan         | -0.003752    | -0.01377     | -0.05741     | -0.05539     |
#    w_0[03000:07] = -1.291       +/-  1.122       |  0.514       | -0.08981     |  1           | -0.2838      |  0.7011      | -0.5711      |  0.2357      | -0.2388      | -0.2244      | -nan         |  0.2265      | -nan         | -0.03846     |  0.06073     |  0.7459      |  0.7126      |
#    w_1[03000:08] = -0.8085      +/-  0.2467      | -0.1898      | -0.04366     | -0.2838      |  1           |  0.259       | -0.5149      |  0.4766      | -0.4498      | -0.5096      | -nan         |  0.4732      | -nan         |  0.02732     |  0.03641     | -0.2558      | -0.2483      |
#    w_2[03000:09] = -1.001       +/-  0.5318      |  0.4179      | -0.145       |  0.7011      |  0.259       |  1           | -0.6742      |  0.2111      | -0.2029      | -0.2014      | -nan         |  0.1965      | -nan         |  0.004715    |  0.08819     |  0.4099      |  0.3964      |
#    w_3[03000:10] = -1.187       +/-  0.9196      | -0.2035      |  0.1887      | -0.5711      | -0.5149      | -0.6742      |  1           | -0.6141      |  0.5503      |  0.6156      | -nan         | -0.5708      | -nan         | -0.003065    | -0.1023      | -0.3157      | -0.3024      |
#    w_4[03000:11] = -0.2306      +/-  2.985       | -0.2634      |  0.2853      |  0.2357      |  0.4766      |  0.2111      | -0.6141      |  1           | -0.9484      | -1.045       | -nan         |  0.9825      | -nan         |  0.01168     |  0.08237     |  0.01657     |  0.01839     |
#    w_5[03000:12] = -5           +/-  23.64       |  0.2203      | -0.1466      | -0.2388      | -0.4498      | -0.2029      |  0.5503      | -0.9484      |  1           |  1.037       | -nan         | -1.01        | -nan         | -0.007173    | -0.07293     | -0.04059     | -0.04034     |
#    w_6[03000:13] = -0.1183      +/-  4.223       |  0.2822      | -0.2672      | -0.2244      | -0.5096      | -0.2014      |  0.6156      | -1.045       |  1.037       |  1           | -nan         | -1.005       | -nan         | -0.01173     | -0.08259     | -0.005768    | -0.007819    |
#    w_7[03000:14] = -0.004646    +/- -nan         | -nan         | -nan         | -nan         | -nan         | -nan         | -nan         | -nan         | -nan         | -nan         | -1           | -nan         |  1.017       | -nan         | -nan         | -nan         | -nan         |
#    w_8[03000:15] = -0.2996      +/-  1.294       | -0.2461      |  0.1987      |  0.2265      |  0.4732      |  0.1965      | -0.5708      |  0.9825      | -1.01        | -1.005       | -nan         |  1           | -nan         |  0.009027    |  0.07597     |  0.02308     |  0.02387     |
#    w_9[03000:16] = -1.211e-05   +/- -nan         | -nan         | -nan         | -nan         | -nan         | -nan         | -nan         | -nan         | -nan         | -nan         |  1.017       | -nan         | -1           | -nan         | -nan         | -nan         | -nan         |
#  alpha[14000:00] =  0.1411      +/-  0.009335    | -0.05103     | -0.003752    | -0.03846     |  0.02732     |  0.004715    | -0.003065    |  0.01168     | -0.007173    | -0.01173     | -nan         |  0.009027    | -nan         |  1           | -0.04907     |  0.007117    | -0.1488      |
#   beta[14000:01] =  3.097       +/-  0.1144      | -0.02712     | -0.01377     |  0.06073     |  0.03641     |  0.08819     | -0.1023      |  0.08237     | -0.07293     | -0.08259     | -nan         |  0.07597     | -nan         | -0.04907     |  1           |  0.04285     |  0.02689     |
#     M1[14000:02] = -19.05       +/-  0.04948     |  0.6055      | -0.05741     |  0.7459      | -0.2558      |  0.4099      | -0.3157      |  0.01657     | -0.04059     | -0.005768    | -nan         |  0.02308     | -nan         |  0.007117    |  0.04285     |  1           |  0.7925      |
#     M2[14000:03] = -19.12       +/-  0.05176     |  0.5681      | -0.05539     |  0.7126      | -0.2483      |  0.3964      | -0.3024      |  0.01839     | -0.04034     | -0.007819    | -nan         |  0.02387     | -nan         | -0.1488      |  0.02689     |  0.7925      |  1           |
#                                                  -------------------------------------------------------------------------------------------------------------------------------------------------------------------------------------------------------------------------------------------------
