#----------------------------------------------------------------------------------
# Model[03000]:
#   - NcHICosmo : XCDM - Constant EOS
#----------------------------------------------------------------------------------
# Model parameters
#   -            H0[00]:  70                  [FIXED]
#   -        Omegac[01]:  0.25                [FIXED]
#   -        Omegak[02]:  0                   [FIXED]
#   -       Tgamma0[03]:  2.7245              [FIXED]
#   -            Yp[04]:  0.24                [FIXED]
#   -          ENnu[05]:  3.046               [FIXED]
#   -        Omegab[06]:  0.05                [FIXED]
#   -           w_0[07]: -1                   [FIXED]
#   -           w_1[08]: -1                   [FIXED]
#   -           w_2[09]: -1                   [FIXED]
#   -           w_3[10]: -1                   [FIXED]
#   -           w_4[11]: -1                   [FIXED]
#   -           w_5[12]: -1                   [FIXED]
#   -           w_6[13]: -1                   [FIXED]
#   -           w_7[14]: -1                   [FIXED]
#----------------------------------------------------------------------------------
# Model[14000]:
#   - NcSNIADistCov : Supernovae Ia Distance Covariance
#----------------------------------------------------------------------------------
# Model parameters
#   -         alpha[00]:  0.145               [FIXED]
#   -          beta[01]:  3.16                [FIXED]
#   -            M1[02]: -19                  [FIXED]
#   -            M2[03]: -19.2                [FIXED]
#   -  lnsigma_pecz[04]: -7.60021041          [FIXED]
#   -  lnsigma_lens[05]: -2.90042209374967    [FIXED]
#   - lnsigma_int_0[06]: -2.52572864430826    [FIXED]
#   - lnsigma_int_1[07]: -2.22562405185792    [FIXED]
#   - lnsigma_int_2[08]: -2.00991547903123    [FIXED]
#   - lnsigma_int_3[09]: -2.30258509299405    [FIXED]
#----------------------------------------------------------------------------------
# Model fitting. Interating using:
#  - solver:            NLOpt:ln-neldermead
#  - differentiation:   Numerical differentiantion (forward)
#...............................................................................................................................................................................................................................
#  Minimum found with precision: |df|/f =  1.00000e-08 and |dx| =  1.00000e-05
#  Elapsed time: 00 days, 00:14:02.8117660
#  iteration            [002148]
#  function evaluations [002150]
#  gradient evaluations [000000]
#  degrees of freedom   [000755]
#  m2lnL     =     708.815398875675 (     681.02314    0.36322976    0.77959984   0.014216334     1.3164493     2.5069444     8.5989869     4.3761786     9.8366514 )
#  Fit parameters:
#     0.22023990451348    -0.00305089485871722 -1.99420485798599    -0.757888494912911   -1.33003348581073    -0.463254056127527   -0.705542457232944   -1.05260731808381    -0.70252248117541    -0.674497048903782    0.142135250775819    3.10934202759604    -19.0958278207614    -19.1652581168839    
#----------------------------------------------------------------------------------
# Restarting:              yes
#  - absolute improvement: 45.6379968050712      
#  - relative improvement: 0.0604914724572111    
#  - m2lnL_0  :            754.453395680746      
#  - m2lnL_1  :            708.815398875675      
#----------------------------------------------------------------------------------
# Model fitting. Interating using:
#  - solver:            NLOpt:ln-neldermead
#  - differentiation:   Numerical differentiantion (forward)
#..............................................................................................................................................................................................................................................................................................................................................................................................................
#  Minimum found with precision: |df|/f =  1.00000e-08 and |dx| =  1.00000e-05
#  Elapsed time: 00 days, 00:33:15.1788200
#  iteration            [003893]
#  function evaluations [003895]
#  gradient evaluations [000000]
#  degrees of freedom   [000755]
#  m2lnL     =     707.236726943473 (     681.41017    0.34727177    0.71974502  0.00025417888     1.5367375     2.5069444     7.4400059     3.5225023     9.7531002 )
#  Fit parameters:
#     0.219504540008926   -0.0106232561981179  -2.11423684807181    -0.750232855994445   -1.41227026663826    -2.07526907342815e-05 -4.90118490666353    -4.98831151189735    -2.41044775032495    -4.66646833481163     0.142030326335291    3.105492660326      -19.0975763067677    -19.1670578258405    
#----------------------------------------------------------------------------------
# Restarting:              yes
#  - absolute improvement: 1.57867193220147      
#  - relative improvement: 0.00222719756752684   
#  - m2lnL_1  :            708.815398875675      
#  - m2lnL_2  :            707.236726943473      
#----------------------------------------------------------------------------------
# Model fitting. Interating using:
#  - solver:            NLOpt:ln-neldermead
#  - differentiation:   Numerical differentiantion (forward)
#.........................................
#  Minimum found with precision: |df|/f =  1.00000e-08 and |dx| =  1.00000e-05
#  Elapsed time: 00 days, 00:02:41.4316690
#  iteration            [000320]
#  function evaluations [000322]
#  gradient evaluations [000000]
#  degrees of freedom   [000755]
#  m2lnL     =     707.236613482078 (     681.41053    0.34690775    0.71790489  0.00032601577     1.5368466     2.5069444     7.4406856     3.5235422     9.7529281 )
#  Fit parameters:
#     0.219503071021222   -0.0106405393143744  -2.11469041250254    -0.750263132914081   -1.41259577076354    -7.1411258324266e-06 -4.90736370196925    -4.99988541539593    -2.38345047054902    -4.65267426457367     0.142031131830105    3.10560769280173    -19.0975097822667    -19.1671464609573    
#----------------------------------------------------------------------------------
# Restarting:              no
#  - absolute improvement: 0.000113461395812919  
#  - relative improvement: 1.60429162528472e-07  
#  - m2lnL_2  :            707.236726943473      
#  - m2lnL_3  :            707.236613482078      
#----------------------------------------------------------------------------------
# Data used:
#   - JLA SNLS3+SDSS Betoule 2014 sys and stat (complete cov)
#   - 6dFGRS -- Beutler (2011), BAO Sample R-Dv
#   - SDSS-DR7-rec -- Padmanabhan (2012), BAO Sample R-Dv
#   - SDSS-DR9-rec -- Anderson (2012), BAO Sample R-Dv
#   - WiggleZ -- Blake (2012), BAO Sample R-Dv
#   - Riess 2008 HST Project sample
#   - Stern 2009 H(z) sample
#   - Moresco 2012 H(z) BC03 sample
#   - WMAP9 distance priors
#----------------------------------------------------------------------------------
# Model[03000]:
#   - NcHICosmo : XCDM - Constant EOS
#----------------------------------------------------------------------------------
# Model parameters
#   -            H0[00]:  70                  [FIXED]
#   -        Omegac[01]:  0.219503071021222   [FREE]
#   -        Omegak[02]: -0.0106405393143744  [FREE]
#   -       Tgamma0[03]:  2.7245              [FIXED]
#   -            Yp[04]:  0.24                [FIXED]
#   -          ENnu[05]:  3.046               [FIXED]
#   -        Omegab[06]:  0.05                [FIXED]
#   -           w_0[07]: -2.11469041250254    [FREE]
#   -           w_1[08]: -0.750263132914081   [FREE]
#   -           w_2[09]: -1.41259577076354    [FREE]
#   -           w_3[10]: -7.1411258324266e-06 [FREE]
#   -           w_4[11]: -4.90736370196925    [FREE]
#   -           w_5[12]: -4.99988541539593    [FREE]
#   -           w_6[13]: -2.38345047054902    [FREE]
#   -           w_7[14]: -4.65267426457367    [FREE]
#----------------------------------------------------------------------------------
# Model[14000]:
#   - NcSNIADistCov : Supernovae Ia Distance Covariance
#----------------------------------------------------------------------------------
# Model parameters
#   -         alpha[00]:  0.142031131830105   [FREE]
#   -          beta[01]:  3.10560769280173    [FREE]
#   -            M1[02]: -19.0975097822667    [FREE]
#   -            M2[03]: -19.1671464609573    [FREE]
#   -  lnsigma_pecz[04]: -7.60021041          [FIXED]
#   -  lnsigma_lens[05]: -2.90042209374967    [FIXED]
#   - lnsigma_int_0[06]: -2.52572864430826    [FIXED]
#   - lnsigma_int_1[07]: -2.22562405185792    [FIXED]
#   - lnsigma_int_2[08]: -2.00991547903123    [FIXED]
#   - lnsigma_int_3[09]: -2.30258509299405    [FIXED]
#----------------------------------------------------------------------------------
# NcmMSet parameters covariance matrix
#                                                  -------------------------------------------------------------------------------------------------------------------------------------------------------------------------------------------------------------------
# Omegac[03000:01] =  0.2195      +/-  0.01168     |  1           |  0.4828      |  0.1442      | -0.1553      | -0.06878     |  0.01457     | -nan         |  0.04274     | -nan         | -nan         | -0.02937     | -0.03954     |  0.2811      |  0.2508      |
# Omegak[03000:02] = -0.01064     +/-  0.005875    |  0.4828      |  1           |  0.3341      | -0.1669      |  0.4377      |  0.07006     | -nan         |  0.0251      | -nan         | -nan         | -0.02358     | -0.02389     |  0.3177      |  0.289       |
#    w_0[03000:07] = -2.115       +/-  0.6389      |  0.1442      |  0.3341      |  1           | -0.9157      |  0.2789      | -0.03407     | -nan         | -0.004054    | -nan         | -nan         | -0.04016     | -0.0107      |  0.6174      |  0.5711      |
#    w_1[03000:08] = -0.7503      +/-  0.2158      | -0.1553      | -0.1669      | -0.9157      |  1           | -0.2568      |  0.000254    | -nan         | -0.06677     | -nan         | -nan         |  0.01818     | -0.0188      | -0.426       | -0.4029      |
#    w_2[03000:09] = -1.413       +/-  0.2864      | -0.06878     |  0.4377      |  0.2789      | -0.2568      |  1           | -0.06335     | -nan         | -0.05556     | -nan         | -nan         |  0.017       |  0.0185      | -0.001532    |  0.0111      |
#    w_3[03000:10] = -7.141e-06   +/-  0.03764     |  0.01457     |  0.07006     | -0.03407     |  0.000254    | -0.06335     |  1           | -nan         |  0.1311      | -nan         | -nan         | -0.001574    | -0.004489    | -0.005105    | -0.005517    |
#    w_4[03000:11] = -4.907       +/- -nan         | -nan         | -nan         | -nan         | -nan         | -nan         | -nan         | -1           | -nan         |  20.3        | -0.4277      | -nan         | -nan         | -nan         | -nan         |
#    w_5[03000:12] = -5           +/-  162.2       |  0.04274     |  0.0251      | -0.004054    | -0.06677     | -0.05556     |  0.1311      | -nan         |  1           | -nan         | -nan         | -0.004735    | -0.01197     |  0.02319     |  0.02039     |
#    w_6[03000:13] = -2.383       +/- -nan         | -nan         | -nan         | -nan         | -nan         | -nan         | -nan         |  20.3        | -nan         | -1           | -1.029       | -nan         | -nan         | -nan         | -nan         |
#    w_7[03000:14] = -4.653       +/- -nan         | -nan         | -nan         | -nan         | -nan         | -nan         | -nan         | -0.4277      | -nan         | -1.029       | -1           | -nan         | -nan         | -nan         | -nan         |
#  alpha[14000:00] =  0.142       +/-  0.009337    | -0.02937     | -0.02358     | -0.04016     |  0.01818     |  0.017       | -0.001574    | -nan         | -0.004735    | -nan         | -nan         |  1           | -0.05199     |  0.04016     | -0.1597      |
#   beta[14000:01] =  3.106       +/-  0.1138      | -0.03954     | -0.02389     | -0.0107      | -0.0188      |  0.0185      | -0.004489    | -nan         | -0.01197     | -nan         | -nan         | -0.05199     |  1           |  0.02857     |  0.007376    |
#     M1[14000:02] = -19.1        +/-  0.038       |  0.2811      |  0.3177      |  0.6174      | -0.426       | -0.001532    | -0.005105    | -nan         |  0.02319     | -nan         | -nan         |  0.04016     |  0.02857     |  1           |  0.6613      |
#     M2[14000:03] = -19.17       +/-  0.04119     |  0.2508      |  0.289       |  0.5711      | -0.4029      |  0.0111      | -0.005517    | -nan         |  0.02039     | -nan         | -nan         | -0.1597      |  0.007376    |  0.6613      |  1           |
#                                                  -------------------------------------------------------------------------------------------------------------------------------------------------------------------------------------------------------------------
