#----------------------------------------------------------------------------------
# Model[03000]:
#   - NcHICosmo : XCDM - Constant EOS
#----------------------------------------------------------------------------------
# Model parameters
#   -            H0[00]:  70                  [FIXED]
#   -        Omegac[01]:  0.25                [FIXED]
#   -        Omegak[02]:  0                   [FIXED]
#   -       Tgamma0[03]:  2.7245              [FIXED]
#   -            Yp[04]:  0.24                [FIXED]
#   -          ENnu[05]:  3.046               [FIXED]
#   -        Omegab[06]:  0.05                [FIXED]
#   -           w_0[07]: -1                   [FIXED]
#   -           w_1[08]: -1                   [FIXED]
#   -           w_2[09]: -1                   [FIXED]
#   -           w_3[10]: -1                   [FIXED]
#----------------------------------------------------------------------------------
# Model[14000]:
#   - NcSNIADistCov : Supernovae Ia Distance Covariance
#----------------------------------------------------------------------------------
# Model parameters
#   -         alpha[00]:  0.145               [FIXED]
#   -          beta[01]:  3.16                [FIXED]
#   -            M1[02]: -19                  [FIXED]
#   -            M2[03]: -19.2                [FIXED]
#   -  lnsigma_pecz[04]: -7.60021041          [FIXED]
#   -  lnsigma_lens[05]: -2.90042209374967    [FIXED]
#   - lnsigma_int_0[06]: -2.52572864430826    [FIXED]
#   - lnsigma_int_1[07]: -2.22562405185792    [FIXED]
#   - lnsigma_int_2[08]: -2.00991547903123    [FIXED]
#   - lnsigma_int_3[09]: -2.30258509299405    [FIXED]
#----------------------------------------------------------------------------------
# Model fitting. Interating using:
#  - solver:            NLOpt:ln-neldermead
#  - differentiation:   Numerical differentiantion (forward)
#.......................................................................................................................................................................
#  Minimum found with precision: |df|/f =  1.00000e-08 and |dx| =  1.00000e-05
#  Elapsed time: 00 days, 00:05:05.2295250
#  iteration            [001583]
#  function evaluations [001585]
#  gradient evaluations [000000]
#  degrees of freedom   [000759]
#  m2lnL     =     702.296450697155 (     682.42051   0.048733991    0.07883687    0.20883158     1.3107921     2.5069444     7.8290408     5.2501778     2.6425819 )
#  Fit parameters:
#     0.247514765728111   -0.00693081207179214 -0.851778775268045   -0.954436408261675   -1.05076872967368    -1.09168481339094     0.140811267306065    3.09567334879179    -19.0308024984206    -19.1016755314254    
#----------------------------------------------------------------------------------
# Restarting:              yes
#  - absolute improvement: 52.1569449835915      
#  - relative improvement: 0.069132096537958     
#  - m2lnL_0  :            754.453395680746      
#  - m2lnL_1  :            702.296450697155      
#----------------------------------------------------------------------------------
# Model fitting. Interating using:
#  - solver:            NLOpt:ln-neldermead
#  - differentiation:   Numerical differentiantion (forward)
#............................................................................................................................
#  Minimum found with precision: |df|/f =  1.00000e-08 and |dx| =  1.00000e-05
#  Elapsed time: 00 days, 00:05:05.2492570
#  iteration            [001156]
#  function evaluations [001158]
#  gradient evaluations [000000]
#  degrees of freedom   [000759]
#  m2lnL     =     701.965112761729 (     682.71006    0.03895017   0.057254308   0.084719528      1.291114     2.5069444     7.7595308     5.3099267     2.2066138 )
#  Fit parameters:
#     0.250552501606346   -0.0125592236803847  -0.859170908270638   -0.935422748720553   -1.03068505630732    -7.24893106371166e-05  0.140684105722752    3.09331220269079    -19.0287306050638    -19.0995725242516    
#----------------------------------------------------------------------------------
# Restarting:              yes
#  - absolute improvement: 0.331337935426063     
#  - relative improvement: 0.000471792125814037  
#  - m2lnL_1  :            702.296450697155      
#  - m2lnL_2  :            701.965112761729      
#----------------------------------------------------------------------------------
# Model fitting. Interating using:
#  - solver:            NLOpt:ln-neldermead
#  - differentiation:   Numerical differentiantion (forward)
#........................................
#  Minimum found with precision: |df|/f =  1.00000e-08 and |dx| =  1.00000e-05
#  Elapsed time: 00 days, 00:01:19.1552350
#  iteration            [000313]
#  function evaluations [000315]
#  gradient evaluations [000000]
#  degrees of freedom   [000759]
#  m2lnL     =     701.964851885352 (       682.705   0.039576047   0.056108981   0.083734731     1.2905913     2.5069444     7.7602352     5.3083268     2.2143318 )
#  Fit parameters:
#     0.250458228072288   -0.0125930735629779  -0.859181013726216   -0.935425792109395   -1.03067364589251    -3.01497813703387e-05  0.140723978524675    3.09362519521657    -19.0287752165191    -19.0997170506471    
#----------------------------------------------------------------------------------
# Restarting:              no
#  - absolute improvement: 0.000260876376160013  
#  - relative improvement: 3.71637238685056e-07  
#  - m2lnL_2  :            701.965112761729      
#  - m2lnL_3  :            701.964851885352      
#----------------------------------------------------------------------------------
# Data used:
#   - JLA SNLS3+SDSS Betoule 2014 sys and stat (complete cov)
#   - 6dFGRS -- Beutler (2011), BAO Sample R-Dv
#   - SDSS-DR7-rec -- Padmanabhan (2012), BAO Sample R-Dv
#   - SDSS-DR9-rec -- Anderson (2012), BAO Sample R-Dv
#   - WiggleZ -- Blake (2012), BAO Sample R-Dv
#   - Riess 2008 HST Project sample
#   - Stern 2009 H(z) sample
#   - Moresco 2012 H(z) BC03 sample
#   - WMAP9 distance priors
#----------------------------------------------------------------------------------
# Model[03000]:
#   - NcHICosmo : XCDM - Constant EOS
#----------------------------------------------------------------------------------
# Model parameters
#   -            H0[00]:  70                  [FIXED]
#   -        Omegac[01]:  0.250458228072288   [FREE]
#   -        Omegak[02]: -0.0125930735629779  [FREE]
#   -       Tgamma0[03]:  2.7245              [FIXED]
#   -            Yp[04]:  0.24                [FIXED]
#   -          ENnu[05]:  3.046               [FIXED]
#   -        Omegab[06]:  0.05                [FIXED]
#   -           w_0[07]: -0.859181013726216   [FREE]
#   -           w_1[08]: -0.935425792109395   [FREE]
#   -           w_2[09]: -1.03067364589251    [FREE]
#   -           w_3[10]: -3.01497813703387e-05 [FREE]
#----------------------------------------------------------------------------------
# Model[14000]:
#   - NcSNIADistCov : Supernovae Ia Distance Covariance
#----------------------------------------------------------------------------------
# Model parameters
#   -         alpha[00]:  0.140723978524675   [FREE]
#   -          beta[01]:  3.09362519521657    [FREE]
#   -            M1[02]: -19.0287752165191    [FREE]
#   -            M2[03]: -19.0997170506471    [FREE]
#   -  lnsigma_pecz[04]: -7.60021041          [FIXED]
#   -  lnsigma_lens[05]: -2.90042209374967    [FIXED]
#   - lnsigma_int_0[06]: -2.52572864430826    [FIXED]
#   - lnsigma_int_1[07]: -2.22562405185792    [FIXED]
#   - lnsigma_int_2[08]: -2.00991547903123    [FIXED]
#   - lnsigma_int_3[09]: -2.30258509299405    [FIXED]
#----------------------------------------------------------------------------------
# NcmMSet parameters covariance matrix
#                                                  -------------------------------------------------------------------------------------------------------------------------------------------------------
# Omegac[03000:01] =  0.2505      +/-  0.01497     |  1           |  0.3052      | -0.0769      |  0.1046      |  0.1151      | -nan         | -0.02437     | -0.03724     |  0.2722      |  0.22        |
# Omegak[03000:02] = -0.01259     +/-  0.00699     |  0.3052      |  1           | -0.6529      |  0.7407      |  0.7353      | -nan         | -0.03158     | -0.05141     |  0.3484      |  0.2806      |
#    w_0[03000:07] = -0.8592      +/-  2.002e-06   | -0.0769      | -0.6529      |  1           | -0.8291      | -0.8551      | -nan         |  0.02816     |  0.047       | -0.3085      | -0.2482      |
#    w_1[03000:08] = -0.9354      +/-  0.06285     |  0.1046      |  0.7407      | -0.8291      |  1           |  0.9999      | -nan         | -0.03398     | -0.05671     |  0.3724      |  0.2996      |
#    w_2[03000:09] = -1.031       +/-  0.2409      |  0.1151      |  0.7353      | -0.8551      |  0.9999      |  1           | -nan         | -0.03417     | -0.05699     |  0.3744      |  0.3013      |
#    w_3[03000:10] = -3.015e-05   +/- -nan         | -nan         | -nan         | -nan         | -nan         | -nan         | -1           | -nan         | -nan         | -nan         | -nan         |
#  alpha[14000:00] =  0.1407      +/-  0.009297    | -0.02437     | -0.03158     |  0.02816     | -0.03398     | -0.03417     | -nan         |  1           | -0.055       |  0.1102      | -0.1608      |
#   beta[14000:01] =  3.094       +/-  0.1135      | -0.03724     | -0.05141     |  0.047       | -0.05671     | -0.05699     | -nan         | -0.055       |  1           |  0.06428     |  0.02966     |
#     M1[14000:02] = -19.03       +/-  0.02737     |  0.2722      |  0.3484      | -0.3085      |  0.3724      |  0.3744      | -nan         |  0.1102      |  0.06428     |  1           |  0.4012      |
#     M2[14000:03] = -19.1        +/-  0.03189     |  0.22        |  0.2806      | -0.2482      |  0.2996      |  0.3013      | -nan         | -0.1608      |  0.02966     |  0.4012      |  1           |
#                                                  -------------------------------------------------------------------------------------------------------------------------------------------------------
