#----------------------------------------------------------------------------------
# Model fitting. Interating using:
#  - solver:            NLOpt:ln-neldermead
#  - differentiation:   Numerical differentiantion (forward)
#............................................................................................................................................................................................................................................................................
#  Minimum found with precision: |df|/f =  1.00000e-08 and |dx| =  1.00000e-05
#  Elapsed time: 00 days, 00:00:52.8047740
#  iteration            [002590]
#  function evaluations [002592]
#  gradient evaluations [000000]
#  degrees of freedom   [001689]
#  m2lnL     =     1484.36810786425 (     1456.2365   0.023459375      1.159108     1.5021926     2.3336621     1.2564222    0.94616145    0.54291071     1.1296038     19.238108 )
#  Fit parameters:
#     0.293525739832782   -0.0790878993694906   0.0449475655898723  -0.976025505118776   -0.866399335352934   -0.993320531778322   -0.438284593941503   -1.56739577779117    -1.55796959833283    -2.04667724895707     0.121167365631304   -19.3166812712639    
#----------------------------------------------------------------------------------
# Restarting:              yes
#  - absolute improvement: 897.058807465677      
#  - relative improvement: 0.376689623221713     
#  - m2lnL_0  :            2381.42691532993      
#  - m2lnL_1  :            1484.36810786425      
#----------------------------------------------------------------------------------
# Model fitting. Interating using:
#  - solver:            NLOpt:ln-neldermead
#  - differentiation:   Numerical differentiantion (forward)
#................................................................................................................................................................................
#  Minimum found with precision: |df|/f =  1.00000e-08 and |dx| =  1.00000e-05
#  Elapsed time: 00 days, 00:00:41.3891170
#  iteration            [001674]
#  function evaluations [001676]
#  gradient evaluations [000000]
#  degrees of freedom   [001689]
#  m2lnL     =     1481.99959490474 (     1453.2471  0.0083078914     1.2501152     1.0383792     3.7874031    0.58252429    0.65406485    0.35721658    0.74268594     20.331832 )
#  Fit parameters:
#     0.306140347378823   -0.126273194326955    0.280270435786901   -0.992208687465271   -0.816287879654896   -0.866054747354773   -0.500019407627134   -2.46138735363775    -0.175169037164214   -2.38441840958231     0.14255167043487    -19.3078227604165    
#----------------------------------------------------------------------------------
# Restarting:              yes
#  - absolute improvement: 2.36851295950669      
#  - relative improvement: 0.00159563719198641   
#  - m2lnL_1  :            1484.36810786425      
#  - m2lnL_2  :            1481.99959490474      
#----------------------------------------------------------------------------------
# Model fitting. Interating using:
#  - solver:            NLOpt:ln-neldermead
#  - differentiation:   Numerical differentiantion (forward)
#.............................................................................................................................................................................................................................................
#  Minimum found with precision: |df|/f =  1.00000e-08 and |dx| =  1.00000e-05
#  Elapsed time: 00 days, 00:01:04.1546120
#  iteration            [002281]
#  function evaluations [002283]
#  gradient evaluations [000000]
#  degrees of freedom   [001689]
#  m2lnL     =     1481.75161295502 (     1453.5358  0.0070559992     1.2656541     1.0422375     3.8567519    0.75959844    0.68220094    0.39385938    0.76071234     19.447754 )
#  Fit parameters:
#     0.309526250727008   -0.121396938425915    0.287282321877004   -1.01112440284638    -0.824872263805828   -0.8612701699192     -0.55820408477852    -2.3735677843155     -0.0752761831055345  -4.99767265009925     0.302162831650345   -19.3077563294956    
#----------------------------------------------------------------------------------
# Restarting:              yes
#  - absolute improvement: 0.247981949725499     
#  - relative improvement: 0.00016732929656532   
#  - m2lnL_2  :            1481.99959490474      
#  - m2lnL_3  :            1481.75161295502      
#----------------------------------------------------------------------------------
# Model fitting. Interating using:
#  - solver:            NLOpt:ln-neldermead
#  - differentiation:   Numerical differentiantion (forward)
#.................................................................................................................
#  Minimum found with precision: |df|/f =  1.00000e-08 and |dx| =  1.00000e-05
#  Elapsed time: 00 days, 00:00:29.2332780
#  iteration            [001048]
#  function evaluations [001050]
#  gradient evaluations [000000]
#  degrees of freedom   [001689]
#  m2lnL     =     1481.73688202349 (      1453.421  0.0090108904     1.2287081     1.0454938     3.8671794    0.73987166    0.66239756    0.37819147    0.73430203     19.650758 )
#  Fit parameters:
#     0.311056919438573   -0.126369391417271    0.303932192144864   -0.990780033617349   -0.810763318859819   -0.886578559697501   -0.518345667196382   -2.47692128250102     0.00489088072465441 -4.99987394953259     0.301764535905037   -19.3076225449096    
#----------------------------------------------------------------------------------
# Restarting:              yes
#  - absolute improvement: 0.0147309315286748    
#  - relative improvement: 9.94156604918234e-06  
#  - m2lnL_3  :            1481.75161295502      
#  - m2lnL_4  :            1481.73688202349      
#----------------------------------------------------------------------------------
# Model fitting. Interating using:
#  - solver:            NLOpt:ln-neldermead
#  - differentiation:   Numerical differentiantion (forward)
#..............................................
#  Minimum found with precision: |df|/f =  1.00000e-08 and |dx| =  1.00000e-05
#  Elapsed time: 00 days, 00:00:10.5052970
#  iteration            [000376]
#  function evaluations [000378]
#  gradient evaluations [000000]
#  degrees of freedom   [001689]
#  m2lnL     =     1481.73637827572 (     1453.4223  0.0089391755     1.2281595     1.0500622     3.8499475    0.74181886    0.66731586    0.38619471    0.74053872     19.641123 )
#  Fit parameters:
#     0.310681603071149   -0.125002530199233    0.309750970280686   -0.991975197878323   -0.809189674515278   -0.883889988696122   -0.523968431147395   -2.45752290335877    -0.00982341972388527 -5                    0.302631319693781   -19.3074469172494    
#----------------------------------------------------------------------------------
# Restarting:              no
#  - absolute improvement: 0.000503747769471374  
#  - relative improvement: 3.39971134944989e-07  
#  - m2lnL_4  :            1481.73688202349      
#  - m2lnL_5  :            1481.73637827572      
#----------------------------------------------------------------------------------
# Data used:
#   - Pantheon+SH0ES Sample STAT+SYS (2022)
#   - 6dFGRS -- Beutler (2011), BAO Sample R-Dv
#   - SDSS-DR7-lowz -- Ross (2015), Empirical m2lnp
#   - SDSS DR12 (final consensus) -- Ross et al. (2016), arXiv:1607.03145; Alam
#        et al. (2016), arXiv:1607.03155; BAO Sample(D_t / r_sd, DH / r_sd) --
#        DR16 Compatible
#   - SDSS DR16 -- Alam et al., PRD 103, 083533 (2021); BAO LRG Sample(D_t /
#        r_sd, DH / r_sd)
#   - SDSS DR16 -- Alam et al., PRD 103, 083533 (2021); BAO QSO Sample(D_t /
#        r_sd, DH / r_sd)
#   - SDSS DR16 -- Alam et al., PRD 103, 083533 (2021) -- BAO ELG Sample,
#        Empirical m2lnp
#   - SDSS DR16 -- Alam et al., PRD 103, 083533 (2021) -- BAO Lyman alpha
#        autocorrelation Sample, Empirical m2lnp
#   - SDSS DR16 -- Alam et al., PRD 103, 083533 (2021) -- BAO Lyman alpha QSO
#        cross-correlation Sample, Empirical m2lnp
#   - Gomez-Valent 2018 -- arXiv:1802.01505
#----------------------------------------------------------------------------------
# Model[03000]:
#   - NcHICosmo : XCDM - Constant EOS
#----------------------------------------------------------------------------------
# Model parameters
#   -           H0[00]:  70                  [FIXED]
#   -       Omegac[01]:  0.310681603071149   [FREE]
#   -       Omegak[02]: -0.125002530199233   [FREE]
#   -      Tgamma0[03]:  2.7245              [FIXED]
#   -           Yp[04]:  0.24                [FIXED]
#   -         ENnu[05]:  3.046               [FIXED]
#   -       Omegab[06]:  0.05                [FIXED]
#   -          w_0[07]:  0.309750970280686   [FREE]
#   -          w_1[08]: -0.991975197878323   [FREE]
#   -          w_2[09]: -0.809189674515278   [FREE]
#   -          w_3[10]: -0.883889988696122   [FREE]
#   -          w_4[11]: -0.523968431147395   [FREE]
#   -          w_5[12]: -2.45752290335877    [FREE]
#   -          w_6[13]: -0.00982341972388527 [FREE]
#   -          w_7[14]: -5                   [FREE]
#   -          w_8[15]:  0.302631319693781   [FREE]
#----------------------------------------------------------------------------------
# Model[14000]:
#   - NcSNIADistCov : Supernovae Ia Distance Covariance
#----------------------------------------------------------------------------------
# Model parameters
#   -        alpha[00]:  0                   [FIXED]
#   -         beta[01]:  0                   [FIXED]
#   -           M1[02]: -19.3074469172494    [FREE]
#   -           M2[03]: -19.25               [FIXED]
#   - lnsigma_pecz[04]: -34.5387763949107    [FIXED]
#   - lnsigma_lens[05]: -34.5387763949107    [FIXED]
#----------------------------------------------------------------------------------
# NcmMSet parameters covariance matrix
#                                                  -------------------------------------------------------------------------------------------------------------------------------------------------------------------------------------
# Omegac[03000:01] =  0.3107      +/-  0.04237     |  1           | -0.8986      |  0.2514      |  0.344       |  0.2261      | -0.214       |  0.3181      | -0.4267      | -nan         | -nan         | -nan         |  0.3894      |
# Omegak[03000:02] = -0.125       +/-  0.1476      | -0.8986      |  1           | -0.09297     | -0.3853      | -0.1477      |  0.2143      | -0.3708      |  0.3801      | -nan         | -nan         | -nan         | -0.2215      |
#    w_0[03000:07] =  0.3098      +/-  0.8456      |  0.2514      | -0.09297     |  1           |  0.4816      |  0.7561      | -0.4745      |  0.2714      | -0.269       | -nan         | -nan         | -nan         |  0.8844      |
#    w_1[03000:08] = -0.992       +/-  0.2987      |  0.344       | -0.3853      |  0.4816      |  1           |  0.736       | -0.8408      |  0.5603      | -0.4432      | -nan         | -nan         | -nan         |  0.345       |
#    w_2[03000:09] = -0.8092      +/-  0.3037      |  0.2261      | -0.1477      |  0.7561      |  0.736       |  1           | -0.4331      |  0.08919     | -0.1418      | -nan         | -nan         | -nan         |  0.5569      |
#    w_3[03000:10] = -0.8839      +/-  0.5371      | -0.214       |  0.2143      | -0.4745      | -0.8408      | -0.4331      |  1           | -0.7088      |  0.4644      | -nan         | -nan         | -nan         | -0.3433      |
#    w_4[03000:11] = -0.524       +/-  0.778       |  0.3181      | -0.3708      |  0.2714      |  0.5603      |  0.08919     | -0.7088      |  1           | -0.7512      | -nan         | -nan         | -nan         |  0.231       |
#    w_5[03000:12] = -2.458       +/-  2.057       | -0.4267      |  0.3801      | -0.269       | -0.4432      | -0.1418      |  0.4644      | -0.7512      |  1           | -nan         | -nan         | -nan         | -0.2464      |
#    w_6[03000:13] = -0.009823    +/- -nan         | -nan         | -nan         | -nan         | -nan         | -nan         | -nan         | -nan         | -nan         | -1           |  1.357       | -1.361       | -nan         |
#    w_7[03000:14] = -5           +/- -nan         | -nan         | -nan         | -nan         | -nan         | -nan         | -nan         | -nan         | -nan         |  1.357       | -1           |  1.003       | -nan         |
#    w_8[03000:15] =  0.3026      +/- -nan         | -nan         | -nan         | -nan         | -nan         | -nan         | -nan         | -nan         | -nan         | -1.361       |  1.003       | -1           | -nan         |
#     M1[14000:02] = -19.31       +/-  0.02574     |  0.3894      | -0.2215      |  0.8844      |  0.345       |  0.5569      | -0.3433      |  0.231       | -0.2464      | -nan         | -nan         | -nan         |  1           |
#                                                  -------------------------------------------------------------------------------------------------------------------------------------------------------------------------------------
