#----------------------------------------------------------------------------------
# Model fitting. Interating using:
#  - solver:            NLOpt:ln-neldermead
#  - differentiation:   Numerical differentiantion (forward)
#.................................................................................................................................................................................
#  Minimum found with precision: |df|/f =  1.00000e-08 and |dx| =  1.00000e-05
#  Elapsed time: 00 days, 00:00:31.4502340
#  iteration            [001681]
#  function evaluations [001683]
#  gradient evaluations [000000]
#  degrees of freedom   [001690]
#  m2lnL     =     1493.86661142501 (     1464.7481   0.032986961     1.4308395     0.9783076     4.1748375     1.6206023    0.84928069    0.86976752     2.0648672      17.09704 )
#  Fit parameters:
#     0.297332812629724   -0.125204470821161   -1.16739481282855    -1.014799999229      -1.09461766504928    -0.731479256245483   -1.13838084036667    -1.77304814274926    -0.943365423153083   -1.40601814019995    -19.3511877930753    
#----------------------------------------------------------------------------------
# Restarting:              yes
#  - absolute improvement: 887.560303904912      
#  - relative improvement: 0.372701046667203     
#  - m2lnL_0  :            2381.42691532993      
#  - m2lnL_1  :            1493.86661142501      
#----------------------------------------------------------------------------------
# Model fitting. Interating using:
#  - solver:            NLOpt:ln-neldermead
#  - differentiation:   Numerical differentiantion (forward)
#.....................................................................................................................................
#  Minimum found with precision: |df|/f =  1.00000e-08 and |dx| =  1.00000e-05
#  Elapsed time: 00 days, 00:00:26.8188860
#  iteration            [001249]
#  function evaluations [001251]
#  gradient evaluations [000000]
#  degrees of freedom   [001690]
#  m2lnL     =     1484.18917192582 (     1455.4378  0.0013077058     1.4611269     1.0082555     5.2045144     2.2294503    0.85455179   0.084885682    0.68257853     17.224704 )
#  Fit parameters:
#     0.320740545245581   -0.161522640697084   -0.0289246902042845  -1.1064299785982     -0.838880420775846   -0.631492148420123   -1.34940207479272    -0.938546293532167   -3.14312137579066    -2.11929965998849    -19.3153954446139    
#----------------------------------------------------------------------------------
# Restarting:              yes
#  - absolute improvement: 9.67743949919509      
#  - relative improvement: 0.00647811486325655   
#  - m2lnL_1  :            1493.86661142501      
#  - m2lnL_2  :            1484.18917192582      
#----------------------------------------------------------------------------------
# Model fitting. Interating using:
#  - solver:            NLOpt:ln-neldermead
#  - differentiation:   Numerical differentiantion (forward)
#...................................................................................................................................
#  Minimum found with precision: |df|/f =  1.00000e-08 and |dx| =  1.00000e-05
#  Elapsed time: 00 days, 00:00:26.3169390
#  iteration            [001225]
#  function evaluations [001227]
#  gradient evaluations [000000]
#  degrees of freedom   [001690]
#  m2lnL     =     1484.12907404806 (     1455.4442  0.0018010842     1.4636683    0.99396221     5.1905236     2.1166172    0.84316848   0.086726107    0.67894292     17.309479 )
#  Fit parameters:
#     0.320484684753326   -0.160734261037187   -0.0735869505976937  -1.11534120312196    -0.858834227657035   -0.610255189967691   -1.36988530400229    -0.971496129715961   -3.07195147969834    -4.93300374792269    -19.3163229294382    
#----------------------------------------------------------------------------------
# Restarting:              yes
#  - absolute improvement: 0.0600978777558794    
#  - relative improvement: 4.04920605086338e-05  
#  - m2lnL_2  :            1484.18917192582      
#  - m2lnL_3  :            1484.12907404806      
#----------------------------------------------------------------------------------
# Model fitting. Interating using:
#  - solver:            NLOpt:ln-neldermead
#  - differentiation:   Numerical differentiantion (forward)
#...................................................................
#  Minimum found with precision: |df|/f =  1.00000e-08 and |dx| =  1.00000e-05
#  Elapsed time: 00 days, 00:00:13.0117970
#  iteration            [000588]
#  function evaluations [000590]
#  gradient evaluations [000000]
#  degrees of freedom   [001690]
#  m2lnL     =     1484.11946733374 (      1455.473  0.0014520342      1.466768    0.99162327      5.193655     2.1402514    0.84815365   0.075911285    0.65191702     17.276731 )
#  Fit parameters:
#     0.320119198157826   -0.16172734416936    -0.0620168860163431  -1.10910049605128    -0.849026550401018   -0.61870971064651    -1.35715636984031    -0.958798624043461   -2.98570603968684    -4.98698375986528    -19.3163745211705    
#----------------------------------------------------------------------------------
# Restarting:              yes
#  - absolute improvement: 0.00960671432403615   
#  - relative improvement: 6.47296417274084e-06  
#  - m2lnL_3  :            1484.12907404806      
#  - m2lnL_4  :            1484.11946733374      
#----------------------------------------------------------------------------------
# Model fitting. Interating using:
#  - solver:            NLOpt:ln-neldermead
#  - differentiation:   Numerical differentiantion (forward)
#.............................................
#  Minimum found with precision: |df|/f =  1.00000e-08 and |dx| =  1.00000e-05
#  Elapsed time: 00 days, 00:00:07.9324050
#  iteration            [000361]
#  function evaluations [000363]
#  gradient evaluations [000000]
#  degrees of freedom   [001690]
#  m2lnL     =     1484.11690174956 (     1455.4004  0.0012461778     1.4691407    0.99302035     5.2058635     2.1363351    0.84658412   0.078269842    0.65965496     17.326425 )
#  Fit parameters:
#     0.320464955924129   -0.161934057521953   -0.0457994746880575  -1.1119713782943     -0.84620180625134    -0.614108622816862   -1.36480198688053    -0.961894711393186   -2.98976910747246    -4.99984797145598    -19.3158432255507    
#----------------------------------------------------------------------------------
# Restarting:              yes
#  - absolute improvement: 0.00256558417800079   
#  - relative improvement: 1.72869114277568e-06  
#  - m2lnL_4  :            1484.11946733374      
#  - m2lnL_5  :            1484.11690174956      
#----------------------------------------------------------------------------------
# Model fitting. Interating using:
#  - solver:            NLOpt:ln-neldermead
#  - differentiation:   Numerical differentiantion (forward)
#.........................................
#  Minimum found with precision: |df|/f =  1.00000e-08 and |dx| =  1.00000e-05
#  Elapsed time: 00 days, 00:00:07.1704670
#  iteration            [000328]
#  function evaluations [000330]
#  gradient evaluations [000000]
#  degrees of freedom   [001690]
#  m2lnL     =     1484.11636618878 (      1455.386  0.0012621149     1.4674765    0.99712547     5.1909042     2.1398634    0.84753912     0.0794456     0.6644823     17.342288 )
#  Fit parameters:
#     0.320673375973821   -0.162179000400275   -0.0394264321062547  -1.1112155957743     -0.845434035711937   -0.618326921864898   -1.35858090875257    -0.969208862964906   -2.97261200411364    -5                   -19.3155849009771    
#----------------------------------------------------------------------------------
# Restarting:              no
#  - absolute improvement: 0.000535560780917876  
#  - relative improvement: 3.60861587309279e-07  
#  - m2lnL_5  :            1484.11690174956      
#  - m2lnL_6  :            1484.11636618878      
#----------------------------------------------------------------------------------
# Data used:
#   - Pantheon+SH0ES Sample STAT+SYS (2022)
#   - 6dFGRS -- Beutler (2011), BAO Sample R-Dv
#   - SDSS-DR7-lowz -- Ross (2015), Empirical m2lnp
#   - SDSS DR12 (final consensus) -- Ross et al. (2016), arXiv:1607.03145; Alam
#        et al. (2016), arXiv:1607.03155; BAO Sample(D_t / r_sd, DH / r_sd) --
#        DR16 Compatible
#   - SDSS DR16 -- Alam et al., PRD 103, 083533 (2021); BAO LRG Sample(D_t /
#        r_sd, DH / r_sd)
#   - SDSS DR16 -- Alam et al., PRD 103, 083533 (2021); BAO QSO Sample(D_t /
#        r_sd, DH / r_sd)
#   - SDSS DR16 -- Alam et al., PRD 103, 083533 (2021) -- BAO ELG Sample,
#        Empirical m2lnp
#   - SDSS DR16 -- Alam et al., PRD 103, 083533 (2021) -- BAO Lyman alpha
#        autocorrelation Sample, Empirical m2lnp
#   - SDSS DR16 -- Alam et al., PRD 103, 083533 (2021) -- BAO Lyman alpha QSO
#        cross-correlation Sample, Empirical m2lnp
#   - Gomez-Valent 2018 -- arXiv:1802.01505
#----------------------------------------------------------------------------------
# Model[03000]:
#   - NcHICosmo : XCDM - Constant EOS
#----------------------------------------------------------------------------------
# Model parameters
#   -           H0[00]:  70                  [FIXED]
#   -       Omegac[01]:  0.320673375973821   [FREE]
#   -       Omegak[02]: -0.162179000400275   [FREE]
#   -      Tgamma0[03]:  2.7245              [FIXED]
#   -           Yp[04]:  0.24                [FIXED]
#   -         ENnu[05]:  3.046               [FIXED]
#   -       Omegab[06]:  0.05                [FIXED]
#   -          w_0[07]: -0.0394264321062547  [FREE]
#   -          w_1[08]: -1.1112155957743     [FREE]
#   -          w_2[09]: -0.845434035711937   [FREE]
#   -          w_3[10]: -0.618326921864898   [FREE]
#   -          w_4[11]: -1.35858090875257    [FREE]
#   -          w_5[12]: -0.969208862964906   [FREE]
#   -          w_6[13]: -2.97261200411364    [FREE]
#   -          w_7[14]: -5                   [FREE]
#----------------------------------------------------------------------------------
# Model[14000]:
#   - NcSNIADistCov : Supernovae Ia Distance Covariance
#----------------------------------------------------------------------------------
# Model parameters
#   -        alpha[00]:  0                   [FIXED]
#   -         beta[01]:  0                   [FIXED]
#   -           M1[02]: -19.3155849009771    [FREE]
#   -           M2[03]: -19.25               [FIXED]
#   - lnsigma_pecz[04]: -34.5387763949107    [FIXED]
#   - lnsigma_lens[05]: -34.5387763949107    [FIXED]
#----------------------------------------------------------------------------------
# NcmMSet parameters covariance matrix
#                                                  ----------------------------------------------------------------------------------------------------------------------------------------------------------------------
# Omegac[03000:01] =  0.3207      +/-  0.01626     |  1           | -0.4503      |  0.6041      |  0.1508      |  0.4286      | -0.1572      |  0.1139      | -0.2891      |  0.17        | -0.2021      |  0.7059      |
# Omegak[03000:02] = -0.1622      +/-  0.05575     | -0.4503      |  1           | -0.2911      | -0.421       | -0.3602      |  0.04958     | -0.332       |  0.1903      | -0.4661      |  0.3064      | -0.3843      |
#    w_0[03000:07] = -0.03943     +/-  0.503       |  0.6041      | -0.2911      |  1           |  0.2696      |  0.7333      | -0.4626      |  0.2276      | -0.2771      |  0.1867      | -0.2182      |  0.8797      |
#    w_1[03000:08] = -1.111       +/-  0.1428      |  0.1508      | -0.421       |  0.2696      |  1           |  0.6997      | -0.7463      |  0.5221      | -0.3245      |  0.387       | -0.3363      |  0.1541      |
#    w_2[03000:09] = -0.8454      +/-  0.1969      |  0.4286      | -0.3602      |  0.7333      |  0.6997      |  1           | -0.5071      |  0.1562      | -0.1942      |  0.2039      | -0.1901      |  0.519       |
#    w_3[03000:10] = -0.6183      +/-  0.296       | -0.1572      |  0.04958     | -0.4626      | -0.7463      | -0.5071      |  1           | -0.6378      |  0.3447      | -0.2247      |  0.2679      | -0.3096      |
#    w_4[03000:11] = -1.359       +/-  0.5013      |  0.1139      | -0.332       |  0.2276      |  0.5221      |  0.1562      | -0.6378      |  1           | -0.4855      |  0.4095      | -0.4008      |  0.1672      |
#    w_5[03000:12] = -0.9692      +/-  1.363       | -0.2891      |  0.1903      | -0.2771      | -0.3245      | -0.1942      |  0.3447      | -0.4855      |  1           | -0.785       |  0.7476      | -0.2385      |
#    w_6[03000:13] = -2.973       +/-  4.262       |  0.17        | -0.4661      |  0.1867      |  0.387       |  0.2039      | -0.2247      |  0.4095      | -0.785       |  1           | -0.7325      |  0.1733      |
#    w_7[03000:14] = -5           +/-  65.81       | -0.2021      |  0.3064      | -0.2182      | -0.3363      | -0.1901      |  0.2679      | -0.4008      |  0.7476      | -0.7325      |  1           | -0.1953      |
#     M1[14000:02] = -19.32       +/-  0.01699     |  0.7059      | -0.3843      |  0.8797      |  0.1541      |  0.519       | -0.3096      |  0.1672      | -0.2385      |  0.1733      | -0.1953      |  1           |
#                                                  ----------------------------------------------------------------------------------------------------------------------------------------------------------------------
