#----------------------------------------------------------------------------------
# Model fitting. Interating using:
#  - solver:            NLOpt:ln-neldermead
#  - differentiation:   Numerical differentiantion (forward)
#............................................................................................................................................
#  Minimum found with precision: |df|/f =  1.00000e-08 and |dx| =  1.00000e-05
#  Elapsed time: 00 days, 00:00:20.6936200
#  iteration            [001314]
#  function evaluations [001316]
#  gradient evaluations [000000]
#  degrees of freedom   [001691]
#  m2lnL     =     1490.25720096072 (     1464.1587   0.072874212     1.0795402     1.6195218     2.9100381     0.8404086    0.95379258     0.7544417     1.4695745     16.398358 )
#  Fit parameters:
#     0.271701713628779   -0.0273959187590027  -0.92691622320205    -0.929523069359309   -0.932602113583122   -0.934882081188461   -0.993865764874814   -2.12029604328821     0.133018483361429   -19.3454053220441    
#----------------------------------------------------------------------------------
# Restarting:              yes
#  - absolute improvement: 891.169714369206      
#  - relative improvement: 0.374216696986371     
#  - m2lnL_0  :            2381.42691532993      
#  - m2lnL_1  :            1490.25720096072      
#----------------------------------------------------------------------------------
# Model fitting. Interating using:
#  - solver:            NLOpt:ln-neldermead
#  - differentiation:   Numerical differentiantion (forward)
#.............................................................................................................................................................................................
#  Minimum found with precision: |df|/f =  1.00000e-08 and |dx| =  1.00000e-05
#  Elapsed time: 00 days, 00:00:36.3208320
#  iteration            [001802]
#  function evaluations [001804]
#  gradient evaluations [000000]
#  degrees of freedom   [001691]
#  m2lnL     =     1482.93646900515 (     1454.8687  0.0079763478     1.2710032     1.3927453     3.2147718     1.0580926    0.92611408    0.52020238     1.0257203     18.651155 )
#  Fit parameters:
#     0.26798579031766    -0.068578426301165    0.181472889939061   -1.03807155878142    -0.667549234462082   -0.814749296151291   -0.97408031881915    -1.05351388900213     0.0499224449398186  -19.3110829715173    
#----------------------------------------------------------------------------------
# Restarting:              yes
#  - absolute improvement: 7.32073195556654      
#  - relative improvement: 0.00491239495494275   
#  - m2lnL_1  :            1490.25720096072      
#  - m2lnL_2  :            1482.93646900515      
#----------------------------------------------------------------------------------
# Model fitting. Interating using:
#  - solver:            NLOpt:ln-neldermead
#  - differentiation:   Numerical differentiantion (forward)
#..........................................................................................................................................................................................................................................................
#  Minimum found with precision: |df|/f =  1.00000e-08 and |dx| =  1.00000e-05
#  Elapsed time: 00 days, 00:00:48.9332140
#  iteration            [002416]
#  function evaluations [002418]
#  gradient evaluations [000000]
#  degrees of freedom   [001691]
#  m2lnL     =     1482.86580812368 (     1454.8529  0.0078323084     1.2728079     1.4027853     3.4283635     1.0725917    0.91731498    0.46458516    0.89672659     18.549936 )
#  Fit parameters:
#     0.160649343455571   -0.0743527252370172   0.135568867326707   -0.846117759519113   -0.503010861233177   -0.604976874502527   -0.562778746978907   -0.376629407608737    0.0150846259784617  -19.3118004535261    
#----------------------------------------------------------------------------------
# Restarting:              yes
#  - absolute improvement: 0.0706608814762149    
#  - relative improvement: 4.76492978310922e-05  
#  - m2lnL_2  :            1482.93646900515      
#  - m2lnL_3  :            1482.86580812368      
#----------------------------------------------------------------------------------
# Model fitting. Interating using:
#  - solver:            NLOpt:ln-neldermead
#  - differentiation:   Numerical differentiantion (forward)
#................................
#  Minimum found with precision: |df|/f =  1.00000e-08 and |dx| =  1.00000e-05
#  Elapsed time: 00 days, 00:00:04.8230780
#  iteration            [000236]
#  function evaluations [000238]
#  gradient evaluations [000000]
#  degrees of freedom   [001691]
#  m2lnL     =     1482.86460071105 (     1454.8315  0.0074213366     1.2805847     1.3985082     3.4518031     1.0730097    0.91669712    0.46130031    0.89121253     18.552607 )
#  Fit parameters:
#     0.159980862557805   -0.0745451556711872   0.138264850615154   -0.845320174485912   -0.503085211294434   -0.605578895203324   -0.559307001094583   -0.374904251802081    0.0150890660807431  -19.3115249994909    
#----------------------------------------------------------------------------------
# Restarting:              yes
#  - absolute improvement: 0.0012074126304924    
#  - relative improvement: 8.14242680543144e-07  
#  - m2lnL_3  :            1482.86580812368      
#  - m2lnL_4  :            1482.86460071105      
#----------------------------------------------------------------------------------
# Model fitting. Interating using:
#  - solver:            NLOpt:ln-neldermead
#  - differentiation:   Numerical differentiantion (forward)
#............................
#  Minimum found with precision: |df|/f =  1.00000e-08 and |dx| =  1.00000e-05
#  Elapsed time: 00 days, 00:00:03.9573340
#  iteration            [000190]
#  function evaluations [000192]
#  gradient evaluations [000000]
#  degrees of freedom   [001691]
#  m2lnL     =     1482.86455564831 (     1454.8317   0.007302143     1.2823314     1.3967574     3.4494855      1.071786    0.91690077     0.4631865    0.89186795     18.553257 )
#  Fit parameters:
#     0.159707755742868   -0.0743166247555375   0.138968566603635   -0.845289584627055   -0.502872027195138   -0.605128493544194   -0.558683374516907   -0.374544554117022    0.0151044220907652  -19.3115059550438    
#----------------------------------------------------------------------------------
# Restarting:              no
#  - absolute improvement: 4.50627408099535e-05  
#  - relative improvement: 3.03889787296464e-08  
#  - m2lnL_4  :            1482.86460071105      
#  - m2lnL_5  :            1482.86455564831      
#----------------------------------------------------------------------------------
# Data used:
#   - Pantheon+SH0ES Sample STAT+SYS (2022)
#   - 6dFGRS -- Beutler (2011), BAO Sample R-Dv
#   - SDSS-DR7-lowz -- Ross (2015), Empirical m2lnp
#   - SDSS DR12 (final consensus) -- Ross et al. (2016), arXiv:1607.03145; Alam
#        et al. (2016), arXiv:1607.03155; BAO Sample(D_t / r_sd, DH / r_sd) --
#        DR16 Compatible
#   - SDSS DR16 -- Alam et al., PRD 103, 083533 (2021); BAO LRG Sample(D_t /
#        r_sd, DH / r_sd)
#   - SDSS DR16 -- Alam et al., PRD 103, 083533 (2021); BAO QSO Sample(D_t /
#        r_sd, DH / r_sd)
#   - SDSS DR16 -- Alam et al., PRD 103, 083533 (2021) -- BAO ELG Sample,
#        Empirical m2lnp
#   - SDSS DR16 -- Alam et al., PRD 103, 083533 (2021) -- BAO Lyman alpha
#        autocorrelation Sample, Empirical m2lnp
#   - SDSS DR16 -- Alam et al., PRD 103, 083533 (2021) -- BAO Lyman alpha QSO
#        cross-correlation Sample, Empirical m2lnp
#   - Gomez-Valent 2018 -- arXiv:1802.01505
#----------------------------------------------------------------------------------
# Model[03000]:
#   - NcHICosmo : XCDM - Constant EOS
#----------------------------------------------------------------------------------
# Model parameters
#   -           H0[00]:  70                  [FIXED]
#   -       Omegac[01]:  0.159707755742868   [FREE]
#   -       Omegak[02]: -0.0743166247555375  [FREE]
#   -      Tgamma0[03]:  2.7245              [FIXED]
#   -           Yp[04]:  0.24                [FIXED]
#   -         ENnu[05]:  3.046               [FIXED]
#   -       Omegab[06]:  0.05                [FIXED]
#   -          w_0[07]:  0.138968566603635   [FREE]
#   -          w_1[08]: -0.845289584627055   [FREE]
#   -          w_2[09]: -0.502872027195138   [FREE]
#   -          w_3[10]: -0.605128493544194   [FREE]
#   -          w_4[11]: -0.558683374516907   [FREE]
#   -          w_5[12]: -0.374544554117022   [FREE]
#   -          w_6[13]:  0.0151044220907652  [FREE]
#----------------------------------------------------------------------------------
# Model[14000]:
#   - NcSNIADistCov : Supernovae Ia Distance Covariance
#----------------------------------------------------------------------------------
# Model parameters
#   -        alpha[00]:  0                   [FIXED]
#   -         beta[01]:  0                   [FIXED]
#   -           M1[02]: -19.3115059550438    [FREE]
#   -           M2[03]: -19.25               [FIXED]
#   - lnsigma_pecz[04]: -34.5387763949107    [FIXED]
#   - lnsigma_lens[05]: -34.5387763949107    [FIXED]
#----------------------------------------------------------------------------------
# NcmMSet parameters covariance matrix
#                                                  -------------------------------------------------------------------------------------------------------------------------------------------------------
# Omegac[03000:01] =  0.1597      +/-  1.713       |  1           |  0.1043      |  0.8503      | -0.9994      | -0.9972      | -0.9984      | -0.9991      | -0.9997      |  0.9963      |  0.4274      |
# Omegak[03000:02] = -0.07432     +/-  0.09079     |  0.1043      |  1           |  0.1087      | -0.1227      | -0.1124      | -0.1104      | -0.1098      | -0.107       |  0.1647      | -0.07077     |
#    w_0[03000:07] =  0.139       +/-  0.694       |  0.8503      |  0.1087      |  1           | -0.8565      | -0.8211      | -0.8586      | -0.8505      | -0.8452      |  0.8544      |  0.7721      |
#    w_1[03000:08] = -0.8453      +/-  2.362       | -0.9994      | -0.1227      | -0.8565      |  1           |  0.9973      |  0.9971      |  0.9987      |  0.9993      | -0.9967      | -0.4346      |
#    w_2[03000:09] = -0.5029      +/-  1.88        | -0.9972      | -0.1124      | -0.8211      |  0.9973      |  1           |  0.9933      |  0.9961      |  0.9978      | -0.9932      | -0.3947      |
#    w_3[03000:10] = -0.6051      +/-  2.607       | -0.9984      | -0.1104      | -0.8586      |  0.9971      |  0.9933      |  1           |  0.997       |  0.9973      | -0.9961      | -0.4355      |
#    w_4[03000:11] = -0.5587      +/-  3.574       | -0.9991      | -0.1098      | -0.8505      |  0.9987      |  0.9961      |  0.997       |  1           |  0.9984      | -0.9941      | -0.4279      |
#    w_5[03000:12] = -0.3745      +/-  3.777       | -0.9997      | -0.107       | -0.8452      |  0.9993      |  0.9978      |  0.9973      |  0.9984      |  1           | -0.997       | -0.4205      |
#    w_6[03000:13] =  0.0151      +/-  0.1383      |  0.9963      |  0.1647      |  0.8544      | -0.9967      | -0.9932      | -0.9961      | -0.9941      | -0.997       |  1           |  0.4278      |
#     M1[14000:02] = -19.31       +/-  0.01699     |  0.4274      | -0.07077     |  0.7721      | -0.4346      | -0.3947      | -0.4355      | -0.4279      | -0.4205      |  0.4278      |  1           |
#                                                  -------------------------------------------------------------------------------------------------------------------------------------------------------
