#----------------------------------------------------------------------------------
# Model fitting. Interating using:
#  - solver:            NLOpt:ln-neldermead
#  - differentiation:   Numerical differentiantion (forward)
#....................................................................................................................................................................
#  Minimum found with precision: |df|/f =  1.00000e-08 and |dx| =  1.00000e-05
#  Elapsed time: 00 days, 00:00:25.7745540
#  iteration            [001555]
#  function evaluations [001557]
#  gradient evaluations [000000]
#  degrees of freedom   [001692]
#  m2lnL     =     1485.18652470766 (     1454.6406  0.0062853634     1.3438633      1.179862     4.2192603     1.9555623    0.83552714    0.56091447     1.5846496         18.86 )
#  Fit parameters:
#     0.322791742756294   -0.133351509651785   -0.00996736686719083 -1.11066861749792    -0.724154870915171   -1.27779662833328    -2.72090900636769    -4.088334486834      -19.3154962165389    
#----------------------------------------------------------------------------------
# Restarting:              yes
#  - absolute improvement: 896.240390622264      
#  - relative improvement: 0.376345956641755     
#  - m2lnL_0  :            2381.42691532993      
#  - m2lnL_1  :            1485.18652470766      
#----------------------------------------------------------------------------------
# Model fitting. Interating using:
#  - solver:            NLOpt:ln-neldermead
#  - differentiation:   Numerical differentiantion (forward)
#.............................................................................
#  Minimum found with precision: |df|/f =  1.00000e-08 and |dx| =  1.00000e-05
#  Elapsed time: 00 days, 00:00:14.1522830
#  iteration            [000688]
#  function evaluations [000690]
#  gradient evaluations [000000]
#  degrees of freedom   [001692]
#  m2lnL     =     1484.74757623569 (     1455.0097  0.0028204011     1.4001672     1.1473218     4.3189308     2.2711955    0.87090522    0.26203055     1.0767304     18.387818 )
#  Fit parameters:
#     0.322579567377837   -0.157802217373305    0.0214786418084083  -1.0958759223517     -0.703243154023807   -1.18526091638846    -1.856055116201      -3.79800087937483    -19.3141290718202    
#----------------------------------------------------------------------------------
# Restarting:              yes
#  - absolute improvement: 0.438948471975891     
#  - relative improvement: 0.000295551073668873  
#  - m2lnL_1  :            1485.18652470766      
#  - m2lnL_2  :            1484.74757623569      
#----------------------------------------------------------------------------------
# Model fitting. Interating using:
#  - solver:            NLOpt:ln-neldermead
#  - differentiation:   Numerical differentiantion (forward)
#......................................................................
#  Minimum found with precision: |df|/f =  1.00000e-08 and |dx| =  1.00000e-05
#  Elapsed time: 00 days, 00:00:12.2679300
#  iteration            [000617]
#  function evaluations [000619]
#  gradient evaluations [000000]
#  degrees of freedom   [001692]
#  m2lnL     =     1484.63728430207 (      1455.067  0.0019464414       1.42268     1.1251261      4.405662     2.2621842    0.87423531    0.21940296    0.99486003     18.264171 )
#  Fit parameters:
#     0.322071604545802   -0.160475516720405    0.0246083096721157  -1.09223542083805    -0.699616033981568   -1.18216211946944    -1.72558035847752    -4.99701442950729    -19.314129895198     
#----------------------------------------------------------------------------------
# Restarting:              yes
#  - absolute improvement: 0.110291933620374     
#  - relative improvement: 7.42832892174167e-05  
#  - m2lnL_2  :            1484.74757623569      
#  - m2lnL_3  :            1484.63728430207      
#----------------------------------------------------------------------------------
# Model fitting. Interating using:
#  - solver:            NLOpt:ln-neldermead
#  - differentiation:   Numerical differentiantion (forward)
#........................................
#  Minimum found with precision: |df|/f =  1.00000e-08 and |dx| =  1.00000e-05
#  Elapsed time: 00 days, 00:00:06.3044990
#  iteration            [000314]
#  function evaluations [000316]
#  gradient evaluations [000000]
#  degrees of freedom   [001692]
#  m2lnL     =     1484.63506301319 (     1455.0888  0.0024926903     1.4089889     1.1444404     4.3799396     2.2713218    0.87414562    0.21585234    0.98681688     18.262239 )
#  Fit parameters:
#     0.322313980916077   -0.160723546228427    0.0191565375526474  -1.09157101975085    -0.702174909657931   -1.17754633720131    -1.74176627578932    -5                   -19.3141570414488    
#----------------------------------------------------------------------------------
# Restarting:              yes
#  - absolute improvement: 0.00222128887185136   
#  - relative improvement: 1.49618286926937e-06  
#  - m2lnL_3  :            1484.63728430207      
#  - m2lnL_4  :            1484.63506301319      
#----------------------------------------------------------------------------------
# Model fitting. Interating using:
#  - solver:            NLOpt:ln-neldermead
#  - differentiation:   Numerical differentiantion (forward)
#..............................
#  Minimum found with precision: |df|/f =  1.00000e-08 and |dx| =  1.00000e-05
#  Elapsed time: 00 days, 00:00:04.4377990
#  iteration            [000214]
#  function evaluations [000216]
#  gradient evaluations [000000]
#  degrees of freedom   [001692]
#  m2lnL     =     1484.63485240732 (     1455.1044  0.0026670262     1.4045955     1.1477031     4.3759397     2.2722956    0.87428241    0.21456266    0.98397994     18.254377 )
#  Fit parameters:
#     0.322248061193185   -0.160709214766529    0.0152175261663287  -1.09062721951087    -0.702292262318682   -1.1769011122881     -1.74183460966335    -4.99980434317156    -19.3143372732955    
#----------------------------------------------------------------------------------
# Restarting:              no
#  - absolute improvement: 0.000210605873235181  
#  - relative improvement: 1.41856998047546e-07  
#  - m2lnL_4  :            1484.63506301319      
#  - m2lnL_5  :            1484.63485240732      
#----------------------------------------------------------------------------------
# Data used:
#   - Pantheon+SH0ES Sample STAT+SYS (2022)
#   - 6dFGRS -- Beutler (2011), BAO Sample R-Dv
#   - SDSS-DR7-lowz -- Ross (2015), Empirical m2lnp
#   - SDSS DR12 (final consensus) -- Ross et al. (2016), arXiv:1607.03145; Alam
#        et al. (2016), arXiv:1607.03155; BAO Sample(D_t / r_sd, DH / r_sd) --
#        DR16 Compatible
#   - SDSS DR16 -- Alam et al., PRD 103, 083533 (2021); BAO LRG Sample(D_t /
#        r_sd, DH / r_sd)
#   - SDSS DR16 -- Alam et al., PRD 103, 083533 (2021); BAO QSO Sample(D_t /
#        r_sd, DH / r_sd)
#   - SDSS DR16 -- Alam et al., PRD 103, 083533 (2021) -- BAO ELG Sample,
#        Empirical m2lnp
#   - SDSS DR16 -- Alam et al., PRD 103, 083533 (2021) -- BAO Lyman alpha
#        autocorrelation Sample, Empirical m2lnp
#   - SDSS DR16 -- Alam et al., PRD 103, 083533 (2021) -- BAO Lyman alpha QSO
#        cross-correlation Sample, Empirical m2lnp
#   - Gomez-Valent 2018 -- arXiv:1802.01505
#----------------------------------------------------------------------------------
# Model[03000]:
#   - NcHICosmo : XCDM - Constant EOS
#----------------------------------------------------------------------------------
# Model parameters
#   -           H0[00]:  70                  [FIXED]
#   -       Omegac[01]:  0.322248061193185   [FREE]
#   -       Omegak[02]: -0.160709214766529   [FREE]
#   -      Tgamma0[03]:  2.7245              [FIXED]
#   -           Yp[04]:  0.24                [FIXED]
#   -         ENnu[05]:  3.046               [FIXED]
#   -       Omegab[06]:  0.05                [FIXED]
#   -          w_0[07]:  0.0152175261663287  [FREE]
#   -          w_1[08]: -1.09062721951087    [FREE]
#   -          w_2[09]: -0.702292262318682   [FREE]
#   -          w_3[10]: -1.1769011122881     [FREE]
#   -          w_4[11]: -1.74183460966335    [FREE]
#   -          w_5[12]: -4.99980434317156    [FREE]
#----------------------------------------------------------------------------------
# Model[14000]:
#   - NcSNIADistCov : Supernovae Ia Distance Covariance
#----------------------------------------------------------------------------------
# Model parameters
#   -        alpha[00]:  0                   [FIXED]
#   -         beta[01]:  0                   [FIXED]
#   -           M1[02]: -19.3143372732955    [FREE]
#   -           M2[03]: -19.25               [FIXED]
#   - lnsigma_pecz[04]: -34.5387763949107    [FIXED]
#   - lnsigma_lens[05]: -34.5387763949107    [FIXED]
#----------------------------------------------------------------------------------
# NcmMSet parameters covariance matrix
#                                                  ----------------------------------------------------------------------------------------------------------------------------------------
# Omegac[03000:01] =  0.3222      +/-  0.01571     |  1           | -0.1974      |  0.5502      | -0.2752      |  0.3629      | -0.3018      | -0.1762      |  0.1015      |  0.6498      |
# Omegak[03000:02] = -0.1607      +/-  0.06709     | -0.1974      |  1           | -0.2013      | -0.5634      | -0.4155      | -0.1975      | -0.716       |  0.5191      | -0.2855      |
#    w_0[03000:07] =  0.01522     +/-  0.3624      |  0.5502      | -0.2013      |  1           | -0.4875      |  0.6496      | -0.4776      |  0.1091      | -0.1756      |  0.8628      |
#    w_1[03000:08] = -1.091       +/-  0.1084      | -0.2752      | -0.5634      | -0.4875      |  1           |  0.13        |  0.08041     |  0.5977      | -0.4501      | -0.3485      |
#    w_2[03000:09] = -0.7023      +/-  0.1641      |  0.3629      | -0.4155      |  0.6496      |  0.13        |  1           | -0.5642      |  0.3573      | -0.3617      |  0.4309      |
#    w_3[03000:10] = -1.177       +/-  0.3521      | -0.3018      | -0.1975      | -0.4776      |  0.08041     | -0.5642      |  1           |  0.05501     |  0.04867     | -0.3066      |
#    w_4[03000:11] = -1.742       +/-  1.847       | -0.1762      | -0.716       |  0.1091      |  0.5977      |  0.3573      |  0.05501     |  1           | -0.8543      |  0.07866     |
#    w_5[03000:12] = -5           +/-  21.21       |  0.1015      |  0.5191      | -0.1756      | -0.4501      | -0.3617      |  0.04867     | -0.8543      |  1           | -0.1197      |
#     M1[14000:02] = -19.31       +/-  0.01486     |  0.6498      | -0.2855      |  0.8628      | -0.3485      |  0.4309      | -0.3066      |  0.07866     | -0.1197      |  1           |
#                                                  ----------------------------------------------------------------------------------------------------------------------------------------
