#----------------------------------------------------------------------------------
# Model fitting. Interating using:
#  - solver:            NLOpt:ln-neldermead
#  - differentiation:   Numerical differentiantion (forward)
#.................................................................................................................................................................................................................
#  Minimum found with precision: |df|/f =  1.00000e-08 and |dx| =  1.00000e-05
#  Elapsed time: 00 days, 00:00:41.8092800
#  iteration            [002008]
#  function evaluations [002010]
#  gradient evaluations [000000]
#  degrees of freedom   [001693]
#  m2lnL     =     1487.07610850176 (     1459.1779  0.0052400625     1.5265942     1.4413255     3.0490408     2.8056158    0.98625437    0.21975579    0.99018359      16.87424 )
#  Fit parameters:
#     0.312531259759477   -0.133354145880709   -0.402478055583092   -1.0704841223852     -0.83589096895389    -1.5264283795907     -1.67141101851443    -19.3265897003541    
#----------------------------------------------------------------------------------
# Restarting:              yes
#  - absolute improvement: 894.350806828168      
#  - relative improvement: 0.375552489589739     
#  - m2lnL_0  :            2381.42691532993      
#  - m2lnL_1  :            1487.07610850176      
#----------------------------------------------------------------------------------
# Model fitting. Interating using:
#  - solver:            NLOpt:ln-neldermead
#  - differentiation:   Numerical differentiantion (forward)
#........................................................................
#  Minimum found with precision: |df|/f =  1.00000e-08 and |dx| =  1.00000e-05
#  Elapsed time: 00 days, 00:00:16.3455190
#  iteration            [000632]
#  function evaluations [000634]
#  gradient evaluations [000000]
#  degrees of freedom   [001693]
#  m2lnL     =     1486.50373307431 (     1459.4512   0.014436067     1.4161143     1.8300629     3.0298928     2.1423968    0.96926829    0.17785303    0.80411555     16.668349 )
#  Fit parameters:
#     0.304609133383275   -0.118525732133956   -0.433031095974452   -1.05465552834925    -0.858800376681839   -1.31128130917469     0.117370162516109   -19.3262609034926    
#----------------------------------------------------------------------------------
# Restarting:              yes
#  - absolute improvement: 0.572375427449288     
#  - relative improvement: 0.00038489988789206   
#  - m2lnL_1  :            1487.07610850176      
#  - m2lnL_2  :            1486.50373307431      
#----------------------------------------------------------------------------------
# Model fitting. Interating using:
#  - solver:            NLOpt:ln-neldermead
#  - differentiation:   Numerical differentiantion (forward)
#..................................................
#  Minimum found with precision: |df|/f =  1.00000e-08 and |dx| =  1.00000e-05
#  Elapsed time: 00 days, 00:00:10.5757600
#  iteration            [000410]
#  function evaluations [000412]
#  gradient evaluations [000000]
#  degrees of freedom   [001693]
#  m2lnL     =     1485.59998422774 (     1459.2377   0.012199372     1.4341762     1.4109204     2.2589643     1.4852135    0.99519248    0.50367534     1.0429177     17.218991 )
#  Fit parameters:
#     0.28291194771305    -0.0498224158704527  -0.395864517585724   -1.09189512383073    -0.81841274211578    -1.23988488730021     0.185296614118165   -19.3262817000119    
#----------------------------------------------------------------------------------
# Restarting:              yes
#  - absolute improvement: 0.903748846567851     
#  - relative improvement: 0.000607969442968545  
#  - m2lnL_2  :            1486.50373307431      
#  - m2lnL_3  :            1485.59998422774      
#----------------------------------------------------------------------------------
# Model fitting. Interating using:
#  - solver:            NLOpt:ln-neldermead
#  - differentiation:   Numerical differentiantion (forward)
#.........................................
#  Minimum found with precision: |df|/f =  1.00000e-08 and |dx| =  1.00000e-05
#  Elapsed time: 00 days, 00:00:08.7354740
#  iteration            [000329]
#  function evaluations [000331]
#  gradient evaluations [000000]
#  degrees of freedom   [001693]
#  m2lnL     =     1485.59632884254 (     1459.1388   0.012805247     1.4243633     1.4111204     2.2525974     1.4841749    0.99467714    0.51453467     1.0784864     17.284798 )
#  Fit parameters:
#     0.28392850301232    -0.05010568232446    -0.390249965872444   -1.09442460008623    -0.816794720852999   -1.28498115467785     0.194576496638398   -19.3260586828907    
#----------------------------------------------------------------------------------
# Restarting:              yes
#  - absolute improvement: 0.00365538520350128   
#  - relative improvement: 2.46054472422565e-06  
#  - m2lnL_3  :            1485.59998422774      
#  - m2lnL_4  :            1485.59632884254      
#----------------------------------------------------------------------------------
# Model fitting. Interating using:
#  - solver:            NLOpt:ln-neldermead
#  - differentiation:   Numerical differentiantion (forward)
#.......................
#  Minimum found with precision: |df|/f =  1.00000e-08 and |dx| =  1.00000e-05
#  Elapsed time: 00 days, 00:00:03.6624420
#  iteration            [000148]
#  function evaluations [000150]
#  gradient evaluations [000000]
#  degrees of freedom   [001693]
#  m2lnL     =     1485.59628360364 (     1459.1367   0.012659586      1.426312      1.406749     2.2529985     1.4863485    0.99484104    0.51425855     1.0772399     17.288148 )
#  Fit parameters:
#     0.283878270988865   -0.0500081138390656  -0.389491699392383   -1.09456870372722    -0.816583175471467   -1.28383532122633     0.194568966660793   -19.3260245898896    
#----------------------------------------------------------------------------------
# Restarting:              no
#  - absolute improvement: 4.5238894472277e-05   
#  - relative improvement: 3.04516735764443e-08  
#  - m2lnL_4  :            1485.59632884254      
#  - m2lnL_5  :            1485.59628360364      
#----------------------------------------------------------------------------------
# Data used:
#   - Pantheon+SH0ES Sample STAT+SYS (2022)
#   - 6dFGRS -- Beutler (2011), BAO Sample R-Dv
#   - SDSS-DR7-lowz -- Ross (2015), Empirical m2lnp
#   - SDSS DR12 (final consensus) -- Ross et al. (2016), arXiv:1607.03145; Alam
#        et al. (2016), arXiv:1607.03155; BAO Sample(D_t / r_sd, DH / r_sd) --
#        DR16 Compatible
#   - SDSS DR16 -- Alam et al., PRD 103, 083533 (2021); BAO LRG Sample(D_t /
#        r_sd, DH / r_sd)
#   - SDSS DR16 -- Alam et al., PRD 103, 083533 (2021); BAO QSO Sample(D_t /
#        r_sd, DH / r_sd)
#   - SDSS DR16 -- Alam et al., PRD 103, 083533 (2021) -- BAO ELG Sample,
#        Empirical m2lnp
#   - SDSS DR16 -- Alam et al., PRD 103, 083533 (2021) -- BAO Lyman alpha
#        autocorrelation Sample, Empirical m2lnp
#   - SDSS DR16 -- Alam et al., PRD 103, 083533 (2021) -- BAO Lyman alpha QSO
#        cross-correlation Sample, Empirical m2lnp
#   - Gomez-Valent 2018 -- arXiv:1802.01505
#----------------------------------------------------------------------------------
# Model[03000]:
#   - NcHICosmo : XCDM - Constant EOS
#----------------------------------------------------------------------------------
# Model parameters
#   -           H0[00]:  70                  [FIXED]
#   -       Omegac[01]:  0.283878270988865   [FREE]
#   -       Omegak[02]: -0.0500081138390656  [FREE]
#   -      Tgamma0[03]:  2.7245              [FIXED]
#   -           Yp[04]:  0.24                [FIXED]
#   -         ENnu[05]:  3.046               [FIXED]
#   -       Omegab[06]:  0.05                [FIXED]
#   -          w_0[07]: -0.389491699392383   [FREE]
#   -          w_1[08]: -1.09456870372722    [FREE]
#   -          w_2[09]: -0.816583175471467   [FREE]
#   -          w_3[10]: -1.28383532122633    [FREE]
#   -          w_4[11]:  0.194568966660793   [FREE]
#----------------------------------------------------------------------------------
# Model[14000]:
#   - NcSNIADistCov : Supernovae Ia Distance Covariance
#----------------------------------------------------------------------------------
# Model parameters
#   -        alpha[00]:  0                   [FIXED]
#   -         beta[01]:  0                   [FIXED]
#   -           M1[02]: -19.3260245898896    [FREE]
#   -           M2[03]: -19.25               [FIXED]
#   - lnsigma_pecz[04]: -34.5387763949107    [FIXED]
#   - lnsigma_lens[05]: -34.5387763949107    [FIXED]
#----------------------------------------------------------------------------------
# NcmMSet parameters covariance matrix
#                                                  -------------------------------------------------------------------------------------------------------------------------
# Omegac[03000:01] =  0.2839      +/-  0.02886     |  1           | -0.7394      |  0.2359      |  0.01513     |  0.01325     | -0.4445      |  0.172       |  0.2856      |
# Omegak[03000:02] = -0.05001     +/-  0.08997     | -0.7394      |  1           |  0.05017     | -0.4731      | -0.02994     | -0.09812     |  0.3886      | -0.03968     |
#    w_0[03000:07] = -0.3895      +/-  0.2609      |  0.2359      |  0.05017     |  1           | -0.7741      |  0.2933      | -0.3154      |  0.5493      |  0.8405      |
#    w_1[03000:08] = -1.095       +/-  0.1172      |  0.01513     | -0.4731      | -0.7741      |  1           | -0.1637      |  0.4091      | -0.6836      | -0.4608      |
#    w_2[03000:09] = -0.8166      +/-  0.1063      |  0.01325     | -0.02994     |  0.2933      | -0.1637      |  1           | -0.1001      |  0.3213      |  0.1189      |
#    w_3[03000:10] = -1.284       +/-  0.7548      | -0.4445      | -0.09812     | -0.3154      |  0.4091      | -0.1001      |  1           | -0.8921      | -0.2079      |
#    w_4[03000:11] =  0.1946      +/-  0.1753      |  0.172       |  0.3886      |  0.5493      | -0.6836      |  0.3213      | -0.8921      |  1           |  0.3583      |
#     M1[14000:02] = -19.33       +/-  0.01255     |  0.2856      | -0.03968     |  0.8405      | -0.4608      |  0.1189      | -0.2079      |  0.3583      |  1           |
#                                                  -------------------------------------------------------------------------------------------------------------------------
