#----------------------------------------------------------------------------------
# Model fitting. Interating using:
#  - solver:            NLOpt:ln-neldermead
#  - differentiation:   Numerical differentiantion (forward)
#....................................................................................................................................................................................................................................................................
#  Minimum found with precision: |df|/f =  1.00000e-08 and |dx| =  1.00000e-05
#  Elapsed time: 00 days, 00:00:47.0518920
#  iteration            [002511]
#  function evaluations [002513]
#  gradient evaluations [000000]
#  degrees of freedom   [001687]
#  m2lnL     =     1490.28532881179 (     1461.8143   0.044243633     1.2504183     1.2722135     3.6256547    0.28135295      0.870857      1.277047     2.4733101     17.375889 )
#  Fit parameters:
#     0.267815321499972   -0.0107118406823591  -0.785154028481724   -0.960784593157075   -0.996827483534569   -1.02254101975075    -0.828358507324826   -1.12546158799948    -1.08973295931421    -1.91529135189893    -0.979071687163024   -0.865972540486933    0.0735672915637673  -19.3396675919074    
#----------------------------------------------------------------------------------
# Restarting:              yes
#  - absolute improvement: 891.141586518136      
#  - relative improvement: 0.374204885642974     
#  - m2lnL_0  :            2381.42691532993      
#  - m2lnL_1  :            1490.28532881179      
#----------------------------------------------------------------------------------
# Model fitting. Interating using:
#  - solver:            NLOpt:ln-neldermead
#  - differentiation:   Numerical differentiantion (forward)
#..........................................................................................................................................................................................................................................................................................
#  Minimum found with precision: |df|/f =  1.00000e-08 and |dx| =  1.00000e-05
#  Elapsed time: 00 days, 00:01:05.0538370
#  iteration            [002739]
#  function evaluations [002741]
#  gradient evaluations [000000]
#  degrees of freedom   [001687]
#  m2lnL     =     1482.49336893819 (     1453.3727  0.0080220653     1.2654492    0.88589761     3.7149787    0.45240029    0.59672982    0.39636378    0.99844656     20.802345 )
#  Fit parameters:
#     0.297489615523057   -0.119383383302615    0.404763125002256   -0.90072323126529    -0.857373912598453   -1.07591727573814    -0.542936542316347   -0.494098400870189   -2.54447823456097    -1.12258759925409    -0.0516160935476821  -1.88584215809928     0.079923801582239   -19.30566274831      
#----------------------------------------------------------------------------------
# Restarting:              yes
#  - absolute improvement: 7.79195987360254      
#  - relative improvement: 0.0052285020344494    
#  - m2lnL_1  :            1490.28532881179      
#  - m2lnL_2  :            1482.49336893819      
#----------------------------------------------------------------------------------
# Model fitting. Interating using:
#  - solver:            NLOpt:ln-neldermead
#  - differentiation:   Numerical differentiantion (forward)
#.............................................................................................................................................................................................................................................................................................................................
#  Minimum found with precision: |df|/f =  1.00000e-08 and |dx| =  1.00000e-05
#  Elapsed time: 00 days, 00:01:25.1822290
#  iteration            [003089]
#  function evaluations [003091]
#  gradient evaluations [000000]
#  degrees of freedom   [001687]
#  m2lnL     =     1480.96474112284 (     1453.8945   0.011905633     1.1758741    0.91140531     4.0815167     1.0518807    0.52849809    0.43022373    0.75318912     18.125784 )
#  Fit parameters:
#     0.306154246052733   -0.111175105301541    0.458337416968929   -0.888371740634728   -0.787359205976736   -1.03006515735761    -0.773783206713159   -0.315499216037406   -3.17463178944519     0.909863846215611   -3.03419712364455    -4.99830227031515     0.22279896160913    -19.3053427904423    
#----------------------------------------------------------------------------------
# Restarting:              yes
#  - absolute improvement: 1.52862781534304      
#  - relative improvement: 0.00103111949595963   
#  - m2lnL_2  :            1482.49336893819      
#  - m2lnL_3  :            1480.96474112284      
#----------------------------------------------------------------------------------
# Model fitting. Interating using:
#  - solver:            NLOpt:ln-neldermead
#  - differentiation:   Numerical differentiantion (forward)
#.....................................................................................................................................................................................................................
#  Minimum found with precision: |df|/f =  1.00000e-08 and |dx| =  1.00000e-05
#  Elapsed time: 00 days, 00:00:58.3842380
#  iteration            [002046]
#  function evaluations [002048]
#  gradient evaluations [000000]
#  degrees of freedom   [001687]
#  m2lnL     =     1480.90583346171 (     1453.6629   0.011547673      1.162584    0.97153974     4.0782976     1.0418061    0.51463015    0.43691177    0.76579029     18.259833 )
#  Fit parameters:
#     0.306433101614183   -0.110871603381383    0.485871223305321   -0.905757417577507   -0.774067903350489   -0.974534144816665   -0.803035171748207   -0.290405419263922   -3.25722123571389     0.997212776576871   -3.11852382010486    -4.51029283808263     0.198166420587585   -19.3043794031037    
#----------------------------------------------------------------------------------
# Restarting:              yes
#  - absolute improvement: 0.0589076611302062    
#  - relative improvement: 3.97765453116347e-05  
#  - m2lnL_3  :            1480.96474112284      
#  - m2lnL_4  :            1480.90583346171      
#----------------------------------------------------------------------------------
# Model fitting. Interating using:
#  - solver:            NLOpt:ln-neldermead
#  - differentiation:   Numerical differentiantion (forward)
#...............................................................................................................................................................................................................................
#  Minimum found with precision: |df|/f =  1.00000e-08 and |dx| =  1.00000e-05
#  Elapsed time: 00 days, 00:01:00.9140330
#  iteration            [002140]
#  function evaluations [002142]
#  gradient evaluations [000000]
#  degrees of freedom   [001687]
#  m2lnL     =     1480.85384843107 (     1453.6584  0.0099136351     1.2117125     1.0334815     4.0233638     1.0274093     0.5208076     0.4409027    0.78586246     18.142035 )
#  Fit parameters:
#     0.304271758977098   -0.107858860801852    0.354707767811381   -0.97143413879257    -0.817314001763358   -0.892622536688374   -0.806427671014779   -0.305888745794056   -3.21329216909199     0.989825507695098   -3.07589264357841    -3.57746688099375     0.149280528642153   -19.3069931176594    
#----------------------------------------------------------------------------------
# Restarting:              yes
#  - absolute improvement: 0.0519850306463923    
#  - relative improvement: 3.51035356008247e-05  
#  - m2lnL_4  :            1480.90583346171      
#  - m2lnL_5  :            1480.85384843107      
#----------------------------------------------------------------------------------
# Model fitting. Interating using:
#  - solver:            NLOpt:ln-neldermead
#  - differentiation:   Numerical differentiantion (forward)
#.......................................................................................
#  Minimum found with precision: |df|/f =  1.00000e-08 and |dx| =  1.00000e-05
#  Elapsed time: 00 days, 00:00:21.6944440
#  iteration            [000783]
#  function evaluations [000785]
#  gradient evaluations [000000]
#  degrees of freedom   [001687]
#  m2lnL     =      1480.8483487504 (     1453.6959  0.0092506151     1.2226159     1.0158923     4.0091426     1.0308952    0.52414939    0.44086574    0.79684039     18.102769 )
#  Fit parameters:
#     0.30428531001667    -0.106602099564317    0.358973779644246   -0.972541232351531   -0.823060557986886   -0.904362679378869   -0.799562276517989   -0.306934521512902   -3.21325785489493     0.999024510645068   -3.12681667864835    -3.77041685398544     0.160061790610696   -19.306885322897     
#----------------------------------------------------------------------------------
# Restarting:              yes
#  - absolute improvement: 0.00549968066729889   
#  - relative improvement: 3.7138578348739e-06   
#  - m2lnL_5  :            1480.85384843107      
#  - m2lnL_6  :            1480.8483487504       
#----------------------------------------------------------------------------------
# Model fitting. Interating using:
#  - solver:            NLOpt:ln-neldermead
#  - differentiation:   Numerical differentiantion (forward)
#..................................
#  Minimum found with precision: |df|/f =  1.00000e-08 and |dx| =  1.00000e-05
#  Elapsed time: 00 days, 00:00:07.3448350
#  iteration            [000253]
#  function evaluations [000255]
#  gradient evaluations [000000]
#  degrees of freedom   [001687]
#  m2lnL     =     1480.84795384106 (     1453.6903  0.0091689263     1.2239297     1.0125067     4.0135384     1.0289152    0.52392302    0.44141704    0.79619375     18.108039 )
#  Fit parameters:
#     0.304220860900171   -0.10651542786321     0.358986818036405   -0.972428381499514   -0.823032272919132   -0.904374117550739   -0.799096395846426   -0.307429371509208   -3.21450257553065     0.999999257017767   -3.11734953597704    -3.77124189579898     0.160038099488156   -19.3068717669165    
#----------------------------------------------------------------------------------
# Restarting:              no
#  - absolute improvement: 0.000394909341366656  
#  - relative improvement: 2.66677774060994e-07  
#  - m2lnL_6  :            1480.8483487504       
#  - m2lnL_7  :            1480.84795384106      
#----------------------------------------------------------------------------------
# Data used:
#   - Pantheon+SH0ES Sample STAT+SYS (2022)
#   - 6dFGRS -- Beutler (2011), BAO Sample R-Dv
#   - SDSS-DR7-lowz -- Ross (2015), Empirical m2lnp
#   - SDSS DR12 (final consensus) -- Ross et al. (2016), arXiv:1607.03145; Alam
#        et al. (2016), arXiv:1607.03155; BAO Sample(D_t / r_sd, DH / r_sd) --
#        DR16 Compatible
#   - SDSS DR16 -- Alam et al., PRD 103, 083533 (2021); BAO LRG Sample(D_t /
#        r_sd, DH / r_sd)
#   - SDSS DR16 -- Alam et al., PRD 103, 083533 (2021); BAO QSO Sample(D_t /
#        r_sd, DH / r_sd)
#   - SDSS DR16 -- Alam et al., PRD 103, 083533 (2021) -- BAO ELG Sample,
#        Empirical m2lnp
#   - SDSS DR16 -- Alam et al., PRD 103, 083533 (2021) -- BAO Lyman alpha
#        autocorrelation Sample, Empirical m2lnp
#   - SDSS DR16 -- Alam et al., PRD 103, 083533 (2021) -- BAO Lyman alpha QSO
#        cross-correlation Sample, Empirical m2lnp
#   - Gomez-Valent 2018 -- arXiv:1802.01505
#----------------------------------------------------------------------------------
# Model[03000]:
#   - NcHICosmo : XCDM - Constant EOS
#----------------------------------------------------------------------------------
# Model parameters
#   -           H0[00]:  70                  [FIXED]
#   -       Omegac[01]:  0.304220860900171   [FREE]
#   -       Omegak[02]: -0.10651542786321    [FREE]
#   -      Tgamma0[03]:  2.7245              [FIXED]
#   -           Yp[04]:  0.24                [FIXED]
#   -         ENnu[05]:  3.046               [FIXED]
#   -       Omegab[06]:  0.05                [FIXED]
#   -          w_0[07]:  0.358986818036405   [FREE]
#   -          w_1[08]: -0.972428381499514   [FREE]
#   -          w_2[09]: -0.823032272919132   [FREE]
#   -          w_3[10]: -0.904374117550739   [FREE]
#   -          w_4[11]: -0.799096395846426   [FREE]
#   -          w_5[12]: -0.307429371509208   [FREE]
#   -          w_6[13]: -3.21450257553065    [FREE]
#   -          w_7[14]:  0.999999257017767   [FREE]
#   -          w_8[15]: -3.11734953597704    [FREE]
#   -          w_9[16]: -3.77124189579898    [FREE]
#   -         w_10[17]:  0.160038099488156   [FREE]
#----------------------------------------------------------------------------------
# Model[14000]:
#   - NcSNIADistCov : Supernovae Ia Distance Covariance
#----------------------------------------------------------------------------------
# Model parameters
#   -        alpha[00]:  0                   [FIXED]
#   -         beta[01]:  0                   [FIXED]
#   -           M1[02]: -19.3068717669165    [FREE]
#   -           M2[03]: -19.25               [FIXED]
#   - lnsigma_pecz[04]: -34.5387763949107    [FIXED]
#   - lnsigma_lens[05]: -34.5387763949107    [FIXED]
#----------------------------------------------------------------------------------
# NcmMSet parameters covariance matrix
#                                                  -------------------------------------------------------------------------------------------------------------------------------------------------------------------------------------------------------------------
# Omegac[03000:01] =  0.3042      +/-  0.03852     |  1           | -1.04        |  0.1494      |  0.2537      |  0.3021      |  0.03328     |  0.03125     |  0.1118      | -0.02954     | -0.3315      |  0.65        | -nan         | -nan         |  0.3619      |
# Omegak[03000:02] = -0.1065      +/-  0.1556      | -1.04        |  1           | -0.001922    | -0.1779      | -0.16        | -0.01439     | -0.006581    | -0.0638      |  0.01415     |  0.2989      | -0.4689      | -nan         | -nan         | -0.1635      |
#    w_0[03000:07] =  0.359       +/-  1.005       |  0.1494      | -0.001922    |  1           |  0.6644      |  0.6763      | -0.4943      |  0.1617      | -0.05154     |  0.04048     | -0.05977     |  0.05682     | -nan         | -nan         |  0.8822      |
#    w_1[03000:08] = -0.9724      +/-  0.4302      |  0.2537      | -0.1779      |  0.6644      |  1           |  0.6527      | -0.8103      |  0.2558      | -0.05556     |  0.06995     | -0.116       |  0.1156      | -nan         | -nan         |  0.4654      |
#    w_2[03000:09] = -0.823       +/-  0.3258      |  0.3021      | -0.16        |  0.6763      |  0.6527      |  1           | -0.1326      | -0.3401      |  0.1461      | -0.1276      |  0.02627     |  0.003026    | -nan         | -nan         |  0.5316      |
#    w_3[03000:10] = -0.9044      +/-  0.7386      |  0.03328     | -0.01439     | -0.4943      | -0.8103      | -0.1326      |  1           | -0.5266      |  0.04847     | -0.07782     |  0.04643     | -0.04731     | -nan         | -nan         | -0.3178      |
#    w_4[03000:11] = -0.7991      +/-  0.712       |  0.03125     | -0.006581    |  0.1617      |  0.2558      | -0.3401      | -0.5266      |  1           | -0.624       |  0.4409      | -0.3592      |  0.2552      | -nan         | -nan         |  0.09313     |
#    w_5[03000:12] = -0.3074      +/-  1.235       |  0.1118      | -0.0638      | -0.05154     | -0.05556     |  0.1461      |  0.04847     | -0.624       |  1           | -0.8627      |  0.6415      | -0.4822      | -nan         | -nan         | -0.02003     |
#    w_6[03000:13] = -3.215       +/-  3.216       | -0.02954     |  0.01415     |  0.04048     |  0.06995     | -0.1276      | -0.07782     |  0.4409      | -0.8627      |  1           | -0.7627      |  0.5182      | -nan         | -nan         |  0.01191     |
#    w_7[03000:14] =  1           +/-  4.818       | -0.3315      |  0.2989      | -0.05977     | -0.116       |  0.02627     |  0.04643     | -0.3592      |  0.6415      | -0.7627      |  1           | -0.9423      | -nan         | -nan         | -0.08502     |
#    w_8[03000:15] = -3.117       +/-  5.999       |  0.65        | -0.4689      |  0.05682     |  0.1156      |  0.003026    | -0.04731     |  0.2552      | -0.4822      |  0.5182      | -0.9423      |  1           | -nan         | -nan         |  0.1033      |
#    w_9[03000:16] = -3.771       +/- -nan         | -nan         | -nan         | -nan         | -nan         | -nan         | -nan         | -nan         | -nan         | -nan         | -nan         | -nan         | -1           |  1.004       | -nan         |
#   w_10[03000:17] =  0.16        +/- -nan         | -nan         | -nan         | -nan         | -nan         | -nan         | -nan         | -nan         | -nan         | -nan         | -nan         | -nan         |  1.004       | -1           | -nan         |
#     M1[14000:02] = -19.31       +/-  0.02719     |  0.3619      | -0.1635      |  0.8822      |  0.4654      |  0.5316      | -0.3178      |  0.09313     | -0.02003     |  0.01191     | -0.08502     |  0.1033      | -nan         | -nan         |  1           |
#                                                  -------------------------------------------------------------------------------------------------------------------------------------------------------------------------------------------------------------------
