#----------------------------------------------------------------------------------
# Model fitting. Interating using:
#  - solver:            NLOpt:ln-neldermead
#  - differentiation:   Numerical differentiantion (forward)
#....................................................................................................................................................................................
#  Minimum found with precision: |df|/f =  1.00000e-08 and |dx| =  1.00000e-05
#  Elapsed time: 00 days, 00:00:33.7545710
#  iteration            [001717]
#  function evaluations [001719]
#  gradient evaluations [000000]
#  degrees of freedom   [001688]
#  m2lnL     =     1489.99608759739 (     1462.5783   0.026006339     1.4125072     1.5828868     2.8662969    0.39830865    0.93204701     1.2909035     2.4504392     16.458432 )
#  Fit parameters:
#     0.26103592400339     0.0185392666941161  -0.848760879668226   -1.05087737888902    -1.06942951811753    -0.995986466736644   -0.972613411463414   -0.944367302747747   -0.980843055819587   -1.90798932847343    -1.11190343617007     0.0760402308391539  -19.3395061898957    
#----------------------------------------------------------------------------------
# Restarting:              yes
#  - absolute improvement: 891.430827732541      
#  - relative improvement: 0.374326342746085     
#  - m2lnL_0  :            2381.42691532993      
#  - m2lnL_1  :            1489.99608759739      
#----------------------------------------------------------------------------------
# Model fitting. Interating using:
#  - solver:            NLOpt:ln-neldermead
#  - differentiation:   Numerical differentiantion (forward)
#..................................................................................................................................................................................................................................................................................
#  Minimum found with precision: |df|/f =  1.00000e-08 and |dx| =  1.00000e-05
#  Elapsed time: 00 days, 00:01:03.9393410
#  iteration            [002657]
#  function evaluations [002659]
#  gradient evaluations [000000]
#  degrees of freedom   [001688]
#  m2lnL     =      1482.7837420969 (     1454.8761    0.00665451      1.302276     1.0309185     3.7484056     1.0547787    0.87204699     0.5791047     1.1987503     18.114755 )
#  Fit parameters:
#     0.286784774466056   -0.0615615893720583   0.277295063341814   -1.05057652534178    -0.895061571144361   -0.836128214048419   -0.495034883704605   -1.44369136474224    -0.766440855178278   -1.76032202702243    -1.6618696879837      0.0864682673617838  -19.3089710844659    
#----------------------------------------------------------------------------------
# Restarting:              yes
#  - absolute improvement: 7.21234550048734      
#  - relative improvement: 0.00484051304598875   
#  - m2lnL_1  :            1489.99608759739      
#  - m2lnL_2  :            1482.7837420969       
#----------------------------------------------------------------------------------
# Model fitting. Interating using:
#  - solver:            NLOpt:ln-neldermead
#  - differentiation:   Numerical differentiantion (forward)
#.......................................................................................................................................................
#  Minimum found with precision: |df|/f =  1.00000e-08 and |dx| =  1.00000e-05
#  Elapsed time: 00 days, 00:00:38.2820590
#  iteration            [001425]
#  function evaluations [001427]
#  gradient evaluations [000000]
#  degrees of freedom   [001688]
#  m2lnL     =     1482.35271879897 (     1454.3442  0.0077385259     1.2985637     1.0119433     3.8622895    0.86031271    0.81950792    0.38440543    0.79068292     18.973029 )
#  Fit parameters:
#     0.277534871104043   -0.0970489375117005   0.15835388493893    -0.999818033977438   -0.847815130740174   -0.768113963586902   -0.511413282357858   -1.24937491832637    -1.19140364581931    -0.561299731744279   -1.30031961364923     0.0625319040287931  -19.3114923060914    
#----------------------------------------------------------------------------------
# Restarting:              yes
#  - absolute improvement: 0.431023297923502     
#  - relative improvement: 0.000290685206268829  
#  - m2lnL_2  :            1482.7837420969       
#  - m2lnL_3  :            1482.35271879897      
#----------------------------------------------------------------------------------
# Model fitting. Interating using:
#  - solver:            NLOpt:ln-neldermead
#  - differentiation:   Numerical differentiantion (forward)
#................................................................................................................................................................
#  Minimum found with precision: |df|/f =  1.00000e-08 and |dx| =  1.00000e-05
#  Elapsed time: 00 days, 00:00:40.6685920
#  iteration            [001515]
#  function evaluations [001517]
#  gradient evaluations [000000]
#  degrees of freedom   [001688]
#  m2lnL     =     1482.20571993566 (     1453.9743   0.008951565      1.222151    0.91814157     3.9232816    0.80818128    0.79187962    0.38292938    0.74566842     19.430232 )
#  Fit parameters:
#     0.288957466552322   -0.104681453071054    0.385811791509563   -0.922903455529527   -0.792764595573704   -0.921688472600823   -0.456590507455787   -1.33464194541108    -1.39276910363686    -0.458849462541658   -1.73657011303186     0.0867078447388979  -19.3064351904382    
#----------------------------------------------------------------------------------
# Restarting:              yes
#  - absolute improvement: 0.14699886331482      
#  - relative improvement: 9.91659147317659e-05  
#  - m2lnL_3  :            1482.35271879897      
#  - m2lnL_4  :            1482.20571993566      
#----------------------------------------------------------------------------------
# Model fitting. Interating using:
#  - solver:            NLOpt:ln-neldermead
#  - differentiation:   Numerical differentiantion (forward)
#.................................................................................................................
#  Minimum found with precision: |df|/f =  1.00000e-08 and |dx| =  1.00000e-05
#  Elapsed time: 00 days, 00:00:28.2378290
#  iteration            [001040]
#  function evaluations [001042]
#  gradient evaluations [000000]
#  degrees of freedom   [001688]
#  m2lnL     =     1482.20173315637 (     1454.0798   0.008690455     1.2336103    0.89213581     3.9183769    0.82236509    0.79457675    0.38949155    0.75662813     19.306092 )
#  Fit parameters:
#     0.290053722531643   -0.102619634536221    0.375645101641035   -0.92484400939263    -0.804981060041128   -0.942963215785267   -0.438281129288377   -1.36074183374631    -1.36999964389132    -0.508474386137059   -1.84541967824412     0.0920430556611447  -19.3067893471071    
#----------------------------------------------------------------------------------
# Restarting:              yes
#  - absolute improvement: 0.00398677928569668   
#  - relative improvement: 2.68976109866162e-06  
#  - m2lnL_4  :            1482.20571993566      
#  - m2lnL_5  :            1482.20173315637      
#----------------------------------------------------------------------------------
# Model fitting. Interating using:
#  - solver:            NLOpt:ln-neldermead
#  - differentiation:   Numerical differentiantion (forward)
#................................................................
#  Minimum found with precision: |df|/f =  1.00000e-08 and |dx| =  1.00000e-05
#  Elapsed time: 00 days, 00:00:14.7864930
#  iteration            [000558]
#  function evaluations [000560]
#  gradient evaluations [000000]
#  degrees of freedom   [001688]
#  m2lnL     =     1482.20013573675 (     1453.9945  0.0093005574     1.2223105    0.90935738     3.9043021    0.79770092    0.79003647    0.39106496     0.7549376      19.42661 )
#  Fit parameters:
#     0.291025488272201   -0.104100231674065    0.376474314687361   -0.925712808882004   -0.801565844769192   -0.935669721616169   -0.448879705212172   -1.35387857406884    -1.43162069477608    -0.461578774252742   -1.88814776425491     0.0950750990240286  -19.3067494792493    
#----------------------------------------------------------------------------------
# Restarting:              yes
#  - absolute improvement: 0.00159741962124826   
#  - relative improvement: 1.07773428239524e-06  
#  - m2lnL_5  :            1482.20173315637      
#  - m2lnL_6  :            1482.20013573675      
#----------------------------------------------------------------------------------
# Model fitting. Interating using:
#  - solver:            NLOpt:ln-neldermead
#  - differentiation:   Numerical differentiantion (forward)
#..................................................................................................................................................
#  Minimum found with precision: |df|/f =  1.00000e-08 and |dx| =  1.00000e-05
#  Elapsed time: 00 days, 00:00:35.2823710
#  iteration            [001372]
#  function evaluations [001374]
#  gradient evaluations [000000]
#  degrees of freedom   [001688]
#  m2lnL     =     1482.19546842203 (     1454.0077  0.0086143468     1.2387741    0.93055039     3.9017546    0.81495478    0.79457398    0.38923724    0.75862342     19.350723 )
#  Fit parameters:
#     0.294132347902726   -0.104087970736485    0.344720906522236   -0.951136017700923   -0.819012849603097   -0.911969922059272   -0.475938843825522   -1.35941798462264    -1.46502080607319    -0.499776585902645   -2.15290386361192     0.108837242583907   -19.3074187113721    
#----------------------------------------------------------------------------------
# Restarting:              yes
#  - absolute improvement: 0.00466731472283755   
#  - relative improvement: 3.14890992808982e-06  
#  - m2lnL_6  :            1482.20013573675      
#  - m2lnL_7  :            1482.19546842203      
#----------------------------------------------------------------------------------
# Model fitting. Interating using:
#  - solver:            NLOpt:ln-neldermead
#  - differentiation:   Numerical differentiantion (forward)
#...........................................................................................................................................................................................................................................
#  Minimum found with precision: |df|/f =  1.00000e-08 and |dx| =  1.00000e-05
#  Elapsed time: 00 days, 00:00:59.8543630
#  iteration            [002268]
#  function evaluations [002270]
#  gradient evaluations [000000]
#  degrees of freedom   [001688]
#  m2lnL     =     1482.15287522596 (     1454.1609  0.0092989892     1.2118953    0.82491594     3.9710908    0.87996379    0.77895451    0.39312266    0.75472327     19.167981 )
#  Fit parameters:
#     0.305019059719737   -0.10936416324025     0.455078163271786   -0.902901156985687   -0.811520434159964   -1.06174473473358    -0.401163438909069   -1.47298864017463    -1.56619280430923    -0.56171839095006    -4.29146744226057     0.225276407052266   -19.3052462588804    
#----------------------------------------------------------------------------------
# Restarting:              yes
#  - absolute improvement: 0.0425931960696744    
#  - relative improvement: 2.87365580162108e-05  
#  - m2lnL_7  :            1482.19546842203      
#  - m2lnL_8  :            1482.15287522596      
#----------------------------------------------------------------------------------
# Model fitting. Interating using:
#  - solver:            NLOpt:ln-neldermead
#  - differentiation:   Numerical differentiantion (forward)
#..................................................................................................................................................................................................
#  Minimum found with precision: |df|/f =  1.00000e-08 and |dx| =  1.00000e-05
#  Elapsed time: 00 days, 00:00:50.3749930
#  iteration            [001850]
#  function evaluations [001852]
#  gradient evaluations [000000]
#  degrees of freedom   [001688]
#  m2lnL     =      1482.0921886621 (     1454.0629  0.0077804948     1.2496436    0.90963118     3.9242088    0.86303097    0.78701774     0.4172015    0.80530578     19.065451 )
#  Fit parameters:
#     0.304507892436555   -0.104907703946494    0.365880466092042   -0.967851444340068   -0.843267875369676   -0.955767149712688   -0.47616158927902    -1.4393713931343     -1.58510012497541    -0.582048014836374   -4.99996129320944     0.266786659709657   -19.3070323269919    
#----------------------------------------------------------------------------------
# Restarting:              yes
#  - absolute improvement: 0.0606865638599174    
#  - relative improvement: 4.09448747658136e-05  
#  - m2lnL_8  :            1482.15287522596      
#  - m2lnL_9  :            1482.0921886621       
#----------------------------------------------------------------------------------
# Model fitting. Interating using:
#  - solver:            NLOpt:ln-neldermead
#  - differentiation:   Numerical differentiantion (forward)
#.................................................................................................................................
#  Minimum found with precision: |df|/f =  1.00000e-08 and |dx| =  1.00000e-05
#  Elapsed time: 00 days, 00:00:32.8702760
#  iteration            [001205]
#  function evaluations [001207]
#  gradient evaluations [000000]
#  degrees of freedom   [001688]
#  m2lnL     =     1482.08590988352 (     1453.9433  0.0090813491     1.2286024    0.92995163     3.9020737    0.83972489    0.77822766    0.40022226    0.77815749     19.276593 )
#  Fit parameters:
#     0.30610041144114    -0.110308923491985    0.364410787096426   -0.961132514443955   -0.834987411828176   -0.9530743103984     -0.488457911024094   -1.41504134935171    -1.70206324226415    -0.460691468891848   -4.99989831655355     0.265907214254382   -19.3069165336571    
#----------------------------------------------------------------------------------
# Restarting:              yes
#  - absolute improvement: 0.00627877858414649   
#  - relative improvement: 4.23642917234076e-06  
#  - m2lnL_9  :            1482.0921886621       
#  - m2lnL_10 :            1482.08590988352      
#----------------------------------------------------------------------------------
# Model fitting. Interating using:
#  - solver:            NLOpt:ln-neldermead
#  - differentiation:   Numerical differentiantion (forward)
#...............................
#  Minimum found with precision: |df|/f =  1.00000e-08 and |dx| =  1.00000e-05
#  Elapsed time: 00 days, 00:00:06.0705880
#  iteration            [000222]
#  function evaluations [000224]
#  gradient evaluations [000000]
#  degrees of freedom   [001688]
#  m2lnL     =     1482.08586194411 (     1453.9387  0.0088625318     1.2318409    0.92450741     3.9116135    0.84012032    0.77831496    0.40006711     0.7791217     19.272708 )
#  Fit parameters:
#     0.30605136658638    -0.110168714024991    0.364923333856223   -0.961071860129645   -0.834824466866      -0.953028873961296   -0.48928202971686    -1.41643512940817    -1.70041376591049    -0.461806335208035   -4.99947778089662     0.265871288750603   -19.306900365197     
#----------------------------------------------------------------------------------
# Restarting:              no
#  - absolute improvement: 4.79394063859218e-05  
#  - relative improvement: 3.23459025325256e-08  
#  - m2lnL_10 :            1482.08590988352      
#  - m2lnL_11 :            1482.08586194411      
#----------------------------------------------------------------------------------
# Data used:
#   - Pantheon+SH0ES Sample STAT+SYS (2022)
#   - 6dFGRS -- Beutler (2011), BAO Sample R-Dv
#   - SDSS-DR7-lowz -- Ross (2015), Empirical m2lnp
#   - SDSS DR12 (final consensus) -- Ross et al. (2016), arXiv:1607.03145; Alam
#        et al. (2016), arXiv:1607.03155; BAO Sample(D_t / r_sd, DH / r_sd) --
#        DR16 Compatible
#   - SDSS DR16 -- Alam et al., PRD 103, 083533 (2021); BAO LRG Sample(D_t /
#        r_sd, DH / r_sd)
#   - SDSS DR16 -- Alam et al., PRD 103, 083533 (2021); BAO QSO Sample(D_t /
#        r_sd, DH / r_sd)
#   - SDSS DR16 -- Alam et al., PRD 103, 083533 (2021) -- BAO ELG Sample,
#        Empirical m2lnp
#   - SDSS DR16 -- Alam et al., PRD 103, 083533 (2021) -- BAO Lyman alpha
#        autocorrelation Sample, Empirical m2lnp
#   - SDSS DR16 -- Alam et al., PRD 103, 083533 (2021) -- BAO Lyman alpha QSO
#        cross-correlation Sample, Empirical m2lnp
#   - Gomez-Valent 2018 -- arXiv:1802.01505
#----------------------------------------------------------------------------------
# Model[03000]:
#   - NcHICosmo : XCDM - Constant EOS
#----------------------------------------------------------------------------------
# Model parameters
#   -           H0[00]:  70                  [FIXED]
#   -       Omegac[01]:  0.30605136658638    [FREE]
#   -       Omegak[02]: -0.110168714024991   [FREE]
#   -      Tgamma0[03]:  2.7245              [FIXED]
#   -           Yp[04]:  0.24                [FIXED]
#   -         ENnu[05]:  3.046               [FIXED]
#   -       Omegab[06]:  0.05                [FIXED]
#   -          w_0[07]:  0.364923333856223   [FREE]
#   -          w_1[08]: -0.961071860129645   [FREE]
#   -          w_2[09]: -0.834824466866      [FREE]
#   -          w_3[10]: -0.953028873961296   [FREE]
#   -          w_4[11]: -0.48928202971686    [FREE]
#   -          w_5[12]: -1.41643512940817    [FREE]
#   -          w_6[13]: -1.70041376591049    [FREE]
#   -          w_7[14]: -0.461806335208035   [FREE]
#   -          w_8[15]: -4.99947778089662    [FREE]
#   -          w_9[16]:  0.265871288750603   [FREE]
#----------------------------------------------------------------------------------
# Model[14000]:
#   - NcSNIADistCov : Supernovae Ia Distance Covariance
#----------------------------------------------------------------------------------
# Model parameters
#   -        alpha[00]:  0                   [FIXED]
#   -         beta[01]:  0                   [FIXED]
#   -           M1[02]: -19.306900365197     [FREE]
#   -           M2[03]: -19.25               [FIXED]
#   - lnsigma_pecz[04]: -34.5387763949107    [FIXED]
#   - lnsigma_lens[05]: -34.5387763949107    [FIXED]
#----------------------------------------------------------------------------------
# NcmMSet parameters covariance matrix
#                                                  ----------------------------------------------------------------------------------------------------------------------------------------------------------------------------------------------------
# Omegac[03000:01] =  0.3061      +/-  0.03175     |  1           | -1.09        |  0.2002      |  0.3556      |  0.3622      | -0.01326     |  0.2381      |  0.1727      | -0.5857      |  0.5655      | -nan         | -nan         |  0.4285      |
# Omegak[03000:02] = -0.1102      +/-  0.1533      | -1.09        |  1           |  0.0938      | -0.08027     | -0.1143      | -0.1357      |  0.05664     | -0.2383      |  0.477       | -0.5244      | -nan         | -nan         | -0.09624     |
#    w_0[03000:07] =  0.3649      +/-  0.9925      |  0.2002      |  0.0938      |  1           |  0.6483      |  0.6992      | -0.5621      |  0.3459      | -0.2891      |  0.1639      | -0.193       | -nan         | -nan         |  0.8799      |
#    w_1[03000:08] = -0.9611      +/-  0.3927      |  0.3556      | -0.08027     |  0.6483      |  1           |  0.6677      | -0.8551      |  0.4989      | -0.3464      |  0.1916      | -0.1788      | -nan         | -nan         |  0.4504      |
#    w_2[03000:09] = -0.8348      +/-  0.3155      |  0.3622      | -0.1143      |  0.6992      |  0.6677      |  1           | -0.2448      | -0.1375      |  0.02187     | -0.02618     |  0.00431     | -nan         | -nan         |  0.5501      |
#    w_3[03000:10] = -0.953       +/-  0.7888      | -0.01326     | -0.1357      | -0.5621      | -0.8551      | -0.2448      |  1           | -0.7736      |  0.4595      | -0.3103      |  0.308       | -nan         | -nan         | -0.3676      |
#    w_4[03000:11] = -0.4893      +/-  0.7889      |  0.2381      |  0.05664     |  0.3459      |  0.4989      | -0.1375      | -0.7736      |  1           | -0.7577      |  0.2981      | -0.2542      | -nan         | -nan         |  0.225       |
#    w_5[03000:12] = -1.416       +/-  1.02        |  0.1727      | -0.2383      | -0.2891      | -0.3464      |  0.02187     |  0.4595      | -0.7577      |  1           | -0.4471      |  0.3391      | -nan         | -nan         | -0.1737      |
#    w_6[03000:13] = -1.7         +/-  3.012       | -0.5857      |  0.477       |  0.1639      |  0.1916      | -0.02618     | -0.3103      |  0.2981      | -0.4471      |  1           | -0.88        | -nan         | -nan         |  0.03155     |
#    w_7[03000:14] = -0.4618      +/-  3.247       |  0.5655      | -0.5244      | -0.193       | -0.1788      |  0.00431     |  0.308       | -0.2542      |  0.3391      | -0.88        |  1           | -nan         | -nan         | -0.05702     |
#    w_8[03000:15] = -4.999       +/- -nan         | -nan         | -nan         | -nan         | -nan         | -nan         | -nan         | -nan         | -nan         | -nan         | -nan         | -1           |  1.002       | -nan         |
#    w_9[03000:16] =  0.2659      +/- -nan         | -nan         | -nan         | -nan         | -nan         | -nan         | -nan         | -nan         | -nan         | -nan         | -nan         |  1.002       | -1           | -nan         |
#     M1[14000:02] = -19.31       +/-  0.02695     |  0.4285      | -0.09624     |  0.8799      |  0.4504      |  0.5501      | -0.3676      |  0.225       | -0.1737      |  0.03155     | -0.05702     | -nan         | -nan         |  1           |
#                                                  ----------------------------------------------------------------------------------------------------------------------------------------------------------------------------------------------------
