#----------------------------------------------------------------------------------
# Model fitting. Interating using:
#  - solver:            NLOpt:ln-neldermead
#  - differentiation:   Numerical differentiantion (forward)
#......................................................................
#  Minimum found with precision: |df|/f =  1.00000e-08 and |dx| =  1.00000e-05
#  Elapsed time: 00 days, 00:00:09.1579070
#  iteration            [000612]
#  function evaluations [000614]
#  gradient evaluations [000000]
#  degrees of freedom   [001695]
#  m2lnL     =     1494.01135368636 (     1463.3967    0.01474091     1.5038156     2.1739016     6.0762868     2.0405127    0.85934434    0.52850123     1.5134481     15.904087 )
#  Fit parameters:
#     0.299631264104343   -0.163171300928945   -0.806153103305904   -0.893417547808306   -1.12269623531094    -19.3416212161997    
#----------------------------------------------------------------------------------
# Restarting:              yes
#  - absolute improvement: 887.415561643562      
#  - relative improvement: 0.372640267031087     
#  - m2lnL_0  :            2381.42691532993      
#  - m2lnL_1  :            1494.01135368636      
#----------------------------------------------------------------------------------
# Model fitting. Interating using:
#  - solver:            NLOpt:ln-neldermead
#  - differentiation:   Numerical differentiantion (forward)
#......................................
#  Minimum found with precision: |df|/f =  1.00000e-08 and |dx| =  1.00000e-05
#  Elapsed time: 00 days, 00:00:04.2697950
#  iteration            [000291]
#  function evaluations [000293]
#  gradient evaluations [000000]
#  degrees of freedom   [001695]
#  m2lnL     =     1492.53959259378 (     1464.2472   0.041354106     1.2599657     1.8140127     5.0012476     1.7536783    0.88578228     0.2867543     1.1255805     16.124044 )
#  Fit parameters:
#     0.300605829831038   -0.132107816371686   -0.893429103095441   -0.893711518908651   -2.60107112323253    -19.3452692293305    
#----------------------------------------------------------------------------------
# Restarting:              yes
#  - absolute improvement: 1.47176109258817      
#  - relative improvement: 0.000985107033461763  
#  - m2lnL_1  :            1494.01135368636      
#  - m2lnL_2  :            1492.53959259378      
#----------------------------------------------------------------------------------
# Model fitting. Interating using:
#  - solver:            NLOpt:ln-neldermead
#  - differentiation:   Numerical differentiantion (forward)
#...................
#  Minimum found with precision: |df|/f =  1.00000e-08 and |dx| =  1.00000e-05
#  Elapsed time: 00 days, 00:00:01.5487720
#  iteration            [000104]
#  function evaluations [000106]
#  gradient evaluations [000000]
#  degrees of freedom   [001695]
#  m2lnL     =     1492.53959259378 (     1464.2472   0.041354106     1.2599657     1.8140127     5.0012476     1.7536783    0.88578228     0.2867543     1.1255805     16.124044 )
#  Fit parameters:
#     0.300605829831038   -0.132107816371686   -0.893429103095441   -0.893711518908651   -2.60107112323253    -19.3452692293305    
#----------------------------------------------------------------------------------
# Restarting:              no
#  - absolute improvement: 0                     
#  - relative improvement: 0                     
#  - m2lnL_2  :            1492.53959259378      
#  - m2lnL_3  :            1492.53959259378      
#----------------------------------------------------------------------------------
# Data used:
#   - Pantheon+SH0ES Sample STAT+SYS (2022)
#   - 6dFGRS -- Beutler (2011), BAO Sample R-Dv
#   - SDSS-DR7-lowz -- Ross (2015), Empirical m2lnp
#   - SDSS DR12 (final consensus) -- Ross et al. (2016), arXiv:1607.03145; Alam
#        et al. (2016), arXiv:1607.03155; BAO Sample(D_t / r_sd, DH / r_sd) --
#        DR16 Compatible
#   - SDSS DR16 -- Alam et al., PRD 103, 083533 (2021); BAO LRG Sample(D_t /
#        r_sd, DH / r_sd)
#   - SDSS DR16 -- Alam et al., PRD 103, 083533 (2021); BAO QSO Sample(D_t /
#        r_sd, DH / r_sd)
#   - SDSS DR16 -- Alam et al., PRD 103, 083533 (2021) -- BAO ELG Sample,
#        Empirical m2lnp
#   - SDSS DR16 -- Alam et al., PRD 103, 083533 (2021) -- BAO Lyman alpha
#        autocorrelation Sample, Empirical m2lnp
#   - SDSS DR16 -- Alam et al., PRD 103, 083533 (2021) -- BAO Lyman alpha QSO
#        cross-correlation Sample, Empirical m2lnp
#   - Gomez-Valent 2018 -- arXiv:1802.01505
#----------------------------------------------------------------------------------
# Model[03000]:
#   - NcHICosmo : XCDM - Constant EOS
#----------------------------------------------------------------------------------
# Model parameters
#   -           H0[00]:  70                  [FIXED]
#   -       Omegac[01]:  0.300605829831038   [FREE]
#   -       Omegak[02]: -0.132107816371686   [FREE]
#   -      Tgamma0[03]:  2.7245              [FIXED]
#   -           Yp[04]:  0.24                [FIXED]
#   -         ENnu[05]:  3.046               [FIXED]
#   -       Omegab[06]:  0.05                [FIXED]
#   -          w_0[07]: -0.893429103095441   [FREE]
#   -          w_1[08]: -0.893711518908651   [FREE]
#   -          w_2[09]: -2.60107112323253    [FREE]
#----------------------------------------------------------------------------------
# Model[14000]:
#   - NcSNIADistCov : Supernovae Ia Distance Covariance
#----------------------------------------------------------------------------------
# Model parameters
#   -        alpha[00]:  0                   [FIXED]
#   -         beta[01]:  0                   [FIXED]
#   -           M1[02]: -19.3452692293305    [FREE]
#   -           M2[03]: -19.25               [FIXED]
#   - lnsigma_pecz[04]: -34.5387763949107    [FIXED]
#   - lnsigma_lens[05]: -34.5387763949107    [FIXED]
#----------------------------------------------------------------------------------
# NcmMSet parameters covariance matrix
#                                                  -------------------------------------------------------------------------------------------
# Omegac[03000:01] =  0.3006      +/-  0.01239     |  1           | -0.2494      |  0.203       |  0.1802      | -0.08407     |  0.4766      |
# Omegak[03000:02] = -0.1321      +/-  0.05584     | -0.2494      |  1           | -0.478       | -0.7732      | -0.5302      | -0.1859      |
#    w_0[03000:07] = -0.8934      +/-  0.1055      |  0.203       | -0.478       |  1           |  0.1427      |  0.6837      |  0.7561      |
#    w_1[03000:08] = -0.8937      +/-  0.05194     |  0.1802      | -0.7732      |  0.1427      |  1           |  0.05788     |  0.1313      |
#    w_2[03000:09] = -2.601       +/-  1.606       | -0.08407     | -0.5302      |  0.6837      |  0.05788     |  1           |  0.2538      |
#     M1[14000:02] = -19.35       +/-  0.009476    |  0.4766      | -0.1859      |  0.7561      |  0.1313      |  0.2538      |  1           |
#                                                  -------------------------------------------------------------------------------------------
