#----------------------------------------------------------------------------------
# Model fitting. Interating using:
#  - solver:            NLOpt:ln-neldermead
#  - differentiation:   Numerical differentiantion (forward)
#.........................................................................................................................
#  Minimum found with precision: |df|/f =  1.00000e-08 and |dx| =  1.00000e-05
#  Elapsed time: 00 days, 00:00:19.4535480
#  iteration            [001129]
#  function evaluations [001131]
#  gradient evaluations [000000]
#  degrees of freedom   [001694]
#  m2lnL     =     1494.44176796052 (     1464.6284   0.034132305     1.3177678     1.9558576     5.6306754     1.6993792    0.85360089    0.57041481      1.607441     16.144112 )
#  Fit parameters:
#     0.29855144512405    -0.138656604203078   -0.911719758483795   -0.879057035247599   -1.09016238889785    -0.416567266688847   -19.3464325659682    
#----------------------------------------------------------------------------------
# Restarting:              yes
#  - absolute improvement: 886.985147369402      
#  - relative improvement: 0.37245952905782      
#  - m2lnL_0  :            2381.42691532993      
#  - m2lnL_1  :            1494.44176796052      
#----------------------------------------------------------------------------------
# Model fitting. Interating using:
#  - solver:            NLOpt:ln-neldermead
#  - differentiation:   Numerical differentiantion (forward)
#...................................................................................................................................................
#  Minimum found with precision: |df|/f =  1.00000e-08 and |dx| =  1.00000e-05
#  Elapsed time: 00 days, 00:00:26.3708110
#  iteration            [001383]
#  function evaluations [001385]
#  gradient evaluations [000000]
#  degrees of freedom   [001694]
#  m2lnL     =     1490.43977955236 (     1462.7859   0.015612222     1.4683755     1.8396286     4.6756284     2.2969259    0.93669256   0.079364356    0.69186694     15.649782 )
#  Fit parameters:
#     0.301910696308262   -0.150742904270663   -0.756447142122583   -0.931486014044534   -0.914221379038757   -5                   -19.3397678225894    
#----------------------------------------------------------------------------------
# Restarting:              yes
#  - absolute improvement: 4.00198840816802      
#  - relative improvement: 0.002677915255025     
#  - m2lnL_1  :            1494.44176796052      
#  - m2lnL_2  :            1490.43977955236      
#----------------------------------------------------------------------------------
# Model fitting. Interating using:
#  - solver:            NLOpt:ln-neldermead
#  - differentiation:   Numerical differentiantion (forward)
#.......................
#  Minimum found with precision: |df|/f =  1.00000e-08 and |dx| =  1.00000e-05
#  Elapsed time: 00 days, 00:00:02.8223380
#  iteration            [000148]
#  function evaluations [000150]
#  gradient evaluations [000000]
#  degrees of freedom   [001694]
#  m2lnL     =     1490.43977955236 (     1462.7859   0.015612222     1.4683755     1.8396286     4.6756284     2.2969259    0.93669256   0.079364356    0.69186694     15.649782 )
#  Fit parameters:
#     0.301910696308262   -0.150742904270663   -0.756447142122583   -0.931486014044534   -0.914221379038757   -5                   -19.3397678225894    
#----------------------------------------------------------------------------------
# Restarting:              no
#  - absolute improvement: 0                     
#  - relative improvement: 0                     
#  - m2lnL_2  :            1490.43977955236      
#  - m2lnL_3  :            1490.43977955236      
#----------------------------------------------------------------------------------
# Data used:
#   - Pantheon+SH0ES Sample STAT+SYS (2022)
#   - 6dFGRS -- Beutler (2011), BAO Sample R-Dv
#   - SDSS-DR7-lowz -- Ross (2015), Empirical m2lnp
#   - SDSS DR12 (final consensus) -- Ross et al. (2016), arXiv:1607.03145; Alam
#        et al. (2016), arXiv:1607.03155; BAO Sample(D_t / r_sd, DH / r_sd) --
#        DR16 Compatible
#   - SDSS DR16 -- Alam et al., PRD 103, 083533 (2021); BAO LRG Sample(D_t /
#        r_sd, DH / r_sd)
#   - SDSS DR16 -- Alam et al., PRD 103, 083533 (2021); BAO QSO Sample(D_t /
#        r_sd, DH / r_sd)
#   - SDSS DR16 -- Alam et al., PRD 103, 083533 (2021) -- BAO ELG Sample,
#        Empirical m2lnp
#   - SDSS DR16 -- Alam et al., PRD 103, 083533 (2021) -- BAO Lyman alpha
#        autocorrelation Sample, Empirical m2lnp
#   - SDSS DR16 -- Alam et al., PRD 103, 083533 (2021) -- BAO Lyman alpha QSO
#        cross-correlation Sample, Empirical m2lnp
#   - Gomez-Valent 2018 -- arXiv:1802.01505
#----------------------------------------------------------------------------------
# Model[03000]:
#   - NcHICosmo : XCDM - Constant EOS
#----------------------------------------------------------------------------------
# Model parameters
#   -           H0[00]:  70                  [FIXED]
#   -       Omegac[01]:  0.301910696308262   [FREE]
#   -       Omegak[02]: -0.150742904270663   [FREE]
#   -      Tgamma0[03]:  2.7245              [FIXED]
#   -           Yp[04]:  0.24                [FIXED]
#   -         ENnu[05]:  3.046               [FIXED]
#   -       Omegab[06]:  0.05                [FIXED]
#   -          w_0[07]: -0.756447142122583   [FREE]
#   -          w_1[08]: -0.931486014044534   [FREE]
#   -          w_2[09]: -0.914221379038757   [FREE]
#   -          w_3[10]: -5                   [FREE]
#----------------------------------------------------------------------------------
# Model[14000]:
#   - NcSNIADistCov : Supernovae Ia Distance Covariance
#----------------------------------------------------------------------------------
# Model parameters
#   -        alpha[00]:  0                   [FIXED]
#   -         beta[01]:  0                   [FIXED]
#   -           M1[02]: -19.3397678225894    [FREE]
#   -           M2[03]: -19.25               [FIXED]
#   - lnsigma_pecz[04]: -34.5387763949107    [FIXED]
#   - lnsigma_lens[05]: -34.5387763949107    [FIXED]
#----------------------------------------------------------------------------------
# NcmMSet parameters covariance matrix
#                                                  ----------------------------------------------------------------------------------------------------------
# Omegac[03000:01] =  0.3019      +/-  0.01266     |  1           | -0.26        |  0.2642      | -0.003946    |  0.03532     | -0.2002      |  0.493       |
# Omegak[03000:02] = -0.1507      +/-  0.05452     | -0.26        |  1           | -0.2991      | -0.516       | -0.4835      | -0.1518      | -0.2113      |
#    w_0[03000:07] = -0.7564      +/-  0.162       |  0.2642      | -0.2991      |  1           | -0.5158      |  0.5254      | -0.5873      |  0.8101      |
#    w_1[03000:08] = -0.9315      +/-  0.07239     | -0.003946    | -0.516       | -0.5158      |  1           | -0.2088      |  0.6867      | -0.2623      |
#    w_2[03000:09] = -0.9142      +/-  0.1759      |  0.03532     | -0.4835      |  0.5254      | -0.2088      |  1           | -0.5573      |  0.2027      |
#    w_3[03000:10] = -5           +/-  4.21        | -0.2002      | -0.1518      | -0.5873      |  0.6867      | -0.5573      |  1           | -0.3813      |
#     M1[14000:02] = -19.34       +/-  0.01094     |  0.493       | -0.2113      |  0.8101      | -0.2623      |  0.2027      | -0.3813      |  1           |
#                                                  ----------------------------------------------------------------------------------------------------------
