#----------------------------------------------------------------------------------
# Model fitting. Interating using:
#  - solver:            NLOpt:ln-neldermead
#  - differentiation:   Numerical differentiantion (forward)
#................................................................................................................................................................................................................................................................................................................................................................................................................................................................................................................
#  Minimum found with precision: |df|/f =  1.00000e-08 and |dx| =  1.00000e-05
#  Elapsed time: 00 days, 00:01:46.8083730
#  iteration            [004871]
#  function evaluations [004873]
#  gradient evaluations [000000]
#  degrees of freedom   [001686]
#  m2lnL     =     1488.74573077505 (     1458.4537   0.055491636     1.2005953     1.3325578     3.8220605    0.20187523    0.61061761     1.3271635     2.6879155     19.053726 )
#  Fit parameters:
#     0.295498022297591   -0.0674344805974276  -0.681915521640545   -1.05485652683824    -1.20776760304385    -1.27346109596566    -0.446573842846961   -0.614453980933201   -1.61197778661282    -2.84563330133989    -1.08611550319207    -0.616636376701292   -1.14793908987938     0.048875037943635   -19.3357037955746    
#----------------------------------------------------------------------------------
# Restarting:              yes
#  - absolute improvement: 892.681184554877      
#  - relative improvement: 0.374851387967623     
#  - m2lnL_0  :            2381.42691532993      
#  - m2lnL_1  :            1488.74573077505      
#----------------------------------------------------------------------------------
# Model fitting. Interating using:
#  - solver:            NLOpt:ln-neldermead
#  - differentiation:   Numerical differentiantion (forward)
#...........................................................................................................................................................................................................................................................................................................................................................................................................................................
#  Minimum found with precision: |df|/f =  1.00000e-08 and |dx| =  1.00000e-05
#  Elapsed time: 00 days, 00:01:37.7460480
#  iteration            [004189]
#  function evaluations [004191]
#  gradient evaluations [000000]
#  degrees of freedom   [001686]
#  m2lnL     =     1482.70998556225 (     1454.4015  0.0057659634     1.3506581    0.96183296     3.8498003    0.69188295    0.80907992    0.35985907     0.7587238     19.520929 )
#  Fit parameters:
#     0.279987086792895   -0.0934342165760374   0.128677181626921   -1.02261096863478    -0.905357515689271   -0.833349122984429   -0.70768978605855    -0.448153737341126   -1.37302373873179    -1.34550019649485    -1.00209522189733     0.0615742119009641  -2.3743910597859      0.103665122174818   -19.3120694095185    
#----------------------------------------------------------------------------------
# Restarting:              yes
#  - absolute improvement: 6.03574521280075      
#  - relative improvement: 0.00405424854495368   
#  - m2lnL_1  :            1488.74573077505      
#  - m2lnL_2  :            1482.70998556225      
#----------------------------------------------------------------------------------
# Model fitting. Interating using:
#  - solver:            NLOpt:ln-neldermead
#  - differentiation:   Numerical differentiantion (forward)
#....................................................................................................................................................................................................................................................................................................................................................................................................................................................................................................................................................................................................................................
#  Minimum found with precision: |df|/f =  1.00000e-08 and |dx| =  1.00000e-05
#  Elapsed time: 00 days, 00:02:40.6867160
#  iteration            [006035]
#  function evaluations [006037]
#  gradient evaluations [000000]
#  degrees of freedom   [001686]
#  m2lnL     =     1480.69577034388 (     1453.4227   0.010672375     1.2135594     1.1002682     3.5822261     1.0908309    0.67045894    0.40353455     0.7565276     18.445017 )
#  Fit parameters:
#     0.308364325439375   -0.119094175529954    0.374779839232209   -0.958366382299448   -0.882718047697076   -0.945713196201563   -0.624034038142475   -0.785020841074071   -1.13916605826771    -2.59381016994647     1                   -4.7115681511148     -2.83246131938939     0.123654351678553   -19.3066084437706    
#----------------------------------------------------------------------------------
# Restarting:              yes
#  - absolute improvement: 2.01421521836983      
#  - relative improvement: 0.00135846877540656   
#  - m2lnL_2  :            1482.70998556225      
#  - m2lnL_3  :            1480.69577034388      
#----------------------------------------------------------------------------------
# Model fitting. Interating using:
#  - solver:            NLOpt:ln-neldermead
#  - differentiation:   Numerical differentiantion (forward)
#....................................
#  Minimum found with precision: |df|/f =  1.00000e-08 and |dx| =  1.00000e-05
#  Elapsed time: 00 days, 00:00:07.6012820
#  iteration            [000273]
#  function evaluations [000275]
#  gradient evaluations [000000]
#  degrees of freedom   [001686]
#  m2lnL     =     1480.69563807532 (     1453.4147   0.010536085     1.2155424     1.0939991     3.5877078      1.090069    0.67058831    0.40052867     0.7581148     18.453855 )
#  Fit parameters:
#     0.308406026516458   -0.119054768171219    0.374663260001431   -0.958424282388613   -0.882731628373668   -0.945650141707726   -0.623931128573969   -0.784165406499463   -1.14177573719471    -2.59659146857608     0.999999168274322   -4.7067705438073     -2.83241249615764     0.123467884429361   -19.306588774735     
#----------------------------------------------------------------------------------
# Restarting:              no
#  - absolute improvement: 0.000132268562765603  
#  - relative improvement: 8.93286557676089e-08  
#  - m2lnL_3  :            1480.69577034388      
#  - m2lnL_4  :            1480.69563807532      
#----------------------------------------------------------------------------------
# Data used:
#   - Pantheon+SH0ES Sample STAT+SYS (2022)
#   - 6dFGRS -- Beutler (2011), BAO Sample R-Dv
#   - SDSS-DR7-lowz -- Ross (2015), Empirical m2lnp
#   - SDSS DR12 (final consensus) -- Ross et al. (2016), arXiv:1607.03145; Alam
#        et al. (2016), arXiv:1607.03155; BAO Sample(D_t / r_sd, DH / r_sd) --
#        DR16 Compatible
#   - SDSS DR16 -- Alam et al., PRD 103, 083533 (2021); BAO LRG Sample(D_t /
#        r_sd, DH / r_sd)
#   - SDSS DR16 -- Alam et al., PRD 103, 083533 (2021); BAO QSO Sample(D_t /
#        r_sd, DH / r_sd)
#   - SDSS DR16 -- Alam et al., PRD 103, 083533 (2021) -- BAO ELG Sample,
#        Empirical m2lnp
#   - SDSS DR16 -- Alam et al., PRD 103, 083533 (2021) -- BAO Lyman alpha
#        autocorrelation Sample, Empirical m2lnp
#   - SDSS DR16 -- Alam et al., PRD 103, 083533 (2021) -- BAO Lyman alpha QSO
#        cross-correlation Sample, Empirical m2lnp
#   - Gomez-Valent 2018 -- arXiv:1802.01505
#----------------------------------------------------------------------------------
# Model[03000]:
#   - NcHICosmo : XCDM - Constant EOS
#----------------------------------------------------------------------------------
# Model parameters
#   -           H0[00]:  70                  [FIXED]
#   -       Omegac[01]:  0.308406026516458   [FREE]
#   -       Omegak[02]: -0.119054768171219   [FREE]
#   -      Tgamma0[03]:  2.7245              [FIXED]
#   -           Yp[04]:  0.24                [FIXED]
#   -         ENnu[05]:  3.046               [FIXED]
#   -       Omegab[06]:  0.05                [FIXED]
#   -          w_0[07]:  0.374663260001431   [FREE]
#   -          w_1[08]: -0.958424282388613   [FREE]
#   -          w_2[09]: -0.882731628373668   [FREE]
#   -          w_3[10]: -0.945650141707726   [FREE]
#   -          w_4[11]: -0.623931128573969   [FREE]
#   -          w_5[12]: -0.784165406499463   [FREE]
#   -          w_6[13]: -1.14177573719471    [FREE]
#   -          w_7[14]: -2.59659146857608    [FREE]
#   -          w_8[15]:  0.999999168274322   [FREE]
#   -          w_9[16]: -4.7067705438073     [FREE]
#   -         w_10[17]: -2.83241249615764    [FREE]
#   -         w_11[18]:  0.123467884429361   [FREE]
#----------------------------------------------------------------------------------
# Model[14000]:
#   - NcSNIADistCov : Supernovae Ia Distance Covariance
#----------------------------------------------------------------------------------
# Model parameters
#   -        alpha[00]:  0                   [FIXED]
#   -         beta[01]:  0                   [FIXED]
#   -           M1[02]: -19.306588774735     [FREE]
#   -           M2[03]: -19.25               [FIXED]
#   - lnsigma_pecz[04]: -34.5387763949107    [FIXED]
#   - lnsigma_lens[05]: -34.5387763949107    [FIXED]
#----------------------------------------------------------------------------------
# NcmMSet parameters covariance matrix
#                                                  ----------------------------------------------------------------------------------------------------------------------------------------------------------------------------------------------------------------------------------
# Omegac[03000:01] =  0.3084      +/-  0.027       |  1           | -1.852       | -0.6556      | -0.2734      | -0.8334      | -0.03297     |  1.238       | -0.9198      |  1.195       | -1.207       |  0.9018      |  0.4088      | -nan         | -nan         | -0.1094      |
# Omegak[03000:02] = -0.1191      +/-  0.1797      | -1.852       |  1           |  0.01921     | -0.1365      |  0.0624      |  0.1122      | -0.2045      |  0.1681      | -0.2037      |  0.5814      | -0.4159      |  0.2548      | -nan         | -nan         | -0.1352      |
#    w_0[03000:07] =  0.3747      +/-  1.102       | -0.6556      |  0.01921     |  1           |  0.7633      |  0.6291      | -0.3392      | -0.3089      |  0.422       | -0.4149      |  0.2141      | -0.1046      |  0.4599      | -nan         | -nan         |  0.8972      |
#    w_1[03000:08] = -0.9584      +/-  0.5586      | -0.2734      | -0.1365      |  0.7633      |  1           |  0.7082      | -0.535       | -0.43        |  0.5395      | -0.544       |  0.156       | -0.04299     |  0.3342      | -nan         | -nan         |  0.5826      |
#    w_2[03000:09] = -0.8827      +/-  0.6678      | -0.8334      |  0.0624      |  0.6291      |  0.7082      |  1           |  0.1946      | -0.8808      |  0.8641      | -0.8432      |  0.4705      | -0.2696      |  0.5999      | -nan         | -nan         |  0.5189      |
#    w_3[03000:10] = -0.9457      +/-  0.7854      | -0.03297     |  0.1122      | -0.3392      | -0.535       |  0.1946      |  1           | -0.3733      |  0.156       | -0.1563      |  0.1866      | -0.156       |  0.0463      | -nan         | -nan         | -0.2127      |
#    w_4[03000:11] = -0.6239      +/-  2.035       |  1.238       | -0.2045      | -0.3089      | -0.43        | -0.8808      | -0.3733      |  1           | -0.9627      |  0.8907      | -0.6145      |  0.3779      | -0.7058      | -nan         | -nan         | -0.2636      |
#    w_5[03000:12] = -0.7842      +/-  3.15        | -0.9198      |  0.1681      |  0.422       |  0.5395      |  0.8641      |  0.156       | -0.9627      |  1           | -0.9668      |  0.5775      | -0.3555      |  0.6038      | -nan         | -nan         |  0.342       |
#    w_6[03000:13] = -1.142       +/-  2.834       |  1.195       | -0.2037      | -0.4149      | -0.544       | -0.8432      | -0.1563      |  0.8907      | -0.9668      |  1           | -0.6191      |  0.3436      | -0.6652      | -nan         | -nan         | -0.3329      |
#    w_7[03000:14] = -2.597       +/-  5.082       | -1.207       |  0.5814      |  0.2141      |  0.156       |  0.4705      |  0.1866      | -0.6145      |  0.5775      | -0.6191      |  1           | -0.8322      |  0.7652      | -nan         | -nan         |  0.1083      |
#    w_8[03000:15] =  1           +/-  8.256       |  0.9018      | -0.4159      | -0.1046      | -0.04299     | -0.2696      | -0.156       |  0.3779      | -0.3555      |  0.3436      | -0.8322      |  1           | -1.099       | -nan         | -nan         | -0.05044     |
#    w_9[03000:16] = -4.707       +/-  12.54       |  0.4088      |  0.2548      |  0.4599      |  0.3342      |  0.5999      |  0.0463      | -0.7058      |  0.6038      | -0.6652      |  0.7652      | -1.099       |  1           | -nan         | -nan         |  0.34        |
#   w_10[03000:17] = -2.832       +/- -nan         | -nan         | -nan         | -nan         | -nan         | -nan         | -nan         | -nan         | -nan         | -nan         | -nan         | -nan         | -nan         | -1           |  1.002       | -nan         |
#   w_11[03000:18] =  0.1235      +/- -nan         | -nan         | -nan         | -nan         | -nan         | -nan         | -nan         | -nan         | -nan         | -nan         | -nan         | -nan         | -nan         |  1.002       | -1           | -nan         |
#     M1[14000:02] = -19.31       +/-  0.02918     | -0.1094      | -0.1352      |  0.8972      |  0.5826      |  0.5189      | -0.2127      | -0.2636      |  0.342       | -0.3329      |  0.1083      | -0.05044     |  0.34        | -nan         | -nan         |  1           |
#                                                  ----------------------------------------------------------------------------------------------------------------------------------------------------------------------------------------------------------------------------------
