#----------------------------------------------------------------------------------
# Model[03000]:
#   - NcHICosmo : XCDM - Constant EOS
#----------------------------------------------------------------------------------
# Model parameters
#   -            H0[00]:  70                  [FIXED]
#   -        Omegac[01]:  0.25                [FIXED]
#   -        Omegak[02]:  0                   [FIXED]
#   -       Tgamma0[03]:  2.7245              [FIXED]
#   -            Yp[04]:  0.24                [FIXED]
#   -          ENnu[05]:  3.046               [FIXED]
#   -        Omegab[06]:  0.05                [FIXED]
#   -           w_0[07]: -1                   [FIXED]
#   -           w_1[08]: -1                   [FIXED]
#   -           w_2[09]: -1                   [FIXED]
#   -           w_3[10]: -1                   [FIXED]
#   -           w_4[11]: -1                   [FIXED]
#   -           w_5[12]: -1                   [FIXED]
#   -           w_6[13]: -1                   [FIXED]
#   -           w_7[14]: -1                   [FIXED]
#   -           w_8[15]: -1                   [FIXED]
#----------------------------------------------------------------------------------
# Model[14000]:
#   - NcSNIADistCov : Supernovae Ia Distance Covariance
#----------------------------------------------------------------------------------
# Model parameters
#   -         alpha[00]:  0.145               [FIXED]
#   -          beta[01]:  3.16                [FIXED]
#   -            M1[02]: -19                  [FIXED]
#   -            M2[03]: -19.2                [FIXED]
#   -  lnsigma_pecz[04]: -7.60021041          [FIXED]
#   -  lnsigma_lens[05]: -2.90042209374967    [FIXED]
#   - lnsigma_int_0[06]: -2.52572864430826    [FIXED]
#   - lnsigma_int_1[07]: -2.22562405185792    [FIXED]
#   - lnsigma_int_2[08]: -2.00991547903123    [FIXED]
#   - lnsigma_int_3[09]: -2.30258509299405    [FIXED]
#----------------------------------------------------------------------------------
# Model fitting. Interating using:
#  - solver:            NLOpt:ln-neldermead
#  - differentiation:   Numerical differentiantion (forward)
#................................................................................................................................................................................................................................................................................................................................................
#  Minimum found with precision: |df|/f =  1.00000e-08 and |dx| =  1.00000e-05
#  Elapsed time: 00 days, 00:13:16.5080110
#  iteration            [003276]
#  function evaluations [003278]
#  gradient evaluations [000000]
#  degrees of freedom   [000755]
#  m2lnL     =     702.807756777722 (     681.72857   0.071048207   0.015371004   0.065940665     1.5450989     6.4925386     8.4447086     3.7572824    0.68719971 )
#  Fit parameters:
#     67.6846895146304    -1.62928777218012    -0.87447444150605    -1.30915559771017    -0.562135881626929   -0.733751590084516   -1.74064926239284    -2.18211392385657    -1.36851378837394    -0.894841766388922    0.141060696122497    3.09179923604933    -19.1294164561759    -19.2002449793768    
#----------------------------------------------------------------------------------
# Restarting:              yes
#  - absolute improvement: 51.6456389030237      
#  - relative improvement: 0.068454379287966     
#  - m2lnL_0  :            754.453395680746      
#  - m2lnL_1  :            702.807756777722      
#----------------------------------------------------------------------------------
# Model fitting. Interating using:
#  - solver:            NLOpt:ln-neldermead
#  - differentiation:   Numerical differentiantion (forward)
#..........................................................................................................................................................................................................................................................
#  Minimum found with precision: |df|/f =  1.00000e-08 and |dx| =  1.00000e-05
#  Elapsed time: 00 days, 00:08:19.6924530
#  iteration            [002417]
#  function evaluations [002419]
#  gradient evaluations [000000]
#  degrees of freedom   [000755]
#  m2lnL     =     702.724433209572 (       681.659   0.063537933  0.0083950701    0.10309925     1.5678571     6.4808705     8.3163334     3.8241947     0.7011407 )
#  Fit parameters:
#     67.6901870699745    -1.67448342536178    -0.873770060489777   -1.33686041861782    -0.533444337348719   -0.971901466631284   -0.869798127964925   -0.000347826673637688 -1.8311728341895     -0.724092141292062    0.141062295863123    3.09165134717376    -19.1305185650171    -19.2013730352834    
#----------------------------------------------------------------------------------
# Restarting:              yes
#  - absolute improvement: 0.0833235681501492    
#  - relative improvement: 0.000118558122540048  
#  - m2lnL_1  :            702.807756777722      
#  - m2lnL_2  :            702.724433209572      
#----------------------------------------------------------------------------------
# Model fitting. Interating using:
#  - solver:            NLOpt:ln-neldermead
#  - differentiation:   Numerical differentiantion (forward)
#...........................................
#  Minimum found with precision: |df|/f =  1.00000e-08 and |dx| =  1.00000e-05
#  Elapsed time: 00 days, 00:01:08.0703340
#  iteration            [000343]
#  function evaluations [000345]
#  gradient evaluations [000000]
#  degrees of freedom   [000755]
#  m2lnL     =     702.724327335871 (      681.6532    0.06474312  0.0086123346    0.10368935     1.5671163     6.4803393     8.3164135     3.8283562    0.70185634 )
#  Fit parameters:
#     67.6904374543047    -1.67068333024385    -0.874913589084123   -1.33732886131426    -0.534861701423512   -0.972690954149319   -0.863719956803677   -9.14240429524634e-05 -1.73174969927515    -0.698869656894608    0.141052739158135    3.09164910919688    -19.1304229010281    -19.201224028704     
#----------------------------------------------------------------------------------
# Restarting:              no
#  - absolute improvement: 0.000105873701045311  
#  - relative improvement: 1.50661761626462e-07  
#  - m2lnL_2  :            702.724433209572      
#  - m2lnL_3  :            702.724327335871      
#----------------------------------------------------------------------------------
# Data used:
#   - JLA SNLS3+SDSS Betoule 2014 sys and stat (complete cov)
#   - 6dFGRS -- Beutler (2011), BAO Sample R-Dv
#   - SDSS-DR7-rec -- Padmanabhan (2012), BAO Sample R-Dv
#   - SDSS-DR9-rec -- Anderson (2012), BAO Sample R-Dv
#   - WiggleZ -- Blake (2012), BAO Sample R-Dv
#   - Riess 2008 HST Project sample
#   - Stern 2009 H(z) sample
#   - Moresco 2012 H(z) BC03 sample
#   - WMAP9 distance priors
#----------------------------------------------------------------------------------
# Model[03000]:
#   - NcHICosmo : XCDM - Constant EOS
#----------------------------------------------------------------------------------
# Model parameters
#   -            H0[00]:  67.6904374543047    [FREE]
#   -        Omegac[01]:  0.25                [FIXED]
#   -        Omegak[02]:  0                   [FIXED]
#   -       Tgamma0[03]:  2.7245              [FIXED]
#   -            Yp[04]:  0.24                [FIXED]
#   -          ENnu[05]:  3.046               [FIXED]
#   -        Omegab[06]:  0.05                [FIXED]
#   -           w_0[07]: -1.67068333024385    [FREE]
#   -           w_1[08]: -0.874913589084123   [FREE]
#   -           w_2[09]: -1.33732886131426    [FREE]
#   -           w_3[10]: -0.534861701423512   [FREE]
#   -           w_4[11]: -0.972690954149319   [FREE]
#   -           w_5[12]: -0.863719956803677   [FREE]
#   -           w_6[13]: -9.14240429524634e-05 [FREE]
#   -           w_7[14]: -1.73174969927515    [FREE]
#   -           w_8[15]: -0.698869656894608   [FREE]
#----------------------------------------------------------------------------------
# Model[14000]:
#   - NcSNIADistCov : Supernovae Ia Distance Covariance
#----------------------------------------------------------------------------------
# Model parameters
#   -         alpha[00]:  0.141052739158135   [FREE]
#   -          beta[01]:  3.09164910919688    [FREE]
#   -            M1[02]: -19.1304229010281    [FREE]
#   -            M2[03]: -19.201224028704     [FREE]
#   -  lnsigma_pecz[04]: -7.60021041          [FIXED]
#   -  lnsigma_lens[05]: -2.90042209374967    [FIXED]
#   - lnsigma_int_0[06]: -2.52572864430826    [FIXED]
#   - lnsigma_int_1[07]: -2.22562405185792    [FIXED]
#   - lnsigma_int_2[08]: -2.00991547903123    [FIXED]
#   - lnsigma_int_3[09]: -2.30258509299405    [FIXED]
#----------------------------------------------------------------------------------
# NcmMSet parameters covariance matrix
#                                                 -------------------------------------------------------------------------------------------------------------------------------------------------------------------------------------------------------------------
#    H0[03000:00] =  67.69       +/-  0.7706      |  1           | -0.06949     |  0.03259     | -0.001048    | -0.09943     | -0.02117     |  0.04953     | -nan         | -nan         | -nan         |  0.01343     |  0.01487     |  0.4794      |  0.4501      |
#   w_0[03000:07] = -1.671       +/-  0.8033      | -0.06949     |  1           | -0.7228      |  0.4968      | -0.3745      |  0.276       | -0.2106      | -nan         | -nan         | -nan         | -0.0195      |  0.04055     |  0.484       |  0.4582      |
#   w_1[03000:08] = -0.8749      +/-  0.2221      |  0.03259     | -0.7228      |  1           |  0.02642     | -0.2113      |  0.1223      | -0.03064     | -nan         | -nan         | -nan         |  0.01602     | -0.02662     | -0.3135      | -0.3017      |
#   w_2[03000:09] = -1.337       +/-  0.441       | -0.001048    |  0.4968      |  0.02642     |  1           | -0.626       |  0.3677      | -0.2368      | -nan         | -nan         | -nan         |  0.02935     |  0.06131     |  0.07988     |  0.0885      |
#   w_3[03000:10] = -0.5349      +/-  0.8255      | -0.09943     | -0.3745      | -0.2113      | -0.626       |  1           | -0.6276      |  0.1216      | -nan         | -nan         | -nan         | -0.0217      | -0.06128     | -0.1428      | -0.1404      |
#   w_4[03000:11] = -0.9727      +/-  1.554       | -0.02117     |  0.276       |  0.1223      |  0.3677      | -0.6276      |  1           | -0.9345      | -nan         | -nan         | -nan         |  0.01207     |  0.04561     |  0.05881     |  0.05947     |
#   w_5[03000:12] = -0.8637      +/-  2.452       |  0.04953     | -0.2106      | -0.03064     | -0.2368      |  0.1216      | -0.9345      |  1           | -nan         | -nan         | -nan         |  0.005004    | -0.01225     | -0.09583     | -0.08907     |
#   w_6[03000:13] = -9.142e-05   +/- -nan         | -nan         | -nan         | -nan         | -nan         | -nan         | -nan         | -nan         | -1           | -0.1142      | -0.3734      | -nan         | -nan         | -nan         | -nan         |
#   w_7[03000:14] = -1.732       +/- -nan         | -nan         | -nan         | -nan         | -nan         | -nan         | -nan         | -nan         | -0.1142      | -1           | -0.4775      | -nan         | -nan         | -nan         | -nan         |
#   w_8[03000:15] = -0.6989      +/- -nan         | -nan         | -nan         | -nan         | -nan         | -nan         | -nan         | -nan         | -0.3734      | -0.4775      | -1           | -nan         | -nan         | -nan         | -nan         |
# alpha[14000:00] =  0.1411      +/-  0.009314    |  0.01343     | -0.0195      |  0.01602     |  0.02935     | -0.0217      |  0.01207     |  0.005004    | -nan         | -nan         | -nan         |  1           | -0.0519      |  0.05354     | -0.1295      |
#  beta[14000:01] =  3.092       +/-  0.1137      |  0.01487     |  0.04055     | -0.02662     |  0.06131     | -0.06128     |  0.04561     | -0.01225     | -nan         | -nan         | -nan         | -0.0519      |  1           |  0.05678     |  0.03607     |
#    M1[14000:02] = -19.13       +/-  0.04202     |  0.4794      |  0.484       | -0.3135      |  0.07988     | -0.1428      |  0.05881     | -0.09583     | -nan         | -nan         | -nan         |  0.05354     |  0.05678     |  1           |  0.7214      |
#    M2[14000:03] = -19.2        +/-  0.04514     |  0.4501      |  0.4582      | -0.3017      |  0.0885      | -0.1404      |  0.05947     | -0.08907     | -nan         | -nan         | -nan         | -0.1295      |  0.03607     |  0.7214      |  1           |
#                                                 -------------------------------------------------------------------------------------------------------------------------------------------------------------------------------------------------------------------
