#----------------------------------------------------------------------------------
# Model[03000]:
#   - NcHICosmo : XCDM - Constant EOS
#----------------------------------------------------------------------------------
# Model parameters
#   -            H0[00]:  70                  [FIXED]
#   -        Omegac[01]:  0.25                [FIXED]
#   -        Omegak[02]:  0                   [FIXED]
#   -       Tgamma0[03]:  2.7245              [FIXED]
#   -            Yp[04]:  0.24                [FIXED]
#   -          ENnu[05]:  3.046               [FIXED]
#   -        Omegab[06]:  0.05                [FIXED]
#   -           w_0[07]: -1                   [FIXED]
#   -           w_1[08]: -1                   [FIXED]
#   -           w_2[09]: -1                   [FIXED]
#   -           w_3[10]: -1                   [FIXED]
#   -           w_4[11]: -1                   [FIXED]
#   -           w_5[12]: -1                   [FIXED]
#   -           w_6[13]: -1                   [FIXED]
#   -           w_7[14]: -1                   [FIXED]
#----------------------------------------------------------------------------------
# Model[14000]:
#   - NcSNIADistCov : Supernovae Ia Distance Covariance
#----------------------------------------------------------------------------------
# Model parameters
#   -         alpha[00]:  0.145               [FIXED]
#   -          beta[01]:  3.16                [FIXED]
#   -            M1[02]: -19                  [FIXED]
#   -            M2[03]: -19.2                [FIXED]
#   -  lnsigma_pecz[04]: -7.60021041          [FIXED]
#   -  lnsigma_lens[05]: -2.90042209374967    [FIXED]
#   - lnsigma_int_0[06]: -2.52572864430826    [FIXED]
#   - lnsigma_int_1[07]: -2.22562405185792    [FIXED]
#   - lnsigma_int_2[08]: -2.00991547903123    [FIXED]
#   - lnsigma_int_3[09]: -2.30258509299405    [FIXED]
#----------------------------------------------------------------------------------
# Model fitting. Interating using:
#  - solver:            NLOpt:ln-neldermead
#  - differentiation:   Numerical differentiantion (forward)
#................................................................................................................................................................................................................
#  Minimum found with precision: |df|/f =  1.00000e-08 and |dx| =  1.00000e-05
#  Elapsed time: 00 days, 00:07:24.7510090
#  iteration            [001993]
#  function evaluations [001995]
#  gradient evaluations [000000]
#  degrees of freedom   [000756]
#  m2lnL     =     702.965063238926 (     681.45098   0.077251937   0.043473954    0.03916766     1.3996942     6.4730585     8.6479751     4.1212488    0.71220972 )
#  Fit parameters:
#     67.6938705404513    -1.49755653727585    -0.852938559087505   -1.25444378495861    -0.505511105895852   -1.0515531677184     -1.16942585815699    -1.00883130628156    -0.92602811832236     0.141171475145229    3.09545038087802    -19.1281585135072    -19.198813491737     
#----------------------------------------------------------------------------------
# Restarting:              yes
#  - absolute improvement: 51.4883324418203      
#  - relative improvement: 0.0682458754067402    
#  - m2lnL_0  :            754.453395680746      
#  - m2lnL_1  :            702.965063238926      
#----------------------------------------------------------------------------------
# Model fitting. Interating using:
#  - solver:            NLOpt:ln-neldermead
#  - differentiation:   Numerical differentiantion (forward)
#.............................................................................................................................................................................................................................................................................................................................................................................................................................................................................................................................
#  Minimum found with precision: |df|/f =  1.00000e-08 and |dx| =  1.00000e-05
#  Elapsed time: 00 days, 00:17:57.1207040
#  iteration            [005007]
#  function evaluations [005009]
#  gradient evaluations [000000]
#  degrees of freedom   [000756]
#  m2lnL     =     702.556963941071 (     682.01385   0.081109337   0.034396413    0.08499669      1.561302     6.5161179      8.164935     3.4409879    0.65926696 )
#  Fit parameters:
#     67.6735949403112    -1.56074764839034    -0.863600882704398   -1.32995048746757    -0.0987395853394626  -2.99709551839812    -3.03140899030943e-05 -0.0128248758766658  -4.84193896047591     0.140994059928549    3.09677493749573    -19.1284732574029    -19.1992569243826    
#----------------------------------------------------------------------------------
# Restarting:              yes
#  - absolute improvement: 0.408099297854733     
#  - relative improvement: 0.000580539943157925  
#  - m2lnL_1  :            702.965063238926      
#  - m2lnL_2  :            702.556963941071      
#----------------------------------------------------------------------------------
# Model fitting. Interating using:
#  - solver:            NLOpt:ln-neldermead
#  - differentiation:   Numerical differentiantion (forward)
#.........................................................................
#  Minimum found with precision: |df|/f =  1.00000e-08 and |dx| =  1.00000e-05
#  Elapsed time: 00 days, 00:01:58.3084060
#  iteration            [000644]
#  function evaluations [000646]
#  gradient evaluations [000000]
#  degrees of freedom   [000756]
#  m2lnL     =     702.547874702923 (     682.03521   0.078392227   0.035368211    0.07612576     1.5609134     6.5027429     8.1525221      3.431435    0.67516281 )
#  Fit parameters:
#     67.6798856740771    -1.56797429125051    -0.860187718884506   -1.32569130883031    -0.099337230312668   -3.02357221743577    -9.81610428772218e-06 -7.89725243568041e-05 -4.82394621433076     0.141058389525302    3.09276231142003    -19.1281911669713    -19.1990407715884    
#----------------------------------------------------------------------------------
# Restarting:              yes
#  - absolute improvement: 0.00908923814836271   
#  - relative improvement: 1.2937368234706e-05   
#  - m2lnL_2  :            702.556963941071      
#  - m2lnL_3  :            702.547874702923      
#----------------------------------------------------------------------------------
# Model fitting. Interating using:
#  - solver:            NLOpt:ln-neldermead
#  - differentiation:   Numerical differentiantion (forward)
#................................................................
#  Minimum found with precision: |df|/f =  1.00000e-08 and |dx| =  1.00000e-05
#  Elapsed time: 00 days, 00:01:38.6477180
#  iteration            [000557]
#  function evaluations [000559]
#  gradient evaluations [000000]
#  degrees of freedom   [000756]
#  m2lnL     =     702.546391539184 (     682.06597   0.077968148   0.035193854   0.079039244     1.5684478     6.5021585     8.1399846     3.4014597     0.6761698 )
#  Fit parameters:
#     67.6801607056368    -1.57313296312892    -0.859834317996529   -1.32982467056655    -0.0803644534491772  -3.10196965829613    -1.90434452906114e-05 -7.11634705145366e-05 -4.99942005489243     0.141051373036325    3.09275192258669    -19.1282404503615    -19.1990858746706    
#----------------------------------------------------------------------------------
# Restarting:              yes
#  - absolute improvement: 0.00148316373838497   
#  - relative improvement: 2.1111212371287e-06   
#  - m2lnL_3  :            702.547874702923      
#  - m2lnL_4  :            702.546391539184      
#----------------------------------------------------------------------------------
# Model fitting. Interating using:
#  - solver:            NLOpt:ln-neldermead
#  - differentiation:   Numerical differentiantion (forward)
#.......................................
#  Minimum found with precision: |df|/f =  1.00000e-08 and |dx| =  1.00000e-05
#  Elapsed time: 00 days, 00:00:44.5106590
#  iteration            [000303]
#  function evaluations [000305]
#  gradient evaluations [000000]
#  degrees of freedom   [000756]
#  m2lnL     =      702.54634821596 (     682.06758   0.077796527   0.034787542   0.079628396     1.5690801     6.5050947     8.1402942     3.3998504    0.67223775 )
#  Fit parameters:
#     67.6787790690912    -1.57344399980789    -0.859916365286261   -1.32990004416764    -0.0791163004505508  -3.10622324856924    -6.69853093700542e-06 -9.52799236373191e-06 -4.99988014207409     0.141049001566541    3.09266787841537    -19.128335369078     -19.199175296736     
#----------------------------------------------------------------------------------
# Restarting:              no
#  - absolute improvement: 4.3323224190317e-05   
#  - relative improvement: 6.16659977363226e-08  
#  - m2lnL_4  :            702.546391539184      
#  - m2lnL_5  :            702.54634821596       
#----------------------------------------------------------------------------------
# Data used:
#   - JLA SNLS3+SDSS Betoule 2014 sys and stat (complete cov)
#   - 6dFGRS -- Beutler (2011), BAO Sample R-Dv
#   - SDSS-DR7-rec -- Padmanabhan (2012), BAO Sample R-Dv
#   - SDSS-DR9-rec -- Anderson (2012), BAO Sample R-Dv
#   - WiggleZ -- Blake (2012), BAO Sample R-Dv
#   - Riess 2008 HST Project sample
#   - Stern 2009 H(z) sample
#   - Moresco 2012 H(z) BC03 sample
#   - WMAP9 distance priors
#----------------------------------------------------------------------------------
# Model[03000]:
#   - NcHICosmo : XCDM - Constant EOS
#----------------------------------------------------------------------------------
# Model parameters
#   -            H0[00]:  67.6787790690912    [FREE]
#   -        Omegac[01]:  0.25                [FIXED]
#   -        Omegak[02]:  0                   [FIXED]
#   -       Tgamma0[03]:  2.7245              [FIXED]
#   -            Yp[04]:  0.24                [FIXED]
#   -          ENnu[05]:  3.046               [FIXED]
#   -        Omegab[06]:  0.05                [FIXED]
#   -           w_0[07]: -1.57344399980789    [FREE]
#   -           w_1[08]: -0.859916365286261   [FREE]
#   -           w_2[09]: -1.32990004416764    [FREE]
#   -           w_3[10]: -0.0791163004505508  [FREE]
#   -           w_4[11]: -3.10622324856924    [FREE]
#   -           w_5[12]: -6.69853093700542e-06 [FREE]
#   -           w_6[13]: -9.52799236373191e-06 [FREE]
#   -           w_7[14]: -4.99988014207409    [FREE]
#----------------------------------------------------------------------------------
# Model[14000]:
#   - NcSNIADistCov : Supernovae Ia Distance Covariance
#----------------------------------------------------------------------------------
# Model parameters
#   -         alpha[00]:  0.141049001566541   [FREE]
#   -          beta[01]:  3.09266787841537    [FREE]
#   -            M1[02]: -19.128335369078     [FREE]
#   -            M2[03]: -19.199175296736     [FREE]
#   -  lnsigma_pecz[04]: -7.60021041          [FIXED]
#   -  lnsigma_lens[05]: -2.90042209374967    [FIXED]
#   - lnsigma_int_0[06]: -2.52572864430826    [FIXED]
#   - lnsigma_int_1[07]: -2.22562405185792    [FIXED]
#   - lnsigma_int_2[08]: -2.00991547903123    [FIXED]
#   - lnsigma_int_3[09]: -2.30258509299405    [FIXED]
#----------------------------------------------------------------------------------
# NcmMSet parameters covariance matrix
#                                                 ----------------------------------------------------------------------------------------------------------------------------------------------------------------------------------------------------
#    H0[03000:00] =  67.68       +/-  0.7694      |  1           | -0.1003      |  0.02785     | -0.04869     | -0.06912     | -nan         |  0.008313    | -nan         | -nan         |  0.01305     |  0.01323     |  0.4823      |  0.453       |
#   w_0[03000:07] = -1.573       +/-  0.6477      | -0.1003      |  1           | -0.9097      |  0.2343      | -0.08503     | -nan         |  0.05522     | -nan         | -nan         | -0.03401     |  0.005558    |  0.4436      |  0.4166      |
#   w_1[03000:08] = -0.8599      +/-  0.227       |  0.02785     | -0.9097      |  1           | -0.2051      | -0.121       | -nan         | -0.019       | -nan         | -nan         |  0.0182      | -0.02315     | -0.3387      | -0.3252      |
#   w_2[03000:09] = -1.33        +/-  0.3052      | -0.04869     |  0.2343      | -0.2051      |  1           | -0.3351      | -nan         |  0.08364     | -nan         | -nan         |  0.02822     |  0.0285      | -0.1116      | -0.08955     |
#   w_3[03000:10] = -0.07912     +/-  1.109       | -0.06912     | -0.08503     | -0.121       | -0.3351      |  1           | -nan         |  0.02035     | -nan         | -nan         | -0.03581     | -0.05372     |  0.1006      |  0.08285     |
#   w_4[03000:11] = -3.106       +/- -nan         | -nan         | -nan         | -nan         | -nan         | -nan         | -1           | -nan         |  0.1435      | -2.053       | -nan         | -nan         | -nan         | -nan         |
#   w_5[03000:12] = -6.699e-06   +/-  0.03272     |  0.008313    |  0.05522     | -0.019       |  0.08364     |  0.02035     | -nan         |  1           | -nan         | -nan         | -0.002515    | -0.001138    |  0.03982     |  0.03686     |
#   w_6[03000:13] = -9.528e-06   +/- -nan         | -nan         | -nan         | -nan         | -nan         | -nan         |  0.1435      | -nan         | -1           |  0.1114      | -nan         | -nan         | -nan         | -nan         |
#   w_7[03000:14] = -5           +/- -nan         | -nan         | -nan         | -nan         | -nan         | -nan         | -2.053       | -nan         |  0.1114      | -1           | -nan         | -nan         | -nan         | -nan         |
# alpha[14000:00] =  0.141       +/-  0.009319    |  0.01305     | -0.03401     |  0.0182      |  0.02822     | -0.03581     | -nan         | -0.002515    | -nan         | -nan         |  1           | -0.05145     |  0.04711     | -0.1382      |
#  beta[14000:01] =  3.093       +/-  0.1136      |  0.01323     |  0.005558    | -0.02315     |  0.0285      | -0.05372     | -nan         | -0.001138    | -nan         | -nan         | -0.05145     |  1           |  0.03723     |  0.01741     |
#    M1[14000:02] = -19.13       +/-  0.04137     |  0.4823      |  0.4436      | -0.3387      | -0.1116      |  0.1006      | -nan         |  0.03982     | -nan         | -nan         |  0.04711     |  0.03723     |  1           |  0.7122      |
#    M2[14000:03] = -19.2        +/-  0.04441     |  0.453       |  0.4166      | -0.3252      | -0.08955     |  0.08285     | -nan         |  0.03686     | -nan         | -nan         | -0.1382      |  0.01741     |  0.7122      |  1           |
#                                                 ----------------------------------------------------------------------------------------------------------------------------------------------------------------------------------------------------
