#----------------------------------------------------------------------------------
# Model[03000]:
#   - NcHICosmo : XCDM - Constant EOS
#----------------------------------------------------------------------------------
# Model parameters
#   -            H0[00]:  70                  [FIXED]
#   -        Omegac[01]:  0.25                [FIXED]
#   -        Omegak[02]:  0                   [FIXED]
#   -       Tgamma0[03]:  2.7245              [FIXED]
#   -            Yp[04]:  0.24                [FIXED]
#   -          ENnu[05]:  3.046               [FIXED]
#   -        Omegab[06]:  0.05                [FIXED]
#   -           w_0[07]: -1                   [FIXED]
#   -           w_1[08]: -1                   [FIXED]
#   -           w_2[09]: -1                   [FIXED]
#   -           w_3[10]: -1                   [FIXED]
#   -           w_4[11]: -1                   [FIXED]
#----------------------------------------------------------------------------------
# Model[14000]:
#   - NcSNIADistCov : Supernovae Ia Distance Covariance
#----------------------------------------------------------------------------------
# Model parameters
#   -         alpha[00]:  0.145               [FIXED]
#   -          beta[01]:  3.16                [FIXED]
#   -            M1[02]: -19                  [FIXED]
#   -            M2[03]: -19.2                [FIXED]
#   -  lnsigma_pecz[04]: -7.60021041          [FIXED]
#   -  lnsigma_lens[05]: -2.90042209374967    [FIXED]
#   - lnsigma_int_0[06]: -2.52572864430826    [FIXED]
#   - lnsigma_int_1[07]: -2.22562405185792    [FIXED]
#   - lnsigma_int_2[08]: -2.00991547903123    [FIXED]
#   - lnsigma_int_3[09]: -2.30258509299405    [FIXED]
#----------------------------------------------------------------------------------
# Model fitting. Interating using:
#  - solver:            NLOpt:ln-neldermead
#  - differentiation:   Numerical differentiantion (forward)
#......................................................................................
#  Minimum found with precision: |df|/f =  1.00000e-08 and |dx| =  1.00000e-05
#  Elapsed time: 00 days, 00:01:47.8298160
#  iteration            [000773]
#  function evaluations [000775]
#  gradient evaluations [000000]
#  degrees of freedom   [000759]
#  m2lnL     =     704.819788109056 (     682.62566     0.3008565   0.064862099   0.089276101     1.2953477     6.4961418     8.7617029     4.5056952    0.68024727 )
#  Fit parameters:
#     67.6829928404373    -0.913381453761781   -1.01377817755496    -0.9074954578877     -0.928346108361707   -0.970204699047153    0.141075110908241    3.09978189201235    -19.1140386801072    -19.1843982671659    
#----------------------------------------------------------------------------------
# Restarting:              yes
#  - absolute improvement: 49.6336075716897      
#  - relative improvement: 0.0657875063666525    
#  - m2lnL_0  :            754.453395680746      
#  - m2lnL_1  :            704.819788109056      
#----------------------------------------------------------------------------------
# Model fitting. Interating using:
#  - solver:            NLOpt:ln-neldermead
#  - differentiation:   Numerical differentiantion (forward)
#...............................................................................................................................
#  Minimum found with precision: |df|/f =  1.00000e-08 and |dx| =  1.00000e-05
#  Elapsed time: 00 days, 00:03:29.4917170
#  iteration            [001188]
#  function evaluations [001190]
#  gradient evaluations [000000]
#  degrees of freedom   [000759]
#  m2lnL     =     704.770719475887 (     682.60456    0.24858232   0.037719783    0.10199936     1.3031036     6.4946711     8.7918691     4.5060025    0.68221118 )
#  Fit parameters:
#     67.6836853104386    -0.967647594835284   -0.999215597901203   -0.913533463344024   -0.410071080417886   -1.40227075442941     0.141175061837001    3.09991752618214    -19.1170941201197    -19.1872893383433    
#----------------------------------------------------------------------------------
# Restarting:              yes
#  - absolute improvement: 0.0490686331692132    
#  - relative improvement: 6.96186940222808e-05  
#  - m2lnL_1  :            704.819788109056      
#  - m2lnL_2  :            704.770719475887      
#----------------------------------------------------------------------------------
# Model fitting. Interating using:
#  - solver:            NLOpt:ln-neldermead
#  - differentiation:   Numerical differentiantion (forward)
#.............................
#  Minimum found with precision: |df|/f =  1.00000e-08 and |dx| =  1.00000e-05
#  Elapsed time: 00 days, 00:00:24.9313860
#  iteration            [000202]
#  function evaluations [000204]
#  gradient evaluations [000000]
#  degrees of freedom   [000759]
#  m2lnL     =      704.77071135961 (      682.6047    0.24855111   0.037535701    0.10154204     1.3030992     6.4924454     8.7917209     4.5058707    0.68524384 )
#  Fit parameters:
#     67.6847333886513    -0.967711915760707   -0.999300204184963   -0.913527485916857   -0.409869154808574   -1.39729927661726     0.141160302893271    3.09980357137534    -19.1170780382347    -19.1872595060951    
#----------------------------------------------------------------------------------
# Restarting:              no
#  - absolute improvement: 8.11627683106053e-06  
#  - relative improvement: 1.15161947095309e-08  
#  - m2lnL_2  :            704.770719475887      
#  - m2lnL_3  :            704.77071135961       
#----------------------------------------------------------------------------------
# Data used:
#   - JLA SNLS3+SDSS Betoule 2014 sys and stat (complete cov)
#   - 6dFGRS -- Beutler (2011), BAO Sample R-Dv
#   - SDSS-DR7-rec -- Padmanabhan (2012), BAO Sample R-Dv
#   - SDSS-DR9-rec -- Anderson (2012), BAO Sample R-Dv
#   - WiggleZ -- Blake (2012), BAO Sample R-Dv
#   - Riess 2008 HST Project sample
#   - Stern 2009 H(z) sample
#   - Moresco 2012 H(z) BC03 sample
#   - WMAP9 distance priors
#----------------------------------------------------------------------------------
# Model[03000]:
#   - NcHICosmo : XCDM - Constant EOS
#----------------------------------------------------------------------------------
# Model parameters
#   -            H0[00]:  67.6847333886513    [FREE]
#   -        Omegac[01]:  0.25                [FIXED]
#   -        Omegak[02]:  0                   [FIXED]
#   -       Tgamma0[03]:  2.7245              [FIXED]
#   -            Yp[04]:  0.24                [FIXED]
#   -          ENnu[05]:  3.046               [FIXED]
#   -        Omegab[06]:  0.05                [FIXED]
#   -           w_0[07]: -0.967711915760707   [FREE]
#   -           w_1[08]: -0.999300204184963   [FREE]
#   -           w_2[09]: -0.913527485916857   [FREE]
#   -           w_3[10]: -0.409869154808574   [FREE]
#   -           w_4[11]: -1.39729927661726    [FREE]
#----------------------------------------------------------------------------------
# Model[14000]:
#   - NcSNIADistCov : Supernovae Ia Distance Covariance
#----------------------------------------------------------------------------------
# Model parameters
#   -         alpha[00]:  0.141160302893271   [FREE]
#   -          beta[01]:  3.09980357137534    [FREE]
#   -            M1[02]: -19.1170780382347    [FREE]
#   -            M2[03]: -19.1872595060951    [FREE]
#   -  lnsigma_pecz[04]: -7.60021041          [FIXED]
#   -  lnsigma_lens[05]: -2.90042209374967    [FIXED]
#   - lnsigma_int_0[06]: -2.52572864430826    [FIXED]
#   - lnsigma_int_1[07]: -2.22562405185792    [FIXED]
#   - lnsigma_int_2[08]: -2.00991547903123    [FIXED]
#   - lnsigma_int_3[09]: -2.30258509299405    [FIXED]
#----------------------------------------------------------------------------------
# NcmMSet parameters covariance matrix
#                                                 -------------------------------------------------------------------------------------------------------------------------------------------------------
#    H0[03000:00] =  67.68       +/-  0.7659      |  1           | -0.06242     | -0.1719      | -0.1144      |  0.05332     | -nan         |  0.007536    |  0.01258     |  0.6072      |  0.5588      |
#   w_0[03000:07] = -0.9677      +/-  0.08551     | -0.06242     |  1           |  0.788       | -0.954       |  0.7569      | -nan         | -0.04557     | -0.05237     |  0.3607      |  0.3099      |
#   w_1[03000:08] = -0.9993      +/-  0.07732     | -0.1719      |  0.788       |  1           | -0.07787     |  0.03884     | -nan         | -0.04941     | -0.0717      |  0.303       |  0.2563      |
#   w_2[03000:09] = -0.9135      +/-  0.4178      | -0.1144      | -0.954       | -0.07787     |  1           | -0.9764      | -nan         |  0.01942     |  0.01054     | -0.2737      | -0.2421      |
#   w_3[03000:10] = -0.4099      +/-  4.141       |  0.05332     |  0.7569      |  0.03884     | -0.9764      |  1           | -nan         | -0.01386     | -0.004494    |  0.1825      |  0.1608      |
#   w_4[03000:11] = -1.397       +/- -nan         | -nan         | -nan         | -nan         | -nan         | -nan         | -1           | -nan         | -nan         | -nan         | -nan         |
# alpha[14000:00] =  0.1412      +/-  0.009309    |  0.007536    | -0.04557     | -0.04941     |  0.01942     | -0.01386     | -nan         |  1           | -0.0549      |  0.07839     | -0.1301      |
#  beta[14000:01] =  3.1         +/-  0.1136      |  0.01258     | -0.05237     | -0.0717      |  0.01054     | -0.004494    | -nan         | -0.0549      |  1           |  0.05298     |  0.02838     |
#    M1[14000:02] = -19.12       +/-  0.03683     |  0.6072      |  0.3607      |  0.303       | -0.2737      |  0.1825      | -nan         |  0.07839     |  0.05298     |  1           |  0.6438      |
#    M2[14000:03] = -19.19       +/-  0.04025     |  0.5588      |  0.3099      |  0.2563      | -0.2421      |  0.1608      | -nan         | -0.1301      |  0.02838     |  0.6438      |  1           |
#                                                 -------------------------------------------------------------------------------------------------------------------------------------------------------
