#----------------------------------------------------------------------------------
# Model[03000]:
#   - NcHICosmo : XCDM - Constant EOS
#----------------------------------------------------------------------------------
# Model parameters
#   -            H0[00]:  70                  [FIXED]
#   -        Omegac[01]:  0.25                [FIXED]
#   -        Omegak[02]:  0                   [FIXED]
#   -       Tgamma0[03]:  2.7245              [FIXED]
#   -            Yp[04]:  0.24                [FIXED]
#   -          ENnu[05]:  3.046               [FIXED]
#   -        Omegab[06]:  0.05                [FIXED]
#   -           w_0[07]: -1                   [FIXED]
#   -           w_1[08]: -1                   [FIXED]
#   -           w_2[09]: -1                   [FIXED]
#   -           w_3[10]: -1                   [FIXED]
#----------------------------------------------------------------------------------
# Model[14000]:
#   - NcSNIADistCov : Supernovae Ia Distance Covariance
#----------------------------------------------------------------------------------
# Model parameters
#   -         alpha[00]:  0.145               [FIXED]
#   -          beta[01]:  3.16                [FIXED]
#   -            M1[02]: -19                  [FIXED]
#   -            M2[03]: -19.2                [FIXED]
#   -  lnsigma_pecz[04]: -7.60021041          [FIXED]
#   -  lnsigma_lens[05]: -2.90042209374967    [FIXED]
#   - lnsigma_int_0[06]: -2.52572864430826    [FIXED]
#   - lnsigma_int_1[07]: -2.22562405185792    [FIXED]
#   - lnsigma_int_2[08]: -2.00991547903123    [FIXED]
#   - lnsigma_int_3[09]: -2.30258509299405    [FIXED]
#----------------------------------------------------------------------------------
# Model fitting. Interating using:
#  - solver:            NLOpt:ln-neldermead
#  - differentiation:   Numerical differentiantion (forward)
#........................................................................................................................................................................................................................................................
#  Minimum found with precision: |df|/f =  1.00000e-08 and |dx| =  1.00000e-05
#  Elapsed time: 00 days, 00:04:53.1135970
#  iteration            [002396]
#  function evaluations [002398]
#  gradient evaluations [000000]
#  degrees of freedom   [000760]
#  m2lnL     =     701.553890190229 (     682.71794   0.040118571   0.078906848    0.02731263     1.3214398     3.8278961     8.0056568      4.479881     1.0547378 )
#  Fit parameters:
#     69.1043976675881    -0.940993492568126   -0.955199741768564   -0.805243080149756   -0.865801190883094    0.140931557095784    3.09574342608679    -19.0641517247565    -19.1347771135651    
#----------------------------------------------------------------------------------
# Restarting:              yes
#  - absolute improvement: 52.8995054905168      
#  - relative improvement: 0.0701163329549142    
#  - m2lnL_0  :            754.453395680746      
#  - m2lnL_1  :            701.553890190229      
#----------------------------------------------------------------------------------
# Model fitting. Interating using:
#  - solver:            NLOpt:ln-neldermead
#  - differentiation:   Numerical differentiantion (forward)
#...................................................
#  Minimum found with precision: |df|/f =  1.00000e-08 and |dx| =  1.00000e-05
#  Elapsed time: 00 days, 00:00:57.2878340
#  iteration            [000421]
#  function evaluations [000423]
#  gradient evaluations [000000]
#  degrees of freedom   [000760]
#  m2lnL     =     701.542192683189 (     682.64487   0.039217772   0.096098325   0.050871247     1.3254603     3.8412123     8.0209733     4.4714856     1.0519999 )
#  Fit parameters:
#     69.096237365855     -0.940666365698064   -0.960142128551568   -0.820878376432098   -0.932407437343003    0.140946568536435    3.09601597771331    -19.0649902368383    -19.135599219908     
#----------------------------------------------------------------------------------
# Restarting:              yes
#  - absolute improvement: 0.0116975070400258    
#  - relative improvement: 1.66737113193884e-05  
#  - m2lnL_1  :            701.553890190229      
#  - m2lnL_2  :            701.542192683189      
#----------------------------------------------------------------------------------
# Model fitting. Interating using:
#  - solver:            NLOpt:ln-neldermead
#  - differentiation:   Numerical differentiantion (forward)
#....................................................
#  Minimum found with precision: |df|/f =  1.00000e-08 and |dx| =  1.00000e-05
#  Elapsed time: 00 days, 00:01:11.8492180
#  iteration            [000437]
#  function evaluations [000439]
#  gradient evaluations [000000]
#  degrees of freedom   [000760]
#  m2lnL     =      701.54062835547 (     682.66736   0.039503434   0.089287078   0.042469678     1.3232788     3.8310005     8.0126102     4.4799052      1.055215 )
#  Fit parameters:
#     69.1024939649388    -0.939325754672368   -0.958224610334348   -0.81836677236497    -0.918919003664292    0.140923862730091    3.09587509122325    -19.0644340404933    -19.1350510729637    
#----------------------------------------------------------------------------------
# Restarting:              yes
#  - absolute improvement: 0.00156432771939308   
#  - relative improvement: 2.22984124933383e-06  
#  - m2lnL_2  :            701.542192683189      
#  - m2lnL_3  :            701.54062835547       
#----------------------------------------------------------------------------------
# Model fitting. Interating using:
#  - solver:            NLOpt:ln-neldermead
#  - differentiation:   Numerical differentiantion (forward)
#....................................................
#  Minimum found with precision: |df|/f =  1.00000e-08 and |dx| =  1.00000e-05
#  Elapsed time: 00 days, 00:00:54.5398570
#  iteration            [000430]
#  function evaluations [000432]
#  gradient evaluations [000000]
#  degrees of freedom   [000760]
#  m2lnL     =     701.539546503275 (     682.68277   0.038919034   0.086742995   0.039415685     1.3220977      3.817068     8.0044392      4.491048     1.0570482 )
#  Fit parameters:
#     69.1110436468204    -0.937304070614147   -0.956705956709158   -0.818563124411405   -0.917751200931484    0.140922233728214    3.09576835825356    -19.0637859460412    -19.1344167984372    
#----------------------------------------------------------------------------------
# Restarting:              yes
#  - absolute improvement: 0.00108185219482948   
#  - relative improvement: 1.54210911115088e-06  
#  - m2lnL_3  :            701.54062835547       
#  - m2lnL_4  :            701.539546503275      
#----------------------------------------------------------------------------------
# Model fitting. Interating using:
#  - solver:            NLOpt:ln-neldermead
#  - differentiation:   Numerical differentiantion (forward)
#..........................................................
#  Minimum found with precision: |df|/f =  1.00000e-08 and |dx| =  1.00000e-05
#  Elapsed time: 00 days, 00:00:52.5010960
#  iteration            [000499]
#  function evaluations [000501]
#  gradient evaluations [000000]
#  degrees of freedom   [000760]
#  m2lnL     =      701.53308672056 (     682.62467   0.040268416   0.092529042   0.054180584     1.3229564     3.8382146      8.017954     4.4872326     1.0550817 )
#  Fit parameters:
#     69.0980731376008    -0.935715291838913   -0.96039307425678    -0.834007261146865   -0.973199251498059    0.140937049548856    3.09597172152751    -19.0645556878691    -19.1351464223556    
#----------------------------------------------------------------------------------
# Restarting:              yes
#  - absolute improvement: 0.00645978271541026   
#  - relative improvement: 9.20800936683916e-06  
#  - m2lnL_4  :            701.539546503275      
#  - m2lnL_5  :            701.53308672056       
#----------------------------------------------------------------------------------
# Model fitting. Interating using:
#  - solver:            NLOpt:ln-neldermead
#  - differentiation:   Numerical differentiantion (forward)
#..............................................................
#  Minimum found with precision: |df|/f =  1.00000e-08 and |dx| =  1.00000e-05
#  Elapsed time: 00 days, 00:00:56.2469880
#  iteration            [000532]
#  function evaluations [000534]
#  gradient evaluations [000000]
#  degrees of freedom   [000760]
#  m2lnL     =     701.530848983157 (     682.65212   0.040456633   0.084996652   0.044241295     1.3203798     3.8280451     8.0077295     4.4970601     1.0558199 )
#  Fit parameters:
#     69.1043062782098    -0.934056407505149   -0.958066438918079   -0.830976914272594   -0.957897146540272    0.140921216322167    3.09579681758614    -19.0639412718296    -19.1345584953663    
#----------------------------------------------------------------------------------
# Restarting:              yes
#  - absolute improvement: 0.00223773740299293   
#  - relative improvement: 3.18978170146419e-06  
#  - m2lnL_5  :            701.53308672056       
#  - m2lnL_6  :            701.530848983157      
#----------------------------------------------------------------------------------
# Model fitting. Interating using:
#  - solver:            NLOpt:ln-neldermead
#  - differentiation:   Numerical differentiantion (forward)
#....................................
#  Minimum found with precision: |df|/f =  1.00000e-08 and |dx| =  1.00000e-05
#  Elapsed time: 00 days, 00:00:23.1273230
#  iteration            [000272]
#  function evaluations [000274]
#  gradient evaluations [000000]
#  degrees of freedom   [000760]
#  m2lnL     =     701.530848983157 (     682.65212   0.040456633   0.084996652   0.044241295     1.3203798     3.8280451     8.0077295     4.4970601     1.0558199 )
#  Fit parameters:
#     69.1043062782098    -0.934056407505149   -0.958066438918079   -0.830976914272594   -0.957897146540272    0.140921216322167    3.09579681758614    -19.0639412718296    -19.1345584953663    
#----------------------------------------------------------------------------------
# Restarting:              no
#  - absolute improvement: 0                     
#  - relative improvement: 0                     
#  - m2lnL_6  :            701.530848983157      
#  - m2lnL_7  :            701.530848983157      
#----------------------------------------------------------------------------------
# Data used:
#   - JLA SNLS3+SDSS Betoule 2014 sys and stat (complete cov)
#   - 6dFGRS -- Beutler (2011), BAO Sample R-Dv
#   - SDSS-DR7-rec -- Padmanabhan (2012), BAO Sample R-Dv
#   - SDSS-DR9-rec -- Anderson (2012), BAO Sample R-Dv
#   - WiggleZ -- Blake (2012), BAO Sample R-Dv
#   - Riess 2008 HST Project sample
#   - Stern 2009 H(z) sample
#   - Moresco 2012 H(z) BC03 sample
#   - WMAP9 distance priors
#----------------------------------------------------------------------------------
# Model[03000]:
#   - NcHICosmo : XCDM - Constant EOS
#----------------------------------------------------------------------------------
# Model parameters
#   -            H0[00]:  69.1043062782098    [FREE]
#   -        Omegac[01]:  0.25                [FIXED]
#   -        Omegak[02]:  0                   [FIXED]
#   -       Tgamma0[03]:  2.7245              [FIXED]
#   -            Yp[04]:  0.24                [FIXED]
#   -          ENnu[05]:  3.046               [FIXED]
#   -        Omegab[06]:  0.05                [FIXED]
#   -           w_0[07]: -0.934056407505149   [FREE]
#   -           w_1[08]: -0.958066438918079   [FREE]
#   -           w_2[09]: -0.830976914272594   [FREE]
#   -           w_3[10]: -0.957897146540272   [FREE]
#----------------------------------------------------------------------------------
# Model[14000]:
#   - NcSNIADistCov : Supernovae Ia Distance Covariance
#----------------------------------------------------------------------------------
# Model parameters
#   -         alpha[00]:  0.140921216322167   [FREE]
#   -          beta[01]:  3.09579681758614    [FREE]
#   -            M1[02]: -19.0639412718296    [FREE]
#   -            M2[03]: -19.1345584953663    [FREE]
#   -  lnsigma_pecz[04]: -7.60021041          [FIXED]
#   -  lnsigma_lens[05]: -2.90042209374967    [FIXED]
#   - lnsigma_int_0[06]: -2.52572864430826    [FIXED]
#   - lnsigma_int_1[07]: -2.22562405185792    [FIXED]
#   - lnsigma_int_2[08]: -2.00991547903123    [FIXED]
#   - lnsigma_int_3[09]: -2.30258509299405    [FIXED]
#----------------------------------------------------------------------------------
# NcmMSet parameters covariance matrix
#                                                 ----------------------------------------------------------------------------------------------------------------------------------------
#    H0[03000:00] =  69.1        +/-  0.9692      |  1           |  0.1398      |  0.1852      | -0.05228     | -0.05112     | -0.01291     | -0.01524     |  0.8191      |  0.7899      |
#   w_0[03000:07] = -0.9341      +/-  0.1518      |  0.1398      |  1           |  0.2799      | -0.9146      | -0.8622      | -0.05918     | -0.05247     |  0.4647      |  0.4346      |
#   w_1[03000:08] = -0.9581      +/-  0.04983     |  0.1852      |  0.2799      |  1           |  0.1311      |  0.2364      | -0.04574     | -0.06424     |  0.3869      |  0.3614      |
#   w_2[03000:09] = -0.831       +/-  0.367       | -0.05228     | -0.9146      |  0.1311      |  1           |  0.9867      |  0.04187     |  0.02717     | -0.3065      | -0.2866      |
#   w_3[03000:10] = -0.9579      +/-  1.146       | -0.05112     | -0.8622      |  0.2364      |  0.9867      |  1           |  0.03591     |  0.01956     | -0.2722      | -0.255       |
# alpha[14000:00] =  0.1409      +/-  0.006585    | -0.01291     | -0.05918     | -0.04574     |  0.04187     |  0.03591     |  1           | -0.05301     |  0.02493     | -0.1114      |
#  beta[14000:01] =  3.096       +/-  0.08033     | -0.01524     | -0.05247     | -0.06424     |  0.02717     |  0.01956     | -0.05301     |  1           |  0.006718    | -0.006708    |
#    M1[14000:02] = -19.06       +/-  0.04087     |  0.8191      |  0.4647      |  0.3869      | -0.3065      | -0.2722      |  0.02493     |  0.006718    |  1           |  0.8458      |
#    M2[14000:03] = -19.13       +/-  0.04219     |  0.7899      |  0.4346      |  0.3614      | -0.2866      | -0.255       | -0.1114      | -0.006708    |  0.8458      |  1           |
#                                                 ----------------------------------------------------------------------------------------------------------------------------------------
