#----------------------------------------------------------------------------------
# Model[03000]:
#   - NcHICosmo : XCDM - Constant EOS
#----------------------------------------------------------------------------------
# Model parameters
#   -            H0[00]:  70                  [FIXED]
#   -        Omegac[01]:  0.25                [FIXED]
#   -        Omegak[02]:  0                   [FIXED]
#   -       Tgamma0[03]:  2.7245              [FIXED]
#   -            Yp[04]:  0.24                [FIXED]
#   -          ENnu[05]:  3.046               [FIXED]
#   -        Omegab[06]:  0.05                [FIXED]
#   -           w_0[07]: -1                   [FIXED]
#   -           w_1[08]: -1                   [FIXED]
#   -           w_2[09]: -1                   [FIXED]
#   -           w_3[10]: -1                   [FIXED]
#   -           w_4[11]: -1                   [FIXED]
#   -           w_5[12]: -1                   [FIXED]
#   -           w_6[13]: -1                   [FIXED]
#   -           w_7[14]: -1                   [FIXED]
#   -           w_8[15]: -1                   [FIXED]
#   -           w_9[16]: -1                   [FIXED]
#----------------------------------------------------------------------------------
# Model[14000]:
#   - NcSNIADistCov : Supernovae Ia Distance Covariance
#----------------------------------------------------------------------------------
# Model parameters
#   -         alpha[00]:  0.145               [FIXED]
#   -          beta[01]:  3.16                [FIXED]
#   -            M1[02]: -19                  [FIXED]
#   -            M2[03]: -19.2                [FIXED]
#   -  lnsigma_pecz[04]: -7.60021041          [FIXED]
#   -  lnsigma_lens[05]: -2.90042209374967    [FIXED]
#   - lnsigma_int_0[06]: -2.52572864430826    [FIXED]
#   - lnsigma_int_1[07]: -2.22562405185792    [FIXED]
#   - lnsigma_int_2[08]: -2.00991547903123    [FIXED]
#   - lnsigma_int_3[09]: -2.30258509299405    [FIXED]
#----------------------------------------------------------------------------------
# Model fitting. Interating using:
#  - solver:            NLOpt:ln-neldermead
#  - differentiation:   Numerical differentiantion (forward)
#.......................................................................................................................................................................................................................................................................................................................
#  Minimum found with precision: |df|/f =  1.00000e-08 and |dx| =  1.00000e-05
#  Elapsed time: 00 days, 00:12:30.9852730
#  iteration            [003023]
#  function evaluations [003025]
#  gradient evaluations [000000]
#  degrees of freedom   [000754]
#  m2lnL     =      702.74919569815 (     681.65447   0.078813069   0.011533476   0.042979983     1.5138311     6.5067501     8.5307097     3.7403036    0.66980218 )
#  Fit parameters:
#     67.6780002655043    -1.62243785351488    -0.894329051259172   -1.27452232848712    -0.848519800445475   -0.300141120380986   -1.61529931415167    -1.64254344524742    -0.932291540755398   -1.16744190102735    -1.29993562234352     0.141044620301553    3.0919756824681     -19.1289993466374    -19.1998623172051    
#----------------------------------------------------------------------------------
# Restarting:              yes
#  - absolute improvement: 51.7041999825958      
#  - relative improvement: 0.0685319998274286    
#  - m2lnL_0  :            754.453395680746      
#  - m2lnL_1  :            702.74919569815       
#----------------------------------------------------------------------------------
# Model fitting. Interating using:
#  - solver:            NLOpt:ln-neldermead
#  - differentiation:   Numerical differentiantion (forward)
#..................................................................................................................................................................................................................................................................................................
#  Minimum found with precision: |df|/f =  1.00000e-08 and |dx| =  1.00000e-05
#  Elapsed time: 00 days, 00:09:41.4760830
#  iteration            [002816]
#  function evaluations [002818]
#  gradient evaluations [000000]
#  degrees of freedom   [000754]
#  m2lnL     =     701.689766448866 (     681.73785   0.003857244   0.030363426    0.37446041     1.5364266      5.223422     8.4109983     3.7496338    0.62275581 )
#  Fit parameters:
#     68.314846328167     -1.72147891298106    -0.836868077709813   -1.2629649828669     -0.925339981730476   -0.319941964563287   -1.26243290507243    -0.0013673037968679  -2.24090660045696    -0.0550005674969827  -1.49614433527459     0.140830377070761    3.08878395409071    -19.1092517337798    -19.1790224550339    
#----------------------------------------------------------------------------------
# Restarting:              yes
#  - absolute improvement: 1.05942924928422      
#  - relative improvement: 0.00150754957212256   
#  - m2lnL_1  :            702.74919569815       
#  - m2lnL_2  :            701.689766448866      
#----------------------------------------------------------------------------------
# Model fitting. Interating using:
#  - solver:            NLOpt:ln-neldermead
#  - differentiation:   Numerical differentiantion (forward)
#.............................................................................................................................................................................................................................................................................................................................................................................................................
#  Minimum found with precision: |df|/f =  1.00000e-08 and |dx| =  1.00000e-05
#  Elapsed time: 00 days, 00:10:10.2698830
#  iteration            [003888]
#  function evaluations [003890]
#  gradient evaluations [000000]
#  degrees of freedom   [000754]
#  m2lnL     =     700.664195278753 (     681.59148  0.0078578033   0.029455063    0.19420457     1.3352095     3.8334004      8.167893     4.4189458     1.0857538 )
#  Fit parameters:
#     69.1010228666695    -1.33489316684132    -0.852232151686153   -1.05910514663939    -1.12935724163428    -0.741316552534652   -0.285824981205689   -0.0130077452382476  -3.07474809033409    -0.487679966747802   -5.0500798892486e-05  0.141007036405769    3.09469317030493    -19.0747666232033    -19.1455904258923    
#----------------------------------------------------------------------------------
# Restarting:              yes
#  - absolute improvement: 1.02557117011281      
#  - relative improvement: 0.00146157350320649   
#  - m2lnL_2  :            701.689766448866      
#  - m2lnL_3  :            700.664195278753      
#----------------------------------------------------------------------------------
# Model fitting. Interating using:
#  - solver:            NLOpt:ln-neldermead
#  - differentiation:   Numerical differentiantion (forward)
#..........................................................................................
#  Minimum found with precision: |df|/f =  1.00000e-08 and |dx| =  1.00000e-05
#  Elapsed time: 00 days, 00:01:29.9637990
#  iteration            [000811]
#  function evaluations [000813]
#  gradient evaluations [000000]
#  degrees of freedom   [000754]
#  m2lnL     =     700.660398517592 (     681.57402  0.0082742438   0.034245395    0.19972488     1.3446686     3.8403419     8.1527761     4.4287617     1.0775862 )
#  Fit parameters:
#     69.0967703530266    -1.34231691397236    -0.858009593863574   -1.07124489539245    -1.10351602133274    -0.772201642099497   -0.276411969336       0                   -3.05575860860774    -0.485500952829031   -0.0013607344358115   0.141003504868138    3.09414094762998    -19.0748849921117    -19.1457637272201    
#----------------------------------------------------------------------------------
# Restarting:              yes
#  - absolute improvement: 0.00379676116119754   
#  - relative improvement: 5.41880288272334e-06  
#  - m2lnL_3  :            700.664195278753      
#  - m2lnL_4  :            700.660398517592      
#----------------------------------------------------------------------------------
# Model fitting. Interating using:
#  - solver:            NLOpt:ln-neldermead
#  - differentiation:   Numerical differentiantion (forward)
#..................................................
#  Minimum found with precision: |df|/f =  1.00000e-08 and |dx| =  1.00000e-05
#  Elapsed time: 00 days, 00:00:45.6505300
#  iteration            [000410]
#  function evaluations [000412]
#  gradient evaluations [000000]
#  degrees of freedom   [000754]
#  m2lnL     =     700.660107114985 (     681.58511  0.0085253887   0.034305132    0.19435083     1.3437519     3.8382946     8.1507122     4.4281066     1.0769471 )
#  Fit parameters:
#     69.0980241424864    -1.33790495854533    -0.859024643451889   -1.06966870353817    -1.10066049773281    -0.774027144065097   -0.277579967352967   -0.000138259617825614 -3.05108233088522    -0.48503018874971    -2.34595225917672e-05  0.141007471248399    3.09405689185682    -19.0747307844614    -19.1456189608965    
#----------------------------------------------------------------------------------
# Restarting:              no
#  - absolute improvement: 0.000291402606990232  
#  - relative improvement: 4.15897070259374e-07  
#  - m2lnL_4  :            700.660398517592      
#  - m2lnL_5  :            700.660107114985      
#----------------------------------------------------------------------------------
# Data used:
#   - JLA SNLS3+SDSS Betoule 2014 sys and stat (complete cov)
#   - 6dFGRS -- Beutler (2011), BAO Sample R-Dv
#   - SDSS-DR7-rec -- Padmanabhan (2012), BAO Sample R-Dv
#   - SDSS-DR9-rec -- Anderson (2012), BAO Sample R-Dv
#   - WiggleZ -- Blake (2012), BAO Sample R-Dv
#   - Riess 2008 HST Project sample
#   - Stern 2009 H(z) sample
#   - Moresco 2012 H(z) BC03 sample
#   - WMAP9 distance priors
#----------------------------------------------------------------------------------
# Model[03000]:
#   - NcHICosmo : XCDM - Constant EOS
#----------------------------------------------------------------------------------
# Model parameters
#   -            H0[00]:  69.0980241424864    [FREE]
#   -        Omegac[01]:  0.25                [FIXED]
#   -        Omegak[02]:  0                   [FIXED]
#   -       Tgamma0[03]:  2.7245              [FIXED]
#   -            Yp[04]:  0.24                [FIXED]
#   -          ENnu[05]:  3.046               [FIXED]
#   -        Omegab[06]:  0.05                [FIXED]
#   -           w_0[07]: -1.33790495854533    [FREE]
#   -           w_1[08]: -0.859024643451889   [FREE]
#   -           w_2[09]: -1.06966870353817    [FREE]
#   -           w_3[10]: -1.10066049773281    [FREE]
#   -           w_4[11]: -0.774027144065097   [FREE]
#   -           w_5[12]: -0.277579967352967   [FREE]
#   -           w_6[13]: -0.000138259617825614 [FREE]
#   -           w_7[14]: -3.05108233088522    [FREE]
#   -           w_8[15]: -0.48503018874971    [FREE]
#   -           w_9[16]: -2.34595225917672e-05 [FREE]
#----------------------------------------------------------------------------------
# Model[14000]:
#   - NcSNIADistCov : Supernovae Ia Distance Covariance
#----------------------------------------------------------------------------------
# Model parameters
#   -         alpha[00]:  0.141007471248399   [FREE]
#   -          beta[01]:  3.09405689185682    [FREE]
#   -            M1[02]: -19.0747307844614    [FREE]
#   -            M2[03]: -19.1456189608965    [FREE]
#   -  lnsigma_pecz[04]: -7.60021041          [FIXED]
#   -  lnsigma_lens[05]: -2.90042209374967    [FIXED]
#   - lnsigma_int_0[06]: -2.52572864430826    [FIXED]
#   - lnsigma_int_1[07]: -2.22562405185792    [FIXED]
#   - lnsigma_int_2[08]: -2.00991547903123    [FIXED]
#   - lnsigma_int_3[09]: -2.30258509299405    [FIXED]
#----------------------------------------------------------------------------------
# NcmMSet parameters covariance matrix
#                                                 ----------------------------------------------------------------------------------------------------------------------------------------------------------------------------------------------------------------------------------
#    H0[03000:00] =  69.1        +/-  1.608       |  1           |  0.2732      |  0.1032      |  0.3561      | -0.27        | -0.2647      |  0.4988      | -0.03338     | -0.4965      |  0.4944      |  0.03325     |  0.0009142   |  0.02561     |  0.8315      |  0.8097      |
#   w_0[03000:07] = -1.338       +/-  0.9483      |  0.2732      |  1           | -0.417       |  0.6113      | -0.4601      |  0.0801      |  0.1084      |  0.08362     | -0.01464     |  0.01138     | -0.08362     | -0.01259     |  0.07134     |  0.5557      |  0.5457      |
#   w_1[03000:08] = -0.859       +/-  0.2312      |  0.1032      | -0.417       |  1           |  0.3073      | -0.4587      |  0.1319      |  0.05256     | -0.04107     |  0.06398     | -0.09444     |  0.04107     |  0.02188     |  0.006252    | -0.08119     | -0.0834      |
#   w_2[03000:09] = -1.07        +/-  0.5144      |  0.3561      |  0.6113      |  0.3073      |  1           | -0.647       |  0.03143     |  0.2013      |  0.02838     | -0.06241     |  0.04867     | -0.0284      |  0.0302      |  0.09489     |  0.3791      |  0.3765      |
#   w_3[03000:10] = -1.101       +/-  0.8127      | -0.27        | -0.4601      | -0.4587      | -0.647       |  1           | -0.2703      | -0.1954      | -0.05553     | -0.1046      |  0.1439      |  0.05553     | -0.02084     | -0.09158     | -0.3003      | -0.2954      |
#   w_4[03000:11] = -0.774       +/-  1.26        | -0.2647      |  0.0801      |  0.1319      |  0.03143     | -0.2703      |  1           | -0.8566      |  0.1183      |  0.9152      | -0.9863      | -0.1181      |  0.002544    |  0.02407     | -0.1861      | -0.1807      |
#   w_5[03000:12] = -0.2776      +/-  1.369       |  0.4988      |  0.1084      |  0.05256     |  0.2013      | -0.1954      | -0.8566      |  1           | -0.1295      | -0.921       |  0.9541      |  0.1271      |  0.006899    |  0.01757     |  0.3945      |  0.385       |
#   w_6[03000:13] = -0.0001383   +/-  0.08268     | -0.03338     |  0.08362     | -0.04107     |  0.02838     | -0.05553     |  0.1183      | -0.1295      |  1           |  0.3173      |  0.09439     | -1           | -0.0007118   |  0.008024    |  0.001371    |  0.001906    |
#   w_7[03000:14] = -3.051       +/-  1.319       | -0.4965      | -0.01464     |  0.06398     | -0.06241     | -0.1046      |  0.9152      | -0.921       |  0.3173      |  1           | -0.99        | -0.1415      |  0.00319     |  0.01235     | -0.3924      | -0.3812      |
#   w_8[03000:15] = -0.485       +/-  0.1519      |  0.4944      |  0.01138     | -0.09444     |  0.04867     |  0.1439      | -0.9863      |  0.9541      |  0.09439     | -0.99        |  1           |  0.1114      | -0.004101    | -0.01535     |  0.3925      |  0.3813      |
#   w_9[03000:16] = -2.346e-05   +/-  0.1001      |  0.03325     | -0.08362     |  0.04107     | -0.0284      |  0.05553     | -0.1181      |  0.1271      | -1           | -0.1415      |  0.1114      |  1           |  0.0007105   | -0.008024    | -0.001466    | -0.001998    |
# alpha[14000:00] =  0.141       +/-  0.009319    |  0.0009142   | -0.01259     |  0.02188     |  0.0302      | -0.02084     |  0.002544    |  0.006899    | -0.0007118   |  0.00319     | -0.004101    |  0.0007105   |  1           | -0.0504      |  0.02844     | -0.08598     |
#  beta[14000:01] =  3.094       +/-  0.1141      |  0.02561     |  0.07134     |  0.006252    |  0.09489     | -0.09158     |  0.02407     |  0.01757     |  0.008024    |  0.01235     | -0.01535     | -0.008024    | -0.0504      |  1           |  0.05601     |  0.04409     |
#    M1[14000:02] = -19.07       +/-  0.06926     |  0.8315      |  0.5557      | -0.08119     |  0.3791      | -0.3003      | -0.1861      |  0.3945      |  0.001371    | -0.3924      |  0.3925      | -0.001466    |  0.02844     |  0.05601     |  1           |  0.8922      |
#    M2[14000:03] = -19.15       +/-  0.07118     |  0.8097      |  0.5457      | -0.0834      |  0.3765      | -0.2954      | -0.1807      |  0.385       |  0.001906    | -0.3812      |  0.3813      | -0.001998    | -0.08598     |  0.04409     |  0.8922      |  1           |
#                                                 ----------------------------------------------------------------------------------------------------------------------------------------------------------------------------------------------------------------------------------
