#----------------------------------------------------------------------------------
# Model[03000]:
#   - NcHICosmo : XCDM - Constant EOS
#----------------------------------------------------------------------------------
# Model parameters
#   -            H0[00]:  70                  [FIXED]
#   -        Omegac[01]:  0.25                [FIXED]
#   -        Omegak[02]:  0                   [FIXED]
#   -       Tgamma0[03]:  2.7245              [FIXED]
#   -            Yp[04]:  0.24                [FIXED]
#   -          ENnu[05]:  3.046               [FIXED]
#   -        Omegab[06]:  0.05                [FIXED]
#   -           w_0[07]: -1                   [FIXED]
#   -           w_1[08]: -1                   [FIXED]
#   -           w_2[09]: -1                   [FIXED]
#----------------------------------------------------------------------------------
# Model[14000]:
#   - NcSNIADistCov : Supernovae Ia Distance Covariance
#----------------------------------------------------------------------------------
# Model parameters
#   -         alpha[00]:  0.145               [FIXED]
#   -          beta[01]:  3.16                [FIXED]
#   -            M1[02]: -19                  [FIXED]
#   -            M2[03]: -19.2                [FIXED]
#   -  lnsigma_pecz[04]: -7.60021041          [FIXED]
#   -  lnsigma_lens[05]: -2.90042209374967    [FIXED]
#   - lnsigma_int_0[06]: -2.52572864430826    [FIXED]
#   - lnsigma_int_1[07]: -2.22562405185792    [FIXED]
#   - lnsigma_int_2[08]: -2.00991547903123    [FIXED]
#   - lnsigma_int_3[09]: -2.30258509299405    [FIXED]
#----------------------------------------------------------------------------------
# Model fitting. Interating using:
#  - solver:            NLOpt:ln-neldermead
#  - differentiation:   Numerical differentiantion (forward)
#...............................................................
#  Minimum found with precision: |df|/f =  1.00000e-08 and |dx| =  1.00000e-05
#  Elapsed time: 00 days, 00:00:50.5000810
#  iteration            [000542]
#  function evaluations [000544]
#  gradient evaluations [000000]
#  degrees of freedom   [000761]
#  m2lnL     =     704.889818883341 (     682.83432    0.19194754   0.016260018    0.16252775     1.3376412     6.4851526     8.7433882      4.422751    0.69583326 )
#  Fit parameters:
#     67.688168929316     -1.03143122848285    -0.980783167614334   -0.980981084692855    0.141233716515571    3.10012521031554    -19.1201514009484    -19.1902591763943    
#----------------------------------------------------------------------------------
# Restarting:              yes
#  - absolute improvement: 49.5635767974046      
#  - relative improvement: 0.065694683172157     
#  - m2lnL_0  :            754.453395680746      
#  - m2lnL_1  :            704.889818883341      
#----------------------------------------------------------------------------------
# Model fitting. Interating using:
#  - solver:            NLOpt:ln-neldermead
#  - differentiation:   Numerical differentiantion (forward)
#........................................................................................................................................................................................
#  Minimum found with precision: |df|/f =  1.00000e-08 and |dx| =  1.00000e-05
#  Elapsed time: 00 days, 00:03:58.4943980
#  iteration            [001758]
#  function evaluations [001760]
#  gradient evaluations [000000]
#  degrees of freedom   [000761]
#  m2lnL     =     702.412872643518 (     683.19831   0.012303317    0.34978457    0.10734964     1.4128744     3.8278753     8.2847602     4.1833372     1.0362799 )
#  Fit parameters:
#     69.1044103753765    -1.05496875639511    -0.972152425583911   -0.0020519011601348   0.141312693126348    3.09940970075629    -19.0756691481603    -19.1465814061884    
#----------------------------------------------------------------------------------
# Restarting:              yes
#  - absolute improvement: 2.47694623982363      
#  - relative improvement: 0.00351394810006976   
#  - m2lnL_1  :            704.889818883341      
#  - m2lnL_2  :            702.412872643518      
#----------------------------------------------------------------------------------
# Model fitting. Interating using:
#  - solver:            NLOpt:ln-neldermead
#  - differentiation:   Numerical differentiantion (forward)
#..................................
#  Minimum found with precision: |df|/f =  1.00000e-08 and |dx| =  1.00000e-05
#  Elapsed time: 00 days, 00:00:39.6379550
#  iteration            [000250]
#  function evaluations [000252]
#  gradient evaluations [000000]
#  degrees of freedom   [000761]
#  m2lnL     =     702.400521405353 (     683.19816   0.012220727    0.34619569    0.10401978     1.4121361     3.7972527      8.280983     4.1907822     1.0587718 )
#  Fit parameters:
#     69.1232302185412    -1.05400501974445    -0.971368112427566   -3.91226452643464e-05  0.141250406564969    3.09953613834391    -19.0751736534033    -19.1452200842125    
#----------------------------------------------------------------------------------
# Restarting:              yes
#  - absolute improvement: 0.0123512381651381    
#  - relative improvement: 1.75840145392757e-05  
#  - m2lnL_2  :            702.412872643518      
#  - m2lnL_3  :            702.400521405353      
#----------------------------------------------------------------------------------
# Model fitting. Interating using:
#  - solver:            NLOpt:ln-neldermead
#  - differentiation:   Numerical differentiantion (forward)
#...........................................
#  Minimum found with precision: |df|/f =  1.00000e-08 and |dx| =  1.00000e-05
#  Elapsed time: 00 days, 00:00:32.2591510
#  iteration            [000342]
#  function evaluations [000344]
#  gradient evaluations [000000]
#  degrees of freedom   [000761]
#  m2lnL     =     702.399745186283 (     683.19531   0.012716986    0.34433287    0.10404163     1.4119202     3.8129315     8.2826435     4.1860148     1.0498353 )
#  Fit parameters:
#     69.1135850107685    -1.05473702245346    -0.972099599816943   -1.06828867433378e-05  0.141251356258847    3.09976896666016    -19.0756725416758    -19.145747936654     
#----------------------------------------------------------------------------------
# Restarting:              no
#  - absolute improvement: 0.000776219070189654  
#  - relative improvement: 1.10509466683852e-06  
#  - m2lnL_3  :            702.400521405353      
#  - m2lnL_4  :            702.399745186283      
#----------------------------------------------------------------------------------
# Data used:
#   - JLA SNLS3+SDSS Betoule 2014 sys and stat (complete cov)
#   - 6dFGRS -- Beutler (2011), BAO Sample R-Dv
#   - SDSS-DR7-rec -- Padmanabhan (2012), BAO Sample R-Dv
#   - SDSS-DR9-rec -- Anderson (2012), BAO Sample R-Dv
#   - WiggleZ -- Blake (2012), BAO Sample R-Dv
#   - Riess 2008 HST Project sample
#   - Stern 2009 H(z) sample
#   - Moresco 2012 H(z) BC03 sample
#   - WMAP9 distance priors
#----------------------------------------------------------------------------------
# Model[03000]:
#   - NcHICosmo : XCDM - Constant EOS
#----------------------------------------------------------------------------------
# Model parameters
#   -            H0[00]:  69.1135850107685    [FREE]
#   -        Omegac[01]:  0.25                [FIXED]
#   -        Omegak[02]:  0                   [FIXED]
#   -       Tgamma0[03]:  2.7245              [FIXED]
#   -            Yp[04]:  0.24                [FIXED]
#   -          ENnu[05]:  3.046               [FIXED]
#   -        Omegab[06]:  0.05                [FIXED]
#   -           w_0[07]: -1.05473702245346    [FREE]
#   -           w_1[08]: -0.972099599816943   [FREE]
#   -           w_2[09]: -1.06828867433378e-05 [FREE]
#----------------------------------------------------------------------------------
# Model[14000]:
#   - NcSNIADistCov : Supernovae Ia Distance Covariance
#----------------------------------------------------------------------------------
# Model parameters
#   -         alpha[00]:  0.141251356258847   [FREE]
#   -          beta[01]:  3.09976896666016    [FREE]
#   -            M1[02]: -19.0756725416758    [FREE]
#   -            M2[03]: -19.145747936654     [FREE]
#   -  lnsigma_pecz[04]: -7.60021041          [FIXED]
#   -  lnsigma_lens[05]: -2.90042209374967    [FIXED]
#   - lnsigma_int_0[06]: -2.52572864430826    [FIXED]
#   - lnsigma_int_1[07]: -2.22562405185792    [FIXED]
#   - lnsigma_int_2[08]: -2.00991547903123    [FIXED]
#   - lnsigma_int_3[09]: -2.30258509299405    [FIXED]
#----------------------------------------------------------------------------------
# NcmMSet parameters covariance matrix
#                                                 -------------------------------------------------------------------------------------------------------------------------
#    H0[03000:00] =  69.11       +/-  1.224       |  1           | -0.8504      |  1.181       | -nan         |  0.0005011   |  0.0004064   |  0.8413      |  0.7889      |
#   w_0[03000:07] = -1.055       +/-  0.003172    | -0.8504      |  1           | -0.988       | -nan         | -0.0006248   | -0.000538    | -0.7139      | -0.6694      |
#   w_1[03000:08] = -0.9721      +/-  0.0002034   |  1.181       | -0.988       |  1           | -nan         |  0.0006163   |  0.0005295   |  0.9935      |  0.9316      |
#   w_2[03000:09] = -1.068e-05   +/- -nan         | -nan         | -nan         | -nan         | -1           | -nan         | -nan         | -nan         | -nan         |
# alpha[14000:00] =  0.1413      +/-  0.009298    |  0.0005011   | -0.0006248   |  0.0006163   | -nan         |  1           | -0.05822     |  0.07776     | -0.09554     |
#  beta[14000:01] =  3.1         +/-  0.1134      |  0.0004064   | -0.000538    |  0.0005295   | -nan         | -0.05822     |  1           |  0.05944     |  0.03765     |
#    M1[14000:02] = -19.08       +/-  0.0455      |  0.8413      | -0.7139      |  0.9935      | -nan         |  0.07776     |  0.05944     |  1           |  0.7605      |
#    M2[14000:03] = -19.15       +/-  0.04853     |  0.7889      | -0.6694      |  0.9316      | -nan         | -0.09554     |  0.03765     |  0.7605      |  1           |
#                                                 -------------------------------------------------------------------------------------------------------------------------
