#----------------------------------------------------------------------------------
# Model[03000]:
#   - NcHICosmo : XCDM - Constant EOS
#----------------------------------------------------------------------------------
# Model parameters
#   -            H0[00]:  70                  [FIXED]
#   -        Omegac[01]:  0.25                [FIXED]
#   -        Omegak[02]:  0                   [FIXED]
#   -       Tgamma0[03]:  2.7245              [FIXED]
#   -            Yp[04]:  0.24                [FIXED]
#   -          ENnu[05]:  3.046               [FIXED]
#   -        Omegab[06]:  0.05                [FIXED]
#   -           w_0[07]: -1                   [FIXED]
#   -           w_1[08]: -1                   [FIXED]
#   -           w_2[09]: -1                   [FIXED]
#   -           w_3[10]: -1                   [FIXED]
#   -           w_4[11]: -1                   [FIXED]
#   -           w_5[12]: -1                   [FIXED]
#----------------------------------------------------------------------------------
# Model[14000]:
#   - NcSNIADistCov : Supernovae Ia Distance Covariance
#----------------------------------------------------------------------------------
# Model parameters
#   -         alpha[00]:  0.145               [FIXED]
#   -          beta[01]:  3.16                [FIXED]
#   -            M1[02]: -19                  [FIXED]
#   -            M2[03]: -19.2                [FIXED]
#   -  lnsigma_pecz[04]: -7.60021041          [FIXED]
#   -  lnsigma_lens[05]: -2.90042209374967    [FIXED]
#   - lnsigma_int_0[06]: -2.52572864430826    [FIXED]
#   - lnsigma_int_1[07]: -2.22562405185792    [FIXED]
#   - lnsigma_int_2[08]: -2.00991547903123    [FIXED]
#   - lnsigma_int_3[09]: -2.30258509299405    [FIXED]
#----------------------------------------------------------------------------------
# Model fitting. Interating using:
#  - solver:            NLOpt:ln-neldermead
#  - differentiation:   Numerical differentiantion (forward)
#...........................................................................................................................................................................................................................
#  Minimum found with precision: |df|/f =  1.00000e-08 and |dx| =  1.00000e-05
#  Elapsed time: 00 days, 00:06:47.1930280
#  iteration            [002106]
#  function evaluations [002108]
#  gradient evaluations [000000]
#  degrees of freedom   [000758]
#  m2lnL     =     704.442922714756 (     681.79311    0.15196262   0.040737161   0.056464321     1.2232742     6.4126921     9.1134161     4.8525711    0.79869014 )
#  Fit parameters:
#     67.7224094668778    -1.14497661675634    -0.928452805026879   -1.10071328558353    -0.496454907167985   -0.755951583844056   -0.858538679058745    0.141251239453251    3.09998225996044    -19.1215487169033    -19.1917806757069    
#----------------------------------------------------------------------------------
# Restarting:              yes
#  - absolute improvement: 50.0104729659897      
#  - relative improvement: 0.0662870274722073    
#  - m2lnL_0  :            754.453395680746      
#  - m2lnL_1  :            704.442922714756      
#----------------------------------------------------------------------------------
# Model fitting. Interating using:
#  - solver:            NLOpt:ln-neldermead
#  - differentiation:   Numerical differentiantion (forward)
#.............................................................................................................................
#  Minimum found with precision: |df|/f =  1.00000e-08 and |dx| =  1.00000e-05
#  Elapsed time: 00 days, 00:04:35.6513780
#  iteration            [001169]
#  function evaluations [001171]
#  gradient evaluations [000000]
#  degrees of freedom   [000758]
#  m2lnL     =     704.243817999793 (     681.65406    0.14160377   0.044583248   0.035095033     1.2171646     6.4135651     9.0760399     4.8640918    0.79760977 )
#  Fit parameters:
#     67.7219957966493    -1.17625590792925    -0.916783326611443   -1.13505370510058    -0.239053330334654   -4.9990161759301     -4.47494752020686     0.141245143441753    3.09983482643505    -19.1223764405257    -19.1924624030322    
#----------------------------------------------------------------------------------
# Restarting:              yes
#  - absolute improvement: 0.199104714963369     
#  - relative improvement: 0.000282641373123696  
#  - m2lnL_1  :            704.442922714756      
#  - m2lnL_2  :            704.243817999793      
#----------------------------------------------------------------------------------
# Model fitting. Interating using:
#  - solver:            NLOpt:ln-neldermead
#  - differentiation:   Numerical differentiantion (forward)
#.....................................
#  Minimum found with precision: |df|/f =  1.00000e-08 and |dx| =  1.00000e-05
#  Elapsed time: 00 days, 00:01:04.2781590
#  iteration            [000285]
#  function evaluations [000287]
#  gradient evaluations [000000]
#  degrees of freedom   [000758]
#  m2lnL     =     704.243659075753 (     681.65479     0.1409633   0.045183088   0.036472082     1.2168394     6.4140941     9.0754342     4.8631406    0.79674319 )
#  Fit parameters:
#     67.721745129505     -1.17757444435086    -0.915959835012006   -1.13487619508068    -0.239882830990611   -4.999947711415      -4.4572911743011      0.141254229360506    3.09977541382444    -19.122337845603     -19.1925913273203    
#----------------------------------------------------------------------------------
# Restarting:              no
#  - absolute improvement: 0.000158924040079     
#  - relative improvement: 2.2566621959193e-07   
#  - m2lnL_2  :            704.243817999793      
#  - m2lnL_3  :            704.243659075753      
#----------------------------------------------------------------------------------
# Data used:
#   - JLA SNLS3+SDSS Betoule 2014 sys and stat (complete cov)
#   - 6dFGRS -- Beutler (2011), BAO Sample R-Dv
#   - SDSS-DR7-rec -- Padmanabhan (2012), BAO Sample R-Dv
#   - SDSS-DR9-rec -- Anderson (2012), BAO Sample R-Dv
#   - WiggleZ -- Blake (2012), BAO Sample R-Dv
#   - Riess 2008 HST Project sample
#   - Stern 2009 H(z) sample
#   - Moresco 2012 H(z) BC03 sample
#   - WMAP9 distance priors
#----------------------------------------------------------------------------------
# Model[03000]:
#   - NcHICosmo : XCDM - Constant EOS
#----------------------------------------------------------------------------------
# Model parameters
#   -            H0[00]:  67.721745129505     [FREE]
#   -        Omegac[01]:  0.25                [FIXED]
#   -        Omegak[02]:  0                   [FIXED]
#   -       Tgamma0[03]:  2.7245              [FIXED]
#   -            Yp[04]:  0.24                [FIXED]
#   -          ENnu[05]:  3.046               [FIXED]
#   -        Omegab[06]:  0.05                [FIXED]
#   -           w_0[07]: -1.17757444435086    [FREE]
#   -           w_1[08]: -0.915959835012006   [FREE]
#   -           w_2[09]: -1.13487619508068    [FREE]
#   -           w_3[10]: -0.239882830990611   [FREE]
#   -           w_4[11]: -4.999947711415      [FREE]
#   -           w_5[12]: -4.4572911743011     [FREE]
#----------------------------------------------------------------------------------
# Model[14000]:
#   - NcSNIADistCov : Supernovae Ia Distance Covariance
#----------------------------------------------------------------------------------
# Model parameters
#   -         alpha[00]:  0.141254229360506   [FREE]
#   -          beta[01]:  3.09977541382444    [FREE]
#   -            M1[02]: -19.122337845603     [FREE]
#   -            M2[03]: -19.1925913273203    [FREE]
#   -  lnsigma_pecz[04]: -7.60021041          [FIXED]
#   -  lnsigma_lens[05]: -2.90042209374967    [FIXED]
#   - lnsigma_int_0[06]: -2.52572864430826    [FIXED]
#   - lnsigma_int_1[07]: -2.22562405185792    [FIXED]
#   - lnsigma_int_2[08]: -2.00991547903123    [FIXED]
#   - lnsigma_int_3[09]: -2.30258509299405    [FIXED]
#----------------------------------------------------------------------------------
# NcmMSet parameters covariance matrix
#                                                 ----------------------------------------------------------------------------------------------------------------------------------------------------------------------
#    H0[03000:00] =  67.72       +/-  0.7728      |  1           | -0.1374      |  0.05694     | -0.1446      |  0.03185     | -nan         | -nan         |  0.01282     |  0.0138      |  0.485       |  0.4547      |
#   w_0[03000:07] = -1.178       +/-  0.5582      | -0.1374      |  1           | -0.8726      |  0.4633      | -0.4606      | -nan         | -nan         | -0.04938     | -0.0209      |  0.4692      |  0.4328      |
#   w_1[03000:08] = -0.916       +/-  0.2156      |  0.05694     | -0.8726      |  1           | -0.5469      |  0.4435      | -nan         | -nan         |  0.02023     | -0.01335     | -0.2834      | -0.2706      |
#   w_2[03000:09] = -1.135       +/-  0.4473      | -0.1446      |  0.4633      | -0.5469      |  1           | -0.8084      | -nan         | -nan         | -0.004718    | -0.001248    |  0.0455      |  0.04953     |
#   w_3[03000:10] = -0.2399      +/-  0.939       |  0.03185     | -0.4606      |  0.4435      | -0.8084      |  1           | -nan         | -nan         |  0.01118     |  0.008399    | -0.1664      | -0.1585      |
#   w_4[03000:11] = -5           +/- -nan         | -nan         | -nan         | -nan         | -nan         | -nan         | -1           | -3.834       | -nan         | -nan         | -nan         | -nan         |
#   w_5[03000:12] = -4.457       +/- -nan         | -nan         | -nan         | -nan         | -nan         | -nan         | -3.834       | -1           | -nan         | -nan         | -nan         | -nan         |
# alpha[14000:00] =  0.1413      +/-  0.009321    |  0.01282     | -0.04938     |  0.02023     | -0.004718    |  0.01118     | -nan         | -nan         |  1           | -0.05379     |  0.04971     | -0.1376      |
#  beta[14000:01] =  3.1         +/-  0.1136      |  0.0138      | -0.0209      | -0.01335     | -0.001248    |  0.008399    | -nan         | -nan         | -0.05379     |  1           |  0.0401      |  0.01904     |
#    M1[14000:02] = -19.12       +/-  0.04104     |  0.485       |  0.4692      | -0.2834      |  0.0455      | -0.1664      | -nan         | -nan         |  0.04971     |  0.0401      |  1           |  0.7073      |
#    M2[14000:03] = -19.19       +/-  0.04407     |  0.4547      |  0.4328      | -0.2706      |  0.04953     | -0.1585      | -nan         | -nan         | -0.1376      |  0.01904     |  0.7073      |  1           |
#                                                 ----------------------------------------------------------------------------------------------------------------------------------------------------------------------
