#----------------------------------------------------------------------------------
# Model[03000]:
#   - NcHICosmo : XCDM - Constant EOS
#----------------------------------------------------------------------------------
# Model parameters
#   -            H0[00]:  70                  [FIXED]
#   -        Omegac[01]:  0.25                [FIXED]
#   -        Omegak[02]:  0                   [FIXED]
#   -       Tgamma0[03]:  2.7245              [FIXED]
#   -            Yp[04]:  0.24                [FIXED]
#   -          ENnu[05]:  3.046               [FIXED]
#   -        Omegab[06]:  0.05                [FIXED]
#   -           w_0[07]: -1                   [FIXED]
#   -           w_1[08]: -1                   [FIXED]
#   -           w_2[09]: -1                   [FIXED]
#   -           w_3[10]: -1                   [FIXED]
#----------------------------------------------------------------------------------
# Model[14000]:
#   - NcSNIADistCov : Supernovae Ia Distance Covariance
#----------------------------------------------------------------------------------
# Model parameters
#   -         alpha[00]:  0.145               [FIXED]
#   -          beta[01]:  3.16                [FIXED]
#   -            M1[02]: -19                  [FIXED]
#   -            M2[03]: -19.2                [FIXED]
#   -  lnsigma_pecz[04]: -7.60021041          [FIXED]
#   -  lnsigma_lens[05]: -2.90042209374967    [FIXED]
#   - lnsigma_int_0[06]: -2.52572864430826    [FIXED]
#   - lnsigma_int_1[07]: -2.22562405185792    [FIXED]
#   - lnsigma_int_2[08]: -2.00991547903123    [FIXED]
#   - lnsigma_int_3[09]: -2.30258509299405    [FIXED]
#----------------------------------------------------------------------------------
# Model fitting. Interating using:
#  - solver:            NLOpt:ln-neldermead
#  - differentiation:   Numerical differentiantion (forward)
#......................................................................................................................................................................................................................................................................................
#  Minimum found with precision: |df|/f =  1.00000e-08 and |dx| =  1.00000e-05
#  Elapsed time: 00 days, 00:08:50.1226930
#  iteration            [002695]
#  function evaluations [002697]
#  gradient evaluations [000000]
#  degrees of freedom   [000759]
#  m2lnL     =     701.962145924236 (     682.68083    0.11861302  0.0016328231   0.013749092     1.3029673     4.0616853     8.1266007     4.3460803     1.3099901 )
#  Fit parameters:
#     68.9631304049696     0.244685019966501   -0.971834054573528   -0.960421765990701   -0.745413236093158   -0.720093878860943    0.141464759599987    3.11870985891553    -19.0746134632679    -19.1446994557808    
#----------------------------------------------------------------------------------
# Restarting:              yes
#  - absolute improvement: 52.4912497565101      
#  - relative improvement: 0.0695752051180671    
#  - m2lnL_0  :            754.453395680746      
#  - m2lnL_1  :            701.962145924236      
#----------------------------------------------------------------------------------
# Model fitting. Interating using:
#  - solver:            NLOpt:ln-neldermead
#  - differentiation:   Numerical differentiantion (forward)
#......................................................................
#  Minimum found with precision: |df|/f =  1.00000e-08 and |dx| =  1.00000e-05
#  Elapsed time: 00 days, 00:01:48.9183180
#  iteration            [000618]
#  function evaluations [000620]
#  gradient evaluations [000000]
#  degrees of freedom   [000759]
#  m2lnL     =     701.640147890166 (      682.7338   0.044379525   0.090861217   0.021937021      1.334512      3.814926     8.0590346     4.3822906      1.158406 )
#  Fit parameters:
#     69.1123594412879     0.248702069524359   -0.971954037538992   -0.960152760715036   -0.743650001943701   -0.687944696300713    0.141023519282814    3.09683678565978    -19.067728030873     -19.1381636894234    
#----------------------------------------------------------------------------------
# Restarting:              yes
#  - absolute improvement: 0.32199803407002      
#  - relative improvement: 0.000458711393398661  
#  - m2lnL_1  :            701.962145924236      
#  - m2lnL_2  :            701.640147890166      
#----------------------------------------------------------------------------------
# Model fitting. Interating using:
#  - solver:            NLOpt:ln-neldermead
#  - differentiation:   Numerical differentiantion (forward)
#...................................................................................................................................
#  Minimum found with precision: |df|/f =  1.00000e-08 and |dx| =  1.00000e-05
#  Elapsed time: 00 days, 00:03:30.6196510
#  iteration            [001223]
#  function evaluations [001225]
#  gradient evaluations [000000]
#  degrees of freedom   [000759]
#  m2lnL     =     701.575956425449 (     682.53362   0.050202665   0.094740535   0.063857694      1.326887     3.8242339     8.0641093     4.4364569     1.1818443 )
#  Fit parameters:
#     69.1066443187454     0.248590594592239   -0.95103415284877    -0.96842069654207    -0.819563006953346   -0.970789058785426    0.1410197021059      3.09744907332946    -19.0672661820711    -19.1377631654037    
#----------------------------------------------------------------------------------
# Restarting:              yes
#  - absolute improvement: 0.0641914647172825    
#  - relative improvement: 9.14877304417463e-05  
#  - m2lnL_2  :            701.640147890166      
#  - m2lnL_3  :            701.575956425449      
#----------------------------------------------------------------------------------
# Model fitting. Interating using:
#  - solver:            NLOpt:ln-neldermead
#  - differentiation:   Numerical differentiantion (forward)
#.......................................................................................................
#  Minimum found with precision: |df|/f =  1.00000e-08 and |dx| =  1.00000e-05
#  Elapsed time: 00 days, 00:02:02.1004530
#  iteration            [000943]
#  function evaluations [000945]
#  gradient evaluations [000000]
#  degrees of freedom   [000759]
#  m2lnL     =     701.557481559784 (     682.61848   0.047132605   0.083974384   0.038485199     1.3243144     3.7983135     8.0353212     4.4442749     1.1671806 )
#  Fit parameters:
#     69.122577009472      0.248790631430873   -0.950957541025406   -0.961837994279115   -0.799627011863132   -0.888624212911208    0.140977871623062    3.09680133350748    -19.0658512046642    -19.1363315232117    
#----------------------------------------------------------------------------------
# Restarting:              yes
#  - absolute improvement: 0.0184748656647571    
#  - relative improvement: 2.63333791523973e-05  
#  - m2lnL_3  :            701.575956425449      
#  - m2lnL_4  :            701.557481559784      
#----------------------------------------------------------------------------------
# Model fitting. Interating using:
#  - solver:            NLOpt:ln-neldermead
#  - differentiation:   Numerical differentiantion (forward)
#................................................
#  Minimum found with precision: |df|/f =  1.00000e-08 and |dx| =  1.00000e-05
#  Elapsed time: 00 days, 00:00:36.1953780
#  iteration            [000398]
#  function evaluations [000400]
#  gradient evaluations [000000]
#  degrees of freedom   [000759]
#  m2lnL     =      701.55660264219 (     682.63998   0.046100943   0.082062612   0.034257126     1.3238897     3.8028844     8.0303354     4.4470459     1.1500489 )
#  Fit parameters:
#     69.119763434242      0.248962834998115   -0.950301944537346   -0.960443086685761   -0.797202238879022   -0.873413597453039    0.140983647479752    3.0965206278016     -19.0655690219041    -19.1361307217593    
#----------------------------------------------------------------------------------
# Restarting:              no
#  - absolute improvement: 0.000878917594036466  
#  - relative improvement: 1.25280909567432e-06  
#  - m2lnL_4  :            701.557481559784      
#  - m2lnL_5  :            701.55660264219       
#----------------------------------------------------------------------------------
# Data used:
#   - JLA SNLS3+SDSS Betoule 2014 sys and stat (complete cov)
#   - 6dFGRS -- Beutler (2011), BAO Sample R-Dv
#   - SDSS-DR7-rec -- Padmanabhan (2012), BAO Sample R-Dv
#   - SDSS-DR9-rec -- Anderson (2012), BAO Sample R-Dv
#   - WiggleZ -- Blake (2012), BAO Sample R-Dv
#   - Riess 2008 HST Project sample
#   - Stern 2009 H(z) sample
#   - Moresco 2012 H(z) BC03 sample
#   - WMAP9 distance priors
#----------------------------------------------------------------------------------
# Model[03000]:
#   - NcHICosmo : XCDM - Constant EOS
#----------------------------------------------------------------------------------
# Model parameters
#   -            H0[00]:  69.119763434242     [FREE]
#   -        Omegac[01]:  0.248962834998115   [FREE]
#   -        Omegak[02]:  0                   [FIXED]
#   -       Tgamma0[03]:  2.7245              [FIXED]
#   -            Yp[04]:  0.24                [FIXED]
#   -          ENnu[05]:  3.046               [FIXED]
#   -        Omegab[06]:  0.05                [FIXED]
#   -           w_0[07]: -0.950301944537346   [FREE]
#   -           w_1[08]: -0.960443086685761   [FREE]
#   -           w_2[09]: -0.797202238879022   [FREE]
#   -           w_3[10]: -0.873413597453039   [FREE]
#----------------------------------------------------------------------------------
# Model[14000]:
#   - NcSNIADistCov : Supernovae Ia Distance Covariance
#----------------------------------------------------------------------------------
# Model parameters
#   -         alpha[00]:  0.140983647479752   [FREE]
#   -          beta[01]:  3.0965206278016     [FREE]
#   -            M1[02]: -19.0655690219041    [FREE]
#   -            M2[03]: -19.1361307217593    [FREE]
#   -  lnsigma_pecz[04]: -7.60021041          [FIXED]
#   -  lnsigma_lens[05]: -2.90042209374967    [FIXED]
#   - lnsigma_int_0[06]: -2.52572864430826    [FIXED]
#   - lnsigma_int_1[07]: -2.22562405185792    [FIXED]
#   - lnsigma_int_2[08]: -2.00991547903123    [FIXED]
#   - lnsigma_int_3[09]: -2.30258509299405    [FIXED]
#----------------------------------------------------------------------------------
# NcmMSet parameters covariance matrix
#                                                  -------------------------------------------------------------------------------------------------------------------------------------------------------
#     H0[03000:00] =  69.12       +/-  1.029       |  1           | -0.3289      |  0.06482     |  0.08909     | -0.007299    | -0.07271     |  0.001467    |  0.004132    |  0.783       |  0.7589      |
# Omegac[03000:01] =  0.249       +/-  0.01177     | -0.3289      |  1           |  0.2101      |  0.2346      | -0.1468      |  0.0362      | -0.04208     | -0.05715     | -0.02935     | -0.04032     |
#    w_0[03000:07] = -0.9503      +/-  0.1563      |  0.06482     |  0.2101      |  1           |  0.3239      | -0.9174      | -0.8387      | -0.0673      | -0.06565     |  0.4538      |  0.4219      |
#    w_1[03000:08] = -0.9604      +/-  0.05099     |  0.08909     |  0.2346      |  0.3239      |  1           |  0.07755     |  0.222       | -0.05488     | -0.07689     |  0.3678      |  0.3404      |
#    w_2[03000:09] = -0.7972      +/-  0.3669      | -0.007299    | -0.1468      | -0.9174      |  0.07755     |  1           |  0.9702      |  0.04845     |  0.03778     | -0.3082      | -0.2864      |
#    w_3[03000:10] = -0.8734      +/-  1.215       | -0.07271     |  0.0362      | -0.8387      |  0.222       |  0.9702      |  1           |  0.03537     |  0.02009     | -0.2881      | -0.2706      |
#  alpha[14000:00] =  0.141       +/-  0.006592    |  0.001467    | -0.04208     | -0.0673      | -0.05488     |  0.04845     |  0.03537     |  1           | -0.05036     |  0.0255      | -0.1097      |
#   beta[14000:01] =  3.097       +/-  0.08048     |  0.004132    | -0.05715     | -0.06565     | -0.07689     |  0.03778     |  0.02009     | -0.05036     |  1           |  0.007413    | -0.005279    |
#     M1[14000:02] = -19.07       +/-  0.04102     |  0.783       | -0.02935     |  0.4538      |  0.3678      | -0.3082      | -0.2881      |  0.0255      |  0.007413    |  1           |  0.8469      |
#     M2[14000:03] = -19.14       +/-  0.04235     |  0.7589      | -0.04032     |  0.4219      |  0.3404      | -0.2864      | -0.2706      | -0.1097      | -0.005279    |  0.8469      |  1           |
#                                                  -------------------------------------------------------------------------------------------------------------------------------------------------------
