#----------------------------------------------------------------------------------
# Model[03000]:
#   - NcHICosmo : XCDM - Constant EOS
#----------------------------------------------------------------------------------
# Model parameters
#   -            H0[00]:  70                  [FIXED]
#   -        Omegac[01]:  0.25                [FIXED]
#   -        Omegak[02]:  0                   [FIXED]
#   -       Tgamma0[03]:  2.7245              [FIXED]
#   -            Yp[04]:  0.24                [FIXED]
#   -          ENnu[05]:  3.046               [FIXED]
#   -        Omegab[06]:  0.05                [FIXED]
#   -           w_0[07]: -1                   [FIXED]
#   -           w_1[08]: -1                   [FIXED]
#   -           w_2[09]: -1                   [FIXED]
#   -           w_3[10]: -1                   [FIXED]
#   -           w_4[11]: -1                   [FIXED]
#----------------------------------------------------------------------------------
# Model[14000]:
#   - NcSNIADistCov : Supernovae Ia Distance Covariance
#----------------------------------------------------------------------------------
# Model parameters
#   -         alpha[00]:  0.145               [FIXED]
#   -          beta[01]:  3.16                [FIXED]
#   -            M1[02]: -19                  [FIXED]
#   -            M2[03]: -19.2                [FIXED]
#   -  lnsigma_pecz[04]: -7.60021041          [FIXED]
#   -  lnsigma_lens[05]: -2.90042209374967    [FIXED]
#   - lnsigma_int_0[06]: -2.52572864430826    [FIXED]
#   - lnsigma_int_1[07]: -2.22562405185792    [FIXED]
#   - lnsigma_int_2[08]: -2.00991547903123    [FIXED]
#   - lnsigma_int_3[09]: -2.30258509299405    [FIXED]
#----------------------------------------------------------------------------------
# Model fitting. Interating using:
#  - solver:            NLOpt:ln-neldermead
#  - differentiation:   Numerical differentiantion (forward)
#..................................................................................................................................................................
#  Minimum found with precision: |df|/f =  1.00000e-08 and |dx| =  1.00000e-05
#  Elapsed time: 00 days, 00:04:38.9455250
#  iteration            [001536]
#  function evaluations [001538]
#  gradient evaluations [000000]
#  degrees of freedom   [000758]
#  m2lnL     =     704.682454481558 (     682.71528    0.31603175    0.07197466    0.15883924     1.3157822     6.2243882     8.7645797     4.4658087    0.64977174 )
#  Fit parameters:
#     67.8123062896189     0.246397703365974   -0.970350617407602   -1.00551644412725    -0.865943838802667   -0.857531986903937   -0.897681417949682    0.141240338675365    3.10125747388962    -19.1155426570012    -19.1855584697571    
#----------------------------------------------------------------------------------
# Restarting:              yes
#  - absolute improvement: 49.7709411991885      
#  - relative improvement: 0.0659695369974179    
#  - m2lnL_0  :            754.453395680746      
#  - m2lnL_1  :            704.682454481558      
#----------------------------------------------------------------------------------
# Model fitting. Interating using:
#  - solver:            NLOpt:ln-neldermead
#  - differentiation:   Numerical differentiantion (forward)
#...............................................................................................
#  Minimum found with precision: |df|/f =  1.00000e-08 and |dx| =  1.00000e-05
#  Elapsed time: 00 days, 00:02:59.8156610
#  iteration            [000860]
#  function evaluations [000862]
#  gradient evaluations [000000]
#  degrees of freedom   [000758]
#  m2lnL     =     704.673149440767 (     682.63323    0.30680793   0.072052248    0.15925747     1.3063955     6.2078066     8.8057182     4.5155635    0.66632068 )
#  Fit parameters:
#     67.8202871302303     0.246337701140714   -0.983666750458426   -1.00016578254745    -0.89457487136518    -0.357361236455453   -1.15058154171266     0.141258822345597    3.10144843042444    -19.1158561722739    -19.1858299097418    
#----------------------------------------------------------------------------------
# Restarting:              yes
#  - absolute improvement: 0.00930504079042294   
#  - relative improvement: 1.32045870182319e-05  
#  - m2lnL_1  :            704.682454481558      
#  - m2lnL_2  :            704.673149440767      
#----------------------------------------------------------------------------------
# Model fitting. Interating using:
#  - solver:            NLOpt:ln-neldermead
#  - differentiation:   Numerical differentiantion (forward)
#...............................
#  Minimum found with precision: |df|/f =  1.00000e-08 and |dx| =  1.00000e-05
#  Elapsed time: 00 days, 00:00:45.3821180
#  iteration            [000220]
#  function evaluations [000222]
#  gradient evaluations [000000]
#  degrees of freedom   [000758]
#  m2lnL     =     704.673126805809 (     682.63229    0.30696297   0.071837616    0.15795741     1.3061137       6.20772     8.8065284      4.516565    0.66715359 )
#  Fit parameters:
#     67.8203288218077     0.246345322996623   -0.983347709236833   -1.0003539499623     -0.894956726861146   -0.355263434658809   -1.14697809259673     0.141248856828357    3.10134214192726    -19.1158420091437    -19.1858533860109    
#----------------------------------------------------------------------------------
# Restarting:              no
#  - absolute improvement: 2.26349585545904e-05  
#  - relative improvement: 3.21212161589436e-08  
#  - m2lnL_2  :            704.673149440767      
#  - m2lnL_3  :            704.673126805809      
#----------------------------------------------------------------------------------
# Data used:
#   - JLA SNLS3+SDSS Betoule 2014 sys and stat (complete cov)
#   - 6dFGRS -- Beutler (2011), BAO Sample R-Dv
#   - SDSS-DR7-rec -- Padmanabhan (2012), BAO Sample R-Dv
#   - SDSS-DR9-rec -- Anderson (2012), BAO Sample R-Dv
#   - WiggleZ -- Blake (2012), BAO Sample R-Dv
#   - Riess 2008 HST Project sample
#   - Stern 2009 H(z) sample
#   - Moresco 2012 H(z) BC03 sample
#   - WMAP9 distance priors
#----------------------------------------------------------------------------------
# Model[03000]:
#   - NcHICosmo : XCDM - Constant EOS
#----------------------------------------------------------------------------------
# Model parameters
#   -            H0[00]:  67.8203288218077    [FREE]
#   -        Omegac[01]:  0.246345322996623   [FREE]
#   -        Omegak[02]:  0                   [FIXED]
#   -       Tgamma0[03]:  2.7245              [FIXED]
#   -            Yp[04]:  0.24                [FIXED]
#   -          ENnu[05]:  3.046               [FIXED]
#   -        Omegab[06]:  0.05                [FIXED]
#   -           w_0[07]: -0.983347709236833   [FREE]
#   -           w_1[08]: -1.0003539499623     [FREE]
#   -           w_2[09]: -0.894956726861146   [FREE]
#   -           w_3[10]: -0.355263434658809   [FREE]
#   -           w_4[11]: -1.14697809259673    [FREE]
#----------------------------------------------------------------------------------
# Model[14000]:
#   - NcSNIADistCov : Supernovae Ia Distance Covariance
#----------------------------------------------------------------------------------
# Model parameters
#   -         alpha[00]:  0.141248856828357   [FREE]
#   -          beta[01]:  3.10134214192726    [FREE]
#   -            M1[02]: -19.1158420091437    [FREE]
#   -            M2[03]: -19.1858533860109    [FREE]
#   -  lnsigma_pecz[04]: -7.60021041          [FIXED]
#   -  lnsigma_lens[05]: -2.90042209374967    [FIXED]
#   - lnsigma_int_0[06]: -2.52572864430826    [FIXED]
#   - lnsigma_int_1[07]: -2.22562405185792    [FIXED]
#   - lnsigma_int_2[08]: -2.00991547903123    [FIXED]
#   - lnsigma_int_3[09]: -2.30258509299405    [FIXED]
#----------------------------------------------------------------------------------
# NcmMSet parameters covariance matrix
#                                                  ----------------------------------------------------------------------------------------------------------------------------------------------------------------------
#     H0[03000:00] =  67.82       +/-  0.9869      |  1           | -0.6325      | -0.1995      | -0.1257      |  0.1423      |  0.193       | -nan         |  0.03519     |  0.04808     |  0.5145      |  0.4894      |
# Omegac[03000:01] =  0.2463      +/-  0.01636     | -0.6325      |  1           |  0.28        | -0.001328    | -0.2767      | -0.4833      | -nan         | -0.04459     | -0.05877     | -0.1428      | -0.1484      |
#    w_0[03000:07] = -0.9833      +/-  0.2897      | -0.1995      |  0.28        |  1           | -0.4189      | -0.9701      |  0.3691      | -nan         | -0.06103     | -0.04843     |  0.3995      |  0.351       |
#    w_1[03000:08] = -1           +/-  0.09508     | -0.1257      | -0.001328    | -0.4189      |  1           |  0.6528      | -0.6851      | -nan         | -0.01185     | -0.0449      | -0.06312     | -0.06611     |
#    w_2[03000:09] = -0.895       +/-  0.1991      |  0.1423      | -0.2767      | -0.9701      |  0.6528      |  1           | -0.5016      | -nan         |  0.04879     |  0.02915     | -0.3534      | -0.3132      |
#    w_3[03000:10] = -0.3553      +/-  0.9824      |  0.193       | -0.4833      |  0.3691      | -0.6851      | -0.5016      |  1           | -nan         |  0.01454     |  0.04459     |  0.08923     |  0.09068     |
#    w_4[03000:11] = -1.147       +/- -nan         | -nan         | -nan         | -nan         | -nan         | -nan         | -nan         | -1           | -nan         | -nan         | -nan         | -nan         |
#  alpha[14000:00] =  0.1412      +/-  0.009326    |  0.03519     | -0.04459     | -0.06103     | -0.01185     |  0.04879     |  0.01454     | -nan         |  1           | -0.05155     |  0.06581     | -0.127       |
#   beta[14000:01] =  3.101       +/-  0.1139      |  0.04808     | -0.05877     | -0.04843     | -0.0449      |  0.02915     |  0.04459     | -nan         | -0.05155     |  1           |  0.05244     |  0.03085     |
#     M1[14000:02] = -19.12       +/-  0.03974     |  0.5145      | -0.1428      |  0.3995      | -0.06312     | -0.3534      |  0.08923     | -nan         |  0.06581     |  0.05244     |  1           |  0.6896      |
#     M2[14000:03] = -19.19       +/-  0.04291     |  0.4894      | -0.1484      |  0.351       | -0.06611     | -0.3132      |  0.09068     | -nan         | -0.127       |  0.03085     |  0.6896      |  1           |
#                                                  ----------------------------------------------------------------------------------------------------------------------------------------------------------------------
