#----------------------------------------------------------------------------------
# Model[03000]:
#   - NcHICosmo : XCDM - Constant EOS
#----------------------------------------------------------------------------------
# Model parameters
#   -            H0[00]:  70                  [FIXED]
#   -        Omegac[01]:  0.25                [FIXED]
#   -        Omegak[02]:  0                   [FIXED]
#   -       Tgamma0[03]:  2.7245              [FIXED]
#   -            Yp[04]:  0.24                [FIXED]
#   -          ENnu[05]:  3.046               [FIXED]
#   -        Omegab[06]:  0.05                [FIXED]
#   -           w_0[07]: -1                   [FIXED]
#   -           w_1[08]: -1                   [FIXED]
#   -           w_2[09]: -1                   [FIXED]
#   -           w_3[10]: -1                   [FIXED]
#   -           w_4[11]: -1                   [FIXED]
#   -           w_5[12]: -1                   [FIXED]
#   -           w_6[13]: -1                   [FIXED]
#   -           w_7[14]: -1                   [FIXED]
#   -           w_8[15]: -1                   [FIXED]
#   -           w_9[16]: -1                   [FIXED]
#----------------------------------------------------------------------------------
# Model[14000]:
#   - NcSNIADistCov : Supernovae Ia Distance Covariance
#----------------------------------------------------------------------------------
# Model parameters
#   -         alpha[00]:  0.145               [FIXED]
#   -          beta[01]:  3.16                [FIXED]
#   -            M1[02]: -19                  [FIXED]
#   -            M2[03]: -19.2                [FIXED]
#   -  lnsigma_pecz[04]: -7.60021041          [FIXED]
#   -  lnsigma_lens[05]: -2.90042209374967    [FIXED]
#   - lnsigma_int_0[06]: -2.52572864430826    [FIXED]
#   - lnsigma_int_1[07]: -2.22562405185792    [FIXED]
#   - lnsigma_int_2[08]: -2.00991547903123    [FIXED]
#   - lnsigma_int_3[09]: -2.30258509299405    [FIXED]
#----------------------------------------------------------------------------------
# Model fitting. Interating using:
#  - solver:            NLOpt:ln-neldermead
#  - differentiation:   Numerical differentiantion (forward)
#..............................................................................................................................................................................................................................................................
#  Minimum found with precision: |df|/f =  1.00000e-08 and |dx| =  1.00000e-05
#  Elapsed time: 00 days, 00:20:09.5094850
#  iteration            [002455]
#  function evaluations [002457]
#  gradient evaluations [000000]
#  degrees of freedom   [000753]
#  m2lnL     =     702.695646886236 (     681.06326    0.13596853    0.22337479  0.0012857912     1.2651504     5.8020962     8.8032222     4.5166185    0.88467518 )
#  Fit parameters:
#     68.0189902154896     0.241812218159604   -1.53625442314784    -0.811819656740804   -1.07541648178589    -1.2612056849636     -0.200470557671863   -1.07314706216362    -0.275360195584607   -0.848449603922561   -0.69358814017548    -0.862514110969367    0.141381753793357    3.10068803254411    -19.1255654018959    -19.1958516356405    
#----------------------------------------------------------------------------------
# Restarting:              yes
#  - absolute improvement: 51.7577487945106      
#  - relative improvement: 0.0686029767919718    
#  - m2lnL_0  :            754.453395680746      
#  - m2lnL_1  :            702.695646886236      
#----------------------------------------------------------------------------------
# Model fitting. Interating using:
#  - solver:            NLOpt:ln-neldermead
#  - differentiation:   Numerical differentiantion (forward)
#.................................................................................................................................................................................................................................................................................................................................................................................................................................................................................................
#  Minimum found with precision: |df|/f =  1.00000e-08 and |dx| =  1.00000e-05
#  Elapsed time: 00 days, 00:39:46.5181170
#  iteration            [004726]
#  function evaluations [004728]
#  gradient evaluations [000000]
#  degrees of freedom   [000753]
#  m2lnL     =     700.885412150683 (     681.18327   0.037204592  0.0071851917    0.12822578     1.4181162     4.5272068      8.362998     3.9654255     1.2557813 )
#  Fit parameters:
#     68.6934638809942     0.242327536507024   -1.66373570478347    -0.823785279593404   -1.19273186611818    -1.01306997210525    -0.356012758564364   -0.969628236270752   -0.000390887143076489 -1.48114372996269    -2.16594380484996e-05 -1.24981340838622     0.140953743391223    3.09420191077175    -19.1003730297903    -19.1714623127697    
#----------------------------------------------------------------------------------
# Restarting:              yes
#  - absolute improvement: 1.81023473555285      
#  - relative improvement: 0.00257612914435192   
#  - m2lnL_1  :            702.695646886236      
#  - m2lnL_2  :            700.885412150683      
#----------------------------------------------------------------------------------
# Model fitting. Interating using:
#  - solver:            NLOpt:ln-neldermead
#  - differentiation:   Numerical differentiantion (forward)
#........................................................................................................................................................................................................................................................................................................................................................................................................................................................................................................................................................................................................................................................................................................................................................................
#  Minimum found with precision: |df|/f =  1.00000e-08 and |dx| =  1.00000e-05
#  Elapsed time: 00 days, 00:48:08.8516380
#  iteration            [007357]
#  function evaluations [007359]
#  gradient evaluations [000000]
#  degrees of freedom   [000753]
#  m2lnL     =     700.487687296166 (     681.23443   0.024243737  0.0050976795    0.15522718     1.3850791     3.8633659     8.1238718     4.2421643     1.4542106 )
#  Fit parameters:
#     69.0826927319951     0.244997643240175   -1.50729965869335    -0.852116614384928   -1.13784810752881    -1.01737916932412    -0.656700455655983   -0.732995417509443   -0.135749146423092   -0.00023146901943928 -0.0349565394547934  -0.0224567914915881   0.141089108674033    3.09423643186744    -19.0830408023623    -19.1537463282979    
#----------------------------------------------------------------------------------
# Restarting:              yes
#  - absolute improvement: 0.39772485451681      
#  - relative improvement: 0.000567460597155792  
#  - m2lnL_2  :            700.885412150683      
#  - m2lnL_3  :            700.487687296166      
#----------------------------------------------------------------------------------
# Model fitting. Interating using:
#  - solver:            NLOpt:ln-neldermead
#  - differentiation:   Numerical differentiantion (forward)
#.......................................................................................................................................................................................................
#  Minimum found with precision: |df|/f =  1.00000e-08 and |dx| =  1.00000e-05
#  Elapsed time: 00 days, 00:06:55.5531540
#  iteration            [001902]
#  function evaluations [001904]
#  gradient evaluations [000000]
#  degrees of freedom   [000753]
#  m2lnL     =     700.483168587513 (      681.2402   0.023179862  0.0057122966    0.15692044     1.3800633     3.8388962     8.1182271     4.2648328     1.4551335 )
#  Fit parameters:
#     69.0976556912105     0.245191989976011   -1.49762221282206    -0.851674653404679   -1.13259613155203    -1.02582269246291    -0.67111925747208    -0.721477823253322   -0.111073518816984   -0.00580395263679064 -0.0560220661765558  -0.00014047413824253  0.141135129474769    3.09457272589393    -19.0821032388596    -19.1528253930738    
#----------------------------------------------------------------------------------
# Restarting:              yes
#  - absolute improvement: 0.00451870865265391   
#  - relative improvement: 6.45080382511193e-06  
#  - m2lnL_3  :            700.487687296166      
#  - m2lnL_4  :            700.483168587513      
#----------------------------------------------------------------------------------
# Model fitting. Interating using:
#  - solver:            NLOpt:ln-neldermead
#  - differentiation:   Numerical differentiantion (forward)
#...............................................................................................................
#  Minimum found with precision: |df|/f =  1.00000e-08 and |dx| =  1.00000e-05
#  Elapsed time: 00 days, 00:03:19.7580450
#  iteration            [001025]
#  function evaluations [001027]
#  gradient evaluations [000000]
#  degrees of freedom   [000753]
#  m2lnL     =     700.481753248152 (     681.25203   0.023925722  0.0051826828    0.15502274     1.3786962     3.8241908     8.1149742      4.261446     1.4662832 )
#  Fit parameters:
#     69.1066708080812     0.245221866730718   -1.48946681423751    -0.852271940870605   -1.13064841718856    -1.0292720465939     -0.662015777569367   -0.734768862835346   -0.110259841789206   -2.26588197249119e-05 -0.057665419558045   -0.000200665342095863  0.141101416894233    3.09399999539799    -19.0815131531698    -19.1523418887779    
#----------------------------------------------------------------------------------
# Restarting:              yes
#  - absolute improvement: 0.00141533936118776   
#  - relative improvement: 2.02051872858233e-06  
#  - m2lnL_4  :            700.483168587513      
#  - m2lnL_5  :            700.481753248152      
#----------------------------------------------------------------------------------
# Model fitting. Interating using:
#  - solver:            NLOpt:ln-neldermead
#  - differentiation:   Numerical differentiantion (forward)
#...........................................................................
#  Minimum found with precision: |df|/f =  1.00000e-08 and |dx| =  1.00000e-05
#  Elapsed time: 00 days, 00:02:05.7887930
#  iteration            [000667]
#  function evaluations [000669]
#  gradient evaluations [000000]
#  degrees of freedom   [000753]
#  m2lnL     =     700.480951555006 (     681.22213   0.024098071  0.0045949242    0.15763114     1.3814235       3.83744     8.1222603     4.2505527       1.48082 )
#  Fit parameters:
#     69.0985476096189     0.244936307272622   -1.50559142306144    -0.850361093933174   -1.13485100541153    -1.02761600640787    -0.654043851651048   -0.741291255627796   -0.109261242233755   -0.000104283303933662 -0.0611077975199297  -0.000458142773302607  0.141111107490111    3.09433034826065    -19.0826124715642    -19.1533018725115    
#----------------------------------------------------------------------------------
# Restarting:              no
#  - absolute improvement: 0.000801693145945137  
#  - relative improvement: 1.14448826429477e-06  
#  - m2lnL_5  :            700.481753248152      
#  - m2lnL_6  :            700.480951555006      
#----------------------------------------------------------------------------------
# Data used:
#   - JLA SNLS3+SDSS Betoule 2014 sys and stat (complete cov)
#   - 6dFGRS -- Beutler (2011), BAO Sample R-Dv
#   - SDSS-DR7-rec -- Padmanabhan (2012), BAO Sample R-Dv
#   - SDSS-DR9-rec -- Anderson (2012), BAO Sample R-Dv
#   - WiggleZ -- Blake (2012), BAO Sample R-Dv
#   - Riess 2008 HST Project sample
#   - Stern 2009 H(z) sample
#   - Moresco 2012 H(z) BC03 sample
#   - WMAP9 distance priors
#----------------------------------------------------------------------------------
# Model[03000]:
#   - NcHICosmo : XCDM - Constant EOS
#----------------------------------------------------------------------------------
# Model parameters
#   -            H0[00]:  69.0985476096189    [FREE]
#   -        Omegac[01]:  0.244936307272622   [FREE]
#   -        Omegak[02]:  0                   [FIXED]
#   -       Tgamma0[03]:  2.7245              [FIXED]
#   -            Yp[04]:  0.24                [FIXED]
#   -          ENnu[05]:  3.046               [FIXED]
#   -        Omegab[06]:  0.05                [FIXED]
#   -           w_0[07]: -1.50559142306144    [FREE]
#   -           w_1[08]: -0.850361093933174   [FREE]
#   -           w_2[09]: -1.13485100541153    [FREE]
#   -           w_3[10]: -1.02761600640787    [FREE]
#   -           w_4[11]: -0.654043851651048   [FREE]
#   -           w_5[12]: -0.741291255627796   [FREE]
#   -           w_6[13]: -0.109261242233755   [FREE]
#   -           w_7[14]: -0.000104283303933662 [FREE]
#   -           w_8[15]: -0.0611077975199297  [FREE]
#   -           w_9[16]: -0.000458142773302607 [FREE]
#----------------------------------------------------------------------------------
# Model[14000]:
#   - NcSNIADistCov : Supernovae Ia Distance Covariance
#----------------------------------------------------------------------------------
# Model parameters
#   -         alpha[00]:  0.141111107490111   [FREE]
#   -          beta[01]:  3.09433034826065    [FREE]
#   -            M1[02]: -19.0826124715642    [FREE]
#   -            M2[03]: -19.1533018725115    [FREE]
#   -  lnsigma_pecz[04]: -7.60021041          [FIXED]
#   -  lnsigma_lens[05]: -2.90042209374967    [FIXED]
#   - lnsigma_int_0[06]: -2.52572864430826    [FIXED]
#   - lnsigma_int_1[07]: -2.22562405185792    [FIXED]
#   - lnsigma_int_2[08]: -2.00991547903123    [FIXED]
#   - lnsigma_int_3[09]: -2.30258509299405    [FIXED]
#----------------------------------------------------------------------------------
# NcmMSet parameters covariance matrix
#                                                  -------------------------------------------------------------------------------------------------------------------------------------------------------------------------------------------------------------------------------------------------
#     H0[03000:00] =  69.1        +/-  1.606       |  1           | -0.04085     |  0.2078      |  0.1091      |  0.3048      | -0.255       | -0.2304      | -nan         |  0.4361      | -nan         | -nan         | -nan         |  0.002473    |  0.02495     |  0.7494      |  0.7352      |
# Omegac[03000:01] =  0.2449      +/-  0.02043     | -0.04085     |  1           |  0.6005      | -0.1082      |  0.4684      | -0.4183      | -0.2118      | -nan         |  0.1966      | -nan         | -nan         | -nan         | -0.0505      | -0.009962    |  0.3923      |  0.3773      |
#    w_0[03000:07] = -1.506       +/-  1.135       |  0.2078      |  0.6005      |  1           | -0.4049      |  0.6974      | -0.5397      |  0.001799    | -nan         |  0.2544      | -nan         | -nan         | -nan         | -0.04377     |  0.0404      |  0.6545      |  0.6401      |
#    w_1[03000:08] = -0.8504      +/-  0.2305      |  0.1091      | -0.1082      | -0.4049      |  1           |  0.2305      | -0.4174      |  0.1601      | -nan         | -0.02631     | -nan         | -nan         | -nan         |  0.02724     |  0.007482    | -0.1144      | -0.1152      |
#    w_2[03000:09] = -1.135       +/-  0.5644      |  0.3048      |  0.4684      |  0.6974      |  0.2305      |  1           | -0.6979      | -0.0006215   | -nan         |  0.2708      | -nan         | -nan         | -nan         |  0.0006783   |  0.0694      |  0.4931      |  0.4855      |
#    w_3[03000:10] = -1.028       +/-  0.8004      | -0.255       | -0.4183      | -0.5397      | -0.4174      | -0.6979      |  1           | -0.3298      | -nan         | -0.2583      | -nan         | -nan         | -nan         |  0.005814    | -0.06535     | -0.4241      | -0.4141      |
#    w_4[03000:11] = -0.654       +/-  1.087       | -0.2304      | -0.2118      |  0.001799    |  0.1601      | -0.0006215   | -0.3298      |  1           | -nan         | -0.8354      | -nan         | -nan         | -nan         |  0.0183      |  0.04286     | -0.2272      | -0.2197      |
#    w_5[03000:12] = -0.7413      +/- -nan         | -nan         | -nan         | -nan         | -nan         | -nan         | -nan         | -nan         | -1           | -nan         |  1.583       | -0.601       | -0.2141      | -nan         | -nan         | -nan         | -nan         |
#    w_6[03000:13] = -0.1093      +/-  0.4516      |  0.4361      |  0.1966      |  0.2544      | -0.02631     |  0.2708      | -0.2583      | -0.8354      | -nan         |  1           | -nan         | -nan         | -nan         | -0.006073    |  0.0151      |  0.4244      |  0.4156      |
#    w_7[03000:14] = -0.0001043   +/- -nan         | -nan         | -nan         | -nan         | -nan         | -nan         | -nan         | -nan         |  1.583       | -nan         | -1           |  1.712       |  1.029       | -nan         | -nan         | -nan         | -nan         |
#    w_8[03000:15] = -0.06111     +/- -nan         | -nan         | -nan         | -nan         | -nan         | -nan         | -nan         | -nan         | -0.601       | -nan         |  1.712       | -1           |  9.806       | -nan         | -nan         | -nan         | -nan         |
#    w_9[03000:16] = -0.0004581   +/- -nan         | -nan         | -nan         | -nan         | -nan         | -nan         | -nan         | -nan         | -0.2141      | -nan         |  1.029       |  9.806       | -1           | -nan         | -nan         | -nan         | -nan         |
#  alpha[14000:00] =  0.1411      +/-  0.009331    |  0.002473    | -0.0505      | -0.04377     |  0.02724     |  0.0006783   |  0.005814    |  0.0183      | -nan         | -0.006073    | -nan         | -nan         | -nan         |  1           | -0.05058     |  0.005351    | -0.09957     |
#   beta[14000:01] =  3.094       +/-  0.114       |  0.02495     | -0.009962    |  0.0404      |  0.007482    |  0.0694      | -0.06535     |  0.04286     | -nan         |  0.0151      | -nan         | -nan         | -nan         | -0.05058     |  1           |  0.04432     |  0.03368     |
#     M1[14000:02] = -19.08       +/-  0.07531     |  0.7494      |  0.3923      |  0.6545      | -0.1144      |  0.4931      | -0.4241      | -0.2272      | -nan         |  0.4244      | -nan         | -nan         | -nan         |  0.005351    |  0.04432     |  1           |  0.908       |
#     M2[14000:03] = -19.15       +/-  0.07685     |  0.7352      |  0.3773      |  0.6401      | -0.1152      |  0.4855      | -0.4141      | -0.2197      | -nan         |  0.4156      | -nan         | -nan         | -nan         | -0.09957     |  0.03368     |  0.908       |  1           |
#                                                  -------------------------------------------------------------------------------------------------------------------------------------------------------------------------------------------------------------------------------------------------
