#----------------------------------------------------------------------------------
# Model[03000]:
#   - NcHICosmo : XCDM - Constant EOS
#----------------------------------------------------------------------------------
# Model parameters
#   -            H0[00]:  70                  [FIXED]
#   -        Omegac[01]:  0.25                [FIXED]
#   -        Omegak[02]:  0                   [FIXED]
#   -       Tgamma0[03]:  2.7245              [FIXED]
#   -            Yp[04]:  0.24                [FIXED]
#   -          ENnu[05]:  3.046               [FIXED]
#   -        Omegab[06]:  0.05                [FIXED]
#   -           w_0[07]: -1                   [FIXED]
#   -           w_1[08]: -1                   [FIXED]
#   -           w_2[09]: -1                   [FIXED]
#   -           w_3[10]: -1                   [FIXED]
#   -           w_4[11]: -1                   [FIXED]
#   -           w_5[12]: -1                   [FIXED]
#   -           w_6[13]: -1                   [FIXED]
#   -           w_7[14]: -1                   [FIXED]
#   -           w_8[15]: -1                   [FIXED]
#----------------------------------------------------------------------------------
# Model[14000]:
#   - NcSNIADistCov : Supernovae Ia Distance Covariance
#----------------------------------------------------------------------------------
# Model parameters
#   -         alpha[00]:  0.145               [FIXED]
#   -          beta[01]:  3.16                [FIXED]
#   -            M1[02]: -19                  [FIXED]
#   -            M2[03]: -19.2                [FIXED]
#   -  lnsigma_pecz[04]: -7.60021041          [FIXED]
#   -  lnsigma_lens[05]: -2.90042209374967    [FIXED]
#   - lnsigma_int_0[06]: -2.52572864430826    [FIXED]
#   - lnsigma_int_1[07]: -2.22562405185792    [FIXED]
#   - lnsigma_int_2[08]: -2.00991547903123    [FIXED]
#   - lnsigma_int_3[09]: -2.30258509299405    [FIXED]
#----------------------------------------------------------------------------------
# Model fitting. Interating using:
#  - solver:            NLOpt:ln-neldermead
#  - differentiation:   Numerical differentiantion (forward)
#...........................................................................................................................................................................................................................................................................................................................................................................................................................................................................................
#  Minimum found with precision: |df|/f =  1.00000e-08 and |dx| =  1.00000e-05
#  Elapsed time: 00 days, 00:39:48.4617510
#  iteration            [004666]
#  function evaluations [004668]
#  gradient evaluations [000000]
#  degrees of freedom   [000754]
#  m2lnL     =     701.789390514481 (     681.27657    0.13499825   0.097264569   0.068366616     1.6458512     5.4870206     8.2057924     3.6996232     1.1739015 )
#  Fit parameters:
#     68.1781463441592     0.237457040581929   -1.94058752172648    -0.843581644128903   -1.42155848339276    -0.357756805585102   -1.07990203456802    -0.0190039214032551  -2.96961653532091    -2.90958499719821    -0.759369656637902    0.14132174355365     3.09377427636979    -19.1301096103087    -19.2005902001174    
#----------------------------------------------------------------------------------
# Restarting:              yes
#  - absolute improvement: 52.6640051662653      
#  - relative improvement: 0.0698041860077339    
#  - m2lnL_0  :            754.453395680746      
#  - m2lnL_1  :            701.789390514481      
#----------------------------------------------------------------------------------
# Model fitting. Interating using:
#  - solver:            NLOpt:ln-neldermead
#  - differentiation:   Numerical differentiantion (forward)
#...........................................................................................................................................................................................................................................
#  Minimum found with precision: |df|/f =  1.00000e-08 and |dx| =  1.00000e-05
#  Elapsed time: 00 days, 00:18:39.4580490
#  iteration            [002260]
#  function evaluations [002262]
#  gradient evaluations [000000]
#  degrees of freedom   [000754]
#  m2lnL     =     701.759002912512 (     681.25575     0.1411593    0.10198144   0.054997668       1.61914     5.5424218     8.2261488     3.7108851      1.106517 )
#  Fit parameters:
#     68.1498363122941     0.238019171071056   -1.88931643901788    -0.8484200386248     -1.39958198194489    -0.399694365806815   -0.998121061265604   -0.588079390293079   -0.00058904501072017 -4.76568231075897    -1.6798841962198      0.141318715579476    3.0936718905902     -19.1292799216104    -19.1999375516872    
#----------------------------------------------------------------------------------
# Restarting:              yes
#  - absolute improvement: 0.0303876019690961    
#  - relative improvement: 4.33001729291162e-05  
#  - m2lnL_1  :            701.789390514481      
#  - m2lnL_2  :            701.759002912512      
#----------------------------------------------------------------------------------
# Model fitting. Interating using:
#  - solver:            NLOpt:ln-neldermead
#  - differentiation:   Numerical differentiantion (forward)
#............................................................................................................................................................................
#  Minimum found with precision: |df|/f =  1.00000e-08 and |dx| =  1.00000e-05
#  Elapsed time: 00 days, 00:12:37.5642360
#  iteration            [001638]
#  function evaluations [001640]
#  gradient evaluations [000000]
#  degrees of freedom   [000754]
#  m2lnL     =      701.75032060533 (     681.28869    0.13431456   0.098226244    0.06747028     1.6425917     5.4926921     8.1829159     3.6763811     1.1670361 )
#  Fit parameters:
#     68.1752416298407     0.23753350412768    -1.936182588528      -0.842725313263496   -1.41811890783894    -0.362984201915308   -1.07766441886453    -0.501432160023409   -0.0256976019517568  -4.97378740665872    -2.0866425219995      0.141339286888406    3.09384135233578    -19.1300305485426    -19.2005382944929    
#----------------------------------------------------------------------------------
# Restarting:              yes
#  - absolute improvement: 0.00868230718197083   
#  - relative improvement: 1.2372206335703e-05   
#  - m2lnL_2  :            701.759002912512      
#  - m2lnL_3  :            701.75032060533       
#----------------------------------------------------------------------------------
# Model fitting. Interating using:
#  - solver:            NLOpt:ln-neldermead
#  - differentiation:   Numerical differentiantion (forward)
#......................................................
#  Minimum found with precision: |df|/f =  1.00000e-08 and |dx| =  1.00000e-05
#  Elapsed time: 00 days, 00:03:26.5408390
#  iteration            [000452]
#  function evaluations [000454]
#  gradient evaluations [000000]
#  degrees of freedom   [000754]
#  m2lnL     =     701.749827677737 (     681.28282    0.13515495   0.098821224    0.06674009     1.6409704     5.4928295     8.1829965     3.6823805     1.1671137 )
#  Fit parameters:
#     68.175171315697      0.237559498435859   -1.93303952208433    -0.843268791194051   -1.41741067712133    -0.365487987276455   -1.08135712657161    -0.50386218909126     0                   -4.99724791606682    -2.08700526457495     0.141349854957762    3.09370844257061    -19.1299496866191    -19.2004818788748    
#----------------------------------------------------------------------------------
# Restarting:              no
#  - absolute improvement: 0.000492927592745218  
#  - relative improvement: 7.02425888911627e-07  
#  - m2lnL_3  :            701.75032060533       
#  - m2lnL_4  :            701.749827677737      
#----------------------------------------------------------------------------------
# Data used:
#   - JLA SNLS3+SDSS Betoule 2014 sys and stat (complete cov)
#   - 6dFGRS -- Beutler (2011), BAO Sample R-Dv
#   - SDSS-DR7-rec -- Padmanabhan (2012), BAO Sample R-Dv
#   - SDSS-DR9-rec -- Anderson (2012), BAO Sample R-Dv
#   - WiggleZ -- Blake (2012), BAO Sample R-Dv
#   - Riess 2008 HST Project sample
#   - Stern 2009 H(z) sample
#   - Moresco 2012 H(z) BC03 sample
#   - WMAP9 distance priors
#----------------------------------------------------------------------------------
# Model[03000]:
#   - NcHICosmo : XCDM - Constant EOS
#----------------------------------------------------------------------------------
# Model parameters
#   -            H0[00]:  68.175171315697     [FREE]
#   -        Omegac[01]:  0.237559498435859   [FREE]
#   -        Omegak[02]:  0                   [FIXED]
#   -       Tgamma0[03]:  2.7245              [FIXED]
#   -            Yp[04]:  0.24                [FIXED]
#   -          ENnu[05]:  3.046               [FIXED]
#   -        Omegab[06]:  0.05                [FIXED]
#   -           w_0[07]: -1.93303952208433    [FREE]
#   -           w_1[08]: -0.843268791194051   [FREE]
#   -           w_2[09]: -1.41741067712133    [FREE]
#   -           w_3[10]: -0.365487987276455   [FREE]
#   -           w_4[11]: -1.08135712657161    [FREE]
#   -           w_5[12]: -0.50386218909126    [FREE]
#   -           w_6[13]:  0                   [FREE]
#   -           w_7[14]: -4.99724791606682    [FREE]
#   -           w_8[15]: -2.08700526457495    [FREE]
#----------------------------------------------------------------------------------
# Model[14000]:
#   - NcSNIADistCov : Supernovae Ia Distance Covariance
#----------------------------------------------------------------------------------
# Model parameters
#   -         alpha[00]:  0.141349854957762   [FREE]
#   -          beta[01]:  3.09370844257061    [FREE]
#   -            M1[02]: -19.1299496866191    [FREE]
#   -            M2[03]: -19.2004818788748    [FREE]
#   -  lnsigma_pecz[04]: -7.60021041          [FIXED]
#   -  lnsigma_lens[05]: -2.90042209374967    [FIXED]
#   - lnsigma_int_0[06]: -2.52572864430826    [FIXED]
#   - lnsigma_int_1[07]: -2.22562405185792    [FIXED]
#   - lnsigma_int_2[08]: -2.00991547903123    [FIXED]
#   - lnsigma_int_3[09]: -2.30258509299405    [FIXED]
#----------------------------------------------------------------------------------
# NcmMSet parameters covariance matrix
#                                                  ----------------------------------------------------------------------------------------------------------------------------------------------------------------------------------------------------------------------------------
#     H0[03000:00] =  68.18       +/-  1.058       |  1           | -0.6755      | -0.3369      |  0.1581      | -0.1732      |  0.1178      | -0.08814     | -nan         | -nan         | -nan         | -0.05417     |  0.03898     |  0.03285     |  0.369       |  0.3532      |
# Omegac[03000:01] =  0.2376      +/-  0.0176      | -0.6755      |  1           |  0.4259      | -0.2015      |  0.2496      | -0.2556      |  0.106       | -nan         | -nan         | -nan         |  0.08067     | -0.04313     | -0.03214     | -0.02244     | -0.03119     |
#    w_0[03000:07] = -1.933       +/-  0.8793      | -0.3369      |  0.4259      |  1           | -0.7042      |  0.5493      | -0.4443      |  0.3109      | -nan         | -nan         | -nan         |  0.04191     | -0.03438     |  0.02366     |  0.4221      |  0.3958      |
#    w_1[03000:08] = -0.8433      +/-  0.2254      |  0.1581      | -0.2015      | -0.7042      |  1           |  0.003798    | -0.1863      |  0.1482      | -nan         | -nan         | -nan         | -0.004932    |  0.02602     | -0.0143      | -0.3044      | -0.2901      |
#    w_2[03000:09] = -1.417       +/-  0.4585      | -0.1732      |  0.2496      |  0.5493      |  0.003798    |  1           | -0.6762      |  0.4449      | -nan         | -nan         | -nan         |  0.0604      |  0.01996     |  0.05595     |  0.0646      |  0.0718      |
#    w_3[03000:10] = -0.3655      +/-  0.9233      |  0.1178      | -0.2556      | -0.4443      | -0.1863      | -0.6762      |  1           | -0.7061      | -nan         | -nan         | -nan         | -0.04975     | -0.01403     | -0.05876     | -0.1054      | -0.1039      |
#    w_4[03000:11] = -1.081       +/-  1.714       | -0.08814     |  0.106       |  0.3109      |  0.1482      |  0.4449      | -0.7061      |  1           | -nan         | -nan         | -nan         |  0.3719      |  0.01247     |  0.05118     |  0.04385     |  0.04569     |
#    w_5[03000:12] = -0.5039      +/- -nan         | -nan         | -nan         | -nan         | -nan         | -nan         | -nan         | -nan         | -1           |  1.705       |  1.791       | -nan         | -nan         | -nan         | -nan         | -nan         |
#    w_6[03000:13] =  0           +/- -nan         | -nan         | -nan         | -nan         | -nan         | -nan         | -nan         | -nan         |  1.705       | -1           | -1.848       | -nan         | -nan         | -nan         | -nan         | -nan         |
#    w_7[03000:14] = -4.997       +/- -nan         | -nan         | -nan         | -nan         | -nan         | -nan         | -nan         | -nan         |  1.791       | -1.848       | -1           | -nan         | -nan         | -nan         | -nan         | -nan         |
#    w_8[03000:15] = -2.087       +/-  542.9       | -0.05417     |  0.08067     |  0.04191     | -0.004932    |  0.0604      | -0.04975     |  0.3719      | -nan         | -nan         | -nan         |  1           | -0.003634    | -0.004309    |  0.008071    |  0.006574    |
#  alpha[14000:00] =  0.1413      +/-  0.009328    |  0.03898     | -0.04313     | -0.03438     |  0.02602     |  0.01996     | -0.01403     |  0.01247     | -nan         | -nan         | -nan         | -0.003634    |  1           | -0.04979     |  0.05413     | -0.128       |
#   beta[14000:01] =  3.094       +/-  0.1139      |  0.03285     | -0.03214     |  0.02366     | -0.0143      |  0.05595     | -0.05876     |  0.05118     | -nan         | -nan         | -nan         | -0.004309    | -0.04979     |  1           |  0.05627     |  0.03608     |
#     M1[14000:02] = -19.13       +/-  0.04208     |  0.369       | -0.02244     |  0.4221      | -0.3044      |  0.0646      | -0.1054      |  0.04385     | -nan         | -nan         | -nan         |  0.008071    |  0.05413     |  0.05627     |  1           |  0.7219      |
#     M2[14000:03] = -19.2        +/-  0.0452      |  0.3532      | -0.03119     |  0.3958      | -0.2901      |  0.0718      | -0.1039      |  0.04569     | -nan         | -nan         | -nan         |  0.006574    | -0.128       |  0.03608     |  0.7219      |  1           |
#                                                  ----------------------------------------------------------------------------------------------------------------------------------------------------------------------------------------------------------------------------------
