#----------------------------------------------------------------------------------
# Model[03000]:
#   - NcHICosmo : XCDM - Constant EOS
#----------------------------------------------------------------------------------
# Model parameters
#   -            H0[00]:  70                  [FIXED]
#   -        Omegac[01]:  0.25                [FIXED]
#   -        Omegak[02]:  0                   [FIXED]
#   -       Tgamma0[03]:  2.7245              [FIXED]
#   -            Yp[04]:  0.24                [FIXED]
#   -          ENnu[05]:  3.046               [FIXED]
#   -        Omegab[06]:  0.05                [FIXED]
#   -           w_0[07]: -1                   [FIXED]
#   -           w_1[08]: -1                   [FIXED]
#   -           w_2[09]: -1                   [FIXED]
#   -           w_3[10]: -1                   [FIXED]
#   -           w_4[11]: -1                   [FIXED]
#   -           w_5[12]: -1                   [FIXED]
#   -           w_6[13]: -1                   [FIXED]
#----------------------------------------------------------------------------------
# Model[14000]:
#   - NcSNIADistCov : Supernovae Ia Distance Covariance
#----------------------------------------------------------------------------------
# Model parameters
#   -         alpha[00]:  0.145               [FIXED]
#   -          beta[01]:  3.16                [FIXED]
#   -            M1[02]: -19                  [FIXED]
#   -            M2[03]: -19.2                [FIXED]
#   -  lnsigma_pecz[04]: -7.60021041          [FIXED]
#   -  lnsigma_lens[05]: -2.90042209374967    [FIXED]
#   - lnsigma_int_0[06]: -2.52572864430826    [FIXED]
#   - lnsigma_int_1[07]: -2.22562405185792    [FIXED]
#   - lnsigma_int_2[08]: -2.00991547903123    [FIXED]
#   - lnsigma_int_3[09]: -2.30258509299405    [FIXED]
#----------------------------------------------------------------------------------
# Model fitting. Interating using:
#  - solver:            NLOpt:ln-neldermead
#  - differentiation:   Numerical differentiantion (forward)
#..................................................................................................................................................................................................................................................................................................................
#  Minimum found with precision: |df|/f =  1.00000e-08 and |dx| =  1.00000e-05
#  Elapsed time: 00 days, 00:24:51.0423330
#  iteration            [002976]
#  function evaluations [002978]
#  gradient evaluations [000000]
#  degrees of freedom   [000756]
#  m2lnL     =     701.294618073039 (      681.1706   0.020707639  0.0052880803    0.28729567     1.3247737     3.8766287     8.5082647     4.6019677     1.4990885 )
#  Fit parameters:
#     69.0746025246714     0.244606053787488   -1.43647059535716    -0.797195500702346   -1.31371287770839    -0.278391176112457   -0.913133266960501   -0.970524761027561   -0.738443211273764    0.141183657936153    3.09610022993395    -19.0817370578081    -19.1525398707156    
#----------------------------------------------------------------------------------
# Restarting:              yes
#  - absolute improvement: 53.1587776077067      
#  - relative improvement: 0.0704599885321496    
#  - m2lnL_0  :            754.453395680746      
#  - m2lnL_1  :            701.294618073039      
#----------------------------------------------------------------------------------
# Model fitting. Interating using:
#  - solver:            NLOpt:ln-neldermead
#  - differentiation:   Numerical differentiantion (forward)
#...........................................................................................................................................................................................................................................................................................................................................................................................................................................................................................................................................
#  Minimum found with precision: |df|/f =  1.00000e-08 and |dx| =  1.00000e-05
#  Elapsed time: 00 days, 00:41:09.6367600
#  iteration            [005147]
#  function evaluations [005149]
#  gradient evaluations [000000]
#  degrees of freedom   [000756]
#  m2lnL     =     700.738612956124 (     681.62095   0.014366032   0.017271231    0.11588694     1.2813643     3.6164382     8.1580055     4.5457597     1.3685729 )
#  Fit parameters:
#     69.2359355793071     0.248103314036811   -1.24350065305057    -0.853420136134219   -1.12959427670211    -0.738335050569385   -0.250542170831113   -0.000428839675161154 -0.164886174662807    0.141036575377946    3.09592471827947    -19.0699745933316    -19.140898070877     
#----------------------------------------------------------------------------------
# Restarting:              yes
#  - absolute improvement: 0.556005116915685     
#  - relative improvement: 0.000792826727293917  
#  - m2lnL_1  :            701.294618073039      
#  - m2lnL_2  :            700.738612956124      
#----------------------------------------------------------------------------------
# Model fitting. Interating using:
#  - solver:            NLOpt:ln-neldermead
#  - differentiation:   Numerical differentiantion (forward)
#.....................................................................................................................................................
#  Minimum found with precision: |df|/f =  1.00000e-08 and |dx| =  1.00000e-05
#  Elapsed time: 00 days, 00:10:23.6519430
#  iteration            [001402]
#  function evaluations [001404]
#  gradient evaluations [000000]
#  degrees of freedom   [000756]
#  m2lnL     =     700.729350198678 (     681.54419   0.014759189   0.017333347    0.14857534     1.2862641      3.550241     8.1586922     4.5852304     1.4240645 )
#  Fit parameters:
#     69.2779000472558     0.248020165376504   -1.24500539929273    -0.85357897318317    -1.14685818150686    -0.739940288724254   -0.217117847594989   -0.00674414736928765 -0.08931241787558     0.141084483647293    3.09622733166144    -19.0689218508704    -19.1395701807295    
#----------------------------------------------------------------------------------
# Restarting:              yes
#  - absolute improvement: 0.00926275744529903   
#  - relative improvement: 1.32185629192365e-05  
#  - m2lnL_2  :            700.738612956124      
#  - m2lnL_3  :            700.729350198678      
#----------------------------------------------------------------------------------
# Model fitting. Interating using:
#  - solver:            NLOpt:ln-neldermead
#  - differentiation:   Numerical differentiantion (forward)
#............................................................................................................................
#  Minimum found with precision: |df|/f =  1.00000e-08 and |dx| =  1.00000e-05
#  Elapsed time: 00 days, 00:08:28.6629590
#  iteration            [001157]
#  function evaluations [001159]
#  gradient evaluations [000000]
#  degrees of freedom   [000756]
#  m2lnL     =     700.713254382788 (     681.63346   0.015114414   0.019432548    0.11309086     1.2829692     3.5885915       8.15222     4.5363079     1.3720632 )
#  Fit parameters:
#     69.2535412685996     0.24828733772671    -1.2365690697369     -0.857721050142407   -1.12391081677962    -0.740152395616524   -0.221183251046488   -0.0235621762573392  -1.0507634440764e-06  0.141066508894802    3.09665356717383    -19.0696698052654    -19.1401955387022    
#----------------------------------------------------------------------------------
# Restarting:              yes
#  - absolute improvement: 0.0160958158908215    
#  - relative improvement: 2.29700895021136e-05  
#  - m2lnL_3  :            700.729350198678      
#  - m2lnL_4  :            700.713254382788      
#----------------------------------------------------------------------------------
# Model fitting. Interating using:
#  - solver:            NLOpt:ln-neldermead
#  - differentiation:   Numerical differentiantion (forward)
#.......................................................................................................................................
#  Minimum found with precision: |df|/f =  1.00000e-08 and |dx| =  1.00000e-05
#  Elapsed time: 00 days, 00:08:55.3997140
#  iteration            [001269]
#  function evaluations [001271]
#  gradient evaluations [000000]
#  degrees of freedom   [000756]
#  m2lnL     =     700.709645881739 (      681.5855   0.014137555   0.016884364    0.12710351     1.2827452     3.5764341     8.1595026     4.5588419     1.3884961 )
#  Fit parameters:
#     69.2612490260643     0.248225679861452   -1.25007505620255    -0.852248495039577   -1.13812855645458    -0.735309140782891   -0.211539464755888   -0.0318363463652145  -0.00165359706141468  0.141081358533105    3.09615216923889    -19.0696482365852    -19.1403870915062    
#----------------------------------------------------------------------------------
# Restarting:              yes
#  - absolute improvement: 0.00360850104812016   
#  - relative improvement: 5.14975423334707e-06  
#  - m2lnL_4  :            700.713254382788      
#  - m2lnL_5  :            700.709645881739      
#----------------------------------------------------------------------------------
# Model fitting. Interating using:
#  - solver:            NLOpt:ln-neldermead
#  - differentiation:   Numerical differentiantion (forward)
#.....................................................
#  Minimum found with precision: |df|/f =  1.00000e-08 and |dx| =  1.00000e-05
#  Elapsed time: 00 days, 00:02:28.8995400
#  iteration            [000449]
#  function evaluations [000451]
#  gradient evaluations [000000]
#  degrees of freedom   [000756]
#  m2lnL     =     700.709434048702 (     681.58541   0.014336033   0.016988011    0.12902307     1.2833572      3.577533     8.1588256     4.5602193     1.3837435 )
#  Fit parameters:
#     69.26055181025       0.248281904899211   -1.2477176799333     -0.853031925633043   -1.13885685057455    -0.735269789961741   -0.211096171953224   -0.032189000103153   -4.16389322857079e-05  0.141089129833752    3.09635640793156    -19.0695582066682    -19.1402802496496    
#----------------------------------------------------------------------------------
# Restarting:              no
#  - absolute improvement: 0.000211833037610631  
#  - relative improvement: 3.0231214720053e-07   
#  - m2lnL_5  :            700.709645881739      
#  - m2lnL_6  :            700.709434048702      
#----------------------------------------------------------------------------------
# Data used:
#   - JLA SNLS3+SDSS Betoule 2014 sys and stat (complete cov)
#   - 6dFGRS -- Beutler (2011), BAO Sample R-Dv
#   - SDSS-DR7-rec -- Padmanabhan (2012), BAO Sample R-Dv
#   - SDSS-DR9-rec -- Anderson (2012), BAO Sample R-Dv
#   - WiggleZ -- Blake (2012), BAO Sample R-Dv
#   - Riess 2008 HST Project sample
#   - Stern 2009 H(z) sample
#   - Moresco 2012 H(z) BC03 sample
#   - WMAP9 distance priors
#----------------------------------------------------------------------------------
# Model[03000]:
#   - NcHICosmo : XCDM - Constant EOS
#----------------------------------------------------------------------------------
# Model parameters
#   -            H0[00]:  69.26055181025      [FREE]
#   -        Omegac[01]:  0.248281904899211   [FREE]
#   -        Omegak[02]:  0                   [FIXED]
#   -       Tgamma0[03]:  2.7245              [FIXED]
#   -            Yp[04]:  0.24                [FIXED]
#   -          ENnu[05]:  3.046               [FIXED]
#   -        Omegab[06]:  0.05                [FIXED]
#   -           w_0[07]: -1.2477176799333     [FREE]
#   -           w_1[08]: -0.853031925633043   [FREE]
#   -           w_2[09]: -1.13885685057455    [FREE]
#   -           w_3[10]: -0.735269789961741   [FREE]
#   -           w_4[11]: -0.211096171953224   [FREE]
#   -           w_5[12]: -0.032189000103153   [FREE]
#   -           w_6[13]: -4.16389322857079e-05 [FREE]
#----------------------------------------------------------------------------------
# Model[14000]:
#   - NcSNIADistCov : Supernovae Ia Distance Covariance
#----------------------------------------------------------------------------------
# Model parameters
#   -         alpha[00]:  0.141089129833752   [FREE]
#   -          beta[01]:  3.09635640793156    [FREE]
#   -            M1[02]: -19.0695582066682    [FREE]
#   -            M2[03]: -19.1402802496496    [FREE]
#   -  lnsigma_pecz[04]: -7.60021041          [FIXED]
#   -  lnsigma_lens[05]: -2.90042209374967    [FIXED]
#   - lnsigma_int_0[06]: -2.52572864430826    [FIXED]
#   - lnsigma_int_1[07]: -2.22562405185792    [FIXED]
#   - lnsigma_int_2[08]: -2.00991547903123    [FIXED]
#   - lnsigma_int_3[09]: -2.30258509299405    [FIXED]
#----------------------------------------------------------------------------------
# NcmMSet parameters covariance matrix
#                                                  ----------------------------------------------------------------------------------------------------------------------------------------------------------------------------------------------------
#     H0[03000:00] =  69.26       +/-  1.5         |  1           | -0.3002      | -0.09595     |  0.1281      | -0.04833     | -0.3482      |  0.3432      |  0.5826      | -nan         |  0.007726    |  0.007186    |  0.725       |  0.704       |
# Omegac[03000:01] =  0.2483      +/-  0.01704     | -0.3002      |  1           |  0.2982      | -0.1458      | -0.00461     |  0.066       | -0.2805      | -0.2224      | -nan         | -0.05351     | -0.05919     |  0.08322     |  0.06879     |
#    w_0[03000:07] = -1.248       +/-  0.6401      | -0.09595     |  0.2982      |  1           | -0.8782      |  0.324       |  0.8321      | -0.4595      |  0.2764      | -nan         | -0.06058     | -0.03264     |  0.3856      |  0.3694      |
#    w_1[03000:08] = -0.853       +/-  0.227       |  0.1281      | -0.1458      | -0.8782      |  1           | -0.3721      | -1.013       |  0.4182      | -0.3669      | -nan         |  0.02544     | -0.007703    | -0.1669      | -0.1668      |
#    w_2[03000:09] = -1.139       +/-  0.3312      | -0.04833     | -0.00461     |  0.324       | -0.3721      |  1           |  0.2633      | -0.8575      |  0.2688      | -nan         |  0.003916    |  0.0002717   |  0.008575    |  0.01448     |
#    w_3[03000:10] = -0.7353      +/-  0.01182     | -0.3482      |  0.066       |  0.8321      | -1.013       |  0.2633      |  1           | -0.3852      | -0.03094     | -nan         | -0.01674     |  0.01982     | -0.05742     | -0.04876     |
#    w_4[03000:11] = -0.2111      +/-  0.3028      |  0.3432      | -0.2805      | -0.4595      |  0.4182      | -0.8575      | -0.3852      |  1           |  0.1614      | -nan         |  0.02037     |  0.02255     |  0.08086     |  0.07789     |
#    w_5[03000:12] = -0.03219     +/-  0.159       |  0.5826      | -0.2224      |  0.2764      | -0.3669      |  0.2688      | -0.03094     |  0.1614      |  1           | -nan         |  0.006141    |  0.01914     |  0.4695      |  0.4613      |
#    w_6[03000:13] = -4.164e-05   +/- -nan         | -nan         | -nan         | -nan         | -nan         | -nan         | -nan         | -nan         | -nan         | -1           | -nan         | -nan         | -nan         | -nan         |
#  alpha[14000:00] =  0.1411      +/-  0.009332    |  0.007726    | -0.05351     | -0.06058     |  0.02544     |  0.003916    | -0.01674     |  0.02037     |  0.006141    | -nan         |  1           | -0.04991     |  0.01602     | -0.1141      |
#   beta[14000:01] =  3.096       +/-  0.1137      |  0.007186    | -0.05919     | -0.03264     | -0.007703    |  0.0002717   |  0.01982     |  0.02255     |  0.01914     | -nan         | -0.04991     |  1           |  0.007299    | -0.00509     |
#     M1[14000:02] = -19.07       +/-  0.06026     |  0.725       |  0.08322     |  0.3856      | -0.1669      |  0.008575    | -0.05742     |  0.08086     |  0.4695      | -nan         |  0.01602     |  0.007299    |  1           |  0.8578      |
#     M2[14000:03] = -19.14       +/-  0.06212     |  0.704       |  0.06879     |  0.3694      | -0.1668      |  0.01448     | -0.04876     |  0.07789     |  0.4613      | -nan         | -0.1141      | -0.00509     |  0.8578      |  1           |
#                                                  ----------------------------------------------------------------------------------------------------------------------------------------------------------------------------------------------------
