#----------------------------------------------------------------------------------
# Model[03000]:
#   - NcHICosmo : XCDM - Constant EOS
#----------------------------------------------------------------------------------
# Model parameters
#   -            H0[00]:  70                  [FIXED]
#   -        Omegac[01]:  0.25                [FIXED]
#   -        Omegak[02]:  0                   [FIXED]
#   -       Tgamma0[03]:  2.7245              [FIXED]
#   -            Yp[04]:  0.24                [FIXED]
#   -          ENnu[05]:  3.046               [FIXED]
#   -        Omegab[06]:  0.05                [FIXED]
#   -           w_0[07]: -1                   [FIXED]
#   -           w_1[08]: -1                   [FIXED]
#   -           w_2[09]: -1                   [FIXED]
#----------------------------------------------------------------------------------
# Model[14000]:
#   - NcSNIADistCov : Supernovae Ia Distance Covariance
#----------------------------------------------------------------------------------
# Model parameters
#   -         alpha[00]:  0.145               [FIXED]
#   -          beta[01]:  3.16                [FIXED]
#   -            M1[02]: -19                  [FIXED]
#   -            M2[03]: -19.2                [FIXED]
#   -  lnsigma_pecz[04]: -7.60021041          [FIXED]
#   -  lnsigma_lens[05]: -2.90042209374967    [FIXED]
#   - lnsigma_int_0[06]: -2.52572864430826    [FIXED]
#   - lnsigma_int_1[07]: -2.22562405185792    [FIXED]
#   - lnsigma_int_2[08]: -2.00991547903123    [FIXED]
#   - lnsigma_int_3[09]: -2.30258509299405    [FIXED]
#----------------------------------------------------------------------------------
# Model fitting. Interating using:
#  - solver:            NLOpt:ln-neldermead
#  - differentiation:   Numerical differentiantion (forward)
#........................................................................
#  Minimum found with precision: |df|/f =  1.00000e-08 and |dx| =  1.00000e-05
#  Elapsed time: 00 days, 00:02:07.4147530
#  iteration            [000635]
#  function evaluations [000637]
#  gradient evaluations [000000]
#  degrees of freedom   [000760]
#  m2lnL     =     704.785042562063 (     682.86985    0.24834284    0.04186161    0.22868189      1.343231     6.1911942     8.7570189     4.4308454    0.67401957 )
#  Fit parameters:
#     67.8282934727296     0.246175613896308   -1.04449738694036    -0.983449768103888   -0.980654460154421    0.141333957774764    3.10159856250254    -19.118793912415     -19.188730259744     
#----------------------------------------------------------------------------------
# Restarting:              yes
#  - absolute improvement: 49.6683531186826      
#  - relative improvement: 0.0658335603007879    
#  - m2lnL_0  :            754.453395680746      
#  - m2lnL_1  :            704.785042562063      
#----------------------------------------------------------------------------------
# Model fitting. Interating using:
#  - solver:            NLOpt:ln-neldermead
#  - differentiation:   Numerical differentiantion (forward)
#.......................................................................................................................................................................................................................
#  Minimum found with precision: |df|/f =  1.00000e-08 and |dx| =  1.00000e-05
#  Elapsed time: 00 days, 00:06:44.3504070
#  iteration            [002069]
#  function evaluations [002071]
#  gradient evaluations [000000]
#  degrees of freedom   [000760]
#  m2lnL     =     702.408149213272 (     683.09815   0.061751023    0.10811058  0.0045122125     1.3701308     3.7658044     8.2502277     4.1775044     1.5719535 )
#  Fit parameters:
#     69.1426366380648     0.244327675093507   -1.05405571338096    -0.970256678416484   -0.0308971199163682   0.141149835710156    3.0977377569008     -19.077986742288     -19.1474905411088    
#----------------------------------------------------------------------------------
# Restarting:              yes
#  - absolute improvement: 2.37689334879167      
#  - relative improvement: 0.0033725082191743    
#  - m2lnL_1  :            704.785042562063      
#  - m2lnL_2  :            702.408149213272      
#----------------------------------------------------------------------------------
# Model fitting. Interating using:
#  - solver:            NLOpt:ln-neldermead
#  - differentiation:   Numerical differentiantion (forward)
#............................................................................................
#  Minimum found with precision: |df|/f =  1.00000e-08 and |dx| =  1.00000e-05
#  Elapsed time: 00 days, 00:02:27.5737860
#  iteration            [000833]
#  function evaluations [000835]
#  gradient evaluations [000000]
#  degrees of freedom   [000760]
#  m2lnL     =     702.280075515466 (     683.12702   0.038627898    0.15464607   0.012560817     1.3787885     3.5772871     8.2254379     4.2375826     1.5281285 )
#  Fit parameters:
#     69.2607078006651     0.246359999967502   -1.04553319349901    -0.963904102692452   -6.62888246602477e-05  0.141296249762132    3.09932102970466    -19.0709271342526    -19.1405032736839    
#----------------------------------------------------------------------------------
# Restarting:              yes
#  - absolute improvement: 0.128073697805917     
#  - relative improvement: 0.000182335153641604  
#  - m2lnL_2  :            702.408149213272      
#  - m2lnL_3  :            702.280075515466      
#----------------------------------------------------------------------------------
# Model fitting. Interating using:
#  - solver:            NLOpt:ln-neldermead
#  - differentiation:   Numerical differentiantion (forward)
#..................................................................
#  Minimum found with precision: |df|/f =  1.00000e-08 and |dx| =  1.00000e-05
#  Elapsed time: 00 days, 00:01:11.9674590
#  iteration            [000573]
#  function evaluations [000575]
#  gradient evaluations [000000]
#  degrees of freedom   [000760]
#  m2lnL     =     702.272164320768 (     683.11593   0.043017373    0.14710819   0.011834717     1.3774563     3.6619587      8.234695     4.2116078     1.4685586 )
#  Fit parameters:
#     69.2073012152268     0.246260849695678   -1.04857291242783    -0.966778433917548   -0.00272663269023245  0.141271122779351    3.10070038563629    -19.073297658468     -19.1433048347088    
#----------------------------------------------------------------------------------
# Restarting:              yes
#  - absolute improvement: 0.00791119469795376   
#  - relative improvement: 1.12650137370721e-05  
#  - m2lnL_3  :            702.280075515466      
#  - m2lnL_4  :            702.272164320768      
#----------------------------------------------------------------------------------
# Model fitting. Interating using:
#  - solver:            NLOpt:ln-neldermead
#  - differentiation:   Numerical differentiantion (forward)
#.............................................................
#  Minimum found with precision: |df|/f =  1.00000e-08 and |dx| =  1.00000e-05
#  Elapsed time: 00 days, 00:00:49.2714010
#  iteration            [000521]
#  function evaluations [000523]
#  gradient evaluations [000000]
#  degrees of freedom   [000760]
#  m2lnL     =      702.26190880155 (     683.11504   0.043528387    0.14398864   0.010771872     1.3769284     3.7142869     8.2384386     4.2048666      1.414064 )
#  Fit parameters:
#     69.1746035220956     0.246370547731067   -1.04829426645125    -0.966802550490062   -2.03418000661315e-05  0.141285035878754    3.09960377801328    -19.0742209353768    -19.1443225098182    
#----------------------------------------------------------------------------------
# Restarting:              yes
#  - absolute improvement: 0.0102555192181626    
#  - relative improvement: 1.46033400427905e-05  
#  - m2lnL_4  :            702.272164320768      
#  - m2lnL_5  :            702.26190880155       
#----------------------------------------------------------------------------------
# Model fitting. Interating using:
#  - solver:            NLOpt:ln-neldermead
#  - differentiation:   Numerical differentiantion (forward)
#....................................................................
#  Minimum found with precision: |df|/f =  1.00000e-08 and |dx| =  1.00000e-05
#  Elapsed time: 00 days, 00:01:22.6130290
#  iteration            [000596]
#  function evaluations [000598]
#  gradient evaluations [000000]
#  degrees of freedom   [000760]
#  m2lnL     =     702.260489483308 (     683.11378   0.043827257    0.14641178   0.012034706     1.3773237     3.7342377     8.2422662     4.1985403     1.3920644 )
#  Fit parameters:
#     69.1621977912526     0.246450849023279   -1.04948755696098    -0.967960760310745   -5.5825404593757e-05  0.141267792588003    3.1000981151388     -19.0747181711727    -19.1448023078047    
#----------------------------------------------------------------------------------
# Restarting:              yes
#  - absolute improvement: 0.00141931824214225   
#  - relative improvement: 2.02106681902255e-06  
#  - m2lnL_5  :            702.26190880155       
#  - m2lnL_6  :            702.260489483308      
#----------------------------------------------------------------------------------
# Model fitting. Interating using:
#  - solver:            NLOpt:ln-neldermead
#  - differentiation:   Numerical differentiantion (forward)
#.....................................
#  Minimum found with precision: |df|/f =  1.00000e-08 and |dx| =  1.00000e-05
#  Elapsed time: 00 days, 00:00:34.7797770
#  iteration            [000289]
#  function evaluations [000291]
#  gradient evaluations [000000]
#  degrees of freedom   [000760]
#  m2lnL     =      702.26035632148 (     683.11383   0.043900259    0.14621196   0.011978524     1.3773024     3.7434574     8.2432357     4.1971467     1.3832927 )
#  Fit parameters:
#     69.1564760465691     0.246469670861951   -1.04954554211615    -0.968034947015116   -2.3250258983609e-06  0.14128239379433     3.10012264480802    -19.0749740960047    -19.1450187271624    
#----------------------------------------------------------------------------------
# Restarting:              no
#  - absolute improvement: 0.00013316182798917   
#  - relative improvement: 1.89618852239779e-07  
#  - m2lnL_6  :            702.260489483308      
#  - m2lnL_7  :            702.26035632148       
#----------------------------------------------------------------------------------
# Data used:
#   - JLA SNLS3+SDSS Betoule 2014 sys and stat (complete cov)
#   - 6dFGRS -- Beutler (2011), BAO Sample R-Dv
#   - SDSS-DR7-rec -- Padmanabhan (2012), BAO Sample R-Dv
#   - SDSS-DR9-rec -- Anderson (2012), BAO Sample R-Dv
#   - WiggleZ -- Blake (2012), BAO Sample R-Dv
#   - Riess 2008 HST Project sample
#   - Stern 2009 H(z) sample
#   - Moresco 2012 H(z) BC03 sample
#   - WMAP9 distance priors
#----------------------------------------------------------------------------------
# Model[03000]:
#   - NcHICosmo : XCDM - Constant EOS
#----------------------------------------------------------------------------------
# Model parameters
#   -            H0[00]:  69.1564760465691    [FREE]
#   -        Omegac[01]:  0.246469670861951   [FREE]
#   -        Omegak[02]:  0                   [FIXED]
#   -       Tgamma0[03]:  2.7245              [FIXED]
#   -            Yp[04]:  0.24                [FIXED]
#   -          ENnu[05]:  3.046               [FIXED]
#   -        Omegab[06]:  0.05                [FIXED]
#   -           w_0[07]: -1.04954554211615    [FREE]
#   -           w_1[08]: -0.968034947015116   [FREE]
#   -           w_2[09]: -2.3250258983609e-06 [FREE]
#----------------------------------------------------------------------------------
# Model[14000]:
#   - NcSNIADistCov : Supernovae Ia Distance Covariance
#----------------------------------------------------------------------------------
# Model parameters
#   -         alpha[00]:  0.14128239379433    [FREE]
#   -          beta[01]:  3.10012264480802    [FREE]
#   -            M1[02]: -19.0749740960047    [FREE]
#   -            M2[03]: -19.1450187271624    [FREE]
#   -  lnsigma_pecz[04]: -7.60021041          [FIXED]
#   -  lnsigma_lens[05]: -2.90042209374967    [FIXED]
#   - lnsigma_int_0[06]: -2.52572864430826    [FIXED]
#   - lnsigma_int_1[07]: -2.22562405185792    [FIXED]
#   - lnsigma_int_2[08]: -2.00991547903123    [FIXED]
#   - lnsigma_int_3[09]: -2.30258509299405    [FIXED]
#----------------------------------------------------------------------------------
# NcmMSet parameters covariance matrix
#                                                  ----------------------------------------------------------------------------------------------------------------------------------------
#     H0[03000:00] =  69.16       +/-  1.237       |  1           |  0.0194      | -0.594       |  0.4222      | -nan         |  0.0002126   | -9.651e-05   |  0.8386      |  0.7882      |
# Omegac[03000:01] =  0.2465      +/-  0.01246     |  0.0194      |  1           | -0.7287      |  0.5458      | -nan         | -0.0179      | -0.02789     |  0.1312      |  0.1172      |
#    w_0[03000:07] = -1.05        +/-  0.00517     | -0.594       | -0.7287      |  1           | -0.5589      | -nan         |  0.01254     |  0.01988     | -0.5792      | -0.54        |
#    w_1[03000:08] = -0.968       +/-  0.0006413   |  0.4222      |  0.5458      | -0.5589      |  1           | -nan         | -0.009793    | -0.0154      |  0.4176      |  0.3891      |
#    w_2[03000:09] = -2.325e-06   +/- -nan         | -nan         | -nan         | -nan         | -nan         | -1           | -nan         | -nan         | -nan         | -nan         |
#  alpha[14000:00] =  0.1413      +/-  0.0093      |  0.0002126   | -0.0179      |  0.01254     | -0.009793    | -nan         |  1           | -0.05775     |  0.07429     | -0.09638     |
#   beta[14000:01] =  3.1         +/-  0.1134      | -9.651e-05   | -0.02789     |  0.01988     | -0.0154      | -nan         | -0.05775     |  1           |  0.0552      |  0.03422     |
#     M1[14000:02] = -19.07       +/-  0.04619     |  0.8386      |  0.1312      | -0.5792      |  0.4176      | -nan         |  0.07429     |  0.0552      |  1           |  0.7669      |
#     M2[14000:03] = -19.15       +/-  0.04914     |  0.7882      |  0.1172      | -0.54        |  0.3891      | -nan         | -0.09638     |  0.03422     |  0.7669      |  1           |
#                                                  ----------------------------------------------------------------------------------------------------------------------------------------
