#----------------------------------------------------------------------------------
# Model[03000]:
#   - NcHICosmo : XCDM - Constant EOS
#----------------------------------------------------------------------------------
# Model parameters
#   -            H0[00]:  70                  [FIXED]
#   -        Omegac[01]:  0.25                [FIXED]
#   -        Omegak[02]:  0                   [FIXED]
#   -       Tgamma0[03]:  2.7245              [FIXED]
#   -            Yp[04]:  0.24                [FIXED]
#   -          ENnu[05]:  3.046               [FIXED]
#   -        Omegab[06]:  0.05                [FIXED]
#   -           w_0[07]: -1                   [FIXED]
#   -           w_1[08]: -1                   [FIXED]
#   -           w_2[09]: -1                   [FIXED]
#   -           w_3[10]: -1                   [FIXED]
#   -           w_4[11]: -1                   [FIXED]
#   -           w_5[12]: -1                   [FIXED]
#----------------------------------------------------------------------------------
# Model[14000]:
#   - NcSNIADistCov : Supernovae Ia Distance Covariance
#----------------------------------------------------------------------------------
# Model parameters
#   -         alpha[00]:  0.145               [FIXED]
#   -          beta[01]:  3.16                [FIXED]
#   -            M1[02]: -19                  [FIXED]
#   -            M2[03]: -19.2                [FIXED]
#   -  lnsigma_pecz[04]: -7.60021041          [FIXED]
#   -  lnsigma_lens[05]: -2.90042209374967    [FIXED]
#   - lnsigma_int_0[06]: -2.52572864430826    [FIXED]
#   - lnsigma_int_1[07]: -2.22562405185792    [FIXED]
#   - lnsigma_int_2[08]: -2.00991547903123    [FIXED]
#   - lnsigma_int_3[09]: -2.30258509299405    [FIXED]
#----------------------------------------------------------------------------------
# Model fitting. Interating using:
#  - solver:            NLOpt:ln-neldermead
#  - differentiation:   Numerical differentiantion (forward)
#................................................................................................................................................................................................................................................................................
#  Minimum found with precision: |df|/f =  1.00000e-08 and |dx| =  1.00000e-05
#  Elapsed time: 00 days, 00:20:59.3816610
#  iteration            [002638]
#  function evaluations [002640]
#  gradient evaluations [000000]
#  degrees of freedom   [000757]
#  m2lnL     =     704.238066619472 (     681.68215    0.20100535    0.09134788     0.1047544     1.2112315     6.0285966     9.1825798     4.9225275    0.81387836 )
#  Fit parameters:
#     67.9072318482136     0.245212640215226   -1.18872058913044    -0.920718415343521   -1.10295448089471    -0.394533474618537   -1.3144820302538     -1.32471696213845     0.141382647378439    3.10177166951292    -19.1204550136975    -19.1904765441151    
#----------------------------------------------------------------------------------
# Restarting:              yes
#  - absolute improvement: 50.2153290612738      
#  - relative improvement: 0.0665585566302135    
#  - m2lnL_0  :            754.453395680746      
#  - m2lnL_1  :            704.238066619472      
#----------------------------------------------------------------------------------
# Model fitting. Interating using:
#  - solver:            NLOpt:ln-neldermead
#  - differentiation:   Numerical differentiantion (forward)
#.........................................................................................................................................................................
#  Minimum found with precision: |df|/f =  1.00000e-08 and |dx| =  1.00000e-05
#  Elapsed time: 00 days, 00:13:04.1099670
#  iteration            [001607]
#  function evaluations [001609]
#  gradient evaluations [000000]
#  degrees of freedom   [000757]
#  m2lnL     =     704.057649428031 (      681.5566    0.20905762    0.10552632   0.073970626     1.2057321      6.060854     9.1499796     4.9472647    0.74866447 )
#  Fit parameters:
#     67.8914875810371     0.244999921382826   -1.19270310913216    -0.918723880909862   -1.13314477665576    -0.172474028065413   -5                   -1.38264984269636     0.141210760532347    3.10280425384249    -19.1212807978591    -19.1914961370704    
#----------------------------------------------------------------------------------
# Restarting:              yes
#  - absolute improvement: 0.180417191440824     
#  - relative improvement: 0.00025618778647805   
#  - m2lnL_1  :            704.238066619472      
#  - m2lnL_2  :            704.057649428031      
#----------------------------------------------------------------------------------
# Model fitting. Interating using:
#  - solver:            NLOpt:ln-neldermead
#  - differentiation:   Numerical differentiantion (forward)
#......................................................................
#  Minimum found with precision: |df|/f =  1.00000e-08 and |dx| =  1.00000e-05
#  Elapsed time: 00 days, 00:05:02.3241090
#  iteration            [000613]
#  function evaluations [000615]
#  gradient evaluations [000000]
#  degrees of freedom   [000757]
#  m2lnL     =     704.046634300144 (     681.57925     0.1971141    0.10214265   0.089412418     1.2068358     6.0016456     9.1338929     4.9206424    0.81569709 )
#  Fit parameters:
#     67.920418490424      0.244798260714574   -1.21476590762925    -0.911508580478612   -1.1250596167263     -0.182802193700688   -5                   -1.35856003394818     0.141391255160131    3.10196843559997    -19.120888094249     -19.1909814290499    
#----------------------------------------------------------------------------------
# Restarting:              yes
#  - absolute improvement: 0.01101512788739      
#  - relative improvement: 1.56452073155353e-05  
#  - m2lnL_2  :            704.057649428031      
#  - m2lnL_3  :            704.046634300144      
#----------------------------------------------------------------------------------
# Model fitting. Interating using:
#  - solver:            NLOpt:ln-neldermead
#  - differentiation:   Numerical differentiantion (forward)
#....................................
#  Minimum found with precision: |df|/f =  1.00000e-08 and |dx| =  1.00000e-05
#  Elapsed time: 00 days, 00:02:16.0662060
#  iteration            [000279]
#  function evaluations [000281]
#  gradient evaluations [000000]
#  degrees of freedom   [000757]
#  m2lnL     =     704.046597961798 (      681.5763    0.19674073    0.10226802   0.089093097     1.2065072     6.0017971     9.1345657      4.921772    0.81755897 )
#  Fit parameters:
#     67.9203442956578     0.244821751790082   -1.21502823786031    -0.911281465794083   -1.12580221742943    -0.182257086220524   -4.99976892877807    -1.34784431432755     0.141401045462158    3.10183005356744    -19.1208978743173    -19.1909289079171    
#----------------------------------------------------------------------------------
# Restarting:              no
#  - absolute improvement: 3.63383464900835e-05  
#  - relative improvement: 5.16135504663062e-08  
#  - m2lnL_3  :            704.046634300144      
#  - m2lnL_4  :            704.046597961798      
#----------------------------------------------------------------------------------
# Data used:
#   - JLA SNLS3+SDSS Betoule 2014 sys and stat (complete cov)
#   - 6dFGRS -- Beutler (2011), BAO Sample R-Dv
#   - SDSS-DR7-rec -- Padmanabhan (2012), BAO Sample R-Dv
#   - SDSS-DR9-rec -- Anderson (2012), BAO Sample R-Dv
#   - WiggleZ -- Blake (2012), BAO Sample R-Dv
#   - Riess 2008 HST Project sample
#   - Stern 2009 H(z) sample
#   - Moresco 2012 H(z) BC03 sample
#   - WMAP9 distance priors
#----------------------------------------------------------------------------------
# Model[03000]:
#   - NcHICosmo : XCDM - Constant EOS
#----------------------------------------------------------------------------------
# Model parameters
#   -            H0[00]:  67.9203442956578    [FREE]
#   -        Omegac[01]:  0.244821751790082   [FREE]
#   -        Omegak[02]:  0                   [FIXED]
#   -       Tgamma0[03]:  2.7245              [FIXED]
#   -            Yp[04]:  0.24                [FIXED]
#   -          ENnu[05]:  3.046               [FIXED]
#   -        Omegab[06]:  0.05                [FIXED]
#   -           w_0[07]: -1.21502823786031    [FREE]
#   -           w_1[08]: -0.911281465794083   [FREE]
#   -           w_2[09]: -1.12580221742943    [FREE]
#   -           w_3[10]: -0.182257086220524   [FREE]
#   -           w_4[11]: -4.99976892877807    [FREE]
#   -           w_5[12]: -1.34784431432755    [FREE]
#----------------------------------------------------------------------------------
# Model[14000]:
#   - NcSNIADistCov : Supernovae Ia Distance Covariance
#----------------------------------------------------------------------------------
# Model parameters
#   -         alpha[00]:  0.141401045462158   [FREE]
#   -          beta[01]:  3.10183005356744    [FREE]
#   -            M1[02]: -19.1208978743173    [FREE]
#   -            M2[03]: -19.1909289079171    [FREE]
#   -  lnsigma_pecz[04]: -7.60021041          [FIXED]
#   -  lnsigma_lens[05]: -2.90042209374967    [FIXED]
#   - lnsigma_int_0[06]: -2.52572864430826    [FIXED]
#   - lnsigma_int_1[07]: -2.22562405185792    [FIXED]
#   - lnsigma_int_2[08]: -2.00991547903123    [FIXED]
#   - lnsigma_int_3[09]: -2.30258509299405    [FIXED]
#----------------------------------------------------------------------------------
# NcmMSet parameters covariance matrix
#                                                  -------------------------------------------------------------------------------------------------------------------------------------------------------------------------------------
#     H0[03000:00] =  67.92       +/-  0.9966      |  1           | -0.6262      | -0.2099      |  0.04688     |  0.02287     |  0.0277      | -0.01088     | -nan         |  0.03817     |  0.04678     |  0.4638      |  0.4436      |
# Omegac[03000:01] =  0.2448      +/-  0.01607     | -0.6262      |  1           |  0.1566      | -0.004128    | -0.2668      |  0.002492    |  0.05033     | -nan         | -0.04488     | -0.05681     | -0.1335      | -0.1401      |
#    w_0[03000:07] = -1.215       +/-  0.5116      | -0.2099      |  0.1566      |  1           | -0.8377      |  0.2125      | -0.09437     |  0.1268      | -nan         | -0.05741     | -0.03112     |  0.4252      |  0.3865      |
#    w_1[03000:08] = -0.9113      +/-  0.1958      |  0.04688     | -0.004128    | -0.8377      |  1           | -0.3912      |  0.08345     | -0.1158      | -nan         |  0.01904     | -0.01615     | -0.2477      | -0.2356      |
#    w_2[03000:09] = -1.126       +/-  0.3267      |  0.02287     | -0.2668      |  0.2125      | -0.3912      |  1           | -0.03265     |  0.06085     | -nan         |  0.01163     |  0.01655     | -0.03614     | -0.02387     |
#    w_3[03000:10] = -0.1823      +/-  0.2022      |  0.0277      |  0.002492    | -0.09437     |  0.08345     | -0.03265     |  1           | -3.394       | -nan         |  0.009369    |  0.007344    | -0.05238     | -0.04664     |
#    w_4[03000:11] = -5           +/-  27.88       | -0.01088     |  0.05033     |  0.1268      | -0.1158      |  0.06085     | -3.394       |  1           | -nan         |  0.0001864   |  0.003757    |  0.02857     |  0.02795     |
#    w_5[03000:12] = -1.348       +/- -nan         | -nan         | -nan         | -nan         | -nan         | -nan         | -nan         | -nan         | -1           | -nan         | -nan         | -nan         | -nan         |
#  alpha[14000:00] =  0.1414      +/-  0.009333    |  0.03817     | -0.04488     | -0.05741     |  0.01904     |  0.01163     |  0.009369    |  0.0001864   | -nan         |  1           | -0.05107     |  0.05662     | -0.1301      |
#   beta[14000:01] =  3.102       +/-  0.1138      |  0.04678     | -0.05681     | -0.03112     | -0.01615     |  0.01655     |  0.007344    |  0.003757    | -nan         | -0.05107     |  1           |  0.04814     |  0.02746     |
#     M1[14000:02] = -19.12       +/-  0.04104     |  0.4638      | -0.1335      |  0.4252      | -0.2477      | -0.03614     | -0.05238     |  0.02857     | -nan         |  0.05662     |  0.04814     |  1           |  0.7076      |
#     M2[14000:03] = -19.19       +/-  0.04414     |  0.4436      | -0.1401      |  0.3865      | -0.2356      | -0.02387     | -0.04664     |  0.02795     | -nan         | -0.1301      |  0.02746     |  0.7076      |  1           |
#                                                  -------------------------------------------------------------------------------------------------------------------------------------------------------------------------------------
