#----------------------------------------------------------------------------------
# Model[03000]:
#   - NcHICosmo : XCDM - Constant EOS
#----------------------------------------------------------------------------------
# Model parameters
#   -            H0[00]:  70                  [FIXED]
#   -        Omegac[01]:  0.25                [FIXED]
#   -        Omegak[02]:  0                   [FIXED]
#   -       Tgamma0[03]:  2.7245              [FIXED]
#   -            Yp[04]:  0.24                [FIXED]
#   -          ENnu[05]:  3.046               [FIXED]
#   -        Omegab[06]:  0.05                [FIXED]
#   -           w_0[07]: -1                   [FIXED]
#   -           w_1[08]: -1                   [FIXED]
#   -           w_2[09]: -1                   [FIXED]
#   -           w_3[10]: -1                   [FIXED]
#   -           w_4[11]: -1                   [FIXED]
#   -           w_5[12]: -1                   [FIXED]
#   -           w_6[13]: -1                   [FIXED]
#----------------------------------------------------------------------------------
# Model[14000]:
#   - NcSNIADistCov : Supernovae Ia Distance Covariance
#----------------------------------------------------------------------------------
# Model parameters
#   -         alpha[00]:  0.145               [FIXED]
#   -          beta[01]:  3.16                [FIXED]
#   -            M1[02]: -19                  [FIXED]
#   -            M2[03]: -19.2                [FIXED]
#   -  lnsigma_pecz[04]: -7.60021041          [FIXED]
#   -  lnsigma_lens[05]: -2.90042209374967    [FIXED]
#   - lnsigma_int_0[06]: -2.52572864430826    [FIXED]
#   - lnsigma_int_1[07]: -2.22562405185792    [FIXED]
#   - lnsigma_int_2[08]: -2.00991547903123    [FIXED]
#   - lnsigma_int_3[09]: -2.30258509299405    [FIXED]
#----------------------------------------------------------------------------------
# Model fitting. Interating using:
#  - solver:            NLOpt:ln-neldermead
#  - differentiation:   Numerical differentiantion (forward)
#......................................................................................................................................................
#  Minimum found with precision: |df|/f =  1.00000e-08 and |dx| =  1.00000e-05
#  Elapsed time: 00 days, 00:02:34.1195190
#  iteration            [001415]
#  function evaluations [001417]
#  gradient evaluations [000000]
#  degrees of freedom   [000757]
#  m2lnL     =     720.476139465927 (     681.01894    0.13064765   0.075822889  0.0015632256     1.1728908     2.5069444     8.4147928     4.8447811     22.309759 )
#  Fit parameters:
#    -0.00643083008852184 -1.41293507725314    -0.868799301403824   -1.19688562870403    -1.24924298481675    -1.37518048244418    -1.01435656683022    -1.03624740247989     0.141555388606185    3.10452403640711    -19.0641620792598    -19.1341851452201    
#----------------------------------------------------------------------------------
# Restarting:              yes
#  - absolute improvement: 33.9772562148192      
#  - relative improvement: 0.0450355931981212    
#  - m2lnL_0  :            754.453395680746      
#  - m2lnL_1  :            720.476139465927      
#----------------------------------------------------------------------------------
# Model fitting. Interating using:
#  - solver:            NLOpt:ln-neldermead
#  - differentiation:   Numerical differentiantion (forward)
#...................................................................................................................................................................................................................................................................
#  Minimum found with precision: |df|/f =  1.00000e-08 and |dx| =  1.00000e-05
#  Elapsed time: 00 days, 00:04:46.7465480
#  iteration            [002501]
#  function evaluations [002503]
#  gradient evaluations [000000]
#  degrees of freedom   [000757]
#  m2lnL     =      702.80130140993 (      681.9714  0.0020825209    0.17679234    0.56481101     1.4287033     2.5069444     8.7524987     4.6349244     2.7631488 )
#  Fit parameters:
#     0.00207384968159256 -1.28420150661104    -0.836596466263387   -1.17155127903949    -0.296869349018982   -0.968357592684306   -0.764639709215144   -1.11013940074205     0.140719536748352    3.09048362389466    -19.0454193810941    -19.115394909471     
#----------------------------------------------------------------------------------
# Restarting:              yes
#  - absolute improvement: 17.674838055997       
#  - relative improvement: 0.0245321629514324    
#  - m2lnL_1  :            720.476139465927      
#  - m2lnL_2  :            702.80130140993       
#----------------------------------------------------------------------------------
# Model fitting. Interating using:
#  - solver:            NLOpt:ln-neldermead
#  - differentiation:   Numerical differentiantion (forward)
#............................................................................................................................................................................................................................................................................................
#  Minimum found with precision: |df|/f =  1.00000e-08 and |dx| =  1.00000e-05
#  Elapsed time: 00 days, 00:05:22.8970460
#  iteration            [002755]
#  function evaluations [002757]
#  gradient evaluations [000000]
#  degrees of freedom   [000757]
#  m2lnL     =      701.64176341023 (     681.68438  1.1026856e-05   0.075664041    0.54520584     1.3881707     2.5069444     8.1478804     4.8623707     2.4311362 )
#  Fit parameters:
#    -0.00596988329288941 -1.29248183354715    -0.81925228018426    -1.22203801063465    -0.500267069066677   -0.735128910559418   -0.71352571486838    -0.00283807233856708  0.140894101829127    3.09319609567462    -19.0441528427791    -19.1150665664534    
#----------------------------------------------------------------------------------
# Restarting:              yes
#  - absolute improvement: 1.15953799970021      
#  - relative improvement: 0.00164988026825504   
#  - m2lnL_2  :            702.80130140993       
#  - m2lnL_3  :            701.64176341023       
#----------------------------------------------------------------------------------
# Model fitting. Interating using:
#  - solver:            NLOpt:ln-neldermead
#  - differentiation:   Numerical differentiantion (forward)
#........................................................................................................................................................................................................................
#  Minimum found with precision: |df|/f =  1.00000e-08 and |dx| =  1.00000e-05
#  Elapsed time: 00 days, 00:03:41.9515300
#  iteration            [002077]
#  function evaluations [002079]
#  gradient evaluations [000000]
#  degrees of freedom   [000757]
#  m2lnL     =     701.342405975297 (     681.86816  0.00045986742    0.10604408    0.30128596     1.3244555     2.5069444     7.8903582      4.974678     2.3700171 )
#  Fit parameters:
#    -0.0121066790346027  -1.18994685114522    -0.841543431547945   -1.10188574228326    -0.86061154821658    -0.990304469941315   -0.432898524247834   -0.012391096821734    0.141012986522944    3.09477407400749    -19.042318366605     -19.1132699974592    
#----------------------------------------------------------------------------------
# Restarting:              yes
#  - absolute improvement: 0.299357434932972     
#  - relative improvement: 0.00042665281707005   
#  - m2lnL_3  :            701.64176341023       
#  - m2lnL_4  :            701.342405975297      
#----------------------------------------------------------------------------------
# Model fitting. Interating using:
#  - solver:            NLOpt:ln-neldermead
#  - differentiation:   Numerical differentiantion (forward)
#......................................................................................
#  Minimum found with precision: |df|/f =  1.00000e-08 and |dx| =  1.00000e-05
#  Elapsed time: 00 days, 00:01:21.1345630
#  iteration            [000779]
#  function evaluations [000781]
#  gradient evaluations [000000]
#  degrees of freedom   [000757]
#  m2lnL     =      701.33811583078 (       681.867  0.00076286276    0.10683332     0.2993182     1.3250387     2.5069444     7.8885088     4.9737322     2.3699787 )
#  Fit parameters:
#    -0.0121429447743638  -1.18047042414779    -0.845521571553343   -1.09903138298545    -0.864100827973894   -0.991824141572382   -0.431177917135482   -4.30006339985618e-05  0.140949761823797    3.09501397098805    -19.0422722964253    -19.1130654176416    
#----------------------------------------------------------------------------------
# Restarting:              yes
#  - absolute improvement: 0.0042901445165171    
#  - relative improvement: 6.11704707995115e-06  
#  - m2lnL_4  :            701.342405975297      
#  - m2lnL_5  :            701.33811583078       
#----------------------------------------------------------------------------------
# Model fitting. Interating using:
#  - solver:            NLOpt:ln-neldermead
#  - differentiation:   Numerical differentiantion (forward)
#.......................................................
#  Minimum found with precision: |df|/f =  1.00000e-08 and |dx| =  1.00000e-05
#  Elapsed time: 00 days, 00:00:48.2634030
#  iteration            [000469]
#  function evaluations [000471]
#  gradient evaluations [000000]
#  degrees of freedom   [000757]
#  m2lnL     =     701.337751190685 (     681.87434  0.00054466705    0.10702902    0.29573597     1.3237785     2.5069444     7.8886663     4.9731316     2.3675786 )
#  Fit parameters:
#    -0.0121404573780589  -1.18621707575907    -0.843081636076206   -1.09865668869263    -0.864402596038411   -0.99064692817565    -0.430566203454977   -0.000369417778146458  0.140974174633389    3.09479886874481    -19.0423383908395    -19.1132128671666    
#----------------------------------------------------------------------------------
# Restarting:              no
#  - absolute improvement: 0.00036464009519932   
#  - relative improvement: 5.19920544696734e-07  
#  - m2lnL_5  :            701.33811583078       
#  - m2lnL_6  :            701.337751190685      
#----------------------------------------------------------------------------------
# Data used:
#   - JLA SNLS3+SDSS Betoule 2014 sys and stat (complete cov)
#   - 6dFGRS -- Beutler (2011), BAO Sample R-Dv
#   - SDSS-DR7-rec -- Padmanabhan (2012), BAO Sample R-Dv
#   - SDSS-DR9-rec -- Anderson (2012), BAO Sample R-Dv
#   - WiggleZ -- Blake (2012), BAO Sample R-Dv
#   - Riess 2008 HST Project sample
#   - Stern 2009 H(z) sample
#   - Moresco 2012 H(z) BC03 sample
#   - WMAP9 distance priors
#----------------------------------------------------------------------------------
# Model[03000]:
#   - NcHICosmo : XCDM - Constant EOS
#----------------------------------------------------------------------------------
# Model parameters
#   -            H0[00]:  70                  [FIXED]
#   -        Omegac[01]:  0.25                [FIXED]
#   -        Omegak[02]: -0.0121404573780589  [FREE]
#   -       Tgamma0[03]:  2.7245              [FIXED]
#   -            Yp[04]:  0.24                [FIXED]
#   -          ENnu[05]:  3.046               [FIXED]
#   -        Omegab[06]:  0.05                [FIXED]
#   -           w_0[07]: -1.18621707575907    [FREE]
#   -           w_1[08]: -0.843081636076206   [FREE]
#   -           w_2[09]: -1.09865668869263    [FREE]
#   -           w_3[10]: -0.864402596038411   [FREE]
#   -           w_4[11]: -0.99064692817565    [FREE]
#   -           w_5[12]: -0.430566203454977   [FREE]
#   -           w_6[13]: -0.000369417778146458 [FREE]
#----------------------------------------------------------------------------------
# Model[14000]:
#   - NcSNIADistCov : Supernovae Ia Distance Covariance
#----------------------------------------------------------------------------------
# Model parameters
#   -         alpha[00]:  0.140974174633389   [FREE]
#   -          beta[01]:  3.09479886874481    [FREE]
#   -            M1[02]: -19.0423383908395    [FREE]
#   -            M2[03]: -19.1132128671666    [FREE]
#   -  lnsigma_pecz[04]: -7.60021041          [FIXED]
#   -  lnsigma_lens[05]: -2.90042209374967    [FIXED]
#   - lnsigma_int_0[06]: -2.52572864430826    [FIXED]
#   - lnsigma_int_1[07]: -2.22562405185792    [FIXED]
#   - lnsigma_int_2[08]: -2.00991547903123    [FIXED]
#   - lnsigma_int_3[09]: -2.30258509299405    [FIXED]
#----------------------------------------------------------------------------------
# NcmMSet parameters covariance matrix
#                                                  -------------------------------------------------------------------------------------------------------------------------------------------------------------------------------------
# Omegak[03000:02] = -0.01214     +/-  0.008139    |  1           | -0.3321      |  0.08157     | -0.3384      |  1.337       | -nan         | -nan         |  4.047       |  0.0006706   | -0.01277     | -0.1585      | -0.1476      |
#    w_0[03000:07] = -1.186       +/-  0.6202      | -0.3321      |  1           | -0.8778      |  0.4129      | -0.2716      | -nan         | -nan         | -0.05641     | -0.04445     | -0.01266     |  0.6234      |  0.572       |
#    w_1[03000:08] = -0.8431      +/-  0.2205      |  0.08157     | -0.8778      |  1           | -0.3892      |  0.1009      | -nan         | -nan         | -0.08602     |  0.0187      | -0.01521     | -0.3766      | -0.3563      |
#    w_2[03000:09] = -1.099       +/-  0.3531      | -0.3384      |  0.4129      | -0.3892      |  1           | -0.4838      | -nan         | -nan         | -0.1394      |  0.004575    |  0.004384    |  0.1112      |  0.1124      |
#    w_3[03000:10] = -0.8644      +/-  1.092       |  1.337       | -0.2716      |  0.1009      | -0.4838      |  1           | -nan         | -nan         | -0.0176      | -0.003941    | -0.01013     | -0.08705     | -0.08445     |
#    w_4[03000:11] = -0.9906      +/- -nan         | -nan         | -nan         | -nan         | -nan         | -nan         | -1           | -1.364       | -nan         | -nan         | -nan         | -nan         | -nan         |
#    w_5[03000:12] = -0.4306      +/- -nan         | -nan         | -nan         | -nan         | -nan         | -nan         | -1.364       | -1           | -nan         | -nan         | -nan         | -nan         | -nan         |
#    w_6[03000:13] = -0.0003694   +/-  0.3531      |  4.047       | -0.05641     | -0.08602     | -0.1394      | -0.0176      | -nan         | -nan         |  1           |  0.01062     |  0.0186      | -0.05464     | -0.04684     |
#  alpha[14000:00] =  0.141       +/-  0.009316    |  0.0006706   | -0.04445     |  0.0187      |  0.004575    | -0.003941    | -nan         | -nan         |  0.01062     |  1           | -0.05328     |  0.04505     | -0.1601      |
#   beta[14000:01] =  3.095       +/-  0.1135      | -0.01277     | -0.01266     | -0.01521     |  0.004384    | -0.01013     | -nan         | -nan         |  0.0186      | -0.05328     |  1           |  0.03459     |  0.01184     |
#     M1[14000:02] = -19.04       +/-  0.03696     | -0.1585      |  0.6234      | -0.3766      |  0.1112      | -0.08705     | -nan         | -nan         | -0.05464     |  0.04505     |  0.03459     |  1           |  0.6449      |
#     M2[14000:03] = -19.11       +/-  0.04023     | -0.1476      |  0.572       | -0.3563      |  0.1124      | -0.08445     | -nan         | -nan         | -0.04684     | -0.1601      |  0.01184     |  0.6449      |  1           |
#                                                  -------------------------------------------------------------------------------------------------------------------------------------------------------------------------------------
