#----------------------------------------------------------------------------------
# Model[03000]:
#   - NcHICosmo : XCDM - Constant EOS
#----------------------------------------------------------------------------------
# Model parameters
#   -            H0[00]:  70                  [FIXED]
#   -        Omegac[01]:  0.25                [FIXED]
#   -        Omegak[02]:  0                   [FIXED]
#   -       Tgamma0[03]:  2.7245              [FIXED]
#   -            Yp[04]:  0.24                [FIXED]
#   -          ENnu[05]:  3.046               [FIXED]
#   -        Omegab[06]:  0.05                [FIXED]
#   -           w_0[07]: -1                   [FIXED]
#   -           w_1[08]: -1                   [FIXED]
#   -           w_2[09]: -1                   [FIXED]
#   -           w_3[10]: -1                   [FIXED]
#----------------------------------------------------------------------------------
# Model[14000]:
#   - NcSNIADistCov : Supernovae Ia Distance Covariance
#----------------------------------------------------------------------------------
# Model parameters
#   -         alpha[00]:  0.145               [FIXED]
#   -          beta[01]:  3.16                [FIXED]
#   -            M1[02]: -19                  [FIXED]
#   -            M2[03]: -19.2                [FIXED]
#   -  lnsigma_pecz[04]: -7.60021041          [FIXED]
#   -  lnsigma_lens[05]: -2.90042209374967    [FIXED]
#   - lnsigma_int_0[06]: -2.52572864430826    [FIXED]
#   - lnsigma_int_1[07]: -2.22562405185792    [FIXED]
#   - lnsigma_int_2[08]: -2.00991547903123    [FIXED]
#   - lnsigma_int_3[09]: -2.30258509299405    [FIXED]
#----------------------------------------------------------------------------------
# Model fitting. Interating using:
#  - solver:            NLOpt:ln-neldermead
#  - differentiation:   Numerical differentiantion (forward)
#......................................................................................................................
#  Minimum found with precision: |df|/f =  1.00000e-08 and |dx| =  1.00000e-05
#  Elapsed time: 00 days, 00:04:39.0060290
#  iteration            [001098]
#  function evaluations [001100]
#  gradient evaluations [000000]
#  degrees of freedom   [000760]
#  m2lnL     =     706.449490823774 (     682.78072   0.012893207    0.94418534     1.7190627     1.6436378     2.5069444     8.1563137     4.5387909     4.1469393 )
#  Fit parameters:
#    -0.0072381491976625  -0.999665657907565   -1.04489913234033    -0.964139445636125   -0.970614774158272    0.140144053434346    3.105041073317      -19.0564565488291    -19.1258141744925    
#----------------------------------------------------------------------------------
# Restarting:              yes
#  - absolute improvement: 48.0039048569724      
#  - relative improvement: 0.0636273958494923    
#  - m2lnL_0  :            754.453395680746      
#  - m2lnL_1  :            706.449490823774      
#----------------------------------------------------------------------------------
# Model fitting. Interating using:
#  - solver:            NLOpt:ln-neldermead
#  - differentiation:   Numerical differentiantion (forward)
#.......................................................................................................................................................................
#  Minimum found with precision: |df|/f =  1.00000e-08 and |dx| =  1.00000e-05
#  Elapsed time: 00 days, 00:07:13.0566080
#  iteration            [001589]
#  function evaluations [001591]
#  gradient evaluations [000000]
#  degrees of freedom   [000760]
#  m2lnL     =     702.872686490507 (     682.24586   0.078814631   0.090598497    0.56999838       1.36509     2.5069444      8.146795     5.3990778      2.469504 )
#  Fit parameters:
#    -0.0169421928437665  -0.815806183811416   -0.98162548108133    -1.3362962022975     -0.00829450375840875  0.140850394856017    3.09784886422814    -19.0322854064928    -19.1030254937319    
#----------------------------------------------------------------------------------
# Restarting:              yes
#  - absolute improvement: 3.57680433326641      
#  - relative improvement: 0.00506307157089969   
#  - m2lnL_1  :            706.449490823774      
#  - m2lnL_2  :            702.872686490507      
#----------------------------------------------------------------------------------
# Model fitting. Interating using:
#  - solver:            NLOpt:ln-neldermead
#  - differentiation:   Numerical differentiantion (forward)
#......................................
#  Minimum found with precision: |df|/f =  1.00000e-08 and |dx| =  1.00000e-05
#  Elapsed time: 00 days, 00:00:59.0875620
#  iteration            [000298]
#  function evaluations [000300]
#  gradient evaluations [000000]
#  degrees of freedom   [000760]
#  m2lnL     =      702.86542660819 (     682.24713   0.079849385    0.08736785    0.55951373     1.3626615     2.5069444     8.1457388     5.4004158     2.4758056 )
#  Fit parameters:
#    -0.0169288221726033  -0.815624752277149   -0.98141527289927    -1.33672548025697    -8.54214902019872e-05  0.140811476316944    3.09669483954603    -19.0322976601433    -19.1028171253061    
#----------------------------------------------------------------------------------
# Restarting:              yes
#  - absolute improvement: 0.00725988231749852   
#  - relative improvement: 1.0328872435985e-05   
#  - m2lnL_2  :            702.872686490507      
#  - m2lnL_3  :            702.86542660819       
#----------------------------------------------------------------------------------
# Model fitting. Interating using:
#  - solver:            NLOpt:ln-neldermead
#  - differentiation:   Numerical differentiantion (forward)
#.......................................
#  Minimum found with precision: |df|/f =  1.00000e-08 and |dx| =  1.00000e-05
#  Elapsed time: 00 days, 00:01:00.0796050
#  iteration            [000302]
#  function evaluations [000304]
#  gradient evaluations [000000]
#  degrees of freedom   [000760]
#  m2lnL     =     702.864945461111 (     682.24675    0.07905247   0.089422846    0.56597575     1.3641316     2.5069444     8.1461492     5.4004438     2.4660755 )
#  Fit parameters:
#    -0.0169577478693462  -0.815617607165116   -0.981417831284584   -1.33672850826674    -7.38538973160331e-05  0.140851815786267    3.09752838244655    -19.0321757796461    -19.1029437416037    
#----------------------------------------------------------------------------------
# Restarting:              no
#  - absolute improvement: 0.000481147078858157  
#  - relative improvement: 6.84550784038452e-07  
#  - m2lnL_3  :            702.86542660819       
#  - m2lnL_4  :            702.864945461111      
#----------------------------------------------------------------------------------
# Data used:
#   - JLA SNLS3+SDSS Betoule 2014 sys and stat (complete cov)
#   - 6dFGRS -- Beutler (2011), BAO Sample R-Dv
#   - SDSS-DR7-rec -- Padmanabhan (2012), BAO Sample R-Dv
#   - SDSS-DR9-rec -- Anderson (2012), BAO Sample R-Dv
#   - WiggleZ -- Blake (2012), BAO Sample R-Dv
#   - Riess 2008 HST Project sample
#   - Stern 2009 H(z) sample
#   - Moresco 2012 H(z) BC03 sample
#   - WMAP9 distance priors
#----------------------------------------------------------------------------------
# Model[03000]:
#   - NcHICosmo : XCDM - Constant EOS
#----------------------------------------------------------------------------------
# Model parameters
#   -            H0[00]:  70                  [FIXED]
#   -        Omegac[01]:  0.25                [FIXED]
#   -        Omegak[02]: -0.0169577478693462  [FREE]
#   -       Tgamma0[03]:  2.7245              [FIXED]
#   -            Yp[04]:  0.24                [FIXED]
#   -          ENnu[05]:  3.046               [FIXED]
#   -        Omegab[06]:  0.05                [FIXED]
#   -           w_0[07]: -0.815617607165116   [FREE]
#   -           w_1[08]: -0.981417831284584   [FREE]
#   -           w_2[09]: -1.33672850826674    [FREE]
#   -           w_3[10]: -7.38538973160331e-05 [FREE]
#----------------------------------------------------------------------------------
# Model[14000]:
#   - NcSNIADistCov : Supernovae Ia Distance Covariance
#----------------------------------------------------------------------------------
# Model parameters
#   -         alpha[00]:  0.140851815786267   [FREE]
#   -          beta[01]:  3.09752838244655    [FREE]
#   -            M1[02]: -19.0321757796461    [FREE]
#   -            M2[03]: -19.1029437416037    [FREE]
#   -  lnsigma_pecz[04]: -7.60021041          [FIXED]
#   -  lnsigma_lens[05]: -2.90042209374967    [FIXED]
#   - lnsigma_int_0[06]: -2.52572864430826    [FIXED]
#   - lnsigma_int_1[07]: -2.22562405185792    [FIXED]
#   - lnsigma_int_2[08]: -2.00991547903123    [FIXED]
#   - lnsigma_int_3[09]: -2.30258509299405    [FIXED]
#----------------------------------------------------------------------------------
# NcmMSet parameters covariance matrix
#                                                  ----------------------------------------------------------------------------------------------------------------------------------------
# Omegak[03000:02] = -0.01696     +/-  0.005497    |  1           | -nan         |  0.6047      |  0.5954      | -nan         | -0.02345     | -0.04324     |  0.257       |  0.2051      |
#    w_0[03000:07] = -0.8156      +/- -nan         | -nan         | -1           | -nan         | -nan         |  5.24e+05    | -nan         | -nan         | -nan         | -nan         |
#    w_1[03000:08] = -0.9814      +/-  0.07127     |  0.6047      | -nan         |  1           |  0.9999      | -nan         | -0.03522     | -0.06605     |  0.3836      |  0.306       |
#    w_2[03000:09] = -1.337       +/-  0.2728      |  0.5954      | -nan         |  0.9999      |  1           | -nan         | -0.03518     | -0.066       |  0.3832      |  0.3057      |
#    w_3[03000:10] = -7.385e-05   +/- -nan         | -nan         |  5.24e+05    | -nan         | -nan         | -1           | -nan         | -nan         | -nan         | -nan         |
#  alpha[14000:00] =  0.1409      +/-  0.009299    | -0.02345     | -nan         | -0.03522     | -0.03518     | -nan         |  1           | -0.05613     |  0.1179      | -0.1601      |
#   beta[14000:01] =  3.098       +/-  0.1135      | -0.04324     | -nan         | -0.06605     | -0.066       | -nan         | -0.05613     |  1           |  0.07521     |  0.03786     |
#     M1[14000:02] = -19.03       +/-  0.02664     |  0.257       | -nan         |  0.3836      |  0.3832      | -nan         |  0.1179      |  0.07521     |  1           |  0.3744      |
#     M2[14000:03] = -19.1        +/-  0.03134     |  0.2051      | -nan         |  0.306       |  0.3057      | -nan         | -0.1601      |  0.03786     |  0.3744      |  1           |
#                                                  ----------------------------------------------------------------------------------------------------------------------------------------
