#----------------------------------------------------------------------------------
# Model[03000]:
#   - NcHICosmo : XCDM - Constant EOS
#----------------------------------------------------------------------------------
# Model parameters
#   -            H0[00]:  70                  [FIXED]
#   -        Omegac[01]:  0.25                [FIXED]
#   -        Omegak[02]:  0                   [FIXED]
#   -       Tgamma0[03]:  2.7245              [FIXED]
#   -            Yp[04]:  0.24                [FIXED]
#   -          ENnu[05]:  3.046               [FIXED]
#   -        Omegab[06]:  0.05                [FIXED]
#   -           w_0[07]: -1                   [FIXED]
#   -           w_1[08]: -1                   [FIXED]
#   -           w_2[09]: -1                   [FIXED]
#   -           w_3[10]: -1                   [FIXED]
#   -           w_4[11]: -1                   [FIXED]
#   -           w_5[12]: -1                   [FIXED]
#   -           w_6[13]: -1                   [FIXED]
#   -           w_7[14]: -1                   [FIXED]
#   -           w_8[15]: -1                   [FIXED]
#----------------------------------------------------------------------------------
# Model[14000]:
#   - NcSNIADistCov : Supernovae Ia Distance Covariance
#----------------------------------------------------------------------------------
# Model parameters
#   -         alpha[00]:  0.145               [FIXED]
#   -          beta[01]:  3.16                [FIXED]
#   -            M1[02]: -19                  [FIXED]
#   -            M2[03]: -19.2                [FIXED]
#   -  lnsigma_pecz[04]: -7.60021041          [FIXED]
#   -  lnsigma_lens[05]: -2.90042209374967    [FIXED]
#   - lnsigma_int_0[06]: -2.52572864430826    [FIXED]
#   - lnsigma_int_1[07]: -2.22562405185792    [FIXED]
#   - lnsigma_int_2[08]: -2.00991547903123    [FIXED]
#   - lnsigma_int_3[09]: -2.30258509299405    [FIXED]
#----------------------------------------------------------------------------------
# Model fitting. Interating using:
#  - solver:            NLOpt:ln-neldermead
#  - differentiation:   Numerical differentiantion (forward)
#.......................................................................................................................................................................................................................................................................................................................................................................................................................................................................................................................................................................................................................................................................................................................................................................................................................................................................
#  Minimum found with precision: |df|/f =  1.00000e-08 and |dx| =  1.00000e-05
#  Elapsed time: 00 days, 00:19:03.8204900
#  iteration            [008305]
#  function evaluations [008307]
#  gradient evaluations [000000]
#  degrees of freedom   [000755]
#  m2lnL     =     701.979792033297 (     682.04706  0.00080974647    0.19968259    0.49861021     1.4502638     2.5069444      7.724927     5.0635666     2.4879275 )
#  Fit parameters:
#    -0.00470463883203611 -1.29050260877293    -0.85451829804549    -1.10027597585016    -0.9170021078868     -1.12639568004291    -0.00932811890243845 -0.457652388122438   -0.00300055718102968 -0.91816220295676     0.141012255192202    3.09320880823955    -19.0423407650277    -19.1116165276308    
#----------------------------------------------------------------------------------
# Restarting:              yes
#  - absolute improvement: 52.4736036474495      
#  - relative improvement: 0.0695518158548447    
#  - m2lnL_0  :            754.453395680746      
#  - m2lnL_1  :            701.979792033297      
#----------------------------------------------------------------------------------
# Model fitting. Interating using:
#  - solver:            NLOpt:ln-neldermead
#  - differentiation:   Numerical differentiantion (forward)
#..........................................................................................................................................................................................
#  Minimum found with precision: |df|/f =  1.00000e-08 and |dx| =  1.00000e-05
#  Elapsed time: 00 days, 00:03:06.5171720
#  iteration            [001777]
#  function evaluations [001779]
#  gradient evaluations [000000]
#  degrees of freedom   [000755]
#  m2lnL     =     701.731047140155 (     682.04585   0.001098914    0.14568573    0.24439992      1.307172     2.5069444     7.8803868     5.2164935       2.38302 )
#  Fit parameters:
#    -0.00932544764655091 -1.09684437605719    -0.871038776080426   -0.982802265361169   -1.11369861129004    -1.0890432844457     -0.0884452303815558  -0.700595264518693   -0.048184320625876   -0.637181941179961    0.140839336530616    3.09419728066618    -19.0381086434208    -19.1088400179282    
#----------------------------------------------------------------------------------
# Restarting:              yes
#  - absolute improvement: 0.248744893141406     
#  - relative improvement: 0.000354347654967264  
#  - m2lnL_1  :            701.979792033297      
#  - m2lnL_2  :            701.731047140155      
#----------------------------------------------------------------------------------
# Model fitting. Interating using:
#  - solver:            NLOpt:ln-neldermead
#  - differentiation:   Numerical differentiantion (forward)
#..........................................................................................................................................................................
#  Minimum found with precision: |df|/f =  1.00000e-08 and |dx| =  1.00000e-05
#  Elapsed time: 00 days, 00:02:49.1517540
#  iteration            [001612]
#  function evaluations [001614]
#  gradient evaluations [000000]
#  degrees of freedom   [000755]
#  m2lnL     =     701.496442045253 (     681.81887  0.00029376307    0.11234939    0.26689782     1.2662001     2.5069444     7.9931838     5.1502299     2.3814709 )
#  Fit parameters:
#    -0.00384448364385792 -1.13339028246087    -0.85104625744033    -0.973215137550357   -1.28018174509721    -0.713503993682057   -0.0153840281846047  -0.380769362218251   -2.77425537351065e-06 -0.391053624973138    0.14108680134847     3.09683608251115    -19.0404183964634    -19.1114134109121    
#----------------------------------------------------------------------------------
# Restarting:              yes
#  - absolute improvement: 0.234605094902349     
#  - relative improvement: 0.000334323379104377  
#  - m2lnL_2  :            701.731047140155      
#  - m2lnL_3  :            701.496442045253      
#----------------------------------------------------------------------------------
# Model fitting. Interating using:
#  - solver:            NLOpt:ln-neldermead
#  - differentiation:   Numerical differentiantion (forward)
#.............................................................................................................................................................................................................................................................................................................................................................
#  Minimum found with precision: |df|/f =  1.00000e-08 and |dx| =  1.00000e-05
#  Elapsed time: 00 days, 00:06:01.5877310
#  iteration            [003405]
#  function evaluations [003407]
#  gradient evaluations [000000]
#  degrees of freedom   [000755]
#  m2lnL     =     701.396219833678 (     681.76246  0.00027144927   0.083655542    0.24416937     1.2388249     2.5069444     8.1672137     5.0401005     2.3525796 )
#  Fit parameters:
#     0.00441515794093001 -1.15143769973263    -0.843923151801311   -0.965142110055834   -1.39107914553294    -0.276896475498103   -0.0282518745740235  -0.332866476549282   -0.00547773044668359 -0.0736126247296983   0.141060463957832    3.09665016721739    -19.042227327909     -19.1130189995909    
#----------------------------------------------------------------------------------
# Restarting:              yes
#  - absolute improvement: 0.10022221157476      
#  - relative improvement: 0.00014286916592557   
#  - m2lnL_3  :            701.496442045253      
#  - m2lnL_4  :            701.396219833678      
#----------------------------------------------------------------------------------
# Model fitting. Interating using:
#  - solver:            NLOpt:ln-neldermead
#  - differentiation:   Numerical differentiantion (forward)
#...........................................................................................................................................................................................................................................................................................
#  Minimum found with precision: |df|/f =  1.00000e-08 and |dx| =  1.00000e-05
#  Elapsed time: 00 days, 00:04:49.6612830
#  iteration            [002747]
#  function evaluations [002749]
#  gradient evaluations [000000]
#  degrees of freedom   [000755]
#  m2lnL     =     701.334250702314 (     681.73765  0.00042713207   0.089818297    0.26150695     1.2626654     2.5069444     8.0884544     5.0282134     2.3585688 )
#  Fit parameters:
#     0.000935219526822101 -1.17060690846422    -0.846166468541474   -0.983572361611878   -1.31537188644024    -0.420702234971408   -0.0543914037606496  -0.307941645984882   -0.048076664043732   -0.00924277533744598  0.140977935395569    3.09618466953252    -19.0424742126215    -19.1133208368761    
#----------------------------------------------------------------------------------
# Restarting:              yes
#  - absolute improvement: 0.0619691313644353    
#  - relative improvement: 8.83511054267301e-05  
#  - m2lnL_4  :            701.396219833678      
#  - m2lnL_5  :            701.334250702314      
#----------------------------------------------------------------------------------
# Model fitting. Interating using:
#  - solver:            NLOpt:ln-neldermead
#  - differentiation:   Numerical differentiantion (forward)
#........................................................................................................................................
#  Minimum found with precision: |df|/f =  1.00000e-08 and |dx| =  1.00000e-05
#  Elapsed time: 00 days, 00:02:12.7476830
#  iteration            [001273]
#  function evaluations [001275]
#  gradient evaluations [000000]
#  degrees of freedom   [000755]
#  m2lnL     =     701.328818627365 (      681.7435  0.0003043921   0.092643508    0.26650906      1.272414     2.5069444     8.0825943     5.0051893      2.358722 )
#  Fit parameters:
#     0.00118377353007294 -1.18494720790584    -0.845777492286436   -0.991279843311623   -1.28900743454725    -0.428174323386866   -0.0600228177627191  -0.298152787097228   -0.0528255703028444  -3.45144036773988e-07  0.14104251251526     3.09631264916314    -19.0426771515797    -19.113407904584     
#----------------------------------------------------------------------------------
# Restarting:              yes
#  - absolute improvement: 0.00543207494843045   
#  - relative improvement: 7.74534388273608e-06  
#  - m2lnL_5  :            701.334250702314      
#  - m2lnL_6  :            701.328818627365      
#----------------------------------------------------------------------------------
# Model fitting. Interating using:
#  - solver:            NLOpt:ln-neldermead
#  - differentiation:   Numerical differentiantion (forward)
#......................................................................................................................................................................................
#  Minimum found with precision: |df|/f =  1.00000e-08 and |dx| =  1.00000e-05
#  Elapsed time: 00 days, 00:02:58.8993980
#  iteration            [001737]
#  function evaluations [001739]
#  gradient evaluations [000000]
#  degrees of freedom   [000755]
#  m2lnL     =     701.317992509457 (     681.76259  0.00026027468    0.10319219    0.26613208     1.2801058     2.5069444     8.0264794     5.0147073     2.3575774 )
#  Fit parameters:
#    -0.00235537203462189 -1.18549925840169    -0.846337923629593   -0.989219675584186   -1.25004048998602    -0.546532989150437   -0.0887096621122653  -0.350270014024248   -0.0745075930123673  -3.45590631191628e-05  0.140999261129559    3.09604532414396    -19.0427516561993    -19.1134633471721    
#----------------------------------------------------------------------------------
# Restarting:              yes
#  - absolute improvement: 0.0108261179080955    
#  - relative improvement: 1.5436579277156e-05   
#  - m2lnL_6  :            701.328818627365      
#  - m2lnL_7  :            701.317992509457      
#----------------------------------------------------------------------------------
# Model fitting. Interating using:
#  - solver:            NLOpt:ln-neldermead
#  - differentiation:   Numerical differentiantion (forward)
#.........................................................................................................................................................
#  Minimum found with precision: |df|/f =  1.00000e-08 and |dx| =  1.00000e-05
#  Elapsed time: 00 days, 00:02:29.7278730
#  iteration            [001440]
#  function evaluations [001442]
#  gradient evaluations [000000]
#  degrees of freedom   [000755]
#  m2lnL     =     701.310397663766 (     681.76712  0.00035857902    0.10659988    0.27595656     1.2967475     2.5069444     7.9694707     5.0264193     2.3607818 )
#  Fit parameters:
#    -0.0041491690373297  -1.19555633495953    -0.848247582410212   -1.00235741236012    -1.20174112062593    -0.671365897174715   -0.0995775873892339  -0.31869817186801    -0.0890786507265552  -0.000140335650796254  0.141003019474754    3.09530855007388    -19.0426641049369    -19.1134869210756    
#----------------------------------------------------------------------------------
# Restarting:              yes
#  - absolute improvement: 0.00759484569141478   
#  - relative improvement: 1.08293894817084e-05  
#  - m2lnL_7  :            701.317992509457      
#  - m2lnL_8  :            701.310397663766      
#----------------------------------------------------------------------------------
# Model fitting. Interating using:
#  - solver:            NLOpt:ln-neldermead
#  - differentiation:   Numerical differentiantion (forward)
#...........................................................................................................................................................................................................................................................................
#  Minimum found with precision: |df|/f =  1.00000e-08 and |dx| =  1.00000e-05
#  Elapsed time: 00 days, 00:04:25.3077530
#  iteration            [002583]
#  function evaluations [002585]
#  gradient evaluations [000000]
#  degrees of freedom   [000755]
#  m2lnL     =     701.300669669309 (     681.72997  0.00022253599     0.0975525    0.27040805     1.2795577     2.5069444     8.0536565     5.0003664     2.3619867 )
#  Fit parameters:
#     0.00317361953471967 -1.19725920659381    -0.848247338755905   -0.998914755907434   -1.2746592510556     -0.486557615562758   -4.08775500235803e-06 -0.19492616399334    -0.0762759060513272  -0.000788842096946938  0.141023743467162    3.0956388870906     -19.0430244606745    -19.1137670202536    
#----------------------------------------------------------------------------------
# Restarting:              yes
#  - absolute improvement: 0.00972799445628425   
#  - relative improvement: 1.38711681570536e-05  
#  - m2lnL_8  :            701.310397663766      
#  - m2lnL_9  :            701.300669669309      
#----------------------------------------------------------------------------------
# Model fitting. Interating using:
#  - solver:            NLOpt:ln-neldermead
#  - differentiation:   Numerical differentiantion (forward)
#..............................................................................................................................................................................................................................
#  Minimum found with precision: |df|/f =  1.00000e-08 and |dx| =  1.00000e-05
#  Elapsed time: 00 days, 00:03:46.5567350
#  iteration            [002130]
#  function evaluations [002132]
#  gradient evaluations [000000]
#  degrees of freedom   [000755]
#  m2lnL     =     701.280760364004 (     681.73732  0.00026130764    0.10589029    0.27536715     1.2942731     2.5069444     7.9749722     5.0241542     2.3615794 )
#  Fit parameters:
#     0.00212769893894666 -1.20438827534414    -0.85214358229266    -1.00924075142985    -1.22610286911889    -0.663572998760396   -0.00487013647882636 -0.063221696081039   -0.0665524767132551  -0.0222171403837315   0.141003589174056    3.09583753808922    -19.0426156658424    -19.113573512584     
#----------------------------------------------------------------------------------
# Restarting:              yes
#  - absolute improvement: 0.0199093053056458    
#  - relative improvement: 2.83891149213273e-05  
#  - m2lnL_9  :            701.300669669309      
#  - m2lnL_10 :            701.280760364004      
#----------------------------------------------------------------------------------
# Model fitting. Interating using:
#  - solver:            NLOpt:ln-neldermead
#  - differentiation:   Numerical differentiantion (forward)
#...........................................................................................................................................................
#  Minimum found with precision: |df|/f =  1.00000e-08 and |dx| =  1.00000e-05
#  Elapsed time: 00 days, 00:02:41.5589660
#  iteration            [001466]
#  function evaluations [001468]
#  gradient evaluations [000000]
#  degrees of freedom   [000755]
#  m2lnL     =     701.267520094506 (     681.72039  0.00022281154    0.10665238    0.27890464     1.2935175     2.5069444     7.9829444      5.017249     2.3606984 )
#  Fit parameters:
#     0.00296873645200271 -1.20763699947359    -0.852184796467275   -1.00950995166166    -1.23479621200473    -0.649751716456557   -0.000118706444856665 -0.0420255708390075  -0.0694201360785156  -1.8512334748289e-05  0.141030740033954    3.09569859201331    -19.0430770973895    -19.1139279801589    
#----------------------------------------------------------------------------------
# Restarting:              yes
#  - absolute improvement: 0.0132402694972598    
#  - relative improvement: 1.88801265421674e-05  
#  - m2lnL_10 :            701.280760364004      
#  - m2lnL_11 :            701.267520094506      
#----------------------------------------------------------------------------------
# Model fitting. Interating using:
#  - solver:            NLOpt:ln-neldermead
#  - differentiation:   Numerical differentiantion (forward)
#....................................................................................................................................................
#  Minimum found with precision: |df|/f =  1.00000e-08 and |dx| =  1.00000e-05
#  Elapsed time: 00 days, 00:02:34.2884030
#  iteration            [001396]
#  function evaluations [001398]
#  gradient evaluations [000000]
#  degrees of freedom   [000755]
#  m2lnL     =     701.260937806449 (     681.72219  0.00026605168    0.10484959    0.27483052     1.2935939     2.5069444     7.9728787     5.0252731     2.3601129 )
#  Fit parameters:
#     0.00361158035805501 -1.20806213781518    -0.853131083505913   -1.01168294190227    -1.23235658140809    -0.675371242390176   -0.000924755162141145  0                   -0.0612451844390111  -0.00195708242688901  0.140997122218884    3.09542373424533    -19.0429497516163    -19.1137918528155    
#----------------------------------------------------------------------------------
# Restarting:              yes
#  - absolute improvement: 0.00658228805741601   
#  - relative improvement: 9.3862725262521e-06   
#  - m2lnL_11 :            701.267520094506      
#  - m2lnL_12 :            701.260937806449      
#----------------------------------------------------------------------------------
# Model fitting. Interating using:
#  - solver:            NLOpt:ln-neldermead
#  - differentiation:   Numerical differentiantion (forward)
#..............................................................
#  Minimum found with precision: |df|/f =  1.00000e-08 and |dx| =  1.00000e-05
#  Elapsed time: 00 days, 00:00:57.1987780
#  iteration            [000531]
#  function evaluations [000533]
#  gradient evaluations [000000]
#  degrees of freedom   [000755]
#  m2lnL     =     701.260133441666 (     681.72489  0.00028430135     0.1046914    0.27205181     1.2928746     2.5069444     7.9737626     5.0234394     2.3611957 )
#  Fit parameters:
#     0.00368601413970597 -1.20700770714205    -0.853481582312253   -1.01087708674179    -1.23220133040053    -0.672773830778727   -0.00123312246416871 -0.000122296248289495 -0.0615277821128792  -1.63310583907674e-07  0.141001269662217    3.09557703707986    -19.042922715993     -19.1137420862259    
#----------------------------------------------------------------------------------
# Restarting:              no
#  - absolute improvement: 0.000804364782652556  
#  - relative improvement: 1.14702636249584e-06  
#  - m2lnL_12 :            701.260937806449      
#  - m2lnL_13 :            701.260133441666      
#----------------------------------------------------------------------------------
# Data used:
#   - JLA SNLS3+SDSS Betoule 2014 sys and stat (complete cov)
#   - 6dFGRS -- Beutler (2011), BAO Sample R-Dv
#   - SDSS-DR7-rec -- Padmanabhan (2012), BAO Sample R-Dv
#   - SDSS-DR9-rec -- Anderson (2012), BAO Sample R-Dv
#   - WiggleZ -- Blake (2012), BAO Sample R-Dv
#   - Riess 2008 HST Project sample
#   - Stern 2009 H(z) sample
#   - Moresco 2012 H(z) BC03 sample
#   - WMAP9 distance priors
#----------------------------------------------------------------------------------
# Model[03000]:
#   - NcHICosmo : XCDM - Constant EOS
#----------------------------------------------------------------------------------
# Model parameters
#   -            H0[00]:  70                  [FIXED]
#   -        Omegac[01]:  0.25                [FIXED]
#   -        Omegak[02]:  0.00368601413970597 [FREE]
#   -       Tgamma0[03]:  2.7245              [FIXED]
#   -            Yp[04]:  0.24                [FIXED]
#   -          ENnu[05]:  3.046               [FIXED]
#   -        Omegab[06]:  0.05                [FIXED]
#   -           w_0[07]: -1.20700770714205    [FREE]
#   -           w_1[08]: -0.853481582312253   [FREE]
#   -           w_2[09]: -1.01087708674179    [FREE]
#   -           w_3[10]: -1.23220133040053    [FREE]
#   -           w_4[11]: -0.672773830778727   [FREE]
#   -           w_5[12]: -0.00123312246416871 [FREE]
#   -           w_6[13]: -0.000122296248289495 [FREE]
#   -           w_7[14]: -0.0615277821128792  [FREE]
#   -           w_8[15]: -1.63310583907674e-07 [FREE]
#----------------------------------------------------------------------------------
# Model[14000]:
#   - NcSNIADistCov : Supernovae Ia Distance Covariance
#----------------------------------------------------------------------------------
# Model parameters
#   -         alpha[00]:  0.141001269662217   [FREE]
#   -          beta[01]:  3.09557703707986    [FREE]
#   -            M1[02]: -19.042922715993     [FREE]
#   -            M2[03]: -19.1137420862259    [FREE]
#   -  lnsigma_pecz[04]: -7.60021041          [FIXED]
#   -  lnsigma_lens[05]: -2.90042209374967    [FIXED]
#   - lnsigma_int_0[06]: -2.52572864430826    [FIXED]
#   - lnsigma_int_1[07]: -2.22562405185792    [FIXED]
#   - lnsigma_int_2[08]: -2.00991547903123    [FIXED]
#   - lnsigma_int_3[09]: -2.30258509299405    [FIXED]
#----------------------------------------------------------------------------------
# NcmMSet parameters covariance matrix
#                                                  -------------------------------------------------------------------------------------------------------------------------------------------------------------------------------------------------------------------
# Omegak[03000:02] =  0.003686    +/-  0.05559     |  1           | -0.08037     | -0.1952      | -0.1879      | -0.7131      |  0.9527      |  0.4922      | -nan         |  0.1558      | -0.04986     |  0.004583    |  0.01307     | -0.03574     | -0.03079     |
#    w_0[03000:07] = -1.207       +/-  0.7587      | -0.08037     |  1           | -0.8436      |  0.3941      | -0.02515     | -0.104       | -0.08731     | -nan         |  0.07226     | -0.0399      | -0.03152     |  0.01617     |  0.6164      |  0.5716      |
#    w_1[03000:08] = -0.8535      +/-  0.2208      | -0.1952      | -0.8436      |  1           | -0.09936     |  0.1432      | -0.1862      | -0.133       | -nan         | -0.01723     | -0.01661     |  0.01201     | -0.03928     | -0.3976      | -0.3782      |
#    w_2[03000:09] = -1.011       +/-  0.3593      | -0.1879      |  0.3941      | -0.09936     |  1           | -0.09916     | -0.2514      | -0.1711      | -nan         |  0.08707     | -0.0696      |  0.01813     |  0.03094     |  0.07367     |  0.0798      |
#    w_3[03000:10] = -1.232       +/-  0.1432      | -0.7131      | -0.02515     |  0.1432      | -0.09916     |  1           | -0.6718      |  0.3015      | -nan         | -0.9208      |  0.7704      | -0.01044     | -0.02255     |  0.02759     |  0.02041     |
#    w_4[03000:11] = -0.6728      +/-  1.58        |  0.9527      | -0.104       | -0.1862      | -0.2514      | -0.6718      |  1           |  0.1899      | -nan         |  0.4494      | -0.1052      |  0.005018    |  0.01341     | -0.05515     | -0.0487      |
#    w_5[03000:12] = -0.001233    +/-  0.6046      |  0.4922      | -0.08731     | -0.133       | -0.1711      |  0.3015      |  0.1899      |  1           | -nan         | -0.7713      |  0.02708     |  0.000398    | -0.002799    | -0.03227     | -0.02923     |
#    w_6[03000:13] = -0.0001223   +/- -nan         | -nan         | -nan         | -nan         | -nan         | -nan         | -nan         | -nan         | -1           | -nan         | -nan         | -nan         | -nan         | -nan         | -nan         |
#    w_7[03000:14] = -0.06153     +/-  0.4534      |  0.1558      |  0.07226     | -0.01723     |  0.08707     | -0.9208      |  0.4494      | -0.7713      | -nan         |  1           | -0.1332      |  0.003673    |  0.0154      |  0.01809     |  0.01849     |
#    w_8[03000:15] = -1.633e-07   +/-  0.0006321   | -0.04986     | -0.0399      | -0.01661     | -0.0696      |  0.7704      | -0.1052      |  0.02708     | -nan         | -0.1332      |  1           | -0.002685    | -0.009314    | -0.00901     | -0.009183    |
#  alpha[14000:00] =  0.141       +/-  0.009317    |  0.004583    | -0.03152     |  0.01201     |  0.01813     | -0.01044     |  0.005018    |  0.000398    | -nan         |  0.003673    | -0.002685    |  1           | -0.05297     |  0.04657     | -0.1551      |
#   beta[14000:01] =  3.096       +/-  0.1136      |  0.01307     |  0.01617     | -0.03928     |  0.03094     | -0.02255     |  0.01341     | -0.002799    | -nan         |  0.0154      | -0.009314    | -0.05297     |  1           |  0.04424     |  0.02168     |
#     M1[14000:02] = -19.04       +/-  0.03762     | -0.03574     |  0.6164      | -0.3976      |  0.07367     |  0.02759     | -0.05515     | -0.03227     | -nan         |  0.01809     | -0.00901     |  0.04657     |  0.04424     |  1           |  0.657       |
#     M2[14000:03] = -19.11       +/-  0.04092     | -0.03079     |  0.5716      | -0.3782      |  0.0798      |  0.02041     | -0.0487      | -0.02923     | -nan         |  0.01849     | -0.009183    | -0.1551      |  0.02168     |  0.657       |  1           |
#                                                  -------------------------------------------------------------------------------------------------------------------------------------------------------------------------------------------------------------------
