#----------------------------------------------------------------------------------
# Model[03000]:
#   - NcHICosmo : XCDM - Constant EOS
#----------------------------------------------------------------------------------
# Model parameters
#   -            H0[00]:  70                  [FIXED]
#   -        Omegac[01]:  0.25                [FIXED]
#   -        Omegak[02]:  0                   [FIXED]
#   -       Tgamma0[03]:  2.7245              [FIXED]
#   -            Yp[04]:  0.24                [FIXED]
#   -          ENnu[05]:  3.046               [FIXED]
#   -        Omegab[06]:  0.05                [FIXED]
#   -           w_0[07]: -1                   [FIXED]
#   -           w_1[08]: -1                   [FIXED]
#   -           w_2[09]: -1                   [FIXED]
#   -           w_3[10]: -1                   [FIXED]
#   -           w_4[11]: -1                   [FIXED]
#----------------------------------------------------------------------------------
# Model[14000]:
#   - NcSNIADistCov : Supernovae Ia Distance Covariance
#----------------------------------------------------------------------------------
# Model parameters
#   -         alpha[00]:  0.145               [FIXED]
#   -          beta[01]:  3.16                [FIXED]
#   -            M1[02]: -19                  [FIXED]
#   -            M2[03]: -19.2                [FIXED]
#   -  lnsigma_pecz[04]: -7.60021041          [FIXED]
#   -  lnsigma_lens[05]: -2.90042209374967    [FIXED]
#   - lnsigma_int_0[06]: -2.52572864430826    [FIXED]
#   - lnsigma_int_1[07]: -2.22562405185792    [FIXED]
#   - lnsigma_int_2[08]: -2.00991547903123    [FIXED]
#   - lnsigma_int_3[09]: -2.30258509299405    [FIXED]
#----------------------------------------------------------------------------------
# Model fitting. Interating using:
#  - solver:            NLOpt:ln-neldermead
#  - differentiation:   Numerical differentiantion (forward)
#.............................................................................................................................................................................................
#  Minimum found with precision: |df|/f =  1.00000e-08 and |dx| =  1.00000e-05
#  Elapsed time: 00 days, 00:07:23.2356900
#  iteration            [001809]
#  function evaluations [001811]
#  gradient evaluations [000000]
#  degrees of freedom   [000759]
#  m2lnL     =     704.962946322306 (     683.99415  0.0070401963    0.54105572    0.65790441     1.4516642     2.5069444     7.9253551     4.6937822     3.1850491 )
#  Fit parameters:
#    -0.0101242934322208  -0.989292890183586   -0.977536726913986   -1.00524697186029    -1.01506015066448    -1.01209322623223     0.140014609892735    3.05771106075111    -19.0653594766147    -19.1299056997043    
#----------------------------------------------------------------------------------
# Restarting:              yes
#  - absolute improvement: 49.4904493584403      
#  - relative improvement: 0.0655977554634569    
#  - m2lnL_0  :            754.453395680746      
#  - m2lnL_1  :            704.962946322306      
#----------------------------------------------------------------------------------
# Model fitting. Interating using:
#  - solver:            NLOpt:ln-neldermead
#  - differentiation:   Numerical differentiantion (forward)
#.......................................................................................................................................................
#  Minimum found with precision: |df|/f =  1.00000e-08 and |dx| =  1.00000e-05
#  Elapsed time: 00 days, 00:05:47.3451530
#  iteration            [001422]
#  function evaluations [001424]
#  gradient evaluations [000000]
#  degrees of freedom   [000759]
#  m2lnL     =     701.986950897669 (     682.31534   0.030542762    0.19741932    0.31959696     1.3563317     2.5069444     7.8673455     4.9835489     2.4098771 )
#  Fit parameters:
#    -0.0136408206866914  -0.91157613099982    -0.960943061270921   -1.04893225780649    -0.925144890767887    0                    0.140944991364459    3.09732034658428    -19.0372414251627    -19.1077383178225    
#----------------------------------------------------------------------------------
# Restarting:              yes
#  - absolute improvement: 2.97599542463706      
#  - relative improvement: 0.00422149198076639   
#  - m2lnL_1  :            704.962946322306      
#  - m2lnL_2  :            701.986950897669      
#----------------------------------------------------------------------------------
# Model fitting. Interating using:
#  - solver:            NLOpt:ln-neldermead
#  - differentiation:   Numerical differentiantion (forward)
#........................................
#  Minimum found with precision: |df|/f =  1.00000e-08 and |dx| =  1.00000e-05
#  Elapsed time: 00 days, 00:01:04.0728830
#  iteration            [000317]
#  function evaluations [000319]
#  gradient evaluations [000000]
#  degrees of freedom   [000759]
#  m2lnL     =     701.986895705804 (     682.31532   0.030315429    0.19878767    0.32167793     1.3568209     2.5069444     7.8673658     4.9835276     2.4061324 )
#  Fit parameters:
#    -0.0136456499329119  -0.911577594549514   -0.960940658589583   -1.04892839349075    -0.925144787013012   -8.20559533972777e-05  0.140966395920374    3.09739292389949    -19.037241326252     -19.1078393284728    
#----------------------------------------------------------------------------------
# Restarting:              no
#  - absolute improvement: 5.51918643623139e-05  
#  - relative improvement: 7.8622350873812e-08   
#  - m2lnL_2  :            701.986950897669      
#  - m2lnL_3  :            701.986895705804      
#----------------------------------------------------------------------------------
# Data used:
#   - JLA SNLS3+SDSS Betoule 2014 sys and stat (complete cov)
#   - 6dFGRS -- Beutler (2011), BAO Sample R-Dv
#   - SDSS-DR7-rec -- Padmanabhan (2012), BAO Sample R-Dv
#   - SDSS-DR9-rec -- Anderson (2012), BAO Sample R-Dv
#   - WiggleZ -- Blake (2012), BAO Sample R-Dv
#   - Riess 2008 HST Project sample
#   - Stern 2009 H(z) sample
#   - Moresco 2012 H(z) BC03 sample
#   - WMAP9 distance priors
#----------------------------------------------------------------------------------
# Model[03000]:
#   - NcHICosmo : XCDM - Constant EOS
#----------------------------------------------------------------------------------
# Model parameters
#   -            H0[00]:  70                  [FIXED]
#   -        Omegac[01]:  0.25                [FIXED]
#   -        Omegak[02]: -0.0136456499329119  [FREE]
#   -       Tgamma0[03]:  2.7245              [FIXED]
#   -            Yp[04]:  0.24                [FIXED]
#   -          ENnu[05]:  3.046               [FIXED]
#   -        Omegab[06]:  0.05                [FIXED]
#   -           w_0[07]: -0.911577594549514   [FREE]
#   -           w_1[08]: -0.960940658589583   [FREE]
#   -           w_2[09]: -1.04892839349075    [FREE]
#   -           w_3[10]: -0.925144787013012   [FREE]
#   -           w_4[11]: -8.20559533972777e-05 [FREE]
#----------------------------------------------------------------------------------
# Model[14000]:
#   - NcSNIADistCov : Supernovae Ia Distance Covariance
#----------------------------------------------------------------------------------
# Model parameters
#   -         alpha[00]:  0.140966395920374   [FREE]
#   -          beta[01]:  3.09739292389949    [FREE]
#   -            M1[02]: -19.037241326252     [FREE]
#   -            M2[03]: -19.1078393284728    [FREE]
#   -  lnsigma_pecz[04]: -7.60021041          [FIXED]
#   -  lnsigma_lens[05]: -2.90042209374967    [FIXED]
#   - lnsigma_int_0[06]: -2.52572864430826    [FIXED]
#   - lnsigma_int_1[07]: -2.22562405185792    [FIXED]
#   - lnsigma_int_2[08]: -2.00991547903123    [FIXED]
#   - lnsigma_int_3[09]: -2.30258509299405    [FIXED]
#----------------------------------------------------------------------------------
# NcmMSet parameters covariance matrix
#                                                  -------------------------------------------------------------------------------------------------------------------------------------------------------
# Omegak[03000:02] = -0.01365     +/-  0.01728     |  1           |  0.2211      |  0.4396      |  0.9248      |  0.9157      | -1.406       | -0.0307      | -0.04687     |  0.2754      |  0.2402      |
#    w_0[03000:07] = -0.9116      +/-  0.2543      |  0.2211      |  1           | -0.8016      | -0.06395     |  0.5276      | -0.9342      | -0.06822     | -0.06094     |  0.6885      |  0.6023      |
#    w_1[03000:08] = -0.9609      +/-  5.724e-11   |  0.4396      | -0.8016      |  1           |  0.7132      |  0.1389      |  1.926e+09   |  0.04426     |  0.02615     | -0.4705      | -0.412       |
#    w_2[03000:09] = -1.049       +/-  0.4976      |  0.9248      | -0.06395     |  0.7132      |  1           |  0.814       | -1.066       | -0.01144     | -0.03042     |  0.07962     |  0.06898     |
#    w_3[03000:10] = -0.9251      +/-  3.967       |  0.9157      |  0.5276      |  0.1389      |  0.814       |  1           | -1.87        | -0.04944     | -0.06136     |  0.4685      |  0.4093      |
#    w_4[03000:11] = -8.206e-05   +/-  4.134e-11   | -1.406       | -0.9342      |  1.926e+09   | -1.066       | -1.87        |  1           |  0.03523     |  0.01826     | -0.3831      | -0.3427      |
#  alpha[14000:00] =  0.141       +/-  0.009317    | -0.0307      | -0.06822     |  0.04426     | -0.01144     | -0.04944     |  0.03523     |  1           | -0.05327     |  0.05267     | -0.1664      |
#   beta[14000:01] =  3.097       +/-  0.1136      | -0.04687     | -0.06094     |  0.02615     | -0.03042     | -0.06136     |  0.01826     | -0.05327     |  1           |  0.03061     |  0.006764    |
#     M1[14000:02] = -19.04       +/-  0.03443     |  0.2754      |  0.6885      | -0.4705      |  0.07962     |  0.4685      | -0.3831      |  0.05267     |  0.03061     |  1           |  0.5932      |
#     M2[14000:03] = -19.11       +/-  0.03771     |  0.2402      |  0.6023      | -0.412       |  0.06898     |  0.4093      | -0.3427      | -0.1664      |  0.006764    |  0.5932      |  1           |
#                                                  -------------------------------------------------------------------------------------------------------------------------------------------------------
