#----------------------------------------------------------------------------------
# Model[03000]:
#   - NcHICosmo : XCDM - Constant EOS
#----------------------------------------------------------------------------------
# Model parameters
#   -            H0[00]:  70                  [FIXED]
#   -        Omegac[01]:  0.25                [FIXED]
#   -        Omegak[02]:  0                   [FIXED]
#   -       Tgamma0[03]:  2.7245              [FIXED]
#   -            Yp[04]:  0.24                [FIXED]
#   -          ENnu[05]:  3.046               [FIXED]
#   -        Omegab[06]:  0.05                [FIXED]
#   -           w_0[07]: -1                   [FIXED]
#   -           w_1[08]: -1                   [FIXED]
#   -           w_2[09]: -1                   [FIXED]
#   -           w_3[10]: -1                   [FIXED]
#   -           w_4[11]: -1                   [FIXED]
#   -           w_5[12]: -1                   [FIXED]
#   -           w_6[13]: -1                   [FIXED]
#   -           w_7[14]: -1                   [FIXED]
#----------------------------------------------------------------------------------
# Model[14000]:
#   - NcSNIADistCov : Supernovae Ia Distance Covariance
#----------------------------------------------------------------------------------
# Model parameters
#   -         alpha[00]:  0.145               [FIXED]
#   -          beta[01]:  3.16                [FIXED]
#   -            M1[02]: -19                  [FIXED]
#   -            M2[03]: -19.2                [FIXED]
#   -  lnsigma_pecz[04]: -7.60021041          [FIXED]
#   -  lnsigma_lens[05]: -2.90042209374967    [FIXED]
#   - lnsigma_int_0[06]: -2.52572864430826    [FIXED]
#   - lnsigma_int_1[07]: -2.22562405185792    [FIXED]
#   - lnsigma_int_2[08]: -2.00991547903123    [FIXED]
#   - lnsigma_int_3[09]: -2.30258509299405    [FIXED]
#----------------------------------------------------------------------------------
# Model fitting. Interating using:
#  - solver:            NLOpt:ln-neldermead
#  - differentiation:   Numerical differentiantion (forward)
#....................................................................................................................................................................................................
#  Minimum found with precision: |df|/f =  1.00000e-08 and |dx| =  1.00000e-05
#  Elapsed time: 00 days, 00:05:03.6680620
#  iteration            [001876]
#  function evaluations [001878]
#  gradient evaluations [000000]
#  degrees of freedom   [000756]
#  m2lnL     =      719.64526677757 (      680.7925   0.083410338   0.058355672   0.062493429     1.3177586     2.5069444     8.1550485     4.3610224     22.307735 )
#  Fit parameters:
#    -0.000609817177624177 -1.65533521902643    -0.835385486533206   -1.2794913150654     -0.854098974661519   -0.711572243250202   -0.983591279143446   -1.04984040912474    -1.085388657666       0.141524856269419    3.10076147502171    -19.0685160879495    -19.1387464688323    
#----------------------------------------------------------------------------------
# Restarting:              yes
#  - absolute improvement: 34.8081289031762      
#  - relative improvement: 0.0461368841368508    
#  - m2lnL_0  :            754.453395680746      
#  - m2lnL_1  :            719.64526677757       
#----------------------------------------------------------------------------------
# Model fitting. Interating using:
#  - solver:            NLOpt:ln-neldermead
#  - differentiation:   Numerical differentiantion (forward)
#............................................................................................................................................................
#  Minimum found with precision: |df|/f =  1.00000e-08 and |dx| =  1.00000e-05
#  Elapsed time: 00 days, 00:04:46.4471390
#  iteration            [001472]
#  function evaluations [001474]
#  gradient evaluations [000000]
#  degrees of freedom   [000756]
#  m2lnL     =     719.549982726212 (      680.8199   0.068114091   0.045740453    0.10970032     1.3648197     2.5069444     8.1021833     4.2251581     22.307426 )
#  Fit parameters:
#     0.000590085275592113 -1.72971967909388    -0.825422755302688   -1.31995306193607    -0.728283999547893   -1.08843638747003    -4.5904822120312e-05 -0.578107687108716   -0.504887285267042    0.141535484056207    3.10029404186141    -19.0706452483203    -19.140336350533     
#----------------------------------------------------------------------------------
# Restarting:              yes
#  - absolute improvement: 0.0952840513575666    
#  - relative improvement: 0.000132404193783181  
#  - m2lnL_1  :            719.64526677757       
#  - m2lnL_2  :            719.549982726212      
#----------------------------------------------------------------------------------
# Model fitting. Interating using:
#  - solver:            NLOpt:ln-neldermead
#  - differentiation:   Numerical differentiantion (forward)
#.............................................................................................................................................................................................................................................................
#  Minimum found with precision: |df|/f =  1.00000e-08 and |dx| =  1.00000e-05
#  Elapsed time: 00 days, 00:07:53.4177440
#  iteration            [002446]
#  function evaluations [002448]
#  gradient evaluations [000000]
#  degrees of freedom   [000756]
#  m2lnL     =     719.066939408739 (     681.30123    0.07115037   0.026232956    0.21728233     1.5721645     2.5069444     7.3333441     3.7297973     22.308795 )
#  Fit parameters:
#    -0.00369144230423937 -1.81435986494211    -0.838970949440259   -1.41195178274418    -0.207596141853287   -4.9989587271907     -0.150310565680006   -0.013196047849458   -0.0345541401308162   0.141410559623404    3.0966525334916     -19.0702578228208    -19.1407338940229    
#----------------------------------------------------------------------------------
# Restarting:              yes
#  - absolute improvement: 0.483043317473175     
#  - relative improvement: 0.000671313083273289  
#  - m2lnL_2  :            719.549982726212      
#  - m2lnL_3  :            719.066939408739      
#----------------------------------------------------------------------------------
# Model fitting. Interating using:
#  - solver:            NLOpt:ln-neldermead
#  - differentiation:   Numerical differentiantion (forward)
#.......................................
#  Minimum found with precision: |df|/f =  1.00000e-08 and |dx| =  1.00000e-05
#  Elapsed time: 00 days, 00:00:58.1416360
#  iteration            [000304]
#  function evaluations [000306]
#  gradient evaluations [000000]
#  degrees of freedom   [000756]
#  m2lnL     =     719.066724183725 (     681.29928    0.07196502   0.027153802    0.21628625     1.5718601     2.5069444     7.3321576     3.7322683     22.308807 )
#  Fit parameters:
#    -0.00368435602759714 -1.81284178632511    -0.839223827523011   -1.41270331780032    -0.207396599051616   -5                   -0.151243172721728   -0.00230261238169665 -0.0323592900061583   0.141394519670013    3.09640312219469    -19.0699962390677    -19.1404267228813    
#----------------------------------------------------------------------------------
# Restarting:              no
#  - absolute improvement: 0.000215225014358111  
#  - relative improvement: 2.99311514078345e-07  
#  - m2lnL_3  :            719.066939408739      
#  - m2lnL_4  :            719.066724183725      
#----------------------------------------------------------------------------------
# Data used:
#   - JLA SNLS3+SDSS Betoule 2014 sys and stat (complete cov)
#   - 6dFGRS -- Beutler (2011), BAO Sample R-Dv
#   - SDSS-DR7-rec -- Padmanabhan (2012), BAO Sample R-Dv
#   - SDSS-DR9-rec -- Anderson (2012), BAO Sample R-Dv
#   - WiggleZ -- Blake (2012), BAO Sample R-Dv
#   - Riess 2008 HST Project sample
#   - Stern 2009 H(z) sample
#   - Moresco 2012 H(z) BC03 sample
#   - WMAP9 distance priors
#----------------------------------------------------------------------------------
# Model[03000]:
#   - NcHICosmo : XCDM - Constant EOS
#----------------------------------------------------------------------------------
# Model parameters
#   -            H0[00]:  70                  [FIXED]
#   -        Omegac[01]:  0.25                [FIXED]
#   -        Omegak[02]: -0.00368435602759714 [FREE]
#   -       Tgamma0[03]:  2.7245              [FIXED]
#   -            Yp[04]:  0.24                [FIXED]
#   -          ENnu[05]:  3.046               [FIXED]
#   -        Omegab[06]:  0.05                [FIXED]
#   -           w_0[07]: -1.81284178632511    [FREE]
#   -           w_1[08]: -0.839223827523011   [FREE]
#   -           w_2[09]: -1.41270331780032    [FREE]
#   -           w_3[10]: -0.207396599051616   [FREE]
#   -           w_4[11]: -5                   [FREE]
#   -           w_5[12]: -0.151243172721728   [FREE]
#   -           w_6[13]: -0.00230261238169665 [FREE]
#   -           w_7[14]: -0.0323592900061583  [FREE]
#----------------------------------------------------------------------------------
# Model[14000]:
#   - NcSNIADistCov : Supernovae Ia Distance Covariance
#----------------------------------------------------------------------------------
# Model parameters
#   -         alpha[00]:  0.141394519670013   [FREE]
#   -          beta[01]:  3.09640312219469    [FREE]
#   -            M1[02]: -19.0699962390677    [FREE]
#   -            M2[03]: -19.1404267228813    [FREE]
#   -  lnsigma_pecz[04]: -7.60021041          [FIXED]
#   -  lnsigma_lens[05]: -2.90042209374967    [FIXED]
#   - lnsigma_int_0[06]: -2.52572864430826    [FIXED]
#   - lnsigma_int_1[07]: -2.22562405185792    [FIXED]
#   - lnsigma_int_2[08]: -2.00991547903123    [FIXED]
#   - lnsigma_int_3[09]: -2.30258509299405    [FIXED]
#----------------------------------------------------------------------------------
# NcmMSet parameters covariance matrix
#                                                  ----------------------------------------------------------------------------------------------------------------------------------------------------------------------------------------------------
# Omegak[03000:02] = -0.003684    +/-  0.00412     |  1           |  0.4525      | -0.08766     |  0.6355      |  0.02576     |  1.298       | -nan         |  0.009064    |  0.007245    | -0.01145     |  0.00917     |  0.3003      |  0.2752      |
#    w_0[03000:07] = -1.813       +/-  0.7066      |  0.4525      |  1           | -0.8575      |  0.4177      | -0.3144      |  0.2176      | -nan         |  0.02627     |  0.006583    | -0.02832     |  0.01446     |  0.594       |  0.5487      |
#    w_1[03000:08] = -0.8392      +/-  0.2271      | -0.08766     | -0.8575      |  1           | -0.1958      | -0.03928     |  0.008953    | -nan         | -0.01935     | -0.005417    |  0.01435     | -0.02801     | -0.3964      | -0.3743      |
#    w_2[03000:09] = -1.413       +/-  0.3913      |  0.6355      |  0.4177      | -0.1958      |  1           | -0.5889      |  0.3453      | -nan         |  0.01881     |  0.004428    |  0.02259     |  0.03659     |  0.05872     |  0.0686      |
#    w_3[03000:10] = -0.2074      +/-  1.006       |  0.02576     | -0.3144      | -0.03928     | -0.5889      |  1           | -0.6127      | -nan         | -0.03412     | -0.00839     | -0.01839     | -0.04013     | -0.06418     | -0.0671      |
#    w_4[03000:11] = -5           +/-  5.753       |  1.298       |  0.2176      |  0.008953    |  0.3453      | -0.6127      |  1           | -nan         | -0.06189     | -0.01629     |  0.01447     |  0.0367      |  0.03712     |  0.04055     |
#    w_5[03000:12] = -0.1512      +/- -nan         | -nan         | -nan         | -nan         | -nan         | -nan         | -nan         | -1           | -nan         | -nan         | -nan         | -nan         | -nan         | -nan         |
#    w_6[03000:13] = -0.002303    +/-  13.83       |  0.009064    |  0.02627     | -0.01935     |  0.01881     | -0.03412     | -0.06189     | -nan         |  1           |  0.3853      |  0.0007206   |  0.002626    |  0.006621    |  0.006712    |
#    w_7[03000:14] = -0.03236     +/-  102.1       |  0.007245    |  0.006583    | -0.005417    |  0.004428    | -0.00839     | -0.01629     | -nan         |  0.3853      |  1           |  0.0001701   |  0.0006315   |  0.001702    |  0.001724    |
#  alpha[14000:00] =  0.1414      +/-  0.00932     | -0.01145     | -0.02832     |  0.01435     |  0.02259     | -0.01839     |  0.01447     | -nan         |  0.0007206   |  0.0001701   |  1           | -0.05277     |  0.05235     | -0.1555      |
#   beta[14000:01] =  3.096       +/-  0.1136      |  0.00917     |  0.01446     | -0.02801     |  0.03659     | -0.04013     |  0.0367      | -nan         |  0.002626    |  0.0006315   | -0.05277     |  1           |  0.04705     |  0.02337     |
#     M1[14000:02] = -19.07       +/-  0.03643     |  0.3003      |  0.594       | -0.3964      |  0.05872     | -0.06418     |  0.03712     | -nan         |  0.006621    |  0.001702    |  0.05235     |  0.04705     |  1           |  0.6365      |
#     M2[14000:03] = -19.14       +/-  0.03986     |  0.2752      |  0.5487      | -0.3743      |  0.0686      | -0.0671      |  0.04055     | -nan         |  0.006712    |  0.001724    | -0.1555      |  0.02337     |  0.6365      |  1           |
#                                                  ----------------------------------------------------------------------------------------------------------------------------------------------------------------------------------------------------
