#----------------------------------------------------------------------------------
# Model[03000]:
#   - NcHICosmo : XCDM - Constant EOS
#----------------------------------------------------------------------------------
# Model parameters
#   -            H0[00]:  70                  [FIXED]
#   -        Omegac[01]:  0.25                [FIXED]
#   -        Omegak[02]:  0                   [FIXED]
#   -       Tgamma0[03]:  2.7245              [FIXED]
#   -            Yp[04]:  0.24                [FIXED]
#   -          ENnu[05]:  3.046               [FIXED]
#   -        Omegab[06]:  0.05                [FIXED]
#   -           w_0[07]: -1                   [FIXED]
#   -           w_1[08]: -1                   [FIXED]
#   -           w_2[09]: -1                   [FIXED]
#----------------------------------------------------------------------------------
# Model[14000]:
#   - NcSNIADistCov : Supernovae Ia Distance Covariance
#----------------------------------------------------------------------------------
# Model parameters
#   -         alpha[00]:  0.145               [FIXED]
#   -          beta[01]:  3.16                [FIXED]
#   -            M1[02]: -19                  [FIXED]
#   -            M2[03]: -19.2                [FIXED]
#   -  lnsigma_pecz[04]: -7.60021041          [FIXED]
#   -  lnsigma_lens[05]: -2.90042209374967    [FIXED]
#   - lnsigma_int_0[06]: -2.52572864430826    [FIXED]
#   - lnsigma_int_1[07]: -2.22562405185792    [FIXED]
#   - lnsigma_int_2[08]: -2.00991547903123    [FIXED]
#   - lnsigma_int_3[09]: -2.30258509299405    [FIXED]
#----------------------------------------------------------------------------------
# Model fitting. Interating using:
#  - solver:            NLOpt:ln-neldermead
#  - differentiation:   Numerical differentiantion (forward)
#.................................................................
#  Minimum found with precision: |df|/f =  1.00000e-08 and |dx| =  1.00000e-05
#  Elapsed time: 00 days, 00:01:48.3119180
#  iteration            [000565]
#  function evaluations [000567]
#  gradient evaluations [000000]
#  degrees of freedom   [000761]
#  m2lnL     =     721.707966272699 (      682.5428     0.3572688   0.063327527   0.059852383     1.2625042     2.5069444      8.070518     4.5362488     22.308504 )
#  Fit parameters:
#    -0.00281435903961337 -1.01498775046461    -1.02796323455443    -0.982328284913456    0.141442471911406    3.10459356205577    -19.0525384864014    -19.1223413368627    
#----------------------------------------------------------------------------------
# Restarting:              yes
#  - absolute improvement: 32.7454294080472      
#  - relative improvement: 0.0434028524432592    
#  - m2lnL_0  :            754.453395680746      
#  - m2lnL_1  :            721.707966272699      
#----------------------------------------------------------------------------------
# Model fitting. Interating using:
#  - solver:            NLOpt:ln-neldermead
#  - differentiation:   Numerical differentiantion (forward)
#................................................................................................
#  Minimum found with precision: |df|/f =  1.00000e-08 and |dx| =  1.00000e-05
#  Elapsed time: 00 days, 00:04:40.7413880
#  iteration            [000872]
#  function evaluations [000874]
#  gradient evaluations [000000]
#  degrees of freedom   [000761]
#  m2lnL     =     721.699285187614 (     682.53648    0.35126974    0.06040902   0.060409958     1.2618778     2.5069444     8.0738717     4.5394286     22.308594 )
#  Fit parameters:
#    -0.00309824212657017 -1.02010903096365    -1.0260494680979     -4.97607386430049     0.141450915577023    3.10407252362359    -19.0529367703469    -19.1224422281761    
#----------------------------------------------------------------------------------
# Restarting:              yes
#  - absolute improvement: 0.00868108508507248   
#  - relative improvement: 1.20285288382037e-05  
#  - m2lnL_1  :            721.707966272699      
#  - m2lnL_2  :            721.699285187614      
#----------------------------------------------------------------------------------
# Model fitting. Interating using:
#  - solver:            NLOpt:ln-neldermead
#  - differentiation:   Numerical differentiantion (forward)
#...........................
#  Minimum found with precision: |df|/f =  1.00000e-08 and |dx| =  1.00000e-05
#  Elapsed time: 00 days, 00:00:50.0897200
#  iteration            [000188]
#  function evaluations [000190]
#  gradient evaluations [000000]
#  degrees of freedom   [000761]
#  m2lnL     =      721.69905430015 (     682.53284     0.3519101   0.061513305    0.06167426     1.2617005     2.5069444     8.0730281     4.5408382     22.308603 )
#  Fit parameters:
#    -0.00308808983388666 -1.01971264351027    -1.02585774557163    -4.97357655477423     0.141418570839322    3.10459441929778    -19.0528169871454    -19.1225964976106    
#----------------------------------------------------------------------------------
# Restarting:              no
#  - absolute improvement: 0.000230887463317231  
#  - relative improvement: 3.19921978663467e-07  
#  - m2lnL_2  :            721.699285187614      
#  - m2lnL_3  :            721.69905430015       
#----------------------------------------------------------------------------------
# Data used:
#   - JLA SNLS3+SDSS Betoule 2014 sys and stat (complete cov)
#   - 6dFGRS -- Beutler (2011), BAO Sample R-Dv
#   - SDSS-DR7-rec -- Padmanabhan (2012), BAO Sample R-Dv
#   - SDSS-DR9-rec -- Anderson (2012), BAO Sample R-Dv
#   - WiggleZ -- Blake (2012), BAO Sample R-Dv
#   - Riess 2008 HST Project sample
#   - Stern 2009 H(z) sample
#   - Moresco 2012 H(z) BC03 sample
#   - WMAP9 distance priors
#----------------------------------------------------------------------------------
# Model[03000]:
#   - NcHICosmo : XCDM - Constant EOS
#----------------------------------------------------------------------------------
# Model parameters
#   -            H0[00]:  70                  [FIXED]
#   -        Omegac[01]:  0.25                [FIXED]
#   -        Omegak[02]: -0.00308808983388666 [FREE]
#   -       Tgamma0[03]:  2.7245              [FIXED]
#   -            Yp[04]:  0.24                [FIXED]
#   -          ENnu[05]:  3.046               [FIXED]
#   -        Omegab[06]:  0.05                [FIXED]
#   -           w_0[07]: -1.01971264351027    [FREE]
#   -           w_1[08]: -1.02585774557163    [FREE]
#   -           w_2[09]: -4.97357655477423    [FREE]
#----------------------------------------------------------------------------------
# Model[14000]:
#   - NcSNIADistCov : Supernovae Ia Distance Covariance
#----------------------------------------------------------------------------------
# Model parameters
#   -         alpha[00]:  0.141418570839322   [FREE]
#   -          beta[01]:  3.10459441929778    [FREE]
#   -            M1[02]: -19.0528169871454    [FREE]
#   -            M2[03]: -19.1225964976106    [FREE]
#   -  lnsigma_pecz[04]: -7.60021041          [FIXED]
#   -  lnsigma_lens[05]: -2.90042209374967    [FIXED]
#   - lnsigma_int_0[06]: -2.52572864430826    [FIXED]
#   - lnsigma_int_1[07]: -2.22562405185792    [FIXED]
#   - lnsigma_int_2[08]: -2.00991547903123    [FIXED]
#   - lnsigma_int_3[09]: -2.30258509299405    [FIXED]
#----------------------------------------------------------------------------------
# NcmMSet parameters covariance matrix
#                                                  -------------------------------------------------------------------------------------------------------------------------
# Omegak[03000:02] = -0.003088    +/-  0.01392     |  1           |  0.5515      | -0.7188      |  0.8984      | -0.0223      | -0.006904    |  0.2588      |  0.2313      |
#    w_0[03000:07] = -1.02        +/-  0.2314      |  0.5515      |  1           | -0.6615      |  0.814       | -0.05219     | -0.02648     |  0.5893      |  0.5185      |
#    w_1[03000:08] = -1.026       +/-  0.1037      | -0.7188      | -0.6615      |  1           | -0.8989      |  0.007325    | -0.02971     | -0.1532      | -0.1429      |
#    w_2[03000:09] = -4.974       +/-  180.4       |  0.8984      |  0.814       | -0.8989      |  1           | -0.03009     | -0.001737    |  0.3671      |  0.3275      |
#  alpha[14000:00] =  0.1414      +/-  0.006592    | -0.0223      | -0.05219     |  0.007325    | -0.03009     |  1           | -0.05479     |  0.06065     | -0.1638      |
#   beta[14000:01] =  3.105       +/-  0.08041     | -0.006904    | -0.02648     | -0.02971     | -0.001737    | -0.05479     |  1           |  0.04538     |  0.01937     |
#     M1[14000:02] = -19.05       +/-  0.02372     |  0.2588      |  0.5893      | -0.1532      |  0.3671      |  0.06065     |  0.04538     |  1           |  0.5748      |
#     M2[14000:03] = -19.12       +/-  0.02619     |  0.2313      |  0.5185      | -0.1429      |  0.3275      | -0.1638      |  0.01937     |  0.5748      |  1           |
#                                                  -------------------------------------------------------------------------------------------------------------------------
