#----------------------------------------------------------------------------------
# Model[03000]:
#   - NcHICosmo : XCDM - Constant EOS
#----------------------------------------------------------------------------------
# Model parameters
#   -            H0[00]:  70                  [FIXED]
#   -        Omegac[01]:  0.25                [FIXED]
#   -        Omegak[02]:  0                   [FIXED]
#   -       Tgamma0[03]:  2.7245              [FIXED]
#   -            Yp[04]:  0.24                [FIXED]
#   -          ENnu[05]:  3.046               [FIXED]
#   -        Omegab[06]:  0.05                [FIXED]
#   -           w_0[07]: -1                   [FIXED]
#   -           w_1[08]: -1                   [FIXED]
#   -           w_2[09]: -1                   [FIXED]
#   -           w_3[10]: -1                   [FIXED]
#   -           w_4[11]: -1                   [FIXED]
#   -           w_5[12]: -1                   [FIXED]
#----------------------------------------------------------------------------------
# Model[14000]:
#   - NcSNIADistCov : Supernovae Ia Distance Covariance
#----------------------------------------------------------------------------------
# Model parameters
#   -         alpha[00]:  0.145               [FIXED]
#   -          beta[01]:  3.16                [FIXED]
#   -            M1[02]: -19                  [FIXED]
#   -            M2[03]: -19.2                [FIXED]
#   -  lnsigma_pecz[04]: -7.60021041          [FIXED]
#   -  lnsigma_lens[05]: -2.90042209374967    [FIXED]
#   - lnsigma_int_0[06]: -2.52572864430826    [FIXED]
#   - lnsigma_int_1[07]: -2.22562405185792    [FIXED]
#   - lnsigma_int_2[08]: -2.00991547903123    [FIXED]
#   - lnsigma_int_3[09]: -2.30258509299405    [FIXED]
#----------------------------------------------------------------------------------
# Model fitting. Interating using:
#  - solver:            NLOpt:ln-neldermead
#  - differentiation:   Numerical differentiantion (forward)
#................................................................................................................................................................
#  Minimum found with precision: |df|/f =  1.00000e-08 and |dx| =  1.00000e-05
#  Elapsed time: 00 days, 00:02:34.1065250
#  iteration            [001518]
#  function evaluations [001520]
#  gradient evaluations [000000]
#  degrees of freedom   [000758]
#  m2lnL     =     720.768072209027 (     681.23538    0.14413177   0.064939835   0.018306807      1.148022     2.5069444     8.4731462      4.867773      22.30943 )
#  Fit parameters:
#    -0.00540405611356164 -1.34990778626385    -0.887808599516245   -1.27414439004755    -0.878835344485247   -0.991739302172392   -1.07728642880513     0.14159836620688     3.10470166295381    -19.0633666181312    -19.1332501095963    
#----------------------------------------------------------------------------------
# Restarting:              yes
#  - absolute improvement: 33.6853234717195      
#  - relative improvement: 0.0446486471723347    
#  - m2lnL_0  :            754.453395680746      
#  - m2lnL_1  :            720.768072209027      
#----------------------------------------------------------------------------------
# Model fitting. Interating using:
#  - solver:            NLOpt:ln-neldermead
#  - differentiation:   Numerical differentiantion (forward)
#.................................................................................................................................................................................................................................................................
#  Minimum found with precision: |df|/f =  1.00000e-08 and |dx| =  1.00000e-05
#  Elapsed time: 00 days, 00:04:13.6509580
#  iteration            [002488]
#  function evaluations [002490]
#  gradient evaluations [000000]
#  degrees of freedom   [000758]
#  m2lnL     =     720.394222890321 (     681.20003    0.16597418   0.075711259  0.0099781277     1.1766431     2.5069444     8.2735431     4.6810586     22.304343 )
#  Fit parameters:
#     0.0092338517261847  -1.34715219001153    -0.91531555126197    -1.30475838356605    -0.0996173059363114  -1.81238033786057    -1.65916646355397     0.141597698420671    3.10703030341509    -19.0624884950516    -19.1318312995429    
#----------------------------------------------------------------------------------
# Restarting:              yes
#  - absolute improvement: 0.373849318705197     
#  - relative improvement: 0.000518681852207209  
#  - m2lnL_1  :            720.768072209027      
#  - m2lnL_2  :            720.394222890321      
#----------------------------------------------------------------------------------
# Model fitting. Interating using:
#  - solver:            NLOpt:ln-neldermead
#  - differentiation:   Numerical differentiantion (forward)
#................................................................................................................................................................
#  Minimum found with precision: |df|/f =  1.00000e-08 and |dx| =  1.00000e-05
#  Elapsed time: 00 days, 00:02:35.8037210
#  iteration            [001518]
#  function evaluations [001520]
#  gradient evaluations [000000]
#  degrees of freedom   [000758]
#  m2lnL     =     720.302208575051 (     681.06437    0.12451767   0.069446614  0.0036595194     1.1615523     2.5069444     8.3340458     4.7339975      22.30367 )
#  Fit parameters:
#     0.0111573057559618  -1.43619558759234    -0.885020491990377   -1.36502569877976    -1.06935057714416e-05 -2.27995980327408    -2.04151526739497     0.141626686649404    3.10389318414639    -19.0651527964219    -19.1350605063023    
#----------------------------------------------------------------------------------
# Restarting:              yes
#  - absolute improvement: 0.0920143152708306    
#  - relative improvement: 0.000127727725108145  
#  - m2lnL_2  :            720.394222890321      
#  - m2lnL_3  :            720.302208575051      
#----------------------------------------------------------------------------------
# Model fitting. Interating using:
#  - solver:            NLOpt:ln-neldermead
#  - differentiation:   Numerical differentiantion (forward)
#...............................................................................................................................................................................................................................................................
#  Minimum found with precision: |df|/f =  1.00000e-08 and |dx| =  1.00000e-05
#  Elapsed time: 00 days, 00:04:13.1578590
#  iteration            [002469]
#  function evaluations [002471]
#  gradient evaluations [000000]
#  degrees of freedom   [000758]
#  m2lnL     =        720.168327831 (     681.25062    0.09612496   0.045379074    0.02092152     1.1772237     2.5069444     8.2475653     4.5299961     22.293549 )
#  Fit parameters:
#     0.0403403677222995  -1.53549494099462    -0.906053903665373   -1.39046050883699    -0.0304437591668339  -0.541605831315139   -4.51948304022557     0.141724758845095    3.1075746001092     -19.0679823283776    -19.1377737201414    
#----------------------------------------------------------------------------------
# Restarting:              yes
#  - absolute improvement: 0.133880744050998     
#  - relative improvement: 0.000185867462930386  
#  - m2lnL_3  :            720.302208575051      
#  - m2lnL_4  :            720.168327831         
#----------------------------------------------------------------------------------
# Model fitting. Interating using:
#  - solver:            NLOpt:ln-neldermead
#  - differentiation:   Numerical differentiantion (forward)
#.....................................................................................................................................................................................................................................................................
#  Minimum found with precision: |df|/f =  1.00000e-08 and |dx| =  1.00000e-05
#  Elapsed time: 00 days, 00:04:22.1189220
#  iteration            [002523]
#  function evaluations [002525]
#  gradient evaluations [000000]
#  degrees of freedom   [000758]
#  m2lnL     =     719.668584759945 (     680.72465   0.053083652    0.10546699   0.002071969     1.1623786     2.5069444     8.2401365     4.5972091     22.276642 )
#  Fit parameters:
#     0.0892971195310411  -1.85975320456937    -0.869767716671456   -1.9589546770418     -0.029197404791506   -0.00301165175737342 -3.9347220825465      0.141855902423824    3.10795179319151    -19.071825303936     -19.142364794676     
#----------------------------------------------------------------------------------
# Restarting:              yes
#  - absolute improvement: 0.499743071055036     
#  - relative improvement: 0.000693925366809952  
#  - m2lnL_4  :            720.168327831         
#  - m2lnL_5  :            719.668584759945      
#----------------------------------------------------------------------------------
# Model fitting. Interating using:
#  - solver:            NLOpt:ln-neldermead
#  - differentiation:   Numerical differentiantion (forward)
#.....................................................................................................................................................................
#  Minimum found with precision: |df|/f =  1.00000e-08 and |dx| =  1.00000e-05
#  Elapsed time: 00 days, 00:02:44.8329770
#  iteration            [001568]
#  function evaluations [001570]
#  gradient evaluations [000000]
#  degrees of freedom   [000758]
#  m2lnL     =     719.546063449032 (     680.61572   0.065777175   0.096413769   0.013104243     1.1847533     2.5069444     8.2293399     4.5598956     22.274115 )
#  Fit parameters:
#     0.0966657549485307  -1.83943852766351    -0.902318495200759   -2.0269385634741     -1.00553434335923e-05 -3.72081508424017e-05 -4.29775265279681     0.141698458153133    3.10533209756315    -19.0718007018424    -19.1416474100625    
#----------------------------------------------------------------------------------
# Restarting:              yes
#  - absolute improvement: 0.12252131091293      
#  - relative improvement: 0.000170246851825273  
#  - m2lnL_5  :            719.668584759945      
#  - m2lnL_6  :            719.546063449032      
#----------------------------------------------------------------------------------
# Model fitting. Interating using:
#  - solver:            NLOpt:ln-neldermead
#  - differentiation:   Numerical differentiantion (forward)
#.....................................................................................
#  Minimum found with precision: |df|/f =  1.00000e-08 and |dx| =  1.00000e-05
#  Elapsed time: 00 days, 00:01:20.2060230
#  iteration            [000765]
#  function evaluations [000767]
#  gradient evaluations [000000]
#  degrees of freedom   [000758]
#  m2lnL     =     719.542344485597 (     680.61249    0.06652723   0.096338095   0.013440981     1.1854655     2.5069444     8.2286864     4.5583915     22.274065 )
#  Fit parameters:
#     0.0969401591007614  -1.83775237015137    -0.903825579775924   -2.02865500668559    -4.08303593990562e-05 -0.000265054759712015 -4.99926524919905     0.141696275158375    3.10551639830948    -19.0716857099088    -19.1416658121656    
#----------------------------------------------------------------------------------
# Restarting:              yes
#  - absolute improvement: 0.00371896343472145   
#  - relative improvement: 5.16848555448302e-06  
#  - m2lnL_6  :            719.546063449032      
#  - m2lnL_7  :            719.542344485597      
#----------------------------------------------------------------------------------
# Model fitting. Interating using:
#  - solver:            NLOpt:ln-neldermead
#  - differentiation:   Numerical differentiantion (forward)
#.......................................
#  Minimum found with precision: |df|/f =  1.00000e-08 and |dx| =  1.00000e-05
#  Elapsed time: 00 days, 00:00:31.5176330
#  iteration            [000303]
#  function evaluations [000305]
#  gradient evaluations [000000]
#  degrees of freedom   [000758]
#  m2lnL     =     719.541972307178 (     680.61175   0.066270754   0.096992777   0.013521006     1.1854725     2.5069444     8.2284591     4.5586081     22.273954 )
#  Fit parameters:
#     0.0971168990032486  -1.83968868570331    -0.903310279162682   -2.03200259739574     0                    0                   -4.9958825868962      0.141691061156633    3.10552830254744    -19.0717108939892    -19.1417166144362    
#----------------------------------------------------------------------------------
# Restarting:              no
#  - absolute improvement: 0.000372178418729163  
#  - relative improvement: 5.17243247157657e-07  
#  - m2lnL_7  :            719.542344485597      
#  - m2lnL_8  :            719.541972307178      
#----------------------------------------------------------------------------------
# Data used:
#   - JLA SNLS3+SDSS Betoule 2014 sys and stat (complete cov)
#   - 6dFGRS -- Beutler (2011), BAO Sample R-Dv
#   - SDSS-DR7-rec -- Padmanabhan (2012), BAO Sample R-Dv
#   - SDSS-DR9-rec -- Anderson (2012), BAO Sample R-Dv
#   - WiggleZ -- Blake (2012), BAO Sample R-Dv
#   - Riess 2008 HST Project sample
#   - Stern 2009 H(z) sample
#   - Moresco 2012 H(z) BC03 sample
#   - WMAP9 distance priors
#----------------------------------------------------------------------------------
# Model[03000]:
#   - NcHICosmo : XCDM - Constant EOS
#----------------------------------------------------------------------------------
# Model parameters
#   -            H0[00]:  70                  [FIXED]
#   -        Omegac[01]:  0.25                [FIXED]
#   -        Omegak[02]:  0.0971168990032486  [FREE]
#   -       Tgamma0[03]:  2.7245              [FIXED]
#   -            Yp[04]:  0.24                [FIXED]
#   -          ENnu[05]:  3.046               [FIXED]
#   -        Omegab[06]:  0.05                [FIXED]
#   -           w_0[07]: -1.83968868570331    [FREE]
#   -           w_1[08]: -0.903310279162682   [FREE]
#   -           w_2[09]: -2.03200259739574    [FREE]
#   -           w_3[10]:  0                   [FREE]
#   -           w_4[11]:  0                   [FREE]
#   -           w_5[12]: -4.9958825868962     [FREE]
#----------------------------------------------------------------------------------
# Model[14000]:
#   - NcSNIADistCov : Supernovae Ia Distance Covariance
#----------------------------------------------------------------------------------
# Model parameters
#   -         alpha[00]:  0.141691061156633   [FREE]
#   -          beta[01]:  3.10552830254744    [FREE]
#   -            M1[02]: -19.0717108939892    [FREE]
#   -            M2[03]: -19.1417166144362    [FREE]
#   -  lnsigma_pecz[04]: -7.60021041          [FIXED]
#   -  lnsigma_lens[05]: -2.90042209374967    [FIXED]
#   - lnsigma_int_0[06]: -2.52572864430826    [FIXED]
#   - lnsigma_int_1[07]: -2.22562405185792    [FIXED]
#   - lnsigma_int_2[08]: -2.00991547903123    [FIXED]
#   - lnsigma_int_3[09]: -2.30258509299405    [FIXED]
#----------------------------------------------------------------------------------
# NcmMSet parameters covariance matrix
#                                                  ----------------------------------------------------------------------------------------------------------------------------------------------------------------------
# Omegak[03000:02] =  0.09712     +/-  0.332       |  1           | -0.9253      | -0.5102      | -0.966       | -nan         | -nan         | -nan         |  0.01827     |  0.002724    | -0.5322      | -0.5051      |
#    w_0[03000:07] = -1.84        +/-  1.905       | -0.9253      |  1           |  0.1844      |  0.9455      | -nan         | -nan         | -nan         | -0.03387     | -0.01243     |  0.6924      |  0.6538      |
#    w_1[03000:08] = -0.9033      +/-  0.3387      | -0.5102      |  0.1844      |  1           |  0.3709      | -nan         | -nan         | -nan         |  0.004524    | -0.008047    |  0.006064    |  0.001873    |
#    w_2[03000:09] = -2.032       +/-  3.552       | -0.966       |  0.9455      |  0.3709      |  1           | -nan         | -nan         | -nan         | -0.01788     | -0.004299    |  0.5538      |  0.5274      |
#    w_3[03000:10] =  0           +/- -nan         | -nan         | -nan         | -nan         | -nan         | -1           |  0.9564      | -0.9964      | -nan         | -nan         | -nan         | -nan         |
#    w_4[03000:11] =  0           +/- -nan         | -nan         | -nan         | -nan         | -nan         |  0.9564      | -1           |  0.7486      | -nan         | -nan         | -nan         | -nan         |
#    w_5[03000:12] = -4.996       +/- -nan         | -nan         | -nan         | -nan         | -nan         | -0.9964      |  0.7486      | -1           | -nan         | -nan         | -nan         | -nan         |
#  alpha[14000:00] =  0.1417      +/-  0.009333    |  0.01827     | -0.03387     |  0.004524    | -0.01788     | -nan         | -nan         | -nan         |  1           | -0.05371     |  0.03159     | -0.1469      |
#   beta[14000:01] =  3.106       +/-  0.1135      |  0.002724    | -0.01243     | -0.008047    | -0.004299    | -nan         | -nan         | -nan         | -0.05371     |  1           |  0.02845     |  0.008842    |
#     M1[14000:02] = -19.07       +/-  0.04297     | -0.5322      |  0.6924      |  0.006064    |  0.5538      | -nan         | -nan         | -nan         |  0.03159     |  0.02845     |  1           |  0.7321      |
#     M2[14000:03] = -19.14       +/-  0.04606     | -0.5051      |  0.6538      |  0.001873    |  0.5274      | -nan         | -nan         | -nan         | -0.1469      |  0.008842    |  0.7321      |  1           |
#                                                  ----------------------------------------------------------------------------------------------------------------------------------------------------------------------
