#----------------------------------------------------------------------------------
# Model fitting. Interating using:
#  - solver:            NLOpt:ln-neldermead
#  - differentiation:   Numerical differentiantion (forward)
#............................................................................................................................................................................
#  Minimum found with precision: |df|/f =  1.00000e-08 and |dx| =  1.00000e-05
#  Elapsed time: 00 days, 00:00:34.7801080
#  iteration            [001637]
#  function evaluations [001639]
#  gradient evaluations [000000]
#  degrees of freedom   [001689]
#  m2lnL     =     1490.09383083685 (     1461.7477  0.0074025397     1.4977138     3.1529095      2.933318     1.0229635     0.9504324     1.1711687     1.3343141     16.275888 )
#  Fit parameters:
#    -0.549543518377147   -0.911545085595688   -0.8092375770259     -0.842885565579526   -1.298260107908      -0.652428331215754   -0.982669793718183   -0.592112624945451   -1.29621577130095    -2.48634911833875     0.131947672691818   -19.3360079200763    
#----------------------------------------------------------------------------------
# Restarting:              yes
#  - absolute improvement: 891.333084493072      
#  - relative improvement: 0.374285298765755     
#  - m2lnL_0  :            2381.42691532993      
#  - m2lnL_1  :            1490.09383083685      
#----------------------------------------------------------------------------------
# Model fitting. Interating using:
#  - solver:            NLOpt:ln-neldermead
#  - differentiation:   Numerical differentiantion (forward)
#.....................................................................................................................................................................................................................................................................................................................................................
#  Minimum found with precision: |df|/f =  1.00000e-08 and |dx| =  1.00000e-05
#  Elapsed time: 00 days, 00:01:21.4907270
#  iteration            [003328]
#  function evaluations [003330]
#  gradient evaluations [000000]
#  degrees of freedom   [001689]
#  m2lnL     =     1481.85415478305 (     1454.3228    0.01178734     1.2127408     1.1605279     2.9971035    0.66973616    0.69392486     1.2154355      1.881794     17.688273 )
#  Fit parameters:
#     0.332844957586881   -0.985158555737574   -0.799918316638421   -0.786112468508847   -0.712922258365583   -0.469600250014696   -2.27838026633644     0.994125522938458   -2.92658987927686     0.230808707313267   -0.0155254625987041  -19.3100047272746    
#----------------------------------------------------------------------------------
# Restarting:              yes
#  - absolute improvement: 8.23967605380835      
#  - relative improvement: 0.00552963570702179   
#  - m2lnL_1  :            1490.09383083685      
#  - m2lnL_2  :            1481.85415478305      
#----------------------------------------------------------------------------------
# Model fitting. Interating using:
#  - solver:            NLOpt:ln-neldermead
#  - differentiation:   Numerical differentiantion (forward)
#............................................................................
#  Minimum found with precision: |df|/f =  1.00000e-08 and |dx| =  1.00000e-05
#  Elapsed time: 00 days, 00:00:18.1204350
#  iteration            [000670]
#  function evaluations [000672]
#  gradient evaluations [000000]
#  degrees of freedom   [001689]
#  m2lnL     =     1481.84291542981 (     1454.3661   0.011176759     1.2211262     1.1061103     3.0394934    0.68249452    0.69574879     1.2017902     1.8798314     17.639031 )
#  Fit parameters:
#     0.357614805636879   -0.973832825866805   -0.804343781864104   -0.821268689934587   -0.681951599831791   -0.492243331881117   -2.25129103548288     0.995787707406612   -2.93836737402915     0.246037929177713   -0.0163422874692757  -19.3094422625155    
#----------------------------------------------------------------------------------
# Restarting:              yes
#  - absolute improvement: 0.0112393532344868    
#  - relative improvement: 7.58465547922447e-06  
#  - m2lnL_2  :            1481.85415478305      
#  - m2lnL_3  :            1481.84291542981      
#----------------------------------------------------------------------------------
# Model fitting. Interating using:
#  - solver:            NLOpt:ln-neldermead
#  - differentiation:   Numerical differentiantion (forward)
#..........................................................
#  Minimum found with precision: |df|/f =  1.00000e-08 and |dx| =  1.00000e-05
#  Elapsed time: 00 days, 00:00:13.4453050
#  iteration            [000498]
#  function evaluations [000500]
#  gradient evaluations [000000]
#  degrees of freedom   [001689]
#  m2lnL     =     1481.83975052298 (     1454.4062   0.011378379     1.2203313     1.1033674     3.0516074    0.69127181    0.69743837     1.1997553     1.8747908     17.583634 )
#  Fit parameters:
#     0.350908607023206   -0.972179359166177   -0.804624255212652   -0.823736773983122   -0.681675941642575   -0.498945875617603   -2.23928638645123     0.99999300938892    -2.96021125040892     0.253459409361489   -0.0167336312993782  -19.3096759641479    
#----------------------------------------------------------------------------------
# Restarting:              yes
#  - absolute improvement: 0.00316490683076154   
#  - relative improvement: 2.13579104627534e-06  
#  - m2lnL_3  :            1481.84291542981      
#  - m2lnL_4  :            1481.83975052298      
#----------------------------------------------------------------------------------
# Model fitting. Interating using:
#  - solver:            NLOpt:ln-neldermead
#  - differentiation:   Numerical differentiantion (forward)
#..............................
#  Minimum found with precision: |df|/f =  1.00000e-08 and |dx| =  1.00000e-05
#  Elapsed time: 00 days, 00:00:05.8678480
#  iteration            [000217]
#  function evaluations [000219]
#  gradient evaluations [000000]
#  degrees of freedom   [001689]
#  m2lnL     =      1481.8396692497 (     1454.4046   0.011371915     1.2205621     1.1021671     3.0465362    0.69256977    0.69791887     1.1974376     1.8739329     17.592573 )
#  Fit parameters:
#     0.350819625858631   -0.972059910581722   -0.804666858600621   -0.824105583818132   -0.681533469164269   -0.496731864124985   -2.24123977653977     1                   -2.95737489930976     0.252046245541555   -0.0167053530716325  -19.3096690556202    
#----------------------------------------------------------------------------------
# Restarting:              no
#  - absolute improvement: 8.12732764643442e-05  
#  - relative improvement: 5.48461980694341e-08  
#  - m2lnL_4  :            1481.83975052298      
#  - m2lnL_5  :            1481.8396692497       
#----------------------------------------------------------------------------------
# Data used:
#   - Pantheon+SH0ES Sample STAT+SYS (2022)
#   - 6dFGRS -- Beutler (2011), BAO Sample R-Dv
#   - SDSS-DR7-lowz -- Ross (2015), Empirical m2lnp
#   - SDSS DR12 (final consensus) -- Ross et al. (2016), arXiv:1607.03145; Alam
#        et al. (2016), arXiv:1607.03155; BAO Sample(D_t / r_sd, DH / r_sd) --
#        DR16 Compatible
#   - SDSS DR16 -- Alam et al., PRD 103, 083533 (2021); BAO LRG Sample(D_t /
#        r_sd, DH / r_sd)
#   - SDSS DR16 -- Alam et al., PRD 103, 083533 (2021); BAO QSO Sample(D_t /
#        r_sd, DH / r_sd)
#   - SDSS DR16 -- Alam et al., PRD 103, 083533 (2021) -- BAO ELG Sample,
#        Empirical m2lnp
#   - SDSS DR16 -- Alam et al., PRD 103, 083533 (2021) -- BAO Lyman alpha
#        autocorrelation Sample, Empirical m2lnp
#   - SDSS DR16 -- Alam et al., PRD 103, 083533 (2021) -- BAO Lyman alpha QSO
#        cross-correlation Sample, Empirical m2lnp
#   - Gomez-Valent 2018 -- arXiv:1802.01505
#----------------------------------------------------------------------------------
# Model[03000]:
#   - NcHICosmo : XCDM - Constant EOS
#----------------------------------------------------------------------------------
# Model parameters
#   -           H0[00]:  70                  [FIXED]
#   -       Omegac[01]:  0.25                [FIXED]
#   -       Omegak[02]:  0                   [FIXED]
#   -      Tgamma0[03]:  2.7245              [FIXED]
#   -           Yp[04]:  0.24                [FIXED]
#   -         ENnu[05]:  3.046               [FIXED]
#   -       Omegab[06]:  0.05                [FIXED]
#   -          w_0[07]:  0.350819625858631   [FREE]
#   -          w_1[08]: -0.972059910581722   [FREE]
#   -          w_2[09]: -0.804666858600621   [FREE]
#   -          w_3[10]: -0.824105583818132   [FREE]
#   -          w_4[11]: -0.681533469164269   [FREE]
#   -          w_5[12]: -0.496731864124985   [FREE]
#   -          w_6[13]: -2.24123977653977    [FREE]
#   -          w_7[14]:  1                   [FREE]
#   -          w_8[15]: -2.95737489930976    [FREE]
#   -          w_9[16]:  0.252046245541555   [FREE]
#   -         w_10[17]: -0.0167053530716325  [FREE]
#----------------------------------------------------------------------------------
# Model[14000]:
#   - NcSNIADistCov : Supernovae Ia Distance Covariance
#----------------------------------------------------------------------------------
# Model parameters
#   -        alpha[00]:  0                   [FIXED]
#   -         beta[01]:  0                   [FIXED]
#   -           M1[02]: -19.3096690556202    [FREE]
#   -           M2[03]: -19.25               [FIXED]
#   - lnsigma_pecz[04]: -34.5387763949107    [FIXED]
#   - lnsigma_lens[05]: -34.5387763949107    [FIXED]
#----------------------------------------------------------------------------------
# NcmMSet parameters covariance matrix
#                                                -------------------------------------------------------------------------------------------------------------------------------------------------------------------------------------
#  w_0[03000:07] =  0.3508      +/-  0.77        |  1           |  0.7055      |  0.7131      | -0.4907      |  0.1959      | -0.07109     |  0.1018      | -0.1284      |  0.1504      | -0.04835     |  0.09112     |  0.8935      |
#  w_1[03000:08] = -0.9721      +/-  0.3313      |  0.7055      |  1           |  0.674       | -0.809       |  0.2806      | -0.07619     |  0.1131      | -0.1329      |  0.1391      | -0.08715     |  0.1138      |  0.4914      |
#  w_2[03000:09] = -0.8047      +/-  0.2525      |  0.7131      |  0.674       |  1           | -0.1433      | -0.2767      |  0.07261     | -0.00902     | -0.06027     |  0.1096      | -0.02189     |  0.04749     |  0.5595      |
#  w_3[03000:10] = -0.8241      +/-  0.5641      | -0.4907      | -0.809       | -0.1433      |  1           | -0.5357      |  0.04201     | -0.07159     |  0.05657     | -0.04223     |  0.04123     | -0.04943     | -0.3154      |
#  w_4[03000:11] = -0.6815      +/-  0.5114      |  0.1959      |  0.2806      | -0.2767      | -0.5357      |  1           | -0.5591      |  0.3445      | -0.278       |  0.2142      | -0.192       |  0.2328      |  0.1314      |
#  w_5[03000:12] = -0.4967      +/-  0.802       | -0.07109     | -0.07619     |  0.07261     |  0.04201     | -0.5591      |  1           | -0.8194      |  0.6306      | -0.4776      |  0.4665      | -0.5412      | -0.04059     |
#  w_6[03000:13] = -2.241       +/-  1.917       |  0.1018      |  0.1131      | -0.00902     | -0.07159     |  0.3445      | -0.8194      |  1           | -0.8129      |  0.589       | -0.5708      |  0.6686      |  0.07232     |
#  w_7[03000:14] =  1           +/-  2.7         | -0.1284      | -0.1329      | -0.06027     |  0.05657     | -0.278       |  0.6306      | -0.8129      |  1           | -0.9082      |  0.7742      | -0.8837      | -0.09105     |
#  w_8[03000:15] = -2.957       +/-  3.313       |  0.1504      |  0.1391      |  0.1096      | -0.04223     |  0.2142      | -0.4776      |  0.589       | -0.9082      |  1           | -0.8907      |  0.9341      |  0.1188      |
#  w_9[03000:16] =  0.252       +/-  2.111       | -0.04835     | -0.08715     | -0.02189     |  0.04123     | -0.192       |  0.4665      | -0.5708      |  0.7742      | -0.8907      |  1           | -0.9768      | -0.0004419   |
# w_10[03000:17] = -0.01671     +/-  0.1309      |  0.09112     |  0.1138      |  0.04749     | -0.04943     |  0.2328      | -0.5412      |  0.6686      | -0.8837      |  0.9341      | -0.9768      |  1           |  0.04671     |
#   M1[14000:02] = -19.31       +/-  0.01909     |  0.8935      |  0.4914      |  0.5595      | -0.3154      |  0.1314      | -0.04059     |  0.07232     | -0.09105     |  0.1188      | -0.0004419   |  0.04671     |  1           |
#                                                -------------------------------------------------------------------------------------------------------------------------------------------------------------------------------------
