#----------------------------------------------------------------------------------
# Model fitting. Interating using:
#  - solver:            NLOpt:ln-neldermead
#  - differentiation:   Numerical differentiantion (forward)
#............................................................................
#  Minimum found with precision: |df|/f =  1.00000e-08 and |dx| =  1.00000e-05
#  Elapsed time: 00 days, 00:00:12.7690130
#  iteration            [000677]
#  function evaluations [000679]
#  gradient evaluations [000000]
#  degrees of freedom   [001695]
#  m2lnL     =     1512.71002975934 (     1473.2965    0.43799017     3.9931507     6.4991655     6.8665957     1.7905456    0.98382215     1.0911086     2.3852025     15.365973 )
#  Fit parameters:
#    -0.893679741710681   -1.06800403977274    -1.00519246449878    -1.5101634952789     -1.36688237861587    -19.3604306131001    
#----------------------------------------------------------------------------------
# Restarting:              yes
#  - absolute improvement: 868.716885570584      
#  - relative improvement: 0.364788387994779     
#  - m2lnL_0  :            2381.42691532993      
#  - m2lnL_1  :            1512.71002975934      
#----------------------------------------------------------------------------------
# Model fitting. Interating using:
#  - solver:            NLOpt:ln-neldermead
#  - differentiation:   Numerical differentiantion (forward)
#.............................................
#  Minimum found with precision: |df|/f =  1.00000e-08 and |dx| =  1.00000e-05
#  Elapsed time: 00 days, 00:00:07.5008250
#  iteration            [000367]
#  function evaluations [000369]
#  gradient evaluations [000000]
#  degrees of freedom   [001695]
#  m2lnL     =     1512.35353732069 (     1473.4792    0.42581045     3.9730475     6.3732825     6.7721132     1.9033117    0.98111645     1.0399346     2.3131583     15.092548 )
#  Fit parameters:
#    -0.919718720175614   -1.06451691829917    -1.01776089514588    -1.37614569140409    -4.99959818912172    -19.3609086878077    
#----------------------------------------------------------------------------------
# Restarting:              yes
#  - absolute improvement: 0.356492438656915     
#  - relative improvement: 0.000235664755071155  
#  - m2lnL_1  :            1512.71002975934      
#  - m2lnL_2  :            1512.35353732069      
#----------------------------------------------------------------------------------
# Model fitting. Interating using:
#  - solver:            NLOpt:ln-neldermead
#  - differentiation:   Numerical differentiantion (forward)
#.................
#  Minimum found with precision: |df|/f =  1.00000e-08 and |dx| =  1.00000e-05
#  Elapsed time: 00 days, 00:00:01.8357290
#  iteration            [000088]
#  function evaluations [000090]
#  gradient evaluations [000000]
#  degrees of freedom   [001695]
#  m2lnL     =      1512.3535255922 (     1473.4813    0.42622384     3.9742834     6.3718464     6.7704047     1.9034656    0.98116679     1.0406092     2.3141124     15.090095 )
#  Fit parameters:
#    -0.919396783918505   -1.06467876134119    -1.01806358517345    -1.37490872206836    -4.99989165427326    -19.3608995710545    
#----------------------------------------------------------------------------------
# Restarting:              no
#  - absolute improvement: 1.17284839689091e-05  
#  - relative improvement: 7.75512053199382e-09  
#  - m2lnL_2  :            1512.35353732069      
#  - m2lnL_3  :            1512.3535255922       
#----------------------------------------------------------------------------------
# Data used:
#   - Pantheon+SH0ES Sample STAT+SYS (2022)
#   - 6dFGRS -- Beutler (2011), BAO Sample R-Dv
#   - SDSS-DR7-lowz -- Ross (2015), Empirical m2lnp
#   - SDSS DR12 (final consensus) -- Ross et al. (2016), arXiv:1607.03145; Alam
#        et al. (2016), arXiv:1607.03155; BAO Sample(D_t / r_sd, DH / r_sd) --
#        DR16 Compatible
#   - SDSS DR16 -- Alam et al., PRD 103, 083533 (2021); BAO LRG Sample(D_t /
#        r_sd, DH / r_sd)
#   - SDSS DR16 -- Alam et al., PRD 103, 083533 (2021); BAO QSO Sample(D_t /
#        r_sd, DH / r_sd)
#   - SDSS DR16 -- Alam et al., PRD 103, 083533 (2021) -- BAO ELG Sample,
#        Empirical m2lnp
#   - SDSS DR16 -- Alam et al., PRD 103, 083533 (2021) -- BAO Lyman alpha
#        autocorrelation Sample, Empirical m2lnp
#   - SDSS DR16 -- Alam et al., PRD 103, 083533 (2021) -- BAO Lyman alpha QSO
#        cross-correlation Sample, Empirical m2lnp
#   - Gomez-Valent 2018 -- arXiv:1802.01505
#----------------------------------------------------------------------------------
# Model[03000]:
#   - NcHICosmo : XCDM - Constant EOS
#----------------------------------------------------------------------------------
# Model parameters
#   -           H0[00]:  70                  [FIXED]
#   -       Omegac[01]:  0.25                [FIXED]
#   -       Omegak[02]:  0                   [FIXED]
#   -      Tgamma0[03]:  2.7245              [FIXED]
#   -           Yp[04]:  0.24                [FIXED]
#   -         ENnu[05]:  3.046               [FIXED]
#   -       Omegab[06]:  0.05                [FIXED]
#   -          w_0[07]: -0.919396783918505   [FREE]
#   -          w_1[08]: -1.06467876134119    [FREE]
#   -          w_2[09]: -1.01806358517345    [FREE]
#   -          w_3[10]: -1.37490872206836    [FREE]
#   -          w_4[11]: -4.99989165427326    [FREE]
#----------------------------------------------------------------------------------
# Model[14000]:
#   - NcSNIADistCov : Supernovae Ia Distance Covariance
#----------------------------------------------------------------------------------
# Model parameters
#   -        alpha[00]:  0                   [FIXED]
#   -         beta[01]:  0                   [FIXED]
#   -           M1[02]: -19.3608995710545    [FREE]
#   -           M2[03]: -19.25               [FIXED]
#   - lnsigma_pecz[04]: -34.5387763949107    [FIXED]
#   - lnsigma_lens[05]: -34.5387763949107    [FIXED]
#----------------------------------------------------------------------------------
# NcmMSet parameters covariance matrix
#                                               -------------------------------------------------------------------------------------------
# w_0[03000:07] = -0.9194      +/-  0.2684      |  1           | -0.846       |  0.418       | -0.3398      |  0.4838      |  0.7991      |
# w_1[03000:08] = -1.065       +/-  0.09139     | -0.846       |  1           | -0.3194      |  0.02352     | -0.2053      | -0.5292      |
# w_2[03000:09] = -1.018       +/-  0.1277      |  0.418       | -0.3194      |  1           | -0.436       |  0.5099      |  0.09048     |
# w_3[03000:10] = -1.375       +/-  0.7568      | -0.3398      |  0.02352     | -0.436       |  1           | -0.8205      | -0.1279      |
# w_4[03000:11] = -5           +/-  19.09       |  0.4838      | -0.2053      |  0.5099      | -0.8205      |  1           |  0.2194      |
#  M1[14000:02] = -19.36       +/-  0.01059     |  0.7991      | -0.5292      |  0.09048     | -0.1279      |  0.2194      |  1           |
#                                               -------------------------------------------------------------------------------------------
