#----------------------------------------------------------------------------------
# Model fitting. Interating using:
#  - solver:            NLOpt:ln-neldermead
#  - differentiation:   Numerical differentiantion (forward)
#....................................................................................................................
#  Minimum found with precision: |df|/f =  1.00000e-08 and |dx| =  1.00000e-05
#  Elapsed time: 00 days, 00:00:17.3413950
#  iteration            [001079]
#  function evaluations [001081]
#  gradient evaluations [000000]
#  degrees of freedom   [001693]
#  m2lnL     =     1512.48169325275 (     1477.5126    0.21966273      3.564213     4.4799701     5.5697359     1.9807669     0.9806181      1.207985     2.5422497     14.423849 )
#  Fit parameters:
#    -1.4345181135275     -1.01160410973204    -1.22126036110247    -0.980761209882566   -0.940010583059061   -2.19484085822124    -0.362847878279126   -19.3713233508727    
#----------------------------------------------------------------------------------
# Restarting:              yes
#  - absolute improvement: 868.945222077175      
#  - relative improvement: 0.364884270217795     
#  - m2lnL_0  :            2381.42691532993      
#  - m2lnL_1  :            1512.48169325275      
#----------------------------------------------------------------------------------
# Model fitting. Interating using:
#  - solver:            NLOpt:ln-neldermead
#  - differentiation:   Numerical differentiantion (forward)
#......................................................................................................................
#  Minimum found with precision: |df|/f =  1.00000e-08 and |dx| =  1.00000e-05
#  Elapsed time: 00 days, 00:00:19.5886960
#  iteration            [001090]
#  function evaluations [001092]
#  gradient evaluations [000000]
#  degrees of freedom   [001693]
#  m2lnL     =     1488.06617937445 (     1461.5295  0.0029655949     1.9303895     1.2196125     2.1532793     1.7812784    0.99705662     1.0034481     1.0086425     16.440027 )
#  Fit parameters:
#    -0.354781531020881   -1.11932564230673    -1.01785813887605    -0.712947952539979   -0.438252310196416   -1.94180689470668     0.135086398721295   -19.327287862003     
#----------------------------------------------------------------------------------
# Restarting:              yes
#  - absolute improvement: 24.4155138782994      
#  - relative improvement: 0.0161426838997246    
#  - m2lnL_1  :            1512.48169325275      
#  - m2lnL_2  :            1488.06617937445      
#----------------------------------------------------------------------------------
# Model fitting. Interating using:
#  - solver:            NLOpt:ln-neldermead
#  - differentiation:   Numerical differentiantion (forward)
#................................................................................................................................
#  Minimum found with precision: |df|/f =  1.00000e-08 and |dx| =  1.00000e-05
#  Elapsed time: 00 days, 00:00:22.4080290
#  iteration            [001192]
#  function evaluations [001194]
#  gradient evaluations [000000]
#  degrees of freedom   [001693]
#  m2lnL     =      1483.5459312296 (     1454.8612  0.0092649076     1.2618905     1.4269105     2.6908558    0.55723761    0.93924647     1.0177647     1.6688675     19.112728 )
#  Fit parameters:
#     0.205349334953372   -1.05792262279826    -0.661155473656923   -0.838007840520432   -0.920305808414099   -1.00740125849234     0.0644235113222643  -19.3123507213545    
#----------------------------------------------------------------------------------
# Restarting:              yes
#  - absolute improvement: 4.52024814484889      
#  - relative improvement: 0.00303766607124227   
#  - m2lnL_2  :            1488.06617937445      
#  - m2lnL_3  :            1483.5459312296       
#----------------------------------------------------------------------------------
# Model fitting. Interating using:
#  - solver:            NLOpt:ln-neldermead
#  - differentiation:   Numerical differentiantion (forward)
#......................
#  Minimum found with precision: |df|/f =  1.00000e-08 and |dx| =  1.00000e-05
#  Elapsed time: 00 days, 00:00:02.6220440
#  iteration            [000131]
#  function evaluations [000133]
#  gradient evaluations [000000]
#  degrees of freedom   [001693]
#  m2lnL     =     1483.54590677363 (      1454.856  0.0093976889     1.2597892     1.4293983     2.6884838    0.55597073    0.93900884     1.0180262     1.6702321     19.119621 )
#  Fit parameters:
#     0.206376386119626   -1.05800811557588    -0.660872862060889   -0.837764702392253   -0.920357381689015   -1.00621109247295     0.0643439451733012  -19.3123312696446    
#----------------------------------------------------------------------------------
# Restarting:              no
#  - absolute improvement: 2.44559771545028e-05  
#  - relative improvement: 1.64848129334513e-08  
#  - m2lnL_3  :            1483.5459312296       
#  - m2lnL_4  :            1483.54590677363      
#----------------------------------------------------------------------------------
# Data used:
#   - Pantheon+SH0ES Sample STAT+SYS (2022)
#   - 6dFGRS -- Beutler (2011), BAO Sample R-Dv
#   - SDSS-DR7-lowz -- Ross (2015), Empirical m2lnp
#   - SDSS DR12 (final consensus) -- Ross et al. (2016), arXiv:1607.03145; Alam
#        et al. (2016), arXiv:1607.03155; BAO Sample(D_t / r_sd, DH / r_sd) --
#        DR16 Compatible
#   - SDSS DR16 -- Alam et al., PRD 103, 083533 (2021); BAO LRG Sample(D_t /
#        r_sd, DH / r_sd)
#   - SDSS DR16 -- Alam et al., PRD 103, 083533 (2021); BAO QSO Sample(D_t /
#        r_sd, DH / r_sd)
#   - SDSS DR16 -- Alam et al., PRD 103, 083533 (2021) -- BAO ELG Sample,
#        Empirical m2lnp
#   - SDSS DR16 -- Alam et al., PRD 103, 083533 (2021) -- BAO Lyman alpha
#        autocorrelation Sample, Empirical m2lnp
#   - SDSS DR16 -- Alam et al., PRD 103, 083533 (2021) -- BAO Lyman alpha QSO
#        cross-correlation Sample, Empirical m2lnp
#   - Gomez-Valent 2018 -- arXiv:1802.01505
#----------------------------------------------------------------------------------
# Model[03000]:
#   - NcHICosmo : XCDM - Constant EOS
#----------------------------------------------------------------------------------
# Model parameters
#   -           H0[00]:  70                  [FIXED]
#   -       Omegac[01]:  0.25                [FIXED]
#   -       Omegak[02]:  0                   [FIXED]
#   -      Tgamma0[03]:  2.7245              [FIXED]
#   -           Yp[04]:  0.24                [FIXED]
#   -         ENnu[05]:  3.046               [FIXED]
#   -       Omegab[06]:  0.05                [FIXED]
#   -          w_0[07]:  0.206376386119626   [FREE]
#   -          w_1[08]: -1.05800811557588    [FREE]
#   -          w_2[09]: -0.660872862060889   [FREE]
#   -          w_3[10]: -0.837764702392253   [FREE]
#   -          w_4[11]: -0.920357381689015   [FREE]
#   -          w_5[12]: -1.00621109247295    [FREE]
#   -          w_6[13]:  0.0643439451733012  [FREE]
#----------------------------------------------------------------------------------
# Model[14000]:
#   - NcSNIADistCov : Supernovae Ia Distance Covariance
#----------------------------------------------------------------------------------
# Model parameters
#   -        alpha[00]:  0                   [FIXED]
#   -         beta[01]:  0                   [FIXED]
#   -           M1[02]: -19.3123312696446    [FREE]
#   -           M2[03]: -19.25               [FIXED]
#   - lnsigma_pecz[04]: -34.5387763949107    [FIXED]
#   - lnsigma_lens[05]: -34.5387763949107    [FIXED]
#----------------------------------------------------------------------------------
# NcmMSet parameters covariance matrix
#                                               -------------------------------------------------------------------------------------------------------------------------
# w_0[03000:07] =  0.2064      +/-  0.4714      |  1           | -0.2363      |  0.7149      | -0.3282      |  0.06001     |  0.2909      | -0.03315     |  0.871       |
# w_1[03000:08] = -1.058       +/-  0.09615     | -0.2363      |  1           |  0.3872      | -0.6023      |  0.1743      |  0.05825     |  0.1376      | -0.2257      |
# w_2[03000:09] = -0.6609      +/-  0.2008      |  0.7149      |  0.3872      |  1           | -0.5338      |  0.01556     |  0.3196      | -0.02338     |  0.4903      |
# w_3[03000:10] = -0.8378      +/-  0.2464      | -0.3282      | -0.6023      | -0.5338      |  1           | -0.3519      | -0.09486     | -0.2509      | -0.175       |
# w_4[03000:11] = -0.9204      +/-  0.4117      |  0.06001     |  0.1743      |  0.01556     | -0.3519      |  1           | -0.4748      |  0.6504      |  0.0305      |
# w_5[03000:12] = -1.006       +/-  0.3941      |  0.2909      |  0.05825     |  0.3196      | -0.09486     | -0.4748      |  1           | -0.9088      |  0.3033      |
# w_6[03000:13] =  0.06434     +/-  0.03584     | -0.03315     |  0.1376      | -0.02338     | -0.2509      |  0.6504      | -0.9088      |  1           | -0.08551     |
#  M1[14000:02] = -19.31       +/-  0.01548     |  0.871       | -0.2257      |  0.4903      | -0.175       |  0.0305      |  0.3033      | -0.08551     |  1           |
#                                               -------------------------------------------------------------------------------------------------------------------------
