#----------------------------------------------------------------------------------
# Model fitting. Interating using:
#  - solver:            NLOpt:ln-neldermead
#  - differentiation:   Numerical differentiantion (forward)
#............................................................................................
#  Minimum found with precision: |df|/f =  1.00000e-08 and |dx| =  1.00000e-05
#  Elapsed time: 00 days, 00:00:15.5809910
#  iteration            [000837]
#  function evaluations [000839]
#  gradient evaluations [000000]
#  degrees of freedom   [001692]
#  m2lnL     =     1512.98549367552 (     1473.8335    0.32316704     3.8940327     3.9891679     6.5302069    0.97840005    0.99476817     1.6410786     3.1240751     17.677096 )
#  Fit parameters:
#    -1.39005505885683    -1.19273751945011    -1.26923036876051    -0.671281285470539   -1.33154707334421    -2.92558443705085    -0.884835849215451   -2.59971133730091    -19.3689699145549    
#----------------------------------------------------------------------------------
# Restarting:              yes
#  - absolute improvement: 868.441421654409      
#  - relative improvement: 0.364672716203887     
#  - m2lnL_0  :            2381.42691532993      
#  - m2lnL_1  :            1512.98549367552      
#----------------------------------------------------------------------------------
# Model fitting. Interating using:
#  - solver:            NLOpt:ln-neldermead
#  - differentiation:   Numerical differentiantion (forward)
#.......................................................................................................................................................................................................................................................................................
#  Minimum found with precision: |df|/f =  1.00000e-08 and |dx| =  1.00000e-05
#  Elapsed time: 00 days, 00:00:54.6304800
#  iteration            [002704]
#  function evaluations [002706]
#  gradient evaluations [000000]
#  degrees of freedom   [001692]
#  m2lnL     =     1487.60139858934 (     1460.0654  0.0092205704     1.9688925     1.5645838     3.3432258     1.1619944    0.95031331    0.84192871     1.2564695     16.439379 )
#  Fit parameters:
#    -0.105176000745065   -1.07515036071494    -0.930487994273236   -0.938715906715285   -0.829605207679193   -0.595724490788277   -1.60734167567972     0.0997596611184345  -19.3193494783303    
#----------------------------------------------------------------------------------
# Restarting:              yes
#  - absolute improvement: 25.3840950861822      
#  - relative improvement: 0.0167774874196026    
#  - m2lnL_1  :            1512.98549367552      
#  - m2lnL_2  :            1487.60139858934      
#----------------------------------------------------------------------------------
# Model fitting. Interating using:
#  - solver:            NLOpt:ln-neldermead
#  - differentiation:   Numerical differentiantion (forward)
#..............................................................................................................
#  Minimum found with precision: |df|/f =  1.00000e-08 and |dx| =  1.00000e-05
#  Elapsed time: 00 days, 00:00:19.9468440
#  iteration            [001019]
#  function evaluations [001021]
#  gradient evaluations [000000]
#  degrees of freedom   [001692]
#  m2lnL     =     1483.40782335855 (     1454.6818  0.0092734114     1.2842153     1.2984189     2.8688749    0.50102512    0.90674278      1.041271     1.6758038     19.140367 )
#  Fit parameters:
#     0.136093349597535   -1.07485784828397    -0.751420396916059   -0.63243802672658    -1.07476580114191    -0.849286503740591   -0.988098490116891    0.0694501163138658  -19.3139532932025    
#----------------------------------------------------------------------------------
# Restarting:              yes
#  - absolute improvement: 4.19357523078747      
#  - relative improvement: 0.00281901807484462   
#  - m2lnL_2  :            1487.60139858934      
#  - m2lnL_3  :            1483.40782335855      
#----------------------------------------------------------------------------------
# Model fitting. Interating using:
#  - solver:            NLOpt:ln-neldermead
#  - differentiation:   Numerical differentiantion (forward)
#................................................
#  Minimum found with precision: |df|/f =  1.00000e-08 and |dx| =  1.00000e-05
#  Elapsed time: 00 days, 00:00:08.0314580
#  iteration            [000396]
#  function evaluations [000398]
#  gradient evaluations [000000]
#  degrees of freedom   [001692]
#  m2lnL     =     1483.40638023794 (     1454.6297  0.0089589513     1.2846229     1.3034196     2.8767092    0.50585804    0.90577925     1.0389966     1.6690206     19.183281 )
#  Fit parameters:
#     0.151760724504823   -1.07629214263445    -0.74829098704774    -0.630405132063233   -1.07802414361562    -0.83980844551953    -0.989013921747652    0.0697500794100132  -19.3134671247555    
#----------------------------------------------------------------------------------
# Restarting:              yes
#  - absolute improvement: 0.00144312060660923   
#  - relative improvement: 9.72841442444258e-07  
#  - m2lnL_3  :            1483.40782335855      
#  - m2lnL_4  :            1483.40638023794      
#----------------------------------------------------------------------------------
# Model fitting. Interating using:
#  - solver:            NLOpt:ln-neldermead
#  - differentiation:   Numerical differentiantion (forward)
#........................
#  Minimum found with precision: |df|/f =  1.00000e-08 and |dx| =  1.00000e-05
#  Elapsed time: 00 days, 00:00:03.2294990
#  iteration            [000159]
#  function evaluations [000161]
#  gradient evaluations [000000]
#  degrees of freedom   [001692]
#  m2lnL     =     1483.40637657446 (     1454.6326  0.0088374409     1.2861793     1.3020032     2.8791803    0.50551308    0.90575245     1.0396871     1.6690878     19.177532 )
#  Fit parameters:
#     0.151934337436482   -1.07635214798268    -0.748295974374436   -0.630700965074194   -1.07828937371025    -0.840148527653575   -0.989605229571638    0.0697885306690999  -19.3134780497738    
#----------------------------------------------------------------------------------
# Restarting:              no
#  - absolute improvement: 3.66347785529797e-06  
#  - relative improvement: 2.46963873426939e-09  
#  - m2lnL_4  :            1483.40638023794      
#  - m2lnL_5  :            1483.40637657446      
#----------------------------------------------------------------------------------
# Data used:
#   - Pantheon+SH0ES Sample STAT+SYS (2022)
#   - 6dFGRS -- Beutler (2011), BAO Sample R-Dv
#   - SDSS-DR7-lowz -- Ross (2015), Empirical m2lnp
#   - SDSS DR12 (final consensus) -- Ross et al. (2016), arXiv:1607.03145; Alam
#        et al. (2016), arXiv:1607.03155; BAO Sample(D_t / r_sd, DH / r_sd) --
#        DR16 Compatible
#   - SDSS DR16 -- Alam et al., PRD 103, 083533 (2021); BAO LRG Sample(D_t /
#        r_sd, DH / r_sd)
#   - SDSS DR16 -- Alam et al., PRD 103, 083533 (2021); BAO QSO Sample(D_t /
#        r_sd, DH / r_sd)
#   - SDSS DR16 -- Alam et al., PRD 103, 083533 (2021) -- BAO ELG Sample,
#        Empirical m2lnp
#   - SDSS DR16 -- Alam et al., PRD 103, 083533 (2021) -- BAO Lyman alpha
#        autocorrelation Sample, Empirical m2lnp
#   - SDSS DR16 -- Alam et al., PRD 103, 083533 (2021) -- BAO Lyman alpha QSO
#        cross-correlation Sample, Empirical m2lnp
#   - Gomez-Valent 2018 -- arXiv:1802.01505
#----------------------------------------------------------------------------------
# Model[03000]:
#   - NcHICosmo : XCDM - Constant EOS
#----------------------------------------------------------------------------------
# Model parameters
#   -           H0[00]:  70                  [FIXED]
#   -       Omegac[01]:  0.25                [FIXED]
#   -       Omegak[02]:  0                   [FIXED]
#   -      Tgamma0[03]:  2.7245              [FIXED]
#   -           Yp[04]:  0.24                [FIXED]
#   -         ENnu[05]:  3.046               [FIXED]
#   -       Omegab[06]:  0.05                [FIXED]
#   -          w_0[07]:  0.151934337436482   [FREE]
#   -          w_1[08]: -1.07635214798268    [FREE]
#   -          w_2[09]: -0.748295974374436   [FREE]
#   -          w_3[10]: -0.630700965074194   [FREE]
#   -          w_4[11]: -1.07828937371025    [FREE]
#   -          w_5[12]: -0.840148527653575   [FREE]
#   -          w_6[13]: -0.989605229571638   [FREE]
#   -          w_7[14]:  0.0697885306690999  [FREE]
#----------------------------------------------------------------------------------
# Model[14000]:
#   - NcSNIADistCov : Supernovae Ia Distance Covariance
#----------------------------------------------------------------------------------
# Model parameters
#   -        alpha[00]:  0                   [FIXED]
#   -         beta[01]:  0                   [FIXED]
#   -           M1[02]: -19.3134780497738    [FREE]
#   -           M2[03]: -19.25               [FIXED]
#   - lnsigma_pecz[04]: -34.5387763949107    [FIXED]
#   - lnsigma_lens[05]: -34.5387763949107    [FIXED]
#----------------------------------------------------------------------------------
# NcmMSet parameters covariance matrix
#                                               ----------------------------------------------------------------------------------------------------------------------------------------
# w_0[03000:07] =  0.1519      +/-  0.5626      |  1           |  0.2862      |  0.7612      | -0.3829      |  0.2074      | -0.06743     |  0.1776      | -0.1989      |  0.8817      |
# w_1[03000:08] = -1.076       +/-  0.1447      |  0.2862      |  1           |  0.7032      | -0.7971      |  0.4146      | -0.1249      | -0.02684     | -0.1454      |  0.1519      |
# w_2[03000:09] = -0.7483      +/-  0.2266      |  0.7612      |  0.7032      |  1           | -0.4635      |  0.09863     | -0.03057     |  0.1641      | -0.1667      |  0.5472      |
# w_3[03000:10] = -0.6307      +/-  0.3187      | -0.3829      | -0.7971      | -0.4635      |  1           | -0.6568      |  0.1531      |  0.1664      |  0.1201      | -0.2309      |
# w_4[03000:11] = -1.078       +/-  0.4899      |  0.2074      |  0.4146      |  0.09863     | -0.6568      |  1           | -0.3691      | -0.2377      | -0.1731      |  0.1441      |
# w_5[03000:12] = -0.8401      +/-  0.5053      | -0.06743     | -0.1249      | -0.03057     |  0.1531      | -0.3691      |  1           | -0.4546      |  0.6108      | -0.04358     |
# w_6[03000:13] = -0.9896      +/-  0.5783      |  0.1776      | -0.02684     |  0.1641      |  0.1664      | -0.2377      | -0.4546      |  1           | -0.9007      |  0.2258      |
# w_7[03000:14] =  0.06979     +/-  0.04056     | -0.1989      | -0.1454      | -0.1667      |  0.1201      | -0.1731      |  0.6108      | -0.9007      |  1           | -0.1999      |
#  M1[14000:02] = -19.31       +/-  0.01672     |  0.8817      |  0.1519      |  0.5472      | -0.2309      |  0.1441      | -0.04358     |  0.2258      | -0.1999      |  1           |
#                                               ----------------------------------------------------------------------------------------------------------------------------------------
