#----------------------------------------------------------------------------------
# Model fitting. Interating using:
#  - solver:            NLOpt:ln-neldermead
#  - differentiation:   Numerical differentiantion (forward)
#...........................................................................................................
#  Minimum found with precision: |df|/f =  1.00000e-08 and |dx| =  1.00000e-05
#  Elapsed time: 00 days, 00:00:19.8233920
#  iteration            [000984]
#  function evaluations [000986]
#  gradient evaluations [000000]
#  degrees of freedom   [001691]
#  m2lnL     =     1512.27688098166 (     1472.7741    0.52146687     4.2739842     4.9155558     7.4686066      2.050011    0.99676389     1.0904996     2.3810987     15.804792 )
#  Fit parameters:
#    -0.913461601624841   -1.15254420924287    -1.20650022233817    -1.03843824582025    -0.552667673012056   -1.96265128233615    -0.494631359788332   -3.00771018416369    -1.47601253883673    -19.3586509371551    
#----------------------------------------------------------------------------------
# Restarting:              yes
#  - absolute improvement: 869.150034348268      
#  - relative improvement: 0.364970274230673     
#  - m2lnL_0  :            2381.42691532993      
#  - m2lnL_1  :            1512.27688098166      
#----------------------------------------------------------------------------------
# Model fitting. Interating using:
#  - solver:            NLOpt:ln-neldermead
#  - differentiation:   Numerical differentiantion (forward)
#.......................................................................................................................................................................................................................................................................
#  Minimum found with precision: |df|/f =  1.00000e-08 and |dx| =  1.00000e-05
#  Elapsed time: 00 days, 00:01:04.4245720
#  iteration            [002542]
#  function evaluations [002544]
#  gradient evaluations [000000]
#  degrees of freedom   [001691]
#  m2lnL     =     1487.92006061533 (     1459.2183   0.013334447     2.0534493      1.159769     3.4235036      1.752334    0.99994847     2.2054304     1.6563174     15.437667 )
#  Fit parameters:
#    -0.296027120031689   -1.1554626922078     -0.954604628791197   -0.622710626918102   -1.1432967850137     -0.245915894406324   -1.38356523787722    -4.94150296906009     0.298676923598745   -19.3252820440961    
#----------------------------------------------------------------------------------
# Restarting:              yes
#  - absolute improvement: 24.3568203663306      
#  - relative improvement: 0.0161060587995764    
#  - m2lnL_1  :            1512.27688098166      
#  - m2lnL_2  :            1487.92006061533      
#----------------------------------------------------------------------------------
# Model fitting. Interating using:
#  - solver:            NLOpt:ln-neldermead
#  - differentiation:   Numerical differentiantion (forward)
#.........................................................................................................................................................................................................................................................................................
#  Minimum found with precision: |df|/f =  1.00000e-08 and |dx| =  1.00000e-05
#  Elapsed time: 00 days, 00:01:03.5132540
#  iteration            [002724]
#  function evaluations [002726]
#  gradient evaluations [000000]
#  degrees of freedom   [001691]
#  m2lnL     =     1483.41218082827 (     1454.3714  0.0096730328      1.259693     1.2990511     2.7285115    0.41734446    0.89177027     1.0857794     1.7228275       19.6261 )
#  Fit parameters:
#     0.215625275656532   -1.04609250975253    -0.77753617332219    -0.663988832979295   -0.791489885784528   -1.24774820872228    -0.689048326386267   -0.988477148066592    0.0736267743647021  -19.3122648618616    
#----------------------------------------------------------------------------------
# Restarting:              yes
#  - absolute improvement: 4.50787978705671      
#  - relative improvement: 0.00302965186529744   
#  - m2lnL_2  :            1487.92006061533      
#  - m2lnL_3  :            1483.41218082827      
#----------------------------------------------------------------------------------
# Model fitting. Interating using:
#  - solver:            NLOpt:ln-neldermead
#  - differentiation:   Numerical differentiantion (forward)
#.........................
#  Minimum found with precision: |df|/f =  1.00000e-08 and |dx| =  1.00000e-05
#  Elapsed time: 00 days, 00:00:03.6792830
#  iteration            [000164]
#  function evaluations [000166]
#  gradient evaluations [000000]
#  degrees of freedom   [001691]
#  m2lnL     =     1483.41218082827 (     1454.3714  0.0096730328      1.259693     1.2990511     2.7285115    0.41734446    0.89177027     1.0857794     1.7228275       19.6261 )
#  Fit parameters:
#     0.215625275656532   -1.04609250975253    -0.77753617332219    -0.663988832979295   -0.791489885784528   -1.24774820872228    -0.689048326386267   -0.988477148066592    0.0736267743647021  -19.3122648618616    
#----------------------------------------------------------------------------------
# Restarting:              no
#  - absolute improvement: 0                     
#  - relative improvement: 0                     
#  - m2lnL_3  :            1483.41218082827      
#  - m2lnL_4  :            1483.41218082827      
#----------------------------------------------------------------------------------
# Data used:
#   - Pantheon+SH0ES Sample STAT+SYS (2022)
#   - 6dFGRS -- Beutler (2011), BAO Sample R-Dv
#   - SDSS-DR7-lowz -- Ross (2015), Empirical m2lnp
#   - SDSS DR12 (final consensus) -- Ross et al. (2016), arXiv:1607.03145; Alam
#        et al. (2016), arXiv:1607.03155; BAO Sample(D_t / r_sd, DH / r_sd) --
#        DR16 Compatible
#   - SDSS DR16 -- Alam et al., PRD 103, 083533 (2021); BAO LRG Sample(D_t /
#        r_sd, DH / r_sd)
#   - SDSS DR16 -- Alam et al., PRD 103, 083533 (2021); BAO QSO Sample(D_t /
#        r_sd, DH / r_sd)
#   - SDSS DR16 -- Alam et al., PRD 103, 083533 (2021) -- BAO ELG Sample,
#        Empirical m2lnp
#   - SDSS DR16 -- Alam et al., PRD 103, 083533 (2021) -- BAO Lyman alpha
#        autocorrelation Sample, Empirical m2lnp
#   - SDSS DR16 -- Alam et al., PRD 103, 083533 (2021) -- BAO Lyman alpha QSO
#        cross-correlation Sample, Empirical m2lnp
#   - Gomez-Valent 2018 -- arXiv:1802.01505
#----------------------------------------------------------------------------------
# Model[03000]:
#   - NcHICosmo : XCDM - Constant EOS
#----------------------------------------------------------------------------------
# Model parameters
#   -           H0[00]:  70                  [FIXED]
#   -       Omegac[01]:  0.25                [FIXED]
#   -       Omegak[02]:  0                   [FIXED]
#   -      Tgamma0[03]:  2.7245              [FIXED]
#   -           Yp[04]:  0.24                [FIXED]
#   -         ENnu[05]:  3.046               [FIXED]
#   -       Omegab[06]:  0.05                [FIXED]
#   -          w_0[07]:  0.215625275656532   [FREE]
#   -          w_1[08]: -1.04609250975253    [FREE]
#   -          w_2[09]: -0.77753617332219    [FREE]
#   -          w_3[10]: -0.663988832979295   [FREE]
#   -          w_4[11]: -0.791489885784528   [FREE]
#   -          w_5[12]: -1.24774820872228    [FREE]
#   -          w_6[13]: -0.689048326386267   [FREE]
#   -          w_7[14]: -0.988477148066592   [FREE]
#   -          w_8[15]:  0.0736267743647021  [FREE]
#----------------------------------------------------------------------------------
# Model[14000]:
#   - NcSNIADistCov : Supernovae Ia Distance Covariance
#----------------------------------------------------------------------------------
# Model parameters
#   -        alpha[00]:  0                   [FIXED]
#   -         beta[01]:  0                   [FIXED]
#   -           M1[02]: -19.3122648618616    [FREE]
#   -           M2[03]: -19.25               [FIXED]
#   - lnsigma_pecz[04]: -34.5387763949107    [FIXED]
#   - lnsigma_lens[05]: -34.5387763949107    [FIXED]
#----------------------------------------------------------------------------------
# NcmMSet parameters covariance matrix
#                                               -------------------------------------------------------------------------------------------------------------------------------------------------------
# w_0[03000:07] =  0.2156      +/-  0.6418      |  1           |  0.5259      |  0.7721      | -0.4297      |  0.2615      | -0.1975      |  0.1629      |  0.2656      | -0.04047     |  0.8875      |
# w_1[03000:08] = -1.046       +/-  0.2127      |  0.5259      |  1           |  0.7538      | -0.8281      |  0.4712      | -0.3364      |  0.253       |  0.1891      |  0.1004      |  0.3387      |
# w_2[03000:09] = -0.7775      +/-  0.2391      |  0.7721      |  0.7538      |  1           | -0.372       |  0.03069     | -0.06914     |  0.07117     |  0.2033      | -0.08079     |  0.5741      |
# w_3[03000:10] = -0.664       +/-  0.4018      | -0.4297      | -0.8281      | -0.372       |  1           | -0.6927      |  0.3868      | -0.2749      | -0.1188      | -0.1839      | -0.2678      |
# w_4[03000:11] = -0.7915      +/-  0.5338      |  0.2615      |  0.4712      |  0.03069     | -0.6927      |  1           | -0.715       |  0.4793      |  0.2299      |  0.288       |  0.1765      |
# w_5[03000:12] = -1.248       +/-  1.162       | -0.1975      | -0.3364      | -0.06914     |  0.3868      | -0.715       |  1           | -0.7786      | -0.3221      | -0.3849      | -0.1234      |
# w_6[03000:13] = -0.689       +/-  0.9025      |  0.1629      |  0.253       |  0.07117     | -0.2749      |  0.4793      | -0.7786      |  1           | -0.1067      |  0.6255      |  0.113       |
# w_7[03000:14] = -0.9885      +/-  0.7518      |  0.2656      |  0.1891      |  0.2033      | -0.1188      |  0.2299      | -0.3221      | -0.1067      |  1           | -0.7359      |  0.2742      |
# w_8[03000:15] =  0.07363     +/-  0.04609     | -0.04047     |  0.1004      | -0.08079     | -0.1839      |  0.288       | -0.3849      |  0.6255      | -0.7359      |  1           | -0.09329     |
#  M1[14000:02] = -19.31       +/-  0.01768     |  0.8875      |  0.3387      |  0.5741      | -0.2678      |  0.1765      | -0.1234      |  0.113       |  0.2742      | -0.09329     |  1           |
#                                               -------------------------------------------------------------------------------------------------------------------------------------------------------
