#----------------------------------------------------------------------------------
# Model fitting. Interating using:
#  - solver:            NLOpt:ln-neldermead
#  - differentiation:   Numerical differentiantion (forward)
#...........................................................................................
#  Minimum found with precision: |df|/f =  1.00000e-08 and |dx| =  1.00000e-05
#  Elapsed time: 00 days, 00:00:12.7754670
#  iteration            [000823]
#  function evaluations [000825]
#  gradient evaluations [000000]
#  degrees of freedom   [001694]
#  m2lnL     =     1513.36534339864 (     1472.9456    0.56429935     4.3144868     6.4653379     7.0464691     2.0887265    0.96310533     1.2619968     2.6129506     15.102342 )
#  Fit parameters:
#    -0.784258950428739   -1.1181950119696     -1.05373250312347    -0.958974431556029   -1.84656441634279    -0.305438012391037   -19.3559565649472    
#----------------------------------------------------------------------------------
# Restarting:              yes
#  - absolute improvement: 868.061571931285      
#  - relative improvement: 0.364513211110248     
#  - m2lnL_0  :            2381.42691532993      
#  - m2lnL_1  :            1513.36534339864      
#----------------------------------------------------------------------------------
# Model fitting. Interating using:
#  - solver:            NLOpt:ln-neldermead
#  - differentiation:   Numerical differentiantion (forward)
#................................................................................................................
#  Minimum found with precision: |df|/f =  1.00000e-08 and |dx| =  1.00000e-05
#  Elapsed time: 00 days, 00:00:20.5891250
#  iteration            [001036]
#  function evaluations [001038]
#  gradient evaluations [000000]
#  degrees of freedom   [001694]
#  m2lnL     =     1484.03152411371 (     1455.4321   0.015532841     1.2832331     1.2521858     2.4463443    0.45947775    0.93715281     1.1209392     1.9316404     19.152966 )
#  Fit parameters:
#    -0.0374004931053529  -1.07974540433475    -0.683058655897497   -0.931527322836236   -1.07171301781181     0.0535960632155253  -19.3160386410037    
#----------------------------------------------------------------------------------
# Restarting:              yes
#  - absolute improvement: 29.3338192849367      
#  - relative improvement: 0.01938317103196      
#  - m2lnL_1  :            1513.36534339864      
#  - m2lnL_2  :            1484.03152411371      
#----------------------------------------------------------------------------------
# Model fitting. Interating using:
#  - solver:            NLOpt:ln-neldermead
#  - differentiation:   Numerical differentiantion (forward)
#...............................................
#  Minimum found with precision: |df|/f =  1.00000e-08 and |dx| =  1.00000e-05
#  Elapsed time: 00 days, 00:00:07.4101210
#  iteration            [000387]
#  function evaluations [000389]
#  gradient evaluations [000000]
#  degrees of freedom   [001694]
#  m2lnL     =     1483.92188967539 (      1455.376   0.011108675     1.3068495     1.2557771     2.3820835    0.47144866     0.9410917      1.126406     1.9176454     19.133456 )
#  Fit parameters:
#     0.0124879240802015  -1.09837819695242    -0.666053468185787   -0.927439341104578   -1.08768944022016     0.0542453559267846  -19.3164156825466    
#----------------------------------------------------------------------------------
# Restarting:              yes
#  - absolute improvement: 0.109634438316107     
#  - relative improvement: 7.38760845269663e-05  
#  - m2lnL_2  :            1484.03152411371      
#  - m2lnL_3  :            1483.92188967539      
#----------------------------------------------------------------------------------
# Model fitting. Interating using:
#  - solver:            NLOpt:ln-neldermead
#  - differentiation:   Numerical differentiantion (forward)
#.....................
#  Minimum found with precision: |df|/f =  1.00000e-08 and |dx| =  1.00000e-05
#  Elapsed time: 00 days, 00:00:02.3950580
#  iteration            [000128]
#  function evaluations [000130]
#  gradient evaluations [000000]
#  degrees of freedom   [001694]
#  m2lnL     =     1483.92188967539 (      1455.376   0.011108675     1.3068495     1.2557771     2.3820835    0.47144866     0.9410917      1.126406     1.9176454     19.133456 )
#  Fit parameters:
#     0.0124879240802015  -1.09837819695242    -0.666053468185787   -0.927439341104578   -1.08768944022016     0.0542453559267846  -19.3164156825466    
#----------------------------------------------------------------------------------
# Restarting:              no
#  - absolute improvement: 0                     
#  - relative improvement: 0                     
#  - m2lnL_3  :            1483.92188967539      
#  - m2lnL_4  :            1483.92188967539      
#----------------------------------------------------------------------------------
# Data used:
#   - Pantheon+SH0ES Sample STAT+SYS (2022)
#   - 6dFGRS -- Beutler (2011), BAO Sample R-Dv
#   - SDSS-DR7-lowz -- Ross (2015), Empirical m2lnp
#   - SDSS DR12 (final consensus) -- Ross et al. (2016), arXiv:1607.03145; Alam
#        et al. (2016), arXiv:1607.03155; BAO Sample(D_t / r_sd, DH / r_sd) --
#        DR16 Compatible
#   - SDSS DR16 -- Alam et al., PRD 103, 083533 (2021); BAO LRG Sample(D_t /
#        r_sd, DH / r_sd)
#   - SDSS DR16 -- Alam et al., PRD 103, 083533 (2021); BAO QSO Sample(D_t /
#        r_sd, DH / r_sd)
#   - SDSS DR16 -- Alam et al., PRD 103, 083533 (2021) -- BAO ELG Sample,
#        Empirical m2lnp
#   - SDSS DR16 -- Alam et al., PRD 103, 083533 (2021) -- BAO Lyman alpha
#        autocorrelation Sample, Empirical m2lnp
#   - SDSS DR16 -- Alam et al., PRD 103, 083533 (2021) -- BAO Lyman alpha QSO
#        cross-correlation Sample, Empirical m2lnp
#   - Gomez-Valent 2018 -- arXiv:1802.01505
#----------------------------------------------------------------------------------
# Model[03000]:
#   - NcHICosmo : XCDM - Constant EOS
#----------------------------------------------------------------------------------
# Model parameters
#   -           H0[00]:  70                  [FIXED]
#   -       Omegac[01]:  0.25                [FIXED]
#   -       Omegak[02]:  0                   [FIXED]
#   -      Tgamma0[03]:  2.7245              [FIXED]
#   -           Yp[04]:  0.24                [FIXED]
#   -         ENnu[05]:  3.046               [FIXED]
#   -       Omegab[06]:  0.05                [FIXED]
#   -          w_0[07]:  0.0124879240802015  [FREE]
#   -          w_1[08]: -1.09837819695242    [FREE]
#   -          w_2[09]: -0.666053468185787   [FREE]
#   -          w_3[10]: -0.927439341104578   [FREE]
#   -          w_4[11]: -1.08768944022016    [FREE]
#   -          w_5[12]:  0.0542453559267846  [FREE]
#----------------------------------------------------------------------------------
# Model[14000]:
#   - NcSNIADistCov : Supernovae Ia Distance Covariance
#----------------------------------------------------------------------------------
# Model parameters
#   -        alpha[00]:  0                   [FIXED]
#   -         beta[01]:  0                   [FIXED]
#   -           M1[02]: -19.3164156825466    [FREE]
#   -           M2[03]: -19.25               [FIXED]
#   - lnsigma_pecz[04]: -34.5387763949107    [FIXED]
#   - lnsigma_lens[05]: -34.5387763949107    [FIXED]
#----------------------------------------------------------------------------------
# NcmMSet parameters covariance matrix
#                                               ----------------------------------------------------------------------------------------------------------
# w_0[03000:07] =  0.01249     +/-  0.3831      |  1           | -0.7172      |  0.6454      | -0.3067      |  0.07682     | -0.2662      |  0.8616      |
# w_1[03000:08] = -1.098       +/-  0.08951     | -0.7172      |  1           | -0.1317      | -0.1886      |  0.09367     | -0.08731     | -0.5035      |
# w_2[03000:09] = -0.6661      +/-  0.164       |  0.6454      | -0.1317      |  1           | -0.558       |  0.03734     | -0.4117      |  0.4265      |
# w_3[03000:10] = -0.9274      +/-  0.2759      | -0.3067      | -0.1886      | -0.558       |  1           | -0.1088      |  0.5579      | -0.1637      |
# w_4[03000:11] = -1.088       +/-  0.2221      |  0.07682     |  0.09367     |  0.03734     | -0.1088      |  1           | -0.8398      |  0.157       |
# w_5[03000:12] =  0.05425     +/-  0.02823     | -0.2662      | -0.08731     | -0.4117      |  0.5579      | -0.8398      |  1           | -0.1906      |
#  M1[14000:02] = -19.32       +/-  0.01422     |  0.8616      | -0.5035      |  0.4265      | -0.1637      |  0.157       | -0.1906      |  1           |
#                                               ----------------------------------------------------------------------------------------------------------
