#----------------------------------------------------------------------------------
# Model[03000]:
#   - NcHICosmo : XCDM - Constant EOS
#----------------------------------------------------------------------------------
# Model parameters
#   -            H0[00]:  70                  [FIXED]
#   -        Omegac[01]:  0.25                [FIXED]
#   -        Omegak[02]:  0                   [FIXED]
#   -       Tgamma0[03]:  2.7245              [FIXED]
#   -            Yp[04]:  0.24                [FIXED]
#   -          ENnu[05]:  3.046               [FIXED]
#   -        Omegab[06]:  0.05                [FIXED]
#   -           w_0[07]: -1                   [FIXED]
#   -           w_1[08]: -1                   [FIXED]
#   -           w_2[09]: -1                   [FIXED]
#   -           w_3[10]: -1                   [FIXED]
#   -           w_4[11]: -1                   [FIXED]
#----------------------------------------------------------------------------------
# Model[14000]:
#   - NcSNIADistCov : Supernovae Ia Distance Covariance
#----------------------------------------------------------------------------------
# Model parameters
#   -         alpha[00]:  0.145               [FIXED]
#   -          beta[01]:  3.16                [FIXED]
#   -            M1[02]: -19                  [FIXED]
#   -            M2[03]: -19.2                [FIXED]
#   -  lnsigma_pecz[04]: -7.60021041          [FIXED]
#   -  lnsigma_lens[05]: -2.90042209374967    [FIXED]
#   - lnsigma_int_0[06]: -2.52572864430826    [FIXED]
#   - lnsigma_int_1[07]: -2.22562405185792    [FIXED]
#   - lnsigma_int_2[08]: -2.00991547903123    [FIXED]
#   - lnsigma_int_3[09]: -2.30258509299405    [FIXED]
#----------------------------------------------------------------------------------
# Model fitting. Interating using:
#  - solver:            NLOpt:ln-neldermead
#  - differentiation:   Numerical differentiantion (forward)
#........................................................................................................................
#  Minimum found with precision: |df|/f =  1.00000e-08 and |dx| =  1.00000e-05
#  Elapsed time: 00 days, 00:02:45.7227930
#  iteration            [001113]
#  function evaluations [001115]
#  gradient evaluations [000000]
#  degrees of freedom   [000758]
#  m2lnL     =     704.778117416272 (     682.71806    0.25190788   0.034590453    0.10747702     1.3178672     6.5100799     8.7411475     4.4355724    0.66141441 )
#  Fit parameters:
#     67.6764340451863     0.000496569838342898 -0.960321359777686   -1.00422760741636    -0.87387922017272    -0.926615459249132   -0.965852216370573    0.141155802740275    3.09993242673278    -19.1171350672664    -19.187292497601     
#----------------------------------------------------------------------------------
# Restarting:              yes
#  - absolute improvement: 49.6752782644745      
#  - relative improvement: 0.065842739324743     
#  - m2lnL_0  :            754.453395680746      
#  - m2lnL_1  :            704.778117416272      
#----------------------------------------------------------------------------------
# Model fitting. Interating using:
#  - solver:            NLOpt:ln-neldermead
#  - differentiation:   Numerical differentiantion (forward)
#.....................................................................................................................................................................................................
#  Minimum found with precision: |df|/f =  1.00000e-08 and |dx| =  1.00000e-05
#  Elapsed time: 00 days, 00:04:32.0322310
#  iteration            [001880]
#  function evaluations [001882]
#  gradient evaluations [000000]
#  degrees of freedom   [000758]
#  m2lnL     =     704.721433015512 (     682.66049    0.25681788   0.040504958    0.10958822     1.3130676     6.5024671     8.7349695     4.4322061    0.67132608 )
#  Fit parameters:
#     67.6800154904994     0.0056905523192514  -0.962131301805629   -1.00993576028041    -0.888756631332503   -2.09317009075811e-05 -3.64934595015602     0.14112185059735     3.09890195062821    -19.1168353464785    -19.1871099167743    
#----------------------------------------------------------------------------------
# Restarting:              yes
#  - absolute improvement: 0.0566844007591953    
#  - relative improvement: 8.04287184270155e-05  
#  - m2lnL_1  :            704.778117416272      
#  - m2lnL_2  :            704.721433015512      
#----------------------------------------------------------------------------------
# Model fitting. Interating using:
#  - solver:            NLOpt:ln-neldermead
#  - differentiation:   Numerical differentiantion (forward)
#........................................
#  Minimum found with precision: |df|/f =  1.00000e-08 and |dx| =  1.00000e-05
#  Elapsed time: 00 days, 00:00:46.1345920
#  iteration            [000316]
#  function evaluations [000318]
#  gradient evaluations [000000]
#  degrees of freedom   [000758]
#  m2lnL     =     704.720986454063 (     682.66471    0.25392907   0.037626552    0.10609466     1.3137132     6.5107347     8.7398361     4.4341228    0.66022385 )
#  Fit parameters:
#     67.6761260840167     0.00570004083258751 -0.964519677850572   -1.01000850491951    -0.887860950253711    0                   -3.63890849285034     0.141160327562429    3.09986022854947    -19.1171100452798    -19.1872836768219    
#----------------------------------------------------------------------------------
# Restarting:              no
#  - absolute improvement: 0.000446561449507499  
#  - relative improvement: 6.33670878430157e-07  
#  - m2lnL_2  :            704.721433015512      
#  - m2lnL_3  :            704.720986454063      
#----------------------------------------------------------------------------------
# Data used:
#   - JLA SNLS3+SDSS Betoule 2014 sys and stat (complete cov)
#   - 6dFGRS -- Beutler (2011), BAO Sample R-Dv
#   - SDSS-DR7-rec -- Padmanabhan (2012), BAO Sample R-Dv
#   - SDSS-DR9-rec -- Anderson (2012), BAO Sample R-Dv
#   - WiggleZ -- Blake (2012), BAO Sample R-Dv
#   - Riess 2008 HST Project sample
#   - Stern 2009 H(z) sample
#   - Moresco 2012 H(z) BC03 sample
#   - WMAP9 distance priors
#----------------------------------------------------------------------------------
# Model[03000]:
#   - NcHICosmo : XCDM - Constant EOS
#----------------------------------------------------------------------------------
# Model parameters
#   -            H0[00]:  67.6761260840167    [FREE]
#   -        Omegac[01]:  0.25                [FIXED]
#   -        Omegak[02]:  0.00570004083258751 [FREE]
#   -       Tgamma0[03]:  2.7245              [FIXED]
#   -            Yp[04]:  0.24                [FIXED]
#   -          ENnu[05]:  3.046               [FIXED]
#   -        Omegab[06]:  0.05                [FIXED]
#   -           w_0[07]: -0.964519677850572   [FREE]
#   -           w_1[08]: -1.01000850491951    [FREE]
#   -           w_2[09]: -0.887860950253711   [FREE]
#   -           w_3[10]:  0                   [FREE]
#   -           w_4[11]: -3.63890849285034    [FREE]
#----------------------------------------------------------------------------------
# Model[14000]:
#   - NcSNIADistCov : Supernovae Ia Distance Covariance
#----------------------------------------------------------------------------------
# Model parameters
#   -         alpha[00]:  0.141160327562429   [FREE]
#   -          beta[01]:  3.09986022854947    [FREE]
#   -            M1[02]: -19.1171100452798    [FREE]
#   -            M2[03]: -19.1872836768219    [FREE]
#   -  lnsigma_pecz[04]: -7.60021041          [FIXED]
#   -  lnsigma_lens[05]: -2.90042209374967    [FIXED]
#   - lnsigma_int_0[06]: -2.52572864430826    [FIXED]
#   - lnsigma_int_1[07]: -2.22562405185792    [FIXED]
#   - lnsigma_int_2[08]: -2.00991547903123    [FIXED]
#   - lnsigma_int_3[09]: -2.30258509299405    [FIXED]
#----------------------------------------------------------------------------------
# NcmMSet parameters covariance matrix
#                                                  ----------------------------------------------------------------------------------------------------------------------------------------------------------------------
#     H0[03000:00] =  67.68       +/-  0.7687      |  1           | -nan         | -0.09563     | -0.007162    | -0.1935      | -nan         | -nan         |  0.005795    |  0.009641    |  0.6455      |  0.5878      |
# Omegak[03000:02] =  0.0057      +/- -nan         | -nan         | -1           | -nan         | -nan         | -nan         | -2.663       | -3.811       | -nan         | -nan         | -nan         | -nan         |
#    w_0[03000:07] = -0.9645      +/-  0.04123     | -0.09563     | -nan         |  1           | -0.8586      |  0.1829      | -nan         | -nan         | -0.006535    |  0.008279    |  0.02316     |  0.02109     |
#    w_1[03000:08] = -1.01        +/-  0.1447      | -0.007162    | -nan         | -0.8586      |  1           | -0.9725      | -nan         | -nan         | -0.03197     | -0.05765     |  0.2468      |  0.2055      |
#    w_2[03000:09] = -0.8879      +/-  0.4458      | -0.1935      | -nan         |  0.1829      | -0.9725      |  1           | -nan         | -nan         |  0.006068    |  0.01526     | -0.1691      | -0.1469      |
#    w_3[03000:10] =  0           +/- -nan         | -nan         | -2.663       | -nan         | -nan         | -nan         | -1           | -0.7306      | -nan         | -nan         | -nan         | -nan         |
#    w_4[03000:11] = -3.639       +/- -nan         | -nan         | -3.811       | -nan         | -nan         | -nan         | -0.7306      | -1           | -nan         | -nan         | -nan         | -nan         |
#  alpha[14000:00] =  0.1412      +/-  0.009304    |  0.005795    | -nan         | -0.006535    | -0.03197     |  0.006068    | -nan         | -nan         |  1           | -0.05569     |  0.08956     | -0.1263      |
#   beta[14000:01] =  3.1         +/-  0.1136      |  0.009641    | -nan         |  0.008279    | -0.05765     |  0.01526     | -nan         | -nan         | -0.05569     |  1           |  0.06126     |  0.03478     |
#     M1[14000:02] = -19.12       +/-  0.03558     |  0.6455      | -nan         |  0.02316     |  0.2468      | -0.1691      | -nan         | -nan         |  0.08956     |  0.06126     |  1           |  0.6221      |
#     M2[14000:03] = -19.19       +/-  0.03921     |  0.5878      | -nan         |  0.02109     |  0.2055      | -0.1469      | -nan         | -nan         | -0.1263      |  0.03478     |  0.6221      |  1           |
#                                                  ----------------------------------------------------------------------------------------------------------------------------------------------------------------------
