#----------------------------------------------------------------------------------
# Model[03000]:
#   - NcHICosmo : XCDM - Constant EOS
#----------------------------------------------------------------------------------
# Model parameters
#   -            H0[00]:  70                  [FIXED]
#   -        Omegac[01]:  0.25                [FIXED]
#   -        Omegak[02]:  0                   [FIXED]
#   -       Tgamma0[03]:  2.7245              [FIXED]
#   -            Yp[04]:  0.24                [FIXED]
#   -          ENnu[05]:  3.046               [FIXED]
#   -        Omegab[06]:  0.05                [FIXED]
#   -           w_0[07]: -1                   [FIXED]
#   -           w_1[08]: -1                   [FIXED]
#   -           w_2[09]: -1                   [FIXED]
#   -           w_3[10]: -1                   [FIXED]
#   -           w_4[11]: -1                   [FIXED]
#   -           w_5[12]: -1                   [FIXED]
#   -           w_6[13]: -1                   [FIXED]
#   -           w_7[14]: -1                   [FIXED]
#   -           w_8[15]: -1                   [FIXED]
#----------------------------------------------------------------------------------
# Model[14000]:
#   - NcSNIADistCov : Supernovae Ia Distance Covariance
#----------------------------------------------------------------------------------
# Model parameters
#   -         alpha[00]:  0.145               [FIXED]
#   -          beta[01]:  3.16                [FIXED]
#   -            M1[02]: -19                  [FIXED]
#   -            M2[03]: -19.2                [FIXED]
#   -  lnsigma_pecz[04]: -7.60021041          [FIXED]
#   -  lnsigma_lens[05]: -2.90042209374967    [FIXED]
#   - lnsigma_int_0[06]: -2.52572864430826    [FIXED]
#   - lnsigma_int_1[07]: -2.22562405185792    [FIXED]
#   - lnsigma_int_2[08]: -2.00991547903123    [FIXED]
#   - lnsigma_int_3[09]: -2.30258509299405    [FIXED]
#----------------------------------------------------------------------------------
# Model fitting. Interating using:
#  - solver:            NLOpt:ln-neldermead
#  - differentiation:   Numerical differentiantion (forward)
#...............................................................................................................................................................................................................................................................................
#  Minimum found with precision: |df|/f =  1.00000e-08 and |dx| =  1.00000e-05
#  Elapsed time: 00 days, 00:21:27.7945220
#  iteration            [002625]
#  function evaluations [002627]
#  gradient evaluations [000000]
#  degrees of freedom   [000754]
#  m2lnL     =     703.935642300712 (     682.00821    0.26295191    0.10297784   0.014637531     1.3156728     6.5580033     8.7353757     4.3389937    0.59882326 )
#  Fit parameters:
#     67.6539363090808     0.00365548077655556 -1.06262404721448    -0.978302339683333   -1.12952038341162    -0.942923151286923   -0.317618522061268   -0.857778354686658   -0.828320780353334   -1.02804975700926    -0.953061076113389    0.140999519039126    3.09705265129027    -19.1163258031725    -19.1866588292904    
#----------------------------------------------------------------------------------
# Restarting:              yes
#  - absolute improvement: 50.5177533800339      
#  - relative improvement: 0.0669594088504984    
#  - m2lnL_0  :            754.453395680746      
#  - m2lnL_1  :            703.935642300712      
#----------------------------------------------------------------------------------
# Model fitting. Interating using:
#  - solver:            NLOpt:ln-neldermead
#  - differentiation:   Numerical differentiantion (forward)
#.....................................................................................................................................................................................................................
#  Minimum found with precision: |df|/f =  1.00000e-08 and |dx| =  1.00000e-05
#  Elapsed time: 00 days, 00:17:19.6271390
#  iteration            [002043]
#  function evaluations [002045]
#  gradient evaluations [000000]
#  degrees of freedom   [000754]
#  m2lnL     =       702.7288596148 (     681.65737   0.064156945  0.0081266484    0.10316967     1.5715126     6.4869698     8.3261306     3.8187838    0.69264071 )
#  Fit parameters:
#     67.6873127010456     0.0017117152277488  -1.67880931144589    -0.876870029540617   -1.34340379108775    -0.526753742043616   -0.963239661022645   -0.489431645094173   -0.350374672088762   -2.03101439654325    -1.63484449009278     0.141079166134734    3.09149569153945    -19.1305909094442    -19.2013823192106    
#----------------------------------------------------------------------------------
# Restarting:              yes
#  - absolute improvement: 1.20678268591178      
#  - relative improvement: 0.00171433667141442   
#  - m2lnL_1  :            703.935642300712      
#  - m2lnL_2  :            702.7288596148        
#----------------------------------------------------------------------------------
# Model fitting. Interating using:
#  - solver:            NLOpt:ln-neldermead
#  - differentiation:   Numerical differentiantion (forward)
#................................................................................................................................................................................................................................................................................................................................................................................................................................................................................................................................................................................................................................................................................................................................................................................................
#  Minimum found with precision: |df|/f =  1.00000e-08 and |dx| =  1.00000e-05
#  Elapsed time: 00 days, 00:58:25.8518490
#  iteration            [007592]
#  function evaluations [007594]
#  gradient evaluations [000000]
#  degrees of freedom   [000754]
#  m2lnL     =     701.019588700872 (     681.61061   0.021131071   0.045351153    0.25916552     1.4871619     4.8692838     8.1959072     3.9853899    0.54558357 )
#  Fit parameters:
#     68.5040511147154     0.00994362412221141 -1.45699754534024    -0.903085192733591   -1.21837519671298    -0.757649486259865   -0.81875506012382    -0.000140208901079728 -0.00527306255447017 -0.258165668029331   -3.76081057206788e-06  0.14076472985034     3.08496026597754    -19.1017777243881    -19.1726146974599    
#----------------------------------------------------------------------------------
# Restarting:              yes
#  - absolute improvement: 1.70927091392866      
#  - relative improvement: 0.00243233345342555   
#  - m2lnL_2  :            702.7288596148        
#  - m2lnL_3  :            701.019588700872      
#----------------------------------------------------------------------------------
# Model fitting. Interating using:
#  - solver:            NLOpt:ln-neldermead
#  - differentiation:   Numerical differentiantion (forward)
#.............................................................................................................................................................................................................................................................................................................................................................
#  Minimum found with precision: |df|/f =  1.00000e-08 and |dx| =  1.00000e-05
#  Elapsed time: 00 days, 00:15:35.9823040
#  iteration            [003400]
#  function evaluations [003402]
#  gradient evaluations [000000]
#  degrees of freedom   [000754]
#  m2lnL     =     700.617303511389 (     681.59645  0.0090146972   0.034284555    0.19737744     1.3622707     3.8605269     8.1103917     4.3850579     1.0619325 )
#  Fit parameters:
#     69.0844263455243     0.00873770757727912 -1.34849360214027    -0.867476662161123   -1.12169755851043    -1.01297878918732    -0.674856997808444   -0.000571147115366059 -0.00915278359902955 -0.145001967230023   -0.00304913820594563  0.140993469988237    3.09411057372706    -19.0753258331622    -19.1462210148255    
#----------------------------------------------------------------------------------
# Restarting:              yes
#  - absolute improvement: 0.402285189482313     
#  - relative improvement: 0.000573857272986947  
#  - m2lnL_3  :            701.019588700872      
#  - m2lnL_4  :            700.617303511389      
#----------------------------------------------------------------------------------
# Model fitting. Interating using:
#  - solver:            NLOpt:ln-neldermead
#  - differentiation:   Numerical differentiantion (forward)
#..................................................................................................................................................................
#  Minimum found with precision: |df|/f =  1.00000e-08 and |dx| =  1.00000e-05
#  Elapsed time: 00 days, 00:04:59.5334110
#  iteration            [001533]
#  function evaluations [001535]
#  gradient evaluations [000000]
#  degrees of freedom   [000754]
#  m2lnL     =     700.614720535641 (      681.6004  0.0085933693    0.03414413    0.19802919     1.3667312     3.8805796     8.1047814     4.3731709     1.0482902 )
#  Fit parameters:
#     69.0721951907681     0.00877191562859421 -1.3593811560196     -0.866030848788206   -1.12580404860065    -1.00225014374517    -0.690021023401985   -0.000174779421538572 -6.98469375082309e-06 -0.149486589614237   -4.47511965068995e-05  0.140990507870632    3.0939117626511     -19.0759738877806    -19.146804210099     
#----------------------------------------------------------------------------------
# Restarting:              yes
#  - absolute improvement: 0.00258297574862354   
#  - relative improvement: 3.68671418144835e-06  
#  - m2lnL_4  :            700.617303511389      
#  - m2lnL_5  :            700.614720535641      
#----------------------------------------------------------------------------------
# Model fitting. Interating using:
#  - solver:            NLOpt:ln-neldermead
#  - differentiation:   Numerical differentiantion (forward)
#.................................................
#  Minimum found with precision: |df|/f =  1.00000e-08 and |dx| =  1.00000e-05
#  Elapsed time: 00 days, 00:00:48.9537190
#  iteration            [000404]
#  function evaluations [000406]
#  gradient evaluations [000000]
#  degrees of freedom   [000754]
#  m2lnL     =     700.614645043589 (     681.59613  0.0084976595   0.034795552    0.20169326     1.3677251     3.8761432     8.1044535      4.373594     1.0516164 )
#  Fit parameters:
#     69.0748984189606     0.00875252072264772 -1.36009015580795    -0.86609811499447    -1.12664111505162    -1.00223623345786    -0.689891577638272   -2.42039811787805e-06 -7.77610299730571e-06 -0.149522500170619   -1.58542047214406e-05  0.141009225912941    3.09387374382875    -19.0759355233887    -19.1467923220099    
#----------------------------------------------------------------------------------
# Restarting:              no
#  - absolute improvement: 7.54920516783386e-05  
#  - relative improvement: 1.07751164035809e-07  
#  - m2lnL_5  :            700.614720535641      
#  - m2lnL_6  :            700.614645043589      
#----------------------------------------------------------------------------------
# Data used:
#   - JLA SNLS3+SDSS Betoule 2014 sys and stat (complete cov)
#   - 6dFGRS -- Beutler (2011), BAO Sample R-Dv
#   - SDSS-DR7-rec -- Padmanabhan (2012), BAO Sample R-Dv
#   - SDSS-DR9-rec -- Anderson (2012), BAO Sample R-Dv
#   - WiggleZ -- Blake (2012), BAO Sample R-Dv
#   - Riess 2008 HST Project sample
#   - Stern 2009 H(z) sample
#   - Moresco 2012 H(z) BC03 sample
#   - WMAP9 distance priors
#----------------------------------------------------------------------------------
# Model[03000]:
#   - NcHICosmo : XCDM - Constant EOS
#----------------------------------------------------------------------------------
# Model parameters
#   -            H0[00]:  69.0748984189606    [FREE]
#   -        Omegac[01]:  0.25                [FIXED]
#   -        Omegak[02]:  0.00875252072264772 [FREE]
#   -       Tgamma0[03]:  2.7245              [FIXED]
#   -            Yp[04]:  0.24                [FIXED]
#   -          ENnu[05]:  3.046               [FIXED]
#   -        Omegab[06]:  0.05                [FIXED]
#   -           w_0[07]: -1.36009015580795    [FREE]
#   -           w_1[08]: -0.86609811499447    [FREE]
#   -           w_2[09]: -1.12664111505162    [FREE]
#   -           w_3[10]: -1.00223623345786    [FREE]
#   -           w_4[11]: -0.689891577638272   [FREE]
#   -           w_5[12]: -2.42039811787805e-06 [FREE]
#   -           w_6[13]: -7.77610299730571e-06 [FREE]
#   -           w_7[14]: -0.149522500170619   [FREE]
#   -           w_8[15]: -1.58542047214406e-05 [FREE]
#----------------------------------------------------------------------------------
# Model[14000]:
#   - NcSNIADistCov : Supernovae Ia Distance Covariance
#----------------------------------------------------------------------------------
# Model parameters
#   -         alpha[00]:  0.141009225912941   [FREE]
#   -          beta[01]:  3.09387374382875    [FREE]
#   -            M1[02]: -19.0759355233887    [FREE]
#   -            M2[03]: -19.1467923220099    [FREE]
#   -  lnsigma_pecz[04]: -7.60021041          [FIXED]
#   -  lnsigma_lens[05]: -2.90042209374967    [FIXED]
#   - lnsigma_int_0[06]: -2.52572864430826    [FIXED]
#   - lnsigma_int_1[07]: -2.22562405185792    [FIXED]
#   - lnsigma_int_2[08]: -2.00991547903123    [FIXED]
#   - lnsigma_int_3[09]: -2.30258509299405    [FIXED]
#----------------------------------------------------------------------------------
# NcmMSet parameters covariance matrix
#                                                  ----------------------------------------------------------------------------------------------------------------------------------------------------------------------------------------------------------------------------------
#     H0[03000:00] =  69.07       +/-  1.606       |  1           | -0.2792      |  0.2976      |  0.09233     |  0.4002      | -0.3635      | -0.04666     |  0.1595      |  0.1967      |  0.3806      | -nan         | -0.001789    |  0.01873     |  0.8357      |  0.8138      |
# Omegak[03000:02] =  0.008753    +/-  0.03768     | -0.2792      |  1           | -0.1076      | -0.1217      | -0.1623      | -0.03058     |  0.881       |  0.5888      |  0.6581      |  0.4106      | -nan         |  0.004523    |  0.008504    | -0.2376      | -0.2304      |
#    w_0[03000:07] = -1.36        +/-  0.8516      |  0.2976      | -0.1076      |  1           | -0.661       |  0.5502      | -0.4071      |  0.0523      |  0.2172      |  0.2549      |  0.3733      | -nan         | -0.02261     |  0.0408      |  0.5685      |  0.5572      |
#    w_1[03000:08] = -0.8661      +/-  0.227       |  0.09233     | -0.1217      | -0.661       |  1           |  0.05453     | -0.2223      | -0.01209     |  0.0182      |  0.02018     |  0.1077      | -nan         |  0.01615     | -0.02272     | -0.1281      | -0.1309      |
#    w_2[03000:09] = -1.127       +/-  0.4766      |  0.4002      | -0.1623      |  0.5502      |  0.05453     |  1           | -0.6354      |  0.06246     |  0.2868      |  0.3354      |  0.5299      | -nan         |  0.02327     |  0.06324     |  0.3909      |  0.388       |
#    w_3[03000:10] = -1.002       +/-  0.9349      | -0.3635      | -0.03058     | -0.4071      | -0.2223      | -0.6354      |  1           | -0.4709      | -0.6132      | -0.7027      | -0.8916      | -nan         | -0.01869     | -0.06848     | -0.35        | -0.3445      |
#    w_4[03000:11] = -0.6899      +/-  1.242       | -0.04666     |  0.881       |  0.0523      | -0.01209     |  0.06246     | -0.4709      |  1           |  0.8032      |  0.9023      |  0.7716      | -nan         |  0.01275     |  0.0381      | -0.03984     | -0.03642     |
#    w_5[03000:12] = -2.42e-06    +/-  0.008374    |  0.1595      |  0.5888      |  0.2172      |  0.0182      |  0.2868      | -0.6132      |  0.8032      |  1           |  0.6141      |  0.8333      | -nan         |  0.013       |  0.04743     |  0.1584      |  0.1573      |
#    w_6[03000:13] = -7.776e-06   +/-  0.03659     |  0.1967      |  0.6581      |  0.2549      |  0.02018     |  0.3354      | -0.7027      |  0.9023      |  0.6141      |  1           |  0.9495      | -nan         |  0.01475     |  0.05433     |  0.1938      |  0.1921      |
#    w_7[03000:14] = -0.1495      +/-  0.363       |  0.3806      |  0.4106      |  0.3733      |  0.1077      |  0.5299      | -0.8916      |  0.7716      |  0.8333      |  0.9495      |  1           | -nan         |  0.01605     |  0.06408     |  0.3625      |  0.3566      |
#    w_8[03000:15] = -1.585e-05   +/- -nan         | -nan         | -nan         | -nan         | -nan         | -nan         | -nan         | -nan         | -nan         | -nan         | -nan         | -1           | -nan         | -nan         | -nan         | -nan         |
#  alpha[14000:00] =  0.141       +/-  0.009317    | -0.001789    |  0.004523    | -0.02261     |  0.01615     |  0.02327     | -0.01869     |  0.01275     |  0.013       |  0.01475     |  0.01605     | -nan         |  1           | -0.05164     |  0.02483     | -0.09019     |
#   beta[14000:01] =  3.094       +/-  0.1138      |  0.01873     |  0.008504    |  0.0408      | -0.02272     |  0.06324     | -0.06848     |  0.0381      |  0.04743     |  0.05433     |  0.06408     | -nan         | -0.05164     |  1           |  0.04333     |  0.03145     |
#     M1[14000:02] = -19.08       +/-  0.06888     |  0.8357      | -0.2376      |  0.5685      | -0.1281      |  0.3909      | -0.35        | -0.03984     |  0.1584      |  0.1938      |  0.3625      | -nan         |  0.02483     |  0.04333     |  1           |  0.8909      |
#     M2[14000:03] = -19.15       +/-  0.07077     |  0.8138      | -0.2304      |  0.5572      | -0.1309      |  0.388       | -0.3445      | -0.03642     |  0.1573      |  0.1921      |  0.3566      | -nan         | -0.09019     |  0.03145     |  0.8909      |  1           |
#                                                  ----------------------------------------------------------------------------------------------------------------------------------------------------------------------------------------------------------------------------------
