#----------------------------------------------------------------------------------
# Model[03000]:
#   - NcHICosmo : XCDM - Constant EOS
#----------------------------------------------------------------------------------
# Model parameters
#   -            H0[00]:  70                  [FIXED]
#   -        Omegac[01]:  0.25                [FIXED]
#   -        Omegak[02]:  0                   [FIXED]
#   -       Tgamma0[03]:  2.7245              [FIXED]
#   -            Yp[04]:  0.24                [FIXED]
#   -          ENnu[05]:  3.046               [FIXED]
#   -        Omegab[06]:  0.05                [FIXED]
#   -           w_0[07]: -1                   [FIXED]
#   -           w_1[08]: -1                   [FIXED]
#   -           w_2[09]: -1                   [FIXED]
#----------------------------------------------------------------------------------
# Model[14000]:
#   - NcSNIADistCov : Supernovae Ia Distance Covariance
#----------------------------------------------------------------------------------
# Model parameters
#   -         alpha[00]:  0.145               [FIXED]
#   -          beta[01]:  3.16                [FIXED]
#   -            M1[02]: -19                  [FIXED]
#   -            M2[03]: -19.2                [FIXED]
#   -  lnsigma_pecz[04]: -7.60021041          [FIXED]
#   -  lnsigma_lens[05]: -2.90042209374967    [FIXED]
#   - lnsigma_int_0[06]: -2.52572864430826    [FIXED]
#   - lnsigma_int_1[07]: -2.22562405185792    [FIXED]
#   - lnsigma_int_2[08]: -2.00991547903123    [FIXED]
#   - lnsigma_int_3[09]: -2.30258509299405    [FIXED]
#----------------------------------------------------------------------------------
# Model fitting. Interating using:
#  - solver:            NLOpt:ln-neldermead
#  - differentiation:   Numerical differentiantion (forward)
#.................................................................
#  Minimum found with precision: |df|/f =  1.00000e-08 and |dx| =  1.00000e-05
#  Elapsed time: 00 days, 00:00:51.9724140
#  iteration            [000560]
#  function evaluations [000562]
#  gradient evaluations [000000]
#  degrees of freedom   [000760]
#  m2lnL     =     704.844020582744 (     682.56681     0.2226411   0.037081553    0.13999861     1.3001533     6.4763954     8.8433099     4.5501562    0.70747179 )
#  Fit parameters:
#     67.6922968645964    -0.00268699455507656 -0.998620323183483   -0.980870181688045   -0.99617234505778     0.141173195106675    3.0998595073898     -19.1179262108466    -19.1880949778529    
#----------------------------------------------------------------------------------
# Restarting:              yes
#  - absolute improvement: 49.6093750980018      
#  - relative improvement: 0.0657553871213464    
#  - m2lnL_0  :            754.453395680746      
#  - m2lnL_1  :            704.844020582744      
#----------------------------------------------------------------------------------
# Model fitting. Interating using:
#  - solver:            NLOpt:ln-neldermead
#  - differentiation:   Numerical differentiantion (forward)
#.......................................................................
#  Minimum found with precision: |df|/f =  1.00000e-08 and |dx| =  1.00000e-05
#  Elapsed time: 00 days, 00:00:59.5163570
#  iteration            [000625]
#  function evaluations [000627]
#  gradient evaluations [000000]
#  degrees of freedom   [000760]
#  m2lnL     =     704.831580981141 (      682.6298    0.21330167   0.027599619     0.1337289     1.3088173     6.4945796     8.8219478     4.5224169    0.67938577 )
#  Fit parameters:
#     67.6837284055445    -0.00197691164877549 -1.00689673060241    -0.982330255733199   -0.00102429353607076  0.141157761094022    3.09774084069532    -19.1189309635855    -19.1892198024424    
#----------------------------------------------------------------------------------
# Restarting:              yes
#  - absolute improvement: 0.0124396016035462    
#  - relative improvement: 1.7648729705136e-05   
#  - m2lnL_1  :            704.844020582744      
#  - m2lnL_2  :            704.831580981141      
#----------------------------------------------------------------------------------
# Model fitting. Interating using:
#  - solver:            NLOpt:ln-neldermead
#  - differentiation:   Numerical differentiantion (forward)
#.................................................................
#  Minimum found with precision: |df|/f =  1.00000e-08 and |dx| =  1.00000e-05
#  Elapsed time: 00 days, 00:01:22.4323400
#  iteration            [000566]
#  function evaluations [000568]
#  gradient evaluations [000000]
#  degrees of freedom   [000760]
#  m2lnL     =     704.357950740914 (     683.03413    0.11801046   0.011061178   0.032632282     1.3539192     6.5059899     8.7485615     4.3788158    0.17483083 )
#  Fit parameters:
#     67.6783579320006     0.00143546602873728 -1.05508269398635    -0.985333102683775   -0.00188246416136389  0.141502782261963    3.09470175391671    -19.1229902109082    -19.1933457269317    
#----------------------------------------------------------------------------------
# Restarting:              yes
#  - absolute improvement: 0.473630240226271     
#  - relative improvement: 0.000671976473538497  
#  - m2lnL_2  :            704.831580981141      
#  - m2lnL_3  :            704.357950740914      
#----------------------------------------------------------------------------------
# Model fitting. Interating using:
#  - solver:            NLOpt:ln-neldermead
#  - differentiation:   Numerical differentiantion (forward)
#...................................................................................
#  Minimum found with precision: |df|/f =  1.00000e-08 and |dx| =  1.00000e-05
#  Elapsed time: 00 days, 00:02:04.9228840
#  iteration            [000744]
#  function evaluations [000746]
#  gradient evaluations [000000]
#  degrees of freedom   [000760]
#  m2lnL     =     702.256469783634 (     683.24902    0.02446266    0.17195758  0.0075693743     1.3862013     3.9652832      8.277353      4.217712    0.95690744 )
#  Fit parameters:
#     69.020875477628      0.0016084926266167  -1.04085385804077    -0.95995384013246    -0.00290876635082225  0.141147234829821    3.09834322627271    -19.0754587786571    -19.145756387603     
#----------------------------------------------------------------------------------
# Restarting:              yes
#  - absolute improvement: 2.10148095728084      
#  - relative improvement: 0.00298354118821303   
#  - m2lnL_3  :            704.357950740914      
#  - m2lnL_4  :            702.256469783634      
#----------------------------------------------------------------------------------
# Model fitting. Interating using:
#  - solver:            NLOpt:ln-neldermead
#  - differentiation:   Numerical differentiantion (forward)
#............................................................
#  Minimum found with precision: |df|/f =  1.00000e-08 and |dx| =  1.00000e-05
#  Elapsed time: 00 days, 00:01:27.6678880
#  iteration            [000516]
#  function evaluations [000518]
#  gradient evaluations [000000]
#  degrees of freedom   [000760]
#  m2lnL     =     702.252465361259 (     683.24671   0.024454901    0.17228323   0.007795985     1.3860689      3.964278     8.2759697     4.2180238    0.95688549 )
#  Fit parameters:
#     69.0214812623013     0.00153883548658898 -1.04063203571324    -0.959945943238354   -4.79995189387594e-06  0.141138458530857    3.09812528139418    -19.0754201468284    -19.1456913887857    
#----------------------------------------------------------------------------------
# Restarting:              yes
#  - absolute improvement: 0.00400442237435072   
#  - relative improvement: 5.70222211777485e-06  
#  - m2lnL_4  :            702.256469783634      
#  - m2lnL_5  :            702.252465361259      
#----------------------------------------------------------------------------------
# Model fitting. Interating using:
#  - solver:            NLOpt:ln-neldermead
#  - differentiation:   Numerical differentiantion (forward)
#......................................
#  Minimum found with precision: |df|/f =  1.00000e-08 and |dx| =  1.00000e-05
#  Elapsed time: 00 days, 00:00:49.1968130
#  iteration            [000294]
#  function evaluations [000296]
#  gradient evaluations [000000]
#  degrees of freedom   [000760]
#  m2lnL     =     702.252449507068 (     683.24659   0.024540223    0.17175259   0.007667554     1.3859973     3.9684646     8.2761631     4.2173474    0.95392969 )
#  Fit parameters:
#     69.0189587083152     0.00154148465459581 -1.0406254537622     -0.959948650521085   -2.42516455822205e-06  0.141148223991451    3.09814762394156    -19.0755221104644    -19.1457837600318    
#----------------------------------------------------------------------------------
# Restarting:              no
#  - absolute improvement: 1.58541917016919e-05  
#  - relative improvement: 2.25761994207255e-08  
#  - m2lnL_5  :            702.252465361259      
#  - m2lnL_6  :            702.252449507068      
#----------------------------------------------------------------------------------
# Data used:
#   - JLA SNLS3+SDSS Betoule 2014 sys and stat (complete cov)
#   - 6dFGRS -- Beutler (2011), BAO Sample R-Dv
#   - SDSS-DR7-rec -- Padmanabhan (2012), BAO Sample R-Dv
#   - SDSS-DR9-rec -- Anderson (2012), BAO Sample R-Dv
#   - WiggleZ -- Blake (2012), BAO Sample R-Dv
#   - Riess 2008 HST Project sample
#   - Stern 2009 H(z) sample
#   - Moresco 2012 H(z) BC03 sample
#   - WMAP9 distance priors
#----------------------------------------------------------------------------------
# Model[03000]:
#   - NcHICosmo : XCDM - Constant EOS
#----------------------------------------------------------------------------------
# Model parameters
#   -            H0[00]:  69.0189587083152    [FREE]
#   -        Omegac[01]:  0.25                [FIXED]
#   -        Omegak[02]:  0.00154148465459581 [FREE]
#   -       Tgamma0[03]:  2.7245              [FIXED]
#   -            Yp[04]:  0.24                [FIXED]
#   -          ENnu[05]:  3.046               [FIXED]
#   -        Omegab[06]:  0.05                [FIXED]
#   -           w_0[07]: -1.0406254537622     [FREE]
#   -           w_1[08]: -0.959948650521085   [FREE]
#   -           w_2[09]: -2.42516455822205e-06 [FREE]
#----------------------------------------------------------------------------------
# Model[14000]:
#   - NcSNIADistCov : Supernovae Ia Distance Covariance
#----------------------------------------------------------------------------------
# Model parameters
#   -         alpha[00]:  0.141148223991451   [FREE]
#   -          beta[01]:  3.09814762394156    [FREE]
#   -            M1[02]: -19.0755221104644    [FREE]
#   -            M2[03]: -19.1457837600318    [FREE]
#   -  lnsigma_pecz[04]: -7.60021041          [FIXED]
#   -  lnsigma_lens[05]: -2.90042209374967    [FIXED]
#   - lnsigma_int_0[06]: -2.52572864430826    [FIXED]
#   - lnsigma_int_1[07]: -2.22562405185792    [FIXED]
#   - lnsigma_int_2[08]: -2.00991547903123    [FIXED]
#   - lnsigma_int_3[09]: -2.30258509299405    [FIXED]
#----------------------------------------------------------------------------------
# NcmMSet parameters covariance matrix
#                                                  ----------------------------------------------------------------------------------------------------------------------------------------
#     H0[03000:00] =  69.02       +/-  1.389       |  1           | -0.467       | -0.8206      |  0.7088      | -nan         |  0.002132    |  0.00245     |  0.8678      |  0.8216      |
# Omegak[03000:02] =  0.001541    +/-  0.003927    | -0.467       |  1           |  0.8056      | -0.7275      | -nan         | -0.003515    | -0.004411    | -0.3884      | -0.3686      |
#    w_0[03000:07] = -1.041       +/-  0.005966    | -0.8206      |  0.8056      |  1           | -0.7543      | -nan         | -0.003254    | -0.00392     | -0.702       | -0.6651      |
#    w_1[03000:08] = -0.9599      +/-  0.0006398   |  0.7088      | -0.7275      | -0.7543      |  1           | -nan         |  0.002645    |  0.003196    |  0.6075      |  0.5756      |
#    w_2[03000:09] = -2.425e-06   +/- -nan         | -nan         | -nan         | -nan         | -nan         | -1           | -nan         | -nan         | -nan         | -nan         |
#  alpha[14000:00] =  0.1411      +/-  0.009296    |  0.002132    | -0.003515    | -0.003254    |  0.002645    | -nan         |  1           | -0.058       |  0.07282     | -0.08729     |
#   beta[14000:01] =  3.098       +/-  0.1134      |  0.00245     | -0.004411    | -0.00392     |  0.003196    | -nan         | -0.058       |  1           |  0.05545     |  0.03571     |
#     M1[14000:02] = -19.08       +/-  0.04952     |  0.8678      | -0.3884      | -0.702       |  0.6075      | -nan         |  0.07282     |  0.05545     |  1           |  0.7958      |
#     M2[14000:03] = -19.15       +/-  0.05234     |  0.8216      | -0.3686      | -0.6651      |  0.5756      | -nan         | -0.08729     |  0.03571     |  0.7958      |  1           |
#                                                  ----------------------------------------------------------------------------------------------------------------------------------------
