#----------------------------------------------------------------------------------
# Model[03000]:
#   - NcHICosmo : XCDM - Constant EOS
#----------------------------------------------------------------------------------
# Model parameters
#   -            H0[00]:  70                  [FIXED]
#   -        Omegac[01]:  0.25                [FIXED]
#   -        Omegak[02]:  0                   [FIXED]
#   -       Tgamma0[03]:  2.7245              [FIXED]
#   -            Yp[04]:  0.24                [FIXED]
#   -          ENnu[05]:  3.046               [FIXED]
#   -        Omegab[06]:  0.05                [FIXED]
#   -           w_0[07]: -1                   [FIXED]
#   -           w_1[08]: -1                   [FIXED]
#   -           w_2[09]: -1                   [FIXED]
#   -           w_3[10]: -1                   [FIXED]
#----------------------------------------------------------------------------------
# Model[14000]:
#   - NcSNIADistCov : Supernovae Ia Distance Covariance
#----------------------------------------------------------------------------------
# Model parameters
#   -         alpha[00]:  0.145               [FIXED]
#   -          beta[01]:  3.16                [FIXED]
#   -            M1[02]: -19                  [FIXED]
#   -            M2[03]: -19.2                [FIXED]
#   -  lnsigma_pecz[04]: -7.60021041          [FIXED]
#   -  lnsigma_lens[05]: -2.90042209374967    [FIXED]
#   - lnsigma_int_0[06]: -2.52572864430826    [FIXED]
#   - lnsigma_int_1[07]: -2.22562405185792    [FIXED]
#   - lnsigma_int_2[08]: -2.00991547903123    [FIXED]
#   - lnsigma_int_3[09]: -2.30258509299405    [FIXED]
#----------------------------------------------------------------------------------
# Model fitting. Interating using:
#  - solver:            NLOpt:ln-neldermead
#  - differentiation:   Numerical differentiantion (forward)
#..............................................................................
#  Minimum found with precision: |df|/f =  1.00000e-08 and |dx| =  1.00000e-05
#  Elapsed time: 00 days, 00:01:44.4750180
#  iteration            [000690]
#  function evaluations [000692]
#  gradient evaluations [000000]
#  degrees of freedom   [000759]
#  m2lnL     =      704.87073691054 (      682.5218    0.22000307   0.032443952     0.1196736     1.2924277     6.4565981      8.897549     4.5949758    0.73526269 )
#  Fit parameters:
#     67.7016391363273    -0.00361510476483101 -1.00121142716521    -0.980646277441662   -0.986561661518238   -0.990441357374269    0.141187484979756    3.1000533720498     -19.1180127098636    -19.188174941908     
#----------------------------------------------------------------------------------
# Restarting:              yes
#  - absolute improvement: 49.5826587702056      
#  - relative improvement: 0.0657199756195239    
#  - m2lnL_0  :            754.453395680746      
#  - m2lnL_1  :            704.87073691054       
#----------------------------------------------------------------------------------
# Model fitting. Interating using:
#  - solver:            NLOpt:ln-neldermead
#  - differentiation:   Numerical differentiantion (forward)
#......................................................................................................................................................
#  Minimum found with precision: |df|/f =  1.00000e-08 and |dx| =  1.00000e-05
#  Elapsed time: 00 days, 00:02:38.3393550
#  iteration            [001417]
#  function evaluations [001419]
#  gradient evaluations [000000]
#  degrees of freedom   [000759]
#  m2lnL     =     702.947006078088 (     682.85975   0.091461504   0.046054143   0.064112242     1.3082959     5.2133311     8.5361936      4.480886    0.34691941 )
#  Fit parameters:
#     68.3201471608909    -0.00287906805745698 -0.943304043367539   -0.986896827662426   -0.912883626534057   -1.06072859568363     0.138013540960951    3.12085603884267    -19.0866281681893    -19.1575002967317    
#----------------------------------------------------------------------------------
# Restarting:              yes
#  - absolute improvement: 1.92373083245286      
#  - relative improvement: 0.00272919661963072   
#  - m2lnL_1  :            704.87073691054       
#  - m2lnL_2  :            702.947006078088      
#----------------------------------------------------------------------------------
# Model fitting. Interating using:
#  - solver:            NLOpt:ln-neldermead
#  - differentiation:   Numerical differentiantion (forward)
#.................................................................................................................
#  Minimum found with precision: |df|/f =  1.00000e-08 and |dx| =  1.00000e-05
#  Elapsed time: 00 days, 00:01:57.4286870
#  iteration            [001043]
#  function evaluations [001045]
#  gradient evaluations [000000]
#  degrees of freedom   [000759]
#  m2lnL     =     701.534946986773 (     682.57372   0.043870073   0.072783449   0.063549182     1.3100675     3.8488825     8.0020535       4.57207     1.0479548 )
#  Fit parameters:
#     69.0915434273551     0.00281305501680924 -0.910320747987295   -0.961808256925415   -0.893975095841735   -1.31167485599434     0.14087171715879     3.0952895356256     -19.0622390258694    -19.1329580784428    
#----------------------------------------------------------------------------------
# Restarting:              yes
#  - absolute improvement: 1.41205909131418      
#  - relative improvement: 0.00200877033276292   
#  - m2lnL_2  :            702.947006078088      
#  - m2lnL_3  :            701.534946986773      
#----------------------------------------------------------------------------------
# Model fitting. Interating using:
#  - solver:            NLOpt:ln-neldermead
#  - differentiation:   Numerical differentiantion (forward)
#................................................................................................................................................................................................................................................................................................
#  Minimum found with precision: |df|/f =  1.00000e-08 and |dx| =  1.00000e-05
#  Elapsed time: 00 days, 00:04:51.8042970
#  iteration            [002794]
#  function evaluations [002796]
#  gradient evaluations [000000]
#  degrees of freedom   [000759]
#  m2lnL     =     701.384885730991 (     682.48261   0.062859705   0.044472191    0.05229199     1.2955474     3.5179825     7.9990407      4.669066     1.2610124 )
#  Fit parameters:
#     69.2984914548374    -0.0103107042684904  -0.904338486246286   -0.95400597871445    -0.969803292001631   -0.000274164795360338  0.140906020171802    3.09736953214345    -19.0569179425421    -19.1274977956452    
#----------------------------------------------------------------------------------
# Restarting:              yes
#  - absolute improvement: 0.150061255782703     
#  - relative improvement: 0.000213904177442969  
#  - m2lnL_3  :            701.534946986773      
#  - m2lnL_4  :            701.384885730991      
#----------------------------------------------------------------------------------
# Model fitting. Interating using:
#  - solver:            NLOpt:ln-neldermead
#  - differentiation:   Numerical differentiantion (forward)
#.......................................
#  Minimum found with precision: |df|/f =  1.00000e-08 and |dx| =  1.00000e-05
#  Elapsed time: 00 days, 00:00:32.1116610
#  iteration            [000303]
#  function evaluations [000305]
#  gradient evaluations [000000]
#  degrees of freedom   [000759]
#  m2lnL     =     701.384385000066 (     682.48264   0.063552863   0.043035935   0.050363229     1.2948791     3.5201208     7.9992035     4.6686617     1.2619243 )
#  Fit parameters:
#     69.2971236197915    -0.0102701338579489  -0.90433907142912    -0.954003718329856   -0.969806631784274   -0.000554140771428876  0.14090709656463     3.09602231723014    -19.0568384741207    -19.1274826406829    
#----------------------------------------------------------------------------------
# Restarting:              no
#  - absolute improvement: 0.000500730924386517  
#  - relative improvement: 7.13917471809575e-07  
#  - m2lnL_4  :            701.384885730991      
#  - m2lnL_5  :            701.384385000066      
#----------------------------------------------------------------------------------
# Data used:
#   - JLA SNLS3+SDSS Betoule 2014 sys and stat (complete cov)
#   - 6dFGRS -- Beutler (2011), BAO Sample R-Dv
#   - SDSS-DR7-rec -- Padmanabhan (2012), BAO Sample R-Dv
#   - SDSS-DR9-rec -- Anderson (2012), BAO Sample R-Dv
#   - WiggleZ -- Blake (2012), BAO Sample R-Dv
#   - Riess 2008 HST Project sample
#   - Stern 2009 H(z) sample
#   - Moresco 2012 H(z) BC03 sample
#   - WMAP9 distance priors
#----------------------------------------------------------------------------------
# Model[03000]:
#   - NcHICosmo : XCDM - Constant EOS
#----------------------------------------------------------------------------------
# Model parameters
#   -            H0[00]:  69.2971236197915    [FREE]
#   -        Omegac[01]:  0.25                [FIXED]
#   -        Omegak[02]: -0.0102701338579489  [FREE]
#   -       Tgamma0[03]:  2.7245              [FIXED]
#   -            Yp[04]:  0.24                [FIXED]
#   -          ENnu[05]:  3.046               [FIXED]
#   -        Omegab[06]:  0.05                [FIXED]
#   -           w_0[07]: -0.90433907142912    [FREE]
#   -           w_1[08]: -0.954003718329856   [FREE]
#   -           w_2[09]: -0.969806631784274   [FREE]
#   -           w_3[10]: -0.000554140771428876 [FREE]
#----------------------------------------------------------------------------------
# Model[14000]:
#   - NcSNIADistCov : Supernovae Ia Distance Covariance
#----------------------------------------------------------------------------------
# Model parameters
#   -         alpha[00]:  0.14090709656463    [FREE]
#   -          beta[01]:  3.09602231723014    [FREE]
#   -            M1[02]: -19.0568384741207    [FREE]
#   -            M2[03]: -19.1274826406829    [FREE]
#   -  lnsigma_pecz[04]: -7.60021041          [FIXED]
#   -  lnsigma_lens[05]: -2.90042209374967    [FIXED]
#   - lnsigma_int_0[06]: -2.52572864430826    [FIXED]
#   - lnsigma_int_1[07]: -2.22562405185792    [FIXED]
#   - lnsigma_int_2[08]: -2.00991547903123    [FIXED]
#   - lnsigma_int_3[09]: -2.30258509299405    [FIXED]
#----------------------------------------------------------------------------------
# NcmMSet parameters covariance matrix
#                                                  -------------------------------------------------------------------------------------------------------------------------------------------------------
#     H0[03000:00] =  69.3        +/-  1.365       |  1           | -0.3063      | -0.07668     | -0.3153      |  0.02025     | -nan         |  0.008104    |  0.01134     |  0.8614      |  0.8102      |
# Omegak[03000:02] = -0.01027     +/-  0.01011     | -0.3063      |  1           | -0.7168      |  1.743       |  0.8279      | -nan         | -0.01189     | -0.03803     | -0.23        | -0.221       |
#    w_0[03000:07] = -0.9043      +/-  0.1058      | -0.07668     | -0.7168      |  1           | -1.937       | -0.9835      | -nan         |  0.005482    |  0.03496     | -0.06948     | -0.0615      |
#    w_1[03000:08] = -0.954       +/-  0.02956     | -0.3153      |  1.743       | -1.937       |  1           |  1.702       | -nan         |  0.02405     | -0.007432    | -0.5073      | -0.4694      |
#    w_2[03000:09] = -0.9698      +/-  0.4752      |  0.02025     |  0.8279      | -0.9835      |  1.702       |  1           | -nan         | -0.003521    | -0.03104     |  0.006242    |  0.003023    |
#    w_3[03000:10] = -0.0005541   +/- -nan         | -nan         | -nan         | -nan         | -nan         | -nan         | -1           | -nan         | -nan         | -nan         | -nan         |
#  alpha[14000:00] =  0.1409      +/-  0.009291    |  0.008104    | -0.01189     |  0.005482    |  0.02405     | -0.003521    | -nan         |  1           | -0.05859     |  0.08515     | -0.08455     |
#   beta[14000:01] =  3.096       +/-  0.1133      |  0.01134     | -0.03803     |  0.03496     | -0.007432    | -0.03104     | -nan         | -0.05859     |  1           |  0.07098     |  0.04899     |
#     M1[14000:02] = -19.06       +/-  0.04669     |  0.8614      | -0.23        | -0.06948     | -0.5073      |  0.006242    | -nan         |  0.08515     |  0.07098     |  1           |  0.773       |
#     M2[14000:03] = -19.13       +/-  0.04981     |  0.8102      | -0.221       | -0.0615      | -0.4694      |  0.003023    | -nan         | -0.08455     |  0.04899     |  0.773       |  1           |
#                                                  -------------------------------------------------------------------------------------------------------------------------------------------------------
