#----------------------------------------------------------------------------------
# Model[03000]:
#   - NcHICosmo : XCDM - Constant EOS
#----------------------------------------------------------------------------------
# Model parameters
#   -            H0[00]:  70                  [FIXED]
#   -        Omegac[01]:  0.25                [FIXED]
#   -        Omegak[02]:  0                   [FIXED]
#   -       Tgamma0[03]:  2.7245              [FIXED]
#   -            Yp[04]:  0.24                [FIXED]
#   -          ENnu[05]:  3.046               [FIXED]
#   -        Omegab[06]:  0.05                [FIXED]
#   -           w_0[07]: -1                   [FIXED]
#   -           w_1[08]: -1                   [FIXED]
#   -           w_2[09]: -1                   [FIXED]
#   -           w_3[10]: -1                   [FIXED]
#   -           w_4[11]: -1                   [FIXED]
#   -           w_5[12]: -1                   [FIXED]
#----------------------------------------------------------------------------------
# Model[14000]:
#   - NcSNIADistCov : Supernovae Ia Distance Covariance
#----------------------------------------------------------------------------------
# Model parameters
#   -         alpha[00]:  0.145               [FIXED]
#   -          beta[01]:  3.16                [FIXED]
#   -            M1[02]: -19                  [FIXED]
#   -            M2[03]: -19.2                [FIXED]
#   -  lnsigma_pecz[04]: -7.60021041          [FIXED]
#   -  lnsigma_lens[05]: -2.90042209374967    [FIXED]
#   - lnsigma_int_0[06]: -2.52572864430826    [FIXED]
#   - lnsigma_int_1[07]: -2.22562405185792    [FIXED]
#   - lnsigma_int_2[08]: -2.00991547903123    [FIXED]
#   - lnsigma_int_3[09]: -2.30258509299405    [FIXED]
#----------------------------------------------------------------------------------
# Model fitting. Interating using:
#  - solver:            NLOpt:ln-neldermead
#  - differentiation:   Numerical differentiantion (forward)
#.....................................................................................................................................................................................................................................................................................................................................................................................................................................................................................................................................................................................................................
#  Minimum found with precision: |df|/f =  1.00000e-08 and |dx| =  1.00000e-05
#  Elapsed time: 00 days, 00:47:52.9130250
#  iteration            [005882]
#  function evaluations [005884]
#  gradient evaluations [000000]
#  degrees of freedom   [000757]
#  m2lnL     =     703.935119270663 (     681.56445    0.13058222    0.05012629   0.050253033     1.2182218     6.4248223     8.9693422     4.7482305    0.77909427 )
#  Fit parameters:
#     67.7166640357277     0.0252609757950326  -1.23382734372993    -0.933483956465639   -1.19165593077471    -4.42179848340624e-06 -1.08717233551662    -0.872647584722773    0.141276480741855    3.09998765294995    -19.1233855446088    -19.1936620743729    
#----------------------------------------------------------------------------------
# Restarting:              yes
#  - absolute improvement: 50.5182764100826      
#  - relative improvement: 0.0669601021074334    
#  - m2lnL_0  :            754.453395680746      
#  - m2lnL_1  :            703.935119270663      
#----------------------------------------------------------------------------------
# Model fitting. Interating using:
#  - solver:            NLOpt:ln-neldermead
#  - differentiation:   Numerical differentiantion (forward)
#.................................................................................................................................................................................................................................................................................................................................................................................................................................................................................................
#  Minimum found with precision: |df|/f =  1.00000e-08 and |dx| =  1.00000e-05
#  Elapsed time: 00 days, 00:35:14.1382420
#  iteration            [004728]
#  function evaluations [004730]
#  gradient evaluations [000000]
#  degrees of freedom   [000757]
#  m2lnL     =     703.507799975227 (     681.16883    0.10026539   0.062732312   0.033165226      1.191828     6.4103833     8.9666946     4.7762772     0.7976255 )
#  Fit parameters:
#     67.7235036649875     0.0664923047615005  -1.38822560326083    -0.94626232108734    -1.40990993194668    -0.0316315519159386  -0.00134110757713897 -0.676461174946383    0.14135158167286     3.10032495752884    -19.1261666838464    -19.1964856971351    
#----------------------------------------------------------------------------------
# Restarting:              yes
#  - absolute improvement: 0.427319295436178     
#  - relative improvement: 0.000607043580776189  
#  - m2lnL_1  :            703.935119270663      
#  - m2lnL_2  :            703.507799975227      
#----------------------------------------------------------------------------------
# Model fitting. Interating using:
#  - solver:            NLOpt:ln-neldermead
#  - differentiation:   Numerical differentiantion (forward)
#...............................................................................................................................................................................
#  Minimum found with precision: |df|/f =  1.00000e-08 and |dx| =  1.00000e-05
#  Elapsed time: 00 days, 00:11:39.7111060
#  iteration            [001665]
#  function evaluations [001667]
#  gradient evaluations [000000]
#  degrees of freedom   [000757]
#  m2lnL     =     703.426781022733 (     681.13636    0.10013848   0.061757431   0.028609659         1.194     6.4126239     8.9454533      4.753865    0.79397429 )
#  Fit parameters:
#     67.7224417849735     0.0723967900743576  -1.40085691951633    -0.954405128927561   -1.43816624017492    -0.00038074733018556 -0.0239123506080824  -0.501999549057612    0.141291448225073    3.10084255710615    -19.1263826364809    -19.1967435886264    
#----------------------------------------------------------------------------------
# Restarting:              yes
#  - absolute improvement: 0.0810189524946736    
#  - relative improvement: 0.000115164256171043  
#  - m2lnL_2  :            703.507799975227      
#  - m2lnL_3  :            703.426781022733      
#----------------------------------------------------------------------------------
# Model fitting. Interating using:
#  - solver:            NLOpt:ln-neldermead
#  - differentiation:   Numerical differentiantion (forward)
#........................................................................................................
#  Minimum found with precision: |df|/f =  1.00000e-08 and |dx| =  1.00000e-05
#  Elapsed time: 00 days, 00:05:11.8999630
#  iteration            [000955]
#  function evaluations [000957]
#  gradient evaluations [000000]
#  degrees of freedom   [000757]
#  m2lnL     =     703.396146843828 (     681.06528   0.090181887   0.069660795   0.026603315      1.184676     6.4082983     8.9635545     4.7877296    0.80015906 )
#  Fit parameters:
#     67.7244919459416     0.0764216464623337  -1.44323033084664    -0.943199802056816   -1.49025435378759    -0.000336793880186016 -8.06102273871284e-06 -0.801791678108293    0.141360791081022    3.10041929955931    -19.1270749813716    -19.1973259686297    
#----------------------------------------------------------------------------------
# Restarting:              yes
#  - absolute improvement: 0.0306341789046201    
#  - relative improvement: 4.35499183867867e-05  
#  - m2lnL_3  :            703.426781022733      
#  - m2lnL_4  :            703.396146843828      
#----------------------------------------------------------------------------------
# Model fitting. Interating using:
#  - solver:            NLOpt:ln-neldermead
#  - differentiation:   Numerical differentiantion (forward)
#..................................................................................................................................................
#  Minimum found with precision: |df|/f =  1.00000e-08 and |dx| =  1.00000e-05
#  Elapsed time: 00 days, 00:06:31.6417820
#  iteration            [001370]
#  function evaluations [001372]
#  gradient evaluations [000000]
#  degrees of freedom   [000757]
#  m2lnL     =     703.375501856738 (     681.03577   0.077515676   0.066901451   0.024294007     1.1801706      6.379444     8.9707823     4.7974646    0.84316164 )
#  Fit parameters:
#     67.7381852923369     0.0800460879898378  -1.48966344677947    -0.93345013748736    -1.52578369431337    -0.000272560288625471 -0.000526260010234243 -4.99888750902939     0.141452913179421    3.10140183197084    -19.128095426233     -19.1979682504454    
#----------------------------------------------------------------------------------
# Restarting:              yes
#  - absolute improvement: 0.0206449870902361    
#  - relative improvement: 2.9350440975361e-05   
#  - m2lnL_4  :            703.396146843828      
#  - m2lnL_5  :            703.375501856738      
#----------------------------------------------------------------------------------
# Model fitting. Interating using:
#  - solver:            NLOpt:ln-neldermead
#  - differentiation:   Numerical differentiantion (forward)
#...............................................................................................................................
#  Minimum found with precision: |df|/f =  1.00000e-08 and |dx| =  1.00000e-05
#  Elapsed time: 00 days, 00:04:53.3229070
#  iteration            [001185]
#  function evaluations [001187]
#  gradient evaluations [000000]
#  degrees of freedom   [000757]
#  m2lnL     =     703.368394804527 (     681.04984    0.08817349   0.067931459   0.024360709     1.1849698     6.4028483     8.9591585     4.7830042    0.80811335 )
#  Fit parameters:
#     67.7270759978802     0.0787741000357183  -1.45390258698905    -0.944791392201617   -1.504868548293       0                   -0.000204666447415342 -5                    0.141349504881333    3.10052850375499    -19.1272430635751    -19.1976878143545    
#----------------------------------------------------------------------------------
# Restarting:              yes
#  - absolute improvement: 0.00710705221024455   
#  - relative improvement: 1.01042077688001e-05  
#  - m2lnL_5  :            703.375501856738      
#  - m2lnL_6  :            703.368394804527      
#----------------------------------------------------------------------------------
# Model fitting. Interating using:
#  - solver:            NLOpt:ln-neldermead
#  - differentiation:   Numerical differentiantion (forward)
#..........................................
#  Minimum found with precision: |df|/f =  1.00000e-08 and |dx| =  1.00000e-05
#  Elapsed time: 00 days, 00:01:08.8382460
#  iteration            [000338]
#  function evaluations [000340]
#  gradient evaluations [000000]
#  degrees of freedom   [000757]
#  m2lnL     =     703.368074461439 (     681.04889   0.087988675   0.066990257   0.023624263     1.1852109     6.4035735     8.9606381     4.7841931    0.80696339 )
#  Fit parameters:
#     67.726732050935      0.0787533254004779  -1.45403793604816    -0.945049187170814   -1.50491816418508    -4.04215187019545e-07 -3.86713810505978e-07 -4.99926744411755     0.141357021865678    3.10067759373246    -19.127378869796     -19.1976700158279    
#----------------------------------------------------------------------------------
# Restarting:              no
#  - absolute improvement: 0.000320343088560548  
#  - relative improvement: 4.5544140300699e-07   
#  - m2lnL_6  :            703.368394804527      
#  - m2lnL_7  :            703.368074461439      
#----------------------------------------------------------------------------------
# Data used:
#   - JLA SNLS3+SDSS Betoule 2014 sys and stat (complete cov)
#   - 6dFGRS -- Beutler (2011), BAO Sample R-Dv
#   - SDSS-DR7-rec -- Padmanabhan (2012), BAO Sample R-Dv
#   - SDSS-DR9-rec -- Anderson (2012), BAO Sample R-Dv
#   - WiggleZ -- Blake (2012), BAO Sample R-Dv
#   - Riess 2008 HST Project sample
#   - Stern 2009 H(z) sample
#   - Moresco 2012 H(z) BC03 sample
#   - WMAP9 distance priors
#----------------------------------------------------------------------------------
# Model[03000]:
#   - NcHICosmo : XCDM - Constant EOS
#----------------------------------------------------------------------------------
# Model parameters
#   -            H0[00]:  67.726732050935     [FREE]
#   -        Omegac[01]:  0.25                [FIXED]
#   -        Omegak[02]:  0.0787533254004779  [FREE]
#   -       Tgamma0[03]:  2.7245              [FIXED]
#   -            Yp[04]:  0.24                [FIXED]
#   -          ENnu[05]:  3.046               [FIXED]
#   -        Omegab[06]:  0.05                [FIXED]
#   -           w_0[07]: -1.45403793604816    [FREE]
#   -           w_1[08]: -0.945049187170814   [FREE]
#   -           w_2[09]: -1.50491816418508    [FREE]
#   -           w_3[10]: -4.04215187019545e-07 [FREE]
#   -           w_4[11]: -3.86713810505978e-07 [FREE]
#   -           w_5[12]: -4.99926744411755    [FREE]
#----------------------------------------------------------------------------------
# Model[14000]:
#   - NcSNIADistCov : Supernovae Ia Distance Covariance
#----------------------------------------------------------------------------------
# Model parameters
#   -         alpha[00]:  0.141357021865678   [FREE]
#   -          beta[01]:  3.10067759373246    [FREE]
#   -            M1[02]: -19.127378869796     [FREE]
#   -            M2[03]: -19.1976700158279    [FREE]
#   -  lnsigma_pecz[04]: -7.60021041          [FIXED]
#   -  lnsigma_lens[05]: -2.90042209374967    [FIXED]
#   - lnsigma_int_0[06]: -2.52572864430826    [FIXED]
#   - lnsigma_int_1[07]: -2.22562405185792    [FIXED]
#   - lnsigma_int_2[08]: -2.00991547903123    [FIXED]
#   - lnsigma_int_3[09]: -2.30258509299405    [FIXED]
#----------------------------------------------------------------------------------
# NcmMSet parameters covariance matrix
#                                                  -------------------------------------------------------------------------------------------------------------------------------------------------------------------------------------
#     H0[03000:00] =  67.73       +/-  0.7727      |  1           | -nan         | -0.2647      |  0.08048     | -nan         | -nan         | -nan         | -nan         |  0.01265     |  0.01404     |  0.4889      |  0.4566      |
# Omegak[03000:02] =  0.07875     +/- -nan         | -nan         | -1           | -nan         | -nan         |  1.486       |  0.07115     |  0.0447      |  1.034       | -nan         | -nan         | -nan         | -nan         |
#    w_0[03000:07] = -1.454       +/-  0.3813      | -0.2647      | -nan         |  1           | -1.955       | -nan         | -nan         | -nan         | -nan         | -0.06221     | -0.01536     |  0.5079      |  0.4651      |
#    w_1[03000:08] = -0.945       +/-  0.2643      |  0.08048     | -nan         | -1.955       |  1           | -nan         | -nan         | -nan         | -nan         |  0.02389     | -0.004822    | -0.3546      | -0.3385      |
#    w_2[03000:09] = -1.505       +/- -nan         | -nan         |  1.486       | -nan         | -nan         | -1           | -0.08434     | -0.05825     | -1.743       | -nan         | -nan         | -nan         | -nan         |
#    w_3[03000:10] = -4.042e-07   +/- -nan         | -nan         |  0.07115     | -nan         | -nan         | -0.08434     | -1           | -0.2786      | -0.08013     | -nan         | -nan         | -nan         | -nan         |
#    w_4[03000:11] = -3.867e-07   +/- -nan         | -nan         |  0.0447      | -nan         | -nan         | -0.05825     | -0.2786      | -1           | -0.04866     | -nan         | -nan         | -nan         | -nan         |
#    w_5[03000:12] = -4.999       +/- -nan         | -nan         |  1.034       | -nan         | -nan         | -1.743       | -0.08013     | -0.04866     | -1           | -nan         | -nan         | -nan         | -nan         |
#  alpha[14000:00] =  0.1414      +/-  0.009323    |  0.01265     | -nan         | -0.06221     |  0.02389     | -nan         | -nan         | -nan         | -nan         |  1           | -0.05389     |  0.05369     | -0.1379      |
#   beta[14000:01] =  3.101       +/-  0.1135      |  0.01404     | -nan         | -0.01536     | -0.004822    | -nan         | -nan         | -nan         | -nan         | -0.05389     |  1           |  0.04397     |  0.02211     |
#     M1[14000:02] = -19.13       +/-  0.04011     |  0.4889      | -nan         |  0.5079      | -0.3546      | -nan         | -nan         | -nan         | -nan         |  0.05369     |  0.04397     |  1           |  0.6945      |
#     M2[14000:03] = -19.2        +/-  0.0432      |  0.4566      | -nan         |  0.4651      | -0.3385      | -nan         | -nan         | -nan         | -nan         | -0.1379      |  0.02211     |  0.6945      |  1           |
#                                                  -------------------------------------------------------------------------------------------------------------------------------------------------------------------------------------
