#----------------------------------------------------------------------------------
# Model[03000]:
#   - NcHICosmo : XCDM - Constant EOS
#----------------------------------------------------------------------------------
# Model parameters
#   -            H0[00]:  70                  [FIXED]
#   -        Omegac[01]:  0.25                [FIXED]
#   -        Omegak[02]:  0                   [FIXED]
#   -       Tgamma0[03]:  2.7245              [FIXED]
#   -            Yp[04]:  0.24                [FIXED]
#   -          ENnu[05]:  3.046               [FIXED]
#   -        Omegab[06]:  0.05                [FIXED]
#   -           w_0[07]: -1                   [FIXED]
#   -           w_1[08]: -1                   [FIXED]
#   -           w_2[09]: -1                   [FIXED]
#   -           w_3[10]: -1                   [FIXED]
#   -           w_4[11]: -1                   [FIXED]
#   -           w_5[12]: -1                   [FIXED]
#   -           w_6[13]: -1                   [FIXED]
#   -           w_7[14]: -1                   [FIXED]
#----------------------------------------------------------------------------------
# Model[14000]:
#   - NcSNIADistCov : Supernovae Ia Distance Covariance
#----------------------------------------------------------------------------------
# Model parameters
#   -         alpha[00]:  0.145               [FIXED]
#   -          beta[01]:  3.16                [FIXED]
#   -            M1[02]: -19                  [FIXED]
#   -            M2[03]: -19.2                [FIXED]
#   -  lnsigma_pecz[04]: -7.60021041          [FIXED]
#   -  lnsigma_lens[05]: -2.90042209374967    [FIXED]
#   - lnsigma_int_0[06]: -2.52572864430826    [FIXED]
#   - lnsigma_int_1[07]: -2.22562405185792    [FIXED]
#   - lnsigma_int_2[08]: -2.00991547903123    [FIXED]
#   - lnsigma_int_3[09]: -2.30258509299405    [FIXED]
#----------------------------------------------------------------------------------
# Model fitting. Interating using:
#  - solver:            NLOpt:ln-neldermead
#  - differentiation:   Numerical differentiantion (forward)
#...........................................................................................................................................................................................................................................................................................................
#  Minimum found with precision: |df|/f =  1.00000e-08 and |dx| =  1.00000e-05
#  Elapsed time: 00 days, 00:23:38.8254870
#  iteration            [002903]
#  function evaluations [002905]
#  gradient evaluations [000000]
#  degrees of freedom   [000755]
#  m2lnL     =     703.224301078081 (     681.27155   0.092415297   0.057214328   0.015551467     1.3291135     6.4703853     8.8663599      4.407427    0.71428076 )
#  Fit parameters:
#     67.6951315278779     0.0071755606459842  -1.4340238283723     -0.86877188113922    -1.23016638980378    -0.702289442898004   -0.126422710176032   -1.34915417118993    -1.01891335531997    -0.742999248651953    0.141173726704489    3.096578043521      -19.1267746322172    -19.1973706120171    
#----------------------------------------------------------------------------------
# Restarting:              yes
#  - absolute improvement: 51.2290946026651      
#  - relative improvement: 0.0679022652637687    
#  - m2lnL_0  :            754.453395680746      
#  - m2lnL_1  :            703.224301078081      
#----------------------------------------------------------------------------------
# Model fitting. Interating using:
#  - solver:            NLOpt:ln-neldermead
#  - differentiation:   Numerical differentiantion (forward)
#..................................................................................................................................................................................................................................................................................................................................................................................................................................................
#  Minimum found with precision: |df|/f =  1.00000e-08 and |dx| =  1.00000e-05
#  Elapsed time: 00 days, 00:34:28.2846140
#  iteration            [004250]
#  function evaluations [004252]
#  gradient evaluations [000000]
#  degrees of freedom   [000755]
#  m2lnL     =     700.821549697883 (     681.67721  0.0081891863    0.02504068    0.23765418     1.3656386     3.8438188     8.2906139     4.2904389     1.0829499 )
#  Fit parameters:
#     69.0946417511551     0.00122590752426233 -1.33245827395617    -0.847377630403842   -1.15397922152823    -0.813441175382837   -0.188127346905269   -0.70806314557995    -0.38230223768209    -1.78246821485391e-05  0.141118094439051    3.09066379810127    -19.0757495572809    -19.1471070377499    
#----------------------------------------------------------------------------------
# Restarting:              yes
#  - absolute improvement: 2.40275138019763      
#  - relative improvement: 0.00341676386398206   
#  - m2lnL_1  :            703.224301078081      
#  - m2lnL_2  :            700.821549697883      
#----------------------------------------------------------------------------------
# Model fitting. Interating using:
#  - solver:            NLOpt:ln-neldermead
#  - differentiation:   Numerical differentiantion (forward)
#............................................................................................................................................................................
#  Minimum found with precision: |df|/f =  1.00000e-08 and |dx| =  1.00000e-05
#  Elapsed time: 00 days, 00:12:15.5034710
#  iteration            [001634]
#  function evaluations [001636]
#  gradient evaluations [000000]
#  degrees of freedom   [000755]
#  m2lnL     =     700.738401135544 (     681.68653  0.0093237367   0.027184112    0.18278929     1.3262803      3.778728     8.1675378     4.4497224     1.1103099 )
#  Fit parameters:
#     69.1346518718747    -0.00274591862861152 -1.27582676735437    -0.850585830603913   -1.10923474077177    -0.930932686837991   -0.273314426657432   -0.708071019881627   -0.361554386309388   -0.00756419223328517  0.141024365814113    3.09478556784195    -19.0725436594782    -19.1433854323278    
#----------------------------------------------------------------------------------
# Restarting:              yes
#  - absolute improvement: 0.083148562339602     
#  - relative improvement: 0.00011864441436689   
#  - m2lnL_2  :            700.821549697883      
#  - m2lnL_3  :            700.738401135544      
#----------------------------------------------------------------------------------
# Model fitting. Interating using:
#  - solver:            NLOpt:ln-neldermead
#  - differentiation:   Numerical differentiantion (forward)
#.......................................................................................
#  Minimum found with precision: |df|/f =  1.00000e-08 and |dx| =  1.00000e-05
#  Elapsed time: 00 days, 00:05:54.6531420
#  iteration            [000789]
#  function evaluations [000791]
#  gradient evaluations [000000]
#  degrees of freedom   [000755]
#  m2lnL     =     700.736907089691 (      681.6839   0.009874609   0.026984639    0.18460216     1.3275543     3.7776756     8.1681175     4.4468244       1.11137 )
#  Fit parameters:
#     69.1353015486499    -0.00265999189093849 -1.27264458132567    -0.852188773849192   -1.11046608867997    -0.927802266990426   -0.271469304484759   -0.704850224819617   -0.363252910896973   -2.29016750637275e-05  0.141024786957456    3.0948706094847     -19.0723975426997    -19.1432788740402    
#----------------------------------------------------------------------------------
# Restarting:              yes
#  - absolute improvement: 0.00149404585238244   
#  - relative improvement: 2.13210215104716e-06  
#  - m2lnL_3  :            700.738401135544      
#  - m2lnL_4  :            700.736907089691      
#----------------------------------------------------------------------------------
# Model fitting. Interating using:
#  - solver:            NLOpt:ln-neldermead
#  - differentiation:   Numerical differentiantion (forward)
#................................................
#  Minimum found with precision: |df|/f =  1.00000e-08 and |dx| =  1.00000e-05
#  Elapsed time: 00 days, 00:02:53.2871740
#  iteration            [000394]
#  function evaluations [000396]
#  gradient evaluations [000000]
#  degrees of freedom   [000755]
#  m2lnL     =     700.736877506069 (     681.68301  0.0097987794   0.027000428    0.18501812     1.3275982     3.7800193     8.1685634     4.4467401      1.109126 )
#  Fit parameters:
#     69.1338547882932    -0.00266955082704687 -1.27339274960362    -0.851943792340688   -1.11063960599318    -0.927947355307142   -0.271591279426822   -0.705060816149937   -0.363262798973857    0                    0.14101962505621     3.09493262290967    -19.072483713642     -19.1433350526214    
#----------------------------------------------------------------------------------
# Restarting:              no
#  - absolute improvement: 2.95836224495361e-05  
#  - relative improvement: 4.22178739983928e-08  
#  - m2lnL_4  :            700.736907089691      
#  - m2lnL_5  :            700.736877506069      
#----------------------------------------------------------------------------------
# Data used:
#   - JLA SNLS3+SDSS Betoule 2014 sys and stat (complete cov)
#   - 6dFGRS -- Beutler (2011), BAO Sample R-Dv
#   - SDSS-DR7-rec -- Padmanabhan (2012), BAO Sample R-Dv
#   - SDSS-DR9-rec -- Anderson (2012), BAO Sample R-Dv
#   - WiggleZ -- Blake (2012), BAO Sample R-Dv
#   - Riess 2008 HST Project sample
#   - Stern 2009 H(z) sample
#   - Moresco 2012 H(z) BC03 sample
#   - WMAP9 distance priors
#----------------------------------------------------------------------------------
# Model[03000]:
#   - NcHICosmo : XCDM - Constant EOS
#----------------------------------------------------------------------------------
# Model parameters
#   -            H0[00]:  69.1338547882932    [FREE]
#   -        Omegac[01]:  0.25                [FIXED]
#   -        Omegak[02]: -0.00266955082704687 [FREE]
#   -       Tgamma0[03]:  2.7245              [FIXED]
#   -            Yp[04]:  0.24                [FIXED]
#   -          ENnu[05]:  3.046               [FIXED]
#   -        Omegab[06]:  0.05                [FIXED]
#   -           w_0[07]: -1.27339274960362    [FREE]
#   -           w_1[08]: -0.851943792340688   [FREE]
#   -           w_2[09]: -1.11063960599318    [FREE]
#   -           w_3[10]: -0.927947355307142   [FREE]
#   -           w_4[11]: -0.271591279426822   [FREE]
#   -           w_5[12]: -0.705060816149937   [FREE]
#   -           w_6[13]: -0.363262798973857   [FREE]
#   -           w_7[14]:  0                   [FREE]
#----------------------------------------------------------------------------------
# Model[14000]:
#   - NcSNIADistCov : Supernovae Ia Distance Covariance
#----------------------------------------------------------------------------------
# Model parameters
#   -         alpha[00]:  0.14101962505621    [FREE]
#   -          beta[01]:  3.09493262290967    [FREE]
#   -            M1[02]: -19.072483713642     [FREE]
#   -            M2[03]: -19.1433350526214    [FREE]
#   -  lnsigma_pecz[04]: -7.60021041          [FIXED]
#   -  lnsigma_lens[05]: -2.90042209374967    [FIXED]
#   - lnsigma_int_0[06]: -2.52572864430826    [FIXED]
#   - lnsigma_int_1[07]: -2.22562405185792    [FIXED]
#   - lnsigma_int_2[08]: -2.00991547903123    [FIXED]
#   - lnsigma_int_3[09]: -2.30258509299405    [FIXED]
#----------------------------------------------------------------------------------
# NcmMSet parameters covariance matrix
#                                                  -------------------------------------------------------------------------------------------------------------------------------------------------------------------------------------------------------------------
#     H0[03000:00] =  69.13       +/-  1.648       |  1           | -nan         |  0.0002309   |  0.1003      |  0.08496     | -nan         | -nan         | -nan         | -nan         |  0.4146      | -0.002162    | -0.009614    |  0.7962      |  0.7734      |
# Omegak[03000:02] = -0.00267     +/- -nan         | -nan         | -1           | -nan         | -nan         | -nan         |  1.183       | -0.8681      |  0.06704     |  0.6067      | -nan         | -nan         | -nan         | -nan         | -nan         |
#    w_0[03000:07] = -1.273       +/-  0.6955      |  0.0002309   | -nan         |  1           | -0.8647      |  0.3648      | -nan         | -nan         | -nan         | -nan         | -0.2542      | -0.05103     | -0.02056     |  0.4025      |  0.3899      |
#    w_1[03000:08] = -0.8519      +/-  0.2202      |  0.1003      | -nan         | -0.8647      |  1           | -0.2047      | -nan         | -nan         | -nan         | -nan         |  0.07379     |  0.02213     | -0.0134      | -0.1574      | -0.1589      |
#    w_2[03000:09] = -1.111       +/-  0.3354      |  0.08496     | -nan         |  0.3648      | -0.2047      |  1           | -nan         | -nan         | -nan         | -nan         | -0.2066      | -0.002872    | -0.01309     |  0.1565      |  0.1557      |
#    w_3[03000:10] = -0.9279      +/- -nan         | -nan         |  1.183       | -nan         | -nan         | -nan         | -1           |  1.212       | -0.7465      | -1.119       | -nan         | -nan         | -nan         | -nan         | -nan         |
#    w_4[03000:11] = -0.2716      +/- -nan         | -nan         | -0.8681      | -nan         | -nan         | -nan         |  1.212       | -1           |  0.6006      |  0.934       | -nan         | -nan         | -nan         | -nan         | -nan         |
#    w_5[03000:12] = -0.7051      +/- -nan         | -nan         |  0.06704     | -nan         | -nan         | -nan         | -0.7465      |  0.6006      | -1           | -0.9117      | -nan         | -nan         | -nan         | -nan         | -nan         |
#    w_6[03000:13] = -0.3633      +/- -nan         | -nan         |  0.6067      | -nan         | -nan         | -nan         | -1.119       |  0.934       | -0.9117      | -1           | -nan         | -nan         | -nan         | -nan         | -nan         |
#    w_7[03000:14] =  0           +/-  5.981       |  0.4146      | -nan         | -0.2542      |  0.07379     | -0.2066      | -nan         | -nan         | -nan         | -nan         |  1           |  0.02411     |  0.0186      |  0.1618      |  0.1616      |
#  alpha[14000:00] =  0.141       +/-  0.009316    | -0.002162    | -nan         | -0.05103     |  0.02213     | -0.002872    | -nan         | -nan         | -nan         | -nan         |  0.02411     |  1           | -0.05495     |  0.01948     | -0.1028      |
#   beta[14000:01] =  3.095       +/-  0.1132      | -0.009614    | -nan         | -0.02056     | -0.0134      | -0.01309     | -nan         | -nan         | -nan         | -nan         |  0.0186      | -0.05495     |  1           |  0.01064     | -0.001987    |
#     M1[14000:02] = -19.07       +/-  0.06474     |  0.7962      | -nan         |  0.4025      | -0.1574      |  0.1565      | -nan         | -nan         | -nan         | -nan         |  0.1618      |  0.01948     |  0.01064     |  1           |  0.8767      |
#     M2[14000:03] = -19.14       +/-  0.06659     |  0.7734      | -nan         |  0.3899      | -0.1589      |  0.1557      | -nan         | -nan         | -nan         | -nan         |  0.1616      | -0.1028      | -0.001987    |  0.8767      |  1           |
#                                                  -------------------------------------------------------------------------------------------------------------------------------------------------------------------------------------------------------------------
