#----------------------------------------------------------------------------------
# Model[03000]:
#   - NcHICosmo : XCDM - Constant EOS
#----------------------------------------------------------------------------------
# Model parameters
#   -            H0[00]:  70                  [FIXED]
#   -        Omegac[01]:  0.25                [FIXED]
#   -        Omegak[02]:  0                   [FIXED]
#   -       Tgamma0[03]:  2.7245              [FIXED]
#   -            Yp[04]:  0.24                [FIXED]
#   -          ENnu[05]:  3.046               [FIXED]
#   -        Omegab[06]:  0.05                [FIXED]
#   -           w_0[07]: -1                   [FIXED]
#   -           w_1[08]: -1                   [FIXED]
#   -           w_2[09]: -1                   [FIXED]
#   -           w_3[10]: -1                   [FIXED]
#   -           w_4[11]: -1                   [FIXED]
#   -           w_5[12]: -1                   [FIXED]
#   -           w_6[13]: -1                   [FIXED]
#   -           w_7[14]: -1                   [FIXED]
#   -           w_8[15]: -1                   [FIXED]
#   -           w_9[16]: -1                   [FIXED]
#----------------------------------------------------------------------------------
# Model[14000]:
#   - NcSNIADistCov : Supernovae Ia Distance Covariance
#----------------------------------------------------------------------------------
# Model parameters
#   -         alpha[00]:  0.145               [FIXED]
#   -          beta[01]:  3.16                [FIXED]
#   -            M1[02]: -19                  [FIXED]
#   -            M2[03]: -19.2                [FIXED]
#   -  lnsigma_pecz[04]: -7.60021041          [FIXED]
#   -  lnsigma_lens[05]: -2.90042209374967    [FIXED]
#   - lnsigma_int_0[06]: -2.52572864430826    [FIXED]
#   - lnsigma_int_1[07]: -2.22562405185792    [FIXED]
#   - lnsigma_int_2[08]: -2.00991547903123    [FIXED]
#   - lnsigma_int_3[09]: -2.30258509299405    [FIXED]
#----------------------------------------------------------------------------------
# Model fitting. Interating using:
#  - solver:            NLOpt:ln-neldermead
#  - differentiation:   Numerical differentiantion (forward)
#................................................................................................................................................................................................................................................................................................................................................................................
#  Minimum found with precision: |df|/f =  1.00000e-08 and |dx| =  1.00000e-05
#  Elapsed time: 00 days, 00:30:19.3886910
#  iteration            [003590]
#  function evaluations [003592]
#  gradient evaluations [000000]
#  degrees of freedom   [000753]
#  m2lnL     =      702.76281336075 (     681.84959   0.089905437  7.6291383e-05     0.0689017     1.6203394     6.5177406     8.1932079     3.7716018    0.65144971 )
#  Fit parameters:
#     67.6728321546397    -0.00318443004476085 -1.67258215616301    -0.935185933585484   -1.36178042704497    -0.652795225211394   -0.598020737312783   -2.42685474250131    -4.86950806206413    -2.32845160192484    -0.109933319799402   -1.01533607464172     0.140946477445896    3.08946787925736    -19.1291555745794    -19.2000205112       
#----------------------------------------------------------------------------------
# Restarting:              yes
#  - absolute improvement: 51.6905823199966      
#  - relative improvement: 0.0685139501206114    
#  - m2lnL_0  :            754.453395680746      
#  - m2lnL_1  :            702.76281336075       
#----------------------------------------------------------------------------------
# Model fitting. Interating using:
#  - solver:            NLOpt:ln-neldermead
#  - differentiation:   Numerical differentiantion (forward)
#..................................................................................................................................................................................................................................................................................................................................................................................................................................................................................................................................................................................................................................................................................
#  Minimum found with precision: |df|/f =  1.00000e-08 and |dx| =  1.00000e-05
#  Elapsed time: 00 days, 00:51:30.5496260
#  iteration            [006497]
#  function evaluations [006499]
#  gradient evaluations [000000]
#  degrees of freedom   [000753]
#  m2lnL     =     700.949222417461 (     682.46777     0.1081775  0.0060984115    0.08879862     1.4154743     5.0460243     7.5369422     3.7092799    0.57066043 )
#  Fit parameters:
#     68.4087941966885    -0.00804366433377891 -1.10022010179076    -0.920662024579543   -1.1069467913585     -1.05272271078743    -0.30618042987184    -4.25742434358289    -0.215793404269651   -2.75201592546873    -0.390419863547912   -0.642127754340511    0.142802911502106    3.07649022818732    -19.0916019043022    -19.1609497906002    
#----------------------------------------------------------------------------------
# Restarting:              yes
#  - absolute improvement: 1.81359094328809      
#  - relative improvement: 0.0025806586643581    
#  - m2lnL_1  :            702.76281336075       
#  - m2lnL_2  :            700.949222417461      
#----------------------------------------------------------------------------------
# Model fitting. Interating using:
#  - solver:            NLOpt:ln-neldermead
#  - differentiation:   Numerical differentiantion (forward)
#................................................................................................................................................................................................................................................................................................................................................................................
#  Minimum found with precision: |df|/f =  1.00000e-08 and |dx| =  1.00000e-05
#  Elapsed time: 00 days, 00:22:20.7908050
#  iteration            [003591]
#  function evaluations [003593]
#  gradient evaluations [000000]
#  degrees of freedom   [000753]
#  m2lnL     =     699.946911917601 (     682.22443   0.012190667  0.0073818248    0.21056927     1.4097087     3.9786953     7.3605243     3.7336313     1.0097791 )
#  Fit parameters:
#     69.0127998896734    -0.0109144114642486  -1.28336083630214    -0.827527395265096   -1.03240327923692    -1.1431550686471     -0.253998418230655   -4.63087011539754    -0.372457876295331   -2.89224691984879    -0.543523754486429   -0.00499371487661572  0.141399016662297    3.09253083580263    -19.0755771450796    -19.1469478458815    
#----------------------------------------------------------------------------------
# Restarting:              yes
#  - absolute improvement: 1.00231049986064      
#  - relative improvement: 0.00142993310757066   
#  - m2lnL_2  :            700.949222417461      
#  - m2lnL_3  :            699.946911917601      
#----------------------------------------------------------------------------------
# Model fitting. Interating using:
#  - solver:            NLOpt:ln-neldermead
#  - differentiation:   Numerical differentiantion (forward)
#.................................................................................................................................................................................................................................................................................................................................................................................................................................
#  Minimum found with precision: |df|/f =  1.00000e-08 and |dx| =  1.00000e-05
#  Elapsed time: 00 days, 00:15:24.9351800
#  iteration            [004082]
#  function evaluations [004084]
#  gradient evaluations [000000]
#  degrees of freedom   [000753]
#  m2lnL     =     699.858828901243 (      682.2425   0.013219438  0.0096653215    0.26659758     1.4241682     3.9223603     7.2882418     3.6740882     1.0179904 )
#  Fit parameters:
#     69.0468120756437    -0.0111523812615958  -1.25002373952638    -0.831872227399599   -1.03191140446526    -1.16618745337669    -0.177872663991736   -4.99993017300864    -0.43679091714909    -3.2000081404058     -0.575967015408741   -0.00137868386367782  0.140971595420736    3.09483889550165    -19.074625863331     -19.1454085071861    
#----------------------------------------------------------------------------------
# Restarting:              yes
#  - absolute improvement: 0.0880830163578139    
#  - relative improvement: 0.000125842424415444  
#  - m2lnL_3  :            699.946911917601      
#  - m2lnL_4  :            699.858828901243      
#----------------------------------------------------------------------------------
# Model fitting. Interating using:
#  - solver:            NLOpt:ln-neldermead
#  - differentiation:   Numerical differentiantion (forward)
#.......................................................
#  Minimum found with precision: |df|/f =  1.00000e-08 and |dx| =  1.00000e-05
#  Elapsed time: 00 days, 00:01:28.3270680
#  iteration            [000469]
#  function evaluations [000471]
#  gradient evaluations [000000]
#  degrees of freedom   [000753]
#  m2lnL     =     699.858420323873 (     682.25019   0.013222151  0.0097109173    0.26503188     1.4233856     3.9117883     7.2861457      3.676517     1.0224292 )
#  Fit parameters:
#     69.0532220887399    -0.0111776264714037  -1.24692183604579    -0.832003000290045   -1.03063924820016    -1.16636244221636    -0.178450044215826   -4.99996385725944    -0.436736011069028   -3.1975929827717     -0.575781619933039   -4.45926741607587e-06  0.140978811775916    3.09508088440218    -19.0743023583912    -19.1451769770501    
#----------------------------------------------------------------------------------
# Restarting:              no
#  - absolute improvement: 0.00040857737008082   
#  - relative improvement: 5.83799693892945e-07  
#  - m2lnL_4  :            699.858828901243      
#  - m2lnL_5  :            699.858420323873      
#----------------------------------------------------------------------------------
# Data used:
#   - JLA SNLS3+SDSS Betoule 2014 sys and stat (complete cov)
#   - 6dFGRS -- Beutler (2011), BAO Sample R-Dv
#   - SDSS-DR7-rec -- Padmanabhan (2012), BAO Sample R-Dv
#   - SDSS-DR9-rec -- Anderson (2012), BAO Sample R-Dv
#   - WiggleZ -- Blake (2012), BAO Sample R-Dv
#   - Riess 2008 HST Project sample
#   - Stern 2009 H(z) sample
#   - Moresco 2012 H(z) BC03 sample
#   - WMAP9 distance priors
#----------------------------------------------------------------------------------
# Model[03000]:
#   - NcHICosmo : XCDM - Constant EOS
#----------------------------------------------------------------------------------
# Model parameters
#   -            H0[00]:  69.0532220887399    [FREE]
#   -        Omegac[01]:  0.25                [FIXED]
#   -        Omegak[02]: -0.0111776264714037  [FREE]
#   -       Tgamma0[03]:  2.7245              [FIXED]
#   -            Yp[04]:  0.24                [FIXED]
#   -          ENnu[05]:  3.046               [FIXED]
#   -        Omegab[06]:  0.05                [FIXED]
#   -           w_0[07]: -1.24692183604579    [FREE]
#   -           w_1[08]: -0.832003000290045   [FREE]
#   -           w_2[09]: -1.03063924820016    [FREE]
#   -           w_3[10]: -1.16636244221636    [FREE]
#   -           w_4[11]: -0.178450044215826   [FREE]
#   -           w_5[12]: -4.99996385725944    [FREE]
#   -           w_6[13]: -0.436736011069028   [FREE]
#   -           w_7[14]: -3.1975929827717     [FREE]
#   -           w_8[15]: -0.575781619933039   [FREE]
#   -           w_9[16]: -4.45926741607587e-06 [FREE]
#----------------------------------------------------------------------------------
# Model[14000]:
#   - NcSNIADistCov : Supernovae Ia Distance Covariance
#----------------------------------------------------------------------------------
# Model parameters
#   -         alpha[00]:  0.140978811775916   [FREE]
#   -          beta[01]:  3.09508088440218    [FREE]
#   -            M1[02]: -19.0743023583912    [FREE]
#   -            M2[03]: -19.1451769770501    [FREE]
#   -  lnsigma_pecz[04]: -7.60021041          [FIXED]
#   -  lnsigma_lens[05]: -2.90042209374967    [FIXED]
#   - lnsigma_int_0[06]: -2.52572864430826    [FIXED]
#   - lnsigma_int_1[07]: -2.22562405185792    [FIXED]
#   - lnsigma_int_2[08]: -2.00991547903123    [FIXED]
#   - lnsigma_int_3[09]: -2.30258509299405    [FIXED]
#----------------------------------------------------------------------------------
# NcmMSet parameters covariance matrix
#                                                  -------------------------------------------------------------------------------------------------------------------------------------------------------------------------------------------------------------------------------------------------
#     H0[03000:00] =  69.05       +/-  1.609       |  1           | -0.6647      |  0.2085      |  0.05245     |  0.316       | -0.1255      | -0.2064      |  0.1619      | -nan         | -nan         | -nan         | -nan         |  0.0004147   |  0.01408     |  0.8206      |  0.7991      |
# Omegak[03000:02] = -0.01118     +/-  0.009923    | -0.6647      |  1           | -0.1381      | -0.05353     | -0.2697      |  0.1666      |  0.4028      | -0.2986      | -nan         | -nan         | -nan         | -nan         | -0.007979    | -0.01665     | -0.5302      | -0.5174      |
#    w_0[03000:07] = -1.247       +/-  1.005       |  0.2085      | -0.1381      |  1           | -0.2069      |  0.6436      | -0.5626      |  0.3927      | -0.3959      | -nan         | -nan         | -nan         | -nan         | -0.0148      |  0.08712     |  0.5288      |  0.5188      |
#    w_1[03000:08] = -0.832       +/-  0.2447      |  0.05245     | -0.05353     | -0.2069      |  1           |  0.3708      | -0.5699      |  0.4114      | -0.3961      | -nan         | -nan         | -nan         | -nan         |  0.01753     |  0.0289      | -0.05897     | -0.06173     |
#    w_2[03000:09] = -1.031       +/-  0.5187      |  0.316       | -0.2697      |  0.6436      |  0.3708      |  1           | -0.6551      |  0.26        | -0.2582      | -nan         | -nan         | -nan         | -nan         |  0.02675     |  0.1047      |  0.3782      |  0.3752      |
#    w_3[03000:10] = -1.166       +/-  0.9074      | -0.1255      |  0.1666      | -0.5626      | -0.5699      | -0.6551      |  1           | -0.6402      |  0.5769      | -nan         | -nan         | -nan         | -nan         | -0.01292     | -0.1072      | -0.2443      | -0.2398      |
#    w_4[03000:11] = -0.1785      +/-  3.034       | -0.2064      |  0.4028      |  0.3927      |  0.4114      |  0.26        | -0.6402      |  1           | -0.9636      | -nan         | -nan         | -nan         | -nan         | -0.003746    |  0.07041     | -0.03511     | -0.03462     |
#    w_5[03000:12] = -5           +/-  24.56       |  0.1619      | -0.2986      | -0.3959      | -0.3961      | -0.2582      |  0.5769      | -0.9636      |  1           | -nan         | -nan         | -nan         | -nan         |  0.006373    | -0.06427     | -0.005736    | -0.004787    |
#    w_6[03000:13] = -0.4367      +/- -nan         | -nan         | -nan         | -nan         | -nan         | -nan         | -nan         | -nan         | -nan         | -1           | -1.007       |  1           |  0.2009      | -nan         | -nan         | -nan         | -nan         |
#    w_7[03000:14] = -3.198       +/- -nan         | -nan         | -nan         | -nan         | -nan         | -nan         | -nan         | -nan         | -nan         | -1.007       | -1           |  1.005       |  2.541       | -nan         | -nan         | -nan         | -nan         |
#    w_8[03000:15] = -0.5758      +/- -nan         | -nan         | -nan         | -nan         | -nan         | -nan         | -nan         | -nan         | -nan         |  1           |  1.005       | -1           |  0.9186      | -nan         | -nan         | -nan         | -nan         |
#    w_9[03000:16] = -4.459e-06   +/- -nan         | -nan         | -nan         | -nan         | -nan         | -nan         | -nan         | -nan         | -nan         |  0.2009      |  2.541       |  0.9186      | -1           | -nan         | -nan         | -nan         | -nan         |
#  alpha[14000:00] =  0.141       +/-  0.00932     |  0.0004147   | -0.007979    | -0.0148      |  0.01753     |  0.02675     | -0.01292     | -0.003746    |  0.006373    | -nan         | -nan         | -nan         | -nan         |  1           | -0.05083     |  0.02715     | -0.08741     |
#   beta[14000:01] =  3.095       +/-  0.1143      |  0.01408     | -0.01665     |  0.08712     |  0.0289      |  0.1047      | -0.1072      |  0.07041     | -0.06427     | -nan         | -nan         | -nan         | -nan         | -0.05083     |  1           |  0.05425     |  0.04232     |
#     M1[14000:02] = -19.07       +/-  0.06917     |  0.8206      | -0.5302      |  0.5288      | -0.05897     |  0.3782      | -0.2443      | -0.03511     | -0.005736    | -nan         | -nan         | -nan         | -nan         |  0.02715     |  0.05425     |  1           |  0.8919      |
#     M2[14000:03] = -19.15       +/-  0.07108     |  0.7991      | -0.5174      |  0.5188      | -0.06173     |  0.3752      | -0.2398      | -0.03462     | -0.004787    | -nan         | -nan         | -nan         | -nan         | -0.08741     |  0.04232     |  0.8919      |  1           |
#                                                  -------------------------------------------------------------------------------------------------------------------------------------------------------------------------------------------------------------------------------------------------
