#----------------------------------------------------------------------------------
# Model fitting. Interating using:
#  - solver:            NLOpt:ln-neldermead
#  - differentiation:   Numerical differentiantion (forward)
#................................................................................................................................
#  Minimum found with precision: |df|/f =  1.00000e-08 and |dx| =  1.00000e-05
#  Elapsed time: 00 days, 00:00:20.5981410
#  iteration            [001196]
#  function evaluations [001198]
#  gradient evaluations [000000]
#  degrees of freedom   [001693]
#  m2lnL     =     1505.66373301021 (     1468.1584    0.17781429     3.3381174     4.8533635       5.52615     1.6041572    0.99227862     1.4275965     2.8415265     16.744331 )
#  Fit parameters:
#     72.6044879060544    -1.66152258340235    -0.951203714937079   -1.23086335390028    -0.909340336843732   -2.4182903265301     -1.42819245015825    -19.3068143167674    
#----------------------------------------------------------------------------------
# Restarting:              yes
#  - absolute improvement: 875.763182319714      
#  - relative improvement: 0.367747242916495     
#  - m2lnL_0  :            2381.42691532993      
#  - m2lnL_1  :            1505.66373301021      
#----------------------------------------------------------------------------------
# Model fitting. Interating using:
#  - solver:            NLOpt:ln-neldermead
#  - differentiation:   Numerical differentiantion (forward)
#...................................................
#  Minimum found with precision: |df|/f =  1.00000e-08 and |dx| =  1.00000e-05
#  Elapsed time: 00 days, 00:00:08.6988950
#  iteration            [000422]
#  function evaluations [000424]
#  gradient evaluations [000000]
#  degrees of freedom   [001693]
#  m2lnL     =     1505.37001839806 (      1468.188    0.21629309     3.4887752     4.4012716     5.4728207     1.8098412    0.97255712     1.3534839     2.7430821     16.723896 )
#  Fit parameters:
#     72.521091379832     -1.60328155801437    -0.992311165268309   -1.2543175022289     -0.766911432347668   -2.83449625452969    -1.0787534710014     -19.3071787573364    
#----------------------------------------------------------------------------------
# Restarting:              yes
#  - absolute improvement: 0.2937146121551       
#  - relative improvement: 0.000195073179831388  
#  - m2lnL_1  :            1505.66373301021      
#  - m2lnL_2  :            1505.37001839806      
#----------------------------------------------------------------------------------
# Model fitting. Interating using:
#  - solver:            NLOpt:ln-neldermead
#  - differentiation:   Numerical differentiantion (forward)
#...........................................................................
#  Minimum found with precision: |df|/f =  1.00000e-08 and |dx| =  1.00000e-05
#  Elapsed time: 00 days, 00:00:13.5479910
#  iteration            [000667]
#  function evaluations [000669]
#  gradient evaluations [000000]
#  degrees of freedom   [001693]
#  m2lnL     =     1505.32838146617 (     1468.2008    0.21959869     3.4948924     4.4893942     5.4869612      1.865829    0.97250664     1.3300168     2.7106257     16.557804 )
#  Fit parameters:
#     72.4974189754067    -1.58799591026087    -0.991313353240967   -1.24812526517068    -0.779278287691364   -2.71464564342386    -4.99602497419193    -19.3074778436855    
#----------------------------------------------------------------------------------
# Restarting:              yes
#  - absolute improvement: 0.0416369318895704    
#  - relative improvement: 2.76589352655492e-05  
#  - m2lnL_2  :            1505.37001839806      
#  - m2lnL_3  :            1505.32838146617      
#----------------------------------------------------------------------------------
# Model fitting. Interating using:
#  - solver:            NLOpt:ln-neldermead
#  - differentiation:   Numerical differentiantion (forward)
#.........................
#  Minimum found with precision: |df|/f =  1.00000e-08 and |dx| =  1.00000e-05
#  Elapsed time: 00 days, 00:00:03.6749100
#  iteration            [000167]
#  function evaluations [000169]
#  gradient evaluations [000000]
#  degrees of freedom   [001693]
#  m2lnL     =     1505.32818500976 (     1468.2011    0.21936345     3.4951077      4.480595     5.4860849     1.8736931    0.97172567     1.3294637     2.7098075     16.561272 )
#  Fit parameters:
#     72.4989063802203    -1.58974187077339    -0.991446785769206   -1.24920557430901    -0.775078079929729   -2.72372401638983    -4.999077183897      -19.3074800329239    
#----------------------------------------------------------------------------------
# Restarting:              no
#  - absolute improvement: 0.000196456404637502  
#  - relative improvement: 1.30507341159778e-07  
#  - m2lnL_3  :            1505.32838146617      
#  - m2lnL_4  :            1505.32818500976      
#----------------------------------------------------------------------------------
# Data used:
#   - Pantheon+SH0ES Sample STAT+SYS (2022)
#   - 6dFGRS -- Beutler (2011), BAO Sample R-Dv
#   - SDSS-DR7-lowz -- Ross (2015), Empirical m2lnp
#   - SDSS DR12 (final consensus) -- Ross et al. (2016), arXiv:1607.03145; Alam
#        et al. (2016), arXiv:1607.03155; BAO Sample(D_t / r_sd, DH / r_sd) --
#        DR16 Compatible
#   - SDSS DR16 -- Alam et al., PRD 103, 083533 (2021); BAO LRG Sample(D_t /
#        r_sd, DH / r_sd)
#   - SDSS DR16 -- Alam et al., PRD 103, 083533 (2021); BAO QSO Sample(D_t /
#        r_sd, DH / r_sd)
#   - SDSS DR16 -- Alam et al., PRD 103, 083533 (2021) -- BAO ELG Sample,
#        Empirical m2lnp
#   - SDSS DR16 -- Alam et al., PRD 103, 083533 (2021) -- BAO Lyman alpha
#        autocorrelation Sample, Empirical m2lnp
#   - SDSS DR16 -- Alam et al., PRD 103, 083533 (2021) -- BAO Lyman alpha QSO
#        cross-correlation Sample, Empirical m2lnp
#   - Gomez-Valent 2018 -- arXiv:1802.01505
#----------------------------------------------------------------------------------
# Model[03000]:
#   - NcHICosmo : XCDM - Constant EOS
#----------------------------------------------------------------------------------
# Model parameters
#   -           H0[00]:  72.4989063802203    [FREE]
#   -       Omegac[01]:  0.25                [FIXED]
#   -       Omegak[02]:  0                   [FIXED]
#   -      Tgamma0[03]:  2.7245              [FIXED]
#   -           Yp[04]:  0.24                [FIXED]
#   -         ENnu[05]:  3.046               [FIXED]
#   -       Omegab[06]:  0.05                [FIXED]
#   -          w_0[07]: -1.58974187077339    [FREE]
#   -          w_1[08]: -0.991446785769206   [FREE]
#   -          w_2[09]: -1.24920557430901    [FREE]
#   -          w_3[10]: -0.775078079929729   [FREE]
#   -          w_4[11]: -2.72372401638983    [FREE]
#   -          w_5[12]: -4.999077183897      [FREE]
#----------------------------------------------------------------------------------
# Model[14000]:
#   - NcSNIADistCov : Supernovae Ia Distance Covariance
#----------------------------------------------------------------------------------
# Model parameters
#   -        alpha[00]:  0                   [FIXED]
#   -         beta[01]:  0                   [FIXED]
#   -           M1[02]: -19.3074800329239    [FREE]
#   -           M2[03]: -19.25               [FIXED]
#   - lnsigma_pecz[04]: -34.5387763949107    [FIXED]
#   - lnsigma_lens[05]: -34.5387763949107    [FIXED]
#----------------------------------------------------------------------------------
# NcmMSet parameters covariance matrix
#                                               -------------------------------------------------------------------------------------------------------------------------
#  H0[03000:00] =  72.5        +/-  1.027       |  1           | -0.4759      |  0.2265      | -0.2387      |  0.04061     | -0.2697      |  0.1858      |  0.8935      |
# w_0[03000:07] = -1.59        +/-  0.4168      | -0.4759      |  1           | -0.6122      |  0.6216      | -0.4163      |  0.3398      | -0.2813      | -0.1061      |
# w_1[03000:08] = -0.9914      +/-  0.09824     |  0.2265      | -0.6122      |  1           |  0.01963     | -0.2874      |  0.1035      | -0.1012      | -0.002604    |
# w_2[03000:09] = -1.249       +/-  0.1868      | -0.2387      |  0.6216      |  0.01963     |  1           | -0.6732      |  0.2954      | -0.2465      | -0.1045      |
# w_3[03000:10] = -0.7751      +/-  0.4179      |  0.04061     | -0.4163      | -0.2874      | -0.6732      |  1           | -0.3234      |  0.2128      | -0.07047     |
# w_4[03000:11] = -2.724       +/-  1.84        | -0.2697      |  0.3398      |  0.1035      |  0.2954      | -0.3234      |  1           | -0.4791      | -0.1762      |
# w_5[03000:12] = -4.999       +/-  36.47       |  0.1858      | -0.2813      | -0.1012      | -0.2465      |  0.2128      | -0.4791      |  1           |  0.1065      |
#  M1[14000:02] = -19.31       +/-  0.02564     |  0.8935      | -0.1061      | -0.002604    | -0.1045      | -0.07047     | -0.1762      |  0.1065      |  1           |
#                                               -------------------------------------------------------------------------------------------------------------------------
