#----------------------------------------------------------------------------------
# Model fitting. Interating using:
#  - solver:            NLOpt:ln-neldermead
#  - differentiation:   Numerical differentiantion (forward)
#.......................................................................................................
#  Minimum found with precision: |df|/f =  1.00000e-08 and |dx| =  1.00000e-05
#  Elapsed time: 00 days, 00:00:16.8208870
#  iteration            [000948]
#  function evaluations [000950]
#  gradient evaluations [000000]
#  degrees of freedom   [001692]
#  m2lnL     =     1512.44925951477 (     1467.5924    0.46173866     4.0277214     8.0720604      6.851622     2.7452936     0.9967868      2.338015     3.8964323     15.467147 )
#  Fit parameters:
#     71.6873327807243    -0.948094620986537   -1.00197952634933    -1.01273036794331    -1.33331940611366    -0.743676539759854   -1.45024427412169    -1.12131724635197    -19.3147862298505    
#----------------------------------------------------------------------------------
# Restarting:              yes
#  - absolute improvement: 868.977655815158      
#  - relative improvement: 0.36489788967333      
#  - m2lnL_0  :            2381.42691532993      
#  - m2lnL_1  :            1512.44925951477      
#----------------------------------------------------------------------------------
# Model fitting. Interating using:
#  - solver:            NLOpt:ln-neldermead
#  - differentiation:   Numerical differentiantion (forward)
#................................................................................................................................................................
#  Minimum found with precision: |df|/f =  1.00000e-08 and |dx| =  1.00000e-05
#  Elapsed time: 00 days, 00:00:31.6460100
#  iteration            [001513]
#  function evaluations [001515]
#  gradient evaluations [000000]
#  degrees of freedom   [001692]
#  m2lnL     =     1484.88395971801 (     1454.5416  0.00016600265     1.6992085     1.5172494     2.8492454     1.4472195    0.99996155     1.6791122     1.4429729     18.707206 )
#  Fit parameters:
#     71.511457217187     -0.434044982523841   -1.00442174286077    -0.84594643531598    -0.960466565286244   -0.422676394055331   -2.87757592567879     0.229925481978017   -19.2913348301838    
#----------------------------------------------------------------------------------
# Restarting:              yes
#  - absolute improvement: 27.5652997967572      
#  - relative improvement: 0.0182256030232716    
#  - m2lnL_1  :            1512.44925951477      
#  - m2lnL_2  :            1484.88395971801      
#----------------------------------------------------------------------------------
# Model fitting. Interating using:
#  - solver:            NLOpt:ln-neldermead
#  - differentiation:   Numerical differentiantion (forward)
#........................................................................................................
#  Minimum found with precision: |df|/f =  1.00000e-08 and |dx| =  1.00000e-05
#  Elapsed time: 00 days, 00:00:19.4630970
#  iteration            [000956]
#  function evaluations [000958]
#  gradient evaluations [000000]
#  degrees of freedom   [001692]
#  m2lnL     =     1482.06672189952 (     1451.4461   0.011169361      1.301428     1.3020782     2.6429698    0.51237278    0.94133658     1.0741284     1.7640201     21.071113 )
#  Fit parameters:
#     71.2551750518099    -0.163791795079079   -1.04137013229619    -0.752164096840172   -0.813140756668226   -1.01704330452024    -1.10193604586432     0.0677904721058916  -19.287885799455     
#----------------------------------------------------------------------------------
# Restarting:              yes
#  - absolute improvement: 2.81723781849405      
#  - relative improvement: 0.0018972781004578    
#  - m2lnL_2  :            1484.88395971801      
#  - m2lnL_3  :            1482.06672189952      
#----------------------------------------------------------------------------------
# Model fitting. Interating using:
#  - solver:            NLOpt:ln-neldermead
#  - differentiation:   Numerical differentiantion (forward)
#............................
#  Minimum found with precision: |df|/f =  1.00000e-08 and |dx| =  1.00000e-05
#  Elapsed time: 00 days, 00:00:04.0818870
#  iteration            [000190]
#  function evaluations [000192]
#  gradient evaluations [000000]
#  degrees of freedom   [001692]
#  m2lnL     =     1482.06663665192 (     1451.4625   0.011272536     1.3002925     1.3016091     2.6392088    0.51328817    0.94165495     1.0744471     1.7633186     21.059063 )
#  Fit parameters:
#     71.2509368807615    -0.165205744797155   -1.04126310746907    -0.752239531158642   -0.812309198678259   -1.01758863710232    -1.10294039530685     0.0678217376803769  -19.2880606366882    
#----------------------------------------------------------------------------------
# Restarting:              no
#  - absolute improvement: 8.52475936881092e-05  
#  - relative improvement: 5.75194034306702e-08  
#  - m2lnL_3  :            1482.06672189952      
#  - m2lnL_4  :            1482.06663665192      
#----------------------------------------------------------------------------------
# Data used:
#   - Pantheon+SH0ES Sample STAT+SYS (2022)
#   - 6dFGRS -- Beutler (2011), BAO Sample R-Dv
#   - SDSS-DR7-lowz -- Ross (2015), Empirical m2lnp
#   - SDSS DR12 (final consensus) -- Ross et al. (2016), arXiv:1607.03145; Alam
#        et al. (2016), arXiv:1607.03155; BAO Sample(D_t / r_sd, DH / r_sd) --
#        DR16 Compatible
#   - SDSS DR16 -- Alam et al., PRD 103, 083533 (2021); BAO LRG Sample(D_t /
#        r_sd, DH / r_sd)
#   - SDSS DR16 -- Alam et al., PRD 103, 083533 (2021); BAO QSO Sample(D_t /
#        r_sd, DH / r_sd)
#   - SDSS DR16 -- Alam et al., PRD 103, 083533 (2021) -- BAO ELG Sample,
#        Empirical m2lnp
#   - SDSS DR16 -- Alam et al., PRD 103, 083533 (2021) -- BAO Lyman alpha
#        autocorrelation Sample, Empirical m2lnp
#   - SDSS DR16 -- Alam et al., PRD 103, 083533 (2021) -- BAO Lyman alpha QSO
#        cross-correlation Sample, Empirical m2lnp
#   - Gomez-Valent 2018 -- arXiv:1802.01505
#----------------------------------------------------------------------------------
# Model[03000]:
#   - NcHICosmo : XCDM - Constant EOS
#----------------------------------------------------------------------------------
# Model parameters
#   -           H0[00]:  71.2509368807615    [FREE]
#   -       Omegac[01]:  0.25                [FIXED]
#   -       Omegak[02]:  0                   [FIXED]
#   -      Tgamma0[03]:  2.7245              [FIXED]
#   -           Yp[04]:  0.24                [FIXED]
#   -         ENnu[05]:  3.046               [FIXED]
#   -       Omegab[06]:  0.05                [FIXED]
#   -          w_0[07]: -0.165205744797155   [FREE]
#   -          w_1[08]: -1.04126310746907    [FREE]
#   -          w_2[09]: -0.752239531158642   [FREE]
#   -          w_3[10]: -0.812309198678259   [FREE]
#   -          w_4[11]: -1.01758863710232    [FREE]
#   -          w_5[12]: -1.10294039530685    [FREE]
#   -          w_6[13]:  0.0678217376803769  [FREE]
#----------------------------------------------------------------------------------
# Model[14000]:
#   - NcSNIADistCov : Supernovae Ia Distance Covariance
#----------------------------------------------------------------------------------
# Model parameters
#   -        alpha[00]:  0                   [FIXED]
#   -         beta[01]:  0                   [FIXED]
#   -           M1[02]: -19.2880606366882    [FREE]
#   -           M2[03]: -19.25               [FIXED]
#   - lnsigma_pecz[04]: -34.5387763949107    [FIXED]
#   - lnsigma_lens[05]: -34.5387763949107    [FIXED]
#----------------------------------------------------------------------------------
# NcmMSet parameters covariance matrix
#                                               ----------------------------------------------------------------------------------------------------------------------------------------
#  H0[03000:00] =  71.25       +/-  1.042       |  1           | -0.5471      |  0.1367      | -0.3552      |  0.09022     | -0.1922      | -0.1851      |  0.07411     |  0.7869      |
# w_0[03000:07] = -0.1652      +/-  0.5722      | -0.5471      |  1           | -0.26        |  0.7565      | -0.3258      |  0.1744      |  0.3333      | -0.07834     |  0.02054     |
# w_1[03000:08] = -1.041       +/-  0.09872     |  0.1367      | -0.26        |  1           |  0.3146      | -0.5877      |  0.1667      |  0.00278     |  0.1564      | -0.02425     |
# w_2[03000:09] = -0.7522      +/-  0.2186      | -0.3552      |  0.7565      |  0.3146      |  1           | -0.5255      |  0.1043      |  0.344       | -0.0591      |  0.00776     |
# w_3[03000:10] = -0.8123      +/-  0.2543      |  0.09022     | -0.3258      | -0.5877      | -0.5255      |  1           | -0.3924      | -0.06004     | -0.2542      | -0.03947     |
# w_4[03000:11] = -1.018       +/-  0.4747      | -0.1922      |  0.1744      |  0.1667      |  0.1043      | -0.3924      |  1           | -0.4139      |  0.6076      | -0.1206      |
# w_5[03000:12] = -1.103       +/-  0.4676      | -0.1851      |  0.3333      |  0.00278     |  0.344       | -0.06004     | -0.4139      |  1           | -0.9208      |  0.03837     |
# w_6[03000:13] =  0.06782     +/-  0.04221     |  0.07411     | -0.07834     |  0.1564      | -0.0591      | -0.2542      |  0.6076      | -0.9208      |  1           | -0.003467    |
#  M1[14000:02] = -19.29       +/-  0.02526     |  0.7869      |  0.02054     | -0.02425     |  0.00776     | -0.03947     | -0.1206      |  0.03837     | -0.003467    |  1           |
#                                               ----------------------------------------------------------------------------------------------------------------------------------------
