#----------------------------------------------------------------------------------
# Model fitting. Interating using:
#  - solver:            NLOpt:ln-neldermead
#  - differentiation:   Numerical differentiantion (forward)
#.........................................................................................................................................................................................................
#  Minimum found with precision: |df|/f =  1.00000e-08 and |dx| =  1.00000e-05
#  Elapsed time: 00 days, 00:00:41.9699540
#  iteration            [001929]
#  function evaluations [001931]
#  gradient evaluations [000000]
#  degrees of freedom   [001690]
#  m2lnL     =     1504.79134365057 (     1463.0076    0.32096127      3.898884     4.2137899     7.1540005    0.32036146    0.77088798     1.7316899     3.2014217     20.171762 )
#  Fit parameters:
#     72.6901860311862    -1.66493319371719    -1.19852024000586    -1.35388495179447    -0.878115288796284   -0.545332103210916   -4.4439702368333     -1.87972325251815    -2.33705949089312    -1.80185512251163    -19.3008929460328    
#----------------------------------------------------------------------------------
# Restarting:              yes
#  - absolute improvement: 876.635571679358      
#  - relative improvement: 0.368113573436247     
#  - m2lnL_0  :            2381.42691532993      
#  - m2lnL_1  :            1504.79134365057      
#----------------------------------------------------------------------------------
# Model fitting. Interating using:
#  - solver:            NLOpt:ln-neldermead
#  - differentiation:   Numerical differentiantion (forward)
#..................................................................................................................................................................................................................................................................................................
#  Minimum found with precision: |df|/f =  1.00000e-08 and |dx| =  1.00000e-05
#  Elapsed time: 00 days, 00:01:15.2350730
#  iteration            [002819]
#  function evaluations [002821]
#  gradient evaluations [000000]
#  degrees of freedom   [001690]
#  m2lnL     =      1499.0700656273 (     1464.1997     0.1142767     3.4179132     2.0282184     5.2194875     1.2864941    0.98990224     1.4779192      2.911379     17.424764 )
#  Fit parameters:
#     73.203146470645     -2.73102493909147    -1.46302046630288    -1.60471249594508    -0.330693299101239   -1.37000432643477    -1.16410072420962    -1.49870452934393    -4.99944412066207    -3.73068011311876    -19.306897978866     
#----------------------------------------------------------------------------------
# Restarting:              yes
#  - absolute improvement: 5.72127802327145      
#  - relative improvement: 0.00380204075961245   
#  - m2lnL_1  :            1504.79134365057      
#  - m2lnL_2  :            1499.0700656273       
#----------------------------------------------------------------------------------
# Model fitting. Interating using:
#  - solver:            NLOpt:ln-neldermead
#  - differentiation:   Numerical differentiantion (forward)
#..................................
#  Minimum found with precision: |df|/f =  1.00000e-08 and |dx| =  1.00000e-05
#  Elapsed time: 00 days, 00:00:06.5094010
#  iteration            [000255]
#  function evaluations [000257]
#  gradient evaluations [000000]
#  degrees of freedom   [001690]
#  m2lnL     =       1499.069271661 (     1464.2504    0.11456326     3.4194548     2.0032444     5.1924824     1.3033466    0.99111745     1.4768895     2.9098254     17.407942 )
#  Fit parameters:
#     73.2038465828253    -2.73067524296109    -1.46363430121083    -1.60592024041772    -0.332658042448905   -1.36752934464881    -1.14145948000029    -1.52176528911151    -4.99975866059498    -3.69846945411873    -19.3068416156572    
#----------------------------------------------------------------------------------
# Restarting:              no
#  - absolute improvement: 0.000793966291666948  
#  - relative improvement: 5.29639214251608e-07  
#  - m2lnL_2  :            1499.0700656273       
#  - m2lnL_3  :            1499.069271661        
#----------------------------------------------------------------------------------
# Data used:
#   - Pantheon+SH0ES Sample STAT+SYS (2022)
#   - 6dFGRS -- Beutler (2011), BAO Sample R-Dv
#   - SDSS-DR7-lowz -- Ross (2015), Empirical m2lnp
#   - SDSS DR12 (final consensus) -- Ross et al. (2016), arXiv:1607.03145; Alam
#        et al. (2016), arXiv:1607.03155; BAO Sample(D_t / r_sd, DH / r_sd) --
#        DR16 Compatible
#   - SDSS DR16 -- Alam et al., PRD 103, 083533 (2021); BAO LRG Sample(D_t /
#        r_sd, DH / r_sd)
#   - SDSS DR16 -- Alam et al., PRD 103, 083533 (2021); BAO QSO Sample(D_t /
#        r_sd, DH / r_sd)
#   - SDSS DR16 -- Alam et al., PRD 103, 083533 (2021) -- BAO ELG Sample,
#        Empirical m2lnp
#   - SDSS DR16 -- Alam et al., PRD 103, 083533 (2021) -- BAO Lyman alpha
#        autocorrelation Sample, Empirical m2lnp
#   - SDSS DR16 -- Alam et al., PRD 103, 083533 (2021) -- BAO Lyman alpha QSO
#        cross-correlation Sample, Empirical m2lnp
#   - Gomez-Valent 2018 -- arXiv:1802.01505
#----------------------------------------------------------------------------------
# Model[03000]:
#   - NcHICosmo : XCDM - Constant EOS
#----------------------------------------------------------------------------------
# Model parameters
#   -           H0[00]:  73.2038465828253    [FREE]
#   -       Omegac[01]:  0.25                [FIXED]
#   -       Omegak[02]:  0                   [FIXED]
#   -      Tgamma0[03]:  2.7245              [FIXED]
#   -           Yp[04]:  0.24                [FIXED]
#   -         ENnu[05]:  3.046               [FIXED]
#   -       Omegab[06]:  0.05                [FIXED]
#   -          w_0[07]: -2.73067524296109    [FREE]
#   -          w_1[08]: -1.46363430121083    [FREE]
#   -          w_2[09]: -1.60592024041772    [FREE]
#   -          w_3[10]: -0.332658042448905   [FREE]
#   -          w_4[11]: -1.36752934464881    [FREE]
#   -          w_5[12]: -1.14145948000029    [FREE]
#   -          w_6[13]: -1.52176528911151    [FREE]
#   -          w_7[14]: -4.99975866059498    [FREE]
#   -          w_8[15]: -3.69846945411873    [FREE]
#----------------------------------------------------------------------------------
# Model[14000]:
#   - NcSNIADistCov : Supernovae Ia Distance Covariance
#----------------------------------------------------------------------------------
# Model parameters
#   -        alpha[00]:  0                   [FIXED]
#   -         beta[01]:  0                   [FIXED]
#   -           M1[02]: -19.3068416156572    [FREE]
#   -           M2[03]: -19.25               [FIXED]
#   - lnsigma_pecz[04]: -34.5387763949107    [FIXED]
#   - lnsigma_lens[05]: -34.5387763949107    [FIXED]
#----------------------------------------------------------------------------------
# NcmMSet parameters covariance matrix
#                                               ----------------------------------------------------------------------------------------------------------------------------------------------------------------------
#  H0[03000:00] =  73.2        +/-  1.357       |  1           | -0.3074      |  1.425       | -0.2406      | -nan         | -nan         | -nan         | -nan         | -nan         | -nan         |  0.8835      |
# w_0[03000:07] = -2.731       +/-  0.6271      | -0.3074      |  1           | -1.418       |  0.8501      | -nan         | -nan         | -nan         | -nan         | -nan         | -nan         |  0.0832      |
# w_1[03000:08] = -1.464       +/-  0.06669     |  1.425       | -1.418       |  1           |  2.822       | -nan         | -nan         | -nan         | -nan         | -nan         | -nan         |  0.7759      |
# w_2[03000:09] = -1.606       +/-  0.3322      | -0.2406      |  0.8501      |  2.822       |  1           | -nan         | -nan         | -nan         | -nan         | -nan         | -nan         | -0.03092     |
# w_3[03000:10] = -0.3327      +/- -nan         | -nan         | -nan         | -nan         | -nan         | -1           |  1.518       | -1.936       |  1.817       | -1.878       |  1.868       | -nan         |
# w_4[03000:11] = -1.368       +/- -nan         | -nan         | -nan         | -nan         | -nan         |  1.518       | -1           |  1.246       | -1.33        |  1.39        | -1.38        | -nan         |
# w_5[03000:12] = -1.141       +/- -nan         | -nan         | -nan         | -nan         | -nan         | -1.936       |  1.246       | -1           |  1.26        | -1.357       |  1.343       | -nan         |
# w_6[03000:13] = -1.522       +/- -nan         | -nan         | -nan         | -nan         | -nan         |  1.817       | -1.33        |  1.26        | -1           |  1.028       | -1.03        | -nan         |
# w_7[03000:14] = -5           +/- -nan         | -nan         | -nan         | -nan         | -nan         | -1.878       |  1.39        | -1.357       |  1.028       | -1           |  1.024       | -nan         |
# w_8[03000:15] = -3.698       +/- -nan         | -nan         | -nan         | -nan         | -nan         |  1.868       | -1.38        |  1.343       | -1.03        |  1.024       | -1           | -nan         |
#  M1[14000:02] = -19.31       +/-  0.03538     |  0.8835      |  0.0832      |  0.7759      | -0.03092     | -nan         | -nan         | -nan         | -nan         | -nan         | -nan         |  1           |
#                                               ----------------------------------------------------------------------------------------------------------------------------------------------------------------------
