#----------------------------------------------------------------------------------
# Model fitting. Interating using:
#  - solver:            NLOpt:ln-neldermead
#  - differentiation:   Numerical differentiantion (forward)
#.........................................................................................................
#  Minimum found with precision: |df|/f =  1.00000e-08 and |dx| =  1.00000e-05
#  Elapsed time: 00 days, 00:00:19.1039430
#  iteration            [000968]
#  function evaluations [000970]
#  gradient evaluations [000000]
#  degrees of freedom   [001694]
#  m2lnL     =     1492.64757028514 (     1456.7193   0.010781682     1.4827877     2.1486456     4.8363598    0.76593357    0.81220942      2.157486     2.5483454     21.165722 )
#  Fit parameters:
#     72.8684534080835    -1.25873075798482    -0.856228514094629   -0.982324400886474   -2.18535602610574     0.216551629754033   -19.2812670844491    
#----------------------------------------------------------------------------------
# Restarting:              yes
#  - absolute improvement: 888.779345044783      
#  - relative improvement: 0.373212941922952     
#  - m2lnL_0  :            2381.42691532993      
#  - m2lnL_1  :            1492.64757028514      
#----------------------------------------------------------------------------------
# Model fitting. Interating using:
#  - solver:            NLOpt:ln-neldermead
#  - differentiation:   Numerical differentiantion (forward)
#...................................................................................
#  Minimum found with precision: |df|/f =  1.00000e-08 and |dx| =  1.00000e-05
#  Elapsed time: 00 days, 00:00:16.6628740
#  iteration            [000746]
#  function evaluations [000748]
#  gradient evaluations [000000]
#  degrees of freedom   [001694]
#  m2lnL     =     1483.38909457051 (     1453.6663  0.0099779396     1.4735508     1.2362228     2.4316735    0.92947418    0.98609496    0.96862358      1.363759     20.323432 )
#  Fit parameters:
#     71.7019765959491    -0.690830857063935   -1.01644636897148    -0.842697378838295   -0.946552040461347    0.109632233489311   -19.2899738207608    
#----------------------------------------------------------------------------------
# Restarting:              yes
#  - absolute improvement: 9.25847571462964      
#  - relative improvement: 0.00620272052086681   
#  - m2lnL_1  :            1492.64757028514      
#  - m2lnL_2  :            1483.38909457051      
#----------------------------------------------------------------------------------
# Model fitting. Interating using:
#  - solver:            NLOpt:ln-neldermead
#  - differentiation:   Numerical differentiantion (forward)
#......................
#  Minimum found with precision: |df|/f =  1.00000e-08 and |dx| =  1.00000e-05
#  Elapsed time: 00 days, 00:00:03.0011930
#  iteration            [000138]
#  function evaluations [000140]
#  gradient evaluations [000000]
#  degrees of freedom   [001694]
#  m2lnL     =     1483.38907591948 (     1453.6593   0.010009394     1.4731407     1.2348602     2.4304091    0.93176719    0.98626995    0.96800471     1.3623355     20.332977 )
#  Fit parameters:
#     71.702635826819     -0.690576155293708   -1.01638958883294    -0.842343025525355   -0.946251178933174    0.10968198461288    -19.2899512725943    
#----------------------------------------------------------------------------------
# Restarting:              no
#  - absolute improvement: 1.86510339972301e-05  
#  - relative improvement: 1.2573258132675e-08   
#  - m2lnL_2  :            1483.38909457051      
#  - m2lnL_3  :            1483.38907591948      
#----------------------------------------------------------------------------------
# Data used:
#   - Pantheon+SH0ES Sample STAT+SYS (2022)
#   - 6dFGRS -- Beutler (2011), BAO Sample R-Dv
#   - SDSS-DR7-lowz -- Ross (2015), Empirical m2lnp
#   - SDSS DR12 (final consensus) -- Ross et al. (2016), arXiv:1607.03145; Alam
#        et al. (2016), arXiv:1607.03155; BAO Sample(D_t / r_sd, DH / r_sd) --
#        DR16 Compatible
#   - SDSS DR16 -- Alam et al., PRD 103, 083533 (2021); BAO LRG Sample(D_t /
#        r_sd, DH / r_sd)
#   - SDSS DR16 -- Alam et al., PRD 103, 083533 (2021); BAO QSO Sample(D_t /
#        r_sd, DH / r_sd)
#   - SDSS DR16 -- Alam et al., PRD 103, 083533 (2021) -- BAO ELG Sample,
#        Empirical m2lnp
#   - SDSS DR16 -- Alam et al., PRD 103, 083533 (2021) -- BAO Lyman alpha
#        autocorrelation Sample, Empirical m2lnp
#   - SDSS DR16 -- Alam et al., PRD 103, 083533 (2021) -- BAO Lyman alpha QSO
#        cross-correlation Sample, Empirical m2lnp
#   - Gomez-Valent 2018 -- arXiv:1802.01505
#----------------------------------------------------------------------------------
# Model[03000]:
#   - NcHICosmo : XCDM - Constant EOS
#----------------------------------------------------------------------------------
# Model parameters
#   -           H0[00]:  71.702635826819     [FREE]
#   -       Omegac[01]:  0.25                [FIXED]
#   -       Omegak[02]:  0                   [FIXED]
#   -      Tgamma0[03]:  2.7245              [FIXED]
#   -           Yp[04]:  0.24                [FIXED]
#   -         ENnu[05]:  3.046               [FIXED]
#   -       Omegab[06]:  0.05                [FIXED]
#   -          w_0[07]: -0.690576155293708   [FREE]
#   -          w_1[08]: -1.01638958883294    [FREE]
#   -          w_2[09]: -0.842343025525355   [FREE]
#   -          w_3[10]: -0.946251178933174   [FREE]
#   -          w_4[11]:  0.10968198461288    [FREE]
#----------------------------------------------------------------------------------
# Model[14000]:
#   - NcSNIADistCov : Supernovae Ia Distance Covariance
#----------------------------------------------------------------------------------
# Model parameters
#   -        alpha[00]:  0                   [FIXED]
#   -         beta[01]:  0                   [FIXED]
#   -           M1[02]: -19.2899512725943    [FREE]
#   -           M2[03]: -19.25               [FIXED]
#   - lnsigma_pecz[04]: -34.5387763949107    [FIXED]
#   - lnsigma_lens[05]: -34.5387763949107    [FIXED]
#----------------------------------------------------------------------------------
# NcmMSet parameters covariance matrix
#                                               ----------------------------------------------------------------------------------------------------------
#  H0[03000:00] =  71.7        +/-  0.9461      |  1           | -0.407       |  0.1836      | -0.1452      | -0.3206      |  0.01652     |  0.8919      |
# w_0[03000:07] = -0.6906      +/-  0.2487      | -0.407       |  1           | -0.7958      |  0.2326      |  0.4563      |  0.3737      | -0.02868     |
# w_1[03000:08] = -1.016       +/-  0.08631     |  0.1836      | -0.7958      |  1           | -0.18        | -0.3327      | -0.4322      | -0.001002    |
# w_2[03000:09] = -0.8423      +/-  0.09744     | -0.1452      |  0.2326      | -0.18        |  1           |  0.1892      |  0.4831      | -0.1118      |
# w_3[03000:10] = -0.9463      +/-  0.2646      | -0.3206      |  0.4563      | -0.3327      |  0.1892      |  1           | -0.5059      | -0.1286      |
# w_4[03000:11] =  0.1097      +/-  0.05442     |  0.01652     |  0.3737      | -0.4322      |  0.4831      | -0.5059      |  1           |  0.08207     |
#  M1[14000:02] = -19.29       +/-  0.02521     |  0.8919      | -0.02868     | -0.001002    | -0.1118      | -0.1286      |  0.08207     |  1           |
#                                               ----------------------------------------------------------------------------------------------------------
