#----------------------------------------------------------------------------------
# Model fitting. Interating using:
#  - solver:            NLOpt:ln-neldermead
#  - differentiation:   Numerical differentiantion (forward)
#................................................................................................................................................................................................
#  Minimum found with precision: |df|/f =  1.00000e-08 and |dx| =  1.00000e-05
#  Elapsed time: 00 days, 00:00:39.4960200
#  iteration            [001836]
#  function evaluations [001838]
#  gradient evaluations [000000]
#  degrees of freedom   [001687]
#  m2lnL     =     1506.47887969135 (     1463.8832    0.40366113     4.0928979     7.2268268     5.0870277     2.1222323    0.83994161      1.786252     3.2670883     17.769756 )
#  Fit parameters:
#     72.2664671655662    -1.98815775028297    -1.64215071579168    -1.50700612058306    -0.442734622872214    0.0191095259685074  -2.9733820158239      0.346580331968184   -0.706497822861949   -2.82252318496401    -1.06392075972061    -2.69106957195576    -1.36251578057859    -19.3149026136383    
#----------------------------------------------------------------------------------
# Restarting:              yes
#  - absolute improvement: 874.948035638578      
#  - relative improvement: 0.367404949531009     
#  - m2lnL_0  :            2381.42691532993      
#  - m2lnL_1  :            1506.47887969135      
#----------------------------------------------------------------------------------
# Model fitting. Interating using:
#  - solver:            NLOpt:ln-neldermead
#  - differentiation:   Numerical differentiantion (forward)
#....................................................................................................................................................................................................................................................................................................................................................................................................................................................................................................................................................................................................................
#  Minimum found with precision: |df|/f =  1.00000e-08 and |dx| =  1.00000e-05
#  Elapsed time: 00 days, 00:02:52.3470820
#  iteration            [005879]
#  function evaluations [005881]
#  gradient evaluations [000000]
#  degrees of freedom   [001687]
#  m2lnL     =     1483.13758253437 (     1451.5466  0.00093065159     1.8833653     1.5882879     2.9584879    0.51687018    0.76599675      1.267538     1.9085316     20.701016 )
#  Fit parameters:
#     72.449586662263     -1.90939925894753    -1.71178171985554    -1.51472223730079    -0.369558601069536   -0.154373276409759   -1.16892020866242    -1.09480035668811    -2.08302263447143     0.99360113099902    -4.22787936419148     0.506421918239447   -0.00750769288091428 -19.2915895315886    
#----------------------------------------------------------------------------------
# Restarting:              yes
#  - absolute improvement: 23.3412971569753      
#  - relative improvement: 0.015493942511665     
#  - m2lnL_1  :            1506.47887969135      
#  - m2lnL_2  :            1483.13758253437      
#----------------------------------------------------------------------------------
# Model fitting. Interating using:
#  - solver:            NLOpt:ln-neldermead
#  - differentiation:   Numerical differentiantion (forward)
#.............................................................................................................................................................................................................................................................................................................................................................................................................................................................................................................................................................................................................
#  Minimum found with precision: |df|/f =  1.00000e-08 and |dx| =  1.00000e-05
#  Elapsed time: 00 days, 00:02:37.5785360
#  iteration            [005800]
#  function evaluations [005802]
#  gradient evaluations [000000]
#  degrees of freedom   [001687]
#  m2lnL     =     1480.23448531887 (     1450.6094  0.0058743242     1.4644796     1.0690451     3.2893075    0.73197499    0.74101141     1.2989142     1.7616305     19.262803 )
#  Fit parameters:
#     71.6484374854496    -0.700975195775966   -1.21695331680759    -0.968201751138792   -0.553728024884391   -1.06360410341781    -0.127004209202644   -1.74661594541914    -1.41657425104742     0.938784687915963   -4.32402777973324     0.998287985342978   -0.026010624342937   -19.288358199947     
#----------------------------------------------------------------------------------
# Restarting:              yes
#  - absolute improvement: 2.90309721549852      
#  - relative improvement: 0.00195740250242849   
#  - m2lnL_2  :            1483.13758253437      
#  - m2lnL_3  :            1480.23448531887      
#----------------------------------------------------------------------------------
# Model fitting. Interating using:
#  - solver:            NLOpt:ln-neldermead
#  - differentiation:   Numerical differentiantion (forward)
#......................................................................................................................................................................................................................
#  Minimum found with precision: |df|/f =  1.00000e-08 and |dx| =  1.00000e-05
#  Elapsed time: 00 days, 00:00:57.2647090
#  iteration            [002050]
#  function evaluations [002052]
#  gradient evaluations [000000]
#  degrees of freedom   [001687]
#  m2lnL     =     1480.20158256406 (     1450.6194  0.0052172654     1.4711084       1.07609     3.4586042    0.75145416    0.71002095     1.2886347     1.7493502     19.071694 )
#  Fit parameters:
#     71.6909080902895    -0.757985607218224   -1.24515431769009    -0.937429526694135   -0.465223811370843   -1.26007936908922     0.124485636967744   -1.98814648701121    -1.32776178776536     0.999980007308192   -4.39440730459388     0.995368091119972   -0.0261489594737003  -19.2881689030051    
#----------------------------------------------------------------------------------
# Restarting:              yes
#  - absolute improvement: 0.0329027548173144    
#  - relative improvement: 2.22280693657981e-05  
#  - m2lnL_3  :            1480.23448531887      
#  - m2lnL_4  :            1480.20158256406      
#----------------------------------------------------------------------------------
# Model fitting. Interating using:
#  - solver:            NLOpt:ln-neldermead
#  - differentiation:   Numerical differentiantion (forward)
#..............................................................................
#  Minimum found with precision: |df|/f =  1.00000e-08 and |dx| =  1.00000e-05
#  Elapsed time: 00 days, 00:00:19.4876030
#  iteration            [000693]
#  function evaluations [000695]
#  gradient evaluations [000000]
#  degrees of freedom   [001687]
#  m2lnL     =     1480.19826656545 (     1450.5786   0.005204838     1.4774798     1.0713412     3.4356616    0.73570897    0.70921372     1.2894661     1.7598113     19.135762 )
#  Fit parameters:
#     71.720735379894     -0.782550193016575   -1.25146160516851    -0.94546652033567    -0.465908249203877   -1.25794750069199     0.126799067088945   -1.98418273125127    -1.35146865576177     0.999406863481374   -4.38629281342641     0.999042906947275   -0.0263006484792461  -19.2878959720038    
#----------------------------------------------------------------------------------
# Restarting:              yes
#  - absolute improvement: 0.00331599860760434   
#  - relative improvement: 2.24023446986204e-06  
#  - m2lnL_4  :            1480.20158256406      
#  - m2lnL_5  :            1480.19826656545      
#----------------------------------------------------------------------------------
# Model fitting. Interating using:
#  - solver:            NLOpt:ln-neldermead
#  - differentiation:   Numerical differentiantion (forward)
#........................................
#  Minimum found with precision: |df|/f =  1.00000e-08 and |dx| =  1.00000e-05
#  Elapsed time: 00 days, 00:00:08.9911520
#  iteration            [000317]
#  function evaluations [000319]
#  gradient evaluations [000000]
#  degrees of freedom   [001687]
#  m2lnL     =     1480.19777995673 (      1450.578  0.0052281175     1.4766073     1.0727048     3.4375068    0.73960576    0.70954287     1.2900849     1.7569439     19.131584 )
#  Fit parameters:
#     71.7228118342347    -0.782253324148987   -1.25161712035398    -0.945139798473906   -0.465085694488796   -1.25833571450442     0.127274958784975   -1.98548204025018    -1.34533258854219     0.999895095355873   -4.39613922787559     0.999981763991005   -0.0262779632199143  -19.2878157168076    
#----------------------------------------------------------------------------------
# Restarting:              no
#  - absolute improvement: 0.000486608715618786  
#  - relative improvement: 3.2874563266979e-07   
#  - m2lnL_5  :            1480.19826656545      
#  - m2lnL_6  :            1480.19777995673      
#----------------------------------------------------------------------------------
# Data used:
#   - Pantheon+SH0ES Sample STAT+SYS (2022)
#   - 6dFGRS -- Beutler (2011), BAO Sample R-Dv
#   - SDSS-DR7-lowz -- Ross (2015), Empirical m2lnp
#   - SDSS DR12 (final consensus) -- Ross et al. (2016), arXiv:1607.03145; Alam
#        et al. (2016), arXiv:1607.03155; BAO Sample(D_t / r_sd, DH / r_sd) --
#        DR16 Compatible
#   - SDSS DR16 -- Alam et al., PRD 103, 083533 (2021); BAO LRG Sample(D_t /
#        r_sd, DH / r_sd)
#   - SDSS DR16 -- Alam et al., PRD 103, 083533 (2021); BAO QSO Sample(D_t /
#        r_sd, DH / r_sd)
#   - SDSS DR16 -- Alam et al., PRD 103, 083533 (2021) -- BAO ELG Sample,
#        Empirical m2lnp
#   - SDSS DR16 -- Alam et al., PRD 103, 083533 (2021) -- BAO Lyman alpha
#        autocorrelation Sample, Empirical m2lnp
#   - SDSS DR16 -- Alam et al., PRD 103, 083533 (2021) -- BAO Lyman alpha QSO
#        cross-correlation Sample, Empirical m2lnp
#   - Gomez-Valent 2018 -- arXiv:1802.01505
#----------------------------------------------------------------------------------
# Model[03000]:
#   - NcHICosmo : XCDM - Constant EOS
#----------------------------------------------------------------------------------
# Model parameters
#   -           H0[00]:  71.7228118342347    [FREE]
#   -       Omegac[01]:  0.25                [FIXED]
#   -       Omegak[02]:  0                   [FIXED]
#   -      Tgamma0[03]:  2.7245              [FIXED]
#   -           Yp[04]:  0.24                [FIXED]
#   -         ENnu[05]:  3.046               [FIXED]
#   -       Omegab[06]:  0.05                [FIXED]
#   -          w_0[07]: -0.782253324148987   [FREE]
#   -          w_1[08]: -1.25161712035398    [FREE]
#   -          w_2[09]: -0.945139798473906   [FREE]
#   -          w_3[10]: -0.465085694488796   [FREE]
#   -          w_4[11]: -1.25833571450442    [FREE]
#   -          w_5[12]:  0.127274958784975   [FREE]
#   -          w_6[13]: -1.98548204025018    [FREE]
#   -          w_7[14]: -1.34533258854219    [FREE]
#   -          w_8[15]:  0.999895095355873   [FREE]
#   -          w_9[16]: -4.39613922787559    [FREE]
#   -         w_10[17]:  0.999981763991005   [FREE]
#   -         w_11[18]: -0.0262779632199143  [FREE]
#----------------------------------------------------------------------------------
# Model[14000]:
#   - NcSNIADistCov : Supernovae Ia Distance Covariance
#----------------------------------------------------------------------------------
# Model parameters
#   -        alpha[00]:  0                   [FIXED]
#   -         beta[01]:  0                   [FIXED]
#   -           M1[02]: -19.2878157168076    [FREE]
#   -           M2[03]: -19.25               [FIXED]
#   - lnsigma_pecz[04]: -34.5387763949107    [FIXED]
#   - lnsigma_lens[05]: -34.5387763949107    [FIXED]
#----------------------------------------------------------------------------------
# NcmMSet parameters covariance matrix
#                                                -------------------------------------------------------------------------------------------------------------------------------------------------------------------------------------------------------------------
#   H0[03000:00] =  71.72       +/-  1.546       |  1           | -0.5876      | -nan         | -0.09323     | -0.09469     | -0.09567     |  0.0754      | -0.1091      | -0.09994     |  0.2049      | -0.3603      |  1.153       | -0.3269      |  0.7442      |
#  w_0[03000:07] = -0.7823      +/-  0.9718      | -0.5876      |  1           | -nan         |  0.2604      |  0.2043      |  0.05858     | -0.03772     |  0.06343     |  0.1561      | -0.3732      |  0.6158      | -2.506       |  0.8842      |  0.04201     |
#  w_1[03000:08] = -1.252       +/- -nan         | -nan         | -nan         | -1           | -nan         | -nan         | -nan         | -nan         | -nan         | -nan         | -nan         | -nan         | -nan         | -nan         | -nan         |
#  w_2[03000:09] = -0.9451      +/-  0.442       | -0.09323     |  0.2604      | -nan         |  1           |  0.9376      | -0.8342      |  0.6905      | -0.6309      |  0.3199      | -0.2313      |  0.3357      | -1.577       |  0.6422      |  0.1046      |
#  w_3[03000:10] = -0.4651      +/-  0.6542      | -0.09469     |  0.2043      | -nan         |  0.9376      |  1           | -0.6314      |  0.4281      | -0.4066      |  0.1057      |  0.02275     |  0.03463     |  1.566       | -0.5229      |  0.0644      |
#  w_4[03000:11] = -1.258       +/-  1.748       | -0.09567     |  0.05858     | -nan         | -0.8342      | -0.6314      |  1           | -0.9185      |  0.8109      | -0.3445      |  0.0873      | -0.0463      |  0.3803      | -0.2405      | -0.1138      |
#  w_5[03000:12] =  0.1273      +/-  2.44        |  0.0754      | -0.03772     | -nan         |  0.6905      |  0.4281      | -0.9185      |  1           | -0.9191      |  0.3807      | -0.1124      |  0.08726     | -0.5846      |  0.3224      |  0.1054      |
#  w_6[03000:13] = -1.985       +/-  2.291       | -0.1091      |  0.06343     | -nan         | -0.6309      | -0.4066      |  0.8109      | -0.9191      |  1           | -0.4416      |  0.08796     | -0.04778     |  0.5951      | -0.3284      | -0.1178      |
#  w_7[03000:14] = -1.345       +/-  2.816       | -0.09994     |  0.1561      | -nan         |  0.3199      |  0.1057      | -0.3445      |  0.3807      | -0.4416      |  1           | -0.7362      |  0.2904      | -1.882       |  1.023       |  0.01716     |
#  w_8[03000:15] =  0.9999      +/-  3.103       |  0.2049      | -0.3732      | -nan         | -0.2313      |  0.02275     |  0.0873      | -0.1124      |  0.08796     | -0.7362      |  1           | -0.7347      |  1.511       | -0.9409      | -0.04066     |
#  w_9[03000:16] = -4.396       +/-  4.152       | -0.3603      |  0.6158      | -nan         |  0.3357      |  0.03463     | -0.0463      |  0.08726     | -0.04778     |  0.2904      | -0.7347      |  1           | -0.8458      |  0.3435      |  0.04248     |
# w_10[03000:17] =  1           +/-  0.4016      |  1.153       | -2.506       | -nan         | -1.577       |  1.566       |  0.3803      | -0.5846      |  0.5951      | -1.882       |  1.511       | -0.8458      |  1           | -0.9785      | -0.08305     |
# w_11[03000:18] = -0.02628     +/-  0.05303     | -0.3269      |  0.8842      | -nan         |  0.6422      | -0.5229      | -0.2405      |  0.3224      | -0.3284      |  1.023       | -0.9409      |  0.3435      | -0.9785      |  1           |  0.1354      |
#   M1[14000:02] = -19.29       +/-  0.03599     |  0.7442      |  0.04201     | -nan         |  0.1046      |  0.0644      | -0.1138      |  0.1054      | -0.1178      |  0.01716     | -0.04066     |  0.04248     | -0.08305     |  0.1354      |  1           |
#                                                -------------------------------------------------------------------------------------------------------------------------------------------------------------------------------------------------------------------
