#----------------------------------------------------------------------------------
# Model fitting. Interating using:
#  - solver:            NLOpt:ln-neldermead
#  - differentiation:   Numerical differentiantion (forward)
#....................................................................................................................................................................................................................................
#  Minimum found with precision: |df|/f =  1.00000e-08 and |dx| =  1.00000e-05
#  Elapsed time: 00 days, 00:00:45.6370020
#  iteration            [002195]
#  function evaluations [002197]
#  gradient evaluations [000000]
#  degrees of freedom   [001689]
#  m2lnL     =     1504.21135778097 (     1462.6035    0.21863901     3.6940042     4.4116357     8.3472736     1.7879302     0.8803868     2.1128228     3.6817176     16.473417 )
#  Fit parameters:
#     72.7134366452539    -2.19559674245771    -1.38572446550321    -1.49691799845232    -0.69710620459881    -0.479289640991899   -2.76581217583992     0.065535175095767   -1.39492406419917    -2.18602619404026    -2.3634322785362     -19.3094971004065    
#----------------------------------------------------------------------------------
# Restarting:              yes
#  - absolute improvement: 877.215557548952      
#  - relative improvement: 0.368357118961772     
#  - m2lnL_0  :            2381.42691532993      
#  - m2lnL_1  :            1504.21135778097      
#----------------------------------------------------------------------------------
# Model fitting. Interating using:
#  - solver:            NLOpt:ln-neldermead
#  - differentiation:   Numerical differentiantion (forward)
#............................................................................................................................................................................................................................
#  Minimum found with precision: |df|/f =  1.00000e-08 and |dx| =  1.00000e-05
#  Elapsed time: 00 days, 00:00:57.0780380
#  iteration            [002116]
#  function evaluations [002118]
#  gradient evaluations [000000]
#  degrees of freedom   [001689]
#  m2lnL     =      1498.3218952388 (     1462.7183   0.093482229     3.3657062     2.1806327     4.5567333    0.91792141      0.989644     1.6367008     3.1220729     18.740745 )
#  Fit parameters:
#     73.537024972586     -3.24122339137298    -1.75573782422928    -1.6953771619182     -0.0373440221552779  -1.28843444702449    -1.15236031187044    -1.67062559941045    -1.9640788267527     -3.699564865889      -1.57999380059252    -19.3059801725142    
#----------------------------------------------------------------------------------
# Restarting:              yes
#  - absolute improvement: 5.88946254217399      
#  - relative improvement: 0.00391531583092297   
#  - m2lnL_1  :            1504.21135778097      
#  - m2lnL_2  :            1498.3218952388       
#----------------------------------------------------------------------------------
# Model fitting. Interating using:
#  - solver:            NLOpt:ln-neldermead
#  - differentiation:   Numerical differentiantion (forward)
#................................................................................................................................................................................................................................................................................................
#  Minimum found with precision: |df|/f =  1.00000e-08 and |dx| =  1.00000e-05
#  Elapsed time: 00 days, 00:01:14.6632540
#  iteration            [002795]
#  function evaluations [002797]
#  gradient evaluations [000000]
#  degrees of freedom   [001689]
#  m2lnL     =     1492.41546003901 (     1462.5198   0.001179649     2.2873344     1.1812666     2.9512191     0.4050376    0.92393868     1.1296098     2.1838634     18.832225 )
#  Fit parameters:
#     73.5092189040439    -2.96061757777722    -1.75297167887716    -1.6707683107711     -0.0899957788637855  -1.23004398517519    -0.882485795961176   -1.48662821721245    -1.75818572351984    -4.8868508602508      0.275900954607712   -19.2985483609063    
#----------------------------------------------------------------------------------
# Restarting:              yes
#  - absolute improvement: 5.90643519979017      
#  - relative improvement: 0.0039420335633878    
#  - m2lnL_2  :            1498.3218952388       
#  - m2lnL_3  :            1492.41546003901      
#----------------------------------------------------------------------------------
# Model fitting. Interating using:
#  - solver:            NLOpt:ln-neldermead
#  - differentiation:   Numerical differentiantion (forward)
#....................................................................................................................................................................................................................................................
#  Minimum found with precision: |df|/f =  1.00000e-08 and |dx| =  1.00000e-05
#  Elapsed time: 00 days, 00:00:55.9849480
#  iteration            [002358]
#  function evaluations [002360]
#  gradient evaluations [000000]
#  degrees of freedom   [001689]
#  m2lnL     =     1483.21372539174 (     1451.5053  0.0044200176     1.5826025    0.71187399     2.9339084    0.21761396    0.79446809     1.3103785     1.8847722     22.268406 )
#  Fit parameters:
#     71.7107242699996    -0.590392981886639   -1.05219064472443    -1.11021856527518    -1.03931883541726    -0.173485198942188   -1.4748076039592     -1.78104454515713    -0.0379359003901963  -1.65461180760214     0.117460438185683   -19.2864112045509    
#----------------------------------------------------------------------------------
# Restarting:              yes
#  - absolute improvement: 9.20173464727031      
#  - relative improvement: 0.00616566558954689   
#  - m2lnL_3  :            1492.41546003901      
#  - m2lnL_4  :            1483.21372539174      
#----------------------------------------------------------------------------------
# Model fitting. Interating using:
#  - solver:            NLOpt:ln-neldermead
#  - differentiation:   Numerical differentiantion (forward)
#...........................................................................................................................................................
#  Minimum found with precision: |df|/f =  1.00000e-08 and |dx| =  1.00000e-05
#  Elapsed time: 00 days, 00:00:30.9827490
#  iteration            [001468]
#  function evaluations [001470]
#  gradient evaluations [000000]
#  degrees of freedom   [001689]
#  m2lnL     =     1481.60506724582 (     1451.2836  0.0097731396     1.3846093     1.0262874     3.2373378    0.55520247    0.89218572     1.0462535     1.7670497     20.402751 )
#  Fit parameters:
#     71.3982216343589    -0.363927864269467   -1.09382218792691    -0.974934513805361   -0.727660882636163   -0.540696678965294   -1.3279084159644     -0.646692937160162   -1.33446912330817    -0.966348186176827    0.059423165641949   -19.2883138651141    
#----------------------------------------------------------------------------------
# Restarting:              yes
#  - absolute improvement: 1.60865814592262      
#  - relative improvement: 0.0010845760920246    
#  - m2lnL_4  :            1483.21372539174      
#  - m2lnL_5  :            1481.60506724582      
#----------------------------------------------------------------------------------
# Model fitting. Interating using:
#  - solver:            NLOpt:ln-neldermead
#  - differentiation:   Numerical differentiantion (forward)
#.............................................................................
#  Minimum found with precision: |df|/f =  1.00000e-08 and |dx| =  1.00000e-05
#  Elapsed time: 00 days, 00:00:14.2938240
#  iteration            [000682]
#  function evaluations [000684]
#  gradient evaluations [000000]
#  degrees of freedom   [001689]
#  m2lnL     =     1481.58202766351 (     1451.3397  0.0095708834      1.392044     1.0257345     3.3133151    0.62654085    0.89713326     1.0282449     1.6636448     20.286111 )
#  Fit parameters:
#     71.4164748785062    -0.390277220442928   -1.09543378178796    -0.976477013656207   -0.719034798104908   -0.546647093302829   -1.34526802907839    -0.556098107279362   -1.36013407370725    -1.10798111548853     0.0651532417054263  -19.288498370872     
#----------------------------------------------------------------------------------
# Restarting:              yes
#  - absolute improvement: 0.0230395823029994    
#  - relative improvement: 1.55504208323397e-05  
#  - m2lnL_5  :            1481.60506724582      
#  - m2lnL_6  :            1481.58202766351      
#----------------------------------------------------------------------------------
# Model fitting. Interating using:
#  - solver:            NLOpt:ln-neldermead
#  - differentiation:   Numerical differentiantion (forward)
#...........................................................................................
#  Minimum found with precision: |df|/f =  1.00000e-08 and |dx| =  1.00000e-05
#  Elapsed time: 00 days, 00:00:17.0028010
#  iteration            [000822]
#  function evaluations [000824]
#  gradient evaluations [000000]
#  degrees of freedom   [001689]
#  m2lnL     =     1481.57987291211 (     1451.2834  0.0097572479     1.3840018     1.0319118     3.2868609     0.6021696    0.89542185     1.0395113     1.6688665     20.377937 )
#  Fit parameters:
#     71.4018348364438    -0.372353854897156   -1.09147313161246    -0.968689165785981   -0.718309622027175   -0.554065352285027   -1.33284815379789    -0.604173749836489   -1.30199132068915    -1.12368369298396     0.0670375518916856  -19.2884992781216    
#----------------------------------------------------------------------------------
# Restarting:              yes
#  - absolute improvement: 0.00215475139998489   
#  - relative improvement: 1.45435848960923e-06  
#  - m2lnL_6  :            1481.58202766351      
#  - m2lnL_7  :            1481.57987291211      
#----------------------------------------------------------------------------------
# Model fitting. Interating using:
#  - solver:            NLOpt:ln-neldermead
#  - differentiation:   Numerical differentiantion (forward)
#..............................
#  Minimum found with precision: |df|/f =  1.00000e-08 and |dx| =  1.00000e-05
#  Elapsed time: 00 days, 00:00:04.3301630
#  iteration            [000210]
#  function evaluations [000212]
#  gradient evaluations [000000]
#  degrees of freedom   [001689]
#  m2lnL     =     1481.57986263305 (     1451.2811  0.0097702336     1.3837791     1.0321953      3.286992    0.60231641    0.89541764     1.0395337     1.6688764     20.379871 )
#  Fit parameters:
#     71.4021942854563    -0.372042694886306   -1.09147102332873    -0.968644833759925   -0.718263842172494   -0.554035733148659   -1.33289722819475    -0.603601553551979   -1.30255211547198    -1.12322386819953     0.0670067709748447  -19.2884803449652    
#----------------------------------------------------------------------------------
# Restarting:              no
#  - absolute improvement: 1.02790659184393e-05  
#  - relative improvement: 6.9379087191805e-09   
#  - m2lnL_7  :            1481.57987291211      
#  - m2lnL_8  :            1481.57986263305      
#----------------------------------------------------------------------------------
# Data used:
#   - Pantheon+SH0ES Sample STAT+SYS (2022)
#   - 6dFGRS -- Beutler (2011), BAO Sample R-Dv
#   - SDSS-DR7-lowz -- Ross (2015), Empirical m2lnp
#   - SDSS DR12 (final consensus) -- Ross et al. (2016), arXiv:1607.03145; Alam
#        et al. (2016), arXiv:1607.03155; BAO Sample(D_t / r_sd, DH / r_sd) --
#        DR16 Compatible
#   - SDSS DR16 -- Alam et al., PRD 103, 083533 (2021); BAO LRG Sample(D_t /
#        r_sd, DH / r_sd)
#   - SDSS DR16 -- Alam et al., PRD 103, 083533 (2021); BAO QSO Sample(D_t /
#        r_sd, DH / r_sd)
#   - SDSS DR16 -- Alam et al., PRD 103, 083533 (2021) -- BAO ELG Sample,
#        Empirical m2lnp
#   - SDSS DR16 -- Alam et al., PRD 103, 083533 (2021) -- BAO Lyman alpha
#        autocorrelation Sample, Empirical m2lnp
#   - SDSS DR16 -- Alam et al., PRD 103, 083533 (2021) -- BAO Lyman alpha QSO
#        cross-correlation Sample, Empirical m2lnp
#   - Gomez-Valent 2018 -- arXiv:1802.01505
#----------------------------------------------------------------------------------
# Model[03000]:
#   - NcHICosmo : XCDM - Constant EOS
#----------------------------------------------------------------------------------
# Model parameters
#   -           H0[00]:  71.4021942854563    [FREE]
#   -       Omegac[01]:  0.25                [FIXED]
#   -       Omegak[02]:  0                   [FIXED]
#   -      Tgamma0[03]:  2.7245              [FIXED]
#   -           Yp[04]:  0.24                [FIXED]
#   -         ENnu[05]:  3.046               [FIXED]
#   -       Omegab[06]:  0.05                [FIXED]
#   -          w_0[07]: -0.372042694886306   [FREE]
#   -          w_1[08]: -1.09147102332873    [FREE]
#   -          w_2[09]: -0.968644833759925   [FREE]
#   -          w_3[10]: -0.718263842172494   [FREE]
#   -          w_4[11]: -0.554035733148659   [FREE]
#   -          w_5[12]: -1.33289722819475    [FREE]
#   -          w_6[13]: -0.603601553551979   [FREE]
#   -          w_7[14]: -1.30255211547198    [FREE]
#   -          w_8[15]: -1.12322386819953    [FREE]
#   -          w_9[16]:  0.0670067709748447  [FREE]
#----------------------------------------------------------------------------------
# Model[14000]:
#   - NcSNIADistCov : Supernovae Ia Distance Covariance
#----------------------------------------------------------------------------------
# Model parameters
#   -        alpha[00]:  0                   [FIXED]
#   -         beta[01]:  0                   [FIXED]
#   -           M1[02]: -19.2884803449652    [FREE]
#   -           M2[03]: -19.25               [FIXED]
#   - lnsigma_pecz[04]: -34.5387763949107    [FIXED]
#   - lnsigma_lens[05]: -34.5387763949107    [FIXED]
#----------------------------------------------------------------------------------
# NcmMSet parameters covariance matrix
#                                               -------------------------------------------------------------------------------------------------------------------------------------------------------------------------------------
#  H0[03000:00] =  71.4        +/-  1.162       |  1           | -0.6435      | -0.3782      | -0.4795      |  0.2684      | -0.2071      |  0.05974     | -0.1001      | -0.03517     | -0.1597      |  0.1824      |  0.6622      |
# w_0[03000:07] = -0.372       +/-  0.9849      | -0.6435      |  1           |  0.7257      |  0.8067      | -0.566       |  0.4017      | -0.2104      |  0.1297      |  0.01742     |  0.2626      | -0.2569      |  0.0881      |
# w_1[03000:08] = -1.091       +/-  0.3383      | -0.3782      |  0.7257      |  1           |  0.737       | -0.8674      |  0.5719      | -0.3405      |  0.1752      | -0.04592     |  0.1691      | -0.2102      |  0.08198     |
# w_2[03000:09] = -0.9686      +/-  0.2872      | -0.4795      |  0.8067      |  0.737       |  1           | -0.3449      |  0.04713     | -0.007032    |  0.0027      |  0.08634     |  0.2159      | -0.1591      |  0.06551     |
# w_3[03000:10] = -0.7183      +/-  0.6164      |  0.2684      | -0.566       | -0.8674      | -0.3449      |  1           | -0.7753      |  0.4251      | -0.2322      |  0.1131      | -0.09478     |  0.1866      | -0.0815      |
# w_4[03000:11] = -0.554       +/-  0.6611      | -0.2071      |  0.4017      |  0.5719      |  0.04713     | -0.7753      |  1           | -0.7188      |  0.2935      | -0.1395      |  0.1177      | -0.2315      |  0.04869     |
# w_5[03000:12] = -1.333       +/-  0.7558      |  0.05974     | -0.2104      | -0.3405      | -0.007032    |  0.4251      | -0.7188      |  1           | -0.4745      |  0.2265      | -0.0805      |  0.2649      | -0.07156     |
# w_6[03000:13] = -0.6036      +/-  1.504       | -0.1001      |  0.1297      |  0.1752      |  0.0027      | -0.2322      |  0.2935      | -0.4745      |  1           | -0.8334      |  0.1115      | -0.5182      | -0.02093     |
# w_7[03000:14] = -1.303       +/-  1.642       | -0.03517     |  0.01742     | -0.04592     |  0.08634     |  0.1131      | -0.1395      |  0.2265      | -0.8334      |  1           | -0.3647      |  0.6375      | -0.01518     |
# w_8[03000:15] = -1.123       +/-  1.187       | -0.1597      |  0.2626      |  0.1691      |  0.2159      | -0.09478     |  0.1177      | -0.0805      |  0.1115      | -0.3647      |  1           | -0.8978      |  0.0747      |
# w_9[03000:16] =  0.06701     +/-  0.07313     |  0.1824      | -0.2569      | -0.2102      | -0.1591      |  0.1866      | -0.2315      |  0.2649      | -0.5182      |  0.6375      | -0.8978      |  1           | -0.02236     |
#  M1[14000:02] = -19.29       +/-  0.02536     |  0.6622      |  0.0881      |  0.08198     |  0.06551     | -0.0815      |  0.04869     | -0.07156     | -0.02093     | -0.01518     |  0.0747      | -0.02236     |  1           |
#                                               -------------------------------------------------------------------------------------------------------------------------------------------------------------------------------------
