#----------------------------------------------------------------------------------
# Model fitting. Interating using:
#  - solver:            NLOpt:ln-neldermead
#  - differentiation:   Numerical differentiantion (forward)
#.............................................................................................................................................................................................
#  Minimum found with precision: |df|/f =  1.00000e-08 and |dx| =  1.00000e-05
#  Elapsed time: 00 days, 00:00:35.5882470
#  iteration            [001805]
#  function evaluations [001807]
#  gradient evaluations [000000]
#  degrees of freedom   [001688]
#  m2lnL     =     1509.51970246385 (     1463.1862    0.54540304     4.3182384     8.3763029     7.5930724     1.8704875    0.99749898     2.7227325     4.3831717     15.526624 )
#  Fit parameters:
#     72.0077434865585    -1.53364004980955    -1.51183098452373    -1.22711853664427    -0.280574539997089   -1.09968888544809    -1.81704647320628    -0.916118951139464   -0.484857153028585   -2.95564095778487    -0.0941476003683656  -1.29434682255921    -19.3127254722142    
#----------------------------------------------------------------------------------
# Restarting:              yes
#  - absolute improvement: 871.907212866081      
#  - relative improvement: 0.366128058456619     
#  - m2lnL_0  :            2381.42691532993      
#  - m2lnL_1  :            1509.51970246385      
#----------------------------------------------------------------------------------
# Model fitting. Interating using:
#  - solver:            NLOpt:ln-neldermead
#  - differentiation:   Numerical differentiantion (forward)
#.........................................................................................................................................................................................................................................................................................................................................................................
#  Minimum found with precision: |df|/f =  1.00000e-08 and |dx| =  1.00000e-05
#  Elapsed time: 00 days, 00:01:37.3128350
#  iteration            [003521]
#  function evaluations [003523]
#  gradient evaluations [000000]
#  degrees of freedom   [001688]
#  m2lnL     =     1483.18795090037 (     1452.9895  0.0017829558     1.8620275     1.5762618     3.1814548    0.82440027    0.77724828     1.3557506     1.5796918      19.03979 )
#  Fit parameters:
#     72.3813800277661    -2.07425036959577    -1.65881343758753    -1.37702827514568    -0.0837676568844293  -0.857391097685042   -0.739074626016779   -2.15565614010251     0.707679747545226   -3.15772985954658    -4.49289704938397     0.231681207983298   -19.2995865665196    
#----------------------------------------------------------------------------------
# Restarting:              yes
#  - absolute improvement: 26.331751563479       
#  - relative improvement: 0.017443794552996     
#  - m2lnL_1  :            1509.51970246385      
#  - m2lnL_2  :            1483.18795090037      
#----------------------------------------------------------------------------------
# Model fitting. Interating using:
#  - solver:            NLOpt:ln-neldermead
#  - differentiation:   Numerical differentiantion (forward)
#.................................................................................................................................................................................................................................................................................................................................................................................................................................................................................
#  Minimum found with precision: |df|/f =  1.00000e-08 and |dx| =  1.00000e-05
#  Elapsed time: 00 days, 00:02:01.2327440
#  iteration            [004569]
#  function evaluations [004571]
#  gradient evaluations [000000]
#  degrees of freedom   [001688]
#  m2lnL     =     1480.20821935062 (     1450.3891  0.0092312413     1.3963249     1.1881501      3.113546    0.63354836    0.70397082     1.2150384      1.895555     19.663786 )
#  Fit parameters:
#     71.5118563353606    -0.482966863563688   -1.15684791564681    -0.977436182647921   -0.640784912808444   -0.762945744047518   -0.529516400374196   -2.32177754801333     0.935096570626938   -3.1978898204689      0.161005558579023   -0.00972573703081977 -19.2872169194913    
#----------------------------------------------------------------------------------
# Restarting:              yes
#  - absolute improvement: 2.97973154974306      
#  - relative improvement: 0.00200900469015692   
#  - m2lnL_2  :            1483.18795090037      
#  - m2lnL_3  :            1480.20821935062      
#----------------------------------------------------------------------------------
# Model fitting. Interating using:
#  - solver:            NLOpt:ln-neldermead
#  - differentiation:   Numerical differentiantion (forward)
#..............................................................................
#  Minimum found with precision: |df|/f =  1.00000e-08 and |dx| =  1.00000e-05
#  Elapsed time: 00 days, 00:00:18.1318200
#  iteration            [000693]
#  function evaluations [000695]
#  gradient evaluations [000000]
#  degrees of freedom   [001688]
#  m2lnL     =     1480.15950913277 (      1450.422   0.011085903     1.3735569     1.2016336     3.0924879    0.61384261    0.68828146     1.2180069     1.8994934      19.63917 )
#  Fit parameters:
#     71.5061089595626    -0.506883770577572   -1.15710303260063    -0.980019930793664   -0.642489833708189   -0.76021598810531    -0.504828141197503   -2.39801021993983     1                   -3.19123059952545     0.138105673753078   -0.00989204598006067 -19.2880450695919    
#----------------------------------------------------------------------------------
# Restarting:              yes
#  - absolute improvement: 0.0487102178562964    
#  - relative improvement: 3.29076796220371e-05  
#  - m2lnL_3  :            1480.20821935062      
#  - m2lnL_4  :            1480.15950913277      
#----------------------------------------------------------------------------------
# Model fitting. Interating using:
#  - solver:            NLOpt:ln-neldermead
#  - differentiation:   Numerical differentiantion (forward)
#....................................
#  Minimum found with precision: |df|/f =  1.00000e-08 and |dx| =  1.00000e-05
#  Elapsed time: 00 days, 00:00:07.3103820
#  iteration            [000278]
#  function evaluations [000280]
#  gradient evaluations [000000]
#  degrees of freedom   [001688]
#  m2lnL     =      1480.1594048546 (     1450.4161   0.011156745     1.3720454     1.2041721     3.0906932    0.61393099    0.68828794     1.2209214     1.8989885     19.643086 )
#  Fit parameters:
#     71.5096308243833    -0.506472331527537   -1.15726793225174    -0.979853320829928   -0.641959491592166   -0.760039429843546   -0.505319567865913   -2.39646871747078     0.999999525804772   -3.19656297389889     0.138813159320161   -0.00984855977924912 -19.2879466318724    
#----------------------------------------------------------------------------------
# Restarting:              no
#  - absolute improvement: 0.000104278169374084  
#  - relative improvement: 7.04506296319244e-08  
#  - m2lnL_4  :            1480.15950913277      
#  - m2lnL_5  :            1480.1594048546       
#----------------------------------------------------------------------------------
# Data used:
#   - Pantheon+SH0ES Sample STAT+SYS (2022)
#   - 6dFGRS -- Beutler (2011), BAO Sample R-Dv
#   - SDSS-DR7-lowz -- Ross (2015), Empirical m2lnp
#   - SDSS DR12 (final consensus) -- Ross et al. (2016), arXiv:1607.03145; Alam
#        et al. (2016), arXiv:1607.03155; BAO Sample(D_t / r_sd, DH / r_sd) --
#        DR16 Compatible
#   - SDSS DR16 -- Alam et al., PRD 103, 083533 (2021); BAO LRG Sample(D_t /
#        r_sd, DH / r_sd)
#   - SDSS DR16 -- Alam et al., PRD 103, 083533 (2021); BAO QSO Sample(D_t /
#        r_sd, DH / r_sd)
#   - SDSS DR16 -- Alam et al., PRD 103, 083533 (2021) -- BAO ELG Sample,
#        Empirical m2lnp
#   - SDSS DR16 -- Alam et al., PRD 103, 083533 (2021) -- BAO Lyman alpha
#        autocorrelation Sample, Empirical m2lnp
#   - SDSS DR16 -- Alam et al., PRD 103, 083533 (2021) -- BAO Lyman alpha QSO
#        cross-correlation Sample, Empirical m2lnp
#   - Gomez-Valent 2018 -- arXiv:1802.01505
#----------------------------------------------------------------------------------
# Model[03000]:
#   - NcHICosmo : XCDM - Constant EOS
#----------------------------------------------------------------------------------
# Model parameters
#   -           H0[00]:  71.5096308243833    [FREE]
#   -       Omegac[01]:  0.25                [FIXED]
#   -       Omegak[02]:  0                   [FIXED]
#   -      Tgamma0[03]:  2.7245              [FIXED]
#   -           Yp[04]:  0.24                [FIXED]
#   -         ENnu[05]:  3.046               [FIXED]
#   -       Omegab[06]:  0.05                [FIXED]
#   -          w_0[07]: -0.506472331527537   [FREE]
#   -          w_1[08]: -1.15726793225174    [FREE]
#   -          w_2[09]: -0.979853320829928   [FREE]
#   -          w_3[10]: -0.641959491592166   [FREE]
#   -          w_4[11]: -0.760039429843546   [FREE]
#   -          w_5[12]: -0.505319567865913   [FREE]
#   -          w_6[13]: -2.39646871747078    [FREE]
#   -          w_7[14]:  0.999999525804772   [FREE]
#   -          w_8[15]: -3.19656297389889    [FREE]
#   -          w_9[16]:  0.138813159320161   [FREE]
#   -         w_10[17]: -0.00984855977924912 [FREE]
#----------------------------------------------------------------------------------
# Model[14000]:
#   - NcSNIADistCov : Supernovae Ia Distance Covariance
#----------------------------------------------------------------------------------
# Model parameters
#   -        alpha[00]:  0                   [FIXED]
#   -         beta[01]:  0                   [FIXED]
#   -           M1[02]: -19.2879466318724    [FREE]
#   -           M2[03]: -19.25               [FIXED]
#   - lnsigma_pecz[04]: -34.5387763949107    [FIXED]
#   - lnsigma_lens[05]: -34.5387763949107    [FIXED]
#----------------------------------------------------------------------------------
# NcmMSet parameters covariance matrix
#                                                ----------------------------------------------------------------------------------------------------------------------------------------------------------------------------------------------------
#   H0[03000:00] =  71.51       +/-  1.201       |  1           | -0.6716      | -0.4403      | -0.4944      |  0.2875      | -0.1185      | -0.04539     | -0.01477     | -0.0623      |  0.01913     | -0.1309      |  0.1268      |  0.6403      |
#  w_0[03000:07] = -0.5065      +/-  1.072       | -0.6716      |  1           |  0.7719      |  0.7968      | -0.548       |  0.1829      |  0.06914     | -0.0243      |  0.08915     | -0.04926     |  0.2138      | -0.1863      |  0.0813      |
#  w_1[03000:08] = -1.157       +/-  0.3829      | -0.4403      |  0.7719      |  1           |  0.7465      | -0.8271      |  0.2531      |  0.06369     | -0.02964     |  0.0863      | -0.07064     |  0.183       | -0.1626      |  0.07053     |
#  w_2[03000:09] = -0.9799      +/-  0.306       | -0.4944      |  0.7968      |  0.7465      |  1           | -0.2738      | -0.2329      |  0.2264      | -0.1714      |  0.1983      | -0.1466      |  0.287       | -0.2713      |  0.07022     |
#  w_3[03000:10] = -0.642       +/-  0.6103      |  0.2875      | -0.548       | -0.8271      | -0.2738      |  1           | -0.5105      | -0.02118     | -0.009993    | -0.04451     |  0.05007     | -0.0959      |  0.08718     | -0.05725     |
#  w_4[03000:11] = -0.76        +/-  0.5482      | -0.1185      |  0.1829      |  0.2531      | -0.2329      | -0.5105      |  1           | -0.5861      |  0.4095      | -0.3471      |  0.2983      | -0.2479      |  0.2879      | -0.01112     |
#  w_5[03000:12] = -0.5053      +/-  0.9041      | -0.04539     |  0.06914     |  0.06369     |  0.2264      | -0.02118     | -0.5861      |  1           | -0.8477      |  0.6961      | -0.5744      |  0.5512      | -0.6155      |  0.01808     |
#  w_6[03000:13] = -2.396       +/-  2.179       | -0.01477     | -0.0243      | -0.02964     | -0.1714      | -0.009993    |  0.4095      | -0.8477      |  1           | -0.838       |  0.6654      | -0.6259      |  0.7075      | -0.047       |
#  w_7[03000:14] =  1           +/-  3.334       | -0.0623      |  0.08915     |  0.0863      |  0.1983      | -0.04451     | -0.3471      |  0.6961      | -0.838       |  1           | -0.9276      |  0.7952      | -0.8858      |  0.01116     |
#  w_8[03000:15] = -3.197       +/-  4.166       |  0.01913     | -0.04926     | -0.07064     | -0.1466      |  0.05007     |  0.2983      | -0.5744      |  0.6654      | -0.9276      |  1           | -0.8804      |  0.921       | -0.02127     |
#  w_9[03000:16] =  0.1388      +/-  2.823       | -0.1309      |  0.2138      |  0.183       |  0.287       | -0.0959      | -0.2479      |  0.5512      | -0.6259      |  0.7952      | -0.8804      |  1           | -0.9827      |  0.05419     |
# w_10[03000:17] = -0.009849    +/-  0.1725      |  0.1268      | -0.1863      | -0.1626      | -0.2713      |  0.08718     |  0.2879      | -0.6155      |  0.7075      | -0.8858      |  0.921       | -0.9827      |  1           | -0.02862     |
#   M1[14000:02] = -19.29       +/-  0.02533     |  0.6403      |  0.0813      |  0.07053     |  0.07022     | -0.05725     | -0.01112     |  0.01808     | -0.047       |  0.01116     | -0.02127     |  0.05419     | -0.02862     |  1           |
#                                                ----------------------------------------------------------------------------------------------------------------------------------------------------------------------------------------------------
